<?xml version="1.0" encoding="UTF-8" ?>
<testsuite tests="74" failures="68" name="unit4cases.EvoMaster_others_Test" time="10.313" errors="0" skipped="0">
  <properties>
    <property name="java.runtime.name" value="OpenJDK Runtime Environment"/>
    <property name="java.vm.version" value="21.0.6+7-Ubuntu-122.04.1"/>
    <property name="sun.boot.library.path" value="/usr/lib/jvm/java-21-openjdk-amd64/lib"/>
    <property name="maven.multiModuleProjectDirectory" value="/home/gaian/Desktop/Naveen/Mobius/EvomasterTestExecution"/>
    <property name="java.vm.vendor" value="Ubuntu"/>
    <property name="java.vendor.url" value="https://ubuntu.com/"/>
    <property name="guice.disable.misplaced.annotation.check" value="true"/>
    <property name="path.separator" value=":"/>
    <property name="java.vm.name" value="OpenJDK 64-Bit Server VM"/>
    <property name="user.country" value="IN"/>
    <property name="sun.java.launcher" value="SUN_STANDARD"/>
    <property name="java.vm.specification.name" value="Java Virtual Machine Specification"/>
    <property name="user.dir" value="/home/gaian/Desktop/Naveen/Mobius/EvomasterTestExecution"/>
    <property name="java.vm.compressedOopsMode" value="Zero based"/>
    <property name="java.runtime.version" value="21.0.6+7-Ubuntu-122.04.1"/>
    <property name="os.arch" value="amd64"/>
    <property name="java.io.tmpdir" value="/tmp"/>
    <property name="line.separator" value="
"/>
    <property name="java.vm.specification.vendor" value="Oracle Corporation"/>
    <property name="stderr.encoding" value="UTF-8"/>
    <property name="os.name" value="Linux"/>
    <property name="classworlds.conf" value="/usr/share/maven/bin/m2.conf"/>
    <property name="sun.jnu.encoding" value="UTF-8"/>
    <property name="stdout.encoding" value="UTF-8"/>
    <property name="java.library.path" value="/usr/java/packages/lib:/usr/lib/x86_64-linux-gnu/jni:/lib/x86_64-linux-gnu:/usr/lib/x86_64-linux-gnu:/usr/lib/jni:/lib:/usr/lib"/>
    <property name="maven.conf" value="/usr/share/maven/conf"/>
    <property name="jdk.debug" value="release"/>
    <property name="java.class.version" value="65.0"/>
    <property name="java.specification.name" value="Java Platform API Specification"/>
    <property name="sun.management.compiler" value="HotSpot 64-Bit Tiered Compilers"/>
    <property name="os.version" value="6.8.0-52-generic"/>
    <property name="library.jansi.path" value="/usr/share/maven/lib/jansi-native"/>
    <property name="user.home" value="/home/gaian"/>
    <property name="user.timezone" value="Asia/Kolkata"/>
    <property name="file.encoding" value="UTF-8"/>
    <property name="java.specification.version" value="21"/>
    <property name="user.name" value="gaian"/>
    <property name="java.class.path" value="/usr/share/maven/boot/plexus-classworlds-2.x.jar"/>
    <property name="java.vm.specification.version" value="21"/>
    <property name="sun.arch.data.model" value="64"/>
    <property name="sun.java.command" value="org.codehaus.plexus.classworlds.launcher.Launcher clean install"/>
    <property name="java.home" value="/usr/lib/jvm/java-21-openjdk-amd64"/>
    <property name="user.language" value="en"/>
    <property name="java.specification.vendor" value="Oracle Corporation"/>
    <property name="java.vm.info" value="mixed mode, sharing"/>
    <property name="java.version" value="21.0.6"/>
    <property name="native.encoding" value="UTF-8"/>
    <property name="java.vendor" value="Ubuntu"/>
    <property name="maven.home" value="/usr/share/maven"/>
    <property name="file.separator" value="/"/>
    <property name="java.version.date" value="2025-01-21"/>
    <property name="java.vendor.url.bug" value="https://bugs.launchpad.net/ubuntu/+source/openjdk-21"/>
    <property name="sun.io.unicode.encoding" value="UnicodeLittle"/>
    <property name="sun.cpu.endian" value="little"/>
  </properties>
  <testcase classname="unit4cases.EvoMaster_others_Test" name="test_10" time="0.075">
    <failure message="1 expectation failed.
Expected content-type &quot;application/json&quot; doesn&apos;t match actual content-type &quot;text/plain&quot;.
" type="java.lang.AssertionError">java.lang.AssertionError: 1 expectation failed.
Expected content-type &quot;application/json&quot; doesn&apos;t match actual content-type &quot;text/plain&quot;.

	at java.base/jdk.internal.reflect.DirectConstructorHandleAccessor.newInstance(DirectConstructorHandleAccessor.java:62)
	at java.base/java.lang.reflect.Constructor.newInstanceWithCaller(Constructor.java:502)
	at java.base/java.lang.reflect.Constructor.newInstance(Constructor.java:486)
	at org.codehaus.groovy.reflection.CachedConstructor.invoke(CachedConstructor.java:73)
	at org.codehaus.groovy.runtime.callsite.ConstructorSite$ConstructorSiteNoUnwrapNoCoerce.callConstructor(ConstructorSite.java:108)
	at org.codehaus.groovy.runtime.callsite.AbstractCallSite.callConstructor(AbstractCallSite.java:277)
	at io.restassured.internal.ResponseSpecificationImpl$HamcrestAssertionClosure.validate(ResponseSpecificationImpl.groovy:512)
	at io.restassured.internal.ResponseSpecificationImpl$HamcrestAssertionClosure$validate$1.call(Unknown Source)
	at io.restassured.internal.ResponseSpecificationImpl.validateResponseIfRequired(ResponseSpecificationImpl.groovy:696)
	at io.restassured.internal.ResponseSpecificationImpl.this$2$validateResponseIfRequired(ResponseSpecificationImpl.groovy)
	at java.base/jdk.internal.reflect.DirectMethodHandleAccessor.invoke(DirectMethodHandleAccessor.java:103)
	at java.base/java.lang.reflect.Method.invoke(Method.java:580)
	at org.codehaus.groovy.runtime.callsite.PlainObjectMetaMethodSite.doInvoke(PlainObjectMetaMethodSite.java:43)
	at org.codehaus.groovy.runtime.callsite.PogoMetaMethodSite$PogoCachedMethodSiteNoUnwrapNoCoerce.invoke(PogoMetaMethodSite.java:198)
	at org.codehaus.groovy.runtime.callsite.PogoMetaMethodSite.callCurrent(PogoMetaMethodSite.java:62)
	at org.codehaus.groovy.runtime.callsite.CallSiteArray.defaultCallCurrent(CallSiteArray.java:49)
	at org.codehaus.groovy.runtime.callsite.AbstractCallSite.callCurrent(AbstractCallSite.java:171)
	at org.codehaus.groovy.runtime.callsite.AbstractCallSite.callCurrent(AbstractCallSite.java:185)
	at io.restassured.internal.ResponseSpecificationImpl.contentType(ResponseSpecificationImpl.groovy:443)
	at io.restassured.internal.ValidatableResponseOptionsImpl.contentType(ValidatableResponseOptionsImpl.java:226)
	at unit4cases.EvoMaster_others_Test.test_10(EvoMaster_others_Test.java:373)
	at java.base/jdk.internal.reflect.DirectMethodHandleAccessor.invoke(DirectMethodHandleAccessor.java:103)
	at java.base/java.lang.reflect.Method.invoke(Method.java:580)
	at org.junit.runners.model.FrameworkMethod$1.runReflectiveCall(FrameworkMethod.java:59)
	at org.junit.internal.runners.model.ReflectiveCallable.run(ReflectiveCallable.java:12)
	at org.junit.runners.model.FrameworkMethod.invokeExplosively(FrameworkMethod.java:56)
	at org.junit.internal.runners.statements.InvokeMethod.evaluate(InvokeMethod.java:17)
	at org.junit.internal.runners.statements.FailOnTimeout$CallableStatement.call(FailOnTimeout.java:299)
	at org.junit.internal.runners.statements.FailOnTimeout$CallableStatement.call(FailOnTimeout.java:293)
	at java.base/java.util.concurrent.FutureTask.run(FutureTask.java:317)
	at java.base/java.lang.Thread.run(Thread.java:1583)
</failure>
    <system-out>Request method:	GET
Request URI:	https://ig.aidtaas.com/mobius-payment-service/v1.0/wallets/Q5yDTp/verify-existence
Proxy:			&lt;none&gt;
Request params:	&lt;none&gt;
Query params:	&lt;none&gt;
Form params:	&lt;none&gt;
Path params:	&lt;none&gt;
Headers:		Accept=application/json
				Authorization=Bearer  eyJhbGciOiJSUzI1NiIsInR5cCIgOiAiSldUIiwia2lkIiA6ICI3Ny1NUVdFRTNHZE5adGlsWU5IYmpsa2dVSkpaWUJWVmN1UmFZdHl5ejFjIn0.eyJleHAiOjE3NDAwODgxMjAsImlhdCI6MTc0MDA1MjEyMCwianRpIjoiYjc4MDZhYTYtZWE3MS00NWJkLWI5ODMtOWU3MDE4OTc4NTYzIiwiaXNzIjoiaHR0cDovL2tleWNsb2FrLXNlcnZpY2Uua2V5Y2xvYWsuc3ZjLmNsdXN0ZXIubG9jYWw6ODA4MC9yZWFsbXMvbWFzdGVyIiwiYXVkIjpbIkJPTFRaTUFOTl9CT1RfbW9iaXVzIiwiUEFTQ0FMX0lOVEVMTElHRU5DRV9tb2JpdXMiLCJNT05FVF9tb2JpdXMiLCJWSU5DSV9tb2JpdXMiLCJhY2NvdW50Il0sInN1YiI6IjJjZjc2ZTVmLTI2YWQtNGYyYy1iY2NjLWY0YmMxZTdiZmI2NCIsInR5cCI6IkJlYXJlciIsImF6cCI6IkhPTEFDUkFDWV9tb2JpdXMiLCJzaWQiOiJmNjcwYzZjMi03OWYzLTQ2YzctOTE5Yy1hNTNhYmRiNTgwNDMiLCJhY3IiOiIxIiwiYWxsb3dlZC1vcmlnaW5zIjpbIi8qIl0sInJlYWxtX2FjY2VzcyI6eyJyb2xlcyI6WyJkZWZhdWx0LXJvbGVzLW1hc3RlciIsIkhDWV9URU5BTlRfQ1VTVE9NIiwib2ZmbGluZV9hY2Nlc3MiLCJCT0JfVEVOQU5UX0NVU1RPTSIsInVtYV9hdXRob3JpemF0aW9uIiwiUElfVEVOQU5UX0NVU1RPTSIsIk1PTkVUX1RFTkFOVF9DVVNUT00iXX0sInJlc291cmNlX2FjY2VzcyI6eyJCT0xUWk1BTk5fQk9UX21vYml1cyI6eyJyb2xlcyI6WyJURU5BTlRfV09SS0ZMT1dfU1VTUEVORF9QUk9DRVNTX0RFRklOSVRJT04iLCJURU5BTlRfV09SS0ZMT1dfU1VTUEVORF9JTlNUQU5DRSIsIlRFTkFOVF9XT1JLRkxPV19SRVRSSUVWRV9BTEwiLCJURU5BTlRfV09SS0ZMT1dfQUNUSVZBVEVfSU5TVEFOQ0UiLCJURU5BTlRfV09SS0ZMT1dfRVhFQ1VURSIsIlRFTkFOVF9XT1JLRkxPV19SRVRSSUVWRV9IT01FIiwiVEVOQU5UX1dPUktGTE9XX1JFVFJJRVZFX1NVU1BFTkRFRF9QUk9DRVNTX0RFRlMiLCJURU5BTlRfV09SS0ZMT1dfQUNUSVZBVEVfUlVOX0pPQiIsIlRFTkFOVF9XT1JLRkxPV19TVEFUVVMiLCJURU5BTlRfV09SS0ZMT1dfQ1JFQVRFIiwiVEVOQU5UX1dPUktGTE9XX0FDVElWSVRZX0RBVEFfQ09VTlQiLCJCT0xUWk1BTk5fQk9UX1VTRVIiLCJURU5BTlRfV09SS0ZMT1dfREVQTE9ZX1ZFUlNJT04iLCJURU5BTlRfV09SS0ZMT1dfSU1QT1JUIiwiVEVOQU5UX1dPUktGTE9XX1VQREFURSIsIlRFTkFOVF9XT1JLRkxPV19ERVBMT1kiLCJURU5BTlRfV09SS0ZMT1dfU1VTUEVORF9SVU5fSk9CIiwiVEVOQU5UX1dPUktGTE9XX1JFVFJJRVZFIiwiVEVOQU5UX1dPUktGTE9XX0RFTEVURSIsIlRFTkFOVF9XT1JLRkxPV19UUklHR0VSX01FU1NBR0VfTElTVEVORVIiXX0sIkhPTEFDUkFDWV9tb2JpdXMiOnsicm9sZXMiOlsiVEVOQU5UX1BST0RVQ1RfUkVUUklFVkVfTUFTVEVSX0NPTkZJRyIsIlRFTkFOVF9JTlZJVEFUSU9OX1JFU1BPTkQiLCJURU5BTlRfTkVHT1RJQVRJT05fQVBQUk9WQUxfQlVZRVIiLCJURU5BTlRfSU5WSVRBVElPTl9SRVRSSUVWRSIsIlRFTkFOVF9PUkdBTklaQVRJT05fQ1JFQVRFIiwiVEVOQU5UX0NSRUFURV9URU5BTlQiLCJURU5BTlRfU1VCX0FMTElBTkNFX1JFVFJJRVZFIiwiVEVOQU5UX1BMQVRGT1JNX0NSRUFURSIsIkhPTEFDUkFDWV9VU0VSIiwiVEVOQU5UX1JBVEVDQVJEX0NSRUFURSIsIlRFTkFOVF9QTEFURk9STV9SRVRSSUVWRSIsIlRFTkFOVF9SRVRSSUVWRV9CWV9CVVlFUl9QTEFURk9STSIsIlRFTkFOVF9TVUJfQUxMSUFOQ0VfUkVUUklFVkVfQUxMIiwiVEVOQU5UX1BST0RVQ1RfUkVUUklFVkUiLCJURU5BTlRfQUNDT1VOVF9ERUxFVEUiLCJURU5BTlRfQUxMSUFOQ0VfUkVUUklFVkUiLCJURU5BTlRfUExBVEZPUk1fVVBEQVRFIiwiVEVOQU5UX0lOVklUQVRJT05fQ1JFQVRFIiwiVEVOQU5UX1JBVEVDQVJEX1JFVFJJRVZFIiwiVEVOQU5UX09SR0FOSVpBVElPTl9VUERBVEUiLCJURU5BTlRfUkFURUNBUkRfVVBEQVRFIiwiVEVOQU5UX09SR0FOSVpBVElPTl9ERUxFVEUiLCJURU5BTlRfUExBVEZPUk1fREVMRVRFIiwiVEVOQU5UX1BST0RVQ1RfQ1JFQVRFIiwiVEVOQU5UX1NVQl9BTExJQU5DRV9DUkVBVEUiLCJURU5BTlRfUkFURUNBUkRfREVMRVRFIiwiVEVOQU5UX0FDQ09VTlRfQ1JFQVRFIiwiVEVOQU5UX0lOVklUQVRJT05fVVBEQVRFIiwiVEVOQU5UX1JFVFJJRVZFX1RFTkFOVCIsIlRFTkFOVF9JTlZJVEFUSU9OX0RFTEVURSIsIlRFTkFOVF9ORUdPVElBVElPTl9BUFBST1ZBTF9TVVBFUl9BRE1JTiIsIlRFTkFOVF9ORUdPVElBVElPTl9SRVRSSUVWRV9BTExfQkVUV0VFTl9CVVlFUl9TRUxMRVIiLCJURU5BTlRfUkVUUklFVkVfVEVOQU5UX0FMTCIsIlRFTkFOVF9ORUdPVElBVElPTl9DUkVBVEUiLCJURU5BTlRfVVBEQVRFX1RFTkFOVCIsIlRFTkFOVF9PUkdBTklaQVRJT05fUkVUUklFVkUiLCJURU5BTlRfQUNDT1VOVF9VUERBVEUiLCJURU5BTlRfUFJPRFVDVF9ERUxFVEUiLCJURU5BTlRfU1VCX0FMTElBTkNFX0RFTEVURSIsIlRFTkFOVF9ORUdPVElBVElPTl9BUFBST1ZBTF9TRUxMRVIiLCJURU5BTlRfU1VCX0FMTElBTkNFX1VQREFURSIsIlRFTkFOVF9QUk9EVUNUX1VQREFURSIsIlRFTkFOVF9BQ0NPVU5UX1JFVFJJRVZFIiwiVEVOQU5UX05FR09USUFUSU9OX1JFVFJJRVZFIiwiVEVOQU5UX0RFTEVURV9URU5BTlQiXX0sIlBBU0NBTF9JTlRFTExJR0VOQ0VfbW9iaXVzIjp7InJvbGVzIjpbIlRFTkFOVF9DT05URVhUX0RFTEVURSIsIlRFTkFOVF9DT05URVhUX1VQREFURSIsIlRFTkFOVF9CSUdRVUVSWV9SRVRSSUVWRSIsIlRFTkFOVF9CSUdRVUVSWV9VUERBVEUiLCJURU5BTlRfVU5JVkVSU0VfQ1JFQVRFIiwiVEVOQU5UX0NPSE9SVFNfUkVUUklFVkUiLCJURU5BTlRfQklHUVVFUllfQ1JFQVRFIiwiVEVOQU5UX0JJR1FVRVJZX0VWQUxVQVRFIiwiVEVOQU5UX0NPSE9SVFNfVVBEQVRFIiwiVEVOQU5UX0NPTlRFWFRfUkVUUklFVkUiLCJURU5BTlRfVU5JVkVSU0VfUkVUUklFVkUiLCJURU5BTlRfQ09IT1JUU19FVkFMVUFURSIsIlRFTkFOVF9CSUdRVUVSWV9ERUxFVEUiLCJURU5BTlRfU0NIRU1BX0NSRUFURSIsIlBBU0NBTF9JTlRFTExJR0VOQ0VfVVNFUiIsIlRFTkFOVF9DT0hPUlRTX0NSRUFURSIsIlRFTkFOVF9TQ0hFTUFfVVBEQVRFIiwiVEVOQU5UX0NPTlRFWFRfQVBQUk9WRSIsIlRFTkFOVF9VTklWRVJTRV9VUERBVEUiLCJURU5BTlRfQklHUVVFUllfQVBQUk9WRSIsIlRFTkFOVF9TQ0hFTUFfUkVUUklFVkUiLCJURU5BTlRfU0NIRU1BX0FQUFJPVkUiLCJURU5BTlRfQ09OVEVYVF9FVkFMVUFURSIsIlRFTkFOVF9TQ0hFTUFfREVMRVRFIiwiVEVOQU5UX0NPTlRFWFRfQ1JFQVRFIiwiVEVOQU5UX1NDSEVNQV9EQVRBX1JFVFJJRVZFIiwiVEVOQU5UX1NDSEVNQV9EQVRBX0RFTEVURSIsIlRFTkFOVF9TQ0hFTUFfREFUQV9VUERBVEUiLCJURU5BTlRfQ09IT1JUU19ERUxFVEUiLCJURU5BTlRfVU5JVkVSU0VfREVMRVRFIiwiVEVOQU5UX1NDSEVNQV9EQVRBX0lOR0VTVElPTiIsIlRFTkFOVF9DT0hPUlRTX0FQUFJPVkUiXX0sIk1PTkVUX21vYml1cyI6eyJyb2xlcyI6WyJURU5BTlRfQVBQTEVUU19SRVRSSUVWRV9BTExfUFVCTElTSEVEIiwiVEVOQU5UX1dJREdFVFNfUkVUUklFVkVfRFJBRlQiLCJURU5BTlRfV0lER0VUU19VUERBVEUiLCJURU5BTlRfQVBQTEVUU19ERUxFVEUiLCJURU5BTlRfV0lER0VUU19ERUxFVEUiLCJURU5BTlRfUExVR0lOX0NBVEVHT1JZX1JFVFJJRVZFX0FMTCIsIlRFTkFOVF9BUFBMRVRTX1VQREFURV9ISVNUT1JZIiwiVEVOQU5UX0VYUEVSSUVOQ0VTX0NSRUFURSIsIlRFTkFOVF9XSURHRVRTX1JFVFJJRVZFX1BVQkxJU0giLCJURU5BTlRfUExVR0lOX0NBVEVHT1JZX0NSRUFURSIsIlRFTkFOVF9ERVBFTkRFTkNZX1JFVFJJRVZFX0FMTCIsIlRFTkFOVF9XSURHRVRTX1BVQkxJU0giLCJURU5BTlRfUkVUUklFVkVfRklFTERTX09GX1BVQkxJU0hFRCIsIlRFTkFOVF9FWFBFUklFTkNFU19VUERBVEUiLCJURU5BTlRfQVBQTEVUU19DUkVBVEUiLCJURU5BTlRfUExVR0lOU19ERUxFVEUiLCJURU5BTlRfQVBQTEVUU19SRVRSSUVWRV9BTExfRFJBRlQiLCJURU5BTlRfUExVR0lOU19VUERBVEUiLCJURU5BTlRfQVBQTEVUU19SRVRSSUVWRV9GUk9NX0hJU1RPUlkiLCJURU5BTlRfUkVUUklFVkVfRklFTERTX09GX0RSQUZUIiwiVEVOQU5UX0FQUExFVFNfUkVUUklFVkVfUFVCTElTSEVEIiwiVEVOQU5UX0FQUExFVFNfUFVCTElTSEVEIiwiVEVOQU5UX1dJREdFVFNfUkVUUklFVkUiLCJURU5BTlRfUExVR0lOX0NBVEVHT1JZX0RFTEVURSIsIlRFTkFOVF9QTFVHSU5fQ0FURUdPUllfUFVCTElTSCIsIlRFTkFOVF9QTFVHSU5fQ0FURUdPUllfREVMRVRFX0NPTVBfRlJPTSIsIlRFTkFOVF9SRVRSSUVWRV9QVUJMSVNIRUQiLCJURU5BTlRfUExVR0lOU19SRVRSSUVWRSIsIlRFTkFOVF9QTFVHSU5TX0NSRUFURSIsIlRFTkFOVF9XSURHRVRTX0NSRUFURSIsIlRFTkFOVF9BUFBMRVRTX1JFVFJJRVZFX0FMTF9QVUJMSVNIRURfVEhVTUJOQUlMUyIsIk1PTkVUX1VTRVIiLCJURU5BTlRfRVhQRVJJRU5DRVNfREVMRVRFIiwiVEVOQU5UX0VYUEVSSUVOQ0VTX1BVQkxJU0giLCJURU5BTlRfUkVUUklFVkVfRlJPTV9ISVNUT1JZIiwiVEVOQU5UX1BMVUdJTl9DQVRFR09SWV9VUERBVEUiXX0sIlZJTkNJX21vYml1cyI6eyJyb2xlcyI6WyJWSU5DSV9VU0VSIl19LCJhY2NvdW50Ijp7InJvbGVzIjpbIm1hbmFnZS1hY2NvdW50IiwibWFuYWdlLWFjY291bnQtbGlua3MiLCJ2aWV3LXByb2ZpbGUiXX19LCJzY29wZSI6InByb2ZpbGUgZW1haWwiLCJyZXF1ZXN0ZXJUeXBlIjoiVEVOQU5UIiwiZW1haWxfdmVyaWZpZWQiOnRydWUsIm5hbWUiOiJBaWR0YWFzIEFpZHRhYXMiLCJ0ZW5hbnRJZCI6IjJjZjc2ZTVmLTI2YWQtNGYyYy1iY2NjLWY0YmMxZTdiZmI2NCIsInByZWZlcnJlZF91c2VybmFtZSI6InBhc3N3b3JkX3RlbmFudF9haWR0YWFzQGdhaWFuc29sdXRpb25zLmNvbSIsImdpdmVuX25hbWUiOiJBaWR0YWFzIiwiZmFtaWx5X25hbWUiOiJBaWR0YWFzIiwiZW1haWwiOiJwYXNzd29yZF90ZW5hbnRfYWlkdGFhc0BnYWlhbnNvbHV0aW9ucy5jb20ifQ.G22UWdZfpDy2T8neTapxgOEwLcTJnbjop5nrm13HlhaUON7HfGI1b-n7D7FRAcRr2u7xBEE7MwJ3OSJyfjIQamrmV1U0PYtVogiw3EQcp41YWWAnpuaG41KiZvYuxGdFO1uADRRSrbnzDP44nnh75gQxL-s_blP160DEyu4gIfJ3f3Vz_wI_6yZ1aqpsz-8r8YpbeQbgrcV577yF2lTbmavmNDA6R_FW2rF8Y-mLfFbhAkQqmpuYDWdXv7_cyOmECs53ROlGzPd-DIUi1mw9_Af0tIC6DKh1nbbp16VPKqzmCPVfI1VGNZSCzVYOAr-XApRi0JZ39ub0aO1FsZzCjA
Cookies:		&lt;none&gt;
Multiparts:		&lt;none&gt;
Body:			&lt;none&gt;

HTTP/1.1 401 Unauthorized
www-authenticate: Bearer realm=&quot;https://ig.aidtaas.com/mobius-payment-service/v1.0/wallets/Q5yDTp/verify-existence&quot;, error=&quot;invalid_token&quot;
content-length: 14
content-type: text/plain
date: Fri, 21 Feb 2025 06:21:44 GMT
server: istio-envoy
x-envoy-upstream-service-time: 5

Jwt is expired
</system-out>
  </testcase>
  <testcase classname="unit4cases.EvoMaster_others_Test" name="test_11" time="0.289">
    <failure message="1 expectation failed.
Expected content-type &quot;application/json&quot; doesn&apos;t match actual content-type &quot;text/plain&quot;.
" type="java.lang.AssertionError">java.lang.AssertionError: 1 expectation failed.
Expected content-type &quot;application/json&quot; doesn&apos;t match actual content-type &quot;text/plain&quot;.

	at java.base/jdk.internal.reflect.DirectConstructorHandleAccessor.newInstance(DirectConstructorHandleAccessor.java:62)
	at java.base/java.lang.reflect.Constructor.newInstanceWithCaller(Constructor.java:502)
	at java.base/java.lang.reflect.Constructor.newInstance(Constructor.java:486)
	at org.codehaus.groovy.reflection.CachedConstructor.invoke(CachedConstructor.java:73)
	at org.codehaus.groovy.runtime.callsite.ConstructorSite$ConstructorSiteNoUnwrapNoCoerce.callConstructor(ConstructorSite.java:108)
	at org.codehaus.groovy.runtime.callsite.AbstractCallSite.callConstructor(AbstractCallSite.java:277)
	at io.restassured.internal.ResponseSpecificationImpl$HamcrestAssertionClosure.validate(ResponseSpecificationImpl.groovy:512)
	at io.restassured.internal.ResponseSpecificationImpl$HamcrestAssertionClosure$validate$1.call(Unknown Source)
	at io.restassured.internal.ResponseSpecificationImpl.validateResponseIfRequired(ResponseSpecificationImpl.groovy:696)
	at io.restassured.internal.ResponseSpecificationImpl.this$2$validateResponseIfRequired(ResponseSpecificationImpl.groovy)
	at java.base/jdk.internal.reflect.DirectMethodHandleAccessor.invoke(DirectMethodHandleAccessor.java:103)
	at java.base/java.lang.reflect.Method.invoke(Method.java:580)
	at org.codehaus.groovy.runtime.callsite.PlainObjectMetaMethodSite.doInvoke(PlainObjectMetaMethodSite.java:43)
	at org.codehaus.groovy.runtime.callsite.PogoMetaMethodSite$PogoCachedMethodSiteNoUnwrapNoCoerce.invoke(PogoMetaMethodSite.java:198)
	at org.codehaus.groovy.runtime.callsite.PogoMetaMethodSite.callCurrent(PogoMetaMethodSite.java:62)
	at org.codehaus.groovy.runtime.callsite.AbstractCallSite.callCurrent(AbstractCallSite.java:185)
	at io.restassured.internal.ResponseSpecificationImpl.contentType(ResponseSpecificationImpl.groovy:443)
	at io.restassured.internal.ValidatableResponseOptionsImpl.contentType(ValidatableResponseOptionsImpl.java:226)
	at unit4cases.EvoMaster_others_Test.test_11(EvoMaster_others_Test.java:399)
	at java.base/jdk.internal.reflect.DirectMethodHandleAccessor.invoke(DirectMethodHandleAccessor.java:103)
	at java.base/java.lang.reflect.Method.invoke(Method.java:580)
	at org.junit.runners.model.FrameworkMethod$1.runReflectiveCall(FrameworkMethod.java:59)
	at org.junit.internal.runners.model.ReflectiveCallable.run(ReflectiveCallable.java:12)
	at org.junit.runners.model.FrameworkMethod.invokeExplosively(FrameworkMethod.java:56)
	at org.junit.internal.runners.statements.InvokeMethod.evaluate(InvokeMethod.java:17)
	at org.junit.internal.runners.statements.FailOnTimeout$CallableStatement.call(FailOnTimeout.java:299)
	at org.junit.internal.runners.statements.FailOnTimeout$CallableStatement.call(FailOnTimeout.java:293)
	at java.base/java.util.concurrent.FutureTask.run(FutureTask.java:317)
	at java.base/java.lang.Thread.run(Thread.java:1583)
</failure>
    <system-out>Request method:	GET
Request URI:	https://ig.aidtaas.com/mobius-payment-service/v1.0/wallets/hkXtS9sJ/currency/o
Proxy:			&lt;none&gt;
Request params:	&lt;none&gt;
Query params:	&lt;none&gt;
Form params:	&lt;none&gt;
Path params:	&lt;none&gt;
Headers:		Accept=application/json
				Authorization=Bearer  eyJhbGciOiJSUzI1NiIsInR5cCIgOiAiSldUIiwia2lkIiA6ICI3Ny1NUVdFRTNHZE5adGlsWU5IYmpsa2dVSkpaWUJWVmN1UmFZdHl5ejFjIn0.eyJleHAiOjE3NDAwODgxMjAsImlhdCI6MTc0MDA1MjEyMCwianRpIjoiYjc4MDZhYTYtZWE3MS00NWJkLWI5ODMtOWU3MDE4OTc4NTYzIiwiaXNzIjoiaHR0cDovL2tleWNsb2FrLXNlcnZpY2Uua2V5Y2xvYWsuc3ZjLmNsdXN0ZXIubG9jYWw6ODA4MC9yZWFsbXMvbWFzdGVyIiwiYXVkIjpbIkJPTFRaTUFOTl9CT1RfbW9iaXVzIiwiUEFTQ0FMX0lOVEVMTElHRU5DRV9tb2JpdXMiLCJNT05FVF9tb2JpdXMiLCJWSU5DSV9tb2JpdXMiLCJhY2NvdW50Il0sInN1YiI6IjJjZjc2ZTVmLTI2YWQtNGYyYy1iY2NjLWY0YmMxZTdiZmI2NCIsInR5cCI6IkJlYXJlciIsImF6cCI6IkhPTEFDUkFDWV9tb2JpdXMiLCJzaWQiOiJmNjcwYzZjMi03OWYzLTQ2YzctOTE5Yy1hNTNhYmRiNTgwNDMiLCJhY3IiOiIxIiwiYWxsb3dlZC1vcmlnaW5zIjpbIi8qIl0sInJlYWxtX2FjY2VzcyI6eyJyb2xlcyI6WyJkZWZhdWx0LXJvbGVzLW1hc3RlciIsIkhDWV9URU5BTlRfQ1VTVE9NIiwib2ZmbGluZV9hY2Nlc3MiLCJCT0JfVEVOQU5UX0NVU1RPTSIsInVtYV9hdXRob3JpemF0aW9uIiwiUElfVEVOQU5UX0NVU1RPTSIsIk1PTkVUX1RFTkFOVF9DVVNUT00iXX0sInJlc291cmNlX2FjY2VzcyI6eyJCT0xUWk1BTk5fQk9UX21vYml1cyI6eyJyb2xlcyI6WyJURU5BTlRfV09SS0ZMT1dfU1VTUEVORF9QUk9DRVNTX0RFRklOSVRJT04iLCJURU5BTlRfV09SS0ZMT1dfU1VTUEVORF9JTlNUQU5DRSIsIlRFTkFOVF9XT1JLRkxPV19SRVRSSUVWRV9BTEwiLCJURU5BTlRfV09SS0ZMT1dfQUNUSVZBVEVfSU5TVEFOQ0UiLCJURU5BTlRfV09SS0ZMT1dfRVhFQ1VURSIsIlRFTkFOVF9XT1JLRkxPV19SRVRSSUVWRV9IT01FIiwiVEVOQU5UX1dPUktGTE9XX1JFVFJJRVZFX1NVU1BFTkRFRF9QUk9DRVNTX0RFRlMiLCJURU5BTlRfV09SS0ZMT1dfQUNUSVZBVEVfUlVOX0pPQiIsIlRFTkFOVF9XT1JLRkxPV19TVEFUVVMiLCJURU5BTlRfV09SS0ZMT1dfQ1JFQVRFIiwiVEVOQU5UX1dPUktGTE9XX0FDVElWSVRZX0RBVEFfQ09VTlQiLCJCT0xUWk1BTk5fQk9UX1VTRVIiLCJURU5BTlRfV09SS0ZMT1dfREVQTE9ZX1ZFUlNJT04iLCJURU5BTlRfV09SS0ZMT1dfSU1QT1JUIiwiVEVOQU5UX1dPUktGTE9XX1VQREFURSIsIlRFTkFOVF9XT1JLRkxPV19ERVBMT1kiLCJURU5BTlRfV09SS0ZMT1dfU1VTUEVORF9SVU5fSk9CIiwiVEVOQU5UX1dPUktGTE9XX1JFVFJJRVZFIiwiVEVOQU5UX1dPUktGTE9XX0RFTEVURSIsIlRFTkFOVF9XT1JLRkxPV19UUklHR0VSX01FU1NBR0VfTElTVEVORVIiXX0sIkhPTEFDUkFDWV9tb2JpdXMiOnsicm9sZXMiOlsiVEVOQU5UX1BST0RVQ1RfUkVUUklFVkVfTUFTVEVSX0NPTkZJRyIsIlRFTkFOVF9JTlZJVEFUSU9OX1JFU1BPTkQiLCJURU5BTlRfTkVHT1RJQVRJT05fQVBQUk9WQUxfQlVZRVIiLCJURU5BTlRfSU5WSVRBVElPTl9SRVRSSUVWRSIsIlRFTkFOVF9PUkdBTklaQVRJT05fQ1JFQVRFIiwiVEVOQU5UX0NSRUFURV9URU5BTlQiLCJURU5BTlRfU1VCX0FMTElBTkNFX1JFVFJJRVZFIiwiVEVOQU5UX1BMQVRGT1JNX0NSRUFURSIsIkhPTEFDUkFDWV9VU0VSIiwiVEVOQU5UX1JBVEVDQVJEX0NSRUFURSIsIlRFTkFOVF9QTEFURk9STV9SRVRSSUVWRSIsIlRFTkFOVF9SRVRSSUVWRV9CWV9CVVlFUl9QTEFURk9STSIsIlRFTkFOVF9TVUJfQUxMSUFOQ0VfUkVUUklFVkVfQUxMIiwiVEVOQU5UX1BST0RVQ1RfUkVUUklFVkUiLCJURU5BTlRfQUNDT1VOVF9ERUxFVEUiLCJURU5BTlRfQUxMSUFOQ0VfUkVUUklFVkUiLCJURU5BTlRfUExBVEZPUk1fVVBEQVRFIiwiVEVOQU5UX0lOVklUQVRJT05fQ1JFQVRFIiwiVEVOQU5UX1JBVEVDQVJEX1JFVFJJRVZFIiwiVEVOQU5UX09SR0FOSVpBVElPTl9VUERBVEUiLCJURU5BTlRfUkFURUNBUkRfVVBEQVRFIiwiVEVOQU5UX09SR0FOSVpBVElPTl9ERUxFVEUiLCJURU5BTlRfUExBVEZPUk1fREVMRVRFIiwiVEVOQU5UX1BST0RVQ1RfQ1JFQVRFIiwiVEVOQU5UX1NVQl9BTExJQU5DRV9DUkVBVEUiLCJURU5BTlRfUkFURUNBUkRfREVMRVRFIiwiVEVOQU5UX0FDQ09VTlRfQ1JFQVRFIiwiVEVOQU5UX0lOVklUQVRJT05fVVBEQVRFIiwiVEVOQU5UX1JFVFJJRVZFX1RFTkFOVCIsIlRFTkFOVF9JTlZJVEFUSU9OX0RFTEVURSIsIlRFTkFOVF9ORUdPVElBVElPTl9BUFBST1ZBTF9TVVBFUl9BRE1JTiIsIlRFTkFOVF9ORUdPVElBVElPTl9SRVRSSUVWRV9BTExfQkVUV0VFTl9CVVlFUl9TRUxMRVIiLCJURU5BTlRfUkVUUklFVkVfVEVOQU5UX0FMTCIsIlRFTkFOVF9ORUdPVElBVElPTl9DUkVBVEUiLCJURU5BTlRfVVBEQVRFX1RFTkFOVCIsIlRFTkFOVF9PUkdBTklaQVRJT05fUkVUUklFVkUiLCJURU5BTlRfQUNDT1VOVF9VUERBVEUiLCJURU5BTlRfUFJPRFVDVF9ERUxFVEUiLCJURU5BTlRfU1VCX0FMTElBTkNFX0RFTEVURSIsIlRFTkFOVF9ORUdPVElBVElPTl9BUFBST1ZBTF9TRUxMRVIiLCJURU5BTlRfU1VCX0FMTElBTkNFX1VQREFURSIsIlRFTkFOVF9QUk9EVUNUX1VQREFURSIsIlRFTkFOVF9BQ0NPVU5UX1JFVFJJRVZFIiwiVEVOQU5UX05FR09USUFUSU9OX1JFVFJJRVZFIiwiVEVOQU5UX0RFTEVURV9URU5BTlQiXX0sIlBBU0NBTF9JTlRFTExJR0VOQ0VfbW9iaXVzIjp7InJvbGVzIjpbIlRFTkFOVF9DT05URVhUX0RFTEVURSIsIlRFTkFOVF9DT05URVhUX1VQREFURSIsIlRFTkFOVF9CSUdRVUVSWV9SRVRSSUVWRSIsIlRFTkFOVF9CSUdRVUVSWV9VUERBVEUiLCJURU5BTlRfVU5JVkVSU0VfQ1JFQVRFIiwiVEVOQU5UX0NPSE9SVFNfUkVUUklFVkUiLCJURU5BTlRfQklHUVVFUllfQ1JFQVRFIiwiVEVOQU5UX0JJR1FVRVJZX0VWQUxVQVRFIiwiVEVOQU5UX0NPSE9SVFNfVVBEQVRFIiwiVEVOQU5UX0NPTlRFWFRfUkVUUklFVkUiLCJURU5BTlRfVU5JVkVSU0VfUkVUUklFVkUiLCJURU5BTlRfQ09IT1JUU19FVkFMVUFURSIsIlRFTkFOVF9CSUdRVUVSWV9ERUxFVEUiLCJURU5BTlRfU0NIRU1BX0NSRUFURSIsIlBBU0NBTF9JTlRFTExJR0VOQ0VfVVNFUiIsIlRFTkFOVF9DT0hPUlRTX0NSRUFURSIsIlRFTkFOVF9TQ0hFTUFfVVBEQVRFIiwiVEVOQU5UX0NPTlRFWFRfQVBQUk9WRSIsIlRFTkFOVF9VTklWRVJTRV9VUERBVEUiLCJURU5BTlRfQklHUVVFUllfQVBQUk9WRSIsIlRFTkFOVF9TQ0hFTUFfUkVUUklFVkUiLCJURU5BTlRfU0NIRU1BX0FQUFJPVkUiLCJURU5BTlRfQ09OVEVYVF9FVkFMVUFURSIsIlRFTkFOVF9TQ0hFTUFfREVMRVRFIiwiVEVOQU5UX0NPTlRFWFRfQ1JFQVRFIiwiVEVOQU5UX1NDSEVNQV9EQVRBX1JFVFJJRVZFIiwiVEVOQU5UX1NDSEVNQV9EQVRBX0RFTEVURSIsIlRFTkFOVF9TQ0hFTUFfREFUQV9VUERBVEUiLCJURU5BTlRfQ09IT1JUU19ERUxFVEUiLCJURU5BTlRfVU5JVkVSU0VfREVMRVRFIiwiVEVOQU5UX1NDSEVNQV9EQVRBX0lOR0VTVElPTiIsIlRFTkFOVF9DT0hPUlRTX0FQUFJPVkUiXX0sIk1PTkVUX21vYml1cyI6eyJyb2xlcyI6WyJURU5BTlRfQVBQTEVUU19SRVRSSUVWRV9BTExfUFVCTElTSEVEIiwiVEVOQU5UX1dJREdFVFNfUkVUUklFVkVfRFJBRlQiLCJURU5BTlRfV0lER0VUU19VUERBVEUiLCJURU5BTlRfQVBQTEVUU19ERUxFVEUiLCJURU5BTlRfV0lER0VUU19ERUxFVEUiLCJURU5BTlRfUExVR0lOX0NBVEVHT1JZX1JFVFJJRVZFX0FMTCIsIlRFTkFOVF9BUFBMRVRTX1VQREFURV9ISVNUT1JZIiwiVEVOQU5UX0VYUEVSSUVOQ0VTX0NSRUFURSIsIlRFTkFOVF9XSURHRVRTX1JFVFJJRVZFX1BVQkxJU0giLCJURU5BTlRfUExVR0lOX0NBVEVHT1JZX0NSRUFURSIsIlRFTkFOVF9ERVBFTkRFTkNZX1JFVFJJRVZFX0FMTCIsIlRFTkFOVF9XSURHRVRTX1BVQkxJU0giLCJURU5BTlRfUkVUUklFVkVfRklFTERTX09GX1BVQkxJU0hFRCIsIlRFTkFOVF9FWFBFUklFTkNFU19VUERBVEUiLCJURU5BTlRfQVBQTEVUU19DUkVBVEUiLCJURU5BTlRfUExVR0lOU19ERUxFVEUiLCJURU5BTlRfQVBQTEVUU19SRVRSSUVWRV9BTExfRFJBRlQiLCJURU5BTlRfUExVR0lOU19VUERBVEUiLCJURU5BTlRfQVBQTEVUU19SRVRSSUVWRV9GUk9NX0hJU1RPUlkiLCJURU5BTlRfUkVUUklFVkVfRklFTERTX09GX0RSQUZUIiwiVEVOQU5UX0FQUExFVFNfUkVUUklFVkVfUFVCTElTSEVEIiwiVEVOQU5UX0FQUExFVFNfUFVCTElTSEVEIiwiVEVOQU5UX1dJREdFVFNfUkVUUklFVkUiLCJURU5BTlRfUExVR0lOX0NBVEVHT1JZX0RFTEVURSIsIlRFTkFOVF9QTFVHSU5fQ0FURUdPUllfUFVCTElTSCIsIlRFTkFOVF9QTFVHSU5fQ0FURUdPUllfREVMRVRFX0NPTVBfRlJPTSIsIlRFTkFOVF9SRVRSSUVWRV9QVUJMSVNIRUQiLCJURU5BTlRfUExVR0lOU19SRVRSSUVWRSIsIlRFTkFOVF9QTFVHSU5TX0NSRUFURSIsIlRFTkFOVF9XSURHRVRTX0NSRUFURSIsIlRFTkFOVF9BUFBMRVRTX1JFVFJJRVZFX0FMTF9QVUJMSVNIRURfVEhVTUJOQUlMUyIsIk1PTkVUX1VTRVIiLCJURU5BTlRfRVhQRVJJRU5DRVNfREVMRVRFIiwiVEVOQU5UX0VYUEVSSUVOQ0VTX1BVQkxJU0giLCJURU5BTlRfUkVUUklFVkVfRlJPTV9ISVNUT1JZIiwiVEVOQU5UX1BMVUdJTl9DQVRFR09SWV9VUERBVEUiXX0sIlZJTkNJX21vYml1cyI6eyJyb2xlcyI6WyJWSU5DSV9VU0VSIl19LCJhY2NvdW50Ijp7InJvbGVzIjpbIm1hbmFnZS1hY2NvdW50IiwibWFuYWdlLWFjY291bnQtbGlua3MiLCJ2aWV3LXByb2ZpbGUiXX19LCJzY29wZSI6InByb2ZpbGUgZW1haWwiLCJyZXF1ZXN0ZXJUeXBlIjoiVEVOQU5UIiwiZW1haWxfdmVyaWZpZWQiOnRydWUsIm5hbWUiOiJBaWR0YWFzIEFpZHRhYXMiLCJ0ZW5hbnRJZCI6IjJjZjc2ZTVmLTI2YWQtNGYyYy1iY2NjLWY0YmMxZTdiZmI2NCIsInByZWZlcnJlZF91c2VybmFtZSI6InBhc3N3b3JkX3RlbmFudF9haWR0YWFzQGdhaWFuc29sdXRpb25zLmNvbSIsImdpdmVuX25hbWUiOiJBaWR0YWFzIiwiZmFtaWx5X25hbWUiOiJBaWR0YWFzIiwiZW1haWwiOiJwYXNzd29yZF90ZW5hbnRfYWlkdGFhc0BnYWlhbnNvbHV0aW9ucy5jb20ifQ.G22UWdZfpDy2T8neTapxgOEwLcTJnbjop5nrm13HlhaUON7HfGI1b-n7D7FRAcRr2u7xBEE7MwJ3OSJyfjIQamrmV1U0PYtVogiw3EQcp41YWWAnpuaG41KiZvYuxGdFO1uADRRSrbnzDP44nnh75gQxL-s_blP160DEyu4gIfJ3f3Vz_wI_6yZ1aqpsz-8r8YpbeQbgrcV577yF2lTbmavmNDA6R_FW2rF8Y-mLfFbhAkQqmpuYDWdXv7_cyOmECs53ROlGzPd-DIUi1mw9_Af0tIC6DKh1nbbp16VPKqzmCPVfI1VGNZSCzVYOAr-XApRi0JZ39ub0aO1FsZzCjA
Cookies:		&lt;none&gt;
Multiparts:		&lt;none&gt;
Body:			&lt;none&gt;

HTTP/1.1 401 Unauthorized
www-authenticate: Bearer realm=&quot;https://ig.aidtaas.com/mobius-payment-service/v1.0/wallets/hkXtS9sJ/currency/o&quot;, error=&quot;invalid_token&quot;
content-length: 14
content-type: text/plain
date: Fri, 21 Feb 2025 06:21:44 GMT
server: istio-envoy
x-envoy-upstream-service-time: 3

Jwt is expired
</system-out>
  </testcase>
  <testcase classname="unit4cases.EvoMaster_others_Test" name="test_12" time="0.056">
    <failure message="1 expectation failed.
Expected content-type &quot;application/json&quot; doesn&apos;t match actual content-type &quot;text/plain&quot;.
" type="java.lang.AssertionError">java.lang.AssertionError: 1 expectation failed.
Expected content-type &quot;application/json&quot; doesn&apos;t match actual content-type &quot;text/plain&quot;.

	at java.base/jdk.internal.reflect.DirectConstructorHandleAccessor.newInstance(DirectConstructorHandleAccessor.java:62)
	at java.base/java.lang.reflect.Constructor.newInstanceWithCaller(Constructor.java:502)
	at java.base/java.lang.reflect.Constructor.newInstance(Constructor.java:486)
	at org.codehaus.groovy.reflection.CachedConstructor.invoke(CachedConstructor.java:73)
	at org.codehaus.groovy.runtime.callsite.ConstructorSite$ConstructorSiteNoUnwrapNoCoerce.callConstructor(ConstructorSite.java:108)
	at org.codehaus.groovy.runtime.callsite.AbstractCallSite.callConstructor(AbstractCallSite.java:277)
	at io.restassured.internal.ResponseSpecificationImpl$HamcrestAssertionClosure.validate(ResponseSpecificationImpl.groovy:512)
	at io.restassured.internal.ResponseSpecificationImpl$HamcrestAssertionClosure$validate$1.call(Unknown Source)
	at io.restassured.internal.ResponseSpecificationImpl.validateResponseIfRequired(ResponseSpecificationImpl.groovy:696)
	at io.restassured.internal.ResponseSpecificationImpl.this$2$validateResponseIfRequired(ResponseSpecificationImpl.groovy)
	at java.base/jdk.internal.reflect.DirectMethodHandleAccessor.invoke(DirectMethodHandleAccessor.java:103)
	at java.base/java.lang.reflect.Method.invoke(Method.java:580)
	at org.codehaus.groovy.runtime.callsite.PlainObjectMetaMethodSite.doInvoke(PlainObjectMetaMethodSite.java:43)
	at org.codehaus.groovy.runtime.callsite.PogoMetaMethodSite$PogoCachedMethodSiteNoUnwrapNoCoerce.invoke(PogoMetaMethodSite.java:198)
	at org.codehaus.groovy.runtime.callsite.PogoMetaMethodSite.callCurrent(PogoMetaMethodSite.java:62)
	at org.codehaus.groovy.runtime.callsite.AbstractCallSite.callCurrent(AbstractCallSite.java:185)
	at io.restassured.internal.ResponseSpecificationImpl.contentType(ResponseSpecificationImpl.groovy:443)
	at io.restassured.internal.ValidatableResponseOptionsImpl.contentType(ValidatableResponseOptionsImpl.java:226)
	at unit4cases.EvoMaster_others_Test.test_12(EvoMaster_others_Test.java:425)
	at java.base/jdk.internal.reflect.DirectMethodHandleAccessor.invoke(DirectMethodHandleAccessor.java:103)
	at java.base/java.lang.reflect.Method.invoke(Method.java:580)
	at org.junit.runners.model.FrameworkMethod$1.runReflectiveCall(FrameworkMethod.java:59)
	at org.junit.internal.runners.model.ReflectiveCallable.run(ReflectiveCallable.java:12)
	at org.junit.runners.model.FrameworkMethod.invokeExplosively(FrameworkMethod.java:56)
	at org.junit.internal.runners.statements.InvokeMethod.evaluate(InvokeMethod.java:17)
	at org.junit.internal.runners.statements.FailOnTimeout$CallableStatement.call(FailOnTimeout.java:299)
	at org.junit.internal.runners.statements.FailOnTimeout$CallableStatement.call(FailOnTimeout.java:293)
	at java.base/java.util.concurrent.FutureTask.run(FutureTask.java:317)
	at java.base/java.lang.Thread.run(Thread.java:1583)
</failure>
    <system-out>Request method:	GET
Request URI:	https://ig.aidtaas.com/mobius-payment-service/v1.0/wallets/XUbN4W/transactions/9ZPBvmoYoIZpDT
Proxy:			&lt;none&gt;
Request params:	&lt;none&gt;
Query params:	&lt;none&gt;
Form params:	&lt;none&gt;
Path params:	&lt;none&gt;
Headers:		Accept=application/json
				Authorization=Bearer  eyJhbGciOiJSUzI1NiIsInR5cCIgOiAiSldUIiwia2lkIiA6ICI3Ny1NUVdFRTNHZE5adGlsWU5IYmpsa2dVSkpaWUJWVmN1UmFZdHl5ejFjIn0.eyJleHAiOjE3NDAwODgxMjAsImlhdCI6MTc0MDA1MjEyMCwianRpIjoiYjc4MDZhYTYtZWE3MS00NWJkLWI5ODMtOWU3MDE4OTc4NTYzIiwiaXNzIjoiaHR0cDovL2tleWNsb2FrLXNlcnZpY2Uua2V5Y2xvYWsuc3ZjLmNsdXN0ZXIubG9jYWw6ODA4MC9yZWFsbXMvbWFzdGVyIiwiYXVkIjpbIkJPTFRaTUFOTl9CT1RfbW9iaXVzIiwiUEFTQ0FMX0lOVEVMTElHRU5DRV9tb2JpdXMiLCJNT05FVF9tb2JpdXMiLCJWSU5DSV9tb2JpdXMiLCJhY2NvdW50Il0sInN1YiI6IjJjZjc2ZTVmLTI2YWQtNGYyYy1iY2NjLWY0YmMxZTdiZmI2NCIsInR5cCI6IkJlYXJlciIsImF6cCI6IkhPTEFDUkFDWV9tb2JpdXMiLCJzaWQiOiJmNjcwYzZjMi03OWYzLTQ2YzctOTE5Yy1hNTNhYmRiNTgwNDMiLCJhY3IiOiIxIiwiYWxsb3dlZC1vcmlnaW5zIjpbIi8qIl0sInJlYWxtX2FjY2VzcyI6eyJyb2xlcyI6WyJkZWZhdWx0LXJvbGVzLW1hc3RlciIsIkhDWV9URU5BTlRfQ1VTVE9NIiwib2ZmbGluZV9hY2Nlc3MiLCJCT0JfVEVOQU5UX0NVU1RPTSIsInVtYV9hdXRob3JpemF0aW9uIiwiUElfVEVOQU5UX0NVU1RPTSIsIk1PTkVUX1RFTkFOVF9DVVNUT00iXX0sInJlc291cmNlX2FjY2VzcyI6eyJCT0xUWk1BTk5fQk9UX21vYml1cyI6eyJyb2xlcyI6WyJURU5BTlRfV09SS0ZMT1dfU1VTUEVORF9QUk9DRVNTX0RFRklOSVRJT04iLCJURU5BTlRfV09SS0ZMT1dfU1VTUEVORF9JTlNUQU5DRSIsIlRFTkFOVF9XT1JLRkxPV19SRVRSSUVWRV9BTEwiLCJURU5BTlRfV09SS0ZMT1dfQUNUSVZBVEVfSU5TVEFOQ0UiLCJURU5BTlRfV09SS0ZMT1dfRVhFQ1VURSIsIlRFTkFOVF9XT1JLRkxPV19SRVRSSUVWRV9IT01FIiwiVEVOQU5UX1dPUktGTE9XX1JFVFJJRVZFX1NVU1BFTkRFRF9QUk9DRVNTX0RFRlMiLCJURU5BTlRfV09SS0ZMT1dfQUNUSVZBVEVfUlVOX0pPQiIsIlRFTkFOVF9XT1JLRkxPV19TVEFUVVMiLCJURU5BTlRfV09SS0ZMT1dfQ1JFQVRFIiwiVEVOQU5UX1dPUktGTE9XX0FDVElWSVRZX0RBVEFfQ09VTlQiLCJCT0xUWk1BTk5fQk9UX1VTRVIiLCJURU5BTlRfV09SS0ZMT1dfREVQTE9ZX1ZFUlNJT04iLCJURU5BTlRfV09SS0ZMT1dfSU1QT1JUIiwiVEVOQU5UX1dPUktGTE9XX1VQREFURSIsIlRFTkFOVF9XT1JLRkxPV19ERVBMT1kiLCJURU5BTlRfV09SS0ZMT1dfU1VTUEVORF9SVU5fSk9CIiwiVEVOQU5UX1dPUktGTE9XX1JFVFJJRVZFIiwiVEVOQU5UX1dPUktGTE9XX0RFTEVURSIsIlRFTkFOVF9XT1JLRkxPV19UUklHR0VSX01FU1NBR0VfTElTVEVORVIiXX0sIkhPTEFDUkFDWV9tb2JpdXMiOnsicm9sZXMiOlsiVEVOQU5UX1BST0RVQ1RfUkVUUklFVkVfTUFTVEVSX0NPTkZJRyIsIlRFTkFOVF9JTlZJVEFUSU9OX1JFU1BPTkQiLCJURU5BTlRfTkVHT1RJQVRJT05fQVBQUk9WQUxfQlVZRVIiLCJURU5BTlRfSU5WSVRBVElPTl9SRVRSSUVWRSIsIlRFTkFOVF9PUkdBTklaQVRJT05fQ1JFQVRFIiwiVEVOQU5UX0NSRUFURV9URU5BTlQiLCJURU5BTlRfU1VCX0FMTElBTkNFX1JFVFJJRVZFIiwiVEVOQU5UX1BMQVRGT1JNX0NSRUFURSIsIkhPTEFDUkFDWV9VU0VSIiwiVEVOQU5UX1JBVEVDQVJEX0NSRUFURSIsIlRFTkFOVF9QTEFURk9STV9SRVRSSUVWRSIsIlRFTkFOVF9SRVRSSUVWRV9CWV9CVVlFUl9QTEFURk9STSIsIlRFTkFOVF9TVUJfQUxMSUFOQ0VfUkVUUklFVkVfQUxMIiwiVEVOQU5UX1BST0RVQ1RfUkVUUklFVkUiLCJURU5BTlRfQUNDT1VOVF9ERUxFVEUiLCJURU5BTlRfQUxMSUFOQ0VfUkVUUklFVkUiLCJURU5BTlRfUExBVEZPUk1fVVBEQVRFIiwiVEVOQU5UX0lOVklUQVRJT05fQ1JFQVRFIiwiVEVOQU5UX1JBVEVDQVJEX1JFVFJJRVZFIiwiVEVOQU5UX09SR0FOSVpBVElPTl9VUERBVEUiLCJURU5BTlRfUkFURUNBUkRfVVBEQVRFIiwiVEVOQU5UX09SR0FOSVpBVElPTl9ERUxFVEUiLCJURU5BTlRfUExBVEZPUk1fREVMRVRFIiwiVEVOQU5UX1BST0RVQ1RfQ1JFQVRFIiwiVEVOQU5UX1NVQl9BTExJQU5DRV9DUkVBVEUiLCJURU5BTlRfUkFURUNBUkRfREVMRVRFIiwiVEVOQU5UX0FDQ09VTlRfQ1JFQVRFIiwiVEVOQU5UX0lOVklUQVRJT05fVVBEQVRFIiwiVEVOQU5UX1JFVFJJRVZFX1RFTkFOVCIsIlRFTkFOVF9JTlZJVEFUSU9OX0RFTEVURSIsIlRFTkFOVF9ORUdPVElBVElPTl9BUFBST1ZBTF9TVVBFUl9BRE1JTiIsIlRFTkFOVF9ORUdPVElBVElPTl9SRVRSSUVWRV9BTExfQkVUV0VFTl9CVVlFUl9TRUxMRVIiLCJURU5BTlRfUkVUUklFVkVfVEVOQU5UX0FMTCIsIlRFTkFOVF9ORUdPVElBVElPTl9DUkVBVEUiLCJURU5BTlRfVVBEQVRFX1RFTkFOVCIsIlRFTkFOVF9PUkdBTklaQVRJT05fUkVUUklFVkUiLCJURU5BTlRfQUNDT1VOVF9VUERBVEUiLCJURU5BTlRfUFJPRFVDVF9ERUxFVEUiLCJURU5BTlRfU1VCX0FMTElBTkNFX0RFTEVURSIsIlRFTkFOVF9ORUdPVElBVElPTl9BUFBST1ZBTF9TRUxMRVIiLCJURU5BTlRfU1VCX0FMTElBTkNFX1VQREFURSIsIlRFTkFOVF9QUk9EVUNUX1VQREFURSIsIlRFTkFOVF9BQ0NPVU5UX1JFVFJJRVZFIiwiVEVOQU5UX05FR09USUFUSU9OX1JFVFJJRVZFIiwiVEVOQU5UX0RFTEVURV9URU5BTlQiXX0sIlBBU0NBTF9JTlRFTExJR0VOQ0VfbW9iaXVzIjp7InJvbGVzIjpbIlRFTkFOVF9DT05URVhUX0RFTEVURSIsIlRFTkFOVF9DT05URVhUX1VQREFURSIsIlRFTkFOVF9CSUdRVUVSWV9SRVRSSUVWRSIsIlRFTkFOVF9CSUdRVUVSWV9VUERBVEUiLCJURU5BTlRfVU5JVkVSU0VfQ1JFQVRFIiwiVEVOQU5UX0NPSE9SVFNfUkVUUklFVkUiLCJURU5BTlRfQklHUVVFUllfQ1JFQVRFIiwiVEVOQU5UX0JJR1FVRVJZX0VWQUxVQVRFIiwiVEVOQU5UX0NPSE9SVFNfVVBEQVRFIiwiVEVOQU5UX0NPTlRFWFRfUkVUUklFVkUiLCJURU5BTlRfVU5JVkVSU0VfUkVUUklFVkUiLCJURU5BTlRfQ09IT1JUU19FVkFMVUFURSIsIlRFTkFOVF9CSUdRVUVSWV9ERUxFVEUiLCJURU5BTlRfU0NIRU1BX0NSRUFURSIsIlBBU0NBTF9JTlRFTExJR0VOQ0VfVVNFUiIsIlRFTkFOVF9DT0hPUlRTX0NSRUFURSIsIlRFTkFOVF9TQ0hFTUFfVVBEQVRFIiwiVEVOQU5UX0NPTlRFWFRfQVBQUk9WRSIsIlRFTkFOVF9VTklWRVJTRV9VUERBVEUiLCJURU5BTlRfQklHUVVFUllfQVBQUk9WRSIsIlRFTkFOVF9TQ0hFTUFfUkVUUklFVkUiLCJURU5BTlRfU0NIRU1BX0FQUFJPVkUiLCJURU5BTlRfQ09OVEVYVF9FVkFMVUFURSIsIlRFTkFOVF9TQ0hFTUFfREVMRVRFIiwiVEVOQU5UX0NPTlRFWFRfQ1JFQVRFIiwiVEVOQU5UX1NDSEVNQV9EQVRBX1JFVFJJRVZFIiwiVEVOQU5UX1NDSEVNQV9EQVRBX0RFTEVURSIsIlRFTkFOVF9TQ0hFTUFfREFUQV9VUERBVEUiLCJURU5BTlRfQ09IT1JUU19ERUxFVEUiLCJURU5BTlRfVU5JVkVSU0VfREVMRVRFIiwiVEVOQU5UX1NDSEVNQV9EQVRBX0lOR0VTVElPTiIsIlRFTkFOVF9DT0hPUlRTX0FQUFJPVkUiXX0sIk1PTkVUX21vYml1cyI6eyJyb2xlcyI6WyJURU5BTlRfQVBQTEVUU19SRVRSSUVWRV9BTExfUFVCTElTSEVEIiwiVEVOQU5UX1dJREdFVFNfUkVUUklFVkVfRFJBRlQiLCJURU5BTlRfV0lER0VUU19VUERBVEUiLCJURU5BTlRfQVBQTEVUU19ERUxFVEUiLCJURU5BTlRfV0lER0VUU19ERUxFVEUiLCJURU5BTlRfUExVR0lOX0NBVEVHT1JZX1JFVFJJRVZFX0FMTCIsIlRFTkFOVF9BUFBMRVRTX1VQREFURV9ISVNUT1JZIiwiVEVOQU5UX0VYUEVSSUVOQ0VTX0NSRUFURSIsIlRFTkFOVF9XSURHRVRTX1JFVFJJRVZFX1BVQkxJU0giLCJURU5BTlRfUExVR0lOX0NBVEVHT1JZX0NSRUFURSIsIlRFTkFOVF9ERVBFTkRFTkNZX1JFVFJJRVZFX0FMTCIsIlRFTkFOVF9XSURHRVRTX1BVQkxJU0giLCJURU5BTlRfUkVUUklFVkVfRklFTERTX09GX1BVQkxJU0hFRCIsIlRFTkFOVF9FWFBFUklFTkNFU19VUERBVEUiLCJURU5BTlRfQVBQTEVUU19DUkVBVEUiLCJURU5BTlRfUExVR0lOU19ERUxFVEUiLCJURU5BTlRfQVBQTEVUU19SRVRSSUVWRV9BTExfRFJBRlQiLCJURU5BTlRfUExVR0lOU19VUERBVEUiLCJURU5BTlRfQVBQTEVUU19SRVRSSUVWRV9GUk9NX0hJU1RPUlkiLCJURU5BTlRfUkVUUklFVkVfRklFTERTX09GX0RSQUZUIiwiVEVOQU5UX0FQUExFVFNfUkVUUklFVkVfUFVCTElTSEVEIiwiVEVOQU5UX0FQUExFVFNfUFVCTElTSEVEIiwiVEVOQU5UX1dJREdFVFNfUkVUUklFVkUiLCJURU5BTlRfUExVR0lOX0NBVEVHT1JZX0RFTEVURSIsIlRFTkFOVF9QTFVHSU5fQ0FURUdPUllfUFVCTElTSCIsIlRFTkFOVF9QTFVHSU5fQ0FURUdPUllfREVMRVRFX0NPTVBfRlJPTSIsIlRFTkFOVF9SRVRSSUVWRV9QVUJMSVNIRUQiLCJURU5BTlRfUExVR0lOU19SRVRSSUVWRSIsIlRFTkFOVF9QTFVHSU5TX0NSRUFURSIsIlRFTkFOVF9XSURHRVRTX0NSRUFURSIsIlRFTkFOVF9BUFBMRVRTX1JFVFJJRVZFX0FMTF9QVUJMSVNIRURfVEhVTUJOQUlMUyIsIk1PTkVUX1VTRVIiLCJURU5BTlRfRVhQRVJJRU5DRVNfREVMRVRFIiwiVEVOQU5UX0VYUEVSSUVOQ0VTX1BVQkxJU0giLCJURU5BTlRfUkVUUklFVkVfRlJPTV9ISVNUT1JZIiwiVEVOQU5UX1BMVUdJTl9DQVRFR09SWV9VUERBVEUiXX0sIlZJTkNJX21vYml1cyI6eyJyb2xlcyI6WyJWSU5DSV9VU0VSIl19LCJhY2NvdW50Ijp7InJvbGVzIjpbIm1hbmFnZS1hY2NvdW50IiwibWFuYWdlLWFjY291bnQtbGlua3MiLCJ2aWV3LXByb2ZpbGUiXX19LCJzY29wZSI6InByb2ZpbGUgZW1haWwiLCJyZXF1ZXN0ZXJUeXBlIjoiVEVOQU5UIiwiZW1haWxfdmVyaWZpZWQiOnRydWUsIm5hbWUiOiJBaWR0YWFzIEFpZHRhYXMiLCJ0ZW5hbnRJZCI6IjJjZjc2ZTVmLTI2YWQtNGYyYy1iY2NjLWY0YmMxZTdiZmI2NCIsInByZWZlcnJlZF91c2VybmFtZSI6InBhc3N3b3JkX3RlbmFudF9haWR0YWFzQGdhaWFuc29sdXRpb25zLmNvbSIsImdpdmVuX25hbWUiOiJBaWR0YWFzIiwiZmFtaWx5X25hbWUiOiJBaWR0YWFzIiwiZW1haWwiOiJwYXNzd29yZF90ZW5hbnRfYWlkdGFhc0BnYWlhbnNvbHV0aW9ucy5jb20ifQ.G22UWdZfpDy2T8neTapxgOEwLcTJnbjop5nrm13HlhaUON7HfGI1b-n7D7FRAcRr2u7xBEE7MwJ3OSJyfjIQamrmV1U0PYtVogiw3EQcp41YWWAnpuaG41KiZvYuxGdFO1uADRRSrbnzDP44nnh75gQxL-s_blP160DEyu4gIfJ3f3Vz_wI_6yZ1aqpsz-8r8YpbeQbgrcV577yF2lTbmavmNDA6R_FW2rF8Y-mLfFbhAkQqmpuYDWdXv7_cyOmECs53ROlGzPd-DIUi1mw9_Af0tIC6DKh1nbbp16VPKqzmCPVfI1VGNZSCzVYOAr-XApRi0JZ39ub0aO1FsZzCjA
Cookies:		&lt;none&gt;
Multiparts:		&lt;none&gt;
Body:			&lt;none&gt;

HTTP/1.1 401 Unauthorized
www-authenticate: Bearer realm=&quot;https://ig.aidtaas.com/mobius-payment-service/v1.0/wallets/XUbN4W/transactions/9ZPBvmoYoIZpDT&quot;, error=&quot;invalid_token&quot;
content-length: 14
content-type: text/plain
date: Fri, 21 Feb 2025 06:21:44 GMT
server: istio-envoy
x-envoy-upstream-service-time: 3

Jwt is expired
</system-out>
  </testcase>
  <testcase classname="unit4cases.EvoMaster_others_Test" name="test_13" time="0.076">
    <failure message="1 expectation failed.
Expected content-type &quot;application/json&quot; doesn&apos;t match actual content-type &quot;text/plain&quot;.
" type="java.lang.AssertionError">java.lang.AssertionError: 1 expectation failed.
Expected content-type &quot;application/json&quot; doesn&apos;t match actual content-type &quot;text/plain&quot;.

	at java.base/jdk.internal.reflect.DirectConstructorHandleAccessor.newInstance(DirectConstructorHandleAccessor.java:62)
	at java.base/java.lang.reflect.Constructor.newInstanceWithCaller(Constructor.java:502)
	at java.base/java.lang.reflect.Constructor.newInstance(Constructor.java:486)
	at org.codehaus.groovy.reflection.CachedConstructor.invoke(CachedConstructor.java:73)
	at org.codehaus.groovy.runtime.callsite.ConstructorSite$ConstructorSiteNoUnwrapNoCoerce.callConstructor(ConstructorSite.java:108)
	at org.codehaus.groovy.runtime.callsite.AbstractCallSite.callConstructor(AbstractCallSite.java:277)
	at io.restassured.internal.ResponseSpecificationImpl$HamcrestAssertionClosure.validate(ResponseSpecificationImpl.groovy:512)
	at io.restassured.internal.ResponseSpecificationImpl$HamcrestAssertionClosure$validate$1.call(Unknown Source)
	at io.restassured.internal.ResponseSpecificationImpl.validateResponseIfRequired(ResponseSpecificationImpl.groovy:696)
	at io.restassured.internal.ResponseSpecificationImpl.this$2$validateResponseIfRequired(ResponseSpecificationImpl.groovy)
	at java.base/jdk.internal.reflect.DirectMethodHandleAccessor.invoke(DirectMethodHandleAccessor.java:103)
	at java.base/java.lang.reflect.Method.invoke(Method.java:580)
	at org.codehaus.groovy.runtime.callsite.PlainObjectMetaMethodSite.doInvoke(PlainObjectMetaMethodSite.java:43)
	at org.codehaus.groovy.runtime.callsite.PogoMetaMethodSite$PogoCachedMethodSiteNoUnwrapNoCoerce.invoke(PogoMetaMethodSite.java:198)
	at org.codehaus.groovy.runtime.callsite.PogoMetaMethodSite.callCurrent(PogoMetaMethodSite.java:62)
	at org.codehaus.groovy.runtime.callsite.AbstractCallSite.callCurrent(AbstractCallSite.java:185)
	at io.restassured.internal.ResponseSpecificationImpl.contentType(ResponseSpecificationImpl.groovy:443)
	at io.restassured.internal.ValidatableResponseOptionsImpl.contentType(ValidatableResponseOptionsImpl.java:226)
	at unit4cases.EvoMaster_others_Test.test_13(EvoMaster_others_Test.java:451)
	at java.base/jdk.internal.reflect.DirectMethodHandleAccessor.invoke(DirectMethodHandleAccessor.java:103)
	at java.base/java.lang.reflect.Method.invoke(Method.java:580)
	at org.junit.runners.model.FrameworkMethod$1.runReflectiveCall(FrameworkMethod.java:59)
	at org.junit.internal.runners.model.ReflectiveCallable.run(ReflectiveCallable.java:12)
	at org.junit.runners.model.FrameworkMethod.invokeExplosively(FrameworkMethod.java:56)
	at org.junit.internal.runners.statements.InvokeMethod.evaluate(InvokeMethod.java:17)
	at org.junit.internal.runners.statements.FailOnTimeout$CallableStatement.call(FailOnTimeout.java:299)
	at org.junit.internal.runners.statements.FailOnTimeout$CallableStatement.call(FailOnTimeout.java:293)
	at java.base/java.util.concurrent.FutureTask.run(FutureTask.java:317)
	at java.base/java.lang.Thread.run(Thread.java:1583)
</failure>
    <system-out>Request method:	GET
Request URI:	https://ig.aidtaas.com/mobius-payment-service/v1.0/customers
Proxy:			&lt;none&gt;
Request params:	&lt;none&gt;
Query params:	&lt;none&gt;
Form params:	&lt;none&gt;
Path params:	&lt;none&gt;
Headers:		Accept=application/json
				Authorization=Bearer  eyJhbGciOiJSUzI1NiIsInR5cCIgOiAiSldUIiwia2lkIiA6ICI3Ny1NUVdFRTNHZE5adGlsWU5IYmpsa2dVSkpaWUJWVmN1UmFZdHl5ejFjIn0.eyJleHAiOjE3NDAwODgxMjAsImlhdCI6MTc0MDA1MjEyMCwianRpIjoiYjc4MDZhYTYtZWE3MS00NWJkLWI5ODMtOWU3MDE4OTc4NTYzIiwiaXNzIjoiaHR0cDovL2tleWNsb2FrLXNlcnZpY2Uua2V5Y2xvYWsuc3ZjLmNsdXN0ZXIubG9jYWw6ODA4MC9yZWFsbXMvbWFzdGVyIiwiYXVkIjpbIkJPTFRaTUFOTl9CT1RfbW9iaXVzIiwiUEFTQ0FMX0lOVEVMTElHRU5DRV9tb2JpdXMiLCJNT05FVF9tb2JpdXMiLCJWSU5DSV9tb2JpdXMiLCJhY2NvdW50Il0sInN1YiI6IjJjZjc2ZTVmLTI2YWQtNGYyYy1iY2NjLWY0YmMxZTdiZmI2NCIsInR5cCI6IkJlYXJlciIsImF6cCI6IkhPTEFDUkFDWV9tb2JpdXMiLCJzaWQiOiJmNjcwYzZjMi03OWYzLTQ2YzctOTE5Yy1hNTNhYmRiNTgwNDMiLCJhY3IiOiIxIiwiYWxsb3dlZC1vcmlnaW5zIjpbIi8qIl0sInJlYWxtX2FjY2VzcyI6eyJyb2xlcyI6WyJkZWZhdWx0LXJvbGVzLW1hc3RlciIsIkhDWV9URU5BTlRfQ1VTVE9NIiwib2ZmbGluZV9hY2Nlc3MiLCJCT0JfVEVOQU5UX0NVU1RPTSIsInVtYV9hdXRob3JpemF0aW9uIiwiUElfVEVOQU5UX0NVU1RPTSIsIk1PTkVUX1RFTkFOVF9DVVNUT00iXX0sInJlc291cmNlX2FjY2VzcyI6eyJCT0xUWk1BTk5fQk9UX21vYml1cyI6eyJyb2xlcyI6WyJURU5BTlRfV09SS0ZMT1dfU1VTUEVORF9QUk9DRVNTX0RFRklOSVRJT04iLCJURU5BTlRfV09SS0ZMT1dfU1VTUEVORF9JTlNUQU5DRSIsIlRFTkFOVF9XT1JLRkxPV19SRVRSSUVWRV9BTEwiLCJURU5BTlRfV09SS0ZMT1dfQUNUSVZBVEVfSU5TVEFOQ0UiLCJURU5BTlRfV09SS0ZMT1dfRVhFQ1VURSIsIlRFTkFOVF9XT1JLRkxPV19SRVRSSUVWRV9IT01FIiwiVEVOQU5UX1dPUktGTE9XX1JFVFJJRVZFX1NVU1BFTkRFRF9QUk9DRVNTX0RFRlMiLCJURU5BTlRfV09SS0ZMT1dfQUNUSVZBVEVfUlVOX0pPQiIsIlRFTkFOVF9XT1JLRkxPV19TVEFUVVMiLCJURU5BTlRfV09SS0ZMT1dfQ1JFQVRFIiwiVEVOQU5UX1dPUktGTE9XX0FDVElWSVRZX0RBVEFfQ09VTlQiLCJCT0xUWk1BTk5fQk9UX1VTRVIiLCJURU5BTlRfV09SS0ZMT1dfREVQTE9ZX1ZFUlNJT04iLCJURU5BTlRfV09SS0ZMT1dfSU1QT1JUIiwiVEVOQU5UX1dPUktGTE9XX1VQREFURSIsIlRFTkFOVF9XT1JLRkxPV19ERVBMT1kiLCJURU5BTlRfV09SS0ZMT1dfU1VTUEVORF9SVU5fSk9CIiwiVEVOQU5UX1dPUktGTE9XX1JFVFJJRVZFIiwiVEVOQU5UX1dPUktGTE9XX0RFTEVURSIsIlRFTkFOVF9XT1JLRkxPV19UUklHR0VSX01FU1NBR0VfTElTVEVORVIiXX0sIkhPTEFDUkFDWV9tb2JpdXMiOnsicm9sZXMiOlsiVEVOQU5UX1BST0RVQ1RfUkVUUklFVkVfTUFTVEVSX0NPTkZJRyIsIlRFTkFOVF9JTlZJVEFUSU9OX1JFU1BPTkQiLCJURU5BTlRfTkVHT1RJQVRJT05fQVBQUk9WQUxfQlVZRVIiLCJURU5BTlRfSU5WSVRBVElPTl9SRVRSSUVWRSIsIlRFTkFOVF9PUkdBTklaQVRJT05fQ1JFQVRFIiwiVEVOQU5UX0NSRUFURV9URU5BTlQiLCJURU5BTlRfU1VCX0FMTElBTkNFX1JFVFJJRVZFIiwiVEVOQU5UX1BMQVRGT1JNX0NSRUFURSIsIkhPTEFDUkFDWV9VU0VSIiwiVEVOQU5UX1JBVEVDQVJEX0NSRUFURSIsIlRFTkFOVF9QTEFURk9STV9SRVRSSUVWRSIsIlRFTkFOVF9SRVRSSUVWRV9CWV9CVVlFUl9QTEFURk9STSIsIlRFTkFOVF9TVUJfQUxMSUFOQ0VfUkVUUklFVkVfQUxMIiwiVEVOQU5UX1BST0RVQ1RfUkVUUklFVkUiLCJURU5BTlRfQUNDT1VOVF9ERUxFVEUiLCJURU5BTlRfQUxMSUFOQ0VfUkVUUklFVkUiLCJURU5BTlRfUExBVEZPUk1fVVBEQVRFIiwiVEVOQU5UX0lOVklUQVRJT05fQ1JFQVRFIiwiVEVOQU5UX1JBVEVDQVJEX1JFVFJJRVZFIiwiVEVOQU5UX09SR0FOSVpBVElPTl9VUERBVEUiLCJURU5BTlRfUkFURUNBUkRfVVBEQVRFIiwiVEVOQU5UX09SR0FOSVpBVElPTl9ERUxFVEUiLCJURU5BTlRfUExBVEZPUk1fREVMRVRFIiwiVEVOQU5UX1BST0RVQ1RfQ1JFQVRFIiwiVEVOQU5UX1NVQl9BTExJQU5DRV9DUkVBVEUiLCJURU5BTlRfUkFURUNBUkRfREVMRVRFIiwiVEVOQU5UX0FDQ09VTlRfQ1JFQVRFIiwiVEVOQU5UX0lOVklUQVRJT05fVVBEQVRFIiwiVEVOQU5UX1JFVFJJRVZFX1RFTkFOVCIsIlRFTkFOVF9JTlZJVEFUSU9OX0RFTEVURSIsIlRFTkFOVF9ORUdPVElBVElPTl9BUFBST1ZBTF9TVVBFUl9BRE1JTiIsIlRFTkFOVF9ORUdPVElBVElPTl9SRVRSSUVWRV9BTExfQkVUV0VFTl9CVVlFUl9TRUxMRVIiLCJURU5BTlRfUkVUUklFVkVfVEVOQU5UX0FMTCIsIlRFTkFOVF9ORUdPVElBVElPTl9DUkVBVEUiLCJURU5BTlRfVVBEQVRFX1RFTkFOVCIsIlRFTkFOVF9PUkdBTklaQVRJT05fUkVUUklFVkUiLCJURU5BTlRfQUNDT1VOVF9VUERBVEUiLCJURU5BTlRfUFJPRFVDVF9ERUxFVEUiLCJURU5BTlRfU1VCX0FMTElBTkNFX0RFTEVURSIsIlRFTkFOVF9ORUdPVElBVElPTl9BUFBST1ZBTF9TRUxMRVIiLCJURU5BTlRfU1VCX0FMTElBTkNFX1VQREFURSIsIlRFTkFOVF9QUk9EVUNUX1VQREFURSIsIlRFTkFOVF9BQ0NPVU5UX1JFVFJJRVZFIiwiVEVOQU5UX05FR09USUFUSU9OX1JFVFJJRVZFIiwiVEVOQU5UX0RFTEVURV9URU5BTlQiXX0sIlBBU0NBTF9JTlRFTExJR0VOQ0VfbW9iaXVzIjp7InJvbGVzIjpbIlRFTkFOVF9DT05URVhUX0RFTEVURSIsIlRFTkFOVF9DT05URVhUX1VQREFURSIsIlRFTkFOVF9CSUdRVUVSWV9SRVRSSUVWRSIsIlRFTkFOVF9CSUdRVUVSWV9VUERBVEUiLCJURU5BTlRfVU5JVkVSU0VfQ1JFQVRFIiwiVEVOQU5UX0NPSE9SVFNfUkVUUklFVkUiLCJURU5BTlRfQklHUVVFUllfQ1JFQVRFIiwiVEVOQU5UX0JJR1FVRVJZX0VWQUxVQVRFIiwiVEVOQU5UX0NPSE9SVFNfVVBEQVRFIiwiVEVOQU5UX0NPTlRFWFRfUkVUUklFVkUiLCJURU5BTlRfVU5JVkVSU0VfUkVUUklFVkUiLCJURU5BTlRfQ09IT1JUU19FVkFMVUFURSIsIlRFTkFOVF9CSUdRVUVSWV9ERUxFVEUiLCJURU5BTlRfU0NIRU1BX0NSRUFURSIsIlBBU0NBTF9JTlRFTExJR0VOQ0VfVVNFUiIsIlRFTkFOVF9DT0hPUlRTX0NSRUFURSIsIlRFTkFOVF9TQ0hFTUFfVVBEQVRFIiwiVEVOQU5UX0NPTlRFWFRfQVBQUk9WRSIsIlRFTkFOVF9VTklWRVJTRV9VUERBVEUiLCJURU5BTlRfQklHUVVFUllfQVBQUk9WRSIsIlRFTkFOVF9TQ0hFTUFfUkVUUklFVkUiLCJURU5BTlRfU0NIRU1BX0FQUFJPVkUiLCJURU5BTlRfQ09OVEVYVF9FVkFMVUFURSIsIlRFTkFOVF9TQ0hFTUFfREVMRVRFIiwiVEVOQU5UX0NPTlRFWFRfQ1JFQVRFIiwiVEVOQU5UX1NDSEVNQV9EQVRBX1JFVFJJRVZFIiwiVEVOQU5UX1NDSEVNQV9EQVRBX0RFTEVURSIsIlRFTkFOVF9TQ0hFTUFfREFUQV9VUERBVEUiLCJURU5BTlRfQ09IT1JUU19ERUxFVEUiLCJURU5BTlRfVU5JVkVSU0VfREVMRVRFIiwiVEVOQU5UX1NDSEVNQV9EQVRBX0lOR0VTVElPTiIsIlRFTkFOVF9DT0hPUlRTX0FQUFJPVkUiXX0sIk1PTkVUX21vYml1cyI6eyJyb2xlcyI6WyJURU5BTlRfQVBQTEVUU19SRVRSSUVWRV9BTExfUFVCTElTSEVEIiwiVEVOQU5UX1dJREdFVFNfUkVUUklFVkVfRFJBRlQiLCJURU5BTlRfV0lER0VUU19VUERBVEUiLCJURU5BTlRfQVBQTEVUU19ERUxFVEUiLCJURU5BTlRfV0lER0VUU19ERUxFVEUiLCJURU5BTlRfUExVR0lOX0NBVEVHT1JZX1JFVFJJRVZFX0FMTCIsIlRFTkFOVF9BUFBMRVRTX1VQREFURV9ISVNUT1JZIiwiVEVOQU5UX0VYUEVSSUVOQ0VTX0NSRUFURSIsIlRFTkFOVF9XSURHRVRTX1JFVFJJRVZFX1BVQkxJU0giLCJURU5BTlRfUExVR0lOX0NBVEVHT1JZX0NSRUFURSIsIlRFTkFOVF9ERVBFTkRFTkNZX1JFVFJJRVZFX0FMTCIsIlRFTkFOVF9XSURHRVRTX1BVQkxJU0giLCJURU5BTlRfUkVUUklFVkVfRklFTERTX09GX1BVQkxJU0hFRCIsIlRFTkFOVF9FWFBFUklFTkNFU19VUERBVEUiLCJURU5BTlRfQVBQTEVUU19DUkVBVEUiLCJURU5BTlRfUExVR0lOU19ERUxFVEUiLCJURU5BTlRfQVBQTEVUU19SRVRSSUVWRV9BTExfRFJBRlQiLCJURU5BTlRfUExVR0lOU19VUERBVEUiLCJURU5BTlRfQVBQTEVUU19SRVRSSUVWRV9GUk9NX0hJU1RPUlkiLCJURU5BTlRfUkVUUklFVkVfRklFTERTX09GX0RSQUZUIiwiVEVOQU5UX0FQUExFVFNfUkVUUklFVkVfUFVCTElTSEVEIiwiVEVOQU5UX0FQUExFVFNfUFVCTElTSEVEIiwiVEVOQU5UX1dJREdFVFNfUkVUUklFVkUiLCJURU5BTlRfUExVR0lOX0NBVEVHT1JZX0RFTEVURSIsIlRFTkFOVF9QTFVHSU5fQ0FURUdPUllfUFVCTElTSCIsIlRFTkFOVF9QTFVHSU5fQ0FURUdPUllfREVMRVRFX0NPTVBfRlJPTSIsIlRFTkFOVF9SRVRSSUVWRV9QVUJMSVNIRUQiLCJURU5BTlRfUExVR0lOU19SRVRSSUVWRSIsIlRFTkFOVF9QTFVHSU5TX0NSRUFURSIsIlRFTkFOVF9XSURHRVRTX0NSRUFURSIsIlRFTkFOVF9BUFBMRVRTX1JFVFJJRVZFX0FMTF9QVUJMSVNIRURfVEhVTUJOQUlMUyIsIk1PTkVUX1VTRVIiLCJURU5BTlRfRVhQRVJJRU5DRVNfREVMRVRFIiwiVEVOQU5UX0VYUEVSSUVOQ0VTX1BVQkxJU0giLCJURU5BTlRfUkVUUklFVkVfRlJPTV9ISVNUT1JZIiwiVEVOQU5UX1BMVUdJTl9DQVRFR09SWV9VUERBVEUiXX0sIlZJTkNJX21vYml1cyI6eyJyb2xlcyI6WyJWSU5DSV9VU0VSIl19LCJhY2NvdW50Ijp7InJvbGVzIjpbIm1hbmFnZS1hY2NvdW50IiwibWFuYWdlLWFjY291bnQtbGlua3MiLCJ2aWV3LXByb2ZpbGUiXX19LCJzY29wZSI6InByb2ZpbGUgZW1haWwiLCJyZXF1ZXN0ZXJUeXBlIjoiVEVOQU5UIiwiZW1haWxfdmVyaWZpZWQiOnRydWUsIm5hbWUiOiJBaWR0YWFzIEFpZHRhYXMiLCJ0ZW5hbnRJZCI6IjJjZjc2ZTVmLTI2YWQtNGYyYy1iY2NjLWY0YmMxZTdiZmI2NCIsInByZWZlcnJlZF91c2VybmFtZSI6InBhc3N3b3JkX3RlbmFudF9haWR0YWFzQGdhaWFuc29sdXRpb25zLmNvbSIsImdpdmVuX25hbWUiOiJBaWR0YWFzIiwiZmFtaWx5X25hbWUiOiJBaWR0YWFzIiwiZW1haWwiOiJwYXNzd29yZF90ZW5hbnRfYWlkdGFhc0BnYWlhbnNvbHV0aW9ucy5jb20ifQ.G22UWdZfpDy2T8neTapxgOEwLcTJnbjop5nrm13HlhaUON7HfGI1b-n7D7FRAcRr2u7xBEE7MwJ3OSJyfjIQamrmV1U0PYtVogiw3EQcp41YWWAnpuaG41KiZvYuxGdFO1uADRRSrbnzDP44nnh75gQxL-s_blP160DEyu4gIfJ3f3Vz_wI_6yZ1aqpsz-8r8YpbeQbgrcV577yF2lTbmavmNDA6R_FW2rF8Y-mLfFbhAkQqmpuYDWdXv7_cyOmECs53ROlGzPd-DIUi1mw9_Af0tIC6DKh1nbbp16VPKqzmCPVfI1VGNZSCzVYOAr-XApRi0JZ39ub0aO1FsZzCjA
Cookies:		&lt;none&gt;
Multiparts:		&lt;none&gt;
Body:			&lt;none&gt;

HTTP/1.1 401 Unauthorized
www-authenticate: Bearer realm=&quot;https://ig.aidtaas.com/mobius-payment-service/v1.0/customers&quot;, error=&quot;invalid_token&quot;
content-length: 14
content-type: text/plain
date: Fri, 21 Feb 2025 06:21:44 GMT
server: istio-envoy
x-envoy-upstream-service-time: 3

Jwt is expired
</system-out>
  </testcase>
  <testcase classname="unit4cases.EvoMaster_others_Test" name="test_14" time="0.121">
    <failure message="1 expectation failed.
Expected content-type &quot;application/json&quot; doesn&apos;t match actual content-type &quot;text/plain&quot;.
" type="java.lang.AssertionError">java.lang.AssertionError: 1 expectation failed.
Expected content-type &quot;application/json&quot; doesn&apos;t match actual content-type &quot;text/plain&quot;.

	at java.base/jdk.internal.reflect.DirectConstructorHandleAccessor.newInstance(DirectConstructorHandleAccessor.java:62)
	at java.base/java.lang.reflect.Constructor.newInstanceWithCaller(Constructor.java:502)
	at java.base/java.lang.reflect.Constructor.newInstance(Constructor.java:486)
	at org.codehaus.groovy.reflection.CachedConstructor.invoke(CachedConstructor.java:73)
	at org.codehaus.groovy.runtime.callsite.ConstructorSite$ConstructorSiteNoUnwrapNoCoerce.callConstructor(ConstructorSite.java:108)
	at org.codehaus.groovy.runtime.callsite.AbstractCallSite.callConstructor(AbstractCallSite.java:277)
	at io.restassured.internal.ResponseSpecificationImpl$HamcrestAssertionClosure.validate(ResponseSpecificationImpl.groovy:512)
	at io.restassured.internal.ResponseSpecificationImpl$HamcrestAssertionClosure$validate$1.call(Unknown Source)
	at io.restassured.internal.ResponseSpecificationImpl.validateResponseIfRequired(ResponseSpecificationImpl.groovy:696)
	at io.restassured.internal.ResponseSpecificationImpl.this$2$validateResponseIfRequired(ResponseSpecificationImpl.groovy)
	at java.base/jdk.internal.reflect.DirectMethodHandleAccessor.invoke(DirectMethodHandleAccessor.java:103)
	at java.base/java.lang.reflect.Method.invoke(Method.java:580)
	at org.codehaus.groovy.runtime.callsite.PlainObjectMetaMethodSite.doInvoke(PlainObjectMetaMethodSite.java:43)
	at org.codehaus.groovy.runtime.callsite.PogoMetaMethodSite$PogoCachedMethodSiteNoUnwrapNoCoerce.invoke(PogoMetaMethodSite.java:198)
	at org.codehaus.groovy.runtime.callsite.PogoMetaMethodSite.callCurrent(PogoMetaMethodSite.java:62)
	at org.codehaus.groovy.runtime.callsite.AbstractCallSite.callCurrent(AbstractCallSite.java:185)
	at io.restassured.internal.ResponseSpecificationImpl.contentType(ResponseSpecificationImpl.groovy:443)
	at io.restassured.internal.ValidatableResponseOptionsImpl.contentType(ValidatableResponseOptionsImpl.java:226)
	at unit4cases.EvoMaster_others_Test.test_14(EvoMaster_others_Test.java:477)
	at java.base/jdk.internal.reflect.DirectMethodHandleAccessor.invoke(DirectMethodHandleAccessor.java:103)
	at java.base/java.lang.reflect.Method.invoke(Method.java:580)
	at org.junit.runners.model.FrameworkMethod$1.runReflectiveCall(FrameworkMethod.java:59)
	at org.junit.internal.runners.model.ReflectiveCallable.run(ReflectiveCallable.java:12)
	at org.junit.runners.model.FrameworkMethod.invokeExplosively(FrameworkMethod.java:56)
	at org.junit.internal.runners.statements.InvokeMethod.evaluate(InvokeMethod.java:17)
	at org.junit.internal.runners.statements.FailOnTimeout$CallableStatement.call(FailOnTimeout.java:299)
	at org.junit.internal.runners.statements.FailOnTimeout$CallableStatement.call(FailOnTimeout.java:293)
	at java.base/java.util.concurrent.FutureTask.run(FutureTask.java:317)
	at java.base/java.lang.Thread.run(Thread.java:1583)
</failure>
    <system-out>Request method:	DELETE
Request URI:	https://ig.aidtaas.com/mobius-payment-service/v1.0/client-details/KobXXOQGX
Proxy:			&lt;none&gt;
Request params:	&lt;none&gt;
Query params:	&lt;none&gt;
Form params:	&lt;none&gt;
Path params:	&lt;none&gt;
Headers:		Accept=application/json
				Authorization=Bearer  eyJhbGciOiJSUzI1NiIsInR5cCIgOiAiSldUIiwia2lkIiA6ICI3Ny1NUVdFRTNHZE5adGlsWU5IYmpsa2dVSkpaWUJWVmN1UmFZdHl5ejFjIn0.eyJleHAiOjE3NDAwODgxMjAsImlhdCI6MTc0MDA1MjEyMCwianRpIjoiYjc4MDZhYTYtZWE3MS00NWJkLWI5ODMtOWU3MDE4OTc4NTYzIiwiaXNzIjoiaHR0cDovL2tleWNsb2FrLXNlcnZpY2Uua2V5Y2xvYWsuc3ZjLmNsdXN0ZXIubG9jYWw6ODA4MC9yZWFsbXMvbWFzdGVyIiwiYXVkIjpbIkJPTFRaTUFOTl9CT1RfbW9iaXVzIiwiUEFTQ0FMX0lOVEVMTElHRU5DRV9tb2JpdXMiLCJNT05FVF9tb2JpdXMiLCJWSU5DSV9tb2JpdXMiLCJhY2NvdW50Il0sInN1YiI6IjJjZjc2ZTVmLTI2YWQtNGYyYy1iY2NjLWY0YmMxZTdiZmI2NCIsInR5cCI6IkJlYXJlciIsImF6cCI6IkhPTEFDUkFDWV9tb2JpdXMiLCJzaWQiOiJmNjcwYzZjMi03OWYzLTQ2YzctOTE5Yy1hNTNhYmRiNTgwNDMiLCJhY3IiOiIxIiwiYWxsb3dlZC1vcmlnaW5zIjpbIi8qIl0sInJlYWxtX2FjY2VzcyI6eyJyb2xlcyI6WyJkZWZhdWx0LXJvbGVzLW1hc3RlciIsIkhDWV9URU5BTlRfQ1VTVE9NIiwib2ZmbGluZV9hY2Nlc3MiLCJCT0JfVEVOQU5UX0NVU1RPTSIsInVtYV9hdXRob3JpemF0aW9uIiwiUElfVEVOQU5UX0NVU1RPTSIsIk1PTkVUX1RFTkFOVF9DVVNUT00iXX0sInJlc291cmNlX2FjY2VzcyI6eyJCT0xUWk1BTk5fQk9UX21vYml1cyI6eyJyb2xlcyI6WyJURU5BTlRfV09SS0ZMT1dfU1VTUEVORF9QUk9DRVNTX0RFRklOSVRJT04iLCJURU5BTlRfV09SS0ZMT1dfU1VTUEVORF9JTlNUQU5DRSIsIlRFTkFOVF9XT1JLRkxPV19SRVRSSUVWRV9BTEwiLCJURU5BTlRfV09SS0ZMT1dfQUNUSVZBVEVfSU5TVEFOQ0UiLCJURU5BTlRfV09SS0ZMT1dfRVhFQ1VURSIsIlRFTkFOVF9XT1JLRkxPV19SRVRSSUVWRV9IT01FIiwiVEVOQU5UX1dPUktGTE9XX1JFVFJJRVZFX1NVU1BFTkRFRF9QUk9DRVNTX0RFRlMiLCJURU5BTlRfV09SS0ZMT1dfQUNUSVZBVEVfUlVOX0pPQiIsIlRFTkFOVF9XT1JLRkxPV19TVEFUVVMiLCJURU5BTlRfV09SS0ZMT1dfQ1JFQVRFIiwiVEVOQU5UX1dPUktGTE9XX0FDVElWSVRZX0RBVEFfQ09VTlQiLCJCT0xUWk1BTk5fQk9UX1VTRVIiLCJURU5BTlRfV09SS0ZMT1dfREVQTE9ZX1ZFUlNJT04iLCJURU5BTlRfV09SS0ZMT1dfSU1QT1JUIiwiVEVOQU5UX1dPUktGTE9XX1VQREFURSIsIlRFTkFOVF9XT1JLRkxPV19ERVBMT1kiLCJURU5BTlRfV09SS0ZMT1dfU1VTUEVORF9SVU5fSk9CIiwiVEVOQU5UX1dPUktGTE9XX1JFVFJJRVZFIiwiVEVOQU5UX1dPUktGTE9XX0RFTEVURSIsIlRFTkFOVF9XT1JLRkxPV19UUklHR0VSX01FU1NBR0VfTElTVEVORVIiXX0sIkhPTEFDUkFDWV9tb2JpdXMiOnsicm9sZXMiOlsiVEVOQU5UX1BST0RVQ1RfUkVUUklFVkVfTUFTVEVSX0NPTkZJRyIsIlRFTkFOVF9JTlZJVEFUSU9OX1JFU1BPTkQiLCJURU5BTlRfTkVHT1RJQVRJT05fQVBQUk9WQUxfQlVZRVIiLCJURU5BTlRfSU5WSVRBVElPTl9SRVRSSUVWRSIsIlRFTkFOVF9PUkdBTklaQVRJT05fQ1JFQVRFIiwiVEVOQU5UX0NSRUFURV9URU5BTlQiLCJURU5BTlRfU1VCX0FMTElBTkNFX1JFVFJJRVZFIiwiVEVOQU5UX1BMQVRGT1JNX0NSRUFURSIsIkhPTEFDUkFDWV9VU0VSIiwiVEVOQU5UX1JBVEVDQVJEX0NSRUFURSIsIlRFTkFOVF9QTEFURk9STV9SRVRSSUVWRSIsIlRFTkFOVF9SRVRSSUVWRV9CWV9CVVlFUl9QTEFURk9STSIsIlRFTkFOVF9TVUJfQUxMSUFOQ0VfUkVUUklFVkVfQUxMIiwiVEVOQU5UX1BST0RVQ1RfUkVUUklFVkUiLCJURU5BTlRfQUNDT1VOVF9ERUxFVEUiLCJURU5BTlRfQUxMSUFOQ0VfUkVUUklFVkUiLCJURU5BTlRfUExBVEZPUk1fVVBEQVRFIiwiVEVOQU5UX0lOVklUQVRJT05fQ1JFQVRFIiwiVEVOQU5UX1JBVEVDQVJEX1JFVFJJRVZFIiwiVEVOQU5UX09SR0FOSVpBVElPTl9VUERBVEUiLCJURU5BTlRfUkFURUNBUkRfVVBEQVRFIiwiVEVOQU5UX09SR0FOSVpBVElPTl9ERUxFVEUiLCJURU5BTlRfUExBVEZPUk1fREVMRVRFIiwiVEVOQU5UX1BST0RVQ1RfQ1JFQVRFIiwiVEVOQU5UX1NVQl9BTExJQU5DRV9DUkVBVEUiLCJURU5BTlRfUkFURUNBUkRfREVMRVRFIiwiVEVOQU5UX0FDQ09VTlRfQ1JFQVRFIiwiVEVOQU5UX0lOVklUQVRJT05fVVBEQVRFIiwiVEVOQU5UX1JFVFJJRVZFX1RFTkFOVCIsIlRFTkFOVF9JTlZJVEFUSU9OX0RFTEVURSIsIlRFTkFOVF9ORUdPVElBVElPTl9BUFBST1ZBTF9TVVBFUl9BRE1JTiIsIlRFTkFOVF9ORUdPVElBVElPTl9SRVRSSUVWRV9BTExfQkVUV0VFTl9CVVlFUl9TRUxMRVIiLCJURU5BTlRfUkVUUklFVkVfVEVOQU5UX0FMTCIsIlRFTkFOVF9ORUdPVElBVElPTl9DUkVBVEUiLCJURU5BTlRfVVBEQVRFX1RFTkFOVCIsIlRFTkFOVF9PUkdBTklaQVRJT05fUkVUUklFVkUiLCJURU5BTlRfQUNDT1VOVF9VUERBVEUiLCJURU5BTlRfUFJPRFVDVF9ERUxFVEUiLCJURU5BTlRfU1VCX0FMTElBTkNFX0RFTEVURSIsIlRFTkFOVF9ORUdPVElBVElPTl9BUFBST1ZBTF9TRUxMRVIiLCJURU5BTlRfU1VCX0FMTElBTkNFX1VQREFURSIsIlRFTkFOVF9QUk9EVUNUX1VQREFURSIsIlRFTkFOVF9BQ0NPVU5UX1JFVFJJRVZFIiwiVEVOQU5UX05FR09USUFUSU9OX1JFVFJJRVZFIiwiVEVOQU5UX0RFTEVURV9URU5BTlQiXX0sIlBBU0NBTF9JTlRFTExJR0VOQ0VfbW9iaXVzIjp7InJvbGVzIjpbIlRFTkFOVF9DT05URVhUX0RFTEVURSIsIlRFTkFOVF9DT05URVhUX1VQREFURSIsIlRFTkFOVF9CSUdRVUVSWV9SRVRSSUVWRSIsIlRFTkFOVF9CSUdRVUVSWV9VUERBVEUiLCJURU5BTlRfVU5JVkVSU0VfQ1JFQVRFIiwiVEVOQU5UX0NPSE9SVFNfUkVUUklFVkUiLCJURU5BTlRfQklHUVVFUllfQ1JFQVRFIiwiVEVOQU5UX0JJR1FVRVJZX0VWQUxVQVRFIiwiVEVOQU5UX0NPSE9SVFNfVVBEQVRFIiwiVEVOQU5UX0NPTlRFWFRfUkVUUklFVkUiLCJURU5BTlRfVU5JVkVSU0VfUkVUUklFVkUiLCJURU5BTlRfQ09IT1JUU19FVkFMVUFURSIsIlRFTkFOVF9CSUdRVUVSWV9ERUxFVEUiLCJURU5BTlRfU0NIRU1BX0NSRUFURSIsIlBBU0NBTF9JTlRFTExJR0VOQ0VfVVNFUiIsIlRFTkFOVF9DT0hPUlRTX0NSRUFURSIsIlRFTkFOVF9TQ0hFTUFfVVBEQVRFIiwiVEVOQU5UX0NPTlRFWFRfQVBQUk9WRSIsIlRFTkFOVF9VTklWRVJTRV9VUERBVEUiLCJURU5BTlRfQklHUVVFUllfQVBQUk9WRSIsIlRFTkFOVF9TQ0hFTUFfUkVUUklFVkUiLCJURU5BTlRfU0NIRU1BX0FQUFJPVkUiLCJURU5BTlRfQ09OVEVYVF9FVkFMVUFURSIsIlRFTkFOVF9TQ0hFTUFfREVMRVRFIiwiVEVOQU5UX0NPTlRFWFRfQ1JFQVRFIiwiVEVOQU5UX1NDSEVNQV9EQVRBX1JFVFJJRVZFIiwiVEVOQU5UX1NDSEVNQV9EQVRBX0RFTEVURSIsIlRFTkFOVF9TQ0hFTUFfREFUQV9VUERBVEUiLCJURU5BTlRfQ09IT1JUU19ERUxFVEUiLCJURU5BTlRfVU5JVkVSU0VfREVMRVRFIiwiVEVOQU5UX1NDSEVNQV9EQVRBX0lOR0VTVElPTiIsIlRFTkFOVF9DT0hPUlRTX0FQUFJPVkUiXX0sIk1PTkVUX21vYml1cyI6eyJyb2xlcyI6WyJURU5BTlRfQVBQTEVUU19SRVRSSUVWRV9BTExfUFVCTElTSEVEIiwiVEVOQU5UX1dJREdFVFNfUkVUUklFVkVfRFJBRlQiLCJURU5BTlRfV0lER0VUU19VUERBVEUiLCJURU5BTlRfQVBQTEVUU19ERUxFVEUiLCJURU5BTlRfV0lER0VUU19ERUxFVEUiLCJURU5BTlRfUExVR0lOX0NBVEVHT1JZX1JFVFJJRVZFX0FMTCIsIlRFTkFOVF9BUFBMRVRTX1VQREFURV9ISVNUT1JZIiwiVEVOQU5UX0VYUEVSSUVOQ0VTX0NSRUFURSIsIlRFTkFOVF9XSURHRVRTX1JFVFJJRVZFX1BVQkxJU0giLCJURU5BTlRfUExVR0lOX0NBVEVHT1JZX0NSRUFURSIsIlRFTkFOVF9ERVBFTkRFTkNZX1JFVFJJRVZFX0FMTCIsIlRFTkFOVF9XSURHRVRTX1BVQkxJU0giLCJURU5BTlRfUkVUUklFVkVfRklFTERTX09GX1BVQkxJU0hFRCIsIlRFTkFOVF9FWFBFUklFTkNFU19VUERBVEUiLCJURU5BTlRfQVBQTEVUU19DUkVBVEUiLCJURU5BTlRfUExVR0lOU19ERUxFVEUiLCJURU5BTlRfQVBQTEVUU19SRVRSSUVWRV9BTExfRFJBRlQiLCJURU5BTlRfUExVR0lOU19VUERBVEUiLCJURU5BTlRfQVBQTEVUU19SRVRSSUVWRV9GUk9NX0hJU1RPUlkiLCJURU5BTlRfUkVUUklFVkVfRklFTERTX09GX0RSQUZUIiwiVEVOQU5UX0FQUExFVFNfUkVUUklFVkVfUFVCTElTSEVEIiwiVEVOQU5UX0FQUExFVFNfUFVCTElTSEVEIiwiVEVOQU5UX1dJREdFVFNfUkVUUklFVkUiLCJURU5BTlRfUExVR0lOX0NBVEVHT1JZX0RFTEVURSIsIlRFTkFOVF9QTFVHSU5fQ0FURUdPUllfUFVCTElTSCIsIlRFTkFOVF9QTFVHSU5fQ0FURUdPUllfREVMRVRFX0NPTVBfRlJPTSIsIlRFTkFOVF9SRVRSSUVWRV9QVUJMSVNIRUQiLCJURU5BTlRfUExVR0lOU19SRVRSSUVWRSIsIlRFTkFOVF9QTFVHSU5TX0NSRUFURSIsIlRFTkFOVF9XSURHRVRTX0NSRUFURSIsIlRFTkFOVF9BUFBMRVRTX1JFVFJJRVZFX0FMTF9QVUJMSVNIRURfVEhVTUJOQUlMUyIsIk1PTkVUX1VTRVIiLCJURU5BTlRfRVhQRVJJRU5DRVNfREVMRVRFIiwiVEVOQU5UX0VYUEVSSUVOQ0VTX1BVQkxJU0giLCJURU5BTlRfUkVUUklFVkVfRlJPTV9ISVNUT1JZIiwiVEVOQU5UX1BMVUdJTl9DQVRFR09SWV9VUERBVEUiXX0sIlZJTkNJX21vYml1cyI6eyJyb2xlcyI6WyJWSU5DSV9VU0VSIl19LCJhY2NvdW50Ijp7InJvbGVzIjpbIm1hbmFnZS1hY2NvdW50IiwibWFuYWdlLWFjY291bnQtbGlua3MiLCJ2aWV3LXByb2ZpbGUiXX19LCJzY29wZSI6InByb2ZpbGUgZW1haWwiLCJyZXF1ZXN0ZXJUeXBlIjoiVEVOQU5UIiwiZW1haWxfdmVyaWZpZWQiOnRydWUsIm5hbWUiOiJBaWR0YWFzIEFpZHRhYXMiLCJ0ZW5hbnRJZCI6IjJjZjc2ZTVmLTI2YWQtNGYyYy1iY2NjLWY0YmMxZTdiZmI2NCIsInByZWZlcnJlZF91c2VybmFtZSI6InBhc3N3b3JkX3RlbmFudF9haWR0YWFzQGdhaWFuc29sdXRpb25zLmNvbSIsImdpdmVuX25hbWUiOiJBaWR0YWFzIiwiZmFtaWx5X25hbWUiOiJBaWR0YWFzIiwiZW1haWwiOiJwYXNzd29yZF90ZW5hbnRfYWlkdGFhc0BnYWlhbnNvbHV0aW9ucy5jb20ifQ.G22UWdZfpDy2T8neTapxgOEwLcTJnbjop5nrm13HlhaUON7HfGI1b-n7D7FRAcRr2u7xBEE7MwJ3OSJyfjIQamrmV1U0PYtVogiw3EQcp41YWWAnpuaG41KiZvYuxGdFO1uADRRSrbnzDP44nnh75gQxL-s_blP160DEyu4gIfJ3f3Vz_wI_6yZ1aqpsz-8r8YpbeQbgrcV577yF2lTbmavmNDA6R_FW2rF8Y-mLfFbhAkQqmpuYDWdXv7_cyOmECs53ROlGzPd-DIUi1mw9_Af0tIC6DKh1nbbp16VPKqzmCPVfI1VGNZSCzVYOAr-XApRi0JZ39ub0aO1FsZzCjA
Cookies:		&lt;none&gt;
Multiparts:		&lt;none&gt;
Body:			&lt;none&gt;

HTTP/1.1 401 Unauthorized
www-authenticate: Bearer realm=&quot;https://ig.aidtaas.com/mobius-payment-service/v1.0/client-details/KobXXOQGX&quot;, error=&quot;invalid_token&quot;
content-length: 14
content-type: text/plain
date: Fri, 21 Feb 2025 06:21:44 GMT
server: istio-envoy
x-envoy-upstream-service-time: 3

Jwt is expired
</system-out>
  </testcase>
  <testcase classname="unit4cases.EvoMaster_others_Test" name="test_15" time="0.082">
    <failure message="1 expectation failed.
Expected content-type &quot;application/json&quot; doesn&apos;t match actual content-type &quot;text/plain&quot;.
" type="java.lang.AssertionError">java.lang.AssertionError: 1 expectation failed.
Expected content-type &quot;application/json&quot; doesn&apos;t match actual content-type &quot;text/plain&quot;.

	at java.base/jdk.internal.reflect.DirectConstructorHandleAccessor.newInstance(DirectConstructorHandleAccessor.java:62)
	at java.base/java.lang.reflect.Constructor.newInstanceWithCaller(Constructor.java:502)
	at java.base/java.lang.reflect.Constructor.newInstance(Constructor.java:486)
	at org.codehaus.groovy.reflection.CachedConstructor.invoke(CachedConstructor.java:73)
	at org.codehaus.groovy.runtime.callsite.ConstructorSite$ConstructorSiteNoUnwrapNoCoerce.callConstructor(ConstructorSite.java:108)
	at org.codehaus.groovy.runtime.callsite.AbstractCallSite.callConstructor(AbstractCallSite.java:277)
	at io.restassured.internal.ResponseSpecificationImpl$HamcrestAssertionClosure.validate(ResponseSpecificationImpl.groovy:512)
	at io.restassured.internal.ResponseSpecificationImpl$HamcrestAssertionClosure$validate$1.call(Unknown Source)
	at io.restassured.internal.ResponseSpecificationImpl.validateResponseIfRequired(ResponseSpecificationImpl.groovy:696)
	at io.restassured.internal.ResponseSpecificationImpl.this$2$validateResponseIfRequired(ResponseSpecificationImpl.groovy)
	at java.base/jdk.internal.reflect.DirectMethodHandleAccessor.invoke(DirectMethodHandleAccessor.java:103)
	at java.base/java.lang.reflect.Method.invoke(Method.java:580)
	at org.codehaus.groovy.runtime.callsite.PlainObjectMetaMethodSite.doInvoke(PlainObjectMetaMethodSite.java:43)
	at org.codehaus.groovy.runtime.callsite.PogoMetaMethodSite$PogoCachedMethodSiteNoUnwrapNoCoerce.invoke(PogoMetaMethodSite.java:198)
	at org.codehaus.groovy.runtime.callsite.PogoMetaMethodSite.callCurrent(PogoMetaMethodSite.java:62)
	at org.codehaus.groovy.runtime.callsite.AbstractCallSite.callCurrent(AbstractCallSite.java:185)
	at io.restassured.internal.ResponseSpecificationImpl.contentType(ResponseSpecificationImpl.groovy:443)
	at io.restassured.internal.ValidatableResponseOptionsImpl.contentType(ValidatableResponseOptionsImpl.java:226)
	at unit4cases.EvoMaster_others_Test.test_15(EvoMaster_others_Test.java:503)
	at java.base/jdk.internal.reflect.DirectMethodHandleAccessor.invoke(DirectMethodHandleAccessor.java:103)
	at java.base/java.lang.reflect.Method.invoke(Method.java:580)
	at org.junit.runners.model.FrameworkMethod$1.runReflectiveCall(FrameworkMethod.java:59)
	at org.junit.internal.runners.model.ReflectiveCallable.run(ReflectiveCallable.java:12)
	at org.junit.runners.model.FrameworkMethod.invokeExplosively(FrameworkMethod.java:56)
	at org.junit.internal.runners.statements.InvokeMethod.evaluate(InvokeMethod.java:17)
	at org.junit.internal.runners.statements.FailOnTimeout$CallableStatement.call(FailOnTimeout.java:299)
	at org.junit.internal.runners.statements.FailOnTimeout$CallableStatement.call(FailOnTimeout.java:293)
	at java.base/java.util.concurrent.FutureTask.run(FutureTask.java:317)
	at java.base/java.lang.Thread.run(Thread.java:1583)
</failure>
    <system-out>Request method:	GET
Request URI:	https://ig.aidtaas.com/mobius-payment-service/v1.0/client-details/sp4p
Proxy:			&lt;none&gt;
Request params:	&lt;none&gt;
Query params:	&lt;none&gt;
Form params:	&lt;none&gt;
Path params:	&lt;none&gt;
Headers:		Accept=application/json
				Authorization=Bearer  eyJhbGciOiJSUzI1NiIsInR5cCIgOiAiSldUIiwia2lkIiA6ICI3Ny1NUVdFRTNHZE5adGlsWU5IYmpsa2dVSkpaWUJWVmN1UmFZdHl5ejFjIn0.eyJleHAiOjE3NDAwODgxMjAsImlhdCI6MTc0MDA1MjEyMCwianRpIjoiYjc4MDZhYTYtZWE3MS00NWJkLWI5ODMtOWU3MDE4OTc4NTYzIiwiaXNzIjoiaHR0cDovL2tleWNsb2FrLXNlcnZpY2Uua2V5Y2xvYWsuc3ZjLmNsdXN0ZXIubG9jYWw6ODA4MC9yZWFsbXMvbWFzdGVyIiwiYXVkIjpbIkJPTFRaTUFOTl9CT1RfbW9iaXVzIiwiUEFTQ0FMX0lOVEVMTElHRU5DRV9tb2JpdXMiLCJNT05FVF9tb2JpdXMiLCJWSU5DSV9tb2JpdXMiLCJhY2NvdW50Il0sInN1YiI6IjJjZjc2ZTVmLTI2YWQtNGYyYy1iY2NjLWY0YmMxZTdiZmI2NCIsInR5cCI6IkJlYXJlciIsImF6cCI6IkhPTEFDUkFDWV9tb2JpdXMiLCJzaWQiOiJmNjcwYzZjMi03OWYzLTQ2YzctOTE5Yy1hNTNhYmRiNTgwNDMiLCJhY3IiOiIxIiwiYWxsb3dlZC1vcmlnaW5zIjpbIi8qIl0sInJlYWxtX2FjY2VzcyI6eyJyb2xlcyI6WyJkZWZhdWx0LXJvbGVzLW1hc3RlciIsIkhDWV9URU5BTlRfQ1VTVE9NIiwib2ZmbGluZV9hY2Nlc3MiLCJCT0JfVEVOQU5UX0NVU1RPTSIsInVtYV9hdXRob3JpemF0aW9uIiwiUElfVEVOQU5UX0NVU1RPTSIsIk1PTkVUX1RFTkFOVF9DVVNUT00iXX0sInJlc291cmNlX2FjY2VzcyI6eyJCT0xUWk1BTk5fQk9UX21vYml1cyI6eyJyb2xlcyI6WyJURU5BTlRfV09SS0ZMT1dfU1VTUEVORF9QUk9DRVNTX0RFRklOSVRJT04iLCJURU5BTlRfV09SS0ZMT1dfU1VTUEVORF9JTlNUQU5DRSIsIlRFTkFOVF9XT1JLRkxPV19SRVRSSUVWRV9BTEwiLCJURU5BTlRfV09SS0ZMT1dfQUNUSVZBVEVfSU5TVEFOQ0UiLCJURU5BTlRfV09SS0ZMT1dfRVhFQ1VURSIsIlRFTkFOVF9XT1JLRkxPV19SRVRSSUVWRV9IT01FIiwiVEVOQU5UX1dPUktGTE9XX1JFVFJJRVZFX1NVU1BFTkRFRF9QUk9DRVNTX0RFRlMiLCJURU5BTlRfV09SS0ZMT1dfQUNUSVZBVEVfUlVOX0pPQiIsIlRFTkFOVF9XT1JLRkxPV19TVEFUVVMiLCJURU5BTlRfV09SS0ZMT1dfQ1JFQVRFIiwiVEVOQU5UX1dPUktGTE9XX0FDVElWSVRZX0RBVEFfQ09VTlQiLCJCT0xUWk1BTk5fQk9UX1VTRVIiLCJURU5BTlRfV09SS0ZMT1dfREVQTE9ZX1ZFUlNJT04iLCJURU5BTlRfV09SS0ZMT1dfSU1QT1JUIiwiVEVOQU5UX1dPUktGTE9XX1VQREFURSIsIlRFTkFOVF9XT1JLRkxPV19ERVBMT1kiLCJURU5BTlRfV09SS0ZMT1dfU1VTUEVORF9SVU5fSk9CIiwiVEVOQU5UX1dPUktGTE9XX1JFVFJJRVZFIiwiVEVOQU5UX1dPUktGTE9XX0RFTEVURSIsIlRFTkFOVF9XT1JLRkxPV19UUklHR0VSX01FU1NBR0VfTElTVEVORVIiXX0sIkhPTEFDUkFDWV9tb2JpdXMiOnsicm9sZXMiOlsiVEVOQU5UX1BST0RVQ1RfUkVUUklFVkVfTUFTVEVSX0NPTkZJRyIsIlRFTkFOVF9JTlZJVEFUSU9OX1JFU1BPTkQiLCJURU5BTlRfTkVHT1RJQVRJT05fQVBQUk9WQUxfQlVZRVIiLCJURU5BTlRfSU5WSVRBVElPTl9SRVRSSUVWRSIsIlRFTkFOVF9PUkdBTklaQVRJT05fQ1JFQVRFIiwiVEVOQU5UX0NSRUFURV9URU5BTlQiLCJURU5BTlRfU1VCX0FMTElBTkNFX1JFVFJJRVZFIiwiVEVOQU5UX1BMQVRGT1JNX0NSRUFURSIsIkhPTEFDUkFDWV9VU0VSIiwiVEVOQU5UX1JBVEVDQVJEX0NSRUFURSIsIlRFTkFOVF9QTEFURk9STV9SRVRSSUVWRSIsIlRFTkFOVF9SRVRSSUVWRV9CWV9CVVlFUl9QTEFURk9STSIsIlRFTkFOVF9TVUJfQUxMSUFOQ0VfUkVUUklFVkVfQUxMIiwiVEVOQU5UX1BST0RVQ1RfUkVUUklFVkUiLCJURU5BTlRfQUNDT1VOVF9ERUxFVEUiLCJURU5BTlRfQUxMSUFOQ0VfUkVUUklFVkUiLCJURU5BTlRfUExBVEZPUk1fVVBEQVRFIiwiVEVOQU5UX0lOVklUQVRJT05fQ1JFQVRFIiwiVEVOQU5UX1JBVEVDQVJEX1JFVFJJRVZFIiwiVEVOQU5UX09SR0FOSVpBVElPTl9VUERBVEUiLCJURU5BTlRfUkFURUNBUkRfVVBEQVRFIiwiVEVOQU5UX09SR0FOSVpBVElPTl9ERUxFVEUiLCJURU5BTlRfUExBVEZPUk1fREVMRVRFIiwiVEVOQU5UX1BST0RVQ1RfQ1JFQVRFIiwiVEVOQU5UX1NVQl9BTExJQU5DRV9DUkVBVEUiLCJURU5BTlRfUkFURUNBUkRfREVMRVRFIiwiVEVOQU5UX0FDQ09VTlRfQ1JFQVRFIiwiVEVOQU5UX0lOVklUQVRJT05fVVBEQVRFIiwiVEVOQU5UX1JFVFJJRVZFX1RFTkFOVCIsIlRFTkFOVF9JTlZJVEFUSU9OX0RFTEVURSIsIlRFTkFOVF9ORUdPVElBVElPTl9BUFBST1ZBTF9TVVBFUl9BRE1JTiIsIlRFTkFOVF9ORUdPVElBVElPTl9SRVRSSUVWRV9BTExfQkVUV0VFTl9CVVlFUl9TRUxMRVIiLCJURU5BTlRfUkVUUklFVkVfVEVOQU5UX0FMTCIsIlRFTkFOVF9ORUdPVElBVElPTl9DUkVBVEUiLCJURU5BTlRfVVBEQVRFX1RFTkFOVCIsIlRFTkFOVF9PUkdBTklaQVRJT05fUkVUUklFVkUiLCJURU5BTlRfQUNDT1VOVF9VUERBVEUiLCJURU5BTlRfUFJPRFVDVF9ERUxFVEUiLCJURU5BTlRfU1VCX0FMTElBTkNFX0RFTEVURSIsIlRFTkFOVF9ORUdPVElBVElPTl9BUFBST1ZBTF9TRUxMRVIiLCJURU5BTlRfU1VCX0FMTElBTkNFX1VQREFURSIsIlRFTkFOVF9QUk9EVUNUX1VQREFURSIsIlRFTkFOVF9BQ0NPVU5UX1JFVFJJRVZFIiwiVEVOQU5UX05FR09USUFUSU9OX1JFVFJJRVZFIiwiVEVOQU5UX0RFTEVURV9URU5BTlQiXX0sIlBBU0NBTF9JTlRFTExJR0VOQ0VfbW9iaXVzIjp7InJvbGVzIjpbIlRFTkFOVF9DT05URVhUX0RFTEVURSIsIlRFTkFOVF9DT05URVhUX1VQREFURSIsIlRFTkFOVF9CSUdRVUVSWV9SRVRSSUVWRSIsIlRFTkFOVF9CSUdRVUVSWV9VUERBVEUiLCJURU5BTlRfVU5JVkVSU0VfQ1JFQVRFIiwiVEVOQU5UX0NPSE9SVFNfUkVUUklFVkUiLCJURU5BTlRfQklHUVVFUllfQ1JFQVRFIiwiVEVOQU5UX0JJR1FVRVJZX0VWQUxVQVRFIiwiVEVOQU5UX0NPSE9SVFNfVVBEQVRFIiwiVEVOQU5UX0NPTlRFWFRfUkVUUklFVkUiLCJURU5BTlRfVU5JVkVSU0VfUkVUUklFVkUiLCJURU5BTlRfQ09IT1JUU19FVkFMVUFURSIsIlRFTkFOVF9CSUdRVUVSWV9ERUxFVEUiLCJURU5BTlRfU0NIRU1BX0NSRUFURSIsIlBBU0NBTF9JTlRFTExJR0VOQ0VfVVNFUiIsIlRFTkFOVF9DT0hPUlRTX0NSRUFURSIsIlRFTkFOVF9TQ0hFTUFfVVBEQVRFIiwiVEVOQU5UX0NPTlRFWFRfQVBQUk9WRSIsIlRFTkFOVF9VTklWRVJTRV9VUERBVEUiLCJURU5BTlRfQklHUVVFUllfQVBQUk9WRSIsIlRFTkFOVF9TQ0hFTUFfUkVUUklFVkUiLCJURU5BTlRfU0NIRU1BX0FQUFJPVkUiLCJURU5BTlRfQ09OVEVYVF9FVkFMVUFURSIsIlRFTkFOVF9TQ0hFTUFfREVMRVRFIiwiVEVOQU5UX0NPTlRFWFRfQ1JFQVRFIiwiVEVOQU5UX1NDSEVNQV9EQVRBX1JFVFJJRVZFIiwiVEVOQU5UX1NDSEVNQV9EQVRBX0RFTEVURSIsIlRFTkFOVF9TQ0hFTUFfREFUQV9VUERBVEUiLCJURU5BTlRfQ09IT1JUU19ERUxFVEUiLCJURU5BTlRfVU5JVkVSU0VfREVMRVRFIiwiVEVOQU5UX1NDSEVNQV9EQVRBX0lOR0VTVElPTiIsIlRFTkFOVF9DT0hPUlRTX0FQUFJPVkUiXX0sIk1PTkVUX21vYml1cyI6eyJyb2xlcyI6WyJURU5BTlRfQVBQTEVUU19SRVRSSUVWRV9BTExfUFVCTElTSEVEIiwiVEVOQU5UX1dJREdFVFNfUkVUUklFVkVfRFJBRlQiLCJURU5BTlRfV0lER0VUU19VUERBVEUiLCJURU5BTlRfQVBQTEVUU19ERUxFVEUiLCJURU5BTlRfV0lER0VUU19ERUxFVEUiLCJURU5BTlRfUExVR0lOX0NBVEVHT1JZX1JFVFJJRVZFX0FMTCIsIlRFTkFOVF9BUFBMRVRTX1VQREFURV9ISVNUT1JZIiwiVEVOQU5UX0VYUEVSSUVOQ0VTX0NSRUFURSIsIlRFTkFOVF9XSURHRVRTX1JFVFJJRVZFX1BVQkxJU0giLCJURU5BTlRfUExVR0lOX0NBVEVHT1JZX0NSRUFURSIsIlRFTkFOVF9ERVBFTkRFTkNZX1JFVFJJRVZFX0FMTCIsIlRFTkFOVF9XSURHRVRTX1BVQkxJU0giLCJURU5BTlRfUkVUUklFVkVfRklFTERTX09GX1BVQkxJU0hFRCIsIlRFTkFOVF9FWFBFUklFTkNFU19VUERBVEUiLCJURU5BTlRfQVBQTEVUU19DUkVBVEUiLCJURU5BTlRfUExVR0lOU19ERUxFVEUiLCJURU5BTlRfQVBQTEVUU19SRVRSSUVWRV9BTExfRFJBRlQiLCJURU5BTlRfUExVR0lOU19VUERBVEUiLCJURU5BTlRfQVBQTEVUU19SRVRSSUVWRV9GUk9NX0hJU1RPUlkiLCJURU5BTlRfUkVUUklFVkVfRklFTERTX09GX0RSQUZUIiwiVEVOQU5UX0FQUExFVFNfUkVUUklFVkVfUFVCTElTSEVEIiwiVEVOQU5UX0FQUExFVFNfUFVCTElTSEVEIiwiVEVOQU5UX1dJREdFVFNfUkVUUklFVkUiLCJURU5BTlRfUExVR0lOX0NBVEVHT1JZX0RFTEVURSIsIlRFTkFOVF9QTFVHSU5fQ0FURUdPUllfUFVCTElTSCIsIlRFTkFOVF9QTFVHSU5fQ0FURUdPUllfREVMRVRFX0NPTVBfRlJPTSIsIlRFTkFOVF9SRVRSSUVWRV9QVUJMSVNIRUQiLCJURU5BTlRfUExVR0lOU19SRVRSSUVWRSIsIlRFTkFOVF9QTFVHSU5TX0NSRUFURSIsIlRFTkFOVF9XSURHRVRTX0NSRUFURSIsIlRFTkFOVF9BUFBMRVRTX1JFVFJJRVZFX0FMTF9QVUJMSVNIRURfVEhVTUJOQUlMUyIsIk1PTkVUX1VTRVIiLCJURU5BTlRfRVhQRVJJRU5DRVNfREVMRVRFIiwiVEVOQU5UX0VYUEVSSUVOQ0VTX1BVQkxJU0giLCJURU5BTlRfUkVUUklFVkVfRlJPTV9ISVNUT1JZIiwiVEVOQU5UX1BMVUdJTl9DQVRFR09SWV9VUERBVEUiXX0sIlZJTkNJX21vYml1cyI6eyJyb2xlcyI6WyJWSU5DSV9VU0VSIl19LCJhY2NvdW50Ijp7InJvbGVzIjpbIm1hbmFnZS1hY2NvdW50IiwibWFuYWdlLWFjY291bnQtbGlua3MiLCJ2aWV3LXByb2ZpbGUiXX19LCJzY29wZSI6InByb2ZpbGUgZW1haWwiLCJyZXF1ZXN0ZXJUeXBlIjoiVEVOQU5UIiwiZW1haWxfdmVyaWZpZWQiOnRydWUsIm5hbWUiOiJBaWR0YWFzIEFpZHRhYXMiLCJ0ZW5hbnRJZCI6IjJjZjc2ZTVmLTI2YWQtNGYyYy1iY2NjLWY0YmMxZTdiZmI2NCIsInByZWZlcnJlZF91c2VybmFtZSI6InBhc3N3b3JkX3RlbmFudF9haWR0YWFzQGdhaWFuc29sdXRpb25zLmNvbSIsImdpdmVuX25hbWUiOiJBaWR0YWFzIiwiZmFtaWx5X25hbWUiOiJBaWR0YWFzIiwiZW1haWwiOiJwYXNzd29yZF90ZW5hbnRfYWlkdGFhc0BnYWlhbnNvbHV0aW9ucy5jb20ifQ.G22UWdZfpDy2T8neTapxgOEwLcTJnbjop5nrm13HlhaUON7HfGI1b-n7D7FRAcRr2u7xBEE7MwJ3OSJyfjIQamrmV1U0PYtVogiw3EQcp41YWWAnpuaG41KiZvYuxGdFO1uADRRSrbnzDP44nnh75gQxL-s_blP160DEyu4gIfJ3f3Vz_wI_6yZ1aqpsz-8r8YpbeQbgrcV577yF2lTbmavmNDA6R_FW2rF8Y-mLfFbhAkQqmpuYDWdXv7_cyOmECs53ROlGzPd-DIUi1mw9_Af0tIC6DKh1nbbp16VPKqzmCPVfI1VGNZSCzVYOAr-XApRi0JZ39ub0aO1FsZzCjA
Cookies:		&lt;none&gt;
Multiparts:		&lt;none&gt;
Body:			&lt;none&gt;

HTTP/1.1 401 Unauthorized
www-authenticate: Bearer realm=&quot;https://ig.aidtaas.com/mobius-payment-service/v1.0/client-details/sp4p&quot;, error=&quot;invalid_token&quot;
content-length: 14
content-type: text/plain
date: Fri, 21 Feb 2025 06:21:44 GMT
server: istio-envoy
x-envoy-upstream-service-time: 3

Jwt is expired
</system-out>
  </testcase>
  <testcase classname="unit4cases.EvoMaster_others_Test" name="test_16" time="0.084">
    <failure message="1 expectation failed.
Expected content-type &quot;application/json&quot; doesn&apos;t match actual content-type &quot;text/plain&quot;.
" type="java.lang.AssertionError">java.lang.AssertionError: 1 expectation failed.
Expected content-type &quot;application/json&quot; doesn&apos;t match actual content-type &quot;text/plain&quot;.

	at java.base/jdk.internal.reflect.DirectConstructorHandleAccessor.newInstance(DirectConstructorHandleAccessor.java:62)
	at java.base/java.lang.reflect.Constructor.newInstanceWithCaller(Constructor.java:502)
	at java.base/java.lang.reflect.Constructor.newInstance(Constructor.java:486)
	at org.codehaus.groovy.reflection.CachedConstructor.invoke(CachedConstructor.java:73)
	at org.codehaus.groovy.runtime.callsite.ConstructorSite$ConstructorSiteNoUnwrapNoCoerce.callConstructor(ConstructorSite.java:108)
	at org.codehaus.groovy.runtime.callsite.AbstractCallSite.callConstructor(AbstractCallSite.java:277)
	at io.restassured.internal.ResponseSpecificationImpl$HamcrestAssertionClosure.validate(ResponseSpecificationImpl.groovy:512)
	at io.restassured.internal.ResponseSpecificationImpl$HamcrestAssertionClosure$validate$1.call(Unknown Source)
	at io.restassured.internal.ResponseSpecificationImpl.validateResponseIfRequired(ResponseSpecificationImpl.groovy:696)
	at io.restassured.internal.ResponseSpecificationImpl.this$2$validateResponseIfRequired(ResponseSpecificationImpl.groovy)
	at java.base/jdk.internal.reflect.DirectMethodHandleAccessor.invoke(DirectMethodHandleAccessor.java:103)
	at java.base/java.lang.reflect.Method.invoke(Method.java:580)
	at org.codehaus.groovy.runtime.callsite.PlainObjectMetaMethodSite.doInvoke(PlainObjectMetaMethodSite.java:43)
	at org.codehaus.groovy.runtime.callsite.PogoMetaMethodSite$PogoCachedMethodSiteNoUnwrapNoCoerce.invoke(PogoMetaMethodSite.java:198)
	at org.codehaus.groovy.runtime.callsite.PogoMetaMethodSite.callCurrent(PogoMetaMethodSite.java:62)
	at org.codehaus.groovy.runtime.callsite.AbstractCallSite.callCurrent(AbstractCallSite.java:185)
	at io.restassured.internal.ResponseSpecificationImpl.contentType(ResponseSpecificationImpl.groovy:443)
	at io.restassured.internal.ValidatableResponseOptionsImpl.contentType(ValidatableResponseOptionsImpl.java:226)
	at unit4cases.EvoMaster_others_Test.test_16(EvoMaster_others_Test.java:529)
	at java.base/jdk.internal.reflect.DirectMethodHandleAccessor.invoke(DirectMethodHandleAccessor.java:103)
	at java.base/java.lang.reflect.Method.invoke(Method.java:580)
	at org.junit.runners.model.FrameworkMethod$1.runReflectiveCall(FrameworkMethod.java:59)
	at org.junit.internal.runners.model.ReflectiveCallable.run(ReflectiveCallable.java:12)
	at org.junit.runners.model.FrameworkMethod.invokeExplosively(FrameworkMethod.java:56)
	at org.junit.internal.runners.statements.InvokeMethod.evaluate(InvokeMethod.java:17)
	at org.junit.internal.runners.statements.FailOnTimeout$CallableStatement.call(FailOnTimeout.java:299)
	at org.junit.internal.runners.statements.FailOnTimeout$CallableStatement.call(FailOnTimeout.java:293)
	at java.base/java.util.concurrent.FutureTask.run(FutureTask.java:317)
	at java.base/java.lang.Thread.run(Thread.java:1583)
</failure>
    <system-out>Request method:	DELETE
Request URI:	https://ig.aidtaas.com/mobius-payment-service/v1.0/client-gateways/E0EXMde
Proxy:			&lt;none&gt;
Request params:	&lt;none&gt;
Query params:	&lt;none&gt;
Form params:	&lt;none&gt;
Path params:	&lt;none&gt;
Headers:		Accept=application/json
				Authorization=Bearer  eyJhbGciOiJSUzI1NiIsInR5cCIgOiAiSldUIiwia2lkIiA6ICI3Ny1NUVdFRTNHZE5adGlsWU5IYmpsa2dVSkpaWUJWVmN1UmFZdHl5ejFjIn0.eyJleHAiOjE3NDAwODgxMjAsImlhdCI6MTc0MDA1MjEyMCwianRpIjoiYjc4MDZhYTYtZWE3MS00NWJkLWI5ODMtOWU3MDE4OTc4NTYzIiwiaXNzIjoiaHR0cDovL2tleWNsb2FrLXNlcnZpY2Uua2V5Y2xvYWsuc3ZjLmNsdXN0ZXIubG9jYWw6ODA4MC9yZWFsbXMvbWFzdGVyIiwiYXVkIjpbIkJPTFRaTUFOTl9CT1RfbW9iaXVzIiwiUEFTQ0FMX0lOVEVMTElHRU5DRV9tb2JpdXMiLCJNT05FVF9tb2JpdXMiLCJWSU5DSV9tb2JpdXMiLCJhY2NvdW50Il0sInN1YiI6IjJjZjc2ZTVmLTI2YWQtNGYyYy1iY2NjLWY0YmMxZTdiZmI2NCIsInR5cCI6IkJlYXJlciIsImF6cCI6IkhPTEFDUkFDWV9tb2JpdXMiLCJzaWQiOiJmNjcwYzZjMi03OWYzLTQ2YzctOTE5Yy1hNTNhYmRiNTgwNDMiLCJhY3IiOiIxIiwiYWxsb3dlZC1vcmlnaW5zIjpbIi8qIl0sInJlYWxtX2FjY2VzcyI6eyJyb2xlcyI6WyJkZWZhdWx0LXJvbGVzLW1hc3RlciIsIkhDWV9URU5BTlRfQ1VTVE9NIiwib2ZmbGluZV9hY2Nlc3MiLCJCT0JfVEVOQU5UX0NVU1RPTSIsInVtYV9hdXRob3JpemF0aW9uIiwiUElfVEVOQU5UX0NVU1RPTSIsIk1PTkVUX1RFTkFOVF9DVVNUT00iXX0sInJlc291cmNlX2FjY2VzcyI6eyJCT0xUWk1BTk5fQk9UX21vYml1cyI6eyJyb2xlcyI6WyJURU5BTlRfV09SS0ZMT1dfU1VTUEVORF9QUk9DRVNTX0RFRklOSVRJT04iLCJURU5BTlRfV09SS0ZMT1dfU1VTUEVORF9JTlNUQU5DRSIsIlRFTkFOVF9XT1JLRkxPV19SRVRSSUVWRV9BTEwiLCJURU5BTlRfV09SS0ZMT1dfQUNUSVZBVEVfSU5TVEFOQ0UiLCJURU5BTlRfV09SS0ZMT1dfRVhFQ1VURSIsIlRFTkFOVF9XT1JLRkxPV19SRVRSSUVWRV9IT01FIiwiVEVOQU5UX1dPUktGTE9XX1JFVFJJRVZFX1NVU1BFTkRFRF9QUk9DRVNTX0RFRlMiLCJURU5BTlRfV09SS0ZMT1dfQUNUSVZBVEVfUlVOX0pPQiIsIlRFTkFOVF9XT1JLRkxPV19TVEFUVVMiLCJURU5BTlRfV09SS0ZMT1dfQ1JFQVRFIiwiVEVOQU5UX1dPUktGTE9XX0FDVElWSVRZX0RBVEFfQ09VTlQiLCJCT0xUWk1BTk5fQk9UX1VTRVIiLCJURU5BTlRfV09SS0ZMT1dfREVQTE9ZX1ZFUlNJT04iLCJURU5BTlRfV09SS0ZMT1dfSU1QT1JUIiwiVEVOQU5UX1dPUktGTE9XX1VQREFURSIsIlRFTkFOVF9XT1JLRkxPV19ERVBMT1kiLCJURU5BTlRfV09SS0ZMT1dfU1VTUEVORF9SVU5fSk9CIiwiVEVOQU5UX1dPUktGTE9XX1JFVFJJRVZFIiwiVEVOQU5UX1dPUktGTE9XX0RFTEVURSIsIlRFTkFOVF9XT1JLRkxPV19UUklHR0VSX01FU1NBR0VfTElTVEVORVIiXX0sIkhPTEFDUkFDWV9tb2JpdXMiOnsicm9sZXMiOlsiVEVOQU5UX1BST0RVQ1RfUkVUUklFVkVfTUFTVEVSX0NPTkZJRyIsIlRFTkFOVF9JTlZJVEFUSU9OX1JFU1BPTkQiLCJURU5BTlRfTkVHT1RJQVRJT05fQVBQUk9WQUxfQlVZRVIiLCJURU5BTlRfSU5WSVRBVElPTl9SRVRSSUVWRSIsIlRFTkFOVF9PUkdBTklaQVRJT05fQ1JFQVRFIiwiVEVOQU5UX0NSRUFURV9URU5BTlQiLCJURU5BTlRfU1VCX0FMTElBTkNFX1JFVFJJRVZFIiwiVEVOQU5UX1BMQVRGT1JNX0NSRUFURSIsIkhPTEFDUkFDWV9VU0VSIiwiVEVOQU5UX1JBVEVDQVJEX0NSRUFURSIsIlRFTkFOVF9QTEFURk9STV9SRVRSSUVWRSIsIlRFTkFOVF9SRVRSSUVWRV9CWV9CVVlFUl9QTEFURk9STSIsIlRFTkFOVF9TVUJfQUxMSUFOQ0VfUkVUUklFVkVfQUxMIiwiVEVOQU5UX1BST0RVQ1RfUkVUUklFVkUiLCJURU5BTlRfQUNDT1VOVF9ERUxFVEUiLCJURU5BTlRfQUxMSUFOQ0VfUkVUUklFVkUiLCJURU5BTlRfUExBVEZPUk1fVVBEQVRFIiwiVEVOQU5UX0lOVklUQVRJT05fQ1JFQVRFIiwiVEVOQU5UX1JBVEVDQVJEX1JFVFJJRVZFIiwiVEVOQU5UX09SR0FOSVpBVElPTl9VUERBVEUiLCJURU5BTlRfUkFURUNBUkRfVVBEQVRFIiwiVEVOQU5UX09SR0FOSVpBVElPTl9ERUxFVEUiLCJURU5BTlRfUExBVEZPUk1fREVMRVRFIiwiVEVOQU5UX1BST0RVQ1RfQ1JFQVRFIiwiVEVOQU5UX1NVQl9BTExJQU5DRV9DUkVBVEUiLCJURU5BTlRfUkFURUNBUkRfREVMRVRFIiwiVEVOQU5UX0FDQ09VTlRfQ1JFQVRFIiwiVEVOQU5UX0lOVklUQVRJT05fVVBEQVRFIiwiVEVOQU5UX1JFVFJJRVZFX1RFTkFOVCIsIlRFTkFOVF9JTlZJVEFUSU9OX0RFTEVURSIsIlRFTkFOVF9ORUdPVElBVElPTl9BUFBST1ZBTF9TVVBFUl9BRE1JTiIsIlRFTkFOVF9ORUdPVElBVElPTl9SRVRSSUVWRV9BTExfQkVUV0VFTl9CVVlFUl9TRUxMRVIiLCJURU5BTlRfUkVUUklFVkVfVEVOQU5UX0FMTCIsIlRFTkFOVF9ORUdPVElBVElPTl9DUkVBVEUiLCJURU5BTlRfVVBEQVRFX1RFTkFOVCIsIlRFTkFOVF9PUkdBTklaQVRJT05fUkVUUklFVkUiLCJURU5BTlRfQUNDT1VOVF9VUERBVEUiLCJURU5BTlRfUFJPRFVDVF9ERUxFVEUiLCJURU5BTlRfU1VCX0FMTElBTkNFX0RFTEVURSIsIlRFTkFOVF9ORUdPVElBVElPTl9BUFBST1ZBTF9TRUxMRVIiLCJURU5BTlRfU1VCX0FMTElBTkNFX1VQREFURSIsIlRFTkFOVF9QUk9EVUNUX1VQREFURSIsIlRFTkFOVF9BQ0NPVU5UX1JFVFJJRVZFIiwiVEVOQU5UX05FR09USUFUSU9OX1JFVFJJRVZFIiwiVEVOQU5UX0RFTEVURV9URU5BTlQiXX0sIlBBU0NBTF9JTlRFTExJR0VOQ0VfbW9iaXVzIjp7InJvbGVzIjpbIlRFTkFOVF9DT05URVhUX0RFTEVURSIsIlRFTkFOVF9DT05URVhUX1VQREFURSIsIlRFTkFOVF9CSUdRVUVSWV9SRVRSSUVWRSIsIlRFTkFOVF9CSUdRVUVSWV9VUERBVEUiLCJURU5BTlRfVU5JVkVSU0VfQ1JFQVRFIiwiVEVOQU5UX0NPSE9SVFNfUkVUUklFVkUiLCJURU5BTlRfQklHUVVFUllfQ1JFQVRFIiwiVEVOQU5UX0JJR1FVRVJZX0VWQUxVQVRFIiwiVEVOQU5UX0NPSE9SVFNfVVBEQVRFIiwiVEVOQU5UX0NPTlRFWFRfUkVUUklFVkUiLCJURU5BTlRfVU5JVkVSU0VfUkVUUklFVkUiLCJURU5BTlRfQ09IT1JUU19FVkFMVUFURSIsIlRFTkFOVF9CSUdRVUVSWV9ERUxFVEUiLCJURU5BTlRfU0NIRU1BX0NSRUFURSIsIlBBU0NBTF9JTlRFTExJR0VOQ0VfVVNFUiIsIlRFTkFOVF9DT0hPUlRTX0NSRUFURSIsIlRFTkFOVF9TQ0hFTUFfVVBEQVRFIiwiVEVOQU5UX0NPTlRFWFRfQVBQUk9WRSIsIlRFTkFOVF9VTklWRVJTRV9VUERBVEUiLCJURU5BTlRfQklHUVVFUllfQVBQUk9WRSIsIlRFTkFOVF9TQ0hFTUFfUkVUUklFVkUiLCJURU5BTlRfU0NIRU1BX0FQUFJPVkUiLCJURU5BTlRfQ09OVEVYVF9FVkFMVUFURSIsIlRFTkFOVF9TQ0hFTUFfREVMRVRFIiwiVEVOQU5UX0NPTlRFWFRfQ1JFQVRFIiwiVEVOQU5UX1NDSEVNQV9EQVRBX1JFVFJJRVZFIiwiVEVOQU5UX1NDSEVNQV9EQVRBX0RFTEVURSIsIlRFTkFOVF9TQ0hFTUFfREFUQV9VUERBVEUiLCJURU5BTlRfQ09IT1JUU19ERUxFVEUiLCJURU5BTlRfVU5JVkVSU0VfREVMRVRFIiwiVEVOQU5UX1NDSEVNQV9EQVRBX0lOR0VTVElPTiIsIlRFTkFOVF9DT0hPUlRTX0FQUFJPVkUiXX0sIk1PTkVUX21vYml1cyI6eyJyb2xlcyI6WyJURU5BTlRfQVBQTEVUU19SRVRSSUVWRV9BTExfUFVCTElTSEVEIiwiVEVOQU5UX1dJREdFVFNfUkVUUklFVkVfRFJBRlQiLCJURU5BTlRfV0lER0VUU19VUERBVEUiLCJURU5BTlRfQVBQTEVUU19ERUxFVEUiLCJURU5BTlRfV0lER0VUU19ERUxFVEUiLCJURU5BTlRfUExVR0lOX0NBVEVHT1JZX1JFVFJJRVZFX0FMTCIsIlRFTkFOVF9BUFBMRVRTX1VQREFURV9ISVNUT1JZIiwiVEVOQU5UX0VYUEVSSUVOQ0VTX0NSRUFURSIsIlRFTkFOVF9XSURHRVRTX1JFVFJJRVZFX1BVQkxJU0giLCJURU5BTlRfUExVR0lOX0NBVEVHT1JZX0NSRUFURSIsIlRFTkFOVF9ERVBFTkRFTkNZX1JFVFJJRVZFX0FMTCIsIlRFTkFOVF9XSURHRVRTX1BVQkxJU0giLCJURU5BTlRfUkVUUklFVkVfRklFTERTX09GX1BVQkxJU0hFRCIsIlRFTkFOVF9FWFBFUklFTkNFU19VUERBVEUiLCJURU5BTlRfQVBQTEVUU19DUkVBVEUiLCJURU5BTlRfUExVR0lOU19ERUxFVEUiLCJURU5BTlRfQVBQTEVUU19SRVRSSUVWRV9BTExfRFJBRlQiLCJURU5BTlRfUExVR0lOU19VUERBVEUiLCJURU5BTlRfQVBQTEVUU19SRVRSSUVWRV9GUk9NX0hJU1RPUlkiLCJURU5BTlRfUkVUUklFVkVfRklFTERTX09GX0RSQUZUIiwiVEVOQU5UX0FQUExFVFNfUkVUUklFVkVfUFVCTElTSEVEIiwiVEVOQU5UX0FQUExFVFNfUFVCTElTSEVEIiwiVEVOQU5UX1dJREdFVFNfUkVUUklFVkUiLCJURU5BTlRfUExVR0lOX0NBVEVHT1JZX0RFTEVURSIsIlRFTkFOVF9QTFVHSU5fQ0FURUdPUllfUFVCTElTSCIsIlRFTkFOVF9QTFVHSU5fQ0FURUdPUllfREVMRVRFX0NPTVBfRlJPTSIsIlRFTkFOVF9SRVRSSUVWRV9QVUJMSVNIRUQiLCJURU5BTlRfUExVR0lOU19SRVRSSUVWRSIsIlRFTkFOVF9QTFVHSU5TX0NSRUFURSIsIlRFTkFOVF9XSURHRVRTX0NSRUFURSIsIlRFTkFOVF9BUFBMRVRTX1JFVFJJRVZFX0FMTF9QVUJMSVNIRURfVEhVTUJOQUlMUyIsIk1PTkVUX1VTRVIiLCJURU5BTlRfRVhQRVJJRU5DRVNfREVMRVRFIiwiVEVOQU5UX0VYUEVSSUVOQ0VTX1BVQkxJU0giLCJURU5BTlRfUkVUUklFVkVfRlJPTV9ISVNUT1JZIiwiVEVOQU5UX1BMVUdJTl9DQVRFR09SWV9VUERBVEUiXX0sIlZJTkNJX21vYml1cyI6eyJyb2xlcyI6WyJWSU5DSV9VU0VSIl19LCJhY2NvdW50Ijp7InJvbGVzIjpbIm1hbmFnZS1hY2NvdW50IiwibWFuYWdlLWFjY291bnQtbGlua3MiLCJ2aWV3LXByb2ZpbGUiXX19LCJzY29wZSI6InByb2ZpbGUgZW1haWwiLCJyZXF1ZXN0ZXJUeXBlIjoiVEVOQU5UIiwiZW1haWxfdmVyaWZpZWQiOnRydWUsIm5hbWUiOiJBaWR0YWFzIEFpZHRhYXMiLCJ0ZW5hbnRJZCI6IjJjZjc2ZTVmLTI2YWQtNGYyYy1iY2NjLWY0YmMxZTdiZmI2NCIsInByZWZlcnJlZF91c2VybmFtZSI6InBhc3N3b3JkX3RlbmFudF9haWR0YWFzQGdhaWFuc29sdXRpb25zLmNvbSIsImdpdmVuX25hbWUiOiJBaWR0YWFzIiwiZmFtaWx5X25hbWUiOiJBaWR0YWFzIiwiZW1haWwiOiJwYXNzd29yZF90ZW5hbnRfYWlkdGFhc0BnYWlhbnNvbHV0aW9ucy5jb20ifQ.G22UWdZfpDy2T8neTapxgOEwLcTJnbjop5nrm13HlhaUON7HfGI1b-n7D7FRAcRr2u7xBEE7MwJ3OSJyfjIQamrmV1U0PYtVogiw3EQcp41YWWAnpuaG41KiZvYuxGdFO1uADRRSrbnzDP44nnh75gQxL-s_blP160DEyu4gIfJ3f3Vz_wI_6yZ1aqpsz-8r8YpbeQbgrcV577yF2lTbmavmNDA6R_FW2rF8Y-mLfFbhAkQqmpuYDWdXv7_cyOmECs53ROlGzPd-DIUi1mw9_Af0tIC6DKh1nbbp16VPKqzmCPVfI1VGNZSCzVYOAr-XApRi0JZ39ub0aO1FsZzCjA
Cookies:		&lt;none&gt;
Multiparts:		&lt;none&gt;
Body:			&lt;none&gt;

HTTP/1.1 401 Unauthorized
www-authenticate: Bearer realm=&quot;https://ig.aidtaas.com/mobius-payment-service/v1.0/client-gateways/E0EXMde&quot;, error=&quot;invalid_token&quot;
content-length: 14
content-type: text/plain
date: Fri, 21 Feb 2025 06:21:44 GMT
server: istio-envoy
x-envoy-upstream-service-time: 3

Jwt is expired
</system-out>
  </testcase>
  <testcase classname="unit4cases.EvoMaster_others_Test" name="test_17" time="0.397">
    <failure message="1 expectation failed.
Expected content-type &quot;application/json&quot; doesn&apos;t match actual content-type &quot;text/plain&quot;.
" type="java.lang.AssertionError">java.lang.AssertionError: 1 expectation failed.
Expected content-type &quot;application/json&quot; doesn&apos;t match actual content-type &quot;text/plain&quot;.

	at java.base/jdk.internal.reflect.DirectConstructorHandleAccessor.newInstance(DirectConstructorHandleAccessor.java:62)
	at java.base/java.lang.reflect.Constructor.newInstanceWithCaller(Constructor.java:502)
	at java.base/java.lang.reflect.Constructor.newInstance(Constructor.java:486)
	at org.codehaus.groovy.reflection.CachedConstructor.invoke(CachedConstructor.java:73)
	at org.codehaus.groovy.runtime.callsite.ConstructorSite$ConstructorSiteNoUnwrapNoCoerce.callConstructor(ConstructorSite.java:108)
	at org.codehaus.groovy.runtime.callsite.AbstractCallSite.callConstructor(AbstractCallSite.java:277)
	at io.restassured.internal.ResponseSpecificationImpl$HamcrestAssertionClosure.validate(ResponseSpecificationImpl.groovy:512)
	at io.restassured.internal.ResponseSpecificationImpl$HamcrestAssertionClosure$validate$1.call(Unknown Source)
	at io.restassured.internal.ResponseSpecificationImpl.validateResponseIfRequired(ResponseSpecificationImpl.groovy:696)
	at io.restassured.internal.ResponseSpecificationImpl.this$2$validateResponseIfRequired(ResponseSpecificationImpl.groovy)
	at java.base/jdk.internal.reflect.DirectMethodHandleAccessor.invoke(DirectMethodHandleAccessor.java:103)
	at java.base/java.lang.reflect.Method.invoke(Method.java:580)
	at org.codehaus.groovy.runtime.callsite.PlainObjectMetaMethodSite.doInvoke(PlainObjectMetaMethodSite.java:43)
	at org.codehaus.groovy.runtime.callsite.PogoMetaMethodSite$PogoCachedMethodSiteNoUnwrapNoCoerce.invoke(PogoMetaMethodSite.java:198)
	at org.codehaus.groovy.runtime.callsite.PogoMetaMethodSite.callCurrent(PogoMetaMethodSite.java:62)
	at org.codehaus.groovy.runtime.callsite.AbstractCallSite.callCurrent(AbstractCallSite.java:185)
	at io.restassured.internal.ResponseSpecificationImpl.contentType(ResponseSpecificationImpl.groovy:443)
	at io.restassured.internal.ValidatableResponseOptionsImpl.contentType(ValidatableResponseOptionsImpl.java:226)
	at unit4cases.EvoMaster_others_Test.test_17(EvoMaster_others_Test.java:555)
	at java.base/jdk.internal.reflect.DirectMethodHandleAccessor.invoke(DirectMethodHandleAccessor.java:103)
	at java.base/java.lang.reflect.Method.invoke(Method.java:580)
	at org.junit.runners.model.FrameworkMethod$1.runReflectiveCall(FrameworkMethod.java:59)
	at org.junit.internal.runners.model.ReflectiveCallable.run(ReflectiveCallable.java:12)
	at org.junit.runners.model.FrameworkMethod.invokeExplosively(FrameworkMethod.java:56)
	at org.junit.internal.runners.statements.InvokeMethod.evaluate(InvokeMethod.java:17)
	at org.junit.internal.runners.statements.FailOnTimeout$CallableStatement.call(FailOnTimeout.java:299)
	at org.junit.internal.runners.statements.FailOnTimeout$CallableStatement.call(FailOnTimeout.java:293)
	at java.base/java.util.concurrent.FutureTask.run(FutureTask.java:317)
	at java.base/java.lang.Thread.run(Thread.java:1583)
</failure>
    <system-out>Request method:	GET
Request URI:	https://ig.aidtaas.com/mobius-payment-service/v1.0/client-gateways/1Y0e
Proxy:			&lt;none&gt;
Request params:	&lt;none&gt;
Query params:	&lt;none&gt;
Form params:	&lt;none&gt;
Path params:	&lt;none&gt;
Headers:		Accept=application/json
				Authorization=Bearer  eyJhbGciOiJSUzI1NiIsInR5cCIgOiAiSldUIiwia2lkIiA6ICI3Ny1NUVdFRTNHZE5adGlsWU5IYmpsa2dVSkpaWUJWVmN1UmFZdHl5ejFjIn0.eyJleHAiOjE3NDAwODgxMjAsImlhdCI6MTc0MDA1MjEyMCwianRpIjoiYjc4MDZhYTYtZWE3MS00NWJkLWI5ODMtOWU3MDE4OTc4NTYzIiwiaXNzIjoiaHR0cDovL2tleWNsb2FrLXNlcnZpY2Uua2V5Y2xvYWsuc3ZjLmNsdXN0ZXIubG9jYWw6ODA4MC9yZWFsbXMvbWFzdGVyIiwiYXVkIjpbIkJPTFRaTUFOTl9CT1RfbW9iaXVzIiwiUEFTQ0FMX0lOVEVMTElHRU5DRV9tb2JpdXMiLCJNT05FVF9tb2JpdXMiLCJWSU5DSV9tb2JpdXMiLCJhY2NvdW50Il0sInN1YiI6IjJjZjc2ZTVmLTI2YWQtNGYyYy1iY2NjLWY0YmMxZTdiZmI2NCIsInR5cCI6IkJlYXJlciIsImF6cCI6IkhPTEFDUkFDWV9tb2JpdXMiLCJzaWQiOiJmNjcwYzZjMi03OWYzLTQ2YzctOTE5Yy1hNTNhYmRiNTgwNDMiLCJhY3IiOiIxIiwiYWxsb3dlZC1vcmlnaW5zIjpbIi8qIl0sInJlYWxtX2FjY2VzcyI6eyJyb2xlcyI6WyJkZWZhdWx0LXJvbGVzLW1hc3RlciIsIkhDWV9URU5BTlRfQ1VTVE9NIiwib2ZmbGluZV9hY2Nlc3MiLCJCT0JfVEVOQU5UX0NVU1RPTSIsInVtYV9hdXRob3JpemF0aW9uIiwiUElfVEVOQU5UX0NVU1RPTSIsIk1PTkVUX1RFTkFOVF9DVVNUT00iXX0sInJlc291cmNlX2FjY2VzcyI6eyJCT0xUWk1BTk5fQk9UX21vYml1cyI6eyJyb2xlcyI6WyJURU5BTlRfV09SS0ZMT1dfU1VTUEVORF9QUk9DRVNTX0RFRklOSVRJT04iLCJURU5BTlRfV09SS0ZMT1dfU1VTUEVORF9JTlNUQU5DRSIsIlRFTkFOVF9XT1JLRkxPV19SRVRSSUVWRV9BTEwiLCJURU5BTlRfV09SS0ZMT1dfQUNUSVZBVEVfSU5TVEFOQ0UiLCJURU5BTlRfV09SS0ZMT1dfRVhFQ1VURSIsIlRFTkFOVF9XT1JLRkxPV19SRVRSSUVWRV9IT01FIiwiVEVOQU5UX1dPUktGTE9XX1JFVFJJRVZFX1NVU1BFTkRFRF9QUk9DRVNTX0RFRlMiLCJURU5BTlRfV09SS0ZMT1dfQUNUSVZBVEVfUlVOX0pPQiIsIlRFTkFOVF9XT1JLRkxPV19TVEFUVVMiLCJURU5BTlRfV09SS0ZMT1dfQ1JFQVRFIiwiVEVOQU5UX1dPUktGTE9XX0FDVElWSVRZX0RBVEFfQ09VTlQiLCJCT0xUWk1BTk5fQk9UX1VTRVIiLCJURU5BTlRfV09SS0ZMT1dfREVQTE9ZX1ZFUlNJT04iLCJURU5BTlRfV09SS0ZMT1dfSU1QT1JUIiwiVEVOQU5UX1dPUktGTE9XX1VQREFURSIsIlRFTkFOVF9XT1JLRkxPV19ERVBMT1kiLCJURU5BTlRfV09SS0ZMT1dfU1VTUEVORF9SVU5fSk9CIiwiVEVOQU5UX1dPUktGTE9XX1JFVFJJRVZFIiwiVEVOQU5UX1dPUktGTE9XX0RFTEVURSIsIlRFTkFOVF9XT1JLRkxPV19UUklHR0VSX01FU1NBR0VfTElTVEVORVIiXX0sIkhPTEFDUkFDWV9tb2JpdXMiOnsicm9sZXMiOlsiVEVOQU5UX1BST0RVQ1RfUkVUUklFVkVfTUFTVEVSX0NPTkZJRyIsIlRFTkFOVF9JTlZJVEFUSU9OX1JFU1BPTkQiLCJURU5BTlRfTkVHT1RJQVRJT05fQVBQUk9WQUxfQlVZRVIiLCJURU5BTlRfSU5WSVRBVElPTl9SRVRSSUVWRSIsIlRFTkFOVF9PUkdBTklaQVRJT05fQ1JFQVRFIiwiVEVOQU5UX0NSRUFURV9URU5BTlQiLCJURU5BTlRfU1VCX0FMTElBTkNFX1JFVFJJRVZFIiwiVEVOQU5UX1BMQVRGT1JNX0NSRUFURSIsIkhPTEFDUkFDWV9VU0VSIiwiVEVOQU5UX1JBVEVDQVJEX0NSRUFURSIsIlRFTkFOVF9QTEFURk9STV9SRVRSSUVWRSIsIlRFTkFOVF9SRVRSSUVWRV9CWV9CVVlFUl9QTEFURk9STSIsIlRFTkFOVF9TVUJfQUxMSUFOQ0VfUkVUUklFVkVfQUxMIiwiVEVOQU5UX1BST0RVQ1RfUkVUUklFVkUiLCJURU5BTlRfQUNDT1VOVF9ERUxFVEUiLCJURU5BTlRfQUxMSUFOQ0VfUkVUUklFVkUiLCJURU5BTlRfUExBVEZPUk1fVVBEQVRFIiwiVEVOQU5UX0lOVklUQVRJT05fQ1JFQVRFIiwiVEVOQU5UX1JBVEVDQVJEX1JFVFJJRVZFIiwiVEVOQU5UX09SR0FOSVpBVElPTl9VUERBVEUiLCJURU5BTlRfUkFURUNBUkRfVVBEQVRFIiwiVEVOQU5UX09SR0FOSVpBVElPTl9ERUxFVEUiLCJURU5BTlRfUExBVEZPUk1fREVMRVRFIiwiVEVOQU5UX1BST0RVQ1RfQ1JFQVRFIiwiVEVOQU5UX1NVQl9BTExJQU5DRV9DUkVBVEUiLCJURU5BTlRfUkFURUNBUkRfREVMRVRFIiwiVEVOQU5UX0FDQ09VTlRfQ1JFQVRFIiwiVEVOQU5UX0lOVklUQVRJT05fVVBEQVRFIiwiVEVOQU5UX1JFVFJJRVZFX1RFTkFOVCIsIlRFTkFOVF9JTlZJVEFUSU9OX0RFTEVURSIsIlRFTkFOVF9ORUdPVElBVElPTl9BUFBST1ZBTF9TVVBFUl9BRE1JTiIsIlRFTkFOVF9ORUdPVElBVElPTl9SRVRSSUVWRV9BTExfQkVUV0VFTl9CVVlFUl9TRUxMRVIiLCJURU5BTlRfUkVUUklFVkVfVEVOQU5UX0FMTCIsIlRFTkFOVF9ORUdPVElBVElPTl9DUkVBVEUiLCJURU5BTlRfVVBEQVRFX1RFTkFOVCIsIlRFTkFOVF9PUkdBTklaQVRJT05fUkVUUklFVkUiLCJURU5BTlRfQUNDT1VOVF9VUERBVEUiLCJURU5BTlRfUFJPRFVDVF9ERUxFVEUiLCJURU5BTlRfU1VCX0FMTElBTkNFX0RFTEVURSIsIlRFTkFOVF9ORUdPVElBVElPTl9BUFBST1ZBTF9TRUxMRVIiLCJURU5BTlRfU1VCX0FMTElBTkNFX1VQREFURSIsIlRFTkFOVF9QUk9EVUNUX1VQREFURSIsIlRFTkFOVF9BQ0NPVU5UX1JFVFJJRVZFIiwiVEVOQU5UX05FR09USUFUSU9OX1JFVFJJRVZFIiwiVEVOQU5UX0RFTEVURV9URU5BTlQiXX0sIlBBU0NBTF9JTlRFTExJR0VOQ0VfbW9iaXVzIjp7InJvbGVzIjpbIlRFTkFOVF9DT05URVhUX0RFTEVURSIsIlRFTkFOVF9DT05URVhUX1VQREFURSIsIlRFTkFOVF9CSUdRVUVSWV9SRVRSSUVWRSIsIlRFTkFOVF9CSUdRVUVSWV9VUERBVEUiLCJURU5BTlRfVU5JVkVSU0VfQ1JFQVRFIiwiVEVOQU5UX0NPSE9SVFNfUkVUUklFVkUiLCJURU5BTlRfQklHUVVFUllfQ1JFQVRFIiwiVEVOQU5UX0JJR1FVRVJZX0VWQUxVQVRFIiwiVEVOQU5UX0NPSE9SVFNfVVBEQVRFIiwiVEVOQU5UX0NPTlRFWFRfUkVUUklFVkUiLCJURU5BTlRfVU5JVkVSU0VfUkVUUklFVkUiLCJURU5BTlRfQ09IT1JUU19FVkFMVUFURSIsIlRFTkFOVF9CSUdRVUVSWV9ERUxFVEUiLCJURU5BTlRfU0NIRU1BX0NSRUFURSIsIlBBU0NBTF9JTlRFTExJR0VOQ0VfVVNFUiIsIlRFTkFOVF9DT0hPUlRTX0NSRUFURSIsIlRFTkFOVF9TQ0hFTUFfVVBEQVRFIiwiVEVOQU5UX0NPTlRFWFRfQVBQUk9WRSIsIlRFTkFOVF9VTklWRVJTRV9VUERBVEUiLCJURU5BTlRfQklHUVVFUllfQVBQUk9WRSIsIlRFTkFOVF9TQ0hFTUFfUkVUUklFVkUiLCJURU5BTlRfU0NIRU1BX0FQUFJPVkUiLCJURU5BTlRfQ09OVEVYVF9FVkFMVUFURSIsIlRFTkFOVF9TQ0hFTUFfREVMRVRFIiwiVEVOQU5UX0NPTlRFWFRfQ1JFQVRFIiwiVEVOQU5UX1NDSEVNQV9EQVRBX1JFVFJJRVZFIiwiVEVOQU5UX1NDSEVNQV9EQVRBX0RFTEVURSIsIlRFTkFOVF9TQ0hFTUFfREFUQV9VUERBVEUiLCJURU5BTlRfQ09IT1JUU19ERUxFVEUiLCJURU5BTlRfVU5JVkVSU0VfREVMRVRFIiwiVEVOQU5UX1NDSEVNQV9EQVRBX0lOR0VTVElPTiIsIlRFTkFOVF9DT0hPUlRTX0FQUFJPVkUiXX0sIk1PTkVUX21vYml1cyI6eyJyb2xlcyI6WyJURU5BTlRfQVBQTEVUU19SRVRSSUVWRV9BTExfUFVCTElTSEVEIiwiVEVOQU5UX1dJREdFVFNfUkVUUklFVkVfRFJBRlQiLCJURU5BTlRfV0lER0VUU19VUERBVEUiLCJURU5BTlRfQVBQTEVUU19ERUxFVEUiLCJURU5BTlRfV0lER0VUU19ERUxFVEUiLCJURU5BTlRfUExVR0lOX0NBVEVHT1JZX1JFVFJJRVZFX0FMTCIsIlRFTkFOVF9BUFBMRVRTX1VQREFURV9ISVNUT1JZIiwiVEVOQU5UX0VYUEVSSUVOQ0VTX0NSRUFURSIsIlRFTkFOVF9XSURHRVRTX1JFVFJJRVZFX1BVQkxJU0giLCJURU5BTlRfUExVR0lOX0NBVEVHT1JZX0NSRUFURSIsIlRFTkFOVF9ERVBFTkRFTkNZX1JFVFJJRVZFX0FMTCIsIlRFTkFOVF9XSURHRVRTX1BVQkxJU0giLCJURU5BTlRfUkVUUklFVkVfRklFTERTX09GX1BVQkxJU0hFRCIsIlRFTkFOVF9FWFBFUklFTkNFU19VUERBVEUiLCJURU5BTlRfQVBQTEVUU19DUkVBVEUiLCJURU5BTlRfUExVR0lOU19ERUxFVEUiLCJURU5BTlRfQVBQTEVUU19SRVRSSUVWRV9BTExfRFJBRlQiLCJURU5BTlRfUExVR0lOU19VUERBVEUiLCJURU5BTlRfQVBQTEVUU19SRVRSSUVWRV9GUk9NX0hJU1RPUlkiLCJURU5BTlRfUkVUUklFVkVfRklFTERTX09GX0RSQUZUIiwiVEVOQU5UX0FQUExFVFNfUkVUUklFVkVfUFVCTElTSEVEIiwiVEVOQU5UX0FQUExFVFNfUFVCTElTSEVEIiwiVEVOQU5UX1dJREdFVFNfUkVUUklFVkUiLCJURU5BTlRfUExVR0lOX0NBVEVHT1JZX0RFTEVURSIsIlRFTkFOVF9QTFVHSU5fQ0FURUdPUllfUFVCTElTSCIsIlRFTkFOVF9QTFVHSU5fQ0FURUdPUllfREVMRVRFX0NPTVBfRlJPTSIsIlRFTkFOVF9SRVRSSUVWRV9QVUJMSVNIRUQiLCJURU5BTlRfUExVR0lOU19SRVRSSUVWRSIsIlRFTkFOVF9QTFVHSU5TX0NSRUFURSIsIlRFTkFOVF9XSURHRVRTX0NSRUFURSIsIlRFTkFOVF9BUFBMRVRTX1JFVFJJRVZFX0FMTF9QVUJMSVNIRURfVEhVTUJOQUlMUyIsIk1PTkVUX1VTRVIiLCJURU5BTlRfRVhQRVJJRU5DRVNfREVMRVRFIiwiVEVOQU5UX0VYUEVSSUVOQ0VTX1BVQkxJU0giLCJURU5BTlRfUkVUUklFVkVfRlJPTV9ISVNUT1JZIiwiVEVOQU5UX1BMVUdJTl9DQVRFR09SWV9VUERBVEUiXX0sIlZJTkNJX21vYml1cyI6eyJyb2xlcyI6WyJWSU5DSV9VU0VSIl19LCJhY2NvdW50Ijp7InJvbGVzIjpbIm1hbmFnZS1hY2NvdW50IiwibWFuYWdlLWFjY291bnQtbGlua3MiLCJ2aWV3LXByb2ZpbGUiXX19LCJzY29wZSI6InByb2ZpbGUgZW1haWwiLCJyZXF1ZXN0ZXJUeXBlIjoiVEVOQU5UIiwiZW1haWxfdmVyaWZpZWQiOnRydWUsIm5hbWUiOiJBaWR0YWFzIEFpZHRhYXMiLCJ0ZW5hbnRJZCI6IjJjZjc2ZTVmLTI2YWQtNGYyYy1iY2NjLWY0YmMxZTdiZmI2NCIsInByZWZlcnJlZF91c2VybmFtZSI6InBhc3N3b3JkX3RlbmFudF9haWR0YWFzQGdhaWFuc29sdXRpb25zLmNvbSIsImdpdmVuX25hbWUiOiJBaWR0YWFzIiwiZmFtaWx5X25hbWUiOiJBaWR0YWFzIiwiZW1haWwiOiJwYXNzd29yZF90ZW5hbnRfYWlkdGFhc0BnYWlhbnNvbHV0aW9ucy5jb20ifQ.G22UWdZfpDy2T8neTapxgOEwLcTJnbjop5nrm13HlhaUON7HfGI1b-n7D7FRAcRr2u7xBEE7MwJ3OSJyfjIQamrmV1U0PYtVogiw3EQcp41YWWAnpuaG41KiZvYuxGdFO1uADRRSrbnzDP44nnh75gQxL-s_blP160DEyu4gIfJ3f3Vz_wI_6yZ1aqpsz-8r8YpbeQbgrcV577yF2lTbmavmNDA6R_FW2rF8Y-mLfFbhAkQqmpuYDWdXv7_cyOmECs53ROlGzPd-DIUi1mw9_Af0tIC6DKh1nbbp16VPKqzmCPVfI1VGNZSCzVYOAr-XApRi0JZ39ub0aO1FsZzCjA
Cookies:		&lt;none&gt;
Multiparts:		&lt;none&gt;
Body:			&lt;none&gt;

HTTP/1.1 401 Unauthorized
www-authenticate: Bearer realm=&quot;https://ig.aidtaas.com/mobius-payment-service/v1.0/client-gateways/1Y0e&quot;, error=&quot;invalid_token&quot;
content-length: 14
content-type: text/plain
date: Fri, 21 Feb 2025 06:21:44 GMT
server: istio-envoy
x-envoy-upstream-service-time: 4

Jwt is expired
</system-out>
  </testcase>
  <testcase classname="unit4cases.EvoMaster_others_Test" name="test_18" time="0.064">
    <failure message="1 expectation failed.
Expected content-type &quot;application/json&quot; doesn&apos;t match actual content-type &quot;text/plain&quot;.
" type="java.lang.AssertionError">java.lang.AssertionError: 1 expectation failed.
Expected content-type &quot;application/json&quot; doesn&apos;t match actual content-type &quot;text/plain&quot;.

	at java.base/jdk.internal.reflect.DirectConstructorHandleAccessor.newInstance(DirectConstructorHandleAccessor.java:62)
	at java.base/java.lang.reflect.Constructor.newInstanceWithCaller(Constructor.java:502)
	at java.base/java.lang.reflect.Constructor.newInstance(Constructor.java:486)
	at org.codehaus.groovy.reflection.CachedConstructor.invoke(CachedConstructor.java:73)
	at org.codehaus.groovy.runtime.callsite.ConstructorSite$ConstructorSiteNoUnwrapNoCoerce.callConstructor(ConstructorSite.java:108)
	at org.codehaus.groovy.runtime.callsite.AbstractCallSite.callConstructor(AbstractCallSite.java:277)
	at io.restassured.internal.ResponseSpecificationImpl$HamcrestAssertionClosure.validate(ResponseSpecificationImpl.groovy:512)
	at io.restassured.internal.ResponseSpecificationImpl$HamcrestAssertionClosure$validate$1.call(Unknown Source)
	at io.restassured.internal.ResponseSpecificationImpl.validateResponseIfRequired(ResponseSpecificationImpl.groovy:696)
	at io.restassured.internal.ResponseSpecificationImpl.this$2$validateResponseIfRequired(ResponseSpecificationImpl.groovy)
	at java.base/jdk.internal.reflect.DirectMethodHandleAccessor.invoke(DirectMethodHandleAccessor.java:103)
	at java.base/java.lang.reflect.Method.invoke(Method.java:580)
	at org.codehaus.groovy.runtime.callsite.PlainObjectMetaMethodSite.doInvoke(PlainObjectMetaMethodSite.java:43)
	at org.codehaus.groovy.runtime.callsite.PogoMetaMethodSite$PogoCachedMethodSiteNoUnwrapNoCoerce.invoke(PogoMetaMethodSite.java:198)
	at org.codehaus.groovy.runtime.callsite.PogoMetaMethodSite.callCurrent(PogoMetaMethodSite.java:62)
	at org.codehaus.groovy.runtime.callsite.AbstractCallSite.callCurrent(AbstractCallSite.java:185)
	at io.restassured.internal.ResponseSpecificationImpl.contentType(ResponseSpecificationImpl.groovy:443)
	at io.restassured.internal.ValidatableResponseOptionsImpl.contentType(ValidatableResponseOptionsImpl.java:226)
	at unit4cases.EvoMaster_others_Test.test_18(EvoMaster_others_Test.java:581)
	at java.base/jdk.internal.reflect.DirectMethodHandleAccessor.invoke(DirectMethodHandleAccessor.java:103)
	at java.base/java.lang.reflect.Method.invoke(Method.java:580)
	at org.junit.runners.model.FrameworkMethod$1.runReflectiveCall(FrameworkMethod.java:59)
	at org.junit.internal.runners.model.ReflectiveCallable.run(ReflectiveCallable.java:12)
	at org.junit.runners.model.FrameworkMethod.invokeExplosively(FrameworkMethod.java:56)
	at org.junit.internal.runners.statements.InvokeMethod.evaluate(InvokeMethod.java:17)
	at org.junit.internal.runners.statements.FailOnTimeout$CallableStatement.call(FailOnTimeout.java:299)
	at org.junit.internal.runners.statements.FailOnTimeout$CallableStatement.call(FailOnTimeout.java:293)
	at java.base/java.util.concurrent.FutureTask.run(FutureTask.java:317)
	at java.base/java.lang.Thread.run(Thread.java:1583)
</failure>
    <system-out>Request method:	DELETE
Request URI:	https://ig.aidtaas.com/mobius-payment-service/v1.0/customers/B5_AvmGu99qllaf
Proxy:			&lt;none&gt;
Request params:	&lt;none&gt;
Query params:	&lt;none&gt;
Form params:	&lt;none&gt;
Path params:	&lt;none&gt;
Headers:		Accept=application/json
				Authorization=Bearer  eyJhbGciOiJSUzI1NiIsInR5cCIgOiAiSldUIiwia2lkIiA6ICI3Ny1NUVdFRTNHZE5adGlsWU5IYmpsa2dVSkpaWUJWVmN1UmFZdHl5ejFjIn0.eyJleHAiOjE3NDAwODgxMjAsImlhdCI6MTc0MDA1MjEyMCwianRpIjoiYjc4MDZhYTYtZWE3MS00NWJkLWI5ODMtOWU3MDE4OTc4NTYzIiwiaXNzIjoiaHR0cDovL2tleWNsb2FrLXNlcnZpY2Uua2V5Y2xvYWsuc3ZjLmNsdXN0ZXIubG9jYWw6ODA4MC9yZWFsbXMvbWFzdGVyIiwiYXVkIjpbIkJPTFRaTUFOTl9CT1RfbW9iaXVzIiwiUEFTQ0FMX0lOVEVMTElHRU5DRV9tb2JpdXMiLCJNT05FVF9tb2JpdXMiLCJWSU5DSV9tb2JpdXMiLCJhY2NvdW50Il0sInN1YiI6IjJjZjc2ZTVmLTI2YWQtNGYyYy1iY2NjLWY0YmMxZTdiZmI2NCIsInR5cCI6IkJlYXJlciIsImF6cCI6IkhPTEFDUkFDWV9tb2JpdXMiLCJzaWQiOiJmNjcwYzZjMi03OWYzLTQ2YzctOTE5Yy1hNTNhYmRiNTgwNDMiLCJhY3IiOiIxIiwiYWxsb3dlZC1vcmlnaW5zIjpbIi8qIl0sInJlYWxtX2FjY2VzcyI6eyJyb2xlcyI6WyJkZWZhdWx0LXJvbGVzLW1hc3RlciIsIkhDWV9URU5BTlRfQ1VTVE9NIiwib2ZmbGluZV9hY2Nlc3MiLCJCT0JfVEVOQU5UX0NVU1RPTSIsInVtYV9hdXRob3JpemF0aW9uIiwiUElfVEVOQU5UX0NVU1RPTSIsIk1PTkVUX1RFTkFOVF9DVVNUT00iXX0sInJlc291cmNlX2FjY2VzcyI6eyJCT0xUWk1BTk5fQk9UX21vYml1cyI6eyJyb2xlcyI6WyJURU5BTlRfV09SS0ZMT1dfU1VTUEVORF9QUk9DRVNTX0RFRklOSVRJT04iLCJURU5BTlRfV09SS0ZMT1dfU1VTUEVORF9JTlNUQU5DRSIsIlRFTkFOVF9XT1JLRkxPV19SRVRSSUVWRV9BTEwiLCJURU5BTlRfV09SS0ZMT1dfQUNUSVZBVEVfSU5TVEFOQ0UiLCJURU5BTlRfV09SS0ZMT1dfRVhFQ1VURSIsIlRFTkFOVF9XT1JLRkxPV19SRVRSSUVWRV9IT01FIiwiVEVOQU5UX1dPUktGTE9XX1JFVFJJRVZFX1NVU1BFTkRFRF9QUk9DRVNTX0RFRlMiLCJURU5BTlRfV09SS0ZMT1dfQUNUSVZBVEVfUlVOX0pPQiIsIlRFTkFOVF9XT1JLRkxPV19TVEFUVVMiLCJURU5BTlRfV09SS0ZMT1dfQ1JFQVRFIiwiVEVOQU5UX1dPUktGTE9XX0FDVElWSVRZX0RBVEFfQ09VTlQiLCJCT0xUWk1BTk5fQk9UX1VTRVIiLCJURU5BTlRfV09SS0ZMT1dfREVQTE9ZX1ZFUlNJT04iLCJURU5BTlRfV09SS0ZMT1dfSU1QT1JUIiwiVEVOQU5UX1dPUktGTE9XX1VQREFURSIsIlRFTkFOVF9XT1JLRkxPV19ERVBMT1kiLCJURU5BTlRfV09SS0ZMT1dfU1VTUEVORF9SVU5fSk9CIiwiVEVOQU5UX1dPUktGTE9XX1JFVFJJRVZFIiwiVEVOQU5UX1dPUktGTE9XX0RFTEVURSIsIlRFTkFOVF9XT1JLRkxPV19UUklHR0VSX01FU1NBR0VfTElTVEVORVIiXX0sIkhPTEFDUkFDWV9tb2JpdXMiOnsicm9sZXMiOlsiVEVOQU5UX1BST0RVQ1RfUkVUUklFVkVfTUFTVEVSX0NPTkZJRyIsIlRFTkFOVF9JTlZJVEFUSU9OX1JFU1BPTkQiLCJURU5BTlRfTkVHT1RJQVRJT05fQVBQUk9WQUxfQlVZRVIiLCJURU5BTlRfSU5WSVRBVElPTl9SRVRSSUVWRSIsIlRFTkFOVF9PUkdBTklaQVRJT05fQ1JFQVRFIiwiVEVOQU5UX0NSRUFURV9URU5BTlQiLCJURU5BTlRfU1VCX0FMTElBTkNFX1JFVFJJRVZFIiwiVEVOQU5UX1BMQVRGT1JNX0NSRUFURSIsIkhPTEFDUkFDWV9VU0VSIiwiVEVOQU5UX1JBVEVDQVJEX0NSRUFURSIsIlRFTkFOVF9QTEFURk9STV9SRVRSSUVWRSIsIlRFTkFOVF9SRVRSSUVWRV9CWV9CVVlFUl9QTEFURk9STSIsIlRFTkFOVF9TVUJfQUxMSUFOQ0VfUkVUUklFVkVfQUxMIiwiVEVOQU5UX1BST0RVQ1RfUkVUUklFVkUiLCJURU5BTlRfQUNDT1VOVF9ERUxFVEUiLCJURU5BTlRfQUxMSUFOQ0VfUkVUUklFVkUiLCJURU5BTlRfUExBVEZPUk1fVVBEQVRFIiwiVEVOQU5UX0lOVklUQVRJT05fQ1JFQVRFIiwiVEVOQU5UX1JBVEVDQVJEX1JFVFJJRVZFIiwiVEVOQU5UX09SR0FOSVpBVElPTl9VUERBVEUiLCJURU5BTlRfUkFURUNBUkRfVVBEQVRFIiwiVEVOQU5UX09SR0FOSVpBVElPTl9ERUxFVEUiLCJURU5BTlRfUExBVEZPUk1fREVMRVRFIiwiVEVOQU5UX1BST0RVQ1RfQ1JFQVRFIiwiVEVOQU5UX1NVQl9BTExJQU5DRV9DUkVBVEUiLCJURU5BTlRfUkFURUNBUkRfREVMRVRFIiwiVEVOQU5UX0FDQ09VTlRfQ1JFQVRFIiwiVEVOQU5UX0lOVklUQVRJT05fVVBEQVRFIiwiVEVOQU5UX1JFVFJJRVZFX1RFTkFOVCIsIlRFTkFOVF9JTlZJVEFUSU9OX0RFTEVURSIsIlRFTkFOVF9ORUdPVElBVElPTl9BUFBST1ZBTF9TVVBFUl9BRE1JTiIsIlRFTkFOVF9ORUdPVElBVElPTl9SRVRSSUVWRV9BTExfQkVUV0VFTl9CVVlFUl9TRUxMRVIiLCJURU5BTlRfUkVUUklFVkVfVEVOQU5UX0FMTCIsIlRFTkFOVF9ORUdPVElBVElPTl9DUkVBVEUiLCJURU5BTlRfVVBEQVRFX1RFTkFOVCIsIlRFTkFOVF9PUkdBTklaQVRJT05fUkVUUklFVkUiLCJURU5BTlRfQUNDT1VOVF9VUERBVEUiLCJURU5BTlRfUFJPRFVDVF9ERUxFVEUiLCJURU5BTlRfU1VCX0FMTElBTkNFX0RFTEVURSIsIlRFTkFOVF9ORUdPVElBVElPTl9BUFBST1ZBTF9TRUxMRVIiLCJURU5BTlRfU1VCX0FMTElBTkNFX1VQREFURSIsIlRFTkFOVF9QUk9EVUNUX1VQREFURSIsIlRFTkFOVF9BQ0NPVU5UX1JFVFJJRVZFIiwiVEVOQU5UX05FR09USUFUSU9OX1JFVFJJRVZFIiwiVEVOQU5UX0RFTEVURV9URU5BTlQiXX0sIlBBU0NBTF9JTlRFTExJR0VOQ0VfbW9iaXVzIjp7InJvbGVzIjpbIlRFTkFOVF9DT05URVhUX0RFTEVURSIsIlRFTkFOVF9DT05URVhUX1VQREFURSIsIlRFTkFOVF9CSUdRVUVSWV9SRVRSSUVWRSIsIlRFTkFOVF9CSUdRVUVSWV9VUERBVEUiLCJURU5BTlRfVU5JVkVSU0VfQ1JFQVRFIiwiVEVOQU5UX0NPSE9SVFNfUkVUUklFVkUiLCJURU5BTlRfQklHUVVFUllfQ1JFQVRFIiwiVEVOQU5UX0JJR1FVRVJZX0VWQUxVQVRFIiwiVEVOQU5UX0NPSE9SVFNfVVBEQVRFIiwiVEVOQU5UX0NPTlRFWFRfUkVUUklFVkUiLCJURU5BTlRfVU5JVkVSU0VfUkVUUklFVkUiLCJURU5BTlRfQ09IT1JUU19FVkFMVUFURSIsIlRFTkFOVF9CSUdRVUVSWV9ERUxFVEUiLCJURU5BTlRfU0NIRU1BX0NSRUFURSIsIlBBU0NBTF9JTlRFTExJR0VOQ0VfVVNFUiIsIlRFTkFOVF9DT0hPUlRTX0NSRUFURSIsIlRFTkFOVF9TQ0hFTUFfVVBEQVRFIiwiVEVOQU5UX0NPTlRFWFRfQVBQUk9WRSIsIlRFTkFOVF9VTklWRVJTRV9VUERBVEUiLCJURU5BTlRfQklHUVVFUllfQVBQUk9WRSIsIlRFTkFOVF9TQ0hFTUFfUkVUUklFVkUiLCJURU5BTlRfU0NIRU1BX0FQUFJPVkUiLCJURU5BTlRfQ09OVEVYVF9FVkFMVUFURSIsIlRFTkFOVF9TQ0hFTUFfREVMRVRFIiwiVEVOQU5UX0NPTlRFWFRfQ1JFQVRFIiwiVEVOQU5UX1NDSEVNQV9EQVRBX1JFVFJJRVZFIiwiVEVOQU5UX1NDSEVNQV9EQVRBX0RFTEVURSIsIlRFTkFOVF9TQ0hFTUFfREFUQV9VUERBVEUiLCJURU5BTlRfQ09IT1JUU19ERUxFVEUiLCJURU5BTlRfVU5JVkVSU0VfREVMRVRFIiwiVEVOQU5UX1NDSEVNQV9EQVRBX0lOR0VTVElPTiIsIlRFTkFOVF9DT0hPUlRTX0FQUFJPVkUiXX0sIk1PTkVUX21vYml1cyI6eyJyb2xlcyI6WyJURU5BTlRfQVBQTEVUU19SRVRSSUVWRV9BTExfUFVCTElTSEVEIiwiVEVOQU5UX1dJREdFVFNfUkVUUklFVkVfRFJBRlQiLCJURU5BTlRfV0lER0VUU19VUERBVEUiLCJURU5BTlRfQVBQTEVUU19ERUxFVEUiLCJURU5BTlRfV0lER0VUU19ERUxFVEUiLCJURU5BTlRfUExVR0lOX0NBVEVHT1JZX1JFVFJJRVZFX0FMTCIsIlRFTkFOVF9BUFBMRVRTX1VQREFURV9ISVNUT1JZIiwiVEVOQU5UX0VYUEVSSUVOQ0VTX0NSRUFURSIsIlRFTkFOVF9XSURHRVRTX1JFVFJJRVZFX1BVQkxJU0giLCJURU5BTlRfUExVR0lOX0NBVEVHT1JZX0NSRUFURSIsIlRFTkFOVF9ERVBFTkRFTkNZX1JFVFJJRVZFX0FMTCIsIlRFTkFOVF9XSURHRVRTX1BVQkxJU0giLCJURU5BTlRfUkVUUklFVkVfRklFTERTX09GX1BVQkxJU0hFRCIsIlRFTkFOVF9FWFBFUklFTkNFU19VUERBVEUiLCJURU5BTlRfQVBQTEVUU19DUkVBVEUiLCJURU5BTlRfUExVR0lOU19ERUxFVEUiLCJURU5BTlRfQVBQTEVUU19SRVRSSUVWRV9BTExfRFJBRlQiLCJURU5BTlRfUExVR0lOU19VUERBVEUiLCJURU5BTlRfQVBQTEVUU19SRVRSSUVWRV9GUk9NX0hJU1RPUlkiLCJURU5BTlRfUkVUUklFVkVfRklFTERTX09GX0RSQUZUIiwiVEVOQU5UX0FQUExFVFNfUkVUUklFVkVfUFVCTElTSEVEIiwiVEVOQU5UX0FQUExFVFNfUFVCTElTSEVEIiwiVEVOQU5UX1dJREdFVFNfUkVUUklFVkUiLCJURU5BTlRfUExVR0lOX0NBVEVHT1JZX0RFTEVURSIsIlRFTkFOVF9QTFVHSU5fQ0FURUdPUllfUFVCTElTSCIsIlRFTkFOVF9QTFVHSU5fQ0FURUdPUllfREVMRVRFX0NPTVBfRlJPTSIsIlRFTkFOVF9SRVRSSUVWRV9QVUJMSVNIRUQiLCJURU5BTlRfUExVR0lOU19SRVRSSUVWRSIsIlRFTkFOVF9QTFVHSU5TX0NSRUFURSIsIlRFTkFOVF9XSURHRVRTX0NSRUFURSIsIlRFTkFOVF9BUFBMRVRTX1JFVFJJRVZFX0FMTF9QVUJMSVNIRURfVEhVTUJOQUlMUyIsIk1PTkVUX1VTRVIiLCJURU5BTlRfRVhQRVJJRU5DRVNfREVMRVRFIiwiVEVOQU5UX0VYUEVSSUVOQ0VTX1BVQkxJU0giLCJURU5BTlRfUkVUUklFVkVfRlJPTV9ISVNUT1JZIiwiVEVOQU5UX1BMVUdJTl9DQVRFR09SWV9VUERBVEUiXX0sIlZJTkNJX21vYml1cyI6eyJyb2xlcyI6WyJWSU5DSV9VU0VSIl19LCJhY2NvdW50Ijp7InJvbGVzIjpbIm1hbmFnZS1hY2NvdW50IiwibWFuYWdlLWFjY291bnQtbGlua3MiLCJ2aWV3LXByb2ZpbGUiXX19LCJzY29wZSI6InByb2ZpbGUgZW1haWwiLCJyZXF1ZXN0ZXJUeXBlIjoiVEVOQU5UIiwiZW1haWxfdmVyaWZpZWQiOnRydWUsIm5hbWUiOiJBaWR0YWFzIEFpZHRhYXMiLCJ0ZW5hbnRJZCI6IjJjZjc2ZTVmLTI2YWQtNGYyYy1iY2NjLWY0YmMxZTdiZmI2NCIsInByZWZlcnJlZF91c2VybmFtZSI6InBhc3N3b3JkX3RlbmFudF9haWR0YWFzQGdhaWFuc29sdXRpb25zLmNvbSIsImdpdmVuX25hbWUiOiJBaWR0YWFzIiwiZmFtaWx5X25hbWUiOiJBaWR0YWFzIiwiZW1haWwiOiJwYXNzd29yZF90ZW5hbnRfYWlkdGFhc0BnYWlhbnNvbHV0aW9ucy5jb20ifQ.G22UWdZfpDy2T8neTapxgOEwLcTJnbjop5nrm13HlhaUON7HfGI1b-n7D7FRAcRr2u7xBEE7MwJ3OSJyfjIQamrmV1U0PYtVogiw3EQcp41YWWAnpuaG41KiZvYuxGdFO1uADRRSrbnzDP44nnh75gQxL-s_blP160DEyu4gIfJ3f3Vz_wI_6yZ1aqpsz-8r8YpbeQbgrcV577yF2lTbmavmNDA6R_FW2rF8Y-mLfFbhAkQqmpuYDWdXv7_cyOmECs53ROlGzPd-DIUi1mw9_Af0tIC6DKh1nbbp16VPKqzmCPVfI1VGNZSCzVYOAr-XApRi0JZ39ub0aO1FsZzCjA
Cookies:		&lt;none&gt;
Multiparts:		&lt;none&gt;
Body:			&lt;none&gt;

HTTP/1.1 401 Unauthorized
www-authenticate: Bearer realm=&quot;https://ig.aidtaas.com/mobius-payment-service/v1.0/customers/B5_AvmGu99qllaf&quot;, error=&quot;invalid_token&quot;
content-length: 14
content-type: text/plain
date: Fri, 21 Feb 2025 06:21:45 GMT
server: istio-envoy
x-envoy-upstream-service-time: 2

Jwt is expired
</system-out>
  </testcase>
  <testcase classname="unit4cases.EvoMaster_others_Test" name="test_19" time="0.083">
    <failure message="1 expectation failed.
Expected content-type &quot;application/json&quot; doesn&apos;t match actual content-type &quot;text/plain&quot;.
" type="java.lang.AssertionError">java.lang.AssertionError: 1 expectation failed.
Expected content-type &quot;application/json&quot; doesn&apos;t match actual content-type &quot;text/plain&quot;.

	at java.base/jdk.internal.reflect.DirectConstructorHandleAccessor.newInstance(DirectConstructorHandleAccessor.java:62)
	at java.base/java.lang.reflect.Constructor.newInstanceWithCaller(Constructor.java:502)
	at java.base/java.lang.reflect.Constructor.newInstance(Constructor.java:486)
	at org.codehaus.groovy.reflection.CachedConstructor.invoke(CachedConstructor.java:73)
	at org.codehaus.groovy.runtime.callsite.ConstructorSite$ConstructorSiteNoUnwrapNoCoerce.callConstructor(ConstructorSite.java:108)
	at org.codehaus.groovy.runtime.callsite.AbstractCallSite.callConstructor(AbstractCallSite.java:277)
	at io.restassured.internal.ResponseSpecificationImpl$HamcrestAssertionClosure.validate(ResponseSpecificationImpl.groovy:512)
	at io.restassured.internal.ResponseSpecificationImpl$HamcrestAssertionClosure$validate$1.call(Unknown Source)
	at io.restassured.internal.ResponseSpecificationImpl.validateResponseIfRequired(ResponseSpecificationImpl.groovy:696)
	at io.restassured.internal.ResponseSpecificationImpl.this$2$validateResponseIfRequired(ResponseSpecificationImpl.groovy)
	at java.base/jdk.internal.reflect.DirectMethodHandleAccessor.invoke(DirectMethodHandleAccessor.java:103)
	at java.base/java.lang.reflect.Method.invoke(Method.java:580)
	at org.codehaus.groovy.runtime.callsite.PlainObjectMetaMethodSite.doInvoke(PlainObjectMetaMethodSite.java:43)
	at org.codehaus.groovy.runtime.callsite.PogoMetaMethodSite$PogoCachedMethodSiteNoUnwrapNoCoerce.invoke(PogoMetaMethodSite.java:198)
	at org.codehaus.groovy.runtime.callsite.PogoMetaMethodSite.callCurrent(PogoMetaMethodSite.java:62)
	at org.codehaus.groovy.runtime.callsite.AbstractCallSite.callCurrent(AbstractCallSite.java:185)
	at io.restassured.internal.ResponseSpecificationImpl.contentType(ResponseSpecificationImpl.groovy:443)
	at io.restassured.internal.ValidatableResponseOptionsImpl.contentType(ValidatableResponseOptionsImpl.java:226)
	at unit4cases.EvoMaster_others_Test.test_19(EvoMaster_others_Test.java:607)
	at java.base/jdk.internal.reflect.DirectMethodHandleAccessor.invoke(DirectMethodHandleAccessor.java:103)
	at java.base/java.lang.reflect.Method.invoke(Method.java:580)
	at org.junit.runners.model.FrameworkMethod$1.runReflectiveCall(FrameworkMethod.java:59)
	at org.junit.internal.runners.model.ReflectiveCallable.run(ReflectiveCallable.java:12)
	at org.junit.runners.model.FrameworkMethod.invokeExplosively(FrameworkMethod.java:56)
	at org.junit.internal.runners.statements.InvokeMethod.evaluate(InvokeMethod.java:17)
	at org.junit.internal.runners.statements.FailOnTimeout$CallableStatement.call(FailOnTimeout.java:299)
	at org.junit.internal.runners.statements.FailOnTimeout$CallableStatement.call(FailOnTimeout.java:293)
	at java.base/java.util.concurrent.FutureTask.run(FutureTask.java:317)
	at java.base/java.lang.Thread.run(Thread.java:1583)
</failure>
    <system-out>Request method:	GET
Request URI:	https://ig.aidtaas.com/mobius-payment-service/v1.0/customers/ri8isWLs
Proxy:			&lt;none&gt;
Request params:	&lt;none&gt;
Query params:	&lt;none&gt;
Form params:	&lt;none&gt;
Path params:	&lt;none&gt;
Headers:		Accept=application/json
				Authorization=Bearer  eyJhbGciOiJSUzI1NiIsInR5cCIgOiAiSldUIiwia2lkIiA6ICI3Ny1NUVdFRTNHZE5adGlsWU5IYmpsa2dVSkpaWUJWVmN1UmFZdHl5ejFjIn0.eyJleHAiOjE3NDAwODgxMjAsImlhdCI6MTc0MDA1MjEyMCwianRpIjoiYjc4MDZhYTYtZWE3MS00NWJkLWI5ODMtOWU3MDE4OTc4NTYzIiwiaXNzIjoiaHR0cDovL2tleWNsb2FrLXNlcnZpY2Uua2V5Y2xvYWsuc3ZjLmNsdXN0ZXIubG9jYWw6ODA4MC9yZWFsbXMvbWFzdGVyIiwiYXVkIjpbIkJPTFRaTUFOTl9CT1RfbW9iaXVzIiwiUEFTQ0FMX0lOVEVMTElHRU5DRV9tb2JpdXMiLCJNT05FVF9tb2JpdXMiLCJWSU5DSV9tb2JpdXMiLCJhY2NvdW50Il0sInN1YiI6IjJjZjc2ZTVmLTI2YWQtNGYyYy1iY2NjLWY0YmMxZTdiZmI2NCIsInR5cCI6IkJlYXJlciIsImF6cCI6IkhPTEFDUkFDWV9tb2JpdXMiLCJzaWQiOiJmNjcwYzZjMi03OWYzLTQ2YzctOTE5Yy1hNTNhYmRiNTgwNDMiLCJhY3IiOiIxIiwiYWxsb3dlZC1vcmlnaW5zIjpbIi8qIl0sInJlYWxtX2FjY2VzcyI6eyJyb2xlcyI6WyJkZWZhdWx0LXJvbGVzLW1hc3RlciIsIkhDWV9URU5BTlRfQ1VTVE9NIiwib2ZmbGluZV9hY2Nlc3MiLCJCT0JfVEVOQU5UX0NVU1RPTSIsInVtYV9hdXRob3JpemF0aW9uIiwiUElfVEVOQU5UX0NVU1RPTSIsIk1PTkVUX1RFTkFOVF9DVVNUT00iXX0sInJlc291cmNlX2FjY2VzcyI6eyJCT0xUWk1BTk5fQk9UX21vYml1cyI6eyJyb2xlcyI6WyJURU5BTlRfV09SS0ZMT1dfU1VTUEVORF9QUk9DRVNTX0RFRklOSVRJT04iLCJURU5BTlRfV09SS0ZMT1dfU1VTUEVORF9JTlNUQU5DRSIsIlRFTkFOVF9XT1JLRkxPV19SRVRSSUVWRV9BTEwiLCJURU5BTlRfV09SS0ZMT1dfQUNUSVZBVEVfSU5TVEFOQ0UiLCJURU5BTlRfV09SS0ZMT1dfRVhFQ1VURSIsIlRFTkFOVF9XT1JLRkxPV19SRVRSSUVWRV9IT01FIiwiVEVOQU5UX1dPUktGTE9XX1JFVFJJRVZFX1NVU1BFTkRFRF9QUk9DRVNTX0RFRlMiLCJURU5BTlRfV09SS0ZMT1dfQUNUSVZBVEVfUlVOX0pPQiIsIlRFTkFOVF9XT1JLRkxPV19TVEFUVVMiLCJURU5BTlRfV09SS0ZMT1dfQ1JFQVRFIiwiVEVOQU5UX1dPUktGTE9XX0FDVElWSVRZX0RBVEFfQ09VTlQiLCJCT0xUWk1BTk5fQk9UX1VTRVIiLCJURU5BTlRfV09SS0ZMT1dfREVQTE9ZX1ZFUlNJT04iLCJURU5BTlRfV09SS0ZMT1dfSU1QT1JUIiwiVEVOQU5UX1dPUktGTE9XX1VQREFURSIsIlRFTkFOVF9XT1JLRkxPV19ERVBMT1kiLCJURU5BTlRfV09SS0ZMT1dfU1VTUEVORF9SVU5fSk9CIiwiVEVOQU5UX1dPUktGTE9XX1JFVFJJRVZFIiwiVEVOQU5UX1dPUktGTE9XX0RFTEVURSIsIlRFTkFOVF9XT1JLRkxPV19UUklHR0VSX01FU1NBR0VfTElTVEVORVIiXX0sIkhPTEFDUkFDWV9tb2JpdXMiOnsicm9sZXMiOlsiVEVOQU5UX1BST0RVQ1RfUkVUUklFVkVfTUFTVEVSX0NPTkZJRyIsIlRFTkFOVF9JTlZJVEFUSU9OX1JFU1BPTkQiLCJURU5BTlRfTkVHT1RJQVRJT05fQVBQUk9WQUxfQlVZRVIiLCJURU5BTlRfSU5WSVRBVElPTl9SRVRSSUVWRSIsIlRFTkFOVF9PUkdBTklaQVRJT05fQ1JFQVRFIiwiVEVOQU5UX0NSRUFURV9URU5BTlQiLCJURU5BTlRfU1VCX0FMTElBTkNFX1JFVFJJRVZFIiwiVEVOQU5UX1BMQVRGT1JNX0NSRUFURSIsIkhPTEFDUkFDWV9VU0VSIiwiVEVOQU5UX1JBVEVDQVJEX0NSRUFURSIsIlRFTkFOVF9QTEFURk9STV9SRVRSSUVWRSIsIlRFTkFOVF9SRVRSSUVWRV9CWV9CVVlFUl9QTEFURk9STSIsIlRFTkFOVF9TVUJfQUxMSUFOQ0VfUkVUUklFVkVfQUxMIiwiVEVOQU5UX1BST0RVQ1RfUkVUUklFVkUiLCJURU5BTlRfQUNDT1VOVF9ERUxFVEUiLCJURU5BTlRfQUxMSUFOQ0VfUkVUUklFVkUiLCJURU5BTlRfUExBVEZPUk1fVVBEQVRFIiwiVEVOQU5UX0lOVklUQVRJT05fQ1JFQVRFIiwiVEVOQU5UX1JBVEVDQVJEX1JFVFJJRVZFIiwiVEVOQU5UX09SR0FOSVpBVElPTl9VUERBVEUiLCJURU5BTlRfUkFURUNBUkRfVVBEQVRFIiwiVEVOQU5UX09SR0FOSVpBVElPTl9ERUxFVEUiLCJURU5BTlRfUExBVEZPUk1fREVMRVRFIiwiVEVOQU5UX1BST0RVQ1RfQ1JFQVRFIiwiVEVOQU5UX1NVQl9BTExJQU5DRV9DUkVBVEUiLCJURU5BTlRfUkFURUNBUkRfREVMRVRFIiwiVEVOQU5UX0FDQ09VTlRfQ1JFQVRFIiwiVEVOQU5UX0lOVklUQVRJT05fVVBEQVRFIiwiVEVOQU5UX1JFVFJJRVZFX1RFTkFOVCIsIlRFTkFOVF9JTlZJVEFUSU9OX0RFTEVURSIsIlRFTkFOVF9ORUdPVElBVElPTl9BUFBST1ZBTF9TVVBFUl9BRE1JTiIsIlRFTkFOVF9ORUdPVElBVElPTl9SRVRSSUVWRV9BTExfQkVUV0VFTl9CVVlFUl9TRUxMRVIiLCJURU5BTlRfUkVUUklFVkVfVEVOQU5UX0FMTCIsIlRFTkFOVF9ORUdPVElBVElPTl9DUkVBVEUiLCJURU5BTlRfVVBEQVRFX1RFTkFOVCIsIlRFTkFOVF9PUkdBTklaQVRJT05fUkVUUklFVkUiLCJURU5BTlRfQUNDT1VOVF9VUERBVEUiLCJURU5BTlRfUFJPRFVDVF9ERUxFVEUiLCJURU5BTlRfU1VCX0FMTElBTkNFX0RFTEVURSIsIlRFTkFOVF9ORUdPVElBVElPTl9BUFBST1ZBTF9TRUxMRVIiLCJURU5BTlRfU1VCX0FMTElBTkNFX1VQREFURSIsIlRFTkFOVF9QUk9EVUNUX1VQREFURSIsIlRFTkFOVF9BQ0NPVU5UX1JFVFJJRVZFIiwiVEVOQU5UX05FR09USUFUSU9OX1JFVFJJRVZFIiwiVEVOQU5UX0RFTEVURV9URU5BTlQiXX0sIlBBU0NBTF9JTlRFTExJR0VOQ0VfbW9iaXVzIjp7InJvbGVzIjpbIlRFTkFOVF9DT05URVhUX0RFTEVURSIsIlRFTkFOVF9DT05URVhUX1VQREFURSIsIlRFTkFOVF9CSUdRVUVSWV9SRVRSSUVWRSIsIlRFTkFOVF9CSUdRVUVSWV9VUERBVEUiLCJURU5BTlRfVU5JVkVSU0VfQ1JFQVRFIiwiVEVOQU5UX0NPSE9SVFNfUkVUUklFVkUiLCJURU5BTlRfQklHUVVFUllfQ1JFQVRFIiwiVEVOQU5UX0JJR1FVRVJZX0VWQUxVQVRFIiwiVEVOQU5UX0NPSE9SVFNfVVBEQVRFIiwiVEVOQU5UX0NPTlRFWFRfUkVUUklFVkUiLCJURU5BTlRfVU5JVkVSU0VfUkVUUklFVkUiLCJURU5BTlRfQ09IT1JUU19FVkFMVUFURSIsIlRFTkFOVF9CSUdRVUVSWV9ERUxFVEUiLCJURU5BTlRfU0NIRU1BX0NSRUFURSIsIlBBU0NBTF9JTlRFTExJR0VOQ0VfVVNFUiIsIlRFTkFOVF9DT0hPUlRTX0NSRUFURSIsIlRFTkFOVF9TQ0hFTUFfVVBEQVRFIiwiVEVOQU5UX0NPTlRFWFRfQVBQUk9WRSIsIlRFTkFOVF9VTklWRVJTRV9VUERBVEUiLCJURU5BTlRfQklHUVVFUllfQVBQUk9WRSIsIlRFTkFOVF9TQ0hFTUFfUkVUUklFVkUiLCJURU5BTlRfU0NIRU1BX0FQUFJPVkUiLCJURU5BTlRfQ09OVEVYVF9FVkFMVUFURSIsIlRFTkFOVF9TQ0hFTUFfREVMRVRFIiwiVEVOQU5UX0NPTlRFWFRfQ1JFQVRFIiwiVEVOQU5UX1NDSEVNQV9EQVRBX1JFVFJJRVZFIiwiVEVOQU5UX1NDSEVNQV9EQVRBX0RFTEVURSIsIlRFTkFOVF9TQ0hFTUFfREFUQV9VUERBVEUiLCJURU5BTlRfQ09IT1JUU19ERUxFVEUiLCJURU5BTlRfVU5JVkVSU0VfREVMRVRFIiwiVEVOQU5UX1NDSEVNQV9EQVRBX0lOR0VTVElPTiIsIlRFTkFOVF9DT0hPUlRTX0FQUFJPVkUiXX0sIk1PTkVUX21vYml1cyI6eyJyb2xlcyI6WyJURU5BTlRfQVBQTEVUU19SRVRSSUVWRV9BTExfUFVCTElTSEVEIiwiVEVOQU5UX1dJREdFVFNfUkVUUklFVkVfRFJBRlQiLCJURU5BTlRfV0lER0VUU19VUERBVEUiLCJURU5BTlRfQVBQTEVUU19ERUxFVEUiLCJURU5BTlRfV0lER0VUU19ERUxFVEUiLCJURU5BTlRfUExVR0lOX0NBVEVHT1JZX1JFVFJJRVZFX0FMTCIsIlRFTkFOVF9BUFBMRVRTX1VQREFURV9ISVNUT1JZIiwiVEVOQU5UX0VYUEVSSUVOQ0VTX0NSRUFURSIsIlRFTkFOVF9XSURHRVRTX1JFVFJJRVZFX1BVQkxJU0giLCJURU5BTlRfUExVR0lOX0NBVEVHT1JZX0NSRUFURSIsIlRFTkFOVF9ERVBFTkRFTkNZX1JFVFJJRVZFX0FMTCIsIlRFTkFOVF9XSURHRVRTX1BVQkxJU0giLCJURU5BTlRfUkVUUklFVkVfRklFTERTX09GX1BVQkxJU0hFRCIsIlRFTkFOVF9FWFBFUklFTkNFU19VUERBVEUiLCJURU5BTlRfQVBQTEVUU19DUkVBVEUiLCJURU5BTlRfUExVR0lOU19ERUxFVEUiLCJURU5BTlRfQVBQTEVUU19SRVRSSUVWRV9BTExfRFJBRlQiLCJURU5BTlRfUExVR0lOU19VUERBVEUiLCJURU5BTlRfQVBQTEVUU19SRVRSSUVWRV9GUk9NX0hJU1RPUlkiLCJURU5BTlRfUkVUUklFVkVfRklFTERTX09GX0RSQUZUIiwiVEVOQU5UX0FQUExFVFNfUkVUUklFVkVfUFVCTElTSEVEIiwiVEVOQU5UX0FQUExFVFNfUFVCTElTSEVEIiwiVEVOQU5UX1dJREdFVFNfUkVUUklFVkUiLCJURU5BTlRfUExVR0lOX0NBVEVHT1JZX0RFTEVURSIsIlRFTkFOVF9QTFVHSU5fQ0FURUdPUllfUFVCTElTSCIsIlRFTkFOVF9QTFVHSU5fQ0FURUdPUllfREVMRVRFX0NPTVBfRlJPTSIsIlRFTkFOVF9SRVRSSUVWRV9QVUJMSVNIRUQiLCJURU5BTlRfUExVR0lOU19SRVRSSUVWRSIsIlRFTkFOVF9QTFVHSU5TX0NSRUFURSIsIlRFTkFOVF9XSURHRVRTX0NSRUFURSIsIlRFTkFOVF9BUFBMRVRTX1JFVFJJRVZFX0FMTF9QVUJMSVNIRURfVEhVTUJOQUlMUyIsIk1PTkVUX1VTRVIiLCJURU5BTlRfRVhQRVJJRU5DRVNfREVMRVRFIiwiVEVOQU5UX0VYUEVSSUVOQ0VTX1BVQkxJU0giLCJURU5BTlRfUkVUUklFVkVfRlJPTV9ISVNUT1JZIiwiVEVOQU5UX1BMVUdJTl9DQVRFR09SWV9VUERBVEUiXX0sIlZJTkNJX21vYml1cyI6eyJyb2xlcyI6WyJWSU5DSV9VU0VSIl19LCJhY2NvdW50Ijp7InJvbGVzIjpbIm1hbmFnZS1hY2NvdW50IiwibWFuYWdlLWFjY291bnQtbGlua3MiLCJ2aWV3LXByb2ZpbGUiXX19LCJzY29wZSI6InByb2ZpbGUgZW1haWwiLCJyZXF1ZXN0ZXJUeXBlIjoiVEVOQU5UIiwiZW1haWxfdmVyaWZpZWQiOnRydWUsIm5hbWUiOiJBaWR0YWFzIEFpZHRhYXMiLCJ0ZW5hbnRJZCI6IjJjZjc2ZTVmLTI2YWQtNGYyYy1iY2NjLWY0YmMxZTdiZmI2NCIsInByZWZlcnJlZF91c2VybmFtZSI6InBhc3N3b3JkX3RlbmFudF9haWR0YWFzQGdhaWFuc29sdXRpb25zLmNvbSIsImdpdmVuX25hbWUiOiJBaWR0YWFzIiwiZmFtaWx5X25hbWUiOiJBaWR0YWFzIiwiZW1haWwiOiJwYXNzd29yZF90ZW5hbnRfYWlkdGFhc0BnYWlhbnNvbHV0aW9ucy5jb20ifQ.G22UWdZfpDy2T8neTapxgOEwLcTJnbjop5nrm13HlhaUON7HfGI1b-n7D7FRAcRr2u7xBEE7MwJ3OSJyfjIQamrmV1U0PYtVogiw3EQcp41YWWAnpuaG41KiZvYuxGdFO1uADRRSrbnzDP44nnh75gQxL-s_blP160DEyu4gIfJ3f3Vz_wI_6yZ1aqpsz-8r8YpbeQbgrcV577yF2lTbmavmNDA6R_FW2rF8Y-mLfFbhAkQqmpuYDWdXv7_cyOmECs53ROlGzPd-DIUi1mw9_Af0tIC6DKh1nbbp16VPKqzmCPVfI1VGNZSCzVYOAr-XApRi0JZ39ub0aO1FsZzCjA
Cookies:		&lt;none&gt;
Multiparts:		&lt;none&gt;
Body:			&lt;none&gt;

HTTP/1.1 401 Unauthorized
www-authenticate: Bearer realm=&quot;https://ig.aidtaas.com/mobius-payment-service/v1.0/customers/ri8isWLs&quot;, error=&quot;invalid_token&quot;
content-length: 14
content-type: text/plain
date: Fri, 21 Feb 2025 06:21:45 GMT
server: istio-envoy
x-envoy-upstream-service-time: 5

Jwt is expired
</system-out>
  </testcase>
  <testcase classname="unit4cases.EvoMaster_others_Test" name="test_20" time="0.109">
    <failure message="1 expectation failed.
Expected content-type &quot;application/json&quot; doesn&apos;t match actual content-type &quot;text/plain&quot;.
" type="java.lang.AssertionError">java.lang.AssertionError: 1 expectation failed.
Expected content-type &quot;application/json&quot; doesn&apos;t match actual content-type &quot;text/plain&quot;.

	at java.base/jdk.internal.reflect.DirectConstructorHandleAccessor.newInstance(DirectConstructorHandleAccessor.java:62)
	at java.base/java.lang.reflect.Constructor.newInstanceWithCaller(Constructor.java:502)
	at java.base/java.lang.reflect.Constructor.newInstance(Constructor.java:486)
	at org.codehaus.groovy.reflection.CachedConstructor.invoke(CachedConstructor.java:73)
	at org.codehaus.groovy.runtime.callsite.ConstructorSite$ConstructorSiteNoUnwrapNoCoerce.callConstructor(ConstructorSite.java:108)
	at org.codehaus.groovy.runtime.callsite.AbstractCallSite.callConstructor(AbstractCallSite.java:277)
	at io.restassured.internal.ResponseSpecificationImpl$HamcrestAssertionClosure.validate(ResponseSpecificationImpl.groovy:512)
	at io.restassured.internal.ResponseSpecificationImpl$HamcrestAssertionClosure$validate$1.call(Unknown Source)
	at io.restassured.internal.ResponseSpecificationImpl.validateResponseIfRequired(ResponseSpecificationImpl.groovy:696)
	at io.restassured.internal.ResponseSpecificationImpl.this$2$validateResponseIfRequired(ResponseSpecificationImpl.groovy)
	at java.base/jdk.internal.reflect.DirectMethodHandleAccessor.invoke(DirectMethodHandleAccessor.java:103)
	at java.base/java.lang.reflect.Method.invoke(Method.java:580)
	at org.codehaus.groovy.runtime.callsite.PlainObjectMetaMethodSite.doInvoke(PlainObjectMetaMethodSite.java:43)
	at org.codehaus.groovy.runtime.callsite.PogoMetaMethodSite$PogoCachedMethodSiteNoUnwrapNoCoerce.invoke(PogoMetaMethodSite.java:198)
	at org.codehaus.groovy.runtime.callsite.PogoMetaMethodSite.callCurrent(PogoMetaMethodSite.java:62)
	at org.codehaus.groovy.runtime.callsite.AbstractCallSite.callCurrent(AbstractCallSite.java:185)
	at io.restassured.internal.ResponseSpecificationImpl.contentType(ResponseSpecificationImpl.groovy:443)
	at io.restassured.internal.ValidatableResponseOptionsImpl.contentType(ValidatableResponseOptionsImpl.java:226)
	at unit4cases.EvoMaster_others_Test.test_20(EvoMaster_others_Test.java:633)
	at java.base/jdk.internal.reflect.DirectMethodHandleAccessor.invoke(DirectMethodHandleAccessor.java:103)
	at java.base/java.lang.reflect.Method.invoke(Method.java:580)
	at org.junit.runners.model.FrameworkMethod$1.runReflectiveCall(FrameworkMethod.java:59)
	at org.junit.internal.runners.model.ReflectiveCallable.run(ReflectiveCallable.java:12)
	at org.junit.runners.model.FrameworkMethod.invokeExplosively(FrameworkMethod.java:56)
	at org.junit.internal.runners.statements.InvokeMethod.evaluate(InvokeMethod.java:17)
	at org.junit.internal.runners.statements.FailOnTimeout$CallableStatement.call(FailOnTimeout.java:299)
	at org.junit.internal.runners.statements.FailOnTimeout$CallableStatement.call(FailOnTimeout.java:293)
	at java.base/java.util.concurrent.FutureTask.run(FutureTask.java:317)
	at java.base/java.lang.Thread.run(Thread.java:1583)
</failure>
    <system-out>Request method:	DELETE
Request URI:	https://ig.aidtaas.com/mobius-payment-service/v1.0/gateway-details/garVTH
Proxy:			&lt;none&gt;
Request params:	&lt;none&gt;
Query params:	&lt;none&gt;
Form params:	&lt;none&gt;
Path params:	&lt;none&gt;
Headers:		Accept=application/json
				Authorization=Bearer  eyJhbGciOiJSUzI1NiIsInR5cCIgOiAiSldUIiwia2lkIiA6ICI3Ny1NUVdFRTNHZE5adGlsWU5IYmpsa2dVSkpaWUJWVmN1UmFZdHl5ejFjIn0.eyJleHAiOjE3NDAwODgxMjAsImlhdCI6MTc0MDA1MjEyMCwianRpIjoiYjc4MDZhYTYtZWE3MS00NWJkLWI5ODMtOWU3MDE4OTc4NTYzIiwiaXNzIjoiaHR0cDovL2tleWNsb2FrLXNlcnZpY2Uua2V5Y2xvYWsuc3ZjLmNsdXN0ZXIubG9jYWw6ODA4MC9yZWFsbXMvbWFzdGVyIiwiYXVkIjpbIkJPTFRaTUFOTl9CT1RfbW9iaXVzIiwiUEFTQ0FMX0lOVEVMTElHRU5DRV9tb2JpdXMiLCJNT05FVF9tb2JpdXMiLCJWSU5DSV9tb2JpdXMiLCJhY2NvdW50Il0sInN1YiI6IjJjZjc2ZTVmLTI2YWQtNGYyYy1iY2NjLWY0YmMxZTdiZmI2NCIsInR5cCI6IkJlYXJlciIsImF6cCI6IkhPTEFDUkFDWV9tb2JpdXMiLCJzaWQiOiJmNjcwYzZjMi03OWYzLTQ2YzctOTE5Yy1hNTNhYmRiNTgwNDMiLCJhY3IiOiIxIiwiYWxsb3dlZC1vcmlnaW5zIjpbIi8qIl0sInJlYWxtX2FjY2VzcyI6eyJyb2xlcyI6WyJkZWZhdWx0LXJvbGVzLW1hc3RlciIsIkhDWV9URU5BTlRfQ1VTVE9NIiwib2ZmbGluZV9hY2Nlc3MiLCJCT0JfVEVOQU5UX0NVU1RPTSIsInVtYV9hdXRob3JpemF0aW9uIiwiUElfVEVOQU5UX0NVU1RPTSIsIk1PTkVUX1RFTkFOVF9DVVNUT00iXX0sInJlc291cmNlX2FjY2VzcyI6eyJCT0xUWk1BTk5fQk9UX21vYml1cyI6eyJyb2xlcyI6WyJURU5BTlRfV09SS0ZMT1dfU1VTUEVORF9QUk9DRVNTX0RFRklOSVRJT04iLCJURU5BTlRfV09SS0ZMT1dfU1VTUEVORF9JTlNUQU5DRSIsIlRFTkFOVF9XT1JLRkxPV19SRVRSSUVWRV9BTEwiLCJURU5BTlRfV09SS0ZMT1dfQUNUSVZBVEVfSU5TVEFOQ0UiLCJURU5BTlRfV09SS0ZMT1dfRVhFQ1VURSIsIlRFTkFOVF9XT1JLRkxPV19SRVRSSUVWRV9IT01FIiwiVEVOQU5UX1dPUktGTE9XX1JFVFJJRVZFX1NVU1BFTkRFRF9QUk9DRVNTX0RFRlMiLCJURU5BTlRfV09SS0ZMT1dfQUNUSVZBVEVfUlVOX0pPQiIsIlRFTkFOVF9XT1JLRkxPV19TVEFUVVMiLCJURU5BTlRfV09SS0ZMT1dfQ1JFQVRFIiwiVEVOQU5UX1dPUktGTE9XX0FDVElWSVRZX0RBVEFfQ09VTlQiLCJCT0xUWk1BTk5fQk9UX1VTRVIiLCJURU5BTlRfV09SS0ZMT1dfREVQTE9ZX1ZFUlNJT04iLCJURU5BTlRfV09SS0ZMT1dfSU1QT1JUIiwiVEVOQU5UX1dPUktGTE9XX1VQREFURSIsIlRFTkFOVF9XT1JLRkxPV19ERVBMT1kiLCJURU5BTlRfV09SS0ZMT1dfU1VTUEVORF9SVU5fSk9CIiwiVEVOQU5UX1dPUktGTE9XX1JFVFJJRVZFIiwiVEVOQU5UX1dPUktGTE9XX0RFTEVURSIsIlRFTkFOVF9XT1JLRkxPV19UUklHR0VSX01FU1NBR0VfTElTVEVORVIiXX0sIkhPTEFDUkFDWV9tb2JpdXMiOnsicm9sZXMiOlsiVEVOQU5UX1BST0RVQ1RfUkVUUklFVkVfTUFTVEVSX0NPTkZJRyIsIlRFTkFOVF9JTlZJVEFUSU9OX1JFU1BPTkQiLCJURU5BTlRfTkVHT1RJQVRJT05fQVBQUk9WQUxfQlVZRVIiLCJURU5BTlRfSU5WSVRBVElPTl9SRVRSSUVWRSIsIlRFTkFOVF9PUkdBTklaQVRJT05fQ1JFQVRFIiwiVEVOQU5UX0NSRUFURV9URU5BTlQiLCJURU5BTlRfU1VCX0FMTElBTkNFX1JFVFJJRVZFIiwiVEVOQU5UX1BMQVRGT1JNX0NSRUFURSIsIkhPTEFDUkFDWV9VU0VSIiwiVEVOQU5UX1JBVEVDQVJEX0NSRUFURSIsIlRFTkFOVF9QTEFURk9STV9SRVRSSUVWRSIsIlRFTkFOVF9SRVRSSUVWRV9CWV9CVVlFUl9QTEFURk9STSIsIlRFTkFOVF9TVUJfQUxMSUFOQ0VfUkVUUklFVkVfQUxMIiwiVEVOQU5UX1BST0RVQ1RfUkVUUklFVkUiLCJURU5BTlRfQUNDT1VOVF9ERUxFVEUiLCJURU5BTlRfQUxMSUFOQ0VfUkVUUklFVkUiLCJURU5BTlRfUExBVEZPUk1fVVBEQVRFIiwiVEVOQU5UX0lOVklUQVRJT05fQ1JFQVRFIiwiVEVOQU5UX1JBVEVDQVJEX1JFVFJJRVZFIiwiVEVOQU5UX09SR0FOSVpBVElPTl9VUERBVEUiLCJURU5BTlRfUkFURUNBUkRfVVBEQVRFIiwiVEVOQU5UX09SR0FOSVpBVElPTl9ERUxFVEUiLCJURU5BTlRfUExBVEZPUk1fREVMRVRFIiwiVEVOQU5UX1BST0RVQ1RfQ1JFQVRFIiwiVEVOQU5UX1NVQl9BTExJQU5DRV9DUkVBVEUiLCJURU5BTlRfUkFURUNBUkRfREVMRVRFIiwiVEVOQU5UX0FDQ09VTlRfQ1JFQVRFIiwiVEVOQU5UX0lOVklUQVRJT05fVVBEQVRFIiwiVEVOQU5UX1JFVFJJRVZFX1RFTkFOVCIsIlRFTkFOVF9JTlZJVEFUSU9OX0RFTEVURSIsIlRFTkFOVF9ORUdPVElBVElPTl9BUFBST1ZBTF9TVVBFUl9BRE1JTiIsIlRFTkFOVF9ORUdPVElBVElPTl9SRVRSSUVWRV9BTExfQkVUV0VFTl9CVVlFUl9TRUxMRVIiLCJURU5BTlRfUkVUUklFVkVfVEVOQU5UX0FMTCIsIlRFTkFOVF9ORUdPVElBVElPTl9DUkVBVEUiLCJURU5BTlRfVVBEQVRFX1RFTkFOVCIsIlRFTkFOVF9PUkdBTklaQVRJT05fUkVUUklFVkUiLCJURU5BTlRfQUNDT1VOVF9VUERBVEUiLCJURU5BTlRfUFJPRFVDVF9ERUxFVEUiLCJURU5BTlRfU1VCX0FMTElBTkNFX0RFTEVURSIsIlRFTkFOVF9ORUdPVElBVElPTl9BUFBST1ZBTF9TRUxMRVIiLCJURU5BTlRfU1VCX0FMTElBTkNFX1VQREFURSIsIlRFTkFOVF9QUk9EVUNUX1VQREFURSIsIlRFTkFOVF9BQ0NPVU5UX1JFVFJJRVZFIiwiVEVOQU5UX05FR09USUFUSU9OX1JFVFJJRVZFIiwiVEVOQU5UX0RFTEVURV9URU5BTlQiXX0sIlBBU0NBTF9JTlRFTExJR0VOQ0VfbW9iaXVzIjp7InJvbGVzIjpbIlRFTkFOVF9DT05URVhUX0RFTEVURSIsIlRFTkFOVF9DT05URVhUX1VQREFURSIsIlRFTkFOVF9CSUdRVUVSWV9SRVRSSUVWRSIsIlRFTkFOVF9CSUdRVUVSWV9VUERBVEUiLCJURU5BTlRfVU5JVkVSU0VfQ1JFQVRFIiwiVEVOQU5UX0NPSE9SVFNfUkVUUklFVkUiLCJURU5BTlRfQklHUVVFUllfQ1JFQVRFIiwiVEVOQU5UX0JJR1FVRVJZX0VWQUxVQVRFIiwiVEVOQU5UX0NPSE9SVFNfVVBEQVRFIiwiVEVOQU5UX0NPTlRFWFRfUkVUUklFVkUiLCJURU5BTlRfVU5JVkVSU0VfUkVUUklFVkUiLCJURU5BTlRfQ09IT1JUU19FVkFMVUFURSIsIlRFTkFOVF9CSUdRVUVSWV9ERUxFVEUiLCJURU5BTlRfU0NIRU1BX0NSRUFURSIsIlBBU0NBTF9JTlRFTExJR0VOQ0VfVVNFUiIsIlRFTkFOVF9DT0hPUlRTX0NSRUFURSIsIlRFTkFOVF9TQ0hFTUFfVVBEQVRFIiwiVEVOQU5UX0NPTlRFWFRfQVBQUk9WRSIsIlRFTkFOVF9VTklWRVJTRV9VUERBVEUiLCJURU5BTlRfQklHUVVFUllfQVBQUk9WRSIsIlRFTkFOVF9TQ0hFTUFfUkVUUklFVkUiLCJURU5BTlRfU0NIRU1BX0FQUFJPVkUiLCJURU5BTlRfQ09OVEVYVF9FVkFMVUFURSIsIlRFTkFOVF9TQ0hFTUFfREVMRVRFIiwiVEVOQU5UX0NPTlRFWFRfQ1JFQVRFIiwiVEVOQU5UX1NDSEVNQV9EQVRBX1JFVFJJRVZFIiwiVEVOQU5UX1NDSEVNQV9EQVRBX0RFTEVURSIsIlRFTkFOVF9TQ0hFTUFfREFUQV9VUERBVEUiLCJURU5BTlRfQ09IT1JUU19ERUxFVEUiLCJURU5BTlRfVU5JVkVSU0VfREVMRVRFIiwiVEVOQU5UX1NDSEVNQV9EQVRBX0lOR0VTVElPTiIsIlRFTkFOVF9DT0hPUlRTX0FQUFJPVkUiXX0sIk1PTkVUX21vYml1cyI6eyJyb2xlcyI6WyJURU5BTlRfQVBQTEVUU19SRVRSSUVWRV9BTExfUFVCTElTSEVEIiwiVEVOQU5UX1dJREdFVFNfUkVUUklFVkVfRFJBRlQiLCJURU5BTlRfV0lER0VUU19VUERBVEUiLCJURU5BTlRfQVBQTEVUU19ERUxFVEUiLCJURU5BTlRfV0lER0VUU19ERUxFVEUiLCJURU5BTlRfUExVR0lOX0NBVEVHT1JZX1JFVFJJRVZFX0FMTCIsIlRFTkFOVF9BUFBMRVRTX1VQREFURV9ISVNUT1JZIiwiVEVOQU5UX0VYUEVSSUVOQ0VTX0NSRUFURSIsIlRFTkFOVF9XSURHRVRTX1JFVFJJRVZFX1BVQkxJU0giLCJURU5BTlRfUExVR0lOX0NBVEVHT1JZX0NSRUFURSIsIlRFTkFOVF9ERVBFTkRFTkNZX1JFVFJJRVZFX0FMTCIsIlRFTkFOVF9XSURHRVRTX1BVQkxJU0giLCJURU5BTlRfUkVUUklFVkVfRklFTERTX09GX1BVQkxJU0hFRCIsIlRFTkFOVF9FWFBFUklFTkNFU19VUERBVEUiLCJURU5BTlRfQVBQTEVUU19DUkVBVEUiLCJURU5BTlRfUExVR0lOU19ERUxFVEUiLCJURU5BTlRfQVBQTEVUU19SRVRSSUVWRV9BTExfRFJBRlQiLCJURU5BTlRfUExVR0lOU19VUERBVEUiLCJURU5BTlRfQVBQTEVUU19SRVRSSUVWRV9GUk9NX0hJU1RPUlkiLCJURU5BTlRfUkVUUklFVkVfRklFTERTX09GX0RSQUZUIiwiVEVOQU5UX0FQUExFVFNfUkVUUklFVkVfUFVCTElTSEVEIiwiVEVOQU5UX0FQUExFVFNfUFVCTElTSEVEIiwiVEVOQU5UX1dJREdFVFNfUkVUUklFVkUiLCJURU5BTlRfUExVR0lOX0NBVEVHT1JZX0RFTEVURSIsIlRFTkFOVF9QTFVHSU5fQ0FURUdPUllfUFVCTElTSCIsIlRFTkFOVF9QTFVHSU5fQ0FURUdPUllfREVMRVRFX0NPTVBfRlJPTSIsIlRFTkFOVF9SRVRSSUVWRV9QVUJMSVNIRUQiLCJURU5BTlRfUExVR0lOU19SRVRSSUVWRSIsIlRFTkFOVF9QTFVHSU5TX0NSRUFURSIsIlRFTkFOVF9XSURHRVRTX0NSRUFURSIsIlRFTkFOVF9BUFBMRVRTX1JFVFJJRVZFX0FMTF9QVUJMSVNIRURfVEhVTUJOQUlMUyIsIk1PTkVUX1VTRVIiLCJURU5BTlRfRVhQRVJJRU5DRVNfREVMRVRFIiwiVEVOQU5UX0VYUEVSSUVOQ0VTX1BVQkxJU0giLCJURU5BTlRfUkVUUklFVkVfRlJPTV9ISVNUT1JZIiwiVEVOQU5UX1BMVUdJTl9DQVRFR09SWV9VUERBVEUiXX0sIlZJTkNJX21vYml1cyI6eyJyb2xlcyI6WyJWSU5DSV9VU0VSIl19LCJhY2NvdW50Ijp7InJvbGVzIjpbIm1hbmFnZS1hY2NvdW50IiwibWFuYWdlLWFjY291bnQtbGlua3MiLCJ2aWV3LXByb2ZpbGUiXX19LCJzY29wZSI6InByb2ZpbGUgZW1haWwiLCJyZXF1ZXN0ZXJUeXBlIjoiVEVOQU5UIiwiZW1haWxfdmVyaWZpZWQiOnRydWUsIm5hbWUiOiJBaWR0YWFzIEFpZHRhYXMiLCJ0ZW5hbnRJZCI6IjJjZjc2ZTVmLTI2YWQtNGYyYy1iY2NjLWY0YmMxZTdiZmI2NCIsInByZWZlcnJlZF91c2VybmFtZSI6InBhc3N3b3JkX3RlbmFudF9haWR0YWFzQGdhaWFuc29sdXRpb25zLmNvbSIsImdpdmVuX25hbWUiOiJBaWR0YWFzIiwiZmFtaWx5X25hbWUiOiJBaWR0YWFzIiwiZW1haWwiOiJwYXNzd29yZF90ZW5hbnRfYWlkdGFhc0BnYWlhbnNvbHV0aW9ucy5jb20ifQ.G22UWdZfpDy2T8neTapxgOEwLcTJnbjop5nrm13HlhaUON7HfGI1b-n7D7FRAcRr2u7xBEE7MwJ3OSJyfjIQamrmV1U0PYtVogiw3EQcp41YWWAnpuaG41KiZvYuxGdFO1uADRRSrbnzDP44nnh75gQxL-s_blP160DEyu4gIfJ3f3Vz_wI_6yZ1aqpsz-8r8YpbeQbgrcV577yF2lTbmavmNDA6R_FW2rF8Y-mLfFbhAkQqmpuYDWdXv7_cyOmECs53ROlGzPd-DIUi1mw9_Af0tIC6DKh1nbbp16VPKqzmCPVfI1VGNZSCzVYOAr-XApRi0JZ39ub0aO1FsZzCjA
Cookies:		&lt;none&gt;
Multiparts:		&lt;none&gt;
Body:			&lt;none&gt;

HTTP/1.1 401 Unauthorized
www-authenticate: Bearer realm=&quot;https://ig.aidtaas.com/mobius-payment-service/v1.0/gateway-details/garVTH&quot;, error=&quot;invalid_token&quot;
content-length: 14
content-type: text/plain
date: Fri, 21 Feb 2025 06:21:45 GMT
server: istio-envoy
x-envoy-upstream-service-time: 7

Jwt is expired
</system-out>
  </testcase>
  <testcase classname="unit4cases.EvoMaster_others_Test" name="test_21" time="0.097">
    <failure message="1 expectation failed.
Expected content-type &quot;application/json&quot; doesn&apos;t match actual content-type &quot;text/plain&quot;.
" type="java.lang.AssertionError">java.lang.AssertionError: 1 expectation failed.
Expected content-type &quot;application/json&quot; doesn&apos;t match actual content-type &quot;text/plain&quot;.

	at java.base/jdk.internal.reflect.DirectConstructorHandleAccessor.newInstance(DirectConstructorHandleAccessor.java:62)
	at java.base/java.lang.reflect.Constructor.newInstanceWithCaller(Constructor.java:502)
	at java.base/java.lang.reflect.Constructor.newInstance(Constructor.java:486)
	at org.codehaus.groovy.reflection.CachedConstructor.invoke(CachedConstructor.java:73)
	at org.codehaus.groovy.runtime.callsite.ConstructorSite$ConstructorSiteNoUnwrapNoCoerce.callConstructor(ConstructorSite.java:108)
	at org.codehaus.groovy.runtime.callsite.AbstractCallSite.callConstructor(AbstractCallSite.java:277)
	at io.restassured.internal.ResponseSpecificationImpl$HamcrestAssertionClosure.validate(ResponseSpecificationImpl.groovy:512)
	at io.restassured.internal.ResponseSpecificationImpl$HamcrestAssertionClosure$validate$1.call(Unknown Source)
	at io.restassured.internal.ResponseSpecificationImpl.validateResponseIfRequired(ResponseSpecificationImpl.groovy:696)
	at io.restassured.internal.ResponseSpecificationImpl.this$2$validateResponseIfRequired(ResponseSpecificationImpl.groovy)
	at java.base/jdk.internal.reflect.DirectMethodHandleAccessor.invoke(DirectMethodHandleAccessor.java:103)
	at java.base/java.lang.reflect.Method.invoke(Method.java:580)
	at org.codehaus.groovy.runtime.callsite.PlainObjectMetaMethodSite.doInvoke(PlainObjectMetaMethodSite.java:43)
	at org.codehaus.groovy.runtime.callsite.PogoMetaMethodSite$PogoCachedMethodSiteNoUnwrapNoCoerce.invoke(PogoMetaMethodSite.java:198)
	at org.codehaus.groovy.runtime.callsite.PogoMetaMethodSite.callCurrent(PogoMetaMethodSite.java:62)
	at org.codehaus.groovy.runtime.callsite.AbstractCallSite.callCurrent(AbstractCallSite.java:185)
	at io.restassured.internal.ResponseSpecificationImpl.contentType(ResponseSpecificationImpl.groovy:443)
	at io.restassured.internal.ValidatableResponseOptionsImpl.contentType(ValidatableResponseOptionsImpl.java:226)
	at unit4cases.EvoMaster_others_Test.test_21(EvoMaster_others_Test.java:659)
	at java.base/jdk.internal.reflect.DirectMethodHandleAccessor.invoke(DirectMethodHandleAccessor.java:103)
	at java.base/java.lang.reflect.Method.invoke(Method.java:580)
	at org.junit.runners.model.FrameworkMethod$1.runReflectiveCall(FrameworkMethod.java:59)
	at org.junit.internal.runners.model.ReflectiveCallable.run(ReflectiveCallable.java:12)
	at org.junit.runners.model.FrameworkMethod.invokeExplosively(FrameworkMethod.java:56)
	at org.junit.internal.runners.statements.InvokeMethod.evaluate(InvokeMethod.java:17)
	at org.junit.internal.runners.statements.FailOnTimeout$CallableStatement.call(FailOnTimeout.java:299)
	at org.junit.internal.runners.statements.FailOnTimeout$CallableStatement.call(FailOnTimeout.java:293)
	at java.base/java.util.concurrent.FutureTask.run(FutureTask.java:317)
	at java.base/java.lang.Thread.run(Thread.java:1583)
</failure>
    <system-out>Request method:	GET
Request URI:	https://ig.aidtaas.com/mobius-payment-service/v1.0/gateway-details/bHr3FM5djJ9irlD
Proxy:			&lt;none&gt;
Request params:	&lt;none&gt;
Query params:	&lt;none&gt;
Form params:	&lt;none&gt;
Path params:	&lt;none&gt;
Headers:		Accept=application/json
				Authorization=Bearer  eyJhbGciOiJSUzI1NiIsInR5cCIgOiAiSldUIiwia2lkIiA6ICI3Ny1NUVdFRTNHZE5adGlsWU5IYmpsa2dVSkpaWUJWVmN1UmFZdHl5ejFjIn0.eyJleHAiOjE3NDAwODgxMjAsImlhdCI6MTc0MDA1MjEyMCwianRpIjoiYjc4MDZhYTYtZWE3MS00NWJkLWI5ODMtOWU3MDE4OTc4NTYzIiwiaXNzIjoiaHR0cDovL2tleWNsb2FrLXNlcnZpY2Uua2V5Y2xvYWsuc3ZjLmNsdXN0ZXIubG9jYWw6ODA4MC9yZWFsbXMvbWFzdGVyIiwiYXVkIjpbIkJPTFRaTUFOTl9CT1RfbW9iaXVzIiwiUEFTQ0FMX0lOVEVMTElHRU5DRV9tb2JpdXMiLCJNT05FVF9tb2JpdXMiLCJWSU5DSV9tb2JpdXMiLCJhY2NvdW50Il0sInN1YiI6IjJjZjc2ZTVmLTI2YWQtNGYyYy1iY2NjLWY0YmMxZTdiZmI2NCIsInR5cCI6IkJlYXJlciIsImF6cCI6IkhPTEFDUkFDWV9tb2JpdXMiLCJzaWQiOiJmNjcwYzZjMi03OWYzLTQ2YzctOTE5Yy1hNTNhYmRiNTgwNDMiLCJhY3IiOiIxIiwiYWxsb3dlZC1vcmlnaW5zIjpbIi8qIl0sInJlYWxtX2FjY2VzcyI6eyJyb2xlcyI6WyJkZWZhdWx0LXJvbGVzLW1hc3RlciIsIkhDWV9URU5BTlRfQ1VTVE9NIiwib2ZmbGluZV9hY2Nlc3MiLCJCT0JfVEVOQU5UX0NVU1RPTSIsInVtYV9hdXRob3JpemF0aW9uIiwiUElfVEVOQU5UX0NVU1RPTSIsIk1PTkVUX1RFTkFOVF9DVVNUT00iXX0sInJlc291cmNlX2FjY2VzcyI6eyJCT0xUWk1BTk5fQk9UX21vYml1cyI6eyJyb2xlcyI6WyJURU5BTlRfV09SS0ZMT1dfU1VTUEVORF9QUk9DRVNTX0RFRklOSVRJT04iLCJURU5BTlRfV09SS0ZMT1dfU1VTUEVORF9JTlNUQU5DRSIsIlRFTkFOVF9XT1JLRkxPV19SRVRSSUVWRV9BTEwiLCJURU5BTlRfV09SS0ZMT1dfQUNUSVZBVEVfSU5TVEFOQ0UiLCJURU5BTlRfV09SS0ZMT1dfRVhFQ1VURSIsIlRFTkFOVF9XT1JLRkxPV19SRVRSSUVWRV9IT01FIiwiVEVOQU5UX1dPUktGTE9XX1JFVFJJRVZFX1NVU1BFTkRFRF9QUk9DRVNTX0RFRlMiLCJURU5BTlRfV09SS0ZMT1dfQUNUSVZBVEVfUlVOX0pPQiIsIlRFTkFOVF9XT1JLRkxPV19TVEFUVVMiLCJURU5BTlRfV09SS0ZMT1dfQ1JFQVRFIiwiVEVOQU5UX1dPUktGTE9XX0FDVElWSVRZX0RBVEFfQ09VTlQiLCJCT0xUWk1BTk5fQk9UX1VTRVIiLCJURU5BTlRfV09SS0ZMT1dfREVQTE9ZX1ZFUlNJT04iLCJURU5BTlRfV09SS0ZMT1dfSU1QT1JUIiwiVEVOQU5UX1dPUktGTE9XX1VQREFURSIsIlRFTkFOVF9XT1JLRkxPV19ERVBMT1kiLCJURU5BTlRfV09SS0ZMT1dfU1VTUEVORF9SVU5fSk9CIiwiVEVOQU5UX1dPUktGTE9XX1JFVFJJRVZFIiwiVEVOQU5UX1dPUktGTE9XX0RFTEVURSIsIlRFTkFOVF9XT1JLRkxPV19UUklHR0VSX01FU1NBR0VfTElTVEVORVIiXX0sIkhPTEFDUkFDWV9tb2JpdXMiOnsicm9sZXMiOlsiVEVOQU5UX1BST0RVQ1RfUkVUUklFVkVfTUFTVEVSX0NPTkZJRyIsIlRFTkFOVF9JTlZJVEFUSU9OX1JFU1BPTkQiLCJURU5BTlRfTkVHT1RJQVRJT05fQVBQUk9WQUxfQlVZRVIiLCJURU5BTlRfSU5WSVRBVElPTl9SRVRSSUVWRSIsIlRFTkFOVF9PUkdBTklaQVRJT05fQ1JFQVRFIiwiVEVOQU5UX0NSRUFURV9URU5BTlQiLCJURU5BTlRfU1VCX0FMTElBTkNFX1JFVFJJRVZFIiwiVEVOQU5UX1BMQVRGT1JNX0NSRUFURSIsIkhPTEFDUkFDWV9VU0VSIiwiVEVOQU5UX1JBVEVDQVJEX0NSRUFURSIsIlRFTkFOVF9QTEFURk9STV9SRVRSSUVWRSIsIlRFTkFOVF9SRVRSSUVWRV9CWV9CVVlFUl9QTEFURk9STSIsIlRFTkFOVF9TVUJfQUxMSUFOQ0VfUkVUUklFVkVfQUxMIiwiVEVOQU5UX1BST0RVQ1RfUkVUUklFVkUiLCJURU5BTlRfQUNDT1VOVF9ERUxFVEUiLCJURU5BTlRfQUxMSUFOQ0VfUkVUUklFVkUiLCJURU5BTlRfUExBVEZPUk1fVVBEQVRFIiwiVEVOQU5UX0lOVklUQVRJT05fQ1JFQVRFIiwiVEVOQU5UX1JBVEVDQVJEX1JFVFJJRVZFIiwiVEVOQU5UX09SR0FOSVpBVElPTl9VUERBVEUiLCJURU5BTlRfUkFURUNBUkRfVVBEQVRFIiwiVEVOQU5UX09SR0FOSVpBVElPTl9ERUxFVEUiLCJURU5BTlRfUExBVEZPUk1fREVMRVRFIiwiVEVOQU5UX1BST0RVQ1RfQ1JFQVRFIiwiVEVOQU5UX1NVQl9BTExJQU5DRV9DUkVBVEUiLCJURU5BTlRfUkFURUNBUkRfREVMRVRFIiwiVEVOQU5UX0FDQ09VTlRfQ1JFQVRFIiwiVEVOQU5UX0lOVklUQVRJT05fVVBEQVRFIiwiVEVOQU5UX1JFVFJJRVZFX1RFTkFOVCIsIlRFTkFOVF9JTlZJVEFUSU9OX0RFTEVURSIsIlRFTkFOVF9ORUdPVElBVElPTl9BUFBST1ZBTF9TVVBFUl9BRE1JTiIsIlRFTkFOVF9ORUdPVElBVElPTl9SRVRSSUVWRV9BTExfQkVUV0VFTl9CVVlFUl9TRUxMRVIiLCJURU5BTlRfUkVUUklFVkVfVEVOQU5UX0FMTCIsIlRFTkFOVF9ORUdPVElBVElPTl9DUkVBVEUiLCJURU5BTlRfVVBEQVRFX1RFTkFOVCIsIlRFTkFOVF9PUkdBTklaQVRJT05fUkVUUklFVkUiLCJURU5BTlRfQUNDT1VOVF9VUERBVEUiLCJURU5BTlRfUFJPRFVDVF9ERUxFVEUiLCJURU5BTlRfU1VCX0FMTElBTkNFX0RFTEVURSIsIlRFTkFOVF9ORUdPVElBVElPTl9BUFBST1ZBTF9TRUxMRVIiLCJURU5BTlRfU1VCX0FMTElBTkNFX1VQREFURSIsIlRFTkFOVF9QUk9EVUNUX1VQREFURSIsIlRFTkFOVF9BQ0NPVU5UX1JFVFJJRVZFIiwiVEVOQU5UX05FR09USUFUSU9OX1JFVFJJRVZFIiwiVEVOQU5UX0RFTEVURV9URU5BTlQiXX0sIlBBU0NBTF9JTlRFTExJR0VOQ0VfbW9iaXVzIjp7InJvbGVzIjpbIlRFTkFOVF9DT05URVhUX0RFTEVURSIsIlRFTkFOVF9DT05URVhUX1VQREFURSIsIlRFTkFOVF9CSUdRVUVSWV9SRVRSSUVWRSIsIlRFTkFOVF9CSUdRVUVSWV9VUERBVEUiLCJURU5BTlRfVU5JVkVSU0VfQ1JFQVRFIiwiVEVOQU5UX0NPSE9SVFNfUkVUUklFVkUiLCJURU5BTlRfQklHUVVFUllfQ1JFQVRFIiwiVEVOQU5UX0JJR1FVRVJZX0VWQUxVQVRFIiwiVEVOQU5UX0NPSE9SVFNfVVBEQVRFIiwiVEVOQU5UX0NPTlRFWFRfUkVUUklFVkUiLCJURU5BTlRfVU5JVkVSU0VfUkVUUklFVkUiLCJURU5BTlRfQ09IT1JUU19FVkFMVUFURSIsIlRFTkFOVF9CSUdRVUVSWV9ERUxFVEUiLCJURU5BTlRfU0NIRU1BX0NSRUFURSIsIlBBU0NBTF9JTlRFTExJR0VOQ0VfVVNFUiIsIlRFTkFOVF9DT0hPUlRTX0NSRUFURSIsIlRFTkFOVF9TQ0hFTUFfVVBEQVRFIiwiVEVOQU5UX0NPTlRFWFRfQVBQUk9WRSIsIlRFTkFOVF9VTklWRVJTRV9VUERBVEUiLCJURU5BTlRfQklHUVVFUllfQVBQUk9WRSIsIlRFTkFOVF9TQ0hFTUFfUkVUUklFVkUiLCJURU5BTlRfU0NIRU1BX0FQUFJPVkUiLCJURU5BTlRfQ09OVEVYVF9FVkFMVUFURSIsIlRFTkFOVF9TQ0hFTUFfREVMRVRFIiwiVEVOQU5UX0NPTlRFWFRfQ1JFQVRFIiwiVEVOQU5UX1NDSEVNQV9EQVRBX1JFVFJJRVZFIiwiVEVOQU5UX1NDSEVNQV9EQVRBX0RFTEVURSIsIlRFTkFOVF9TQ0hFTUFfREFUQV9VUERBVEUiLCJURU5BTlRfQ09IT1JUU19ERUxFVEUiLCJURU5BTlRfVU5JVkVSU0VfREVMRVRFIiwiVEVOQU5UX1NDSEVNQV9EQVRBX0lOR0VTVElPTiIsIlRFTkFOVF9DT0hPUlRTX0FQUFJPVkUiXX0sIk1PTkVUX21vYml1cyI6eyJyb2xlcyI6WyJURU5BTlRfQVBQTEVUU19SRVRSSUVWRV9BTExfUFVCTElTSEVEIiwiVEVOQU5UX1dJREdFVFNfUkVUUklFVkVfRFJBRlQiLCJURU5BTlRfV0lER0VUU19VUERBVEUiLCJURU5BTlRfQVBQTEVUU19ERUxFVEUiLCJURU5BTlRfV0lER0VUU19ERUxFVEUiLCJURU5BTlRfUExVR0lOX0NBVEVHT1JZX1JFVFJJRVZFX0FMTCIsIlRFTkFOVF9BUFBMRVRTX1VQREFURV9ISVNUT1JZIiwiVEVOQU5UX0VYUEVSSUVOQ0VTX0NSRUFURSIsIlRFTkFOVF9XSURHRVRTX1JFVFJJRVZFX1BVQkxJU0giLCJURU5BTlRfUExVR0lOX0NBVEVHT1JZX0NSRUFURSIsIlRFTkFOVF9ERVBFTkRFTkNZX1JFVFJJRVZFX0FMTCIsIlRFTkFOVF9XSURHRVRTX1BVQkxJU0giLCJURU5BTlRfUkVUUklFVkVfRklFTERTX09GX1BVQkxJU0hFRCIsIlRFTkFOVF9FWFBFUklFTkNFU19VUERBVEUiLCJURU5BTlRfQVBQTEVUU19DUkVBVEUiLCJURU5BTlRfUExVR0lOU19ERUxFVEUiLCJURU5BTlRfQVBQTEVUU19SRVRSSUVWRV9BTExfRFJBRlQiLCJURU5BTlRfUExVR0lOU19VUERBVEUiLCJURU5BTlRfQVBQTEVUU19SRVRSSUVWRV9GUk9NX0hJU1RPUlkiLCJURU5BTlRfUkVUUklFVkVfRklFTERTX09GX0RSQUZUIiwiVEVOQU5UX0FQUExFVFNfUkVUUklFVkVfUFVCTElTSEVEIiwiVEVOQU5UX0FQUExFVFNfUFVCTElTSEVEIiwiVEVOQU5UX1dJREdFVFNfUkVUUklFVkUiLCJURU5BTlRfUExVR0lOX0NBVEVHT1JZX0RFTEVURSIsIlRFTkFOVF9QTFVHSU5fQ0FURUdPUllfUFVCTElTSCIsIlRFTkFOVF9QTFVHSU5fQ0FURUdPUllfREVMRVRFX0NPTVBfRlJPTSIsIlRFTkFOVF9SRVRSSUVWRV9QVUJMSVNIRUQiLCJURU5BTlRfUExVR0lOU19SRVRSSUVWRSIsIlRFTkFOVF9QTFVHSU5TX0NSRUFURSIsIlRFTkFOVF9XSURHRVRTX0NSRUFURSIsIlRFTkFOVF9BUFBMRVRTX1JFVFJJRVZFX0FMTF9QVUJMSVNIRURfVEhVTUJOQUlMUyIsIk1PTkVUX1VTRVIiLCJURU5BTlRfRVhQRVJJRU5DRVNfREVMRVRFIiwiVEVOQU5UX0VYUEVSSUVOQ0VTX1BVQkxJU0giLCJURU5BTlRfUkVUUklFVkVfRlJPTV9ISVNUT1JZIiwiVEVOQU5UX1BMVUdJTl9DQVRFR09SWV9VUERBVEUiXX0sIlZJTkNJX21vYml1cyI6eyJyb2xlcyI6WyJWSU5DSV9VU0VSIl19LCJhY2NvdW50Ijp7InJvbGVzIjpbIm1hbmFnZS1hY2NvdW50IiwibWFuYWdlLWFjY291bnQtbGlua3MiLCJ2aWV3LXByb2ZpbGUiXX19LCJzY29wZSI6InByb2ZpbGUgZW1haWwiLCJyZXF1ZXN0ZXJUeXBlIjoiVEVOQU5UIiwiZW1haWxfdmVyaWZpZWQiOnRydWUsIm5hbWUiOiJBaWR0YWFzIEFpZHRhYXMiLCJ0ZW5hbnRJZCI6IjJjZjc2ZTVmLTI2YWQtNGYyYy1iY2NjLWY0YmMxZTdiZmI2NCIsInByZWZlcnJlZF91c2VybmFtZSI6InBhc3N3b3JkX3RlbmFudF9haWR0YWFzQGdhaWFuc29sdXRpb25zLmNvbSIsImdpdmVuX25hbWUiOiJBaWR0YWFzIiwiZmFtaWx5X25hbWUiOiJBaWR0YWFzIiwiZW1haWwiOiJwYXNzd29yZF90ZW5hbnRfYWlkdGFhc0BnYWlhbnNvbHV0aW9ucy5jb20ifQ.G22UWdZfpDy2T8neTapxgOEwLcTJnbjop5nrm13HlhaUON7HfGI1b-n7D7FRAcRr2u7xBEE7MwJ3OSJyfjIQamrmV1U0PYtVogiw3EQcp41YWWAnpuaG41KiZvYuxGdFO1uADRRSrbnzDP44nnh75gQxL-s_blP160DEyu4gIfJ3f3Vz_wI_6yZ1aqpsz-8r8YpbeQbgrcV577yF2lTbmavmNDA6R_FW2rF8Y-mLfFbhAkQqmpuYDWdXv7_cyOmECs53ROlGzPd-DIUi1mw9_Af0tIC6DKh1nbbp16VPKqzmCPVfI1VGNZSCzVYOAr-XApRi0JZ39ub0aO1FsZzCjA
Cookies:		&lt;none&gt;
Multiparts:		&lt;none&gt;
Body:			&lt;none&gt;

HTTP/1.1 401 Unauthorized
www-authenticate: Bearer realm=&quot;https://ig.aidtaas.com/mobius-payment-service/v1.0/gateway-details/bHr3FM5djJ9irlD&quot;, error=&quot;invalid_token&quot;
content-length: 14
content-type: text/plain
date: Fri, 21 Feb 2025 06:21:45 GMT
server: istio-envoy
x-envoy-upstream-service-time: 4

Jwt is expired
</system-out>
  </testcase>
  <testcase classname="unit4cases.EvoMaster_others_Test" name="test_22" time="0.081">
    <failure message="1 expectation failed.
Expected content-type &quot;application/json&quot; doesn&apos;t match actual content-type &quot;text/plain&quot;.
" type="java.lang.AssertionError">java.lang.AssertionError: 1 expectation failed.
Expected content-type &quot;application/json&quot; doesn&apos;t match actual content-type &quot;text/plain&quot;.

	at java.base/jdk.internal.reflect.DirectConstructorHandleAccessor.newInstance(DirectConstructorHandleAccessor.java:62)
	at java.base/java.lang.reflect.Constructor.newInstanceWithCaller(Constructor.java:502)
	at java.base/java.lang.reflect.Constructor.newInstance(Constructor.java:486)
	at org.codehaus.groovy.reflection.CachedConstructor.invoke(CachedConstructor.java:73)
	at org.codehaus.groovy.runtime.callsite.ConstructorSite$ConstructorSiteNoUnwrapNoCoerce.callConstructor(ConstructorSite.java:108)
	at org.codehaus.groovy.runtime.callsite.AbstractCallSite.callConstructor(AbstractCallSite.java:277)
	at io.restassured.internal.ResponseSpecificationImpl$HamcrestAssertionClosure.validate(ResponseSpecificationImpl.groovy:512)
	at io.restassured.internal.ResponseSpecificationImpl$HamcrestAssertionClosure$validate$1.call(Unknown Source)
	at io.restassured.internal.ResponseSpecificationImpl.validateResponseIfRequired(ResponseSpecificationImpl.groovy:696)
	at io.restassured.internal.ResponseSpecificationImpl.this$2$validateResponseIfRequired(ResponseSpecificationImpl.groovy)
	at java.base/jdk.internal.reflect.DirectMethodHandleAccessor.invoke(DirectMethodHandleAccessor.java:103)
	at java.base/java.lang.reflect.Method.invoke(Method.java:580)
	at org.codehaus.groovy.runtime.callsite.PlainObjectMetaMethodSite.doInvoke(PlainObjectMetaMethodSite.java:43)
	at org.codehaus.groovy.runtime.callsite.PogoMetaMethodSite$PogoCachedMethodSiteNoUnwrapNoCoerce.invoke(PogoMetaMethodSite.java:198)
	at org.codehaus.groovy.runtime.callsite.PogoMetaMethodSite.callCurrent(PogoMetaMethodSite.java:62)
	at org.codehaus.groovy.runtime.callsite.AbstractCallSite.callCurrent(AbstractCallSite.java:185)
	at io.restassured.internal.ResponseSpecificationImpl.contentType(ResponseSpecificationImpl.groovy:443)
	at io.restassured.internal.ValidatableResponseOptionsImpl.contentType(ValidatableResponseOptionsImpl.java:226)
	at unit4cases.EvoMaster_others_Test.test_22(EvoMaster_others_Test.java:685)
	at java.base/jdk.internal.reflect.DirectMethodHandleAccessor.invoke(DirectMethodHandleAccessor.java:103)
	at java.base/java.lang.reflect.Method.invoke(Method.java:580)
	at org.junit.runners.model.FrameworkMethod$1.runReflectiveCall(FrameworkMethod.java:59)
	at org.junit.internal.runners.model.ReflectiveCallable.run(ReflectiveCallable.java:12)
	at org.junit.runners.model.FrameworkMethod.invokeExplosively(FrameworkMethod.java:56)
	at org.junit.internal.runners.statements.InvokeMethod.evaluate(InvokeMethod.java:17)
	at org.junit.internal.runners.statements.FailOnTimeout$CallableStatement.call(FailOnTimeout.java:299)
	at org.junit.internal.runners.statements.FailOnTimeout$CallableStatement.call(FailOnTimeout.java:293)
	at java.base/java.util.concurrent.FutureTask.run(FutureTask.java:317)
	at java.base/java.lang.Thread.run(Thread.java:1583)
</failure>
    <system-out>Request method:	GET
Request URI:	https://ig.aidtaas.com/mobius-payment-service/v1.0/wallets/add-revenue/wallet?walletId=RgElTt8
Proxy:			&lt;none&gt;
Request params:	&lt;none&gt;
Query params:	&lt;none&gt;
Form params:	&lt;none&gt;
Path params:	&lt;none&gt;
Headers:		Accept=application/json
				Authorization=Bearer  eyJhbGciOiJSUzI1NiIsInR5cCIgOiAiSldUIiwia2lkIiA6ICI3Ny1NUVdFRTNHZE5adGlsWU5IYmpsa2dVSkpaWUJWVmN1UmFZdHl5ejFjIn0.eyJleHAiOjE3NDAwODgxMjAsImlhdCI6MTc0MDA1MjEyMCwianRpIjoiYjc4MDZhYTYtZWE3MS00NWJkLWI5ODMtOWU3MDE4OTc4NTYzIiwiaXNzIjoiaHR0cDovL2tleWNsb2FrLXNlcnZpY2Uua2V5Y2xvYWsuc3ZjLmNsdXN0ZXIubG9jYWw6ODA4MC9yZWFsbXMvbWFzdGVyIiwiYXVkIjpbIkJPTFRaTUFOTl9CT1RfbW9iaXVzIiwiUEFTQ0FMX0lOVEVMTElHRU5DRV9tb2JpdXMiLCJNT05FVF9tb2JpdXMiLCJWSU5DSV9tb2JpdXMiLCJhY2NvdW50Il0sInN1YiI6IjJjZjc2ZTVmLTI2YWQtNGYyYy1iY2NjLWY0YmMxZTdiZmI2NCIsInR5cCI6IkJlYXJlciIsImF6cCI6IkhPTEFDUkFDWV9tb2JpdXMiLCJzaWQiOiJmNjcwYzZjMi03OWYzLTQ2YzctOTE5Yy1hNTNhYmRiNTgwNDMiLCJhY3IiOiIxIiwiYWxsb3dlZC1vcmlnaW5zIjpbIi8qIl0sInJlYWxtX2FjY2VzcyI6eyJyb2xlcyI6WyJkZWZhdWx0LXJvbGVzLW1hc3RlciIsIkhDWV9URU5BTlRfQ1VTVE9NIiwib2ZmbGluZV9hY2Nlc3MiLCJCT0JfVEVOQU5UX0NVU1RPTSIsInVtYV9hdXRob3JpemF0aW9uIiwiUElfVEVOQU5UX0NVU1RPTSIsIk1PTkVUX1RFTkFOVF9DVVNUT00iXX0sInJlc291cmNlX2FjY2VzcyI6eyJCT0xUWk1BTk5fQk9UX21vYml1cyI6eyJyb2xlcyI6WyJURU5BTlRfV09SS0ZMT1dfU1VTUEVORF9QUk9DRVNTX0RFRklOSVRJT04iLCJURU5BTlRfV09SS0ZMT1dfU1VTUEVORF9JTlNUQU5DRSIsIlRFTkFOVF9XT1JLRkxPV19SRVRSSUVWRV9BTEwiLCJURU5BTlRfV09SS0ZMT1dfQUNUSVZBVEVfSU5TVEFOQ0UiLCJURU5BTlRfV09SS0ZMT1dfRVhFQ1VURSIsIlRFTkFOVF9XT1JLRkxPV19SRVRSSUVWRV9IT01FIiwiVEVOQU5UX1dPUktGTE9XX1JFVFJJRVZFX1NVU1BFTkRFRF9QUk9DRVNTX0RFRlMiLCJURU5BTlRfV09SS0ZMT1dfQUNUSVZBVEVfUlVOX0pPQiIsIlRFTkFOVF9XT1JLRkxPV19TVEFUVVMiLCJURU5BTlRfV09SS0ZMT1dfQ1JFQVRFIiwiVEVOQU5UX1dPUktGTE9XX0FDVElWSVRZX0RBVEFfQ09VTlQiLCJCT0xUWk1BTk5fQk9UX1VTRVIiLCJURU5BTlRfV09SS0ZMT1dfREVQTE9ZX1ZFUlNJT04iLCJURU5BTlRfV09SS0ZMT1dfSU1QT1JUIiwiVEVOQU5UX1dPUktGTE9XX1VQREFURSIsIlRFTkFOVF9XT1JLRkxPV19ERVBMT1kiLCJURU5BTlRfV09SS0ZMT1dfU1VTUEVORF9SVU5fSk9CIiwiVEVOQU5UX1dPUktGTE9XX1JFVFJJRVZFIiwiVEVOQU5UX1dPUktGTE9XX0RFTEVURSIsIlRFTkFOVF9XT1JLRkxPV19UUklHR0VSX01FU1NBR0VfTElTVEVORVIiXX0sIkhPTEFDUkFDWV9tb2JpdXMiOnsicm9sZXMiOlsiVEVOQU5UX1BST0RVQ1RfUkVUUklFVkVfTUFTVEVSX0NPTkZJRyIsIlRFTkFOVF9JTlZJVEFUSU9OX1JFU1BPTkQiLCJURU5BTlRfTkVHT1RJQVRJT05fQVBQUk9WQUxfQlVZRVIiLCJURU5BTlRfSU5WSVRBVElPTl9SRVRSSUVWRSIsIlRFTkFOVF9PUkdBTklaQVRJT05fQ1JFQVRFIiwiVEVOQU5UX0NSRUFURV9URU5BTlQiLCJURU5BTlRfU1VCX0FMTElBTkNFX1JFVFJJRVZFIiwiVEVOQU5UX1BMQVRGT1JNX0NSRUFURSIsIkhPTEFDUkFDWV9VU0VSIiwiVEVOQU5UX1JBVEVDQVJEX0NSRUFURSIsIlRFTkFOVF9QTEFURk9STV9SRVRSSUVWRSIsIlRFTkFOVF9SRVRSSUVWRV9CWV9CVVlFUl9QTEFURk9STSIsIlRFTkFOVF9TVUJfQUxMSUFOQ0VfUkVUUklFVkVfQUxMIiwiVEVOQU5UX1BST0RVQ1RfUkVUUklFVkUiLCJURU5BTlRfQUNDT1VOVF9ERUxFVEUiLCJURU5BTlRfQUxMSUFOQ0VfUkVUUklFVkUiLCJURU5BTlRfUExBVEZPUk1fVVBEQVRFIiwiVEVOQU5UX0lOVklUQVRJT05fQ1JFQVRFIiwiVEVOQU5UX1JBVEVDQVJEX1JFVFJJRVZFIiwiVEVOQU5UX09SR0FOSVpBVElPTl9VUERBVEUiLCJURU5BTlRfUkFURUNBUkRfVVBEQVRFIiwiVEVOQU5UX09SR0FOSVpBVElPTl9ERUxFVEUiLCJURU5BTlRfUExBVEZPUk1fREVMRVRFIiwiVEVOQU5UX1BST0RVQ1RfQ1JFQVRFIiwiVEVOQU5UX1NVQl9BTExJQU5DRV9DUkVBVEUiLCJURU5BTlRfUkFURUNBUkRfREVMRVRFIiwiVEVOQU5UX0FDQ09VTlRfQ1JFQVRFIiwiVEVOQU5UX0lOVklUQVRJT05fVVBEQVRFIiwiVEVOQU5UX1JFVFJJRVZFX1RFTkFOVCIsIlRFTkFOVF9JTlZJVEFUSU9OX0RFTEVURSIsIlRFTkFOVF9ORUdPVElBVElPTl9BUFBST1ZBTF9TVVBFUl9BRE1JTiIsIlRFTkFOVF9ORUdPVElBVElPTl9SRVRSSUVWRV9BTExfQkVUV0VFTl9CVVlFUl9TRUxMRVIiLCJURU5BTlRfUkVUUklFVkVfVEVOQU5UX0FMTCIsIlRFTkFOVF9ORUdPVElBVElPTl9DUkVBVEUiLCJURU5BTlRfVVBEQVRFX1RFTkFOVCIsIlRFTkFOVF9PUkdBTklaQVRJT05fUkVUUklFVkUiLCJURU5BTlRfQUNDT1VOVF9VUERBVEUiLCJURU5BTlRfUFJPRFVDVF9ERUxFVEUiLCJURU5BTlRfU1VCX0FMTElBTkNFX0RFTEVURSIsIlRFTkFOVF9ORUdPVElBVElPTl9BUFBST1ZBTF9TRUxMRVIiLCJURU5BTlRfU1VCX0FMTElBTkNFX1VQREFURSIsIlRFTkFOVF9QUk9EVUNUX1VQREFURSIsIlRFTkFOVF9BQ0NPVU5UX1JFVFJJRVZFIiwiVEVOQU5UX05FR09USUFUSU9OX1JFVFJJRVZFIiwiVEVOQU5UX0RFTEVURV9URU5BTlQiXX0sIlBBU0NBTF9JTlRFTExJR0VOQ0VfbW9iaXVzIjp7InJvbGVzIjpbIlRFTkFOVF9DT05URVhUX0RFTEVURSIsIlRFTkFOVF9DT05URVhUX1VQREFURSIsIlRFTkFOVF9CSUdRVUVSWV9SRVRSSUVWRSIsIlRFTkFOVF9CSUdRVUVSWV9VUERBVEUiLCJURU5BTlRfVU5JVkVSU0VfQ1JFQVRFIiwiVEVOQU5UX0NPSE9SVFNfUkVUUklFVkUiLCJURU5BTlRfQklHUVVFUllfQ1JFQVRFIiwiVEVOQU5UX0JJR1FVRVJZX0VWQUxVQVRFIiwiVEVOQU5UX0NPSE9SVFNfVVBEQVRFIiwiVEVOQU5UX0NPTlRFWFRfUkVUUklFVkUiLCJURU5BTlRfVU5JVkVSU0VfUkVUUklFVkUiLCJURU5BTlRfQ09IT1JUU19FVkFMVUFURSIsIlRFTkFOVF9CSUdRVUVSWV9ERUxFVEUiLCJURU5BTlRfU0NIRU1BX0NSRUFURSIsIlBBU0NBTF9JTlRFTExJR0VOQ0VfVVNFUiIsIlRFTkFOVF9DT0hPUlRTX0NSRUFURSIsIlRFTkFOVF9TQ0hFTUFfVVBEQVRFIiwiVEVOQU5UX0NPTlRFWFRfQVBQUk9WRSIsIlRFTkFOVF9VTklWRVJTRV9VUERBVEUiLCJURU5BTlRfQklHUVVFUllfQVBQUk9WRSIsIlRFTkFOVF9TQ0hFTUFfUkVUUklFVkUiLCJURU5BTlRfU0NIRU1BX0FQUFJPVkUiLCJURU5BTlRfQ09OVEVYVF9FVkFMVUFURSIsIlRFTkFOVF9TQ0hFTUFfREVMRVRFIiwiVEVOQU5UX0NPTlRFWFRfQ1JFQVRFIiwiVEVOQU5UX1NDSEVNQV9EQVRBX1JFVFJJRVZFIiwiVEVOQU5UX1NDSEVNQV9EQVRBX0RFTEVURSIsIlRFTkFOVF9TQ0hFTUFfREFUQV9VUERBVEUiLCJURU5BTlRfQ09IT1JUU19ERUxFVEUiLCJURU5BTlRfVU5JVkVSU0VfREVMRVRFIiwiVEVOQU5UX1NDSEVNQV9EQVRBX0lOR0VTVElPTiIsIlRFTkFOVF9DT0hPUlRTX0FQUFJPVkUiXX0sIk1PTkVUX21vYml1cyI6eyJyb2xlcyI6WyJURU5BTlRfQVBQTEVUU19SRVRSSUVWRV9BTExfUFVCTElTSEVEIiwiVEVOQU5UX1dJREdFVFNfUkVUUklFVkVfRFJBRlQiLCJURU5BTlRfV0lER0VUU19VUERBVEUiLCJURU5BTlRfQVBQTEVUU19ERUxFVEUiLCJURU5BTlRfV0lER0VUU19ERUxFVEUiLCJURU5BTlRfUExVR0lOX0NBVEVHT1JZX1JFVFJJRVZFX0FMTCIsIlRFTkFOVF9BUFBMRVRTX1VQREFURV9ISVNUT1JZIiwiVEVOQU5UX0VYUEVSSUVOQ0VTX0NSRUFURSIsIlRFTkFOVF9XSURHRVRTX1JFVFJJRVZFX1BVQkxJU0giLCJURU5BTlRfUExVR0lOX0NBVEVHT1JZX0NSRUFURSIsIlRFTkFOVF9ERVBFTkRFTkNZX1JFVFJJRVZFX0FMTCIsIlRFTkFOVF9XSURHRVRTX1BVQkxJU0giLCJURU5BTlRfUkVUUklFVkVfRklFTERTX09GX1BVQkxJU0hFRCIsIlRFTkFOVF9FWFBFUklFTkNFU19VUERBVEUiLCJURU5BTlRfQVBQTEVUU19DUkVBVEUiLCJURU5BTlRfUExVR0lOU19ERUxFVEUiLCJURU5BTlRfQVBQTEVUU19SRVRSSUVWRV9BTExfRFJBRlQiLCJURU5BTlRfUExVR0lOU19VUERBVEUiLCJURU5BTlRfQVBQTEVUU19SRVRSSUVWRV9GUk9NX0hJU1RPUlkiLCJURU5BTlRfUkVUUklFVkVfRklFTERTX09GX0RSQUZUIiwiVEVOQU5UX0FQUExFVFNfUkVUUklFVkVfUFVCTElTSEVEIiwiVEVOQU5UX0FQUExFVFNfUFVCTElTSEVEIiwiVEVOQU5UX1dJREdFVFNfUkVUUklFVkUiLCJURU5BTlRfUExVR0lOX0NBVEVHT1JZX0RFTEVURSIsIlRFTkFOVF9QTFVHSU5fQ0FURUdPUllfUFVCTElTSCIsIlRFTkFOVF9QTFVHSU5fQ0FURUdPUllfREVMRVRFX0NPTVBfRlJPTSIsIlRFTkFOVF9SRVRSSUVWRV9QVUJMSVNIRUQiLCJURU5BTlRfUExVR0lOU19SRVRSSUVWRSIsIlRFTkFOVF9QTFVHSU5TX0NSRUFURSIsIlRFTkFOVF9XSURHRVRTX0NSRUFURSIsIlRFTkFOVF9BUFBMRVRTX1JFVFJJRVZFX0FMTF9QVUJMSVNIRURfVEhVTUJOQUlMUyIsIk1PTkVUX1VTRVIiLCJURU5BTlRfRVhQRVJJRU5DRVNfREVMRVRFIiwiVEVOQU5UX0VYUEVSSUVOQ0VTX1BVQkxJU0giLCJURU5BTlRfUkVUUklFVkVfRlJPTV9ISVNUT1JZIiwiVEVOQU5UX1BMVUdJTl9DQVRFR09SWV9VUERBVEUiXX0sIlZJTkNJX21vYml1cyI6eyJyb2xlcyI6WyJWSU5DSV9VU0VSIl19LCJhY2NvdW50Ijp7InJvbGVzIjpbIm1hbmFnZS1hY2NvdW50IiwibWFuYWdlLWFjY291bnQtbGlua3MiLCJ2aWV3LXByb2ZpbGUiXX19LCJzY29wZSI6InByb2ZpbGUgZW1haWwiLCJyZXF1ZXN0ZXJUeXBlIjoiVEVOQU5UIiwiZW1haWxfdmVyaWZpZWQiOnRydWUsIm5hbWUiOiJBaWR0YWFzIEFpZHRhYXMiLCJ0ZW5hbnRJZCI6IjJjZjc2ZTVmLTI2YWQtNGYyYy1iY2NjLWY0YmMxZTdiZmI2NCIsInByZWZlcnJlZF91c2VybmFtZSI6InBhc3N3b3JkX3RlbmFudF9haWR0YWFzQGdhaWFuc29sdXRpb25zLmNvbSIsImdpdmVuX25hbWUiOiJBaWR0YWFzIiwiZmFtaWx5X25hbWUiOiJBaWR0YWFzIiwiZW1haWwiOiJwYXNzd29yZF90ZW5hbnRfYWlkdGFhc0BnYWlhbnNvbHV0aW9ucy5jb20ifQ.G22UWdZfpDy2T8neTapxgOEwLcTJnbjop5nrm13HlhaUON7HfGI1b-n7D7FRAcRr2u7xBEE7MwJ3OSJyfjIQamrmV1U0PYtVogiw3EQcp41YWWAnpuaG41KiZvYuxGdFO1uADRRSrbnzDP44nnh75gQxL-s_blP160DEyu4gIfJ3f3Vz_wI_6yZ1aqpsz-8r8YpbeQbgrcV577yF2lTbmavmNDA6R_FW2rF8Y-mLfFbhAkQqmpuYDWdXv7_cyOmECs53ROlGzPd-DIUi1mw9_Af0tIC6DKh1nbbp16VPKqzmCPVfI1VGNZSCzVYOAr-XApRi0JZ39ub0aO1FsZzCjA
Cookies:		&lt;none&gt;
Multiparts:		&lt;none&gt;
Body:			&lt;none&gt;

HTTP/1.1 401 Unauthorized
www-authenticate: Bearer realm=&quot;https://ig.aidtaas.com/mobius-payment-service/v1.0/wallets/add-revenue/wallet?walletId=RgElTt8&quot;, error=&quot;invalid_token&quot;
content-length: 14
content-type: text/plain
date: Fri, 21 Feb 2025 06:21:45 GMT
server: istio-envoy
x-envoy-upstream-service-time: 5

Jwt is expired
</system-out>
  </testcase>
  <testcase classname="unit4cases.EvoMaster_others_Test" name="test_23" time="0.785">
    <failure message="1 expectation failed.
Expected content-type &quot;application/json&quot; doesn&apos;t match actual content-type &quot;text/plain&quot;.
" type="java.lang.AssertionError">java.lang.AssertionError: 1 expectation failed.
Expected content-type &quot;application/json&quot; doesn&apos;t match actual content-type &quot;text/plain&quot;.

	at java.base/jdk.internal.reflect.DirectConstructorHandleAccessor.newInstance(DirectConstructorHandleAccessor.java:62)
	at java.base/java.lang.reflect.Constructor.newInstanceWithCaller(Constructor.java:502)
	at java.base/java.lang.reflect.Constructor.newInstance(Constructor.java:486)
	at org.codehaus.groovy.reflection.CachedConstructor.invoke(CachedConstructor.java:73)
	at org.codehaus.groovy.runtime.callsite.ConstructorSite$ConstructorSiteNoUnwrapNoCoerce.callConstructor(ConstructorSite.java:108)
	at org.codehaus.groovy.runtime.callsite.AbstractCallSite.callConstructor(AbstractCallSite.java:277)
	at io.restassured.internal.ResponseSpecificationImpl$HamcrestAssertionClosure.validate(ResponseSpecificationImpl.groovy:512)
	at io.restassured.internal.ResponseSpecificationImpl$HamcrestAssertionClosure$validate$1.call(Unknown Source)
	at io.restassured.internal.ResponseSpecificationImpl.validateResponseIfRequired(ResponseSpecificationImpl.groovy:696)
	at io.restassured.internal.ResponseSpecificationImpl.this$2$validateResponseIfRequired(ResponseSpecificationImpl.groovy)
	at java.base/jdk.internal.reflect.DirectMethodHandleAccessor.invoke(DirectMethodHandleAccessor.java:103)
	at java.base/java.lang.reflect.Method.invoke(Method.java:580)
	at org.codehaus.groovy.runtime.callsite.PlainObjectMetaMethodSite.doInvoke(PlainObjectMetaMethodSite.java:43)
	at org.codehaus.groovy.runtime.callsite.PogoMetaMethodSite$PogoCachedMethodSiteNoUnwrapNoCoerce.invoke(PogoMetaMethodSite.java:198)
	at org.codehaus.groovy.runtime.callsite.PogoMetaMethodSite.callCurrent(PogoMetaMethodSite.java:62)
	at org.codehaus.groovy.runtime.callsite.AbstractCallSite.callCurrent(AbstractCallSite.java:185)
	at io.restassured.internal.ResponseSpecificationImpl.contentType(ResponseSpecificationImpl.groovy:443)
	at io.restassured.internal.ValidatableResponseOptionsImpl.contentType(ValidatableResponseOptionsImpl.java:226)
	at unit4cases.EvoMaster_others_Test.test_23(EvoMaster_others_Test.java:720)
	at java.base/jdk.internal.reflect.DirectMethodHandleAccessor.invoke(DirectMethodHandleAccessor.java:103)
	at java.base/java.lang.reflect.Method.invoke(Method.java:580)
	at org.junit.runners.model.FrameworkMethod$1.runReflectiveCall(FrameworkMethod.java:59)
	at org.junit.internal.runners.model.ReflectiveCallable.run(ReflectiveCallable.java:12)
	at org.junit.runners.model.FrameworkMethod.invokeExplosively(FrameworkMethod.java:56)
	at org.junit.internal.runners.statements.InvokeMethod.evaluate(InvokeMethod.java:17)
	at org.junit.internal.runners.statements.FailOnTimeout$CallableStatement.call(FailOnTimeout.java:299)
	at org.junit.internal.runners.statements.FailOnTimeout$CallableStatement.call(FailOnTimeout.java:293)
	at java.base/java.util.concurrent.FutureTask.run(FutureTask.java:317)
	at java.base/java.lang.Thread.run(Thread.java:1583)
</failure>
    <system-out>Request method:	POST
Request URI:	https://ig.aidtaas.com/mobius-payment-service/v1.0/bank-details
Proxy:			&lt;none&gt;
Request params:	&lt;none&gt;
Query params:	&lt;none&gt;
Form params:	&lt;none&gt;
Path params:	&lt;none&gt;
Headers:		Authorization=Bearer  eyJhbGciOiJSUzI1NiIsInR5cCIgOiAiSldUIiwia2lkIiA6ICI3Ny1NUVdFRTNHZE5adGlsWU5IYmpsa2dVSkpaWUJWVmN1UmFZdHl5ejFjIn0.eyJleHAiOjE3NDAwODgxMjAsImlhdCI6MTc0MDA1MjEyMCwianRpIjoiYjc4MDZhYTYtZWE3MS00NWJkLWI5ODMtOWU3MDE4OTc4NTYzIiwiaXNzIjoiaHR0cDovL2tleWNsb2FrLXNlcnZpY2Uua2V5Y2xvYWsuc3ZjLmNsdXN0ZXIubG9jYWw6ODA4MC9yZWFsbXMvbWFzdGVyIiwiYXVkIjpbIkJPTFRaTUFOTl9CT1RfbW9iaXVzIiwiUEFTQ0FMX0lOVEVMTElHRU5DRV9tb2JpdXMiLCJNT05FVF9tb2JpdXMiLCJWSU5DSV9tb2JpdXMiLCJhY2NvdW50Il0sInN1YiI6IjJjZjc2ZTVmLTI2YWQtNGYyYy1iY2NjLWY0YmMxZTdiZmI2NCIsInR5cCI6IkJlYXJlciIsImF6cCI6IkhPTEFDUkFDWV9tb2JpdXMiLCJzaWQiOiJmNjcwYzZjMi03OWYzLTQ2YzctOTE5Yy1hNTNhYmRiNTgwNDMiLCJhY3IiOiIxIiwiYWxsb3dlZC1vcmlnaW5zIjpbIi8qIl0sInJlYWxtX2FjY2VzcyI6eyJyb2xlcyI6WyJkZWZhdWx0LXJvbGVzLW1hc3RlciIsIkhDWV9URU5BTlRfQ1VTVE9NIiwib2ZmbGluZV9hY2Nlc3MiLCJCT0JfVEVOQU5UX0NVU1RPTSIsInVtYV9hdXRob3JpemF0aW9uIiwiUElfVEVOQU5UX0NVU1RPTSIsIk1PTkVUX1RFTkFOVF9DVVNUT00iXX0sInJlc291cmNlX2FjY2VzcyI6eyJCT0xUWk1BTk5fQk9UX21vYml1cyI6eyJyb2xlcyI6WyJURU5BTlRfV09SS0ZMT1dfU1VTUEVORF9QUk9DRVNTX0RFRklOSVRJT04iLCJURU5BTlRfV09SS0ZMT1dfU1VTUEVORF9JTlNUQU5DRSIsIlRFTkFOVF9XT1JLRkxPV19SRVRSSUVWRV9BTEwiLCJURU5BTlRfV09SS0ZMT1dfQUNUSVZBVEVfSU5TVEFOQ0UiLCJURU5BTlRfV09SS0ZMT1dfRVhFQ1VURSIsIlRFTkFOVF9XT1JLRkxPV19SRVRSSUVWRV9IT01FIiwiVEVOQU5UX1dPUktGTE9XX1JFVFJJRVZFX1NVU1BFTkRFRF9QUk9DRVNTX0RFRlMiLCJURU5BTlRfV09SS0ZMT1dfQUNUSVZBVEVfUlVOX0pPQiIsIlRFTkFOVF9XT1JLRkxPV19TVEFUVVMiLCJURU5BTlRfV09SS0ZMT1dfQ1JFQVRFIiwiVEVOQU5UX1dPUktGTE9XX0FDVElWSVRZX0RBVEFfQ09VTlQiLCJCT0xUWk1BTk5fQk9UX1VTRVIiLCJURU5BTlRfV09SS0ZMT1dfREVQTE9ZX1ZFUlNJT04iLCJURU5BTlRfV09SS0ZMT1dfSU1QT1JUIiwiVEVOQU5UX1dPUktGTE9XX1VQREFURSIsIlRFTkFOVF9XT1JLRkxPV19ERVBMT1kiLCJURU5BTlRfV09SS0ZMT1dfU1VTUEVORF9SVU5fSk9CIiwiVEVOQU5UX1dPUktGTE9XX1JFVFJJRVZFIiwiVEVOQU5UX1dPUktGTE9XX0RFTEVURSIsIlRFTkFOVF9XT1JLRkxPV19UUklHR0VSX01FU1NBR0VfTElTVEVORVIiXX0sIkhPTEFDUkFDWV9tb2JpdXMiOnsicm9sZXMiOlsiVEVOQU5UX1BST0RVQ1RfUkVUUklFVkVfTUFTVEVSX0NPTkZJRyIsIlRFTkFOVF9JTlZJVEFUSU9OX1JFU1BPTkQiLCJURU5BTlRfTkVHT1RJQVRJT05fQVBQUk9WQUxfQlVZRVIiLCJURU5BTlRfSU5WSVRBVElPTl9SRVRSSUVWRSIsIlRFTkFOVF9PUkdBTklaQVRJT05fQ1JFQVRFIiwiVEVOQU5UX0NSRUFURV9URU5BTlQiLCJURU5BTlRfU1VCX0FMTElBTkNFX1JFVFJJRVZFIiwiVEVOQU5UX1BMQVRGT1JNX0NSRUFURSIsIkhPTEFDUkFDWV9VU0VSIiwiVEVOQU5UX1JBVEVDQVJEX0NSRUFURSIsIlRFTkFOVF9QTEFURk9STV9SRVRSSUVWRSIsIlRFTkFOVF9SRVRSSUVWRV9CWV9CVVlFUl9QTEFURk9STSIsIlRFTkFOVF9TVUJfQUxMSUFOQ0VfUkVUUklFVkVfQUxMIiwiVEVOQU5UX1BST0RVQ1RfUkVUUklFVkUiLCJURU5BTlRfQUNDT1VOVF9ERUxFVEUiLCJURU5BTlRfQUxMSUFOQ0VfUkVUUklFVkUiLCJURU5BTlRfUExBVEZPUk1fVVBEQVRFIiwiVEVOQU5UX0lOVklUQVRJT05fQ1JFQVRFIiwiVEVOQU5UX1JBVEVDQVJEX1JFVFJJRVZFIiwiVEVOQU5UX09SR0FOSVpBVElPTl9VUERBVEUiLCJURU5BTlRfUkFURUNBUkRfVVBEQVRFIiwiVEVOQU5UX09SR0FOSVpBVElPTl9ERUxFVEUiLCJURU5BTlRfUExBVEZPUk1fREVMRVRFIiwiVEVOQU5UX1BST0RVQ1RfQ1JFQVRFIiwiVEVOQU5UX1NVQl9BTExJQU5DRV9DUkVBVEUiLCJURU5BTlRfUkFURUNBUkRfREVMRVRFIiwiVEVOQU5UX0FDQ09VTlRfQ1JFQVRFIiwiVEVOQU5UX0lOVklUQVRJT05fVVBEQVRFIiwiVEVOQU5UX1JFVFJJRVZFX1RFTkFOVCIsIlRFTkFOVF9JTlZJVEFUSU9OX0RFTEVURSIsIlRFTkFOVF9ORUdPVElBVElPTl9BUFBST1ZBTF9TVVBFUl9BRE1JTiIsIlRFTkFOVF9ORUdPVElBVElPTl9SRVRSSUVWRV9BTExfQkVUV0VFTl9CVVlFUl9TRUxMRVIiLCJURU5BTlRfUkVUUklFVkVfVEVOQU5UX0FMTCIsIlRFTkFOVF9ORUdPVElBVElPTl9DUkVBVEUiLCJURU5BTlRfVVBEQVRFX1RFTkFOVCIsIlRFTkFOVF9PUkdBTklaQVRJT05fUkVUUklFVkUiLCJURU5BTlRfQUNDT1VOVF9VUERBVEUiLCJURU5BTlRfUFJPRFVDVF9ERUxFVEUiLCJURU5BTlRfU1VCX0FMTElBTkNFX0RFTEVURSIsIlRFTkFOVF9ORUdPVElBVElPTl9BUFBST1ZBTF9TRUxMRVIiLCJURU5BTlRfU1VCX0FMTElBTkNFX1VQREFURSIsIlRFTkFOVF9QUk9EVUNUX1VQREFURSIsIlRFTkFOVF9BQ0NPVU5UX1JFVFJJRVZFIiwiVEVOQU5UX05FR09USUFUSU9OX1JFVFJJRVZFIiwiVEVOQU5UX0RFTEVURV9URU5BTlQiXX0sIlBBU0NBTF9JTlRFTExJR0VOQ0VfbW9iaXVzIjp7InJvbGVzIjpbIlRFTkFOVF9DT05URVhUX0RFTEVURSIsIlRFTkFOVF9DT05URVhUX1VQREFURSIsIlRFTkFOVF9CSUdRVUVSWV9SRVRSSUVWRSIsIlRFTkFOVF9CSUdRVUVSWV9VUERBVEUiLCJURU5BTlRfVU5JVkVSU0VfQ1JFQVRFIiwiVEVOQU5UX0NPSE9SVFNfUkVUUklFVkUiLCJURU5BTlRfQklHUVVFUllfQ1JFQVRFIiwiVEVOQU5UX0JJR1FVRVJZX0VWQUxVQVRFIiwiVEVOQU5UX0NPSE9SVFNfVVBEQVRFIiwiVEVOQU5UX0NPTlRFWFRfUkVUUklFVkUiLCJURU5BTlRfVU5JVkVSU0VfUkVUUklFVkUiLCJURU5BTlRfQ09IT1JUU19FVkFMVUFURSIsIlRFTkFOVF9CSUdRVUVSWV9ERUxFVEUiLCJURU5BTlRfU0NIRU1BX0NSRUFURSIsIlBBU0NBTF9JTlRFTExJR0VOQ0VfVVNFUiIsIlRFTkFOVF9DT0hPUlRTX0NSRUFURSIsIlRFTkFOVF9TQ0hFTUFfVVBEQVRFIiwiVEVOQU5UX0NPTlRFWFRfQVBQUk9WRSIsIlRFTkFOVF9VTklWRVJTRV9VUERBVEUiLCJURU5BTlRfQklHUVVFUllfQVBQUk9WRSIsIlRFTkFOVF9TQ0hFTUFfUkVUUklFVkUiLCJURU5BTlRfU0NIRU1BX0FQUFJPVkUiLCJURU5BTlRfQ09OVEVYVF9FVkFMVUFURSIsIlRFTkFOVF9TQ0hFTUFfREVMRVRFIiwiVEVOQU5UX0NPTlRFWFRfQ1JFQVRFIiwiVEVOQU5UX1NDSEVNQV9EQVRBX1JFVFJJRVZFIiwiVEVOQU5UX1NDSEVNQV9EQVRBX0RFTEVURSIsIlRFTkFOVF9TQ0hFTUFfREFUQV9VUERBVEUiLCJURU5BTlRfQ09IT1JUU19ERUxFVEUiLCJURU5BTlRfVU5JVkVSU0VfREVMRVRFIiwiVEVOQU5UX1NDSEVNQV9EQVRBX0lOR0VTVElPTiIsIlRFTkFOVF9DT0hPUlRTX0FQUFJPVkUiXX0sIk1PTkVUX21vYml1cyI6eyJyb2xlcyI6WyJURU5BTlRfQVBQTEVUU19SRVRSSUVWRV9BTExfUFVCTElTSEVEIiwiVEVOQU5UX1dJREdFVFNfUkVUUklFVkVfRFJBRlQiLCJURU5BTlRfV0lER0VUU19VUERBVEUiLCJURU5BTlRfQVBQTEVUU19ERUxFVEUiLCJURU5BTlRfV0lER0VUU19ERUxFVEUiLCJURU5BTlRfUExVR0lOX0NBVEVHT1JZX1JFVFJJRVZFX0FMTCIsIlRFTkFOVF9BUFBMRVRTX1VQREFURV9ISVNUT1JZIiwiVEVOQU5UX0VYUEVSSUVOQ0VTX0NSRUFURSIsIlRFTkFOVF9XSURHRVRTX1JFVFJJRVZFX1BVQkxJU0giLCJURU5BTlRfUExVR0lOX0NBVEVHT1JZX0NSRUFURSIsIlRFTkFOVF9ERVBFTkRFTkNZX1JFVFJJRVZFX0FMTCIsIlRFTkFOVF9XSURHRVRTX1BVQkxJU0giLCJURU5BTlRfUkVUUklFVkVfRklFTERTX09GX1BVQkxJU0hFRCIsIlRFTkFOVF9FWFBFUklFTkNFU19VUERBVEUiLCJURU5BTlRfQVBQTEVUU19DUkVBVEUiLCJURU5BTlRfUExVR0lOU19ERUxFVEUiLCJURU5BTlRfQVBQTEVUU19SRVRSSUVWRV9BTExfRFJBRlQiLCJURU5BTlRfUExVR0lOU19VUERBVEUiLCJURU5BTlRfQVBQTEVUU19SRVRSSUVWRV9GUk9NX0hJU1RPUlkiLCJURU5BTlRfUkVUUklFVkVfRklFTERTX09GX0RSQUZUIiwiVEVOQU5UX0FQUExFVFNfUkVUUklFVkVfUFVCTElTSEVEIiwiVEVOQU5UX0FQUExFVFNfUFVCTElTSEVEIiwiVEVOQU5UX1dJREdFVFNfUkVUUklFVkUiLCJURU5BTlRfUExVR0lOX0NBVEVHT1JZX0RFTEVURSIsIlRFTkFOVF9QTFVHSU5fQ0FURUdPUllfUFVCTElTSCIsIlRFTkFOVF9QTFVHSU5fQ0FURUdPUllfREVMRVRFX0NPTVBfRlJPTSIsIlRFTkFOVF9SRVRSSUVWRV9QVUJMSVNIRUQiLCJURU5BTlRfUExVR0lOU19SRVRSSUVWRSIsIlRFTkFOVF9QTFVHSU5TX0NSRUFURSIsIlRFTkFOVF9XSURHRVRTX0NSRUFURSIsIlRFTkFOVF9BUFBMRVRTX1JFVFJJRVZFX0FMTF9QVUJMSVNIRURfVEhVTUJOQUlMUyIsIk1PTkVUX1VTRVIiLCJURU5BTlRfRVhQRVJJRU5DRVNfREVMRVRFIiwiVEVOQU5UX0VYUEVSSUVOQ0VTX1BVQkxJU0giLCJURU5BTlRfUkVUUklFVkVfRlJPTV9ISVNUT1JZIiwiVEVOQU5UX1BMVUdJTl9DQVRFR09SWV9VUERBVEUiXX0sIlZJTkNJX21vYml1cyI6eyJyb2xlcyI6WyJWSU5DSV9VU0VSIl19LCJhY2NvdW50Ijp7InJvbGVzIjpbIm1hbmFnZS1hY2NvdW50IiwibWFuYWdlLWFjY291bnQtbGlua3MiLCJ2aWV3LXByb2ZpbGUiXX19LCJzY29wZSI6InByb2ZpbGUgZW1haWwiLCJyZXF1ZXN0ZXJUeXBlIjoiVEVOQU5UIiwiZW1haWxfdmVyaWZpZWQiOnRydWUsIm5hbWUiOiJBaWR0YWFzIEFpZHRhYXMiLCJ0ZW5hbnRJZCI6IjJjZjc2ZTVmLTI2YWQtNGYyYy1iY2NjLWY0YmMxZTdiZmI2NCIsInByZWZlcnJlZF91c2VybmFtZSI6InBhc3N3b3JkX3RlbmFudF9haWR0YWFzQGdhaWFuc29sdXRpb25zLmNvbSIsImdpdmVuX25hbWUiOiJBaWR0YWFzIiwiZmFtaWx5X25hbWUiOiJBaWR0YWFzIiwiZW1haWwiOiJwYXNzd29yZF90ZW5hbnRfYWlkdGFhc0BnYWlhbnNvbHV0aW9ucy5jb20ifQ.G22UWdZfpDy2T8neTapxgOEwLcTJnbjop5nrm13HlhaUON7HfGI1b-n7D7FRAcRr2u7xBEE7MwJ3OSJyfjIQamrmV1U0PYtVogiw3EQcp41YWWAnpuaG41KiZvYuxGdFO1uADRRSrbnzDP44nnh75gQxL-s_blP160DEyu4gIfJ3f3Vz_wI_6yZ1aqpsz-8r8YpbeQbgrcV577yF2lTbmavmNDA6R_FW2rF8Y-mLfFbhAkQqmpuYDWdXv7_cyOmECs53ROlGzPd-DIUi1mw9_Af0tIC6DKh1nbbp16VPKqzmCPVfI1VGNZSCzVYOAr-XApRi0JZ39ub0aO1FsZzCjA
				Accept=AnBEC1XxMYV
				Content-Type=application/json
Cookies:		&lt;none&gt;
Multiparts:		&lt;none&gt;
Body:
{
    &quot;accountNumber&quot;: &quot;Bcj6Ao&quot;,
    &quot;accountType&quot;: &quot;EVOMASTER&quot;,
    &quot;routingNumber&quot;: &quot;uVch_mpCP&quot;,
    &quot;emailId&quot;: &quot;UfLRxj7gL4AUqfnO&quot;,
    &quot;nameOnAccount&quot;: &quot;rN0epZJOUQqyYr&quot;
}

HTTP/1.1 401 Unauthorized
www-authenticate: Bearer realm=&quot;https://ig.aidtaas.com/mobius-payment-service/v1.0/bank-details&quot;, error=&quot;invalid_token&quot;
content-length: 14
content-type: text/plain
date: Fri, 21 Feb 2025 06:21:46 GMT
server: istio-envoy
x-envoy-upstream-service-time: 4

Jwt is expired
</system-out>
  </testcase>
  <testcase classname="unit4cases.EvoMaster_others_Test" name="test_24" time="0.069">
    <failure message="1 expectation failed.
Expected content-type &quot;application/json&quot; doesn&apos;t match actual content-type &quot;text/plain&quot;.
" type="java.lang.AssertionError">java.lang.AssertionError: 1 expectation failed.
Expected content-type &quot;application/json&quot; doesn&apos;t match actual content-type &quot;text/plain&quot;.

	at java.base/jdk.internal.reflect.DirectConstructorHandleAccessor.newInstance(DirectConstructorHandleAccessor.java:62)
	at java.base/java.lang.reflect.Constructor.newInstanceWithCaller(Constructor.java:502)
	at java.base/java.lang.reflect.Constructor.newInstance(Constructor.java:486)
	at org.codehaus.groovy.reflection.CachedConstructor.invoke(CachedConstructor.java:73)
	at org.codehaus.groovy.runtime.callsite.ConstructorSite$ConstructorSiteNoUnwrapNoCoerce.callConstructor(ConstructorSite.java:108)
	at org.codehaus.groovy.runtime.callsite.AbstractCallSite.callConstructor(AbstractCallSite.java:277)
	at io.restassured.internal.ResponseSpecificationImpl$HamcrestAssertionClosure.validate(ResponseSpecificationImpl.groovy:512)
	at io.restassured.internal.ResponseSpecificationImpl$HamcrestAssertionClosure$validate$1.call(Unknown Source)
	at io.restassured.internal.ResponseSpecificationImpl.validateResponseIfRequired(ResponseSpecificationImpl.groovy:696)
	at io.restassured.internal.ResponseSpecificationImpl.this$2$validateResponseIfRequired(ResponseSpecificationImpl.groovy)
	at java.base/jdk.internal.reflect.DirectMethodHandleAccessor.invoke(DirectMethodHandleAccessor.java:103)
	at java.base/java.lang.reflect.Method.invoke(Method.java:580)
	at org.codehaus.groovy.runtime.callsite.PlainObjectMetaMethodSite.doInvoke(PlainObjectMetaMethodSite.java:43)
	at org.codehaus.groovy.runtime.callsite.PogoMetaMethodSite$PogoCachedMethodSiteNoUnwrapNoCoerce.invoke(PogoMetaMethodSite.java:198)
	at org.codehaus.groovy.runtime.callsite.PogoMetaMethodSite.callCurrent(PogoMetaMethodSite.java:62)
	at org.codehaus.groovy.runtime.callsite.AbstractCallSite.callCurrent(AbstractCallSite.java:185)
	at io.restassured.internal.ResponseSpecificationImpl.contentType(ResponseSpecificationImpl.groovy:443)
	at io.restassured.internal.ValidatableResponseOptionsImpl.contentType(ValidatableResponseOptionsImpl.java:226)
	at unit4cases.EvoMaster_others_Test.test_24(EvoMaster_others_Test.java:762)
	at java.base/jdk.internal.reflect.DirectMethodHandleAccessor.invoke(DirectMethodHandleAccessor.java:103)
	at java.base/java.lang.reflect.Method.invoke(Method.java:580)
	at org.junit.runners.model.FrameworkMethod$1.runReflectiveCall(FrameworkMethod.java:59)
	at org.junit.internal.runners.model.ReflectiveCallable.run(ReflectiveCallable.java:12)
	at org.junit.runners.model.FrameworkMethod.invokeExplosively(FrameworkMethod.java:56)
	at org.junit.internal.runners.statements.InvokeMethod.evaluate(InvokeMethod.java:17)
	at org.junit.internal.runners.statements.FailOnTimeout$CallableStatement.call(FailOnTimeout.java:299)
	at org.junit.internal.runners.statements.FailOnTimeout$CallableStatement.call(FailOnTimeout.java:293)
	at java.base/java.util.concurrent.FutureTask.run(FutureTask.java:317)
	at java.base/java.lang.Thread.run(Thread.java:1583)
</failure>
    <system-out>Request method:	POST
Request URI:	https://ig.aidtaas.com/mobius-payment-service/v1.0/client-details
Proxy:			&lt;none&gt;
Request params:	&lt;none&gt;
Query params:	&lt;none&gt;
Form params:	&lt;none&gt;
Path params:	&lt;none&gt;
Headers:		Accept=application/json
				Authorization=Bearer  eyJhbGciOiJSUzI1NiIsInR5cCIgOiAiSldUIiwia2lkIiA6ICI3Ny1NUVdFRTNHZE5adGlsWU5IYmpsa2dVSkpaWUJWVmN1UmFZdHl5ejFjIn0.eyJleHAiOjE3NDAwODgxMjAsImlhdCI6MTc0MDA1MjEyMCwianRpIjoiYjc4MDZhYTYtZWE3MS00NWJkLWI5ODMtOWU3MDE4OTc4NTYzIiwiaXNzIjoiaHR0cDovL2tleWNsb2FrLXNlcnZpY2Uua2V5Y2xvYWsuc3ZjLmNsdXN0ZXIubG9jYWw6ODA4MC9yZWFsbXMvbWFzdGVyIiwiYXVkIjpbIkJPTFRaTUFOTl9CT1RfbW9iaXVzIiwiUEFTQ0FMX0lOVEVMTElHRU5DRV9tb2JpdXMiLCJNT05FVF9tb2JpdXMiLCJWSU5DSV9tb2JpdXMiLCJhY2NvdW50Il0sInN1YiI6IjJjZjc2ZTVmLTI2YWQtNGYyYy1iY2NjLWY0YmMxZTdiZmI2NCIsInR5cCI6IkJlYXJlciIsImF6cCI6IkhPTEFDUkFDWV9tb2JpdXMiLCJzaWQiOiJmNjcwYzZjMi03OWYzLTQ2YzctOTE5Yy1hNTNhYmRiNTgwNDMiLCJhY3IiOiIxIiwiYWxsb3dlZC1vcmlnaW5zIjpbIi8qIl0sInJlYWxtX2FjY2VzcyI6eyJyb2xlcyI6WyJkZWZhdWx0LXJvbGVzLW1hc3RlciIsIkhDWV9URU5BTlRfQ1VTVE9NIiwib2ZmbGluZV9hY2Nlc3MiLCJCT0JfVEVOQU5UX0NVU1RPTSIsInVtYV9hdXRob3JpemF0aW9uIiwiUElfVEVOQU5UX0NVU1RPTSIsIk1PTkVUX1RFTkFOVF9DVVNUT00iXX0sInJlc291cmNlX2FjY2VzcyI6eyJCT0xUWk1BTk5fQk9UX21vYml1cyI6eyJyb2xlcyI6WyJURU5BTlRfV09SS0ZMT1dfU1VTUEVORF9QUk9DRVNTX0RFRklOSVRJT04iLCJURU5BTlRfV09SS0ZMT1dfU1VTUEVORF9JTlNUQU5DRSIsIlRFTkFOVF9XT1JLRkxPV19SRVRSSUVWRV9BTEwiLCJURU5BTlRfV09SS0ZMT1dfQUNUSVZBVEVfSU5TVEFOQ0UiLCJURU5BTlRfV09SS0ZMT1dfRVhFQ1VURSIsIlRFTkFOVF9XT1JLRkxPV19SRVRSSUVWRV9IT01FIiwiVEVOQU5UX1dPUktGTE9XX1JFVFJJRVZFX1NVU1BFTkRFRF9QUk9DRVNTX0RFRlMiLCJURU5BTlRfV09SS0ZMT1dfQUNUSVZBVEVfUlVOX0pPQiIsIlRFTkFOVF9XT1JLRkxPV19TVEFUVVMiLCJURU5BTlRfV09SS0ZMT1dfQ1JFQVRFIiwiVEVOQU5UX1dPUktGTE9XX0FDVElWSVRZX0RBVEFfQ09VTlQiLCJCT0xUWk1BTk5fQk9UX1VTRVIiLCJURU5BTlRfV09SS0ZMT1dfREVQTE9ZX1ZFUlNJT04iLCJURU5BTlRfV09SS0ZMT1dfSU1QT1JUIiwiVEVOQU5UX1dPUktGTE9XX1VQREFURSIsIlRFTkFOVF9XT1JLRkxPV19ERVBMT1kiLCJURU5BTlRfV09SS0ZMT1dfU1VTUEVORF9SVU5fSk9CIiwiVEVOQU5UX1dPUktGTE9XX1JFVFJJRVZFIiwiVEVOQU5UX1dPUktGTE9XX0RFTEVURSIsIlRFTkFOVF9XT1JLRkxPV19UUklHR0VSX01FU1NBR0VfTElTVEVORVIiXX0sIkhPTEFDUkFDWV9tb2JpdXMiOnsicm9sZXMiOlsiVEVOQU5UX1BST0RVQ1RfUkVUUklFVkVfTUFTVEVSX0NPTkZJRyIsIlRFTkFOVF9JTlZJVEFUSU9OX1JFU1BPTkQiLCJURU5BTlRfTkVHT1RJQVRJT05fQVBQUk9WQUxfQlVZRVIiLCJURU5BTlRfSU5WSVRBVElPTl9SRVRSSUVWRSIsIlRFTkFOVF9PUkdBTklaQVRJT05fQ1JFQVRFIiwiVEVOQU5UX0NSRUFURV9URU5BTlQiLCJURU5BTlRfU1VCX0FMTElBTkNFX1JFVFJJRVZFIiwiVEVOQU5UX1BMQVRGT1JNX0NSRUFURSIsIkhPTEFDUkFDWV9VU0VSIiwiVEVOQU5UX1JBVEVDQVJEX0NSRUFURSIsIlRFTkFOVF9QTEFURk9STV9SRVRSSUVWRSIsIlRFTkFOVF9SRVRSSUVWRV9CWV9CVVlFUl9QTEFURk9STSIsIlRFTkFOVF9TVUJfQUxMSUFOQ0VfUkVUUklFVkVfQUxMIiwiVEVOQU5UX1BST0RVQ1RfUkVUUklFVkUiLCJURU5BTlRfQUNDT1VOVF9ERUxFVEUiLCJURU5BTlRfQUxMSUFOQ0VfUkVUUklFVkUiLCJURU5BTlRfUExBVEZPUk1fVVBEQVRFIiwiVEVOQU5UX0lOVklUQVRJT05fQ1JFQVRFIiwiVEVOQU5UX1JBVEVDQVJEX1JFVFJJRVZFIiwiVEVOQU5UX09SR0FOSVpBVElPTl9VUERBVEUiLCJURU5BTlRfUkFURUNBUkRfVVBEQVRFIiwiVEVOQU5UX09SR0FOSVpBVElPTl9ERUxFVEUiLCJURU5BTlRfUExBVEZPUk1fREVMRVRFIiwiVEVOQU5UX1BST0RVQ1RfQ1JFQVRFIiwiVEVOQU5UX1NVQl9BTExJQU5DRV9DUkVBVEUiLCJURU5BTlRfUkFURUNBUkRfREVMRVRFIiwiVEVOQU5UX0FDQ09VTlRfQ1JFQVRFIiwiVEVOQU5UX0lOVklUQVRJT05fVVBEQVRFIiwiVEVOQU5UX1JFVFJJRVZFX1RFTkFOVCIsIlRFTkFOVF9JTlZJVEFUSU9OX0RFTEVURSIsIlRFTkFOVF9ORUdPVElBVElPTl9BUFBST1ZBTF9TVVBFUl9BRE1JTiIsIlRFTkFOVF9ORUdPVElBVElPTl9SRVRSSUVWRV9BTExfQkVUV0VFTl9CVVlFUl9TRUxMRVIiLCJURU5BTlRfUkVUUklFVkVfVEVOQU5UX0FMTCIsIlRFTkFOVF9ORUdPVElBVElPTl9DUkVBVEUiLCJURU5BTlRfVVBEQVRFX1RFTkFOVCIsIlRFTkFOVF9PUkdBTklaQVRJT05fUkVUUklFVkUiLCJURU5BTlRfQUNDT1VOVF9VUERBVEUiLCJURU5BTlRfUFJPRFVDVF9ERUxFVEUiLCJURU5BTlRfU1VCX0FMTElBTkNFX0RFTEVURSIsIlRFTkFOVF9ORUdPVElBVElPTl9BUFBST1ZBTF9TRUxMRVIiLCJURU5BTlRfU1VCX0FMTElBTkNFX1VQREFURSIsIlRFTkFOVF9QUk9EVUNUX1VQREFURSIsIlRFTkFOVF9BQ0NPVU5UX1JFVFJJRVZFIiwiVEVOQU5UX05FR09USUFUSU9OX1JFVFJJRVZFIiwiVEVOQU5UX0RFTEVURV9URU5BTlQiXX0sIlBBU0NBTF9JTlRFTExJR0VOQ0VfbW9iaXVzIjp7InJvbGVzIjpbIlRFTkFOVF9DT05URVhUX0RFTEVURSIsIlRFTkFOVF9DT05URVhUX1VQREFURSIsIlRFTkFOVF9CSUdRVUVSWV9SRVRSSUVWRSIsIlRFTkFOVF9CSUdRVUVSWV9VUERBVEUiLCJURU5BTlRfVU5JVkVSU0VfQ1JFQVRFIiwiVEVOQU5UX0NPSE9SVFNfUkVUUklFVkUiLCJURU5BTlRfQklHUVVFUllfQ1JFQVRFIiwiVEVOQU5UX0JJR1FVRVJZX0VWQUxVQVRFIiwiVEVOQU5UX0NPSE9SVFNfVVBEQVRFIiwiVEVOQU5UX0NPTlRFWFRfUkVUUklFVkUiLCJURU5BTlRfVU5JVkVSU0VfUkVUUklFVkUiLCJURU5BTlRfQ09IT1JUU19FVkFMVUFURSIsIlRFTkFOVF9CSUdRVUVSWV9ERUxFVEUiLCJURU5BTlRfU0NIRU1BX0NSRUFURSIsIlBBU0NBTF9JTlRFTExJR0VOQ0VfVVNFUiIsIlRFTkFOVF9DT0hPUlRTX0NSRUFURSIsIlRFTkFOVF9TQ0hFTUFfVVBEQVRFIiwiVEVOQU5UX0NPTlRFWFRfQVBQUk9WRSIsIlRFTkFOVF9VTklWRVJTRV9VUERBVEUiLCJURU5BTlRfQklHUVVFUllfQVBQUk9WRSIsIlRFTkFOVF9TQ0hFTUFfUkVUUklFVkUiLCJURU5BTlRfU0NIRU1BX0FQUFJPVkUiLCJURU5BTlRfQ09OVEVYVF9FVkFMVUFURSIsIlRFTkFOVF9TQ0hFTUFfREVMRVRFIiwiVEVOQU5UX0NPTlRFWFRfQ1JFQVRFIiwiVEVOQU5UX1NDSEVNQV9EQVRBX1JFVFJJRVZFIiwiVEVOQU5UX1NDSEVNQV9EQVRBX0RFTEVURSIsIlRFTkFOVF9TQ0hFTUFfREFUQV9VUERBVEUiLCJURU5BTlRfQ09IT1JUU19ERUxFVEUiLCJURU5BTlRfVU5JVkVSU0VfREVMRVRFIiwiVEVOQU5UX1NDSEVNQV9EQVRBX0lOR0VTVElPTiIsIlRFTkFOVF9DT0hPUlRTX0FQUFJPVkUiXX0sIk1PTkVUX21vYml1cyI6eyJyb2xlcyI6WyJURU5BTlRfQVBQTEVUU19SRVRSSUVWRV9BTExfUFVCTElTSEVEIiwiVEVOQU5UX1dJREdFVFNfUkVUUklFVkVfRFJBRlQiLCJURU5BTlRfV0lER0VUU19VUERBVEUiLCJURU5BTlRfQVBQTEVUU19ERUxFVEUiLCJURU5BTlRfV0lER0VUU19ERUxFVEUiLCJURU5BTlRfUExVR0lOX0NBVEVHT1JZX1JFVFJJRVZFX0FMTCIsIlRFTkFOVF9BUFBMRVRTX1VQREFURV9ISVNUT1JZIiwiVEVOQU5UX0VYUEVSSUVOQ0VTX0NSRUFURSIsIlRFTkFOVF9XSURHRVRTX1JFVFJJRVZFX1BVQkxJU0giLCJURU5BTlRfUExVR0lOX0NBVEVHT1JZX0NSRUFURSIsIlRFTkFOVF9ERVBFTkRFTkNZX1JFVFJJRVZFX0FMTCIsIlRFTkFOVF9XSURHRVRTX1BVQkxJU0giLCJURU5BTlRfUkVUUklFVkVfRklFTERTX09GX1BVQkxJU0hFRCIsIlRFTkFOVF9FWFBFUklFTkNFU19VUERBVEUiLCJURU5BTlRfQVBQTEVUU19DUkVBVEUiLCJURU5BTlRfUExVR0lOU19ERUxFVEUiLCJURU5BTlRfQVBQTEVUU19SRVRSSUVWRV9BTExfRFJBRlQiLCJURU5BTlRfUExVR0lOU19VUERBVEUiLCJURU5BTlRfQVBQTEVUU19SRVRSSUVWRV9GUk9NX0hJU1RPUlkiLCJURU5BTlRfUkVUUklFVkVfRklFTERTX09GX0RSQUZUIiwiVEVOQU5UX0FQUExFVFNfUkVUUklFVkVfUFVCTElTSEVEIiwiVEVOQU5UX0FQUExFVFNfUFVCTElTSEVEIiwiVEVOQU5UX1dJREdFVFNfUkVUUklFVkUiLCJURU5BTlRfUExVR0lOX0NBVEVHT1JZX0RFTEVURSIsIlRFTkFOVF9QTFVHSU5fQ0FURUdPUllfUFVCTElTSCIsIlRFTkFOVF9QTFVHSU5fQ0FURUdPUllfREVMRVRFX0NPTVBfRlJPTSIsIlRFTkFOVF9SRVRSSUVWRV9QVUJMSVNIRUQiLCJURU5BTlRfUExVR0lOU19SRVRSSUVWRSIsIlRFTkFOVF9QTFVHSU5TX0NSRUFURSIsIlRFTkFOVF9XSURHRVRTX0NSRUFURSIsIlRFTkFOVF9BUFBMRVRTX1JFVFJJRVZFX0FMTF9QVUJMSVNIRURfVEhVTUJOQUlMUyIsIk1PTkVUX1VTRVIiLCJURU5BTlRfRVhQRVJJRU5DRVNfREVMRVRFIiwiVEVOQU5UX0VYUEVSSUVOQ0VTX1BVQkxJU0giLCJURU5BTlRfUkVUUklFVkVfRlJPTV9ISVNUT1JZIiwiVEVOQU5UX1BMVUdJTl9DQVRFR09SWV9VUERBVEUiXX0sIlZJTkNJX21vYml1cyI6eyJyb2xlcyI6WyJWSU5DSV9VU0VSIl19LCJhY2NvdW50Ijp7InJvbGVzIjpbIm1hbmFnZS1hY2NvdW50IiwibWFuYWdlLWFjY291bnQtbGlua3MiLCJ2aWV3LXByb2ZpbGUiXX19LCJzY29wZSI6InByb2ZpbGUgZW1haWwiLCJyZXF1ZXN0ZXJUeXBlIjoiVEVOQU5UIiwiZW1haWxfdmVyaWZpZWQiOnRydWUsIm5hbWUiOiJBaWR0YWFzIEFpZHRhYXMiLCJ0ZW5hbnRJZCI6IjJjZjc2ZTVmLTI2YWQtNGYyYy1iY2NjLWY0YmMxZTdiZmI2NCIsInByZWZlcnJlZF91c2VybmFtZSI6InBhc3N3b3JkX3RlbmFudF9haWR0YWFzQGdhaWFuc29sdXRpb25zLmNvbSIsImdpdmVuX25hbWUiOiJBaWR0YWFzIiwiZmFtaWx5X25hbWUiOiJBaWR0YWFzIiwiZW1haWwiOiJwYXNzd29yZF90ZW5hbnRfYWlkdGFhc0BnYWlhbnNvbHV0aW9ucy5jb20ifQ.G22UWdZfpDy2T8neTapxgOEwLcTJnbjop5nrm13HlhaUON7HfGI1b-n7D7FRAcRr2u7xBEE7MwJ3OSJyfjIQamrmV1U0PYtVogiw3EQcp41YWWAnpuaG41KiZvYuxGdFO1uADRRSrbnzDP44nnh75gQxL-s_blP160DEyu4gIfJ3f3Vz_wI_6yZ1aqpsz-8r8YpbeQbgrcV577yF2lTbmavmNDA6R_FW2rF8Y-mLfFbhAkQqmpuYDWdXv7_cyOmECs53ROlGzPd-DIUi1mw9_Af0tIC6DKh1nbbp16VPKqzmCPVfI1VGNZSCzVYOAr-XApRi0JZ39ub0aO1FsZzCjA
				Content-Type=application/json
Cookies:		&lt;none&gt;
Multiparts:		&lt;none&gt;
Body:
{
    &quot;clientId&quot;: &quot;&quot;,
    &quot;clientKey&quot;: &quot;08abszKY2y_LWGeN&quot;,
    &quot;clientPwd&quot;: &quot;qd7ZWdP6m_m&quot;,
    &quot;clientName&quot;: &quot;yHTS&quot;,
    &quot;description&quot;: &quot;utH4krbaDOb2z&quot;,
    &quot;emailId&quot;: &quot;6wu1uB1X7Le&quot;,
    &quot;clientGatewaysSet&quot;: [
        {
            &quot;clientGatewayId&quot;: &quot;IRwlPkGCOX6&quot;,
            &quot;gatewayName&quot;: &quot;XvYD&quot;,
            &quot;filterType&quot;: &quot;P&quot;
        }
    ]
}

HTTP/1.1 401 Unauthorized
www-authenticate: Bearer realm=&quot;https://ig.aidtaas.com/mobius-payment-service/v1.0/client-details&quot;, error=&quot;invalid_token&quot;
content-length: 14
content-type: text/plain
date: Fri, 21 Feb 2025 06:21:46 GMT
server: istio-envoy
x-envoy-upstream-service-time: 4

Jwt is expired
</system-out>
  </testcase>
  <testcase classname="unit4cases.EvoMaster_others_Test" name="test_25" time="0.082">
    <failure message="1 expectation failed.
Expected content-type &quot;application/json&quot; doesn&apos;t match actual content-type &quot;text/plain&quot;.
" type="java.lang.AssertionError">java.lang.AssertionError: 1 expectation failed.
Expected content-type &quot;application/json&quot; doesn&apos;t match actual content-type &quot;text/plain&quot;.

	at java.base/jdk.internal.reflect.DirectConstructorHandleAccessor.newInstance(DirectConstructorHandleAccessor.java:62)
	at java.base/java.lang.reflect.Constructor.newInstanceWithCaller(Constructor.java:502)
	at java.base/java.lang.reflect.Constructor.newInstance(Constructor.java:486)
	at org.codehaus.groovy.reflection.CachedConstructor.invoke(CachedConstructor.java:73)
	at org.codehaus.groovy.runtime.callsite.ConstructorSite$ConstructorSiteNoUnwrapNoCoerce.callConstructor(ConstructorSite.java:108)
	at org.codehaus.groovy.runtime.callsite.AbstractCallSite.callConstructor(AbstractCallSite.java:277)
	at io.restassured.internal.ResponseSpecificationImpl$HamcrestAssertionClosure.validate(ResponseSpecificationImpl.groovy:512)
	at io.restassured.internal.ResponseSpecificationImpl$HamcrestAssertionClosure$validate$1.call(Unknown Source)
	at io.restassured.internal.ResponseSpecificationImpl.validateResponseIfRequired(ResponseSpecificationImpl.groovy:696)
	at io.restassured.internal.ResponseSpecificationImpl.this$2$validateResponseIfRequired(ResponseSpecificationImpl.groovy)
	at java.base/jdk.internal.reflect.DirectMethodHandleAccessor.invoke(DirectMethodHandleAccessor.java:103)
	at java.base/java.lang.reflect.Method.invoke(Method.java:580)
	at org.codehaus.groovy.runtime.callsite.PlainObjectMetaMethodSite.doInvoke(PlainObjectMetaMethodSite.java:43)
	at org.codehaus.groovy.runtime.callsite.PogoMetaMethodSite$PogoCachedMethodSiteNoUnwrapNoCoerce.invoke(PogoMetaMethodSite.java:198)
	at org.codehaus.groovy.runtime.callsite.PogoMetaMethodSite.callCurrent(PogoMetaMethodSite.java:62)
	at org.codehaus.groovy.runtime.callsite.AbstractCallSite.callCurrent(AbstractCallSite.java:185)
	at io.restassured.internal.ResponseSpecificationImpl.contentType(ResponseSpecificationImpl.groovy:443)
	at io.restassured.internal.ValidatableResponseOptionsImpl.contentType(ValidatableResponseOptionsImpl.java:226)
	at unit4cases.EvoMaster_others_Test.test_25(EvoMaster_others_Test.java:795)
	at java.base/jdk.internal.reflect.DirectMethodHandleAccessor.invoke(DirectMethodHandleAccessor.java:103)
	at java.base/java.lang.reflect.Method.invoke(Method.java:580)
	at org.junit.runners.model.FrameworkMethod$1.runReflectiveCall(FrameworkMethod.java:59)
	at org.junit.internal.runners.model.ReflectiveCallable.run(ReflectiveCallable.java:12)
	at org.junit.runners.model.FrameworkMethod.invokeExplosively(FrameworkMethod.java:56)
	at org.junit.internal.runners.statements.InvokeMethod.evaluate(InvokeMethod.java:17)
	at org.junit.internal.runners.statements.FailOnTimeout$CallableStatement.call(FailOnTimeout.java:299)
	at org.junit.internal.runners.statements.FailOnTimeout$CallableStatement.call(FailOnTimeout.java:293)
	at java.base/java.util.concurrent.FutureTask.run(FutureTask.java:317)
	at java.base/java.lang.Thread.run(Thread.java:1583)
</failure>
    <system-out>Request method:	POST
Request URI:	https://ig.aidtaas.com/mobius-payment-service/v1.0/client-gateways
Proxy:			&lt;none&gt;
Request params:	&lt;none&gt;
Query params:	&lt;none&gt;
Form params:	&lt;none&gt;
Path params:	&lt;none&gt;
Headers:		Accept=application/json
				Authorization=Bearer  eyJhbGciOiJSUzI1NiIsInR5cCIgOiAiSldUIiwia2lkIiA6ICI3Ny1NUVdFRTNHZE5adGlsWU5IYmpsa2dVSkpaWUJWVmN1UmFZdHl5ejFjIn0.eyJleHAiOjE3NDAwODgxMjAsImlhdCI6MTc0MDA1MjEyMCwianRpIjoiYjc4MDZhYTYtZWE3MS00NWJkLWI5ODMtOWU3MDE4OTc4NTYzIiwiaXNzIjoiaHR0cDovL2tleWNsb2FrLXNlcnZpY2Uua2V5Y2xvYWsuc3ZjLmNsdXN0ZXIubG9jYWw6ODA4MC9yZWFsbXMvbWFzdGVyIiwiYXVkIjpbIkJPTFRaTUFOTl9CT1RfbW9iaXVzIiwiUEFTQ0FMX0lOVEVMTElHRU5DRV9tb2JpdXMiLCJNT05FVF9tb2JpdXMiLCJWSU5DSV9tb2JpdXMiLCJhY2NvdW50Il0sInN1YiI6IjJjZjc2ZTVmLTI2YWQtNGYyYy1iY2NjLWY0YmMxZTdiZmI2NCIsInR5cCI6IkJlYXJlciIsImF6cCI6IkhPTEFDUkFDWV9tb2JpdXMiLCJzaWQiOiJmNjcwYzZjMi03OWYzLTQ2YzctOTE5Yy1hNTNhYmRiNTgwNDMiLCJhY3IiOiIxIiwiYWxsb3dlZC1vcmlnaW5zIjpbIi8qIl0sInJlYWxtX2FjY2VzcyI6eyJyb2xlcyI6WyJkZWZhdWx0LXJvbGVzLW1hc3RlciIsIkhDWV9URU5BTlRfQ1VTVE9NIiwib2ZmbGluZV9hY2Nlc3MiLCJCT0JfVEVOQU5UX0NVU1RPTSIsInVtYV9hdXRob3JpemF0aW9uIiwiUElfVEVOQU5UX0NVU1RPTSIsIk1PTkVUX1RFTkFOVF9DVVNUT00iXX0sInJlc291cmNlX2FjY2VzcyI6eyJCT0xUWk1BTk5fQk9UX21vYml1cyI6eyJyb2xlcyI6WyJURU5BTlRfV09SS0ZMT1dfU1VTUEVORF9QUk9DRVNTX0RFRklOSVRJT04iLCJURU5BTlRfV09SS0ZMT1dfU1VTUEVORF9JTlNUQU5DRSIsIlRFTkFOVF9XT1JLRkxPV19SRVRSSUVWRV9BTEwiLCJURU5BTlRfV09SS0ZMT1dfQUNUSVZBVEVfSU5TVEFOQ0UiLCJURU5BTlRfV09SS0ZMT1dfRVhFQ1VURSIsIlRFTkFOVF9XT1JLRkxPV19SRVRSSUVWRV9IT01FIiwiVEVOQU5UX1dPUktGTE9XX1JFVFJJRVZFX1NVU1BFTkRFRF9QUk9DRVNTX0RFRlMiLCJURU5BTlRfV09SS0ZMT1dfQUNUSVZBVEVfUlVOX0pPQiIsIlRFTkFOVF9XT1JLRkxPV19TVEFUVVMiLCJURU5BTlRfV09SS0ZMT1dfQ1JFQVRFIiwiVEVOQU5UX1dPUktGTE9XX0FDVElWSVRZX0RBVEFfQ09VTlQiLCJCT0xUWk1BTk5fQk9UX1VTRVIiLCJURU5BTlRfV09SS0ZMT1dfREVQTE9ZX1ZFUlNJT04iLCJURU5BTlRfV09SS0ZMT1dfSU1QT1JUIiwiVEVOQU5UX1dPUktGTE9XX1VQREFURSIsIlRFTkFOVF9XT1JLRkxPV19ERVBMT1kiLCJURU5BTlRfV09SS0ZMT1dfU1VTUEVORF9SVU5fSk9CIiwiVEVOQU5UX1dPUktGTE9XX1JFVFJJRVZFIiwiVEVOQU5UX1dPUktGTE9XX0RFTEVURSIsIlRFTkFOVF9XT1JLRkxPV19UUklHR0VSX01FU1NBR0VfTElTVEVORVIiXX0sIkhPTEFDUkFDWV9tb2JpdXMiOnsicm9sZXMiOlsiVEVOQU5UX1BST0RVQ1RfUkVUUklFVkVfTUFTVEVSX0NPTkZJRyIsIlRFTkFOVF9JTlZJVEFUSU9OX1JFU1BPTkQiLCJURU5BTlRfTkVHT1RJQVRJT05fQVBQUk9WQUxfQlVZRVIiLCJURU5BTlRfSU5WSVRBVElPTl9SRVRSSUVWRSIsIlRFTkFOVF9PUkdBTklaQVRJT05fQ1JFQVRFIiwiVEVOQU5UX0NSRUFURV9URU5BTlQiLCJURU5BTlRfU1VCX0FMTElBTkNFX1JFVFJJRVZFIiwiVEVOQU5UX1BMQVRGT1JNX0NSRUFURSIsIkhPTEFDUkFDWV9VU0VSIiwiVEVOQU5UX1JBVEVDQVJEX0NSRUFURSIsIlRFTkFOVF9QTEFURk9STV9SRVRSSUVWRSIsIlRFTkFOVF9SRVRSSUVWRV9CWV9CVVlFUl9QTEFURk9STSIsIlRFTkFOVF9TVUJfQUxMSUFOQ0VfUkVUUklFVkVfQUxMIiwiVEVOQU5UX1BST0RVQ1RfUkVUUklFVkUiLCJURU5BTlRfQUNDT1VOVF9ERUxFVEUiLCJURU5BTlRfQUxMSUFOQ0VfUkVUUklFVkUiLCJURU5BTlRfUExBVEZPUk1fVVBEQVRFIiwiVEVOQU5UX0lOVklUQVRJT05fQ1JFQVRFIiwiVEVOQU5UX1JBVEVDQVJEX1JFVFJJRVZFIiwiVEVOQU5UX09SR0FOSVpBVElPTl9VUERBVEUiLCJURU5BTlRfUkFURUNBUkRfVVBEQVRFIiwiVEVOQU5UX09SR0FOSVpBVElPTl9ERUxFVEUiLCJURU5BTlRfUExBVEZPUk1fREVMRVRFIiwiVEVOQU5UX1BST0RVQ1RfQ1JFQVRFIiwiVEVOQU5UX1NVQl9BTExJQU5DRV9DUkVBVEUiLCJURU5BTlRfUkFURUNBUkRfREVMRVRFIiwiVEVOQU5UX0FDQ09VTlRfQ1JFQVRFIiwiVEVOQU5UX0lOVklUQVRJT05fVVBEQVRFIiwiVEVOQU5UX1JFVFJJRVZFX1RFTkFOVCIsIlRFTkFOVF9JTlZJVEFUSU9OX0RFTEVURSIsIlRFTkFOVF9ORUdPVElBVElPTl9BUFBST1ZBTF9TVVBFUl9BRE1JTiIsIlRFTkFOVF9ORUdPVElBVElPTl9SRVRSSUVWRV9BTExfQkVUV0VFTl9CVVlFUl9TRUxMRVIiLCJURU5BTlRfUkVUUklFVkVfVEVOQU5UX0FMTCIsIlRFTkFOVF9ORUdPVElBVElPTl9DUkVBVEUiLCJURU5BTlRfVVBEQVRFX1RFTkFOVCIsIlRFTkFOVF9PUkdBTklaQVRJT05fUkVUUklFVkUiLCJURU5BTlRfQUNDT1VOVF9VUERBVEUiLCJURU5BTlRfUFJPRFVDVF9ERUxFVEUiLCJURU5BTlRfU1VCX0FMTElBTkNFX0RFTEVURSIsIlRFTkFOVF9ORUdPVElBVElPTl9BUFBST1ZBTF9TRUxMRVIiLCJURU5BTlRfU1VCX0FMTElBTkNFX1VQREFURSIsIlRFTkFOVF9QUk9EVUNUX1VQREFURSIsIlRFTkFOVF9BQ0NPVU5UX1JFVFJJRVZFIiwiVEVOQU5UX05FR09USUFUSU9OX1JFVFJJRVZFIiwiVEVOQU5UX0RFTEVURV9URU5BTlQiXX0sIlBBU0NBTF9JTlRFTExJR0VOQ0VfbW9iaXVzIjp7InJvbGVzIjpbIlRFTkFOVF9DT05URVhUX0RFTEVURSIsIlRFTkFOVF9DT05URVhUX1VQREFURSIsIlRFTkFOVF9CSUdRVUVSWV9SRVRSSUVWRSIsIlRFTkFOVF9CSUdRVUVSWV9VUERBVEUiLCJURU5BTlRfVU5JVkVSU0VfQ1JFQVRFIiwiVEVOQU5UX0NPSE9SVFNfUkVUUklFVkUiLCJURU5BTlRfQklHUVVFUllfQ1JFQVRFIiwiVEVOQU5UX0JJR1FVRVJZX0VWQUxVQVRFIiwiVEVOQU5UX0NPSE9SVFNfVVBEQVRFIiwiVEVOQU5UX0NPTlRFWFRfUkVUUklFVkUiLCJURU5BTlRfVU5JVkVSU0VfUkVUUklFVkUiLCJURU5BTlRfQ09IT1JUU19FVkFMVUFURSIsIlRFTkFOVF9CSUdRVUVSWV9ERUxFVEUiLCJURU5BTlRfU0NIRU1BX0NSRUFURSIsIlBBU0NBTF9JTlRFTExJR0VOQ0VfVVNFUiIsIlRFTkFOVF9DT0hPUlRTX0NSRUFURSIsIlRFTkFOVF9TQ0hFTUFfVVBEQVRFIiwiVEVOQU5UX0NPTlRFWFRfQVBQUk9WRSIsIlRFTkFOVF9VTklWRVJTRV9VUERBVEUiLCJURU5BTlRfQklHUVVFUllfQVBQUk9WRSIsIlRFTkFOVF9TQ0hFTUFfUkVUUklFVkUiLCJURU5BTlRfU0NIRU1BX0FQUFJPVkUiLCJURU5BTlRfQ09OVEVYVF9FVkFMVUFURSIsIlRFTkFOVF9TQ0hFTUFfREVMRVRFIiwiVEVOQU5UX0NPTlRFWFRfQ1JFQVRFIiwiVEVOQU5UX1NDSEVNQV9EQVRBX1JFVFJJRVZFIiwiVEVOQU5UX1NDSEVNQV9EQVRBX0RFTEVURSIsIlRFTkFOVF9TQ0hFTUFfREFUQV9VUERBVEUiLCJURU5BTlRfQ09IT1JUU19ERUxFVEUiLCJURU5BTlRfVU5JVkVSU0VfREVMRVRFIiwiVEVOQU5UX1NDSEVNQV9EQVRBX0lOR0VTVElPTiIsIlRFTkFOVF9DT0hPUlRTX0FQUFJPVkUiXX0sIk1PTkVUX21vYml1cyI6eyJyb2xlcyI6WyJURU5BTlRfQVBQTEVUU19SRVRSSUVWRV9BTExfUFVCTElTSEVEIiwiVEVOQU5UX1dJREdFVFNfUkVUUklFVkVfRFJBRlQiLCJURU5BTlRfV0lER0VUU19VUERBVEUiLCJURU5BTlRfQVBQTEVUU19ERUxFVEUiLCJURU5BTlRfV0lER0VUU19ERUxFVEUiLCJURU5BTlRfUExVR0lOX0NBVEVHT1JZX1JFVFJJRVZFX0FMTCIsIlRFTkFOVF9BUFBMRVRTX1VQREFURV9ISVNUT1JZIiwiVEVOQU5UX0VYUEVSSUVOQ0VTX0NSRUFURSIsIlRFTkFOVF9XSURHRVRTX1JFVFJJRVZFX1BVQkxJU0giLCJURU5BTlRfUExVR0lOX0NBVEVHT1JZX0NSRUFURSIsIlRFTkFOVF9ERVBFTkRFTkNZX1JFVFJJRVZFX0FMTCIsIlRFTkFOVF9XSURHRVRTX1BVQkxJU0giLCJURU5BTlRfUkVUUklFVkVfRklFTERTX09GX1BVQkxJU0hFRCIsIlRFTkFOVF9FWFBFUklFTkNFU19VUERBVEUiLCJURU5BTlRfQVBQTEVUU19DUkVBVEUiLCJURU5BTlRfUExVR0lOU19ERUxFVEUiLCJURU5BTlRfQVBQTEVUU19SRVRSSUVWRV9BTExfRFJBRlQiLCJURU5BTlRfUExVR0lOU19VUERBVEUiLCJURU5BTlRfQVBQTEVUU19SRVRSSUVWRV9GUk9NX0hJU1RPUlkiLCJURU5BTlRfUkVUUklFVkVfRklFTERTX09GX0RSQUZUIiwiVEVOQU5UX0FQUExFVFNfUkVUUklFVkVfUFVCTElTSEVEIiwiVEVOQU5UX0FQUExFVFNfUFVCTElTSEVEIiwiVEVOQU5UX1dJREdFVFNfUkVUUklFVkUiLCJURU5BTlRfUExVR0lOX0NBVEVHT1JZX0RFTEVURSIsIlRFTkFOVF9QTFVHSU5fQ0FURUdPUllfUFVCTElTSCIsIlRFTkFOVF9QTFVHSU5fQ0FURUdPUllfREVMRVRFX0NPTVBfRlJPTSIsIlRFTkFOVF9SRVRSSUVWRV9QVUJMSVNIRUQiLCJURU5BTlRfUExVR0lOU19SRVRSSUVWRSIsIlRFTkFOVF9QTFVHSU5TX0NSRUFURSIsIlRFTkFOVF9XSURHRVRTX0NSRUFURSIsIlRFTkFOVF9BUFBMRVRTX1JFVFJJRVZFX0FMTF9QVUJMSVNIRURfVEhVTUJOQUlMUyIsIk1PTkVUX1VTRVIiLCJURU5BTlRfRVhQRVJJRU5DRVNfREVMRVRFIiwiVEVOQU5UX0VYUEVSSUVOQ0VTX1BVQkxJU0giLCJURU5BTlRfUkVUUklFVkVfRlJPTV9ISVNUT1JZIiwiVEVOQU5UX1BMVUdJTl9DQVRFR09SWV9VUERBVEUiXX0sIlZJTkNJX21vYml1cyI6eyJyb2xlcyI6WyJWSU5DSV9VU0VSIl19LCJhY2NvdW50Ijp7InJvbGVzIjpbIm1hbmFnZS1hY2NvdW50IiwibWFuYWdlLWFjY291bnQtbGlua3MiLCJ2aWV3LXByb2ZpbGUiXX19LCJzY29wZSI6InByb2ZpbGUgZW1haWwiLCJyZXF1ZXN0ZXJUeXBlIjoiVEVOQU5UIiwiZW1haWxfdmVyaWZpZWQiOnRydWUsIm5hbWUiOiJBaWR0YWFzIEFpZHRhYXMiLCJ0ZW5hbnRJZCI6IjJjZjc2ZTVmLTI2YWQtNGYyYy1iY2NjLWY0YmMxZTdiZmI2NCIsInByZWZlcnJlZF91c2VybmFtZSI6InBhc3N3b3JkX3RlbmFudF9haWR0YWFzQGdhaWFuc29sdXRpb25zLmNvbSIsImdpdmVuX25hbWUiOiJBaWR0YWFzIiwiZmFtaWx5X25hbWUiOiJBaWR0YWFzIiwiZW1haWwiOiJwYXNzd29yZF90ZW5hbnRfYWlkdGFhc0BnYWlhbnNvbHV0aW9ucy5jb20ifQ.G22UWdZfpDy2T8neTapxgOEwLcTJnbjop5nrm13HlhaUON7HfGI1b-n7D7FRAcRr2u7xBEE7MwJ3OSJyfjIQamrmV1U0PYtVogiw3EQcp41YWWAnpuaG41KiZvYuxGdFO1uADRRSrbnzDP44nnh75gQxL-s_blP160DEyu4gIfJ3f3Vz_wI_6yZ1aqpsz-8r8YpbeQbgrcV577yF2lTbmavmNDA6R_FW2rF8Y-mLfFbhAkQqmpuYDWdXv7_cyOmECs53ROlGzPd-DIUi1mw9_Af0tIC6DKh1nbbp16VPKqzmCPVfI1VGNZSCzVYOAr-XApRi0JZ39ub0aO1FsZzCjA
				Content-Type=application/json
Cookies:		&lt;none&gt;
Multiparts:		&lt;none&gt;
Body:
{
    &quot;id&quot;: &quot;m&quot;,
    &quot;clientGatewayId&quot;: &quot;7i&quot;,
    &quot;paymentType&quot;: &quot;&quot;,
    &quot;autoRenewal&quot;: true
}

HTTP/1.1 401 Unauthorized
www-authenticate: Bearer realm=&quot;https://ig.aidtaas.com/mobius-payment-service/v1.0/client-gateways&quot;, error=&quot;invalid_token&quot;
content-length: 14
content-type: text/plain
date: Fri, 21 Feb 2025 06:21:46 GMT
server: istio-envoy
x-envoy-upstream-service-time: 3

Jwt is expired
</system-out>
  </testcase>
  <testcase classname="unit4cases.EvoMaster_others_Test" name="test_26" time="0.06">
    <failure message="1 expectation failed.
Expected content-type &quot;application/json&quot; doesn&apos;t match actual content-type &quot;text/plain&quot;.
" type="java.lang.AssertionError">java.lang.AssertionError: 1 expectation failed.
Expected content-type &quot;application/json&quot; doesn&apos;t match actual content-type &quot;text/plain&quot;.

	at java.base/jdk.internal.reflect.DirectConstructorHandleAccessor.newInstance(DirectConstructorHandleAccessor.java:62)
	at java.base/java.lang.reflect.Constructor.newInstanceWithCaller(Constructor.java:502)
	at java.base/java.lang.reflect.Constructor.newInstance(Constructor.java:486)
	at org.codehaus.groovy.reflection.CachedConstructor.invoke(CachedConstructor.java:73)
	at org.codehaus.groovy.runtime.callsite.ConstructorSite$ConstructorSiteNoUnwrapNoCoerce.callConstructor(ConstructorSite.java:108)
	at org.codehaus.groovy.runtime.callsite.AbstractCallSite.callConstructor(AbstractCallSite.java:277)
	at io.restassured.internal.ResponseSpecificationImpl$HamcrestAssertionClosure.validate(ResponseSpecificationImpl.groovy:512)
	at io.restassured.internal.ResponseSpecificationImpl$HamcrestAssertionClosure$validate$1.call(Unknown Source)
	at io.restassured.internal.ResponseSpecificationImpl.validateResponseIfRequired(ResponseSpecificationImpl.groovy:696)
	at io.restassured.internal.ResponseSpecificationImpl.this$2$validateResponseIfRequired(ResponseSpecificationImpl.groovy)
	at java.base/jdk.internal.reflect.DirectMethodHandleAccessor.invoke(DirectMethodHandleAccessor.java:103)
	at java.base/java.lang.reflect.Method.invoke(Method.java:580)
	at org.codehaus.groovy.runtime.callsite.PlainObjectMetaMethodSite.doInvoke(PlainObjectMetaMethodSite.java:43)
	at org.codehaus.groovy.runtime.callsite.PogoMetaMethodSite$PogoCachedMethodSiteNoUnwrapNoCoerce.invoke(PogoMetaMethodSite.java:198)
	at org.codehaus.groovy.runtime.callsite.PogoMetaMethodSite.callCurrent(PogoMetaMethodSite.java:62)
	at org.codehaus.groovy.runtime.callsite.AbstractCallSite.callCurrent(AbstractCallSite.java:185)
	at io.restassured.internal.ResponseSpecificationImpl.contentType(ResponseSpecificationImpl.groovy:443)
	at io.restassured.internal.ValidatableResponseOptionsImpl.contentType(ValidatableResponseOptionsImpl.java:226)
	at unit4cases.EvoMaster_others_Test.test_26(EvoMaster_others_Test.java:829)
	at java.base/jdk.internal.reflect.DirectMethodHandleAccessor.invoke(DirectMethodHandleAccessor.java:103)
	at java.base/java.lang.reflect.Method.invoke(Method.java:580)
	at org.junit.runners.model.FrameworkMethod$1.runReflectiveCall(FrameworkMethod.java:59)
	at org.junit.internal.runners.model.ReflectiveCallable.run(ReflectiveCallable.java:12)
	at org.junit.runners.model.FrameworkMethod.invokeExplosively(FrameworkMethod.java:56)
	at org.junit.internal.runners.statements.InvokeMethod.evaluate(InvokeMethod.java:17)
	at org.junit.internal.runners.statements.FailOnTimeout$CallableStatement.call(FailOnTimeout.java:299)
	at org.junit.internal.runners.statements.FailOnTimeout$CallableStatement.call(FailOnTimeout.java:293)
	at java.base/java.util.concurrent.FutureTask.run(FutureTask.java:317)
	at java.base/java.lang.Thread.run(Thread.java:1583)
</failure>
    <system-out>Request method:	POST
Request URI:	https://ig.aidtaas.com/mobius-payment-service/v1.0/creditToWallet
Proxy:			&lt;none&gt;
Request params:	&lt;none&gt;
Query params:	&lt;none&gt;
Form params:	&lt;none&gt;
Path params:	&lt;none&gt;
Headers:		Authorization=Bearer  eyJhbGciOiJSUzI1NiIsInR5cCIgOiAiSldUIiwia2lkIiA6ICI3Ny1NUVdFRTNHZE5adGlsWU5IYmpsa2dVSkpaWUJWVmN1UmFZdHl5ejFjIn0.eyJleHAiOjE3NDAwODgxMjAsImlhdCI6MTc0MDA1MjEyMCwianRpIjoiYjc4MDZhYTYtZWE3MS00NWJkLWI5ODMtOWU3MDE4OTc4NTYzIiwiaXNzIjoiaHR0cDovL2tleWNsb2FrLXNlcnZpY2Uua2V5Y2xvYWsuc3ZjLmNsdXN0ZXIubG9jYWw6ODA4MC9yZWFsbXMvbWFzdGVyIiwiYXVkIjpbIkJPTFRaTUFOTl9CT1RfbW9iaXVzIiwiUEFTQ0FMX0lOVEVMTElHRU5DRV9tb2JpdXMiLCJNT05FVF9tb2JpdXMiLCJWSU5DSV9tb2JpdXMiLCJhY2NvdW50Il0sInN1YiI6IjJjZjc2ZTVmLTI2YWQtNGYyYy1iY2NjLWY0YmMxZTdiZmI2NCIsInR5cCI6IkJlYXJlciIsImF6cCI6IkhPTEFDUkFDWV9tb2JpdXMiLCJzaWQiOiJmNjcwYzZjMi03OWYzLTQ2YzctOTE5Yy1hNTNhYmRiNTgwNDMiLCJhY3IiOiIxIiwiYWxsb3dlZC1vcmlnaW5zIjpbIi8qIl0sInJlYWxtX2FjY2VzcyI6eyJyb2xlcyI6WyJkZWZhdWx0LXJvbGVzLW1hc3RlciIsIkhDWV9URU5BTlRfQ1VTVE9NIiwib2ZmbGluZV9hY2Nlc3MiLCJCT0JfVEVOQU5UX0NVU1RPTSIsInVtYV9hdXRob3JpemF0aW9uIiwiUElfVEVOQU5UX0NVU1RPTSIsIk1PTkVUX1RFTkFOVF9DVVNUT00iXX0sInJlc291cmNlX2FjY2VzcyI6eyJCT0xUWk1BTk5fQk9UX21vYml1cyI6eyJyb2xlcyI6WyJURU5BTlRfV09SS0ZMT1dfU1VTUEVORF9QUk9DRVNTX0RFRklOSVRJT04iLCJURU5BTlRfV09SS0ZMT1dfU1VTUEVORF9JTlNUQU5DRSIsIlRFTkFOVF9XT1JLRkxPV19SRVRSSUVWRV9BTEwiLCJURU5BTlRfV09SS0ZMT1dfQUNUSVZBVEVfSU5TVEFOQ0UiLCJURU5BTlRfV09SS0ZMT1dfRVhFQ1VURSIsIlRFTkFOVF9XT1JLRkxPV19SRVRSSUVWRV9IT01FIiwiVEVOQU5UX1dPUktGTE9XX1JFVFJJRVZFX1NVU1BFTkRFRF9QUk9DRVNTX0RFRlMiLCJURU5BTlRfV09SS0ZMT1dfQUNUSVZBVEVfUlVOX0pPQiIsIlRFTkFOVF9XT1JLRkxPV19TVEFUVVMiLCJURU5BTlRfV09SS0ZMT1dfQ1JFQVRFIiwiVEVOQU5UX1dPUktGTE9XX0FDVElWSVRZX0RBVEFfQ09VTlQiLCJCT0xUWk1BTk5fQk9UX1VTRVIiLCJURU5BTlRfV09SS0ZMT1dfREVQTE9ZX1ZFUlNJT04iLCJURU5BTlRfV09SS0ZMT1dfSU1QT1JUIiwiVEVOQU5UX1dPUktGTE9XX1VQREFURSIsIlRFTkFOVF9XT1JLRkxPV19ERVBMT1kiLCJURU5BTlRfV09SS0ZMT1dfU1VTUEVORF9SVU5fSk9CIiwiVEVOQU5UX1dPUktGTE9XX1JFVFJJRVZFIiwiVEVOQU5UX1dPUktGTE9XX0RFTEVURSIsIlRFTkFOVF9XT1JLRkxPV19UUklHR0VSX01FU1NBR0VfTElTVEVORVIiXX0sIkhPTEFDUkFDWV9tb2JpdXMiOnsicm9sZXMiOlsiVEVOQU5UX1BST0RVQ1RfUkVUUklFVkVfTUFTVEVSX0NPTkZJRyIsIlRFTkFOVF9JTlZJVEFUSU9OX1JFU1BPTkQiLCJURU5BTlRfTkVHT1RJQVRJT05fQVBQUk9WQUxfQlVZRVIiLCJURU5BTlRfSU5WSVRBVElPTl9SRVRSSUVWRSIsIlRFTkFOVF9PUkdBTklaQVRJT05fQ1JFQVRFIiwiVEVOQU5UX0NSRUFURV9URU5BTlQiLCJURU5BTlRfU1VCX0FMTElBTkNFX1JFVFJJRVZFIiwiVEVOQU5UX1BMQVRGT1JNX0NSRUFURSIsIkhPTEFDUkFDWV9VU0VSIiwiVEVOQU5UX1JBVEVDQVJEX0NSRUFURSIsIlRFTkFOVF9QTEFURk9STV9SRVRSSUVWRSIsIlRFTkFOVF9SRVRSSUVWRV9CWV9CVVlFUl9QTEFURk9STSIsIlRFTkFOVF9TVUJfQUxMSUFOQ0VfUkVUUklFVkVfQUxMIiwiVEVOQU5UX1BST0RVQ1RfUkVUUklFVkUiLCJURU5BTlRfQUNDT1VOVF9ERUxFVEUiLCJURU5BTlRfQUxMSUFOQ0VfUkVUUklFVkUiLCJURU5BTlRfUExBVEZPUk1fVVBEQVRFIiwiVEVOQU5UX0lOVklUQVRJT05fQ1JFQVRFIiwiVEVOQU5UX1JBVEVDQVJEX1JFVFJJRVZFIiwiVEVOQU5UX09SR0FOSVpBVElPTl9VUERBVEUiLCJURU5BTlRfUkFURUNBUkRfVVBEQVRFIiwiVEVOQU5UX09SR0FOSVpBVElPTl9ERUxFVEUiLCJURU5BTlRfUExBVEZPUk1fREVMRVRFIiwiVEVOQU5UX1BST0RVQ1RfQ1JFQVRFIiwiVEVOQU5UX1NVQl9BTExJQU5DRV9DUkVBVEUiLCJURU5BTlRfUkFURUNBUkRfREVMRVRFIiwiVEVOQU5UX0FDQ09VTlRfQ1JFQVRFIiwiVEVOQU5UX0lOVklUQVRJT05fVVBEQVRFIiwiVEVOQU5UX1JFVFJJRVZFX1RFTkFOVCIsIlRFTkFOVF9JTlZJVEFUSU9OX0RFTEVURSIsIlRFTkFOVF9ORUdPVElBVElPTl9BUFBST1ZBTF9TVVBFUl9BRE1JTiIsIlRFTkFOVF9ORUdPVElBVElPTl9SRVRSSUVWRV9BTExfQkVUV0VFTl9CVVlFUl9TRUxMRVIiLCJURU5BTlRfUkVUUklFVkVfVEVOQU5UX0FMTCIsIlRFTkFOVF9ORUdPVElBVElPTl9DUkVBVEUiLCJURU5BTlRfVVBEQVRFX1RFTkFOVCIsIlRFTkFOVF9PUkdBTklaQVRJT05fUkVUUklFVkUiLCJURU5BTlRfQUNDT1VOVF9VUERBVEUiLCJURU5BTlRfUFJPRFVDVF9ERUxFVEUiLCJURU5BTlRfU1VCX0FMTElBTkNFX0RFTEVURSIsIlRFTkFOVF9ORUdPVElBVElPTl9BUFBST1ZBTF9TRUxMRVIiLCJURU5BTlRfU1VCX0FMTElBTkNFX1VQREFURSIsIlRFTkFOVF9QUk9EVUNUX1VQREFURSIsIlRFTkFOVF9BQ0NPVU5UX1JFVFJJRVZFIiwiVEVOQU5UX05FR09USUFUSU9OX1JFVFJJRVZFIiwiVEVOQU5UX0RFTEVURV9URU5BTlQiXX0sIlBBU0NBTF9JTlRFTExJR0VOQ0VfbW9iaXVzIjp7InJvbGVzIjpbIlRFTkFOVF9DT05URVhUX0RFTEVURSIsIlRFTkFOVF9DT05URVhUX1VQREFURSIsIlRFTkFOVF9CSUdRVUVSWV9SRVRSSUVWRSIsIlRFTkFOVF9CSUdRVUVSWV9VUERBVEUiLCJURU5BTlRfVU5JVkVSU0VfQ1JFQVRFIiwiVEVOQU5UX0NPSE9SVFNfUkVUUklFVkUiLCJURU5BTlRfQklHUVVFUllfQ1JFQVRFIiwiVEVOQU5UX0JJR1FVRVJZX0VWQUxVQVRFIiwiVEVOQU5UX0NPSE9SVFNfVVBEQVRFIiwiVEVOQU5UX0NPTlRFWFRfUkVUUklFVkUiLCJURU5BTlRfVU5JVkVSU0VfUkVUUklFVkUiLCJURU5BTlRfQ09IT1JUU19FVkFMVUFURSIsIlRFTkFOVF9CSUdRVUVSWV9ERUxFVEUiLCJURU5BTlRfU0NIRU1BX0NSRUFURSIsIlBBU0NBTF9JTlRFTExJR0VOQ0VfVVNFUiIsIlRFTkFOVF9DT0hPUlRTX0NSRUFURSIsIlRFTkFOVF9TQ0hFTUFfVVBEQVRFIiwiVEVOQU5UX0NPTlRFWFRfQVBQUk9WRSIsIlRFTkFOVF9VTklWRVJTRV9VUERBVEUiLCJURU5BTlRfQklHUVVFUllfQVBQUk9WRSIsIlRFTkFOVF9TQ0hFTUFfUkVUUklFVkUiLCJURU5BTlRfU0NIRU1BX0FQUFJPVkUiLCJURU5BTlRfQ09OVEVYVF9FVkFMVUFURSIsIlRFTkFOVF9TQ0hFTUFfREVMRVRFIiwiVEVOQU5UX0NPTlRFWFRfQ1JFQVRFIiwiVEVOQU5UX1NDSEVNQV9EQVRBX1JFVFJJRVZFIiwiVEVOQU5UX1NDSEVNQV9EQVRBX0RFTEVURSIsIlRFTkFOVF9TQ0hFTUFfREFUQV9VUERBVEUiLCJURU5BTlRfQ09IT1JUU19ERUxFVEUiLCJURU5BTlRfVU5JVkVSU0VfREVMRVRFIiwiVEVOQU5UX1NDSEVNQV9EQVRBX0lOR0VTVElPTiIsIlRFTkFOVF9DT0hPUlRTX0FQUFJPVkUiXX0sIk1PTkVUX21vYml1cyI6eyJyb2xlcyI6WyJURU5BTlRfQVBQTEVUU19SRVRSSUVWRV9BTExfUFVCTElTSEVEIiwiVEVOQU5UX1dJREdFVFNfUkVUUklFVkVfRFJBRlQiLCJURU5BTlRfV0lER0VUU19VUERBVEUiLCJURU5BTlRfQVBQTEVUU19ERUxFVEUiLCJURU5BTlRfV0lER0VUU19ERUxFVEUiLCJURU5BTlRfUExVR0lOX0NBVEVHT1JZX1JFVFJJRVZFX0FMTCIsIlRFTkFOVF9BUFBMRVRTX1VQREFURV9ISVNUT1JZIiwiVEVOQU5UX0VYUEVSSUVOQ0VTX0NSRUFURSIsIlRFTkFOVF9XSURHRVRTX1JFVFJJRVZFX1BVQkxJU0giLCJURU5BTlRfUExVR0lOX0NBVEVHT1JZX0NSRUFURSIsIlRFTkFOVF9ERVBFTkRFTkNZX1JFVFJJRVZFX0FMTCIsIlRFTkFOVF9XSURHRVRTX1BVQkxJU0giLCJURU5BTlRfUkVUUklFVkVfRklFTERTX09GX1BVQkxJU0hFRCIsIlRFTkFOVF9FWFBFUklFTkNFU19VUERBVEUiLCJURU5BTlRfQVBQTEVUU19DUkVBVEUiLCJURU5BTlRfUExVR0lOU19ERUxFVEUiLCJURU5BTlRfQVBQTEVUU19SRVRSSUVWRV9BTExfRFJBRlQiLCJURU5BTlRfUExVR0lOU19VUERBVEUiLCJURU5BTlRfQVBQTEVUU19SRVRSSUVWRV9GUk9NX0hJU1RPUlkiLCJURU5BTlRfUkVUUklFVkVfRklFTERTX09GX0RSQUZUIiwiVEVOQU5UX0FQUExFVFNfUkVUUklFVkVfUFVCTElTSEVEIiwiVEVOQU5UX0FQUExFVFNfUFVCTElTSEVEIiwiVEVOQU5UX1dJREdFVFNfUkVUUklFVkUiLCJURU5BTlRfUExVR0lOX0NBVEVHT1JZX0RFTEVURSIsIlRFTkFOVF9QTFVHSU5fQ0FURUdPUllfUFVCTElTSCIsIlRFTkFOVF9QTFVHSU5fQ0FURUdPUllfREVMRVRFX0NPTVBfRlJPTSIsIlRFTkFOVF9SRVRSSUVWRV9QVUJMSVNIRUQiLCJURU5BTlRfUExVR0lOU19SRVRSSUVWRSIsIlRFTkFOVF9QTFVHSU5TX0NSRUFURSIsIlRFTkFOVF9XSURHRVRTX0NSRUFURSIsIlRFTkFOVF9BUFBMRVRTX1JFVFJJRVZFX0FMTF9QVUJMSVNIRURfVEhVTUJOQUlMUyIsIk1PTkVUX1VTRVIiLCJURU5BTlRfRVhQRVJJRU5DRVNfREVMRVRFIiwiVEVOQU5UX0VYUEVSSUVOQ0VTX1BVQkxJU0giLCJURU5BTlRfUkVUUklFVkVfRlJPTV9ISVNUT1JZIiwiVEVOQU5UX1BMVUdJTl9DQVRFR09SWV9VUERBVEUiXX0sIlZJTkNJX21vYml1cyI6eyJyb2xlcyI6WyJWSU5DSV9VU0VSIl19LCJhY2NvdW50Ijp7InJvbGVzIjpbIm1hbmFnZS1hY2NvdW50IiwibWFuYWdlLWFjY291bnQtbGlua3MiLCJ2aWV3LXByb2ZpbGUiXX19LCJzY29wZSI6InByb2ZpbGUgZW1haWwiLCJyZXF1ZXN0ZXJUeXBlIjoiVEVOQU5UIiwiZW1haWxfdmVyaWZpZWQiOnRydWUsIm5hbWUiOiJBaWR0YWFzIEFpZHRhYXMiLCJ0ZW5hbnRJZCI6IjJjZjc2ZTVmLTI2YWQtNGYyYy1iY2NjLWY0YmMxZTdiZmI2NCIsInByZWZlcnJlZF91c2VybmFtZSI6InBhc3N3b3JkX3RlbmFudF9haWR0YWFzQGdhaWFuc29sdXRpb25zLmNvbSIsImdpdmVuX25hbWUiOiJBaWR0YWFzIiwiZmFtaWx5X25hbWUiOiJBaWR0YWFzIiwiZW1haWwiOiJwYXNzd29yZF90ZW5hbnRfYWlkdGFhc0BnYWlhbnNvbHV0aW9ucy5jb20ifQ.G22UWdZfpDy2T8neTapxgOEwLcTJnbjop5nrm13HlhaUON7HfGI1b-n7D7FRAcRr2u7xBEE7MwJ3OSJyfjIQamrmV1U0PYtVogiw3EQcp41YWWAnpuaG41KiZvYuxGdFO1uADRRSrbnzDP44nnh75gQxL-s_blP160DEyu4gIfJ3f3Vz_wI_6yZ1aqpsz-8r8YpbeQbgrcV577yF2lTbmavmNDA6R_FW2rF8Y-mLfFbhAkQqmpuYDWdXv7_cyOmECs53ROlGzPd-DIUi1mw9_Af0tIC6DKh1nbbp16VPKqzmCPVfI1VGNZSCzVYOAr-XApRi0JZ39ub0aO1FsZzCjA
				Accept=UKrwR
				Content-Type=application/json
Cookies:		&lt;none&gt;
Multiparts:		&lt;none&gt;
Body:
{
    &quot;currency&quot;: &quot;U2&quot;,
    &quot;amount&quot;: 0.5316341361961036,
    &quot;emailId&quot;: &quot;zex&quot;,
    &quot;remark&quot;: &quot;7y9KaualLnabZ&quot;
}

HTTP/1.1 401 Unauthorized
www-authenticate: Bearer realm=&quot;https://ig.aidtaas.com/mobius-payment-service/v1.0/creditToWallet&quot;, error=&quot;invalid_token&quot;
content-length: 14
content-type: text/plain
date: Fri, 21 Feb 2025 06:21:46 GMT
server: istio-envoy
x-envoy-upstream-service-time: 1

Jwt is expired
</system-out>
  </testcase>
  <testcase classname="unit4cases.EvoMaster_others_Test" name="test_27" time="0.058">
    <failure message="1 expectation failed.
Expected content-type &quot;application/json&quot; doesn&apos;t match actual content-type &quot;text/plain&quot;.
" type="java.lang.AssertionError">java.lang.AssertionError: 1 expectation failed.
Expected content-type &quot;application/json&quot; doesn&apos;t match actual content-type &quot;text/plain&quot;.

	at java.base/jdk.internal.reflect.DirectConstructorHandleAccessor.newInstance(DirectConstructorHandleAccessor.java:62)
	at java.base/java.lang.reflect.Constructor.newInstanceWithCaller(Constructor.java:502)
	at java.base/java.lang.reflect.Constructor.newInstance(Constructor.java:486)
	at org.codehaus.groovy.reflection.CachedConstructor.invoke(CachedConstructor.java:73)
	at org.codehaus.groovy.runtime.callsite.ConstructorSite$ConstructorSiteNoUnwrapNoCoerce.callConstructor(ConstructorSite.java:108)
	at org.codehaus.groovy.runtime.callsite.AbstractCallSite.callConstructor(AbstractCallSite.java:277)
	at io.restassured.internal.ResponseSpecificationImpl$HamcrestAssertionClosure.validate(ResponseSpecificationImpl.groovy:512)
	at io.restassured.internal.ResponseSpecificationImpl$HamcrestAssertionClosure$validate$1.call(Unknown Source)
	at io.restassured.internal.ResponseSpecificationImpl.validateResponseIfRequired(ResponseSpecificationImpl.groovy:696)
	at io.restassured.internal.ResponseSpecificationImpl.this$2$validateResponseIfRequired(ResponseSpecificationImpl.groovy)
	at java.base/jdk.internal.reflect.DirectMethodHandleAccessor.invoke(DirectMethodHandleAccessor.java:103)
	at java.base/java.lang.reflect.Method.invoke(Method.java:580)
	at org.codehaus.groovy.runtime.callsite.PlainObjectMetaMethodSite.doInvoke(PlainObjectMetaMethodSite.java:43)
	at org.codehaus.groovy.runtime.callsite.PogoMetaMethodSite$PogoCachedMethodSiteNoUnwrapNoCoerce.invoke(PogoMetaMethodSite.java:198)
	at org.codehaus.groovy.runtime.callsite.PogoMetaMethodSite.callCurrent(PogoMetaMethodSite.java:62)
	at org.codehaus.groovy.runtime.callsite.AbstractCallSite.callCurrent(AbstractCallSite.java:185)
	at io.restassured.internal.ResponseSpecificationImpl.contentType(ResponseSpecificationImpl.groovy:443)
	at io.restassured.internal.ValidatableResponseOptionsImpl.contentType(ValidatableResponseOptionsImpl.java:226)
	at unit4cases.EvoMaster_others_Test.test_27(EvoMaster_others_Test.java:870)
	at java.base/jdk.internal.reflect.DirectMethodHandleAccessor.invoke(DirectMethodHandleAccessor.java:103)
	at java.base/java.lang.reflect.Method.invoke(Method.java:580)
	at org.junit.runners.model.FrameworkMethod$1.runReflectiveCall(FrameworkMethod.java:59)
	at org.junit.internal.runners.model.ReflectiveCallable.run(ReflectiveCallable.java:12)
	at org.junit.runners.model.FrameworkMethod.invokeExplosively(FrameworkMethod.java:56)
	at org.junit.internal.runners.statements.InvokeMethod.evaluate(InvokeMethod.java:17)
	at org.junit.internal.runners.statements.FailOnTimeout$CallableStatement.call(FailOnTimeout.java:299)
	at org.junit.internal.runners.statements.FailOnTimeout$CallableStatement.call(FailOnTimeout.java:293)
	at java.base/java.util.concurrent.FutureTask.run(FutureTask.java:317)
	at java.base/java.lang.Thread.run(Thread.java:1583)
</failure>
    <system-out>Request method:	POST
Request URI:	https://ig.aidtaas.com/mobius-payment-service/v1.0/customers
Proxy:			&lt;none&gt;
Request params:	&lt;none&gt;
Query params:	&lt;none&gt;
Form params:	&lt;none&gt;
Path params:	&lt;none&gt;
Headers:		Accept=application/json
				Authorization=Bearer  eyJhbGciOiJSUzI1NiIsInR5cCIgOiAiSldUIiwia2lkIiA6ICI3Ny1NUVdFRTNHZE5adGlsWU5IYmpsa2dVSkpaWUJWVmN1UmFZdHl5ejFjIn0.eyJleHAiOjE3NDAwODgxMjAsImlhdCI6MTc0MDA1MjEyMCwianRpIjoiYjc4MDZhYTYtZWE3MS00NWJkLWI5ODMtOWU3MDE4OTc4NTYzIiwiaXNzIjoiaHR0cDovL2tleWNsb2FrLXNlcnZpY2Uua2V5Y2xvYWsuc3ZjLmNsdXN0ZXIubG9jYWw6ODA4MC9yZWFsbXMvbWFzdGVyIiwiYXVkIjpbIkJPTFRaTUFOTl9CT1RfbW9iaXVzIiwiUEFTQ0FMX0lOVEVMTElHRU5DRV9tb2JpdXMiLCJNT05FVF9tb2JpdXMiLCJWSU5DSV9tb2JpdXMiLCJhY2NvdW50Il0sInN1YiI6IjJjZjc2ZTVmLTI2YWQtNGYyYy1iY2NjLWY0YmMxZTdiZmI2NCIsInR5cCI6IkJlYXJlciIsImF6cCI6IkhPTEFDUkFDWV9tb2JpdXMiLCJzaWQiOiJmNjcwYzZjMi03OWYzLTQ2YzctOTE5Yy1hNTNhYmRiNTgwNDMiLCJhY3IiOiIxIiwiYWxsb3dlZC1vcmlnaW5zIjpbIi8qIl0sInJlYWxtX2FjY2VzcyI6eyJyb2xlcyI6WyJkZWZhdWx0LXJvbGVzLW1hc3RlciIsIkhDWV9URU5BTlRfQ1VTVE9NIiwib2ZmbGluZV9hY2Nlc3MiLCJCT0JfVEVOQU5UX0NVU1RPTSIsInVtYV9hdXRob3JpemF0aW9uIiwiUElfVEVOQU5UX0NVU1RPTSIsIk1PTkVUX1RFTkFOVF9DVVNUT00iXX0sInJlc291cmNlX2FjY2VzcyI6eyJCT0xUWk1BTk5fQk9UX21vYml1cyI6eyJyb2xlcyI6WyJURU5BTlRfV09SS0ZMT1dfU1VTUEVORF9QUk9DRVNTX0RFRklOSVRJT04iLCJURU5BTlRfV09SS0ZMT1dfU1VTUEVORF9JTlNUQU5DRSIsIlRFTkFOVF9XT1JLRkxPV19SRVRSSUVWRV9BTEwiLCJURU5BTlRfV09SS0ZMT1dfQUNUSVZBVEVfSU5TVEFOQ0UiLCJURU5BTlRfV09SS0ZMT1dfRVhFQ1VURSIsIlRFTkFOVF9XT1JLRkxPV19SRVRSSUVWRV9IT01FIiwiVEVOQU5UX1dPUktGTE9XX1JFVFJJRVZFX1NVU1BFTkRFRF9QUk9DRVNTX0RFRlMiLCJURU5BTlRfV09SS0ZMT1dfQUNUSVZBVEVfUlVOX0pPQiIsIlRFTkFOVF9XT1JLRkxPV19TVEFUVVMiLCJURU5BTlRfV09SS0ZMT1dfQ1JFQVRFIiwiVEVOQU5UX1dPUktGTE9XX0FDVElWSVRZX0RBVEFfQ09VTlQiLCJCT0xUWk1BTk5fQk9UX1VTRVIiLCJURU5BTlRfV09SS0ZMT1dfREVQTE9ZX1ZFUlNJT04iLCJURU5BTlRfV09SS0ZMT1dfSU1QT1JUIiwiVEVOQU5UX1dPUktGTE9XX1VQREFURSIsIlRFTkFOVF9XT1JLRkxPV19ERVBMT1kiLCJURU5BTlRfV09SS0ZMT1dfU1VTUEVORF9SVU5fSk9CIiwiVEVOQU5UX1dPUktGTE9XX1JFVFJJRVZFIiwiVEVOQU5UX1dPUktGTE9XX0RFTEVURSIsIlRFTkFOVF9XT1JLRkxPV19UUklHR0VSX01FU1NBR0VfTElTVEVORVIiXX0sIkhPTEFDUkFDWV9tb2JpdXMiOnsicm9sZXMiOlsiVEVOQU5UX1BST0RVQ1RfUkVUUklFVkVfTUFTVEVSX0NPTkZJRyIsIlRFTkFOVF9JTlZJVEFUSU9OX1JFU1BPTkQiLCJURU5BTlRfTkVHT1RJQVRJT05fQVBQUk9WQUxfQlVZRVIiLCJURU5BTlRfSU5WSVRBVElPTl9SRVRSSUVWRSIsIlRFTkFOVF9PUkdBTklaQVRJT05fQ1JFQVRFIiwiVEVOQU5UX0NSRUFURV9URU5BTlQiLCJURU5BTlRfU1VCX0FMTElBTkNFX1JFVFJJRVZFIiwiVEVOQU5UX1BMQVRGT1JNX0NSRUFURSIsIkhPTEFDUkFDWV9VU0VSIiwiVEVOQU5UX1JBVEVDQVJEX0NSRUFURSIsIlRFTkFOVF9QTEFURk9STV9SRVRSSUVWRSIsIlRFTkFOVF9SRVRSSUVWRV9CWV9CVVlFUl9QTEFURk9STSIsIlRFTkFOVF9TVUJfQUxMSUFOQ0VfUkVUUklFVkVfQUxMIiwiVEVOQU5UX1BST0RVQ1RfUkVUUklFVkUiLCJURU5BTlRfQUNDT1VOVF9ERUxFVEUiLCJURU5BTlRfQUxMSUFOQ0VfUkVUUklFVkUiLCJURU5BTlRfUExBVEZPUk1fVVBEQVRFIiwiVEVOQU5UX0lOVklUQVRJT05fQ1JFQVRFIiwiVEVOQU5UX1JBVEVDQVJEX1JFVFJJRVZFIiwiVEVOQU5UX09SR0FOSVpBVElPTl9VUERBVEUiLCJURU5BTlRfUkFURUNBUkRfVVBEQVRFIiwiVEVOQU5UX09SR0FOSVpBVElPTl9ERUxFVEUiLCJURU5BTlRfUExBVEZPUk1fREVMRVRFIiwiVEVOQU5UX1BST0RVQ1RfQ1JFQVRFIiwiVEVOQU5UX1NVQl9BTExJQU5DRV9DUkVBVEUiLCJURU5BTlRfUkFURUNBUkRfREVMRVRFIiwiVEVOQU5UX0FDQ09VTlRfQ1JFQVRFIiwiVEVOQU5UX0lOVklUQVRJT05fVVBEQVRFIiwiVEVOQU5UX1JFVFJJRVZFX1RFTkFOVCIsIlRFTkFOVF9JTlZJVEFUSU9OX0RFTEVURSIsIlRFTkFOVF9ORUdPVElBVElPTl9BUFBST1ZBTF9TVVBFUl9BRE1JTiIsIlRFTkFOVF9ORUdPVElBVElPTl9SRVRSSUVWRV9BTExfQkVUV0VFTl9CVVlFUl9TRUxMRVIiLCJURU5BTlRfUkVUUklFVkVfVEVOQU5UX0FMTCIsIlRFTkFOVF9ORUdPVElBVElPTl9DUkVBVEUiLCJURU5BTlRfVVBEQVRFX1RFTkFOVCIsIlRFTkFOVF9PUkdBTklaQVRJT05fUkVUUklFVkUiLCJURU5BTlRfQUNDT1VOVF9VUERBVEUiLCJURU5BTlRfUFJPRFVDVF9ERUxFVEUiLCJURU5BTlRfU1VCX0FMTElBTkNFX0RFTEVURSIsIlRFTkFOVF9ORUdPVElBVElPTl9BUFBST1ZBTF9TRUxMRVIiLCJURU5BTlRfU1VCX0FMTElBTkNFX1VQREFURSIsIlRFTkFOVF9QUk9EVUNUX1VQREFURSIsIlRFTkFOVF9BQ0NPVU5UX1JFVFJJRVZFIiwiVEVOQU5UX05FR09USUFUSU9OX1JFVFJJRVZFIiwiVEVOQU5UX0RFTEVURV9URU5BTlQiXX0sIlBBU0NBTF9JTlRFTExJR0VOQ0VfbW9iaXVzIjp7InJvbGVzIjpbIlRFTkFOVF9DT05URVhUX0RFTEVURSIsIlRFTkFOVF9DT05URVhUX1VQREFURSIsIlRFTkFOVF9CSUdRVUVSWV9SRVRSSUVWRSIsIlRFTkFOVF9CSUdRVUVSWV9VUERBVEUiLCJURU5BTlRfVU5JVkVSU0VfQ1JFQVRFIiwiVEVOQU5UX0NPSE9SVFNfUkVUUklFVkUiLCJURU5BTlRfQklHUVVFUllfQ1JFQVRFIiwiVEVOQU5UX0JJR1FVRVJZX0VWQUxVQVRFIiwiVEVOQU5UX0NPSE9SVFNfVVBEQVRFIiwiVEVOQU5UX0NPTlRFWFRfUkVUUklFVkUiLCJURU5BTlRfVU5JVkVSU0VfUkVUUklFVkUiLCJURU5BTlRfQ09IT1JUU19FVkFMVUFURSIsIlRFTkFOVF9CSUdRVUVSWV9ERUxFVEUiLCJURU5BTlRfU0NIRU1BX0NSRUFURSIsIlBBU0NBTF9JTlRFTExJR0VOQ0VfVVNFUiIsIlRFTkFOVF9DT0hPUlRTX0NSRUFURSIsIlRFTkFOVF9TQ0hFTUFfVVBEQVRFIiwiVEVOQU5UX0NPTlRFWFRfQVBQUk9WRSIsIlRFTkFOVF9VTklWRVJTRV9VUERBVEUiLCJURU5BTlRfQklHUVVFUllfQVBQUk9WRSIsIlRFTkFOVF9TQ0hFTUFfUkVUUklFVkUiLCJURU5BTlRfU0NIRU1BX0FQUFJPVkUiLCJURU5BTlRfQ09OVEVYVF9FVkFMVUFURSIsIlRFTkFOVF9TQ0hFTUFfREVMRVRFIiwiVEVOQU5UX0NPTlRFWFRfQ1JFQVRFIiwiVEVOQU5UX1NDSEVNQV9EQVRBX1JFVFJJRVZFIiwiVEVOQU5UX1NDSEVNQV9EQVRBX0RFTEVURSIsIlRFTkFOVF9TQ0hFTUFfREFUQV9VUERBVEUiLCJURU5BTlRfQ09IT1JUU19ERUxFVEUiLCJURU5BTlRfVU5JVkVSU0VfREVMRVRFIiwiVEVOQU5UX1NDSEVNQV9EQVRBX0lOR0VTVElPTiIsIlRFTkFOVF9DT0hPUlRTX0FQUFJPVkUiXX0sIk1PTkVUX21vYml1cyI6eyJyb2xlcyI6WyJURU5BTlRfQVBQTEVUU19SRVRSSUVWRV9BTExfUFVCTElTSEVEIiwiVEVOQU5UX1dJREdFVFNfUkVUUklFVkVfRFJBRlQiLCJURU5BTlRfV0lER0VUU19VUERBVEUiLCJURU5BTlRfQVBQTEVUU19ERUxFVEUiLCJURU5BTlRfV0lER0VUU19ERUxFVEUiLCJURU5BTlRfUExVR0lOX0NBVEVHT1JZX1JFVFJJRVZFX0FMTCIsIlRFTkFOVF9BUFBMRVRTX1VQREFURV9ISVNUT1JZIiwiVEVOQU5UX0VYUEVSSUVOQ0VTX0NSRUFURSIsIlRFTkFOVF9XSURHRVRTX1JFVFJJRVZFX1BVQkxJU0giLCJURU5BTlRfUExVR0lOX0NBVEVHT1JZX0NSRUFURSIsIlRFTkFOVF9ERVBFTkRFTkNZX1JFVFJJRVZFX0FMTCIsIlRFTkFOVF9XSURHRVRTX1BVQkxJU0giLCJURU5BTlRfUkVUUklFVkVfRklFTERTX09GX1BVQkxJU0hFRCIsIlRFTkFOVF9FWFBFUklFTkNFU19VUERBVEUiLCJURU5BTlRfQVBQTEVUU19DUkVBVEUiLCJURU5BTlRfUExVR0lOU19ERUxFVEUiLCJURU5BTlRfQVBQTEVUU19SRVRSSUVWRV9BTExfRFJBRlQiLCJURU5BTlRfUExVR0lOU19VUERBVEUiLCJURU5BTlRfQVBQTEVUU19SRVRSSUVWRV9GUk9NX0hJU1RPUlkiLCJURU5BTlRfUkVUUklFVkVfRklFTERTX09GX0RSQUZUIiwiVEVOQU5UX0FQUExFVFNfUkVUUklFVkVfUFVCTElTSEVEIiwiVEVOQU5UX0FQUExFVFNfUFVCTElTSEVEIiwiVEVOQU5UX1dJREdFVFNfUkVUUklFVkUiLCJURU5BTlRfUExVR0lOX0NBVEVHT1JZX0RFTEVURSIsIlRFTkFOVF9QTFVHSU5fQ0FURUdPUllfUFVCTElTSCIsIlRFTkFOVF9QTFVHSU5fQ0FURUdPUllfREVMRVRFX0NPTVBfRlJPTSIsIlRFTkFOVF9SRVRSSUVWRV9QVUJMSVNIRUQiLCJURU5BTlRfUExVR0lOU19SRVRSSUVWRSIsIlRFTkFOVF9QTFVHSU5TX0NSRUFURSIsIlRFTkFOVF9XSURHRVRTX0NSRUFURSIsIlRFTkFOVF9BUFBMRVRTX1JFVFJJRVZFX0FMTF9QVUJMSVNIRURfVEhVTUJOQUlMUyIsIk1PTkVUX1VTRVIiLCJURU5BTlRfRVhQRVJJRU5DRVNfREVMRVRFIiwiVEVOQU5UX0VYUEVSSUVOQ0VTX1BVQkxJU0giLCJURU5BTlRfUkVUUklFVkVfRlJPTV9ISVNUT1JZIiwiVEVOQU5UX1BMVUdJTl9DQVRFR09SWV9VUERBVEUiXX0sIlZJTkNJX21vYml1cyI6eyJyb2xlcyI6WyJWSU5DSV9VU0VSIl19LCJhY2NvdW50Ijp7InJvbGVzIjpbIm1hbmFnZS1hY2NvdW50IiwibWFuYWdlLWFjY291bnQtbGlua3MiLCJ2aWV3LXByb2ZpbGUiXX19LCJzY29wZSI6InByb2ZpbGUgZW1haWwiLCJyZXF1ZXN0ZXJUeXBlIjoiVEVOQU5UIiwiZW1haWxfdmVyaWZpZWQiOnRydWUsIm5hbWUiOiJBaWR0YWFzIEFpZHRhYXMiLCJ0ZW5hbnRJZCI6IjJjZjc2ZTVmLTI2YWQtNGYyYy1iY2NjLWY0YmMxZTdiZmI2NCIsInByZWZlcnJlZF91c2VybmFtZSI6InBhc3N3b3JkX3RlbmFudF9haWR0YWFzQGdhaWFuc29sdXRpb25zLmNvbSIsImdpdmVuX25hbWUiOiJBaWR0YWFzIiwiZmFtaWx5X25hbWUiOiJBaWR0YWFzIiwiZW1haWwiOiJwYXNzd29yZF90ZW5hbnRfYWlkdGFhc0BnYWlhbnNvbHV0aW9ucy5jb20ifQ.G22UWdZfpDy2T8neTapxgOEwLcTJnbjop5nrm13HlhaUON7HfGI1b-n7D7FRAcRr2u7xBEE7MwJ3OSJyfjIQamrmV1U0PYtVogiw3EQcp41YWWAnpuaG41KiZvYuxGdFO1uADRRSrbnzDP44nnh75gQxL-s_blP160DEyu4gIfJ3f3Vz_wI_6yZ1aqpsz-8r8YpbeQbgrcV577yF2lTbmavmNDA6R_FW2rF8Y-mLfFbhAkQqmpuYDWdXv7_cyOmECs53ROlGzPd-DIUi1mw9_Af0tIC6DKh1nbbp16VPKqzmCPVfI1VGNZSCzVYOAr-XApRi0JZ39ub0aO1FsZzCjA
				Content-Type=application/json
Cookies:		&lt;none&gt;
Multiparts:		&lt;none&gt;
Body:
{
    &quot;mobile&quot;: &quot;LA2W_5MU21a6J&quot;,
    &quot;name&quot;: &quot;w6TdWUAGq&quot;,
    &quot;emailId&quot;: &quot;2ryz6rcAkwcg3_V&quot;,
    &quot;profileId&quot;: &quot;S_yourLGIysnh8JD&quot;,
    &quot;address&quot;: {
        &quot;id&quot;: 480,
        &quot;addressLine1&quot;: &quot;o1n&quot;,
        &quot;state&quot;: &quot;kfzP1l&quot;,
        &quot;postCode&quot;: &quot;_fR2RFcSkfdb8n&quot;,
        &quot;type&quot;: &quot;ZKtelQ86kDmE1N5P&quot;
    },
    &quot;cardId&quot;: &quot;LsB&quot;
}

HTTP/1.1 401 Unauthorized
www-authenticate: Bearer realm=&quot;https://ig.aidtaas.com/mobius-payment-service/v1.0/customers&quot;, error=&quot;invalid_token&quot;
content-length: 14
content-type: text/plain
date: Fri, 21 Feb 2025 06:21:46 GMT
server: istio-envoy
x-envoy-upstream-service-time: 2

Jwt is expired
</system-out>
  </testcase>
  <testcase classname="unit4cases.EvoMaster_others_Test" name="test_28" time="0.059">
    <failure message="1 expectation failed.
Expected content-type &quot;application/json&quot; doesn&apos;t match actual content-type &quot;text/plain&quot;.
" type="java.lang.AssertionError">java.lang.AssertionError: 1 expectation failed.
Expected content-type &quot;application/json&quot; doesn&apos;t match actual content-type &quot;text/plain&quot;.

	at java.base/jdk.internal.reflect.DirectConstructorHandleAccessor.newInstance(DirectConstructorHandleAccessor.java:62)
	at java.base/java.lang.reflect.Constructor.newInstanceWithCaller(Constructor.java:502)
	at java.base/java.lang.reflect.Constructor.newInstance(Constructor.java:486)
	at org.codehaus.groovy.reflection.CachedConstructor.invoke(CachedConstructor.java:73)
	at org.codehaus.groovy.runtime.callsite.ConstructorSite$ConstructorSiteNoUnwrapNoCoerce.callConstructor(ConstructorSite.java:108)
	at org.codehaus.groovy.runtime.callsite.AbstractCallSite.callConstructor(AbstractCallSite.java:277)
	at io.restassured.internal.ResponseSpecificationImpl$HamcrestAssertionClosure.validate(ResponseSpecificationImpl.groovy:512)
	at io.restassured.internal.ResponseSpecificationImpl$HamcrestAssertionClosure$validate$1.call(Unknown Source)
	at io.restassured.internal.ResponseSpecificationImpl.validateResponseIfRequired(ResponseSpecificationImpl.groovy:696)
	at io.restassured.internal.ResponseSpecificationImpl.this$2$validateResponseIfRequired(ResponseSpecificationImpl.groovy)
	at java.base/jdk.internal.reflect.DirectMethodHandleAccessor.invoke(DirectMethodHandleAccessor.java:103)
	at java.base/java.lang.reflect.Method.invoke(Method.java:580)
	at org.codehaus.groovy.runtime.callsite.PlainObjectMetaMethodSite.doInvoke(PlainObjectMetaMethodSite.java:43)
	at org.codehaus.groovy.runtime.callsite.PogoMetaMethodSite$PogoCachedMethodSiteNoUnwrapNoCoerce.invoke(PogoMetaMethodSite.java:198)
	at org.codehaus.groovy.runtime.callsite.PogoMetaMethodSite.callCurrent(PogoMetaMethodSite.java:62)
	at org.codehaus.groovy.runtime.callsite.AbstractCallSite.callCurrent(AbstractCallSite.java:185)
	at io.restassured.internal.ResponseSpecificationImpl.contentType(ResponseSpecificationImpl.groovy:443)
	at io.restassured.internal.ValidatableResponseOptionsImpl.contentType(ValidatableResponseOptionsImpl.java:226)
	at unit4cases.EvoMaster_others_Test.test_28(EvoMaster_others_Test.java:904)
	at java.base/jdk.internal.reflect.DirectMethodHandleAccessor.invoke(DirectMethodHandleAccessor.java:103)
	at java.base/java.lang.reflect.Method.invoke(Method.java:580)
	at org.junit.runners.model.FrameworkMethod$1.runReflectiveCall(FrameworkMethod.java:59)
	at org.junit.internal.runners.model.ReflectiveCallable.run(ReflectiveCallable.java:12)
	at org.junit.runners.model.FrameworkMethod.invokeExplosively(FrameworkMethod.java:56)
	at org.junit.internal.runners.statements.InvokeMethod.evaluate(InvokeMethod.java:17)
	at org.junit.internal.runners.statements.FailOnTimeout$CallableStatement.call(FailOnTimeout.java:299)
	at org.junit.internal.runners.statements.FailOnTimeout$CallableStatement.call(FailOnTimeout.java:293)
	at java.base/java.util.concurrent.FutureTask.run(FutureTask.java:317)
	at java.base/java.lang.Thread.run(Thread.java:1583)
</failure>
    <system-out>Request method:	POST
Request URI:	https://ig.aidtaas.com/mobius-payment-service/v1.0/debitFromWallet
Proxy:			&lt;none&gt;
Request params:	&lt;none&gt;
Query params:	&lt;none&gt;
Form params:	&lt;none&gt;
Path params:	&lt;none&gt;
Headers:		Authorization=Bearer  eyJhbGciOiJSUzI1NiIsInR5cCIgOiAiSldUIiwia2lkIiA6ICI3Ny1NUVdFRTNHZE5adGlsWU5IYmpsa2dVSkpaWUJWVmN1UmFZdHl5ejFjIn0.eyJleHAiOjE3NDAwODgxMjAsImlhdCI6MTc0MDA1MjEyMCwianRpIjoiYjc4MDZhYTYtZWE3MS00NWJkLWI5ODMtOWU3MDE4OTc4NTYzIiwiaXNzIjoiaHR0cDovL2tleWNsb2FrLXNlcnZpY2Uua2V5Y2xvYWsuc3ZjLmNsdXN0ZXIubG9jYWw6ODA4MC9yZWFsbXMvbWFzdGVyIiwiYXVkIjpbIkJPTFRaTUFOTl9CT1RfbW9iaXVzIiwiUEFTQ0FMX0lOVEVMTElHRU5DRV9tb2JpdXMiLCJNT05FVF9tb2JpdXMiLCJWSU5DSV9tb2JpdXMiLCJhY2NvdW50Il0sInN1YiI6IjJjZjc2ZTVmLTI2YWQtNGYyYy1iY2NjLWY0YmMxZTdiZmI2NCIsInR5cCI6IkJlYXJlciIsImF6cCI6IkhPTEFDUkFDWV9tb2JpdXMiLCJzaWQiOiJmNjcwYzZjMi03OWYzLTQ2YzctOTE5Yy1hNTNhYmRiNTgwNDMiLCJhY3IiOiIxIiwiYWxsb3dlZC1vcmlnaW5zIjpbIi8qIl0sInJlYWxtX2FjY2VzcyI6eyJyb2xlcyI6WyJkZWZhdWx0LXJvbGVzLW1hc3RlciIsIkhDWV9URU5BTlRfQ1VTVE9NIiwib2ZmbGluZV9hY2Nlc3MiLCJCT0JfVEVOQU5UX0NVU1RPTSIsInVtYV9hdXRob3JpemF0aW9uIiwiUElfVEVOQU5UX0NVU1RPTSIsIk1PTkVUX1RFTkFOVF9DVVNUT00iXX0sInJlc291cmNlX2FjY2VzcyI6eyJCT0xUWk1BTk5fQk9UX21vYml1cyI6eyJyb2xlcyI6WyJURU5BTlRfV09SS0ZMT1dfU1VTUEVORF9QUk9DRVNTX0RFRklOSVRJT04iLCJURU5BTlRfV09SS0ZMT1dfU1VTUEVORF9JTlNUQU5DRSIsIlRFTkFOVF9XT1JLRkxPV19SRVRSSUVWRV9BTEwiLCJURU5BTlRfV09SS0ZMT1dfQUNUSVZBVEVfSU5TVEFOQ0UiLCJURU5BTlRfV09SS0ZMT1dfRVhFQ1VURSIsIlRFTkFOVF9XT1JLRkxPV19SRVRSSUVWRV9IT01FIiwiVEVOQU5UX1dPUktGTE9XX1JFVFJJRVZFX1NVU1BFTkRFRF9QUk9DRVNTX0RFRlMiLCJURU5BTlRfV09SS0ZMT1dfQUNUSVZBVEVfUlVOX0pPQiIsIlRFTkFOVF9XT1JLRkxPV19TVEFUVVMiLCJURU5BTlRfV09SS0ZMT1dfQ1JFQVRFIiwiVEVOQU5UX1dPUktGTE9XX0FDVElWSVRZX0RBVEFfQ09VTlQiLCJCT0xUWk1BTk5fQk9UX1VTRVIiLCJURU5BTlRfV09SS0ZMT1dfREVQTE9ZX1ZFUlNJT04iLCJURU5BTlRfV09SS0ZMT1dfSU1QT1JUIiwiVEVOQU5UX1dPUktGTE9XX1VQREFURSIsIlRFTkFOVF9XT1JLRkxPV19ERVBMT1kiLCJURU5BTlRfV09SS0ZMT1dfU1VTUEVORF9SVU5fSk9CIiwiVEVOQU5UX1dPUktGTE9XX1JFVFJJRVZFIiwiVEVOQU5UX1dPUktGTE9XX0RFTEVURSIsIlRFTkFOVF9XT1JLRkxPV19UUklHR0VSX01FU1NBR0VfTElTVEVORVIiXX0sIkhPTEFDUkFDWV9tb2JpdXMiOnsicm9sZXMiOlsiVEVOQU5UX1BST0RVQ1RfUkVUUklFVkVfTUFTVEVSX0NPTkZJRyIsIlRFTkFOVF9JTlZJVEFUSU9OX1JFU1BPTkQiLCJURU5BTlRfTkVHT1RJQVRJT05fQVBQUk9WQUxfQlVZRVIiLCJURU5BTlRfSU5WSVRBVElPTl9SRVRSSUVWRSIsIlRFTkFOVF9PUkdBTklaQVRJT05fQ1JFQVRFIiwiVEVOQU5UX0NSRUFURV9URU5BTlQiLCJURU5BTlRfU1VCX0FMTElBTkNFX1JFVFJJRVZFIiwiVEVOQU5UX1BMQVRGT1JNX0NSRUFURSIsIkhPTEFDUkFDWV9VU0VSIiwiVEVOQU5UX1JBVEVDQVJEX0NSRUFURSIsIlRFTkFOVF9QTEFURk9STV9SRVRSSUVWRSIsIlRFTkFOVF9SRVRSSUVWRV9CWV9CVVlFUl9QTEFURk9STSIsIlRFTkFOVF9TVUJfQUxMSUFOQ0VfUkVUUklFVkVfQUxMIiwiVEVOQU5UX1BST0RVQ1RfUkVUUklFVkUiLCJURU5BTlRfQUNDT1VOVF9ERUxFVEUiLCJURU5BTlRfQUxMSUFOQ0VfUkVUUklFVkUiLCJURU5BTlRfUExBVEZPUk1fVVBEQVRFIiwiVEVOQU5UX0lOVklUQVRJT05fQ1JFQVRFIiwiVEVOQU5UX1JBVEVDQVJEX1JFVFJJRVZFIiwiVEVOQU5UX09SR0FOSVpBVElPTl9VUERBVEUiLCJURU5BTlRfUkFURUNBUkRfVVBEQVRFIiwiVEVOQU5UX09SR0FOSVpBVElPTl9ERUxFVEUiLCJURU5BTlRfUExBVEZPUk1fREVMRVRFIiwiVEVOQU5UX1BST0RVQ1RfQ1JFQVRFIiwiVEVOQU5UX1NVQl9BTExJQU5DRV9DUkVBVEUiLCJURU5BTlRfUkFURUNBUkRfREVMRVRFIiwiVEVOQU5UX0FDQ09VTlRfQ1JFQVRFIiwiVEVOQU5UX0lOVklUQVRJT05fVVBEQVRFIiwiVEVOQU5UX1JFVFJJRVZFX1RFTkFOVCIsIlRFTkFOVF9JTlZJVEFUSU9OX0RFTEVURSIsIlRFTkFOVF9ORUdPVElBVElPTl9BUFBST1ZBTF9TVVBFUl9BRE1JTiIsIlRFTkFOVF9ORUdPVElBVElPTl9SRVRSSUVWRV9BTExfQkVUV0VFTl9CVVlFUl9TRUxMRVIiLCJURU5BTlRfUkVUUklFVkVfVEVOQU5UX0FMTCIsIlRFTkFOVF9ORUdPVElBVElPTl9DUkVBVEUiLCJURU5BTlRfVVBEQVRFX1RFTkFOVCIsIlRFTkFOVF9PUkdBTklaQVRJT05fUkVUUklFVkUiLCJURU5BTlRfQUNDT1VOVF9VUERBVEUiLCJURU5BTlRfUFJPRFVDVF9ERUxFVEUiLCJURU5BTlRfU1VCX0FMTElBTkNFX0RFTEVURSIsIlRFTkFOVF9ORUdPVElBVElPTl9BUFBST1ZBTF9TRUxMRVIiLCJURU5BTlRfU1VCX0FMTElBTkNFX1VQREFURSIsIlRFTkFOVF9QUk9EVUNUX1VQREFURSIsIlRFTkFOVF9BQ0NPVU5UX1JFVFJJRVZFIiwiVEVOQU5UX05FR09USUFUSU9OX1JFVFJJRVZFIiwiVEVOQU5UX0RFTEVURV9URU5BTlQiXX0sIlBBU0NBTF9JTlRFTExJR0VOQ0VfbW9iaXVzIjp7InJvbGVzIjpbIlRFTkFOVF9DT05URVhUX0RFTEVURSIsIlRFTkFOVF9DT05URVhUX1VQREFURSIsIlRFTkFOVF9CSUdRVUVSWV9SRVRSSUVWRSIsIlRFTkFOVF9CSUdRVUVSWV9VUERBVEUiLCJURU5BTlRfVU5JVkVSU0VfQ1JFQVRFIiwiVEVOQU5UX0NPSE9SVFNfUkVUUklFVkUiLCJURU5BTlRfQklHUVVFUllfQ1JFQVRFIiwiVEVOQU5UX0JJR1FVRVJZX0VWQUxVQVRFIiwiVEVOQU5UX0NPSE9SVFNfVVBEQVRFIiwiVEVOQU5UX0NPTlRFWFRfUkVUUklFVkUiLCJURU5BTlRfVU5JVkVSU0VfUkVUUklFVkUiLCJURU5BTlRfQ09IT1JUU19FVkFMVUFURSIsIlRFTkFOVF9CSUdRVUVSWV9ERUxFVEUiLCJURU5BTlRfU0NIRU1BX0NSRUFURSIsIlBBU0NBTF9JTlRFTExJR0VOQ0VfVVNFUiIsIlRFTkFOVF9DT0hPUlRTX0NSRUFURSIsIlRFTkFOVF9TQ0hFTUFfVVBEQVRFIiwiVEVOQU5UX0NPTlRFWFRfQVBQUk9WRSIsIlRFTkFOVF9VTklWRVJTRV9VUERBVEUiLCJURU5BTlRfQklHUVVFUllfQVBQUk9WRSIsIlRFTkFOVF9TQ0hFTUFfUkVUUklFVkUiLCJURU5BTlRfU0NIRU1BX0FQUFJPVkUiLCJURU5BTlRfQ09OVEVYVF9FVkFMVUFURSIsIlRFTkFOVF9TQ0hFTUFfREVMRVRFIiwiVEVOQU5UX0NPTlRFWFRfQ1JFQVRFIiwiVEVOQU5UX1NDSEVNQV9EQVRBX1JFVFJJRVZFIiwiVEVOQU5UX1NDSEVNQV9EQVRBX0RFTEVURSIsIlRFTkFOVF9TQ0hFTUFfREFUQV9VUERBVEUiLCJURU5BTlRfQ09IT1JUU19ERUxFVEUiLCJURU5BTlRfVU5JVkVSU0VfREVMRVRFIiwiVEVOQU5UX1NDSEVNQV9EQVRBX0lOR0VTVElPTiIsIlRFTkFOVF9DT0hPUlRTX0FQUFJPVkUiXX0sIk1PTkVUX21vYml1cyI6eyJyb2xlcyI6WyJURU5BTlRfQVBQTEVUU19SRVRSSUVWRV9BTExfUFVCTElTSEVEIiwiVEVOQU5UX1dJREdFVFNfUkVUUklFVkVfRFJBRlQiLCJURU5BTlRfV0lER0VUU19VUERBVEUiLCJURU5BTlRfQVBQTEVUU19ERUxFVEUiLCJURU5BTlRfV0lER0VUU19ERUxFVEUiLCJURU5BTlRfUExVR0lOX0NBVEVHT1JZX1JFVFJJRVZFX0FMTCIsIlRFTkFOVF9BUFBMRVRTX1VQREFURV9ISVNUT1JZIiwiVEVOQU5UX0VYUEVSSUVOQ0VTX0NSRUFURSIsIlRFTkFOVF9XSURHRVRTX1JFVFJJRVZFX1BVQkxJU0giLCJURU5BTlRfUExVR0lOX0NBVEVHT1JZX0NSRUFURSIsIlRFTkFOVF9ERVBFTkRFTkNZX1JFVFJJRVZFX0FMTCIsIlRFTkFOVF9XSURHRVRTX1BVQkxJU0giLCJURU5BTlRfUkVUUklFVkVfRklFTERTX09GX1BVQkxJU0hFRCIsIlRFTkFOVF9FWFBFUklFTkNFU19VUERBVEUiLCJURU5BTlRfQVBQTEVUU19DUkVBVEUiLCJURU5BTlRfUExVR0lOU19ERUxFVEUiLCJURU5BTlRfQVBQTEVUU19SRVRSSUVWRV9BTExfRFJBRlQiLCJURU5BTlRfUExVR0lOU19VUERBVEUiLCJURU5BTlRfQVBQTEVUU19SRVRSSUVWRV9GUk9NX0hJU1RPUlkiLCJURU5BTlRfUkVUUklFVkVfRklFTERTX09GX0RSQUZUIiwiVEVOQU5UX0FQUExFVFNfUkVUUklFVkVfUFVCTElTSEVEIiwiVEVOQU5UX0FQUExFVFNfUFVCTElTSEVEIiwiVEVOQU5UX1dJREdFVFNfUkVUUklFVkUiLCJURU5BTlRfUExVR0lOX0NBVEVHT1JZX0RFTEVURSIsIlRFTkFOVF9QTFVHSU5fQ0FURUdPUllfUFVCTElTSCIsIlRFTkFOVF9QTFVHSU5fQ0FURUdPUllfREVMRVRFX0NPTVBfRlJPTSIsIlRFTkFOVF9SRVRSSUVWRV9QVUJMSVNIRUQiLCJURU5BTlRfUExVR0lOU19SRVRSSUVWRSIsIlRFTkFOVF9QTFVHSU5TX0NSRUFURSIsIlRFTkFOVF9XSURHRVRTX0NSRUFURSIsIlRFTkFOVF9BUFBMRVRTX1JFVFJJRVZFX0FMTF9QVUJMSVNIRURfVEhVTUJOQUlMUyIsIk1PTkVUX1VTRVIiLCJURU5BTlRfRVhQRVJJRU5DRVNfREVMRVRFIiwiVEVOQU5UX0VYUEVSSUVOQ0VTX1BVQkxJU0giLCJURU5BTlRfUkVUUklFVkVfRlJPTV9ISVNUT1JZIiwiVEVOQU5UX1BMVUdJTl9DQVRFR09SWV9VUERBVEUiXX0sIlZJTkNJX21vYml1cyI6eyJyb2xlcyI6WyJWSU5DSV9VU0VSIl19LCJhY2NvdW50Ijp7InJvbGVzIjpbIm1hbmFnZS1hY2NvdW50IiwibWFuYWdlLWFjY291bnQtbGlua3MiLCJ2aWV3LXByb2ZpbGUiXX19LCJzY29wZSI6InByb2ZpbGUgZW1haWwiLCJyZXF1ZXN0ZXJUeXBlIjoiVEVOQU5UIiwiZW1haWxfdmVyaWZpZWQiOnRydWUsIm5hbWUiOiJBaWR0YWFzIEFpZHRhYXMiLCJ0ZW5hbnRJZCI6IjJjZjc2ZTVmLTI2YWQtNGYyYy1iY2NjLWY0YmMxZTdiZmI2NCIsInByZWZlcnJlZF91c2VybmFtZSI6InBhc3N3b3JkX3RlbmFudF9haWR0YWFzQGdhaWFuc29sdXRpb25zLmNvbSIsImdpdmVuX25hbWUiOiJBaWR0YWFzIiwiZmFtaWx5X25hbWUiOiJBaWR0YWFzIiwiZW1haWwiOiJwYXNzd29yZF90ZW5hbnRfYWlkdGFhc0BnYWlhbnNvbHV0aW9ucy5jb20ifQ.G22UWdZfpDy2T8neTapxgOEwLcTJnbjop5nrm13HlhaUON7HfGI1b-n7D7FRAcRr2u7xBEE7MwJ3OSJyfjIQamrmV1U0PYtVogiw3EQcp41YWWAnpuaG41KiZvYuxGdFO1uADRRSrbnzDP44nnh75gQxL-s_blP160DEyu4gIfJ3f3Vz_wI_6yZ1aqpsz-8r8YpbeQbgrcV577yF2lTbmavmNDA6R_FW2rF8Y-mLfFbhAkQqmpuYDWdXv7_cyOmECs53ROlGzPd-DIUi1mw9_Af0tIC6DKh1nbbp16VPKqzmCPVfI1VGNZSCzVYOAr-XApRi0JZ39ub0aO1FsZzCjA
				Accept=bYW4p_8
				Content-Type=application/json
Cookies:		&lt;none&gt;
Multiparts:		&lt;none&gt;
Body:
{
    &quot;currency&quot;: &quot;lp&quot;,
    &quot;amount&quot;: 0.2748707718687845,
    &quot;emailId&quot;: &quot;X0pe&quot;,
    &quot;remark&quot;: &quot;gFiG&quot;
}

HTTP/1.1 401 Unauthorized
www-authenticate: Bearer realm=&quot;https://ig.aidtaas.com/mobius-payment-service/v1.0/debitFromWallet&quot;, error=&quot;invalid_token&quot;
content-length: 14
content-type: text/plain
date: Fri, 21 Feb 2025 06:21:46 GMT
server: istio-envoy
x-envoy-upstream-service-time: 3

Jwt is expired
</system-out>
  </testcase>
  <testcase classname="unit4cases.EvoMaster_others_Test" name="test_29" time="0.076">
    <failure message="1 expectation failed.
Expected content-type &quot;application/json&quot; doesn&apos;t match actual content-type &quot;text/plain&quot;.
" type="java.lang.AssertionError">java.lang.AssertionError: 1 expectation failed.
Expected content-type &quot;application/json&quot; doesn&apos;t match actual content-type &quot;text/plain&quot;.

	at java.base/jdk.internal.reflect.DirectConstructorHandleAccessor.newInstance(DirectConstructorHandleAccessor.java:62)
	at java.base/java.lang.reflect.Constructor.newInstanceWithCaller(Constructor.java:502)
	at java.base/java.lang.reflect.Constructor.newInstance(Constructor.java:486)
	at org.codehaus.groovy.reflection.CachedConstructor.invoke(CachedConstructor.java:73)
	at org.codehaus.groovy.runtime.callsite.ConstructorSite$ConstructorSiteNoUnwrapNoCoerce.callConstructor(ConstructorSite.java:108)
	at org.codehaus.groovy.runtime.callsite.AbstractCallSite.callConstructor(AbstractCallSite.java:277)
	at io.restassured.internal.ResponseSpecificationImpl$HamcrestAssertionClosure.validate(ResponseSpecificationImpl.groovy:512)
	at io.restassured.internal.ResponseSpecificationImpl$HamcrestAssertionClosure$validate$1.call(Unknown Source)
	at io.restassured.internal.ResponseSpecificationImpl.validateResponseIfRequired(ResponseSpecificationImpl.groovy:696)
	at io.restassured.internal.ResponseSpecificationImpl.this$2$validateResponseIfRequired(ResponseSpecificationImpl.groovy)
	at java.base/jdk.internal.reflect.DirectMethodHandleAccessor.invoke(DirectMethodHandleAccessor.java:103)
	at java.base/java.lang.reflect.Method.invoke(Method.java:580)
	at org.codehaus.groovy.runtime.callsite.PlainObjectMetaMethodSite.doInvoke(PlainObjectMetaMethodSite.java:43)
	at org.codehaus.groovy.runtime.callsite.PogoMetaMethodSite$PogoCachedMethodSiteNoUnwrapNoCoerce.invoke(PogoMetaMethodSite.java:198)
	at org.codehaus.groovy.runtime.callsite.PogoMetaMethodSite.callCurrent(PogoMetaMethodSite.java:62)
	at org.codehaus.groovy.runtime.callsite.AbstractCallSite.callCurrent(AbstractCallSite.java:185)
	at io.restassured.internal.ResponseSpecificationImpl.contentType(ResponseSpecificationImpl.groovy:443)
	at io.restassured.internal.ValidatableResponseOptionsImpl.contentType(ValidatableResponseOptionsImpl.java:226)
	at unit4cases.EvoMaster_others_Test.test_29(EvoMaster_others_Test.java:938)
	at java.base/jdk.internal.reflect.DirectMethodHandleAccessor.invoke(DirectMethodHandleAccessor.java:103)
	at java.base/java.lang.reflect.Method.invoke(Method.java:580)
	at org.junit.runners.model.FrameworkMethod$1.runReflectiveCall(FrameworkMethod.java:59)
	at org.junit.internal.runners.model.ReflectiveCallable.run(ReflectiveCallable.java:12)
	at org.junit.runners.model.FrameworkMethod.invokeExplosively(FrameworkMethod.java:56)
	at org.junit.internal.runners.statements.InvokeMethod.evaluate(InvokeMethod.java:17)
	at org.junit.internal.runners.statements.FailOnTimeout$CallableStatement.call(FailOnTimeout.java:299)
	at org.junit.internal.runners.statements.FailOnTimeout$CallableStatement.call(FailOnTimeout.java:293)
	at java.base/java.util.concurrent.FutureTask.run(FutureTask.java:317)
	at java.base/java.lang.Thread.run(Thread.java:1583)
</failure>
    <system-out>Request method:	POST
Request URI:	https://ig.aidtaas.com/mobius-payment-service/v1.0/gateway-details
Proxy:			&lt;none&gt;
Request params:	&lt;none&gt;
Query params:	&lt;none&gt;
Form params:	&lt;none&gt;
Path params:	&lt;none&gt;
Headers:		Accept=application/json
				Authorization=Bearer  eyJhbGciOiJSUzI1NiIsInR5cCIgOiAiSldUIiwia2lkIiA6ICI3Ny1NUVdFRTNHZE5adGlsWU5IYmpsa2dVSkpaWUJWVmN1UmFZdHl5ejFjIn0.eyJleHAiOjE3NDAwODgxMjAsImlhdCI6MTc0MDA1MjEyMCwianRpIjoiYjc4MDZhYTYtZWE3MS00NWJkLWI5ODMtOWU3MDE4OTc4NTYzIiwiaXNzIjoiaHR0cDovL2tleWNsb2FrLXNlcnZpY2Uua2V5Y2xvYWsuc3ZjLmNsdXN0ZXIubG9jYWw6ODA4MC9yZWFsbXMvbWFzdGVyIiwiYXVkIjpbIkJPTFRaTUFOTl9CT1RfbW9iaXVzIiwiUEFTQ0FMX0lOVEVMTElHRU5DRV9tb2JpdXMiLCJNT05FVF9tb2JpdXMiLCJWSU5DSV9tb2JpdXMiLCJhY2NvdW50Il0sInN1YiI6IjJjZjc2ZTVmLTI2YWQtNGYyYy1iY2NjLWY0YmMxZTdiZmI2NCIsInR5cCI6IkJlYXJlciIsImF6cCI6IkhPTEFDUkFDWV9tb2JpdXMiLCJzaWQiOiJmNjcwYzZjMi03OWYzLTQ2YzctOTE5Yy1hNTNhYmRiNTgwNDMiLCJhY3IiOiIxIiwiYWxsb3dlZC1vcmlnaW5zIjpbIi8qIl0sInJlYWxtX2FjY2VzcyI6eyJyb2xlcyI6WyJkZWZhdWx0LXJvbGVzLW1hc3RlciIsIkhDWV9URU5BTlRfQ1VTVE9NIiwib2ZmbGluZV9hY2Nlc3MiLCJCT0JfVEVOQU5UX0NVU1RPTSIsInVtYV9hdXRob3JpemF0aW9uIiwiUElfVEVOQU5UX0NVU1RPTSIsIk1PTkVUX1RFTkFOVF9DVVNUT00iXX0sInJlc291cmNlX2FjY2VzcyI6eyJCT0xUWk1BTk5fQk9UX21vYml1cyI6eyJyb2xlcyI6WyJURU5BTlRfV09SS0ZMT1dfU1VTUEVORF9QUk9DRVNTX0RFRklOSVRJT04iLCJURU5BTlRfV09SS0ZMT1dfU1VTUEVORF9JTlNUQU5DRSIsIlRFTkFOVF9XT1JLRkxPV19SRVRSSUVWRV9BTEwiLCJURU5BTlRfV09SS0ZMT1dfQUNUSVZBVEVfSU5TVEFOQ0UiLCJURU5BTlRfV09SS0ZMT1dfRVhFQ1VURSIsIlRFTkFOVF9XT1JLRkxPV19SRVRSSUVWRV9IT01FIiwiVEVOQU5UX1dPUktGTE9XX1JFVFJJRVZFX1NVU1BFTkRFRF9QUk9DRVNTX0RFRlMiLCJURU5BTlRfV09SS0ZMT1dfQUNUSVZBVEVfUlVOX0pPQiIsIlRFTkFOVF9XT1JLRkxPV19TVEFUVVMiLCJURU5BTlRfV09SS0ZMT1dfQ1JFQVRFIiwiVEVOQU5UX1dPUktGTE9XX0FDVElWSVRZX0RBVEFfQ09VTlQiLCJCT0xUWk1BTk5fQk9UX1VTRVIiLCJURU5BTlRfV09SS0ZMT1dfREVQTE9ZX1ZFUlNJT04iLCJURU5BTlRfV09SS0ZMT1dfSU1QT1JUIiwiVEVOQU5UX1dPUktGTE9XX1VQREFURSIsIlRFTkFOVF9XT1JLRkxPV19ERVBMT1kiLCJURU5BTlRfV09SS0ZMT1dfU1VTUEVORF9SVU5fSk9CIiwiVEVOQU5UX1dPUktGTE9XX1JFVFJJRVZFIiwiVEVOQU5UX1dPUktGTE9XX0RFTEVURSIsIlRFTkFOVF9XT1JLRkxPV19UUklHR0VSX01FU1NBR0VfTElTVEVORVIiXX0sIkhPTEFDUkFDWV9tb2JpdXMiOnsicm9sZXMiOlsiVEVOQU5UX1BST0RVQ1RfUkVUUklFVkVfTUFTVEVSX0NPTkZJRyIsIlRFTkFOVF9JTlZJVEFUSU9OX1JFU1BPTkQiLCJURU5BTlRfTkVHT1RJQVRJT05fQVBQUk9WQUxfQlVZRVIiLCJURU5BTlRfSU5WSVRBVElPTl9SRVRSSUVWRSIsIlRFTkFOVF9PUkdBTklaQVRJT05fQ1JFQVRFIiwiVEVOQU5UX0NSRUFURV9URU5BTlQiLCJURU5BTlRfU1VCX0FMTElBTkNFX1JFVFJJRVZFIiwiVEVOQU5UX1BMQVRGT1JNX0NSRUFURSIsIkhPTEFDUkFDWV9VU0VSIiwiVEVOQU5UX1JBVEVDQVJEX0NSRUFURSIsIlRFTkFOVF9QTEFURk9STV9SRVRSSUVWRSIsIlRFTkFOVF9SRVRSSUVWRV9CWV9CVVlFUl9QTEFURk9STSIsIlRFTkFOVF9TVUJfQUxMSUFOQ0VfUkVUUklFVkVfQUxMIiwiVEVOQU5UX1BST0RVQ1RfUkVUUklFVkUiLCJURU5BTlRfQUNDT1VOVF9ERUxFVEUiLCJURU5BTlRfQUxMSUFOQ0VfUkVUUklFVkUiLCJURU5BTlRfUExBVEZPUk1fVVBEQVRFIiwiVEVOQU5UX0lOVklUQVRJT05fQ1JFQVRFIiwiVEVOQU5UX1JBVEVDQVJEX1JFVFJJRVZFIiwiVEVOQU5UX09SR0FOSVpBVElPTl9VUERBVEUiLCJURU5BTlRfUkFURUNBUkRfVVBEQVRFIiwiVEVOQU5UX09SR0FOSVpBVElPTl9ERUxFVEUiLCJURU5BTlRfUExBVEZPUk1fREVMRVRFIiwiVEVOQU5UX1BST0RVQ1RfQ1JFQVRFIiwiVEVOQU5UX1NVQl9BTExJQU5DRV9DUkVBVEUiLCJURU5BTlRfUkFURUNBUkRfREVMRVRFIiwiVEVOQU5UX0FDQ09VTlRfQ1JFQVRFIiwiVEVOQU5UX0lOVklUQVRJT05fVVBEQVRFIiwiVEVOQU5UX1JFVFJJRVZFX1RFTkFOVCIsIlRFTkFOVF9JTlZJVEFUSU9OX0RFTEVURSIsIlRFTkFOVF9ORUdPVElBVElPTl9BUFBST1ZBTF9TVVBFUl9BRE1JTiIsIlRFTkFOVF9ORUdPVElBVElPTl9SRVRSSUVWRV9BTExfQkVUV0VFTl9CVVlFUl9TRUxMRVIiLCJURU5BTlRfUkVUUklFVkVfVEVOQU5UX0FMTCIsIlRFTkFOVF9ORUdPVElBVElPTl9DUkVBVEUiLCJURU5BTlRfVVBEQVRFX1RFTkFOVCIsIlRFTkFOVF9PUkdBTklaQVRJT05fUkVUUklFVkUiLCJURU5BTlRfQUNDT1VOVF9VUERBVEUiLCJURU5BTlRfUFJPRFVDVF9ERUxFVEUiLCJURU5BTlRfU1VCX0FMTElBTkNFX0RFTEVURSIsIlRFTkFOVF9ORUdPVElBVElPTl9BUFBST1ZBTF9TRUxMRVIiLCJURU5BTlRfU1VCX0FMTElBTkNFX1VQREFURSIsIlRFTkFOVF9QUk9EVUNUX1VQREFURSIsIlRFTkFOVF9BQ0NPVU5UX1JFVFJJRVZFIiwiVEVOQU5UX05FR09USUFUSU9OX1JFVFJJRVZFIiwiVEVOQU5UX0RFTEVURV9URU5BTlQiXX0sIlBBU0NBTF9JTlRFTExJR0VOQ0VfbW9iaXVzIjp7InJvbGVzIjpbIlRFTkFOVF9DT05URVhUX0RFTEVURSIsIlRFTkFOVF9DT05URVhUX1VQREFURSIsIlRFTkFOVF9CSUdRVUVSWV9SRVRSSUVWRSIsIlRFTkFOVF9CSUdRVUVSWV9VUERBVEUiLCJURU5BTlRfVU5JVkVSU0VfQ1JFQVRFIiwiVEVOQU5UX0NPSE9SVFNfUkVUUklFVkUiLCJURU5BTlRfQklHUVVFUllfQ1JFQVRFIiwiVEVOQU5UX0JJR1FVRVJZX0VWQUxVQVRFIiwiVEVOQU5UX0NPSE9SVFNfVVBEQVRFIiwiVEVOQU5UX0NPTlRFWFRfUkVUUklFVkUiLCJURU5BTlRfVU5JVkVSU0VfUkVUUklFVkUiLCJURU5BTlRfQ09IT1JUU19FVkFMVUFURSIsIlRFTkFOVF9CSUdRVUVSWV9ERUxFVEUiLCJURU5BTlRfU0NIRU1BX0NSRUFURSIsIlBBU0NBTF9JTlRFTExJR0VOQ0VfVVNFUiIsIlRFTkFOVF9DT0hPUlRTX0NSRUFURSIsIlRFTkFOVF9TQ0hFTUFfVVBEQVRFIiwiVEVOQU5UX0NPTlRFWFRfQVBQUk9WRSIsIlRFTkFOVF9VTklWRVJTRV9VUERBVEUiLCJURU5BTlRfQklHUVVFUllfQVBQUk9WRSIsIlRFTkFOVF9TQ0hFTUFfUkVUUklFVkUiLCJURU5BTlRfU0NIRU1BX0FQUFJPVkUiLCJURU5BTlRfQ09OVEVYVF9FVkFMVUFURSIsIlRFTkFOVF9TQ0hFTUFfREVMRVRFIiwiVEVOQU5UX0NPTlRFWFRfQ1JFQVRFIiwiVEVOQU5UX1NDSEVNQV9EQVRBX1JFVFJJRVZFIiwiVEVOQU5UX1NDSEVNQV9EQVRBX0RFTEVURSIsIlRFTkFOVF9TQ0hFTUFfREFUQV9VUERBVEUiLCJURU5BTlRfQ09IT1JUU19ERUxFVEUiLCJURU5BTlRfVU5JVkVSU0VfREVMRVRFIiwiVEVOQU5UX1NDSEVNQV9EQVRBX0lOR0VTVElPTiIsIlRFTkFOVF9DT0hPUlRTX0FQUFJPVkUiXX0sIk1PTkVUX21vYml1cyI6eyJyb2xlcyI6WyJURU5BTlRfQVBQTEVUU19SRVRSSUVWRV9BTExfUFVCTElTSEVEIiwiVEVOQU5UX1dJREdFVFNfUkVUUklFVkVfRFJBRlQiLCJURU5BTlRfV0lER0VUU19VUERBVEUiLCJURU5BTlRfQVBQTEVUU19ERUxFVEUiLCJURU5BTlRfV0lER0VUU19ERUxFVEUiLCJURU5BTlRfUExVR0lOX0NBVEVHT1JZX1JFVFJJRVZFX0FMTCIsIlRFTkFOVF9BUFBMRVRTX1VQREFURV9ISVNUT1JZIiwiVEVOQU5UX0VYUEVSSUVOQ0VTX0NSRUFURSIsIlRFTkFOVF9XSURHRVRTX1JFVFJJRVZFX1BVQkxJU0giLCJURU5BTlRfUExVR0lOX0NBVEVHT1JZX0NSRUFURSIsIlRFTkFOVF9ERVBFTkRFTkNZX1JFVFJJRVZFX0FMTCIsIlRFTkFOVF9XSURHRVRTX1BVQkxJU0giLCJURU5BTlRfUkVUUklFVkVfRklFTERTX09GX1BVQkxJU0hFRCIsIlRFTkFOVF9FWFBFUklFTkNFU19VUERBVEUiLCJURU5BTlRfQVBQTEVUU19DUkVBVEUiLCJURU5BTlRfUExVR0lOU19ERUxFVEUiLCJURU5BTlRfQVBQTEVUU19SRVRSSUVWRV9BTExfRFJBRlQiLCJURU5BTlRfUExVR0lOU19VUERBVEUiLCJURU5BTlRfQVBQTEVUU19SRVRSSUVWRV9GUk9NX0hJU1RPUlkiLCJURU5BTlRfUkVUUklFVkVfRklFTERTX09GX0RSQUZUIiwiVEVOQU5UX0FQUExFVFNfUkVUUklFVkVfUFVCTElTSEVEIiwiVEVOQU5UX0FQUExFVFNfUFVCTElTSEVEIiwiVEVOQU5UX1dJREdFVFNfUkVUUklFVkUiLCJURU5BTlRfUExVR0lOX0NBVEVHT1JZX0RFTEVURSIsIlRFTkFOVF9QTFVHSU5fQ0FURUdPUllfUFVCTElTSCIsIlRFTkFOVF9QTFVHSU5fQ0FURUdPUllfREVMRVRFX0NPTVBfRlJPTSIsIlRFTkFOVF9SRVRSSUVWRV9QVUJMSVNIRUQiLCJURU5BTlRfUExVR0lOU19SRVRSSUVWRSIsIlRFTkFOVF9QTFVHSU5TX0NSRUFURSIsIlRFTkFOVF9XSURHRVRTX0NSRUFURSIsIlRFTkFOVF9BUFBMRVRTX1JFVFJJRVZFX0FMTF9QVUJMSVNIRURfVEhVTUJOQUlMUyIsIk1PTkVUX1VTRVIiLCJURU5BTlRfRVhQRVJJRU5DRVNfREVMRVRFIiwiVEVOQU5UX0VYUEVSSUVOQ0VTX1BVQkxJU0giLCJURU5BTlRfUkVUUklFVkVfRlJPTV9ISVNUT1JZIiwiVEVOQU5UX1BMVUdJTl9DQVRFR09SWV9VUERBVEUiXX0sIlZJTkNJX21vYml1cyI6eyJyb2xlcyI6WyJWSU5DSV9VU0VSIl19LCJhY2NvdW50Ijp7InJvbGVzIjpbIm1hbmFnZS1hY2NvdW50IiwibWFuYWdlLWFjY291bnQtbGlua3MiLCJ2aWV3LXByb2ZpbGUiXX19LCJzY29wZSI6InByb2ZpbGUgZW1haWwiLCJyZXF1ZXN0ZXJUeXBlIjoiVEVOQU5UIiwiZW1haWxfdmVyaWZpZWQiOnRydWUsIm5hbWUiOiJBaWR0YWFzIEFpZHRhYXMiLCJ0ZW5hbnRJZCI6IjJjZjc2ZTVmLTI2YWQtNGYyYy1iY2NjLWY0YmMxZTdiZmI2NCIsInByZWZlcnJlZF91c2VybmFtZSI6InBhc3N3b3JkX3RlbmFudF9haWR0YWFzQGdhaWFuc29sdXRpb25zLmNvbSIsImdpdmVuX25hbWUiOiJBaWR0YWFzIiwiZmFtaWx5X25hbWUiOiJBaWR0YWFzIiwiZW1haWwiOiJwYXNzd29yZF90ZW5hbnRfYWlkdGFhc0BnYWlhbnNvbHV0aW9ucy5jb20ifQ.G22UWdZfpDy2T8neTapxgOEwLcTJnbjop5nrm13HlhaUON7HfGI1b-n7D7FRAcRr2u7xBEE7MwJ3OSJyfjIQamrmV1U0PYtVogiw3EQcp41YWWAnpuaG41KiZvYuxGdFO1uADRRSrbnzDP44nnh75gQxL-s_blP160DEyu4gIfJ3f3Vz_wI_6yZ1aqpsz-8r8YpbeQbgrcV577yF2lTbmavmNDA6R_FW2rF8Y-mLfFbhAkQqmpuYDWdXv7_cyOmECs53ROlGzPd-DIUi1mw9_Af0tIC6DKh1nbbp16VPKqzmCPVfI1VGNZSCzVYOAr-XApRi0JZ39ub0aO1FsZzCjA
				Content-Type=application/json
Cookies:		&lt;none&gt;
Multiparts:		&lt;none&gt;
Body:
{
    &quot;gatewayName&quot;: &quot;4dqV3qefQ8Z&quot;,
    &quot;storeId&quot;: &quot;8Bv&quot;,
    &quot;storePwd&quot;: &quot;R3&quot;,
    &quot;successUrl&quot;: &quot;FOQhyOS2Yqswp8&quot;,
    &quot;secretKey&quot;: &quot;vxquC7xGi&quot;
}

HTTP/1.1 401 Unauthorized
www-authenticate: Bearer realm=&quot;https://ig.aidtaas.com/mobius-payment-service/v1.0/gateway-details&quot;, error=&quot;invalid_token&quot;
content-length: 14
content-type: text/plain
date: Fri, 21 Feb 2025 06:21:46 GMT
server: istio-envoy
x-envoy-upstream-service-time: 2

Jwt is expired
</system-out>
  </testcase>
  <testcase classname="unit4cases.EvoMaster_others_Test" name="test_30" time="0.275">
    <failure message="1 expectation failed.
Expected content-type &quot;application/json&quot; doesn&apos;t match actual content-type &quot;text/plain&quot;.
" type="java.lang.AssertionError">java.lang.AssertionError: 1 expectation failed.
Expected content-type &quot;application/json&quot; doesn&apos;t match actual content-type &quot;text/plain&quot;.

	at java.base/jdk.internal.reflect.DirectConstructorHandleAccessor.newInstance(DirectConstructorHandleAccessor.java:62)
	at java.base/java.lang.reflect.Constructor.newInstanceWithCaller(Constructor.java:502)
	at java.base/java.lang.reflect.Constructor.newInstance(Constructor.java:486)
	at org.codehaus.groovy.reflection.CachedConstructor.invoke(CachedConstructor.java:73)
	at org.codehaus.groovy.runtime.callsite.ConstructorSite$ConstructorSiteNoUnwrapNoCoerce.callConstructor(ConstructorSite.java:108)
	at org.codehaus.groovy.runtime.callsite.AbstractCallSite.callConstructor(AbstractCallSite.java:277)
	at io.restassured.internal.ResponseSpecificationImpl$HamcrestAssertionClosure.validate(ResponseSpecificationImpl.groovy:512)
	at io.restassured.internal.ResponseSpecificationImpl$HamcrestAssertionClosure$validate$1.call(Unknown Source)
	at io.restassured.internal.ResponseSpecificationImpl.validateResponseIfRequired(ResponseSpecificationImpl.groovy:696)
	at io.restassured.internal.ResponseSpecificationImpl.this$2$validateResponseIfRequired(ResponseSpecificationImpl.groovy)
	at java.base/jdk.internal.reflect.DirectMethodHandleAccessor.invoke(DirectMethodHandleAccessor.java:103)
	at java.base/java.lang.reflect.Method.invoke(Method.java:580)
	at org.codehaus.groovy.runtime.callsite.PlainObjectMetaMethodSite.doInvoke(PlainObjectMetaMethodSite.java:43)
	at org.codehaus.groovy.runtime.callsite.PogoMetaMethodSite$PogoCachedMethodSiteNoUnwrapNoCoerce.invoke(PogoMetaMethodSite.java:198)
	at org.codehaus.groovy.runtime.callsite.PogoMetaMethodSite.callCurrent(PogoMetaMethodSite.java:62)
	at org.codehaus.groovy.runtime.callsite.AbstractCallSite.callCurrent(AbstractCallSite.java:185)
	at io.restassured.internal.ResponseSpecificationImpl.contentType(ResponseSpecificationImpl.groovy:443)
	at io.restassured.internal.ValidatableResponseOptionsImpl.contentType(ValidatableResponseOptionsImpl.java:226)
	at unit4cases.EvoMaster_others_Test.test_30(EvoMaster_others_Test.java:986)
	at java.base/jdk.internal.reflect.DirectMethodHandleAccessor.invoke(DirectMethodHandleAccessor.java:103)
	at java.base/java.lang.reflect.Method.invoke(Method.java:580)
	at org.junit.runners.model.FrameworkMethod$1.runReflectiveCall(FrameworkMethod.java:59)
	at org.junit.internal.runners.model.ReflectiveCallable.run(ReflectiveCallable.java:12)
	at org.junit.runners.model.FrameworkMethod.invokeExplosively(FrameworkMethod.java:56)
	at org.junit.internal.runners.statements.InvokeMethod.evaluate(InvokeMethod.java:17)
	at org.junit.internal.runners.statements.FailOnTimeout$CallableStatement.call(FailOnTimeout.java:299)
	at org.junit.internal.runners.statements.FailOnTimeout$CallableStatement.call(FailOnTimeout.java:293)
	at java.base/java.util.concurrent.FutureTask.run(FutureTask.java:317)
	at java.base/java.lang.Thread.run(Thread.java:1583)
</failure>
    <system-out>Request method:	POST
Request URI:	https://ig.aidtaas.com/mobius-payment-service/v1.0/wallets/create
Proxy:			&lt;none&gt;
Request params:	&lt;none&gt;
Query params:	&lt;none&gt;
Form params:	&lt;none&gt;
Path params:	&lt;none&gt;
Headers:		Accept=application/json
				Authorization=Bearer  eyJhbGciOiJSUzI1NiIsInR5cCIgOiAiSldUIiwia2lkIiA6ICI3Ny1NUVdFRTNHZE5adGlsWU5IYmpsa2dVSkpaWUJWVmN1UmFZdHl5ejFjIn0.eyJleHAiOjE3NDAwODgxMjAsImlhdCI6MTc0MDA1MjEyMCwianRpIjoiYjc4MDZhYTYtZWE3MS00NWJkLWI5ODMtOWU3MDE4OTc4NTYzIiwiaXNzIjoiaHR0cDovL2tleWNsb2FrLXNlcnZpY2Uua2V5Y2xvYWsuc3ZjLmNsdXN0ZXIubG9jYWw6ODA4MC9yZWFsbXMvbWFzdGVyIiwiYXVkIjpbIkJPTFRaTUFOTl9CT1RfbW9iaXVzIiwiUEFTQ0FMX0lOVEVMTElHRU5DRV9tb2JpdXMiLCJNT05FVF9tb2JpdXMiLCJWSU5DSV9tb2JpdXMiLCJhY2NvdW50Il0sInN1YiI6IjJjZjc2ZTVmLTI2YWQtNGYyYy1iY2NjLWY0YmMxZTdiZmI2NCIsInR5cCI6IkJlYXJlciIsImF6cCI6IkhPTEFDUkFDWV9tb2JpdXMiLCJzaWQiOiJmNjcwYzZjMi03OWYzLTQ2YzctOTE5Yy1hNTNhYmRiNTgwNDMiLCJhY3IiOiIxIiwiYWxsb3dlZC1vcmlnaW5zIjpbIi8qIl0sInJlYWxtX2FjY2VzcyI6eyJyb2xlcyI6WyJkZWZhdWx0LXJvbGVzLW1hc3RlciIsIkhDWV9URU5BTlRfQ1VTVE9NIiwib2ZmbGluZV9hY2Nlc3MiLCJCT0JfVEVOQU5UX0NVU1RPTSIsInVtYV9hdXRob3JpemF0aW9uIiwiUElfVEVOQU5UX0NVU1RPTSIsIk1PTkVUX1RFTkFOVF9DVVNUT00iXX0sInJlc291cmNlX2FjY2VzcyI6eyJCT0xUWk1BTk5fQk9UX21vYml1cyI6eyJyb2xlcyI6WyJURU5BTlRfV09SS0ZMT1dfU1VTUEVORF9QUk9DRVNTX0RFRklOSVRJT04iLCJURU5BTlRfV09SS0ZMT1dfU1VTUEVORF9JTlNUQU5DRSIsIlRFTkFOVF9XT1JLRkxPV19SRVRSSUVWRV9BTEwiLCJURU5BTlRfV09SS0ZMT1dfQUNUSVZBVEVfSU5TVEFOQ0UiLCJURU5BTlRfV09SS0ZMT1dfRVhFQ1VURSIsIlRFTkFOVF9XT1JLRkxPV19SRVRSSUVWRV9IT01FIiwiVEVOQU5UX1dPUktGTE9XX1JFVFJJRVZFX1NVU1BFTkRFRF9QUk9DRVNTX0RFRlMiLCJURU5BTlRfV09SS0ZMT1dfQUNUSVZBVEVfUlVOX0pPQiIsIlRFTkFOVF9XT1JLRkxPV19TVEFUVVMiLCJURU5BTlRfV09SS0ZMT1dfQ1JFQVRFIiwiVEVOQU5UX1dPUktGTE9XX0FDVElWSVRZX0RBVEFfQ09VTlQiLCJCT0xUWk1BTk5fQk9UX1VTRVIiLCJURU5BTlRfV09SS0ZMT1dfREVQTE9ZX1ZFUlNJT04iLCJURU5BTlRfV09SS0ZMT1dfSU1QT1JUIiwiVEVOQU5UX1dPUktGTE9XX1VQREFURSIsIlRFTkFOVF9XT1JLRkxPV19ERVBMT1kiLCJURU5BTlRfV09SS0ZMT1dfU1VTUEVORF9SVU5fSk9CIiwiVEVOQU5UX1dPUktGTE9XX1JFVFJJRVZFIiwiVEVOQU5UX1dPUktGTE9XX0RFTEVURSIsIlRFTkFOVF9XT1JLRkxPV19UUklHR0VSX01FU1NBR0VfTElTVEVORVIiXX0sIkhPTEFDUkFDWV9tb2JpdXMiOnsicm9sZXMiOlsiVEVOQU5UX1BST0RVQ1RfUkVUUklFVkVfTUFTVEVSX0NPTkZJRyIsIlRFTkFOVF9JTlZJVEFUSU9OX1JFU1BPTkQiLCJURU5BTlRfTkVHT1RJQVRJT05fQVBQUk9WQUxfQlVZRVIiLCJURU5BTlRfSU5WSVRBVElPTl9SRVRSSUVWRSIsIlRFTkFOVF9PUkdBTklaQVRJT05fQ1JFQVRFIiwiVEVOQU5UX0NSRUFURV9URU5BTlQiLCJURU5BTlRfU1VCX0FMTElBTkNFX1JFVFJJRVZFIiwiVEVOQU5UX1BMQVRGT1JNX0NSRUFURSIsIkhPTEFDUkFDWV9VU0VSIiwiVEVOQU5UX1JBVEVDQVJEX0NSRUFURSIsIlRFTkFOVF9QTEFURk9STV9SRVRSSUVWRSIsIlRFTkFOVF9SRVRSSUVWRV9CWV9CVVlFUl9QTEFURk9STSIsIlRFTkFOVF9TVUJfQUxMSUFOQ0VfUkVUUklFVkVfQUxMIiwiVEVOQU5UX1BST0RVQ1RfUkVUUklFVkUiLCJURU5BTlRfQUNDT1VOVF9ERUxFVEUiLCJURU5BTlRfQUxMSUFOQ0VfUkVUUklFVkUiLCJURU5BTlRfUExBVEZPUk1fVVBEQVRFIiwiVEVOQU5UX0lOVklUQVRJT05fQ1JFQVRFIiwiVEVOQU5UX1JBVEVDQVJEX1JFVFJJRVZFIiwiVEVOQU5UX09SR0FOSVpBVElPTl9VUERBVEUiLCJURU5BTlRfUkFURUNBUkRfVVBEQVRFIiwiVEVOQU5UX09SR0FOSVpBVElPTl9ERUxFVEUiLCJURU5BTlRfUExBVEZPUk1fREVMRVRFIiwiVEVOQU5UX1BST0RVQ1RfQ1JFQVRFIiwiVEVOQU5UX1NVQl9BTExJQU5DRV9DUkVBVEUiLCJURU5BTlRfUkFURUNBUkRfREVMRVRFIiwiVEVOQU5UX0FDQ09VTlRfQ1JFQVRFIiwiVEVOQU5UX0lOVklUQVRJT05fVVBEQVRFIiwiVEVOQU5UX1JFVFJJRVZFX1RFTkFOVCIsIlRFTkFOVF9JTlZJVEFUSU9OX0RFTEVURSIsIlRFTkFOVF9ORUdPVElBVElPTl9BUFBST1ZBTF9TVVBFUl9BRE1JTiIsIlRFTkFOVF9ORUdPVElBVElPTl9SRVRSSUVWRV9BTExfQkVUV0VFTl9CVVlFUl9TRUxMRVIiLCJURU5BTlRfUkVUUklFVkVfVEVOQU5UX0FMTCIsIlRFTkFOVF9ORUdPVElBVElPTl9DUkVBVEUiLCJURU5BTlRfVVBEQVRFX1RFTkFOVCIsIlRFTkFOVF9PUkdBTklaQVRJT05fUkVUUklFVkUiLCJURU5BTlRfQUNDT1VOVF9VUERBVEUiLCJURU5BTlRfUFJPRFVDVF9ERUxFVEUiLCJURU5BTlRfU1VCX0FMTElBTkNFX0RFTEVURSIsIlRFTkFOVF9ORUdPVElBVElPTl9BUFBST1ZBTF9TRUxMRVIiLCJURU5BTlRfU1VCX0FMTElBTkNFX1VQREFURSIsIlRFTkFOVF9QUk9EVUNUX1VQREFURSIsIlRFTkFOVF9BQ0NPVU5UX1JFVFJJRVZFIiwiVEVOQU5UX05FR09USUFUSU9OX1JFVFJJRVZFIiwiVEVOQU5UX0RFTEVURV9URU5BTlQiXX0sIlBBU0NBTF9JTlRFTExJR0VOQ0VfbW9iaXVzIjp7InJvbGVzIjpbIlRFTkFOVF9DT05URVhUX0RFTEVURSIsIlRFTkFOVF9DT05URVhUX1VQREFURSIsIlRFTkFOVF9CSUdRVUVSWV9SRVRSSUVWRSIsIlRFTkFOVF9CSUdRVUVSWV9VUERBVEUiLCJURU5BTlRfVU5JVkVSU0VfQ1JFQVRFIiwiVEVOQU5UX0NPSE9SVFNfUkVUUklFVkUiLCJURU5BTlRfQklHUVVFUllfQ1JFQVRFIiwiVEVOQU5UX0JJR1FVRVJZX0VWQUxVQVRFIiwiVEVOQU5UX0NPSE9SVFNfVVBEQVRFIiwiVEVOQU5UX0NPTlRFWFRfUkVUUklFVkUiLCJURU5BTlRfVU5JVkVSU0VfUkVUUklFVkUiLCJURU5BTlRfQ09IT1JUU19FVkFMVUFURSIsIlRFTkFOVF9CSUdRVUVSWV9ERUxFVEUiLCJURU5BTlRfU0NIRU1BX0NSRUFURSIsIlBBU0NBTF9JTlRFTExJR0VOQ0VfVVNFUiIsIlRFTkFOVF9DT0hPUlRTX0NSRUFURSIsIlRFTkFOVF9TQ0hFTUFfVVBEQVRFIiwiVEVOQU5UX0NPTlRFWFRfQVBQUk9WRSIsIlRFTkFOVF9VTklWRVJTRV9VUERBVEUiLCJURU5BTlRfQklHUVVFUllfQVBQUk9WRSIsIlRFTkFOVF9TQ0hFTUFfUkVUUklFVkUiLCJURU5BTlRfU0NIRU1BX0FQUFJPVkUiLCJURU5BTlRfQ09OVEVYVF9FVkFMVUFURSIsIlRFTkFOVF9TQ0hFTUFfREVMRVRFIiwiVEVOQU5UX0NPTlRFWFRfQ1JFQVRFIiwiVEVOQU5UX1NDSEVNQV9EQVRBX1JFVFJJRVZFIiwiVEVOQU5UX1NDSEVNQV9EQVRBX0RFTEVURSIsIlRFTkFOVF9TQ0hFTUFfREFUQV9VUERBVEUiLCJURU5BTlRfQ09IT1JUU19ERUxFVEUiLCJURU5BTlRfVU5JVkVSU0VfREVMRVRFIiwiVEVOQU5UX1NDSEVNQV9EQVRBX0lOR0VTVElPTiIsIlRFTkFOVF9DT0hPUlRTX0FQUFJPVkUiXX0sIk1PTkVUX21vYml1cyI6eyJyb2xlcyI6WyJURU5BTlRfQVBQTEVUU19SRVRSSUVWRV9BTExfUFVCTElTSEVEIiwiVEVOQU5UX1dJREdFVFNfUkVUUklFVkVfRFJBRlQiLCJURU5BTlRfV0lER0VUU19VUERBVEUiLCJURU5BTlRfQVBQTEVUU19ERUxFVEUiLCJURU5BTlRfV0lER0VUU19ERUxFVEUiLCJURU5BTlRfUExVR0lOX0NBVEVHT1JZX1JFVFJJRVZFX0FMTCIsIlRFTkFOVF9BUFBMRVRTX1VQREFURV9ISVNUT1JZIiwiVEVOQU5UX0VYUEVSSUVOQ0VTX0NSRUFURSIsIlRFTkFOVF9XSURHRVRTX1JFVFJJRVZFX1BVQkxJU0giLCJURU5BTlRfUExVR0lOX0NBVEVHT1JZX0NSRUFURSIsIlRFTkFOVF9ERVBFTkRFTkNZX1JFVFJJRVZFX0FMTCIsIlRFTkFOVF9XSURHRVRTX1BVQkxJU0giLCJURU5BTlRfUkVUUklFVkVfRklFTERTX09GX1BVQkxJU0hFRCIsIlRFTkFOVF9FWFBFUklFTkNFU19VUERBVEUiLCJURU5BTlRfQVBQTEVUU19DUkVBVEUiLCJURU5BTlRfUExVR0lOU19ERUxFVEUiLCJURU5BTlRfQVBQTEVUU19SRVRSSUVWRV9BTExfRFJBRlQiLCJURU5BTlRfUExVR0lOU19VUERBVEUiLCJURU5BTlRfQVBQTEVUU19SRVRSSUVWRV9GUk9NX0hJU1RPUlkiLCJURU5BTlRfUkVUUklFVkVfRklFTERTX09GX0RSQUZUIiwiVEVOQU5UX0FQUExFVFNfUkVUUklFVkVfUFVCTElTSEVEIiwiVEVOQU5UX0FQUExFVFNfUFVCTElTSEVEIiwiVEVOQU5UX1dJREdFVFNfUkVUUklFVkUiLCJURU5BTlRfUExVR0lOX0NBVEVHT1JZX0RFTEVURSIsIlRFTkFOVF9QTFVHSU5fQ0FURUdPUllfUFVCTElTSCIsIlRFTkFOVF9QTFVHSU5fQ0FURUdPUllfREVMRVRFX0NPTVBfRlJPTSIsIlRFTkFOVF9SRVRSSUVWRV9QVUJMSVNIRUQiLCJURU5BTlRfUExVR0lOU19SRVRSSUVWRSIsIlRFTkFOVF9QTFVHSU5TX0NSRUFURSIsIlRFTkFOVF9XSURHRVRTX0NSRUFURSIsIlRFTkFOVF9BUFBMRVRTX1JFVFJJRVZFX0FMTF9QVUJMSVNIRURfVEhVTUJOQUlMUyIsIk1PTkVUX1VTRVIiLCJURU5BTlRfRVhQRVJJRU5DRVNfREVMRVRFIiwiVEVOQU5UX0VYUEVSSUVOQ0VTX1BVQkxJU0giLCJURU5BTlRfUkVUUklFVkVfRlJPTV9ISVNUT1JZIiwiVEVOQU5UX1BMVUdJTl9DQVRFR09SWV9VUERBVEUiXX0sIlZJTkNJX21vYml1cyI6eyJyb2xlcyI6WyJWSU5DSV9VU0VSIl19LCJhY2NvdW50Ijp7InJvbGVzIjpbIm1hbmFnZS1hY2NvdW50IiwibWFuYWdlLWFjY291bnQtbGlua3MiLCJ2aWV3LXByb2ZpbGUiXX19LCJzY29wZSI6InByb2ZpbGUgZW1haWwiLCJyZXF1ZXN0ZXJUeXBlIjoiVEVOQU5UIiwiZW1haWxfdmVyaWZpZWQiOnRydWUsIm5hbWUiOiJBaWR0YWFzIEFpZHRhYXMiLCJ0ZW5hbnRJZCI6IjJjZjc2ZTVmLTI2YWQtNGYyYy1iY2NjLWY0YmMxZTdiZmI2NCIsInByZWZlcnJlZF91c2VybmFtZSI6InBhc3N3b3JkX3RlbmFudF9haWR0YWFzQGdhaWFuc29sdXRpb25zLmNvbSIsImdpdmVuX25hbWUiOiJBaWR0YWFzIiwiZmFtaWx5X25hbWUiOiJBaWR0YWFzIiwiZW1haWwiOiJwYXNzd29yZF90ZW5hbnRfYWlkdGFhc0BnYWlhbnNvbHV0aW9ucy5jb20ifQ.G22UWdZfpDy2T8neTapxgOEwLcTJnbjop5nrm13HlhaUON7HfGI1b-n7D7FRAcRr2u7xBEE7MwJ3OSJyfjIQamrmV1U0PYtVogiw3EQcp41YWWAnpuaG41KiZvYuxGdFO1uADRRSrbnzDP44nnh75gQxL-s_blP160DEyu4gIfJ3f3Vz_wI_6yZ1aqpsz-8r8YpbeQbgrcV577yF2lTbmavmNDA6R_FW2rF8Y-mLfFbhAkQqmpuYDWdXv7_cyOmECs53ROlGzPd-DIUi1mw9_Af0tIC6DKh1nbbp16VPKqzmCPVfI1VGNZSCzVYOAr-XApRi0JZ39ub0aO1FsZzCjA
				Content-Type=application/json
Cookies:		&lt;none&gt;
Multiparts:		&lt;none&gt;
Body:
{
    &quot;name&quot;: &quot;X&quot;,
    &quot;mobile&quot;: &quot;kAEVgDQam5PjSR&quot;,
    &quot;email&quot;: &quot;FmQ9IlWu&quot;,
    &quot;currency&quot;: &quot;SGD&quot;,
    &quot;customerCreateRequest&quot;: {
        &quot;mobile&quot;: &quot;Sw0IOdEE8yH&quot;,
        &quot;name&quot;: &quot;2oDX4tI4_qEAXj&quot;,
        &quot;emailId&quot;: &quot;S_9que8Cq&quot;,
        &quot;profileId&quot;: &quot;__rG2wJfDzv&quot;,
        &quot;address&quot;: {
            &quot;addressLine2&quot;: &quot;7vzkCj&quot;,
            &quot;longitude&quot;: 0.8744725571583245,
            &quot;country&quot;: &quot;QlWBabkm&quot;,
            &quot;type&quot;: &quot;7MHmBS5Kzy1NTaDv&quot;
        },
        &quot;cardId&quot;: &quot;gcHi9647&quot;
    },
    &quot;platformId&quot;: &quot;miwidoGp&quot;,
    &quot;cardId&quot;: &quot;Va6RGsBdz_w2UD&quot;
}

HTTP/1.1 401 Unauthorized
www-authenticate: Bearer realm=&quot;https://ig.aidtaas.com/mobius-payment-service/v1.0/wallets/create&quot;, error=&quot;invalid_token&quot;
content-length: 14
content-type: text/plain
date: Fri, 21 Feb 2025 06:21:47 GMT
server: istio-envoy
x-envoy-upstream-service-time: 5

Jwt is expired
</system-out>
  </testcase>
  <testcase classname="unit4cases.EvoMaster_others_Test" name="test_31" time="0.108">
    <failure message="1 expectation failed.
Expected content-type &quot;application/json&quot; doesn&apos;t match actual content-type &quot;text/plain&quot;.
" type="java.lang.AssertionError">java.lang.AssertionError: 1 expectation failed.
Expected content-type &quot;application/json&quot; doesn&apos;t match actual content-type &quot;text/plain&quot;.

	at java.base/jdk.internal.reflect.DirectConstructorHandleAccessor.newInstance(DirectConstructorHandleAccessor.java:62)
	at java.base/java.lang.reflect.Constructor.newInstanceWithCaller(Constructor.java:502)
	at java.base/java.lang.reflect.Constructor.newInstance(Constructor.java:486)
	at org.codehaus.groovy.reflection.CachedConstructor.invoke(CachedConstructor.java:73)
	at org.codehaus.groovy.runtime.callsite.ConstructorSite$ConstructorSiteNoUnwrapNoCoerce.callConstructor(ConstructorSite.java:108)
	at org.codehaus.groovy.runtime.callsite.AbstractCallSite.callConstructor(AbstractCallSite.java:277)
	at io.restassured.internal.ResponseSpecificationImpl$HamcrestAssertionClosure.validate(ResponseSpecificationImpl.groovy:512)
	at io.restassured.internal.ResponseSpecificationImpl$HamcrestAssertionClosure$validate$1.call(Unknown Source)
	at io.restassured.internal.ResponseSpecificationImpl.validateResponseIfRequired(ResponseSpecificationImpl.groovy:696)
	at io.restassured.internal.ResponseSpecificationImpl.this$2$validateResponseIfRequired(ResponseSpecificationImpl.groovy)
	at java.base/jdk.internal.reflect.DirectMethodHandleAccessor.invoke(DirectMethodHandleAccessor.java:103)
	at java.base/java.lang.reflect.Method.invoke(Method.java:580)
	at org.codehaus.groovy.runtime.callsite.PlainObjectMetaMethodSite.doInvoke(PlainObjectMetaMethodSite.java:43)
	at org.codehaus.groovy.runtime.callsite.PogoMetaMethodSite$PogoCachedMethodSiteNoUnwrapNoCoerce.invoke(PogoMetaMethodSite.java:198)
	at org.codehaus.groovy.runtime.callsite.PogoMetaMethodSite.callCurrent(PogoMetaMethodSite.java:62)
	at org.codehaus.groovy.runtime.callsite.AbstractCallSite.callCurrent(AbstractCallSite.java:185)
	at io.restassured.internal.ResponseSpecificationImpl.contentType(ResponseSpecificationImpl.groovy:443)
	at io.restassured.internal.ValidatableResponseOptionsImpl.contentType(ValidatableResponseOptionsImpl.java:226)
	at unit4cases.EvoMaster_others_Test.test_31(EvoMaster_others_Test.java:1024)
	at java.base/jdk.internal.reflect.DirectMethodHandleAccessor.invoke(DirectMethodHandleAccessor.java:103)
	at java.base/java.lang.reflect.Method.invoke(Method.java:580)
	at org.junit.runners.model.FrameworkMethod$1.runReflectiveCall(FrameworkMethod.java:59)
	at org.junit.internal.runners.model.ReflectiveCallable.run(ReflectiveCallable.java:12)
	at org.junit.runners.model.FrameworkMethod.invokeExplosively(FrameworkMethod.java:56)
	at org.junit.internal.runners.statements.InvokeMethod.evaluate(InvokeMethod.java:17)
	at org.junit.internal.runners.statements.FailOnTimeout$CallableStatement.call(FailOnTimeout.java:299)
	at org.junit.internal.runners.statements.FailOnTimeout$CallableStatement.call(FailOnTimeout.java:293)
	at java.base/java.util.concurrent.FutureTask.run(FutureTask.java:317)
	at java.base/java.lang.Thread.run(Thread.java:1583)
</failure>
    <system-out>Request method:	POST
Request URI:	https://ig.aidtaas.com/mobius-payment-service/v1.0/wallets/debit/from-sender/to-receiver
Proxy:			&lt;none&gt;
Request params:	&lt;none&gt;
Query params:	&lt;none&gt;
Form params:	&lt;none&gt;
Path params:	&lt;none&gt;
Headers:		Accept=application/json
				Authorization=Bearer  eyJhbGciOiJSUzI1NiIsInR5cCIgOiAiSldUIiwia2lkIiA6ICI3Ny1NUVdFRTNHZE5adGlsWU5IYmpsa2dVSkpaWUJWVmN1UmFZdHl5ejFjIn0.eyJleHAiOjE3NDAwODgxMjAsImlhdCI6MTc0MDA1MjEyMCwianRpIjoiYjc4MDZhYTYtZWE3MS00NWJkLWI5ODMtOWU3MDE4OTc4NTYzIiwiaXNzIjoiaHR0cDovL2tleWNsb2FrLXNlcnZpY2Uua2V5Y2xvYWsuc3ZjLmNsdXN0ZXIubG9jYWw6ODA4MC9yZWFsbXMvbWFzdGVyIiwiYXVkIjpbIkJPTFRaTUFOTl9CT1RfbW9iaXVzIiwiUEFTQ0FMX0lOVEVMTElHRU5DRV9tb2JpdXMiLCJNT05FVF9tb2JpdXMiLCJWSU5DSV9tb2JpdXMiLCJhY2NvdW50Il0sInN1YiI6IjJjZjc2ZTVmLTI2YWQtNGYyYy1iY2NjLWY0YmMxZTdiZmI2NCIsInR5cCI6IkJlYXJlciIsImF6cCI6IkhPTEFDUkFDWV9tb2JpdXMiLCJzaWQiOiJmNjcwYzZjMi03OWYzLTQ2YzctOTE5Yy1hNTNhYmRiNTgwNDMiLCJhY3IiOiIxIiwiYWxsb3dlZC1vcmlnaW5zIjpbIi8qIl0sInJlYWxtX2FjY2VzcyI6eyJyb2xlcyI6WyJkZWZhdWx0LXJvbGVzLW1hc3RlciIsIkhDWV9URU5BTlRfQ1VTVE9NIiwib2ZmbGluZV9hY2Nlc3MiLCJCT0JfVEVOQU5UX0NVU1RPTSIsInVtYV9hdXRob3JpemF0aW9uIiwiUElfVEVOQU5UX0NVU1RPTSIsIk1PTkVUX1RFTkFOVF9DVVNUT00iXX0sInJlc291cmNlX2FjY2VzcyI6eyJCT0xUWk1BTk5fQk9UX21vYml1cyI6eyJyb2xlcyI6WyJURU5BTlRfV09SS0ZMT1dfU1VTUEVORF9QUk9DRVNTX0RFRklOSVRJT04iLCJURU5BTlRfV09SS0ZMT1dfU1VTUEVORF9JTlNUQU5DRSIsIlRFTkFOVF9XT1JLRkxPV19SRVRSSUVWRV9BTEwiLCJURU5BTlRfV09SS0ZMT1dfQUNUSVZBVEVfSU5TVEFOQ0UiLCJURU5BTlRfV09SS0ZMT1dfRVhFQ1VURSIsIlRFTkFOVF9XT1JLRkxPV19SRVRSSUVWRV9IT01FIiwiVEVOQU5UX1dPUktGTE9XX1JFVFJJRVZFX1NVU1BFTkRFRF9QUk9DRVNTX0RFRlMiLCJURU5BTlRfV09SS0ZMT1dfQUNUSVZBVEVfUlVOX0pPQiIsIlRFTkFOVF9XT1JLRkxPV19TVEFUVVMiLCJURU5BTlRfV09SS0ZMT1dfQ1JFQVRFIiwiVEVOQU5UX1dPUktGTE9XX0FDVElWSVRZX0RBVEFfQ09VTlQiLCJCT0xUWk1BTk5fQk9UX1VTRVIiLCJURU5BTlRfV09SS0ZMT1dfREVQTE9ZX1ZFUlNJT04iLCJURU5BTlRfV09SS0ZMT1dfSU1QT1JUIiwiVEVOQU5UX1dPUktGTE9XX1VQREFURSIsIlRFTkFOVF9XT1JLRkxPV19ERVBMT1kiLCJURU5BTlRfV09SS0ZMT1dfU1VTUEVORF9SVU5fSk9CIiwiVEVOQU5UX1dPUktGTE9XX1JFVFJJRVZFIiwiVEVOQU5UX1dPUktGTE9XX0RFTEVURSIsIlRFTkFOVF9XT1JLRkxPV19UUklHR0VSX01FU1NBR0VfTElTVEVORVIiXX0sIkhPTEFDUkFDWV9tb2JpdXMiOnsicm9sZXMiOlsiVEVOQU5UX1BST0RVQ1RfUkVUUklFVkVfTUFTVEVSX0NPTkZJRyIsIlRFTkFOVF9JTlZJVEFUSU9OX1JFU1BPTkQiLCJURU5BTlRfTkVHT1RJQVRJT05fQVBQUk9WQUxfQlVZRVIiLCJURU5BTlRfSU5WSVRBVElPTl9SRVRSSUVWRSIsIlRFTkFOVF9PUkdBTklaQVRJT05fQ1JFQVRFIiwiVEVOQU5UX0NSRUFURV9URU5BTlQiLCJURU5BTlRfU1VCX0FMTElBTkNFX1JFVFJJRVZFIiwiVEVOQU5UX1BMQVRGT1JNX0NSRUFURSIsIkhPTEFDUkFDWV9VU0VSIiwiVEVOQU5UX1JBVEVDQVJEX0NSRUFURSIsIlRFTkFOVF9QTEFURk9STV9SRVRSSUVWRSIsIlRFTkFOVF9SRVRSSUVWRV9CWV9CVVlFUl9QTEFURk9STSIsIlRFTkFOVF9TVUJfQUxMSUFOQ0VfUkVUUklFVkVfQUxMIiwiVEVOQU5UX1BST0RVQ1RfUkVUUklFVkUiLCJURU5BTlRfQUNDT1VOVF9ERUxFVEUiLCJURU5BTlRfQUxMSUFOQ0VfUkVUUklFVkUiLCJURU5BTlRfUExBVEZPUk1fVVBEQVRFIiwiVEVOQU5UX0lOVklUQVRJT05fQ1JFQVRFIiwiVEVOQU5UX1JBVEVDQVJEX1JFVFJJRVZFIiwiVEVOQU5UX09SR0FOSVpBVElPTl9VUERBVEUiLCJURU5BTlRfUkFURUNBUkRfVVBEQVRFIiwiVEVOQU5UX09SR0FOSVpBVElPTl9ERUxFVEUiLCJURU5BTlRfUExBVEZPUk1fREVMRVRFIiwiVEVOQU5UX1BST0RVQ1RfQ1JFQVRFIiwiVEVOQU5UX1NVQl9BTExJQU5DRV9DUkVBVEUiLCJURU5BTlRfUkFURUNBUkRfREVMRVRFIiwiVEVOQU5UX0FDQ09VTlRfQ1JFQVRFIiwiVEVOQU5UX0lOVklUQVRJT05fVVBEQVRFIiwiVEVOQU5UX1JFVFJJRVZFX1RFTkFOVCIsIlRFTkFOVF9JTlZJVEFUSU9OX0RFTEVURSIsIlRFTkFOVF9ORUdPVElBVElPTl9BUFBST1ZBTF9TVVBFUl9BRE1JTiIsIlRFTkFOVF9ORUdPVElBVElPTl9SRVRSSUVWRV9BTExfQkVUV0VFTl9CVVlFUl9TRUxMRVIiLCJURU5BTlRfUkVUUklFVkVfVEVOQU5UX0FMTCIsIlRFTkFOVF9ORUdPVElBVElPTl9DUkVBVEUiLCJURU5BTlRfVVBEQVRFX1RFTkFOVCIsIlRFTkFOVF9PUkdBTklaQVRJT05fUkVUUklFVkUiLCJURU5BTlRfQUNDT1VOVF9VUERBVEUiLCJURU5BTlRfUFJPRFVDVF9ERUxFVEUiLCJURU5BTlRfU1VCX0FMTElBTkNFX0RFTEVURSIsIlRFTkFOVF9ORUdPVElBVElPTl9BUFBST1ZBTF9TRUxMRVIiLCJURU5BTlRfU1VCX0FMTElBTkNFX1VQREFURSIsIlRFTkFOVF9QUk9EVUNUX1VQREFURSIsIlRFTkFOVF9BQ0NPVU5UX1JFVFJJRVZFIiwiVEVOQU5UX05FR09USUFUSU9OX1JFVFJJRVZFIiwiVEVOQU5UX0RFTEVURV9URU5BTlQiXX0sIlBBU0NBTF9JTlRFTExJR0VOQ0VfbW9iaXVzIjp7InJvbGVzIjpbIlRFTkFOVF9DT05URVhUX0RFTEVURSIsIlRFTkFOVF9DT05URVhUX1VQREFURSIsIlRFTkFOVF9CSUdRVUVSWV9SRVRSSUVWRSIsIlRFTkFOVF9CSUdRVUVSWV9VUERBVEUiLCJURU5BTlRfVU5JVkVSU0VfQ1JFQVRFIiwiVEVOQU5UX0NPSE9SVFNfUkVUUklFVkUiLCJURU5BTlRfQklHUVVFUllfQ1JFQVRFIiwiVEVOQU5UX0JJR1FVRVJZX0VWQUxVQVRFIiwiVEVOQU5UX0NPSE9SVFNfVVBEQVRFIiwiVEVOQU5UX0NPTlRFWFRfUkVUUklFVkUiLCJURU5BTlRfVU5JVkVSU0VfUkVUUklFVkUiLCJURU5BTlRfQ09IT1JUU19FVkFMVUFURSIsIlRFTkFOVF9CSUdRVUVSWV9ERUxFVEUiLCJURU5BTlRfU0NIRU1BX0NSRUFURSIsIlBBU0NBTF9JTlRFTExJR0VOQ0VfVVNFUiIsIlRFTkFOVF9DT0hPUlRTX0NSRUFURSIsIlRFTkFOVF9TQ0hFTUFfVVBEQVRFIiwiVEVOQU5UX0NPTlRFWFRfQVBQUk9WRSIsIlRFTkFOVF9VTklWRVJTRV9VUERBVEUiLCJURU5BTlRfQklHUVVFUllfQVBQUk9WRSIsIlRFTkFOVF9TQ0hFTUFfUkVUUklFVkUiLCJURU5BTlRfU0NIRU1BX0FQUFJPVkUiLCJURU5BTlRfQ09OVEVYVF9FVkFMVUFURSIsIlRFTkFOVF9TQ0hFTUFfREVMRVRFIiwiVEVOQU5UX0NPTlRFWFRfQ1JFQVRFIiwiVEVOQU5UX1NDSEVNQV9EQVRBX1JFVFJJRVZFIiwiVEVOQU5UX1NDSEVNQV9EQVRBX0RFTEVURSIsIlRFTkFOVF9TQ0hFTUFfREFUQV9VUERBVEUiLCJURU5BTlRfQ09IT1JUU19ERUxFVEUiLCJURU5BTlRfVU5JVkVSU0VfREVMRVRFIiwiVEVOQU5UX1NDSEVNQV9EQVRBX0lOR0VTVElPTiIsIlRFTkFOVF9DT0hPUlRTX0FQUFJPVkUiXX0sIk1PTkVUX21vYml1cyI6eyJyb2xlcyI6WyJURU5BTlRfQVBQTEVUU19SRVRSSUVWRV9BTExfUFVCTElTSEVEIiwiVEVOQU5UX1dJREdFVFNfUkVUUklFVkVfRFJBRlQiLCJURU5BTlRfV0lER0VUU19VUERBVEUiLCJURU5BTlRfQVBQTEVUU19ERUxFVEUiLCJURU5BTlRfV0lER0VUU19ERUxFVEUiLCJURU5BTlRfUExVR0lOX0NBVEVHT1JZX1JFVFJJRVZFX0FMTCIsIlRFTkFOVF9BUFBMRVRTX1VQREFURV9ISVNUT1JZIiwiVEVOQU5UX0VYUEVSSUVOQ0VTX0NSRUFURSIsIlRFTkFOVF9XSURHRVRTX1JFVFJJRVZFX1BVQkxJU0giLCJURU5BTlRfUExVR0lOX0NBVEVHT1JZX0NSRUFURSIsIlRFTkFOVF9ERVBFTkRFTkNZX1JFVFJJRVZFX0FMTCIsIlRFTkFOVF9XSURHRVRTX1BVQkxJU0giLCJURU5BTlRfUkVUUklFVkVfRklFTERTX09GX1BVQkxJU0hFRCIsIlRFTkFOVF9FWFBFUklFTkNFU19VUERBVEUiLCJURU5BTlRfQVBQTEVUU19DUkVBVEUiLCJURU5BTlRfUExVR0lOU19ERUxFVEUiLCJURU5BTlRfQVBQTEVUU19SRVRSSUVWRV9BTExfRFJBRlQiLCJURU5BTlRfUExVR0lOU19VUERBVEUiLCJURU5BTlRfQVBQTEVUU19SRVRSSUVWRV9GUk9NX0hJU1RPUlkiLCJURU5BTlRfUkVUUklFVkVfRklFTERTX09GX0RSQUZUIiwiVEVOQU5UX0FQUExFVFNfUkVUUklFVkVfUFVCTElTSEVEIiwiVEVOQU5UX0FQUExFVFNfUFVCTElTSEVEIiwiVEVOQU5UX1dJREdFVFNfUkVUUklFVkUiLCJURU5BTlRfUExVR0lOX0NBVEVHT1JZX0RFTEVURSIsIlRFTkFOVF9QTFVHSU5fQ0FURUdPUllfUFVCTElTSCIsIlRFTkFOVF9QTFVHSU5fQ0FURUdPUllfREVMRVRFX0NPTVBfRlJPTSIsIlRFTkFOVF9SRVRSSUVWRV9QVUJMSVNIRUQiLCJURU5BTlRfUExVR0lOU19SRVRSSUVWRSIsIlRFTkFOVF9QTFVHSU5TX0NSRUFURSIsIlRFTkFOVF9XSURHRVRTX0NSRUFURSIsIlRFTkFOVF9BUFBMRVRTX1JFVFJJRVZFX0FMTF9QVUJMSVNIRURfVEhVTUJOQUlMUyIsIk1PTkVUX1VTRVIiLCJURU5BTlRfRVhQRVJJRU5DRVNfREVMRVRFIiwiVEVOQU5UX0VYUEVSSUVOQ0VTX1BVQkxJU0giLCJURU5BTlRfUkVUUklFVkVfRlJPTV9ISVNUT1JZIiwiVEVOQU5UX1BMVUdJTl9DQVRFR09SWV9VUERBVEUiXX0sIlZJTkNJX21vYml1cyI6eyJyb2xlcyI6WyJWSU5DSV9VU0VSIl19LCJhY2NvdW50Ijp7InJvbGVzIjpbIm1hbmFnZS1hY2NvdW50IiwibWFuYWdlLWFjY291bnQtbGlua3MiLCJ2aWV3LXByb2ZpbGUiXX19LCJzY29wZSI6InByb2ZpbGUgZW1haWwiLCJyZXF1ZXN0ZXJUeXBlIjoiVEVOQU5UIiwiZW1haWxfdmVyaWZpZWQiOnRydWUsIm5hbWUiOiJBaWR0YWFzIEFpZHRhYXMiLCJ0ZW5hbnRJZCI6IjJjZjc2ZTVmLTI2YWQtNGYyYy1iY2NjLWY0YmMxZTdiZmI2NCIsInByZWZlcnJlZF91c2VybmFtZSI6InBhc3N3b3JkX3RlbmFudF9haWR0YWFzQGdhaWFuc29sdXRpb25zLmNvbSIsImdpdmVuX25hbWUiOiJBaWR0YWFzIiwiZmFtaWx5X25hbWUiOiJBaWR0YWFzIiwiZW1haWwiOiJwYXNzd29yZF90ZW5hbnRfYWlkdGFhc0BnYWlhbnNvbHV0aW9ucy5jb20ifQ.G22UWdZfpDy2T8neTapxgOEwLcTJnbjop5nrm13HlhaUON7HfGI1b-n7D7FRAcRr2u7xBEE7MwJ3OSJyfjIQamrmV1U0PYtVogiw3EQcp41YWWAnpuaG41KiZvYuxGdFO1uADRRSrbnzDP44nnh75gQxL-s_blP160DEyu4gIfJ3f3Vz_wI_6yZ1aqpsz-8r8YpbeQbgrcV577yF2lTbmavmNDA6R_FW2rF8Y-mLfFbhAkQqmpuYDWdXv7_cyOmECs53ROlGzPd-DIUi1mw9_Af0tIC6DKh1nbbp16VPKqzmCPVfI1VGNZSCzVYOAr-XApRi0JZ39ub0aO1FsZzCjA
				Content-Type=application/json
Cookies:		&lt;none&gt;
Multiparts:		&lt;none&gt;
Body:
{
    &quot;fromUserId&quot;: &quot;_btvLI3&quot;,
    &quot;toUserId&quot;: &quot;epdk&quot;,
    &quot;amount&quot;: &quot;mPnKCLLQ2EPGWm7&quot;,
    &quot;jobId&quot;: &quot;viUXp&quot;,
    &quot;buyerType&quot;: &quot;CP&quot;,
    &quot;transactionId&quot;: &quot;o8jtTiN&quot;,
    &quot;revenueType&quot;: &quot;88EBwAh8&quot;,
    &quot;subAllianceId&quot;: &quot;mTEVVmN93zs3L&quot;,
    &quot;currency&quot;: &quot;SOaQNpFuv&quot;
}

HTTP/1.1 401 Unauthorized
www-authenticate: Bearer realm=&quot;https://ig.aidtaas.com/mobius-payment-service/v1.0/wallets/debit/from-sender/to-receiver&quot;, error=&quot;invalid_token&quot;
content-length: 14
content-type: text/plain
date: Fri, 21 Feb 2025 06:21:47 GMT
server: istio-envoy
x-envoy-upstream-service-time: 3

Jwt is expired
</system-out>
  </testcase>
  <testcase classname="unit4cases.EvoMaster_others_Test" name="test_32" time="0.05">
    <failure message="1 expectation failed.
Expected content-type &quot;application/json&quot; doesn&apos;t match actual content-type &quot;text/plain&quot;.
" type="java.lang.AssertionError">java.lang.AssertionError: 1 expectation failed.
Expected content-type &quot;application/json&quot; doesn&apos;t match actual content-type &quot;text/plain&quot;.

	at java.base/jdk.internal.reflect.DirectConstructorHandleAccessor.newInstance(DirectConstructorHandleAccessor.java:62)
	at java.base/java.lang.reflect.Constructor.newInstanceWithCaller(Constructor.java:502)
	at java.base/java.lang.reflect.Constructor.newInstance(Constructor.java:486)
	at org.codehaus.groovy.reflection.CachedConstructor.invoke(CachedConstructor.java:73)
	at org.codehaus.groovy.runtime.callsite.ConstructorSite$ConstructorSiteNoUnwrapNoCoerce.callConstructor(ConstructorSite.java:108)
	at org.codehaus.groovy.runtime.callsite.AbstractCallSite.callConstructor(AbstractCallSite.java:277)
	at io.restassured.internal.ResponseSpecificationImpl$HamcrestAssertionClosure.validate(ResponseSpecificationImpl.groovy:512)
	at io.restassured.internal.ResponseSpecificationImpl$HamcrestAssertionClosure$validate$1.call(Unknown Source)
	at io.restassured.internal.ResponseSpecificationImpl.validateResponseIfRequired(ResponseSpecificationImpl.groovy:696)
	at io.restassured.internal.ResponseSpecificationImpl.this$2$validateResponseIfRequired(ResponseSpecificationImpl.groovy)
	at java.base/jdk.internal.reflect.DirectMethodHandleAccessor.invoke(DirectMethodHandleAccessor.java:103)
	at java.base/java.lang.reflect.Method.invoke(Method.java:580)
	at org.codehaus.groovy.runtime.callsite.PlainObjectMetaMethodSite.doInvoke(PlainObjectMetaMethodSite.java:43)
	at org.codehaus.groovy.runtime.callsite.PogoMetaMethodSite$PogoCachedMethodSiteNoUnwrapNoCoerce.invoke(PogoMetaMethodSite.java:198)
	at org.codehaus.groovy.runtime.callsite.PogoMetaMethodSite.callCurrent(PogoMetaMethodSite.java:62)
	at org.codehaus.groovy.runtime.callsite.AbstractCallSite.callCurrent(AbstractCallSite.java:185)
	at io.restassured.internal.ResponseSpecificationImpl.contentType(ResponseSpecificationImpl.groovy:443)
	at io.restassured.internal.ValidatableResponseOptionsImpl.contentType(ValidatableResponseOptionsImpl.java:226)
	at unit4cases.EvoMaster_others_Test.test_32(EvoMaster_others_Test.java:1070)
	at java.base/jdk.internal.reflect.DirectMethodHandleAccessor.invoke(DirectMethodHandleAccessor.java:103)
	at java.base/java.lang.reflect.Method.invoke(Method.java:580)
	at org.junit.runners.model.FrameworkMethod$1.runReflectiveCall(FrameworkMethod.java:59)
	at org.junit.internal.runners.model.ReflectiveCallable.run(ReflectiveCallable.java:12)
	at org.junit.runners.model.FrameworkMethod.invokeExplosively(FrameworkMethod.java:56)
	at org.junit.internal.runners.statements.InvokeMethod.evaluate(InvokeMethod.java:17)
	at org.junit.internal.runners.statements.FailOnTimeout$CallableStatement.call(FailOnTimeout.java:299)
	at org.junit.internal.runners.statements.FailOnTimeout$CallableStatement.call(FailOnTimeout.java:293)
	at java.base/java.util.concurrent.FutureTask.run(FutureTask.java:317)
	at java.base/java.lang.Thread.run(Thread.java:1583)
</failure>
    <system-out>Request method:	POST
Request URI:	https://ig.aidtaas.com/mobius-payment-service/v2.0/wallets/create
Proxy:			&lt;none&gt;
Request params:	&lt;none&gt;
Query params:	&lt;none&gt;
Form params:	&lt;none&gt;
Path params:	&lt;none&gt;
Headers:		Accept=application/json
				Authorization=Bearer  eyJhbGciOiJSUzI1NiIsInR5cCIgOiAiSldUIiwia2lkIiA6ICI3Ny1NUVdFRTNHZE5adGlsWU5IYmpsa2dVSkpaWUJWVmN1UmFZdHl5ejFjIn0.eyJleHAiOjE3NDAwODgxMjAsImlhdCI6MTc0MDA1MjEyMCwianRpIjoiYjc4MDZhYTYtZWE3MS00NWJkLWI5ODMtOWU3MDE4OTc4NTYzIiwiaXNzIjoiaHR0cDovL2tleWNsb2FrLXNlcnZpY2Uua2V5Y2xvYWsuc3ZjLmNsdXN0ZXIubG9jYWw6ODA4MC9yZWFsbXMvbWFzdGVyIiwiYXVkIjpbIkJPTFRaTUFOTl9CT1RfbW9iaXVzIiwiUEFTQ0FMX0lOVEVMTElHRU5DRV9tb2JpdXMiLCJNT05FVF9tb2JpdXMiLCJWSU5DSV9tb2JpdXMiLCJhY2NvdW50Il0sInN1YiI6IjJjZjc2ZTVmLTI2YWQtNGYyYy1iY2NjLWY0YmMxZTdiZmI2NCIsInR5cCI6IkJlYXJlciIsImF6cCI6IkhPTEFDUkFDWV9tb2JpdXMiLCJzaWQiOiJmNjcwYzZjMi03OWYzLTQ2YzctOTE5Yy1hNTNhYmRiNTgwNDMiLCJhY3IiOiIxIiwiYWxsb3dlZC1vcmlnaW5zIjpbIi8qIl0sInJlYWxtX2FjY2VzcyI6eyJyb2xlcyI6WyJkZWZhdWx0LXJvbGVzLW1hc3RlciIsIkhDWV9URU5BTlRfQ1VTVE9NIiwib2ZmbGluZV9hY2Nlc3MiLCJCT0JfVEVOQU5UX0NVU1RPTSIsInVtYV9hdXRob3JpemF0aW9uIiwiUElfVEVOQU5UX0NVU1RPTSIsIk1PTkVUX1RFTkFOVF9DVVNUT00iXX0sInJlc291cmNlX2FjY2VzcyI6eyJCT0xUWk1BTk5fQk9UX21vYml1cyI6eyJyb2xlcyI6WyJURU5BTlRfV09SS0ZMT1dfU1VTUEVORF9QUk9DRVNTX0RFRklOSVRJT04iLCJURU5BTlRfV09SS0ZMT1dfU1VTUEVORF9JTlNUQU5DRSIsIlRFTkFOVF9XT1JLRkxPV19SRVRSSUVWRV9BTEwiLCJURU5BTlRfV09SS0ZMT1dfQUNUSVZBVEVfSU5TVEFOQ0UiLCJURU5BTlRfV09SS0ZMT1dfRVhFQ1VURSIsIlRFTkFOVF9XT1JLRkxPV19SRVRSSUVWRV9IT01FIiwiVEVOQU5UX1dPUktGTE9XX1JFVFJJRVZFX1NVU1BFTkRFRF9QUk9DRVNTX0RFRlMiLCJURU5BTlRfV09SS0ZMT1dfQUNUSVZBVEVfUlVOX0pPQiIsIlRFTkFOVF9XT1JLRkxPV19TVEFUVVMiLCJURU5BTlRfV09SS0ZMT1dfQ1JFQVRFIiwiVEVOQU5UX1dPUktGTE9XX0FDVElWSVRZX0RBVEFfQ09VTlQiLCJCT0xUWk1BTk5fQk9UX1VTRVIiLCJURU5BTlRfV09SS0ZMT1dfREVQTE9ZX1ZFUlNJT04iLCJURU5BTlRfV09SS0ZMT1dfSU1QT1JUIiwiVEVOQU5UX1dPUktGTE9XX1VQREFURSIsIlRFTkFOVF9XT1JLRkxPV19ERVBMT1kiLCJURU5BTlRfV09SS0ZMT1dfU1VTUEVORF9SVU5fSk9CIiwiVEVOQU5UX1dPUktGTE9XX1JFVFJJRVZFIiwiVEVOQU5UX1dPUktGTE9XX0RFTEVURSIsIlRFTkFOVF9XT1JLRkxPV19UUklHR0VSX01FU1NBR0VfTElTVEVORVIiXX0sIkhPTEFDUkFDWV9tb2JpdXMiOnsicm9sZXMiOlsiVEVOQU5UX1BST0RVQ1RfUkVUUklFVkVfTUFTVEVSX0NPTkZJRyIsIlRFTkFOVF9JTlZJVEFUSU9OX1JFU1BPTkQiLCJURU5BTlRfTkVHT1RJQVRJT05fQVBQUk9WQUxfQlVZRVIiLCJURU5BTlRfSU5WSVRBVElPTl9SRVRSSUVWRSIsIlRFTkFOVF9PUkdBTklaQVRJT05fQ1JFQVRFIiwiVEVOQU5UX0NSRUFURV9URU5BTlQiLCJURU5BTlRfU1VCX0FMTElBTkNFX1JFVFJJRVZFIiwiVEVOQU5UX1BMQVRGT1JNX0NSRUFURSIsIkhPTEFDUkFDWV9VU0VSIiwiVEVOQU5UX1JBVEVDQVJEX0NSRUFURSIsIlRFTkFOVF9QTEFURk9STV9SRVRSSUVWRSIsIlRFTkFOVF9SRVRSSUVWRV9CWV9CVVlFUl9QTEFURk9STSIsIlRFTkFOVF9TVUJfQUxMSUFOQ0VfUkVUUklFVkVfQUxMIiwiVEVOQU5UX1BST0RVQ1RfUkVUUklFVkUiLCJURU5BTlRfQUNDT1VOVF9ERUxFVEUiLCJURU5BTlRfQUxMSUFOQ0VfUkVUUklFVkUiLCJURU5BTlRfUExBVEZPUk1fVVBEQVRFIiwiVEVOQU5UX0lOVklUQVRJT05fQ1JFQVRFIiwiVEVOQU5UX1JBVEVDQVJEX1JFVFJJRVZFIiwiVEVOQU5UX09SR0FOSVpBVElPTl9VUERBVEUiLCJURU5BTlRfUkFURUNBUkRfVVBEQVRFIiwiVEVOQU5UX09SR0FOSVpBVElPTl9ERUxFVEUiLCJURU5BTlRfUExBVEZPUk1fREVMRVRFIiwiVEVOQU5UX1BST0RVQ1RfQ1JFQVRFIiwiVEVOQU5UX1NVQl9BTExJQU5DRV9DUkVBVEUiLCJURU5BTlRfUkFURUNBUkRfREVMRVRFIiwiVEVOQU5UX0FDQ09VTlRfQ1JFQVRFIiwiVEVOQU5UX0lOVklUQVRJT05fVVBEQVRFIiwiVEVOQU5UX1JFVFJJRVZFX1RFTkFOVCIsIlRFTkFOVF9JTlZJVEFUSU9OX0RFTEVURSIsIlRFTkFOVF9ORUdPVElBVElPTl9BUFBST1ZBTF9TVVBFUl9BRE1JTiIsIlRFTkFOVF9ORUdPVElBVElPTl9SRVRSSUVWRV9BTExfQkVUV0VFTl9CVVlFUl9TRUxMRVIiLCJURU5BTlRfUkVUUklFVkVfVEVOQU5UX0FMTCIsIlRFTkFOVF9ORUdPVElBVElPTl9DUkVBVEUiLCJURU5BTlRfVVBEQVRFX1RFTkFOVCIsIlRFTkFOVF9PUkdBTklaQVRJT05fUkVUUklFVkUiLCJURU5BTlRfQUNDT1VOVF9VUERBVEUiLCJURU5BTlRfUFJPRFVDVF9ERUxFVEUiLCJURU5BTlRfU1VCX0FMTElBTkNFX0RFTEVURSIsIlRFTkFOVF9ORUdPVElBVElPTl9BUFBST1ZBTF9TRUxMRVIiLCJURU5BTlRfU1VCX0FMTElBTkNFX1VQREFURSIsIlRFTkFOVF9QUk9EVUNUX1VQREFURSIsIlRFTkFOVF9BQ0NPVU5UX1JFVFJJRVZFIiwiVEVOQU5UX05FR09USUFUSU9OX1JFVFJJRVZFIiwiVEVOQU5UX0RFTEVURV9URU5BTlQiXX0sIlBBU0NBTF9JTlRFTExJR0VOQ0VfbW9iaXVzIjp7InJvbGVzIjpbIlRFTkFOVF9DT05URVhUX0RFTEVURSIsIlRFTkFOVF9DT05URVhUX1VQREFURSIsIlRFTkFOVF9CSUdRVUVSWV9SRVRSSUVWRSIsIlRFTkFOVF9CSUdRVUVSWV9VUERBVEUiLCJURU5BTlRfVU5JVkVSU0VfQ1JFQVRFIiwiVEVOQU5UX0NPSE9SVFNfUkVUUklFVkUiLCJURU5BTlRfQklHUVVFUllfQ1JFQVRFIiwiVEVOQU5UX0JJR1FVRVJZX0VWQUxVQVRFIiwiVEVOQU5UX0NPSE9SVFNfVVBEQVRFIiwiVEVOQU5UX0NPTlRFWFRfUkVUUklFVkUiLCJURU5BTlRfVU5JVkVSU0VfUkVUUklFVkUiLCJURU5BTlRfQ09IT1JUU19FVkFMVUFURSIsIlRFTkFOVF9CSUdRVUVSWV9ERUxFVEUiLCJURU5BTlRfU0NIRU1BX0NSRUFURSIsIlBBU0NBTF9JTlRFTExJR0VOQ0VfVVNFUiIsIlRFTkFOVF9DT0hPUlRTX0NSRUFURSIsIlRFTkFOVF9TQ0hFTUFfVVBEQVRFIiwiVEVOQU5UX0NPTlRFWFRfQVBQUk9WRSIsIlRFTkFOVF9VTklWRVJTRV9VUERBVEUiLCJURU5BTlRfQklHUVVFUllfQVBQUk9WRSIsIlRFTkFOVF9TQ0hFTUFfUkVUUklFVkUiLCJURU5BTlRfU0NIRU1BX0FQUFJPVkUiLCJURU5BTlRfQ09OVEVYVF9FVkFMVUFURSIsIlRFTkFOVF9TQ0hFTUFfREVMRVRFIiwiVEVOQU5UX0NPTlRFWFRfQ1JFQVRFIiwiVEVOQU5UX1NDSEVNQV9EQVRBX1JFVFJJRVZFIiwiVEVOQU5UX1NDSEVNQV9EQVRBX0RFTEVURSIsIlRFTkFOVF9TQ0hFTUFfREFUQV9VUERBVEUiLCJURU5BTlRfQ09IT1JUU19ERUxFVEUiLCJURU5BTlRfVU5JVkVSU0VfREVMRVRFIiwiVEVOQU5UX1NDSEVNQV9EQVRBX0lOR0VTVElPTiIsIlRFTkFOVF9DT0hPUlRTX0FQUFJPVkUiXX0sIk1PTkVUX21vYml1cyI6eyJyb2xlcyI6WyJURU5BTlRfQVBQTEVUU19SRVRSSUVWRV9BTExfUFVCTElTSEVEIiwiVEVOQU5UX1dJREdFVFNfUkVUUklFVkVfRFJBRlQiLCJURU5BTlRfV0lER0VUU19VUERBVEUiLCJURU5BTlRfQVBQTEVUU19ERUxFVEUiLCJURU5BTlRfV0lER0VUU19ERUxFVEUiLCJURU5BTlRfUExVR0lOX0NBVEVHT1JZX1JFVFJJRVZFX0FMTCIsIlRFTkFOVF9BUFBMRVRTX1VQREFURV9ISVNUT1JZIiwiVEVOQU5UX0VYUEVSSUVOQ0VTX0NSRUFURSIsIlRFTkFOVF9XSURHRVRTX1JFVFJJRVZFX1BVQkxJU0giLCJURU5BTlRfUExVR0lOX0NBVEVHT1JZX0NSRUFURSIsIlRFTkFOVF9ERVBFTkRFTkNZX1JFVFJJRVZFX0FMTCIsIlRFTkFOVF9XSURHRVRTX1BVQkxJU0giLCJURU5BTlRfUkVUUklFVkVfRklFTERTX09GX1BVQkxJU0hFRCIsIlRFTkFOVF9FWFBFUklFTkNFU19VUERBVEUiLCJURU5BTlRfQVBQTEVUU19DUkVBVEUiLCJURU5BTlRfUExVR0lOU19ERUxFVEUiLCJURU5BTlRfQVBQTEVUU19SRVRSSUVWRV9BTExfRFJBRlQiLCJURU5BTlRfUExVR0lOU19VUERBVEUiLCJURU5BTlRfQVBQTEVUU19SRVRSSUVWRV9GUk9NX0hJU1RPUlkiLCJURU5BTlRfUkVUUklFVkVfRklFTERTX09GX0RSQUZUIiwiVEVOQU5UX0FQUExFVFNfUkVUUklFVkVfUFVCTElTSEVEIiwiVEVOQU5UX0FQUExFVFNfUFVCTElTSEVEIiwiVEVOQU5UX1dJREdFVFNfUkVUUklFVkUiLCJURU5BTlRfUExVR0lOX0NBVEVHT1JZX0RFTEVURSIsIlRFTkFOVF9QTFVHSU5fQ0FURUdPUllfUFVCTElTSCIsIlRFTkFOVF9QTFVHSU5fQ0FURUdPUllfREVMRVRFX0NPTVBfRlJPTSIsIlRFTkFOVF9SRVRSSUVWRV9QVUJMSVNIRUQiLCJURU5BTlRfUExVR0lOU19SRVRSSUVWRSIsIlRFTkFOVF9QTFVHSU5TX0NSRUFURSIsIlRFTkFOVF9XSURHRVRTX0NSRUFURSIsIlRFTkFOVF9BUFBMRVRTX1JFVFJJRVZFX0FMTF9QVUJMSVNIRURfVEhVTUJOQUlMUyIsIk1PTkVUX1VTRVIiLCJURU5BTlRfRVhQRVJJRU5DRVNfREVMRVRFIiwiVEVOQU5UX0VYUEVSSUVOQ0VTX1BVQkxJU0giLCJURU5BTlRfUkVUUklFVkVfRlJPTV9ISVNUT1JZIiwiVEVOQU5UX1BMVUdJTl9DQVRFR09SWV9VUERBVEUiXX0sIlZJTkNJX21vYml1cyI6eyJyb2xlcyI6WyJWSU5DSV9VU0VSIl19LCJhY2NvdW50Ijp7InJvbGVzIjpbIm1hbmFnZS1hY2NvdW50IiwibWFuYWdlLWFjY291bnQtbGlua3MiLCJ2aWV3LXByb2ZpbGUiXX19LCJzY29wZSI6InByb2ZpbGUgZW1haWwiLCJyZXF1ZXN0ZXJUeXBlIjoiVEVOQU5UIiwiZW1haWxfdmVyaWZpZWQiOnRydWUsIm5hbWUiOiJBaWR0YWFzIEFpZHRhYXMiLCJ0ZW5hbnRJZCI6IjJjZjc2ZTVmLTI2YWQtNGYyYy1iY2NjLWY0YmMxZTdiZmI2NCIsInByZWZlcnJlZF91c2VybmFtZSI6InBhc3N3b3JkX3RlbmFudF9haWR0YWFzQGdhaWFuc29sdXRpb25zLmNvbSIsImdpdmVuX25hbWUiOiJBaWR0YWFzIiwiZmFtaWx5X25hbWUiOiJBaWR0YWFzIiwiZW1haWwiOiJwYXNzd29yZF90ZW5hbnRfYWlkdGFhc0BnYWlhbnNvbHV0aW9ucy5jb20ifQ.G22UWdZfpDy2T8neTapxgOEwLcTJnbjop5nrm13HlhaUON7HfGI1b-n7D7FRAcRr2u7xBEE7MwJ3OSJyfjIQamrmV1U0PYtVogiw3EQcp41YWWAnpuaG41KiZvYuxGdFO1uADRRSrbnzDP44nnh75gQxL-s_blP160DEyu4gIfJ3f3Vz_wI_6yZ1aqpsz-8r8YpbeQbgrcV577yF2lTbmavmNDA6R_FW2rF8Y-mLfFbhAkQqmpuYDWdXv7_cyOmECs53ROlGzPd-DIUi1mw9_Af0tIC6DKh1nbbp16VPKqzmCPVfI1VGNZSCzVYOAr-XApRi0JZ39ub0aO1FsZzCjA
				Content-Type=application/json
Cookies:		&lt;none&gt;
Multiparts:		&lt;none&gt;
Body:
{
    &quot;name&quot;: &quot;ux&quot;,
    &quot;mobile&quot;: &quot;&quot;,
    &quot;currency&quot;: &quot;GTQ&quot;,
    &quot;walletBalance&quot;: 0.005099276035436029,
    &quot;customerCreateRequest&quot;: {
        &quot;mobile&quot;: &quot;0Yg6l&quot;,
        &quot;name&quot;: &quot;AKCI2a6sTi12&quot;,
        &quot;emailId&quot;: &quot;qOnchm&quot;,
        &quot;profileId&quot;: &quot;n_L8rsznY&quot;,
        &quot;address&quot;: {
            &quot;latitude&quot;: 0.9124745805062875,
            &quot;postCode&quot;: &quot;Cji5xx4oC56I&quot;
        },
        &quot;cardId&quot;: &quot;AsksX91Zj_ALfEv&quot;
    },
    &quot;platformId&quot;: &quot;nv&quot;,
    &quot;cardId&quot;: &quot;5keHb&quot;
}

HTTP/1.1 401 Unauthorized
www-authenticate: Bearer realm=&quot;https://ig.aidtaas.com/mobius-payment-service/v2.0/wallets/create&quot;, error=&quot;invalid_token&quot;
content-length: 14
content-type: text/plain
date: Fri, 21 Feb 2025 06:21:47 GMT
server: istio-envoy
x-envoy-upstream-service-time: 4

Jwt is expired
</system-out>
  </testcase>
  <testcase classname="unit4cases.EvoMaster_others_Test" name="test_33" time="0.047">
    <failure message="1 expectation failed.
Expected content-type &quot;application/json&quot; doesn&apos;t match actual content-type &quot;text/plain&quot;.
" type="java.lang.AssertionError">java.lang.AssertionError: 1 expectation failed.
Expected content-type &quot;application/json&quot; doesn&apos;t match actual content-type &quot;text/plain&quot;.

	at java.base/jdk.internal.reflect.DirectConstructorHandleAccessor.newInstance(DirectConstructorHandleAccessor.java:62)
	at java.base/java.lang.reflect.Constructor.newInstanceWithCaller(Constructor.java:502)
	at java.base/java.lang.reflect.Constructor.newInstance(Constructor.java:486)
	at org.codehaus.groovy.reflection.CachedConstructor.invoke(CachedConstructor.java:73)
	at org.codehaus.groovy.runtime.callsite.ConstructorSite$ConstructorSiteNoUnwrapNoCoerce.callConstructor(ConstructorSite.java:108)
	at org.codehaus.groovy.runtime.callsite.AbstractCallSite.callConstructor(AbstractCallSite.java:277)
	at io.restassured.internal.ResponseSpecificationImpl$HamcrestAssertionClosure.validate(ResponseSpecificationImpl.groovy:512)
	at io.restassured.internal.ResponseSpecificationImpl$HamcrestAssertionClosure$validate$1.call(Unknown Source)
	at io.restassured.internal.ResponseSpecificationImpl.validateResponseIfRequired(ResponseSpecificationImpl.groovy:696)
	at io.restassured.internal.ResponseSpecificationImpl.this$2$validateResponseIfRequired(ResponseSpecificationImpl.groovy)
	at java.base/jdk.internal.reflect.DirectMethodHandleAccessor.invoke(DirectMethodHandleAccessor.java:103)
	at java.base/java.lang.reflect.Method.invoke(Method.java:580)
	at org.codehaus.groovy.runtime.callsite.PlainObjectMetaMethodSite.doInvoke(PlainObjectMetaMethodSite.java:43)
	at org.codehaus.groovy.runtime.callsite.PogoMetaMethodSite$PogoCachedMethodSiteNoUnwrapNoCoerce.invoke(PogoMetaMethodSite.java:198)
	at org.codehaus.groovy.runtime.callsite.PogoMetaMethodSite.callCurrent(PogoMetaMethodSite.java:62)
	at org.codehaus.groovy.runtime.callsite.AbstractCallSite.callCurrent(AbstractCallSite.java:185)
	at io.restassured.internal.ResponseSpecificationImpl.contentType(ResponseSpecificationImpl.groovy:443)
	at io.restassured.internal.ValidatableResponseOptionsImpl.contentType(ValidatableResponseOptionsImpl.java:226)
	at unit4cases.EvoMaster_others_Test.test_33(EvoMaster_others_Test.java:1101)
	at java.base/jdk.internal.reflect.DirectMethodHandleAccessor.invoke(DirectMethodHandleAccessor.java:103)
	at java.base/java.lang.reflect.Method.invoke(Method.java:580)
	at org.junit.runners.model.FrameworkMethod$1.runReflectiveCall(FrameworkMethod.java:59)
	at org.junit.internal.runners.model.ReflectiveCallable.run(ReflectiveCallable.java:12)
	at org.junit.runners.model.FrameworkMethod.invokeExplosively(FrameworkMethod.java:56)
	at org.junit.internal.runners.statements.InvokeMethod.evaluate(InvokeMethod.java:17)
	at org.junit.internal.runners.statements.FailOnTimeout$CallableStatement.call(FailOnTimeout.java:299)
	at org.junit.internal.runners.statements.FailOnTimeout$CallableStatement.call(FailOnTimeout.java:293)
	at java.base/java.util.concurrent.FutureTask.run(FutureTask.java:317)
	at java.base/java.lang.Thread.run(Thread.java:1583)
</failure>
    <system-out>Request method:	PUT
Request URI:	https://ig.aidtaas.com/mobius-payment-service/v1.0/card-details
Proxy:			&lt;none&gt;
Request params:	&lt;none&gt;
Query params:	&lt;none&gt;
Form params:	&lt;none&gt;
Path params:	&lt;none&gt;
Headers:		Accept=application/json
				Authorization=Bearer  eyJhbGciOiJSUzI1NiIsInR5cCIgOiAiSldUIiwia2lkIiA6ICI3Ny1NUVdFRTNHZE5adGlsWU5IYmpsa2dVSkpaWUJWVmN1UmFZdHl5ejFjIn0.eyJleHAiOjE3NDAwODgxMjAsImlhdCI6MTc0MDA1MjEyMCwianRpIjoiYjc4MDZhYTYtZWE3MS00NWJkLWI5ODMtOWU3MDE4OTc4NTYzIiwiaXNzIjoiaHR0cDovL2tleWNsb2FrLXNlcnZpY2Uua2V5Y2xvYWsuc3ZjLmNsdXN0ZXIubG9jYWw6ODA4MC9yZWFsbXMvbWFzdGVyIiwiYXVkIjpbIkJPTFRaTUFOTl9CT1RfbW9iaXVzIiwiUEFTQ0FMX0lOVEVMTElHRU5DRV9tb2JpdXMiLCJNT05FVF9tb2JpdXMiLCJWSU5DSV9tb2JpdXMiLCJhY2NvdW50Il0sInN1YiI6IjJjZjc2ZTVmLTI2YWQtNGYyYy1iY2NjLWY0YmMxZTdiZmI2NCIsInR5cCI6IkJlYXJlciIsImF6cCI6IkhPTEFDUkFDWV9tb2JpdXMiLCJzaWQiOiJmNjcwYzZjMi03OWYzLTQ2YzctOTE5Yy1hNTNhYmRiNTgwNDMiLCJhY3IiOiIxIiwiYWxsb3dlZC1vcmlnaW5zIjpbIi8qIl0sInJlYWxtX2FjY2VzcyI6eyJyb2xlcyI6WyJkZWZhdWx0LXJvbGVzLW1hc3RlciIsIkhDWV9URU5BTlRfQ1VTVE9NIiwib2ZmbGluZV9hY2Nlc3MiLCJCT0JfVEVOQU5UX0NVU1RPTSIsInVtYV9hdXRob3JpemF0aW9uIiwiUElfVEVOQU5UX0NVU1RPTSIsIk1PTkVUX1RFTkFOVF9DVVNUT00iXX0sInJlc291cmNlX2FjY2VzcyI6eyJCT0xUWk1BTk5fQk9UX21vYml1cyI6eyJyb2xlcyI6WyJURU5BTlRfV09SS0ZMT1dfU1VTUEVORF9QUk9DRVNTX0RFRklOSVRJT04iLCJURU5BTlRfV09SS0ZMT1dfU1VTUEVORF9JTlNUQU5DRSIsIlRFTkFOVF9XT1JLRkxPV19SRVRSSUVWRV9BTEwiLCJURU5BTlRfV09SS0ZMT1dfQUNUSVZBVEVfSU5TVEFOQ0UiLCJURU5BTlRfV09SS0ZMT1dfRVhFQ1VURSIsIlRFTkFOVF9XT1JLRkxPV19SRVRSSUVWRV9IT01FIiwiVEVOQU5UX1dPUktGTE9XX1JFVFJJRVZFX1NVU1BFTkRFRF9QUk9DRVNTX0RFRlMiLCJURU5BTlRfV09SS0ZMT1dfQUNUSVZBVEVfUlVOX0pPQiIsIlRFTkFOVF9XT1JLRkxPV19TVEFUVVMiLCJURU5BTlRfV09SS0ZMT1dfQ1JFQVRFIiwiVEVOQU5UX1dPUktGTE9XX0FDVElWSVRZX0RBVEFfQ09VTlQiLCJCT0xUWk1BTk5fQk9UX1VTRVIiLCJURU5BTlRfV09SS0ZMT1dfREVQTE9ZX1ZFUlNJT04iLCJURU5BTlRfV09SS0ZMT1dfSU1QT1JUIiwiVEVOQU5UX1dPUktGTE9XX1VQREFURSIsIlRFTkFOVF9XT1JLRkxPV19ERVBMT1kiLCJURU5BTlRfV09SS0ZMT1dfU1VTUEVORF9SVU5fSk9CIiwiVEVOQU5UX1dPUktGTE9XX1JFVFJJRVZFIiwiVEVOQU5UX1dPUktGTE9XX0RFTEVURSIsIlRFTkFOVF9XT1JLRkxPV19UUklHR0VSX01FU1NBR0VfTElTVEVORVIiXX0sIkhPTEFDUkFDWV9tb2JpdXMiOnsicm9sZXMiOlsiVEVOQU5UX1BST0RVQ1RfUkVUUklFVkVfTUFTVEVSX0NPTkZJRyIsIlRFTkFOVF9JTlZJVEFUSU9OX1JFU1BPTkQiLCJURU5BTlRfTkVHT1RJQVRJT05fQVBQUk9WQUxfQlVZRVIiLCJURU5BTlRfSU5WSVRBVElPTl9SRVRSSUVWRSIsIlRFTkFOVF9PUkdBTklaQVRJT05fQ1JFQVRFIiwiVEVOQU5UX0NSRUFURV9URU5BTlQiLCJURU5BTlRfU1VCX0FMTElBTkNFX1JFVFJJRVZFIiwiVEVOQU5UX1BMQVRGT1JNX0NSRUFURSIsIkhPTEFDUkFDWV9VU0VSIiwiVEVOQU5UX1JBVEVDQVJEX0NSRUFURSIsIlRFTkFOVF9QTEFURk9STV9SRVRSSUVWRSIsIlRFTkFOVF9SRVRSSUVWRV9CWV9CVVlFUl9QTEFURk9STSIsIlRFTkFOVF9TVUJfQUxMSUFOQ0VfUkVUUklFVkVfQUxMIiwiVEVOQU5UX1BST0RVQ1RfUkVUUklFVkUiLCJURU5BTlRfQUNDT1VOVF9ERUxFVEUiLCJURU5BTlRfQUxMSUFOQ0VfUkVUUklFVkUiLCJURU5BTlRfUExBVEZPUk1fVVBEQVRFIiwiVEVOQU5UX0lOVklUQVRJT05fQ1JFQVRFIiwiVEVOQU5UX1JBVEVDQVJEX1JFVFJJRVZFIiwiVEVOQU5UX09SR0FOSVpBVElPTl9VUERBVEUiLCJURU5BTlRfUkFURUNBUkRfVVBEQVRFIiwiVEVOQU5UX09SR0FOSVpBVElPTl9ERUxFVEUiLCJURU5BTlRfUExBVEZPUk1fREVMRVRFIiwiVEVOQU5UX1BST0RVQ1RfQ1JFQVRFIiwiVEVOQU5UX1NVQl9BTExJQU5DRV9DUkVBVEUiLCJURU5BTlRfUkFURUNBUkRfREVMRVRFIiwiVEVOQU5UX0FDQ09VTlRfQ1JFQVRFIiwiVEVOQU5UX0lOVklUQVRJT05fVVBEQVRFIiwiVEVOQU5UX1JFVFJJRVZFX1RFTkFOVCIsIlRFTkFOVF9JTlZJVEFUSU9OX0RFTEVURSIsIlRFTkFOVF9ORUdPVElBVElPTl9BUFBST1ZBTF9TVVBFUl9BRE1JTiIsIlRFTkFOVF9ORUdPVElBVElPTl9SRVRSSUVWRV9BTExfQkVUV0VFTl9CVVlFUl9TRUxMRVIiLCJURU5BTlRfUkVUUklFVkVfVEVOQU5UX0FMTCIsIlRFTkFOVF9ORUdPVElBVElPTl9DUkVBVEUiLCJURU5BTlRfVVBEQVRFX1RFTkFOVCIsIlRFTkFOVF9PUkdBTklaQVRJT05fUkVUUklFVkUiLCJURU5BTlRfQUNDT1VOVF9VUERBVEUiLCJURU5BTlRfUFJPRFVDVF9ERUxFVEUiLCJURU5BTlRfU1VCX0FMTElBTkNFX0RFTEVURSIsIlRFTkFOVF9ORUdPVElBVElPTl9BUFBST1ZBTF9TRUxMRVIiLCJURU5BTlRfU1VCX0FMTElBTkNFX1VQREFURSIsIlRFTkFOVF9QUk9EVUNUX1VQREFURSIsIlRFTkFOVF9BQ0NPVU5UX1JFVFJJRVZFIiwiVEVOQU5UX05FR09USUFUSU9OX1JFVFJJRVZFIiwiVEVOQU5UX0RFTEVURV9URU5BTlQiXX0sIlBBU0NBTF9JTlRFTExJR0VOQ0VfbW9iaXVzIjp7InJvbGVzIjpbIlRFTkFOVF9DT05URVhUX0RFTEVURSIsIlRFTkFOVF9DT05URVhUX1VQREFURSIsIlRFTkFOVF9CSUdRVUVSWV9SRVRSSUVWRSIsIlRFTkFOVF9CSUdRVUVSWV9VUERBVEUiLCJURU5BTlRfVU5JVkVSU0VfQ1JFQVRFIiwiVEVOQU5UX0NPSE9SVFNfUkVUUklFVkUiLCJURU5BTlRfQklHUVVFUllfQ1JFQVRFIiwiVEVOQU5UX0JJR1FVRVJZX0VWQUxVQVRFIiwiVEVOQU5UX0NPSE9SVFNfVVBEQVRFIiwiVEVOQU5UX0NPTlRFWFRfUkVUUklFVkUiLCJURU5BTlRfVU5JVkVSU0VfUkVUUklFVkUiLCJURU5BTlRfQ09IT1JUU19FVkFMVUFURSIsIlRFTkFOVF9CSUdRVUVSWV9ERUxFVEUiLCJURU5BTlRfU0NIRU1BX0NSRUFURSIsIlBBU0NBTF9JTlRFTExJR0VOQ0VfVVNFUiIsIlRFTkFOVF9DT0hPUlRTX0NSRUFURSIsIlRFTkFOVF9TQ0hFTUFfVVBEQVRFIiwiVEVOQU5UX0NPTlRFWFRfQVBQUk9WRSIsIlRFTkFOVF9VTklWRVJTRV9VUERBVEUiLCJURU5BTlRfQklHUVVFUllfQVBQUk9WRSIsIlRFTkFOVF9TQ0hFTUFfUkVUUklFVkUiLCJURU5BTlRfU0NIRU1BX0FQUFJPVkUiLCJURU5BTlRfQ09OVEVYVF9FVkFMVUFURSIsIlRFTkFOVF9TQ0hFTUFfREVMRVRFIiwiVEVOQU5UX0NPTlRFWFRfQ1JFQVRFIiwiVEVOQU5UX1NDSEVNQV9EQVRBX1JFVFJJRVZFIiwiVEVOQU5UX1NDSEVNQV9EQVRBX0RFTEVURSIsIlRFTkFOVF9TQ0hFTUFfREFUQV9VUERBVEUiLCJURU5BTlRfQ09IT1JUU19ERUxFVEUiLCJURU5BTlRfVU5JVkVSU0VfREVMRVRFIiwiVEVOQU5UX1NDSEVNQV9EQVRBX0lOR0VTVElPTiIsIlRFTkFOVF9DT0hPUlRTX0FQUFJPVkUiXX0sIk1PTkVUX21vYml1cyI6eyJyb2xlcyI6WyJURU5BTlRfQVBQTEVUU19SRVRSSUVWRV9BTExfUFVCTElTSEVEIiwiVEVOQU5UX1dJREdFVFNfUkVUUklFVkVfRFJBRlQiLCJURU5BTlRfV0lER0VUU19VUERBVEUiLCJURU5BTlRfQVBQTEVUU19ERUxFVEUiLCJURU5BTlRfV0lER0VUU19ERUxFVEUiLCJURU5BTlRfUExVR0lOX0NBVEVHT1JZX1JFVFJJRVZFX0FMTCIsIlRFTkFOVF9BUFBMRVRTX1VQREFURV9ISVNUT1JZIiwiVEVOQU5UX0VYUEVSSUVOQ0VTX0NSRUFURSIsIlRFTkFOVF9XSURHRVRTX1JFVFJJRVZFX1BVQkxJU0giLCJURU5BTlRfUExVR0lOX0NBVEVHT1JZX0NSRUFURSIsIlRFTkFOVF9ERVBFTkRFTkNZX1JFVFJJRVZFX0FMTCIsIlRFTkFOVF9XSURHRVRTX1BVQkxJU0giLCJURU5BTlRfUkVUUklFVkVfRklFTERTX09GX1BVQkxJU0hFRCIsIlRFTkFOVF9FWFBFUklFTkNFU19VUERBVEUiLCJURU5BTlRfQVBQTEVUU19DUkVBVEUiLCJURU5BTlRfUExVR0lOU19ERUxFVEUiLCJURU5BTlRfQVBQTEVUU19SRVRSSUVWRV9BTExfRFJBRlQiLCJURU5BTlRfUExVR0lOU19VUERBVEUiLCJURU5BTlRfQVBQTEVUU19SRVRSSUVWRV9GUk9NX0hJU1RPUlkiLCJURU5BTlRfUkVUUklFVkVfRklFTERTX09GX0RSQUZUIiwiVEVOQU5UX0FQUExFVFNfUkVUUklFVkVfUFVCTElTSEVEIiwiVEVOQU5UX0FQUExFVFNfUFVCTElTSEVEIiwiVEVOQU5UX1dJREdFVFNfUkVUUklFVkUiLCJURU5BTlRfUExVR0lOX0NBVEVHT1JZX0RFTEVURSIsIlRFTkFOVF9QTFVHSU5fQ0FURUdPUllfUFVCTElTSCIsIlRFTkFOVF9QTFVHSU5fQ0FURUdPUllfREVMRVRFX0NPTVBfRlJPTSIsIlRFTkFOVF9SRVRSSUVWRV9QVUJMSVNIRUQiLCJURU5BTlRfUExVR0lOU19SRVRSSUVWRSIsIlRFTkFOVF9QTFVHSU5TX0NSRUFURSIsIlRFTkFOVF9XSURHRVRTX0NSRUFURSIsIlRFTkFOVF9BUFBMRVRTX1JFVFJJRVZFX0FMTF9QVUJMSVNIRURfVEhVTUJOQUlMUyIsIk1PTkVUX1VTRVIiLCJURU5BTlRfRVhQRVJJRU5DRVNfREVMRVRFIiwiVEVOQU5UX0VYUEVSSUVOQ0VTX1BVQkxJU0giLCJURU5BTlRfUkVUUklFVkVfRlJPTV9ISVNUT1JZIiwiVEVOQU5UX1BMVUdJTl9DQVRFR09SWV9VUERBVEUiXX0sIlZJTkNJX21vYml1cyI6eyJyb2xlcyI6WyJWSU5DSV9VU0VSIl19LCJhY2NvdW50Ijp7InJvbGVzIjpbIm1hbmFnZS1hY2NvdW50IiwibWFuYWdlLWFjY291bnQtbGlua3MiLCJ2aWV3LXByb2ZpbGUiXX19LCJzY29wZSI6InByb2ZpbGUgZW1haWwiLCJyZXF1ZXN0ZXJUeXBlIjoiVEVOQU5UIiwiZW1haWxfdmVyaWZpZWQiOnRydWUsIm5hbWUiOiJBaWR0YWFzIEFpZHRhYXMiLCJ0ZW5hbnRJZCI6IjJjZjc2ZTVmLTI2YWQtNGYyYy1iY2NjLWY0YmMxZTdiZmI2NCIsInByZWZlcnJlZF91c2VybmFtZSI6InBhc3N3b3JkX3RlbmFudF9haWR0YWFzQGdhaWFuc29sdXRpb25zLmNvbSIsImdpdmVuX25hbWUiOiJBaWR0YWFzIiwiZmFtaWx5X25hbWUiOiJBaWR0YWFzIiwiZW1haWwiOiJwYXNzd29yZF90ZW5hbnRfYWlkdGFhc0BnYWlhbnNvbHV0aW9ucy5jb20ifQ.G22UWdZfpDy2T8neTapxgOEwLcTJnbjop5nrm13HlhaUON7HfGI1b-n7D7FRAcRr2u7xBEE7MwJ3OSJyfjIQamrmV1U0PYtVogiw3EQcp41YWWAnpuaG41KiZvYuxGdFO1uADRRSrbnzDP44nnh75gQxL-s_blP160DEyu4gIfJ3f3Vz_wI_6yZ1aqpsz-8r8YpbeQbgrcV577yF2lTbmavmNDA6R_FW2rF8Y-mLfFbhAkQqmpuYDWdXv7_cyOmECs53ROlGzPd-DIUi1mw9_Af0tIC6DKh1nbbp16VPKqzmCPVfI1VGNZSCzVYOAr-XApRi0JZ39ub0aO1FsZzCjA
				Content-Type=application/json
Cookies:		&lt;none&gt;
Multiparts:		&lt;none&gt;
Body:
{
    &quot;cardHolderNumber&quot;: &quot;gocuiu0&quot;,
    &quot;emailId&quot;: &quot;&quot;
}

HTTP/1.1 401 Unauthorized
www-authenticate: Bearer realm=&quot;https://ig.aidtaas.com/mobius-payment-service/v1.0/card-details&quot;, error=&quot;invalid_token&quot;
content-length: 14
content-type: text/plain
date: Fri, 21 Feb 2025 06:21:47 GMT
server: istio-envoy
x-envoy-upstream-service-time: 3

Jwt is expired
</system-out>
  </testcase>
  <testcase classname="unit4cases.EvoMaster_others_Test" name="test_34" time="0.077">
    <failure message="1 expectation failed.
Expected content-type &quot;application/json&quot; doesn&apos;t match actual content-type &quot;text/plain&quot;.
" type="java.lang.AssertionError">java.lang.AssertionError: 1 expectation failed.
Expected content-type &quot;application/json&quot; doesn&apos;t match actual content-type &quot;text/plain&quot;.

	at java.base/jdk.internal.reflect.DirectConstructorHandleAccessor.newInstance(DirectConstructorHandleAccessor.java:62)
	at java.base/java.lang.reflect.Constructor.newInstanceWithCaller(Constructor.java:502)
	at java.base/java.lang.reflect.Constructor.newInstance(Constructor.java:486)
	at org.codehaus.groovy.reflection.CachedConstructor.invoke(CachedConstructor.java:73)
	at org.codehaus.groovy.runtime.callsite.ConstructorSite$ConstructorSiteNoUnwrapNoCoerce.callConstructor(ConstructorSite.java:108)
	at org.codehaus.groovy.runtime.callsite.AbstractCallSite.callConstructor(AbstractCallSite.java:277)
	at io.restassured.internal.ResponseSpecificationImpl$HamcrestAssertionClosure.validate(ResponseSpecificationImpl.groovy:512)
	at io.restassured.internal.ResponseSpecificationImpl$HamcrestAssertionClosure$validate$1.call(Unknown Source)
	at io.restassured.internal.ResponseSpecificationImpl.validateResponseIfRequired(ResponseSpecificationImpl.groovy:696)
	at io.restassured.internal.ResponseSpecificationImpl.this$2$validateResponseIfRequired(ResponseSpecificationImpl.groovy)
	at java.base/jdk.internal.reflect.DirectMethodHandleAccessor.invoke(DirectMethodHandleAccessor.java:103)
	at java.base/java.lang.reflect.Method.invoke(Method.java:580)
	at org.codehaus.groovy.runtime.callsite.PlainObjectMetaMethodSite.doInvoke(PlainObjectMetaMethodSite.java:43)
	at org.codehaus.groovy.runtime.callsite.PogoMetaMethodSite$PogoCachedMethodSiteNoUnwrapNoCoerce.invoke(PogoMetaMethodSite.java:198)
	at org.codehaus.groovy.runtime.callsite.PogoMetaMethodSite.callCurrent(PogoMetaMethodSite.java:62)
	at org.codehaus.groovy.runtime.callsite.AbstractCallSite.callCurrent(AbstractCallSite.java:185)
	at io.restassured.internal.ResponseSpecificationImpl.contentType(ResponseSpecificationImpl.groovy:443)
	at io.restassured.internal.ValidatableResponseOptionsImpl.contentType(ValidatableResponseOptionsImpl.java:226)
	at unit4cases.EvoMaster_others_Test.test_34(EvoMaster_others_Test.java:1138)
	at java.base/jdk.internal.reflect.DirectMethodHandleAccessor.invoke(DirectMethodHandleAccessor.java:103)
	at java.base/java.lang.reflect.Method.invoke(Method.java:580)
	at org.junit.runners.model.FrameworkMethod$1.runReflectiveCall(FrameworkMethod.java:59)
	at org.junit.internal.runners.model.ReflectiveCallable.run(ReflectiveCallable.java:12)
	at org.junit.runners.model.FrameworkMethod.invokeExplosively(FrameworkMethod.java:56)
	at org.junit.internal.runners.statements.InvokeMethod.evaluate(InvokeMethod.java:17)
	at org.junit.internal.runners.statements.FailOnTimeout$CallableStatement.call(FailOnTimeout.java:299)
	at org.junit.internal.runners.statements.FailOnTimeout$CallableStatement.call(FailOnTimeout.java:293)
	at java.base/java.util.concurrent.FutureTask.run(FutureTask.java:317)
	at java.base/java.lang.Thread.run(Thread.java:1583)
</failure>
    <system-out>Request method:	POST
Request URI:	https://ig.aidtaas.com/mobius-payment-service/v1.0/card-details
Proxy:			&lt;none&gt;
Request params:	&lt;none&gt;
Query params:	&lt;none&gt;
Form params:	&lt;none&gt;
Path params:	&lt;none&gt;
Headers:		Accept=application/json
				Authorization=Bearer  eyJhbGciOiJSUzI1NiIsInR5cCIgOiAiSldUIiwia2lkIiA6ICI3Ny1NUVdFRTNHZE5adGlsWU5IYmpsa2dVSkpaWUJWVmN1UmFZdHl5ejFjIn0.eyJleHAiOjE3NDAwODgxMjAsImlhdCI6MTc0MDA1MjEyMCwianRpIjoiYjc4MDZhYTYtZWE3MS00NWJkLWI5ODMtOWU3MDE4OTc4NTYzIiwiaXNzIjoiaHR0cDovL2tleWNsb2FrLXNlcnZpY2Uua2V5Y2xvYWsuc3ZjLmNsdXN0ZXIubG9jYWw6ODA4MC9yZWFsbXMvbWFzdGVyIiwiYXVkIjpbIkJPTFRaTUFOTl9CT1RfbW9iaXVzIiwiUEFTQ0FMX0lOVEVMTElHRU5DRV9tb2JpdXMiLCJNT05FVF9tb2JpdXMiLCJWSU5DSV9tb2JpdXMiLCJhY2NvdW50Il0sInN1YiI6IjJjZjc2ZTVmLTI2YWQtNGYyYy1iY2NjLWY0YmMxZTdiZmI2NCIsInR5cCI6IkJlYXJlciIsImF6cCI6IkhPTEFDUkFDWV9tb2JpdXMiLCJzaWQiOiJmNjcwYzZjMi03OWYzLTQ2YzctOTE5Yy1hNTNhYmRiNTgwNDMiLCJhY3IiOiIxIiwiYWxsb3dlZC1vcmlnaW5zIjpbIi8qIl0sInJlYWxtX2FjY2VzcyI6eyJyb2xlcyI6WyJkZWZhdWx0LXJvbGVzLW1hc3RlciIsIkhDWV9URU5BTlRfQ1VTVE9NIiwib2ZmbGluZV9hY2Nlc3MiLCJCT0JfVEVOQU5UX0NVU1RPTSIsInVtYV9hdXRob3JpemF0aW9uIiwiUElfVEVOQU5UX0NVU1RPTSIsIk1PTkVUX1RFTkFOVF9DVVNUT00iXX0sInJlc291cmNlX2FjY2VzcyI6eyJCT0xUWk1BTk5fQk9UX21vYml1cyI6eyJyb2xlcyI6WyJURU5BTlRfV09SS0ZMT1dfU1VTUEVORF9QUk9DRVNTX0RFRklOSVRJT04iLCJURU5BTlRfV09SS0ZMT1dfU1VTUEVORF9JTlNUQU5DRSIsIlRFTkFOVF9XT1JLRkxPV19SRVRSSUVWRV9BTEwiLCJURU5BTlRfV09SS0ZMT1dfQUNUSVZBVEVfSU5TVEFOQ0UiLCJURU5BTlRfV09SS0ZMT1dfRVhFQ1VURSIsIlRFTkFOVF9XT1JLRkxPV19SRVRSSUVWRV9IT01FIiwiVEVOQU5UX1dPUktGTE9XX1JFVFJJRVZFX1NVU1BFTkRFRF9QUk9DRVNTX0RFRlMiLCJURU5BTlRfV09SS0ZMT1dfQUNUSVZBVEVfUlVOX0pPQiIsIlRFTkFOVF9XT1JLRkxPV19TVEFUVVMiLCJURU5BTlRfV09SS0ZMT1dfQ1JFQVRFIiwiVEVOQU5UX1dPUktGTE9XX0FDVElWSVRZX0RBVEFfQ09VTlQiLCJCT0xUWk1BTk5fQk9UX1VTRVIiLCJURU5BTlRfV09SS0ZMT1dfREVQTE9ZX1ZFUlNJT04iLCJURU5BTlRfV09SS0ZMT1dfSU1QT1JUIiwiVEVOQU5UX1dPUktGTE9XX1VQREFURSIsIlRFTkFOVF9XT1JLRkxPV19ERVBMT1kiLCJURU5BTlRfV09SS0ZMT1dfU1VTUEVORF9SVU5fSk9CIiwiVEVOQU5UX1dPUktGTE9XX1JFVFJJRVZFIiwiVEVOQU5UX1dPUktGTE9XX0RFTEVURSIsIlRFTkFOVF9XT1JLRkxPV19UUklHR0VSX01FU1NBR0VfTElTVEVORVIiXX0sIkhPTEFDUkFDWV9tb2JpdXMiOnsicm9sZXMiOlsiVEVOQU5UX1BST0RVQ1RfUkVUUklFVkVfTUFTVEVSX0NPTkZJRyIsIlRFTkFOVF9JTlZJVEFUSU9OX1JFU1BPTkQiLCJURU5BTlRfTkVHT1RJQVRJT05fQVBQUk9WQUxfQlVZRVIiLCJURU5BTlRfSU5WSVRBVElPTl9SRVRSSUVWRSIsIlRFTkFOVF9PUkdBTklaQVRJT05fQ1JFQVRFIiwiVEVOQU5UX0NSRUFURV9URU5BTlQiLCJURU5BTlRfU1VCX0FMTElBTkNFX1JFVFJJRVZFIiwiVEVOQU5UX1BMQVRGT1JNX0NSRUFURSIsIkhPTEFDUkFDWV9VU0VSIiwiVEVOQU5UX1JBVEVDQVJEX0NSRUFURSIsIlRFTkFOVF9QTEFURk9STV9SRVRSSUVWRSIsIlRFTkFOVF9SRVRSSUVWRV9CWV9CVVlFUl9QTEFURk9STSIsIlRFTkFOVF9TVUJfQUxMSUFOQ0VfUkVUUklFVkVfQUxMIiwiVEVOQU5UX1BST0RVQ1RfUkVUUklFVkUiLCJURU5BTlRfQUNDT1VOVF9ERUxFVEUiLCJURU5BTlRfQUxMSUFOQ0VfUkVUUklFVkUiLCJURU5BTlRfUExBVEZPUk1fVVBEQVRFIiwiVEVOQU5UX0lOVklUQVRJT05fQ1JFQVRFIiwiVEVOQU5UX1JBVEVDQVJEX1JFVFJJRVZFIiwiVEVOQU5UX09SR0FOSVpBVElPTl9VUERBVEUiLCJURU5BTlRfUkFURUNBUkRfVVBEQVRFIiwiVEVOQU5UX09SR0FOSVpBVElPTl9ERUxFVEUiLCJURU5BTlRfUExBVEZPUk1fREVMRVRFIiwiVEVOQU5UX1BST0RVQ1RfQ1JFQVRFIiwiVEVOQU5UX1NVQl9BTExJQU5DRV9DUkVBVEUiLCJURU5BTlRfUkFURUNBUkRfREVMRVRFIiwiVEVOQU5UX0FDQ09VTlRfQ1JFQVRFIiwiVEVOQU5UX0lOVklUQVRJT05fVVBEQVRFIiwiVEVOQU5UX1JFVFJJRVZFX1RFTkFOVCIsIlRFTkFOVF9JTlZJVEFUSU9OX0RFTEVURSIsIlRFTkFOVF9ORUdPVElBVElPTl9BUFBST1ZBTF9TVVBFUl9BRE1JTiIsIlRFTkFOVF9ORUdPVElBVElPTl9SRVRSSUVWRV9BTExfQkVUV0VFTl9CVVlFUl9TRUxMRVIiLCJURU5BTlRfUkVUUklFVkVfVEVOQU5UX0FMTCIsIlRFTkFOVF9ORUdPVElBVElPTl9DUkVBVEUiLCJURU5BTlRfVVBEQVRFX1RFTkFOVCIsIlRFTkFOVF9PUkdBTklaQVRJT05fUkVUUklFVkUiLCJURU5BTlRfQUNDT1VOVF9VUERBVEUiLCJURU5BTlRfUFJPRFVDVF9ERUxFVEUiLCJURU5BTlRfU1VCX0FMTElBTkNFX0RFTEVURSIsIlRFTkFOVF9ORUdPVElBVElPTl9BUFBST1ZBTF9TRUxMRVIiLCJURU5BTlRfU1VCX0FMTElBTkNFX1VQREFURSIsIlRFTkFOVF9QUk9EVUNUX1VQREFURSIsIlRFTkFOVF9BQ0NPVU5UX1JFVFJJRVZFIiwiVEVOQU5UX05FR09USUFUSU9OX1JFVFJJRVZFIiwiVEVOQU5UX0RFTEVURV9URU5BTlQiXX0sIlBBU0NBTF9JTlRFTExJR0VOQ0VfbW9iaXVzIjp7InJvbGVzIjpbIlRFTkFOVF9DT05URVhUX0RFTEVURSIsIlRFTkFOVF9DT05URVhUX1VQREFURSIsIlRFTkFOVF9CSUdRVUVSWV9SRVRSSUVWRSIsIlRFTkFOVF9CSUdRVUVSWV9VUERBVEUiLCJURU5BTlRfVU5JVkVSU0VfQ1JFQVRFIiwiVEVOQU5UX0NPSE9SVFNfUkVUUklFVkUiLCJURU5BTlRfQklHUVVFUllfQ1JFQVRFIiwiVEVOQU5UX0JJR1FVRVJZX0VWQUxVQVRFIiwiVEVOQU5UX0NPSE9SVFNfVVBEQVRFIiwiVEVOQU5UX0NPTlRFWFRfUkVUUklFVkUiLCJURU5BTlRfVU5JVkVSU0VfUkVUUklFVkUiLCJURU5BTlRfQ09IT1JUU19FVkFMVUFURSIsIlRFTkFOVF9CSUdRVUVSWV9ERUxFVEUiLCJURU5BTlRfU0NIRU1BX0NSRUFURSIsIlBBU0NBTF9JTlRFTExJR0VOQ0VfVVNFUiIsIlRFTkFOVF9DT0hPUlRTX0NSRUFURSIsIlRFTkFOVF9TQ0hFTUFfVVBEQVRFIiwiVEVOQU5UX0NPTlRFWFRfQVBQUk9WRSIsIlRFTkFOVF9VTklWRVJTRV9VUERBVEUiLCJURU5BTlRfQklHUVVFUllfQVBQUk9WRSIsIlRFTkFOVF9TQ0hFTUFfUkVUUklFVkUiLCJURU5BTlRfU0NIRU1BX0FQUFJPVkUiLCJURU5BTlRfQ09OVEVYVF9FVkFMVUFURSIsIlRFTkFOVF9TQ0hFTUFfREVMRVRFIiwiVEVOQU5UX0NPTlRFWFRfQ1JFQVRFIiwiVEVOQU5UX1NDSEVNQV9EQVRBX1JFVFJJRVZFIiwiVEVOQU5UX1NDSEVNQV9EQVRBX0RFTEVURSIsIlRFTkFOVF9TQ0hFTUFfREFUQV9VUERBVEUiLCJURU5BTlRfQ09IT1JUU19ERUxFVEUiLCJURU5BTlRfVU5JVkVSU0VfREVMRVRFIiwiVEVOQU5UX1NDSEVNQV9EQVRBX0lOR0VTVElPTiIsIlRFTkFOVF9DT0hPUlRTX0FQUFJPVkUiXX0sIk1PTkVUX21vYml1cyI6eyJyb2xlcyI6WyJURU5BTlRfQVBQTEVUU19SRVRSSUVWRV9BTExfUFVCTElTSEVEIiwiVEVOQU5UX1dJREdFVFNfUkVUUklFVkVfRFJBRlQiLCJURU5BTlRfV0lER0VUU19VUERBVEUiLCJURU5BTlRfQVBQTEVUU19ERUxFVEUiLCJURU5BTlRfV0lER0VUU19ERUxFVEUiLCJURU5BTlRfUExVR0lOX0NBVEVHT1JZX1JFVFJJRVZFX0FMTCIsIlRFTkFOVF9BUFBMRVRTX1VQREFURV9ISVNUT1JZIiwiVEVOQU5UX0VYUEVSSUVOQ0VTX0NSRUFURSIsIlRFTkFOVF9XSURHRVRTX1JFVFJJRVZFX1BVQkxJU0giLCJURU5BTlRfUExVR0lOX0NBVEVHT1JZX0NSRUFURSIsIlRFTkFOVF9ERVBFTkRFTkNZX1JFVFJJRVZFX0FMTCIsIlRFTkFOVF9XSURHRVRTX1BVQkxJU0giLCJURU5BTlRfUkVUUklFVkVfRklFTERTX09GX1BVQkxJU0hFRCIsIlRFTkFOVF9FWFBFUklFTkNFU19VUERBVEUiLCJURU5BTlRfQVBQTEVUU19DUkVBVEUiLCJURU5BTlRfUExVR0lOU19ERUxFVEUiLCJURU5BTlRfQVBQTEVUU19SRVRSSUVWRV9BTExfRFJBRlQiLCJURU5BTlRfUExVR0lOU19VUERBVEUiLCJURU5BTlRfQVBQTEVUU19SRVRSSUVWRV9GUk9NX0hJU1RPUlkiLCJURU5BTlRfUkVUUklFVkVfRklFTERTX09GX0RSQUZUIiwiVEVOQU5UX0FQUExFVFNfUkVUUklFVkVfUFVCTElTSEVEIiwiVEVOQU5UX0FQUExFVFNfUFVCTElTSEVEIiwiVEVOQU5UX1dJREdFVFNfUkVUUklFVkUiLCJURU5BTlRfUExVR0lOX0NBVEVHT1JZX0RFTEVURSIsIlRFTkFOVF9QTFVHSU5fQ0FURUdPUllfUFVCTElTSCIsIlRFTkFOVF9QTFVHSU5fQ0FURUdPUllfREVMRVRFX0NPTVBfRlJPTSIsIlRFTkFOVF9SRVRSSUVWRV9QVUJMSVNIRUQiLCJURU5BTlRfUExVR0lOU19SRVRSSUVWRSIsIlRFTkFOVF9QTFVHSU5TX0NSRUFURSIsIlRFTkFOVF9XSURHRVRTX0NSRUFURSIsIlRFTkFOVF9BUFBMRVRTX1JFVFJJRVZFX0FMTF9QVUJMSVNIRURfVEhVTUJOQUlMUyIsIk1PTkVUX1VTRVIiLCJURU5BTlRfRVhQRVJJRU5DRVNfREVMRVRFIiwiVEVOQU5UX0VYUEVSSUVOQ0VTX1BVQkxJU0giLCJURU5BTlRfUkVUUklFVkVfRlJPTV9ISVNUT1JZIiwiVEVOQU5UX1BMVUdJTl9DQVRFR09SWV9VUERBVEUiXX0sIlZJTkNJX21vYml1cyI6eyJyb2xlcyI6WyJWSU5DSV9VU0VSIl19LCJhY2NvdW50Ijp7InJvbGVzIjpbIm1hbmFnZS1hY2NvdW50IiwibWFuYWdlLWFjY291bnQtbGlua3MiLCJ2aWV3LXByb2ZpbGUiXX19LCJzY29wZSI6InByb2ZpbGUgZW1haWwiLCJyZXF1ZXN0ZXJUeXBlIjoiVEVOQU5UIiwiZW1haWxfdmVyaWZpZWQiOnRydWUsIm5hbWUiOiJBaWR0YWFzIEFpZHRhYXMiLCJ0ZW5hbnRJZCI6IjJjZjc2ZTVmLTI2YWQtNGYyYy1iY2NjLWY0YmMxZTdiZmI2NCIsInByZWZlcnJlZF91c2VybmFtZSI6InBhc3N3b3JkX3RlbmFudF9haWR0YWFzQGdhaWFuc29sdXRpb25zLmNvbSIsImdpdmVuX25hbWUiOiJBaWR0YWFzIiwiZmFtaWx5X25hbWUiOiJBaWR0YWFzIiwiZW1haWwiOiJwYXNzd29yZF90ZW5hbnRfYWlkdGFhc0BnYWlhbnNvbHV0aW9ucy5jb20ifQ.G22UWdZfpDy2T8neTapxgOEwLcTJnbjop5nrm13HlhaUON7HfGI1b-n7D7FRAcRr2u7xBEE7MwJ3OSJyfjIQamrmV1U0PYtVogiw3EQcp41YWWAnpuaG41KiZvYuxGdFO1uADRRSrbnzDP44nnh75gQxL-s_blP160DEyu4gIfJ3f3Vz_wI_6yZ1aqpsz-8r8YpbeQbgrcV577yF2lTbmavmNDA6R_FW2rF8Y-mLfFbhAkQqmpuYDWdXv7_cyOmECs53ROlGzPd-DIUi1mw9_Af0tIC6DKh1nbbp16VPKqzmCPVfI1VGNZSCzVYOAr-XApRi0JZ39ub0aO1FsZzCjA
				Content-Type=application/json
Cookies:		&lt;none&gt;
Multiparts:		&lt;none&gt;
Body:
{
    &quot;cardType&quot;: &quot;MASTERCARD&quot;,
    &quot;cardHolderName&quot;: &quot;ylWEdGoT4OnBkpf&quot;,
    &quot;cardHolderNumber&quot;: &quot;EU17EOYEJ9t2jUf&quot;,
    &quot;validThrough&quot;: &quot;Ug3MPQQJUXEk&quot;,
    &quot;emailId&quot;: &quot;EwUV&quot;,
    &quot;currency&quot;: &quot;JOD&quot;,
    &quot;cvv&quot;: &quot;865_postfix&quot;,
    &quot;mobile&quot;: &quot;YUkzgKIfg6Oiv&quot;
}

HTTP/1.1 401 Unauthorized
www-authenticate: Bearer realm=&quot;https://ig.aidtaas.com/mobius-payment-service/v1.0/card-details&quot;, error=&quot;invalid_token&quot;
content-length: 14
content-type: text/plain
date: Fri, 21 Feb 2025 06:21:47 GMT
server: istio-envoy
x-envoy-upstream-service-time: 4

Jwt is expired
</system-out>
  </testcase>
  <testcase classname="unit4cases.EvoMaster_others_Test" name="test_35" time="0.048">
    <failure message="1 expectation failed.
Expected content-type &quot;application/json&quot; doesn&apos;t match actual content-type &quot;text/plain&quot;.
" type="java.lang.AssertionError">java.lang.AssertionError: 1 expectation failed.
Expected content-type &quot;application/json&quot; doesn&apos;t match actual content-type &quot;text/plain&quot;.

	at java.base/jdk.internal.reflect.DirectConstructorHandleAccessor.newInstance(DirectConstructorHandleAccessor.java:62)
	at java.base/java.lang.reflect.Constructor.newInstanceWithCaller(Constructor.java:502)
	at java.base/java.lang.reflect.Constructor.newInstance(Constructor.java:486)
	at org.codehaus.groovy.reflection.CachedConstructor.invoke(CachedConstructor.java:73)
	at org.codehaus.groovy.runtime.callsite.ConstructorSite$ConstructorSiteNoUnwrapNoCoerce.callConstructor(ConstructorSite.java:108)
	at org.codehaus.groovy.runtime.callsite.AbstractCallSite.callConstructor(AbstractCallSite.java:277)
	at io.restassured.internal.ResponseSpecificationImpl$HamcrestAssertionClosure.validate(ResponseSpecificationImpl.groovy:512)
	at io.restassured.internal.ResponseSpecificationImpl$HamcrestAssertionClosure$validate$1.call(Unknown Source)
	at io.restassured.internal.ResponseSpecificationImpl.validateResponseIfRequired(ResponseSpecificationImpl.groovy:696)
	at io.restassured.internal.ResponseSpecificationImpl.this$2$validateResponseIfRequired(ResponseSpecificationImpl.groovy)
	at java.base/jdk.internal.reflect.DirectMethodHandleAccessor.invoke(DirectMethodHandleAccessor.java:103)
	at java.base/java.lang.reflect.Method.invoke(Method.java:580)
	at org.codehaus.groovy.runtime.callsite.PlainObjectMetaMethodSite.doInvoke(PlainObjectMetaMethodSite.java:43)
	at org.codehaus.groovy.runtime.callsite.PogoMetaMethodSite$PogoCachedMethodSiteNoUnwrapNoCoerce.invoke(PogoMetaMethodSite.java:198)
	at org.codehaus.groovy.runtime.callsite.PogoMetaMethodSite.callCurrent(PogoMetaMethodSite.java:62)
	at org.codehaus.groovy.runtime.callsite.AbstractCallSite.callCurrent(AbstractCallSite.java:185)
	at io.restassured.internal.ResponseSpecificationImpl.contentType(ResponseSpecificationImpl.groovy:443)
	at io.restassured.internal.ValidatableResponseOptionsImpl.contentType(ValidatableResponseOptionsImpl.java:226)
	at unit4cases.EvoMaster_others_Test.test_35(EvoMaster_others_Test.java:1165)
	at java.base/jdk.internal.reflect.DirectMethodHandleAccessor.invoke(DirectMethodHandleAccessor.java:103)
	at java.base/java.lang.reflect.Method.invoke(Method.java:580)
	at org.junit.runners.model.FrameworkMethod$1.runReflectiveCall(FrameworkMethod.java:59)
	at org.junit.internal.runners.model.ReflectiveCallable.run(ReflectiveCallable.java:12)
	at org.junit.runners.model.FrameworkMethod.invokeExplosively(FrameworkMethod.java:56)
	at org.junit.internal.runners.statements.InvokeMethod.evaluate(InvokeMethod.java:17)
	at org.junit.internal.runners.statements.FailOnTimeout$CallableStatement.call(FailOnTimeout.java:299)
	at org.junit.internal.runners.statements.FailOnTimeout$CallableStatement.call(FailOnTimeout.java:293)
	at java.base/java.util.concurrent.FutureTask.run(FutureTask.java:317)
	at java.base/java.lang.Thread.run(Thread.java:1583)
</failure>
    <system-out>Request method:	GET
Request URI:	https://ig.aidtaas.com/mobius-payment-service/v1.0/card-details?emailId=303_qI2GQa2Kk
Proxy:			&lt;none&gt;
Request params:	&lt;none&gt;
Query params:	&lt;none&gt;
Form params:	&lt;none&gt;
Path params:	&lt;none&gt;
Headers:		Authorization=Bearer  eyJhbGciOiJSUzI1NiIsInR5cCIgOiAiSldUIiwia2lkIiA6ICI3Ny1NUVdFRTNHZE5adGlsWU5IYmpsa2dVSkpaWUJWVmN1UmFZdHl5ejFjIn0.eyJleHAiOjE3NDAwODgxMjAsImlhdCI6MTc0MDA1MjEyMCwianRpIjoiYjc4MDZhYTYtZWE3MS00NWJkLWI5ODMtOWU3MDE4OTc4NTYzIiwiaXNzIjoiaHR0cDovL2tleWNsb2FrLXNlcnZpY2Uua2V5Y2xvYWsuc3ZjLmNsdXN0ZXIubG9jYWw6ODA4MC9yZWFsbXMvbWFzdGVyIiwiYXVkIjpbIkJPTFRaTUFOTl9CT1RfbW9iaXVzIiwiUEFTQ0FMX0lOVEVMTElHRU5DRV9tb2JpdXMiLCJNT05FVF9tb2JpdXMiLCJWSU5DSV9tb2JpdXMiLCJhY2NvdW50Il0sInN1YiI6IjJjZjc2ZTVmLTI2YWQtNGYyYy1iY2NjLWY0YmMxZTdiZmI2NCIsInR5cCI6IkJlYXJlciIsImF6cCI6IkhPTEFDUkFDWV9tb2JpdXMiLCJzaWQiOiJmNjcwYzZjMi03OWYzLTQ2YzctOTE5Yy1hNTNhYmRiNTgwNDMiLCJhY3IiOiIxIiwiYWxsb3dlZC1vcmlnaW5zIjpbIi8qIl0sInJlYWxtX2FjY2VzcyI6eyJyb2xlcyI6WyJkZWZhdWx0LXJvbGVzLW1hc3RlciIsIkhDWV9URU5BTlRfQ1VTVE9NIiwib2ZmbGluZV9hY2Nlc3MiLCJCT0JfVEVOQU5UX0NVU1RPTSIsInVtYV9hdXRob3JpemF0aW9uIiwiUElfVEVOQU5UX0NVU1RPTSIsIk1PTkVUX1RFTkFOVF9DVVNUT00iXX0sInJlc291cmNlX2FjY2VzcyI6eyJCT0xUWk1BTk5fQk9UX21vYml1cyI6eyJyb2xlcyI6WyJURU5BTlRfV09SS0ZMT1dfU1VTUEVORF9QUk9DRVNTX0RFRklOSVRJT04iLCJURU5BTlRfV09SS0ZMT1dfU1VTUEVORF9JTlNUQU5DRSIsIlRFTkFOVF9XT1JLRkxPV19SRVRSSUVWRV9BTEwiLCJURU5BTlRfV09SS0ZMT1dfQUNUSVZBVEVfSU5TVEFOQ0UiLCJURU5BTlRfV09SS0ZMT1dfRVhFQ1VURSIsIlRFTkFOVF9XT1JLRkxPV19SRVRSSUVWRV9IT01FIiwiVEVOQU5UX1dPUktGTE9XX1JFVFJJRVZFX1NVU1BFTkRFRF9QUk9DRVNTX0RFRlMiLCJURU5BTlRfV09SS0ZMT1dfQUNUSVZBVEVfUlVOX0pPQiIsIlRFTkFOVF9XT1JLRkxPV19TVEFUVVMiLCJURU5BTlRfV09SS0ZMT1dfQ1JFQVRFIiwiVEVOQU5UX1dPUktGTE9XX0FDVElWSVRZX0RBVEFfQ09VTlQiLCJCT0xUWk1BTk5fQk9UX1VTRVIiLCJURU5BTlRfV09SS0ZMT1dfREVQTE9ZX1ZFUlNJT04iLCJURU5BTlRfV09SS0ZMT1dfSU1QT1JUIiwiVEVOQU5UX1dPUktGTE9XX1VQREFURSIsIlRFTkFOVF9XT1JLRkxPV19ERVBMT1kiLCJURU5BTlRfV09SS0ZMT1dfU1VTUEVORF9SVU5fSk9CIiwiVEVOQU5UX1dPUktGTE9XX1JFVFJJRVZFIiwiVEVOQU5UX1dPUktGTE9XX0RFTEVURSIsIlRFTkFOVF9XT1JLRkxPV19UUklHR0VSX01FU1NBR0VfTElTVEVORVIiXX0sIkhPTEFDUkFDWV9tb2JpdXMiOnsicm9sZXMiOlsiVEVOQU5UX1BST0RVQ1RfUkVUUklFVkVfTUFTVEVSX0NPTkZJRyIsIlRFTkFOVF9JTlZJVEFUSU9OX1JFU1BPTkQiLCJURU5BTlRfTkVHT1RJQVRJT05fQVBQUk9WQUxfQlVZRVIiLCJURU5BTlRfSU5WSVRBVElPTl9SRVRSSUVWRSIsIlRFTkFOVF9PUkdBTklaQVRJT05fQ1JFQVRFIiwiVEVOQU5UX0NSRUFURV9URU5BTlQiLCJURU5BTlRfU1VCX0FMTElBTkNFX1JFVFJJRVZFIiwiVEVOQU5UX1BMQVRGT1JNX0NSRUFURSIsIkhPTEFDUkFDWV9VU0VSIiwiVEVOQU5UX1JBVEVDQVJEX0NSRUFURSIsIlRFTkFOVF9QTEFURk9STV9SRVRSSUVWRSIsIlRFTkFOVF9SRVRSSUVWRV9CWV9CVVlFUl9QTEFURk9STSIsIlRFTkFOVF9TVUJfQUxMSUFOQ0VfUkVUUklFVkVfQUxMIiwiVEVOQU5UX1BST0RVQ1RfUkVUUklFVkUiLCJURU5BTlRfQUNDT1VOVF9ERUxFVEUiLCJURU5BTlRfQUxMSUFOQ0VfUkVUUklFVkUiLCJURU5BTlRfUExBVEZPUk1fVVBEQVRFIiwiVEVOQU5UX0lOVklUQVRJT05fQ1JFQVRFIiwiVEVOQU5UX1JBVEVDQVJEX1JFVFJJRVZFIiwiVEVOQU5UX09SR0FOSVpBVElPTl9VUERBVEUiLCJURU5BTlRfUkFURUNBUkRfVVBEQVRFIiwiVEVOQU5UX09SR0FOSVpBVElPTl9ERUxFVEUiLCJURU5BTlRfUExBVEZPUk1fREVMRVRFIiwiVEVOQU5UX1BST0RVQ1RfQ1JFQVRFIiwiVEVOQU5UX1NVQl9BTExJQU5DRV9DUkVBVEUiLCJURU5BTlRfUkFURUNBUkRfREVMRVRFIiwiVEVOQU5UX0FDQ09VTlRfQ1JFQVRFIiwiVEVOQU5UX0lOVklUQVRJT05fVVBEQVRFIiwiVEVOQU5UX1JFVFJJRVZFX1RFTkFOVCIsIlRFTkFOVF9JTlZJVEFUSU9OX0RFTEVURSIsIlRFTkFOVF9ORUdPVElBVElPTl9BUFBST1ZBTF9TVVBFUl9BRE1JTiIsIlRFTkFOVF9ORUdPVElBVElPTl9SRVRSSUVWRV9BTExfQkVUV0VFTl9CVVlFUl9TRUxMRVIiLCJURU5BTlRfUkVUUklFVkVfVEVOQU5UX0FMTCIsIlRFTkFOVF9ORUdPVElBVElPTl9DUkVBVEUiLCJURU5BTlRfVVBEQVRFX1RFTkFOVCIsIlRFTkFOVF9PUkdBTklaQVRJT05fUkVUUklFVkUiLCJURU5BTlRfQUNDT1VOVF9VUERBVEUiLCJURU5BTlRfUFJPRFVDVF9ERUxFVEUiLCJURU5BTlRfU1VCX0FMTElBTkNFX0RFTEVURSIsIlRFTkFOVF9ORUdPVElBVElPTl9BUFBST1ZBTF9TRUxMRVIiLCJURU5BTlRfU1VCX0FMTElBTkNFX1VQREFURSIsIlRFTkFOVF9QUk9EVUNUX1VQREFURSIsIlRFTkFOVF9BQ0NPVU5UX1JFVFJJRVZFIiwiVEVOQU5UX05FR09USUFUSU9OX1JFVFJJRVZFIiwiVEVOQU5UX0RFTEVURV9URU5BTlQiXX0sIlBBU0NBTF9JTlRFTExJR0VOQ0VfbW9iaXVzIjp7InJvbGVzIjpbIlRFTkFOVF9DT05URVhUX0RFTEVURSIsIlRFTkFOVF9DT05URVhUX1VQREFURSIsIlRFTkFOVF9CSUdRVUVSWV9SRVRSSUVWRSIsIlRFTkFOVF9CSUdRVUVSWV9VUERBVEUiLCJURU5BTlRfVU5JVkVSU0VfQ1JFQVRFIiwiVEVOQU5UX0NPSE9SVFNfUkVUUklFVkUiLCJURU5BTlRfQklHUVVFUllfQ1JFQVRFIiwiVEVOQU5UX0JJR1FVRVJZX0VWQUxVQVRFIiwiVEVOQU5UX0NPSE9SVFNfVVBEQVRFIiwiVEVOQU5UX0NPTlRFWFRfUkVUUklFVkUiLCJURU5BTlRfVU5JVkVSU0VfUkVUUklFVkUiLCJURU5BTlRfQ09IT1JUU19FVkFMVUFURSIsIlRFTkFOVF9CSUdRVUVSWV9ERUxFVEUiLCJURU5BTlRfU0NIRU1BX0NSRUFURSIsIlBBU0NBTF9JTlRFTExJR0VOQ0VfVVNFUiIsIlRFTkFOVF9DT0hPUlRTX0NSRUFURSIsIlRFTkFOVF9TQ0hFTUFfVVBEQVRFIiwiVEVOQU5UX0NPTlRFWFRfQVBQUk9WRSIsIlRFTkFOVF9VTklWRVJTRV9VUERBVEUiLCJURU5BTlRfQklHUVVFUllfQVBQUk9WRSIsIlRFTkFOVF9TQ0hFTUFfUkVUUklFVkUiLCJURU5BTlRfU0NIRU1BX0FQUFJPVkUiLCJURU5BTlRfQ09OVEVYVF9FVkFMVUFURSIsIlRFTkFOVF9TQ0hFTUFfREVMRVRFIiwiVEVOQU5UX0NPTlRFWFRfQ1JFQVRFIiwiVEVOQU5UX1NDSEVNQV9EQVRBX1JFVFJJRVZFIiwiVEVOQU5UX1NDSEVNQV9EQVRBX0RFTEVURSIsIlRFTkFOVF9TQ0hFTUFfREFUQV9VUERBVEUiLCJURU5BTlRfQ09IT1JUU19ERUxFVEUiLCJURU5BTlRfVU5JVkVSU0VfREVMRVRFIiwiVEVOQU5UX1NDSEVNQV9EQVRBX0lOR0VTVElPTiIsIlRFTkFOVF9DT0hPUlRTX0FQUFJPVkUiXX0sIk1PTkVUX21vYml1cyI6eyJyb2xlcyI6WyJURU5BTlRfQVBQTEVUU19SRVRSSUVWRV9BTExfUFVCTElTSEVEIiwiVEVOQU5UX1dJREdFVFNfUkVUUklFVkVfRFJBRlQiLCJURU5BTlRfV0lER0VUU19VUERBVEUiLCJURU5BTlRfQVBQTEVUU19ERUxFVEUiLCJURU5BTlRfV0lER0VUU19ERUxFVEUiLCJURU5BTlRfUExVR0lOX0NBVEVHT1JZX1JFVFJJRVZFX0FMTCIsIlRFTkFOVF9BUFBMRVRTX1VQREFURV9ISVNUT1JZIiwiVEVOQU5UX0VYUEVSSUVOQ0VTX0NSRUFURSIsIlRFTkFOVF9XSURHRVRTX1JFVFJJRVZFX1BVQkxJU0giLCJURU5BTlRfUExVR0lOX0NBVEVHT1JZX0NSRUFURSIsIlRFTkFOVF9ERVBFTkRFTkNZX1JFVFJJRVZFX0FMTCIsIlRFTkFOVF9XSURHRVRTX1BVQkxJU0giLCJURU5BTlRfUkVUUklFVkVfRklFTERTX09GX1BVQkxJU0hFRCIsIlRFTkFOVF9FWFBFUklFTkNFU19VUERBVEUiLCJURU5BTlRfQVBQTEVUU19DUkVBVEUiLCJURU5BTlRfUExVR0lOU19ERUxFVEUiLCJURU5BTlRfQVBQTEVUU19SRVRSSUVWRV9BTExfRFJBRlQiLCJURU5BTlRfUExVR0lOU19VUERBVEUiLCJURU5BTlRfQVBQTEVUU19SRVRSSUVWRV9GUk9NX0hJU1RPUlkiLCJURU5BTlRfUkVUUklFVkVfRklFTERTX09GX0RSQUZUIiwiVEVOQU5UX0FQUExFVFNfUkVUUklFVkVfUFVCTElTSEVEIiwiVEVOQU5UX0FQUExFVFNfUFVCTElTSEVEIiwiVEVOQU5UX1dJREdFVFNfUkVUUklFVkUiLCJURU5BTlRfUExVR0lOX0NBVEVHT1JZX0RFTEVURSIsIlRFTkFOVF9QTFVHSU5fQ0FURUdPUllfUFVCTElTSCIsIlRFTkFOVF9QTFVHSU5fQ0FURUdPUllfREVMRVRFX0NPTVBfRlJPTSIsIlRFTkFOVF9SRVRSSUVWRV9QVUJMSVNIRUQiLCJURU5BTlRfUExVR0lOU19SRVRSSUVWRSIsIlRFTkFOVF9QTFVHSU5TX0NSRUFURSIsIlRFTkFOVF9XSURHRVRTX0NSRUFURSIsIlRFTkFOVF9BUFBMRVRTX1JFVFJJRVZFX0FMTF9QVUJMSVNIRURfVEhVTUJOQUlMUyIsIk1PTkVUX1VTRVIiLCJURU5BTlRfRVhQRVJJRU5DRVNfREVMRVRFIiwiVEVOQU5UX0VYUEVSSUVOQ0VTX1BVQkxJU0giLCJURU5BTlRfUkVUUklFVkVfRlJPTV9ISVNUT1JZIiwiVEVOQU5UX1BMVUdJTl9DQVRFR09SWV9VUERBVEUiXX0sIlZJTkNJX21vYml1cyI6eyJyb2xlcyI6WyJWSU5DSV9VU0VSIl19LCJhY2NvdW50Ijp7InJvbGVzIjpbIm1hbmFnZS1hY2NvdW50IiwibWFuYWdlLWFjY291bnQtbGlua3MiLCJ2aWV3LXByb2ZpbGUiXX19LCJzY29wZSI6InByb2ZpbGUgZW1haWwiLCJyZXF1ZXN0ZXJUeXBlIjoiVEVOQU5UIiwiZW1haWxfdmVyaWZpZWQiOnRydWUsIm5hbWUiOiJBaWR0YWFzIEFpZHRhYXMiLCJ0ZW5hbnRJZCI6IjJjZjc2ZTVmLTI2YWQtNGYyYy1iY2NjLWY0YmMxZTdiZmI2NCIsInByZWZlcnJlZF91c2VybmFtZSI6InBhc3N3b3JkX3RlbmFudF9haWR0YWFzQGdhaWFuc29sdXRpb25zLmNvbSIsImdpdmVuX25hbWUiOiJBaWR0YWFzIiwiZmFtaWx5X25hbWUiOiJBaWR0YWFzIiwiZW1haWwiOiJwYXNzd29yZF90ZW5hbnRfYWlkdGFhc0BnYWlhbnNvbHV0aW9ucy5jb20ifQ.G22UWdZfpDy2T8neTapxgOEwLcTJnbjop5nrm13HlhaUON7HfGI1b-n7D7FRAcRr2u7xBEE7MwJ3OSJyfjIQamrmV1U0PYtVogiw3EQcp41YWWAnpuaG41KiZvYuxGdFO1uADRRSrbnzDP44nnh75gQxL-s_blP160DEyu4gIfJ3f3Vz_wI_6yZ1aqpsz-8r8YpbeQbgrcV577yF2lTbmavmNDA6R_FW2rF8Y-mLfFbhAkQqmpuYDWdXv7_cyOmECs53ROlGzPd-DIUi1mw9_Af0tIC6DKh1nbbp16VPKqzmCPVfI1VGNZSCzVYOAr-XApRi0JZ39ub0aO1FsZzCjA
				Accept=msc
Cookies:		&lt;none&gt;
Multiparts:		&lt;none&gt;
Body:			&lt;none&gt;

HTTP/1.1 401 Unauthorized
www-authenticate: Bearer realm=&quot;https://ig.aidtaas.com/mobius-payment-service/v1.0/card-details?emailId=303_qI2GQa2Kk&quot;, error=&quot;invalid_token&quot;
content-length: 14
content-type: text/plain
date: Fri, 21 Feb 2025 06:21:47 GMT
server: istio-envoy
x-envoy-upstream-service-time: 3

Jwt is expired
</system-out>
  </testcase>
  <testcase classname="unit4cases.EvoMaster_others_Test" name="test_36" time="0.048">
    <failure message="1 expectation failed.
Expected content-type &quot;application/json&quot; doesn&apos;t match actual content-type &quot;text/plain&quot;.
" type="java.lang.AssertionError">java.lang.AssertionError: 1 expectation failed.
Expected content-type &quot;application/json&quot; doesn&apos;t match actual content-type &quot;text/plain&quot;.

	at java.base/jdk.internal.reflect.DirectConstructorHandleAccessor.newInstance(DirectConstructorHandleAccessor.java:62)
	at java.base/java.lang.reflect.Constructor.newInstanceWithCaller(Constructor.java:502)
	at java.base/java.lang.reflect.Constructor.newInstance(Constructor.java:486)
	at org.codehaus.groovy.reflection.CachedConstructor.invoke(CachedConstructor.java:73)
	at org.codehaus.groovy.runtime.callsite.ConstructorSite$ConstructorSiteNoUnwrapNoCoerce.callConstructor(ConstructorSite.java:108)
	at org.codehaus.groovy.runtime.callsite.AbstractCallSite.callConstructor(AbstractCallSite.java:277)
	at io.restassured.internal.ResponseSpecificationImpl$HamcrestAssertionClosure.validate(ResponseSpecificationImpl.groovy:512)
	at io.restassured.internal.ResponseSpecificationImpl$HamcrestAssertionClosure$validate$1.call(Unknown Source)
	at io.restassured.internal.ResponseSpecificationImpl.validateResponseIfRequired(ResponseSpecificationImpl.groovy:696)
	at io.restassured.internal.ResponseSpecificationImpl.this$2$validateResponseIfRequired(ResponseSpecificationImpl.groovy)
	at java.base/jdk.internal.reflect.DirectMethodHandleAccessor.invoke(DirectMethodHandleAccessor.java:103)
	at java.base/java.lang.reflect.Method.invoke(Method.java:580)
	at org.codehaus.groovy.runtime.callsite.PlainObjectMetaMethodSite.doInvoke(PlainObjectMetaMethodSite.java:43)
	at org.codehaus.groovy.runtime.callsite.PogoMetaMethodSite$PogoCachedMethodSiteNoUnwrapNoCoerce.invoke(PogoMetaMethodSite.java:198)
	at org.codehaus.groovy.runtime.callsite.PogoMetaMethodSite.callCurrent(PogoMetaMethodSite.java:62)
	at org.codehaus.groovy.runtime.callsite.AbstractCallSite.callCurrent(AbstractCallSite.java:185)
	at io.restassured.internal.ResponseSpecificationImpl.contentType(ResponseSpecificationImpl.groovy:443)
	at io.restassured.internal.ValidatableResponseOptionsImpl.contentType(ValidatableResponseOptionsImpl.java:226)
	at unit4cases.EvoMaster_others_Test.test_36(EvoMaster_others_Test.java:1200)
	at java.base/jdk.internal.reflect.DirectMethodHandleAccessor.invoke(DirectMethodHandleAccessor.java:103)
	at java.base/java.lang.reflect.Method.invoke(Method.java:580)
	at org.junit.runners.model.FrameworkMethod$1.runReflectiveCall(FrameworkMethod.java:59)
	at org.junit.internal.runners.model.ReflectiveCallable.run(ReflectiveCallable.java:12)
	at org.junit.runners.model.FrameworkMethod.invokeExplosively(FrameworkMethod.java:56)
	at org.junit.internal.runners.statements.InvokeMethod.evaluate(InvokeMethod.java:17)
	at org.junit.internal.runners.statements.FailOnTimeout$CallableStatement.call(FailOnTimeout.java:299)
	at org.junit.internal.runners.statements.FailOnTimeout$CallableStatement.call(FailOnTimeout.java:293)
	at java.base/java.util.concurrent.FutureTask.run(FutureTask.java:317)
	at java.base/java.lang.Thread.run(Thread.java:1583)
</failure>
    <system-out>Request method:	PUT
Request URI:	https://ig.aidtaas.com/mobius-payment-service/v1.0/client-details/2LRbpaA
Proxy:			&lt;none&gt;
Request params:	&lt;none&gt;
Query params:	&lt;none&gt;
Form params:	&lt;none&gt;
Path params:	&lt;none&gt;
Headers:		Accept=application/json
				Authorization=Bearer  eyJhbGciOiJSUzI1NiIsInR5cCIgOiAiSldUIiwia2lkIiA6ICI3Ny1NUVdFRTNHZE5adGlsWU5IYmpsa2dVSkpaWUJWVmN1UmFZdHl5ejFjIn0.eyJleHAiOjE3NDAwODgxMjAsImlhdCI6MTc0MDA1MjEyMCwianRpIjoiYjc4MDZhYTYtZWE3MS00NWJkLWI5ODMtOWU3MDE4OTc4NTYzIiwiaXNzIjoiaHR0cDovL2tleWNsb2FrLXNlcnZpY2Uua2V5Y2xvYWsuc3ZjLmNsdXN0ZXIubG9jYWw6ODA4MC9yZWFsbXMvbWFzdGVyIiwiYXVkIjpbIkJPTFRaTUFOTl9CT1RfbW9iaXVzIiwiUEFTQ0FMX0lOVEVMTElHRU5DRV9tb2JpdXMiLCJNT05FVF9tb2JpdXMiLCJWSU5DSV9tb2JpdXMiLCJhY2NvdW50Il0sInN1YiI6IjJjZjc2ZTVmLTI2YWQtNGYyYy1iY2NjLWY0YmMxZTdiZmI2NCIsInR5cCI6IkJlYXJlciIsImF6cCI6IkhPTEFDUkFDWV9tb2JpdXMiLCJzaWQiOiJmNjcwYzZjMi03OWYzLTQ2YzctOTE5Yy1hNTNhYmRiNTgwNDMiLCJhY3IiOiIxIiwiYWxsb3dlZC1vcmlnaW5zIjpbIi8qIl0sInJlYWxtX2FjY2VzcyI6eyJyb2xlcyI6WyJkZWZhdWx0LXJvbGVzLW1hc3RlciIsIkhDWV9URU5BTlRfQ1VTVE9NIiwib2ZmbGluZV9hY2Nlc3MiLCJCT0JfVEVOQU5UX0NVU1RPTSIsInVtYV9hdXRob3JpemF0aW9uIiwiUElfVEVOQU5UX0NVU1RPTSIsIk1PTkVUX1RFTkFOVF9DVVNUT00iXX0sInJlc291cmNlX2FjY2VzcyI6eyJCT0xUWk1BTk5fQk9UX21vYml1cyI6eyJyb2xlcyI6WyJURU5BTlRfV09SS0ZMT1dfU1VTUEVORF9QUk9DRVNTX0RFRklOSVRJT04iLCJURU5BTlRfV09SS0ZMT1dfU1VTUEVORF9JTlNUQU5DRSIsIlRFTkFOVF9XT1JLRkxPV19SRVRSSUVWRV9BTEwiLCJURU5BTlRfV09SS0ZMT1dfQUNUSVZBVEVfSU5TVEFOQ0UiLCJURU5BTlRfV09SS0ZMT1dfRVhFQ1VURSIsIlRFTkFOVF9XT1JLRkxPV19SRVRSSUVWRV9IT01FIiwiVEVOQU5UX1dPUktGTE9XX1JFVFJJRVZFX1NVU1BFTkRFRF9QUk9DRVNTX0RFRlMiLCJURU5BTlRfV09SS0ZMT1dfQUNUSVZBVEVfUlVOX0pPQiIsIlRFTkFOVF9XT1JLRkxPV19TVEFUVVMiLCJURU5BTlRfV09SS0ZMT1dfQ1JFQVRFIiwiVEVOQU5UX1dPUktGTE9XX0FDVElWSVRZX0RBVEFfQ09VTlQiLCJCT0xUWk1BTk5fQk9UX1VTRVIiLCJURU5BTlRfV09SS0ZMT1dfREVQTE9ZX1ZFUlNJT04iLCJURU5BTlRfV09SS0ZMT1dfSU1QT1JUIiwiVEVOQU5UX1dPUktGTE9XX1VQREFURSIsIlRFTkFOVF9XT1JLRkxPV19ERVBMT1kiLCJURU5BTlRfV09SS0ZMT1dfU1VTUEVORF9SVU5fSk9CIiwiVEVOQU5UX1dPUktGTE9XX1JFVFJJRVZFIiwiVEVOQU5UX1dPUktGTE9XX0RFTEVURSIsIlRFTkFOVF9XT1JLRkxPV19UUklHR0VSX01FU1NBR0VfTElTVEVORVIiXX0sIkhPTEFDUkFDWV9tb2JpdXMiOnsicm9sZXMiOlsiVEVOQU5UX1BST0RVQ1RfUkVUUklFVkVfTUFTVEVSX0NPTkZJRyIsIlRFTkFOVF9JTlZJVEFUSU9OX1JFU1BPTkQiLCJURU5BTlRfTkVHT1RJQVRJT05fQVBQUk9WQUxfQlVZRVIiLCJURU5BTlRfSU5WSVRBVElPTl9SRVRSSUVWRSIsIlRFTkFOVF9PUkdBTklaQVRJT05fQ1JFQVRFIiwiVEVOQU5UX0NSRUFURV9URU5BTlQiLCJURU5BTlRfU1VCX0FMTElBTkNFX1JFVFJJRVZFIiwiVEVOQU5UX1BMQVRGT1JNX0NSRUFURSIsIkhPTEFDUkFDWV9VU0VSIiwiVEVOQU5UX1JBVEVDQVJEX0NSRUFURSIsIlRFTkFOVF9QTEFURk9STV9SRVRSSUVWRSIsIlRFTkFOVF9SRVRSSUVWRV9CWV9CVVlFUl9QTEFURk9STSIsIlRFTkFOVF9TVUJfQUxMSUFOQ0VfUkVUUklFVkVfQUxMIiwiVEVOQU5UX1BST0RVQ1RfUkVUUklFVkUiLCJURU5BTlRfQUNDT1VOVF9ERUxFVEUiLCJURU5BTlRfQUxMSUFOQ0VfUkVUUklFVkUiLCJURU5BTlRfUExBVEZPUk1fVVBEQVRFIiwiVEVOQU5UX0lOVklUQVRJT05fQ1JFQVRFIiwiVEVOQU5UX1JBVEVDQVJEX1JFVFJJRVZFIiwiVEVOQU5UX09SR0FOSVpBVElPTl9VUERBVEUiLCJURU5BTlRfUkFURUNBUkRfVVBEQVRFIiwiVEVOQU5UX09SR0FOSVpBVElPTl9ERUxFVEUiLCJURU5BTlRfUExBVEZPUk1fREVMRVRFIiwiVEVOQU5UX1BST0RVQ1RfQ1JFQVRFIiwiVEVOQU5UX1NVQl9BTExJQU5DRV9DUkVBVEUiLCJURU5BTlRfUkFURUNBUkRfREVMRVRFIiwiVEVOQU5UX0FDQ09VTlRfQ1JFQVRFIiwiVEVOQU5UX0lOVklUQVRJT05fVVBEQVRFIiwiVEVOQU5UX1JFVFJJRVZFX1RFTkFOVCIsIlRFTkFOVF9JTlZJVEFUSU9OX0RFTEVURSIsIlRFTkFOVF9ORUdPVElBVElPTl9BUFBST1ZBTF9TVVBFUl9BRE1JTiIsIlRFTkFOVF9ORUdPVElBVElPTl9SRVRSSUVWRV9BTExfQkVUV0VFTl9CVVlFUl9TRUxMRVIiLCJURU5BTlRfUkVUUklFVkVfVEVOQU5UX0FMTCIsIlRFTkFOVF9ORUdPVElBVElPTl9DUkVBVEUiLCJURU5BTlRfVVBEQVRFX1RFTkFOVCIsIlRFTkFOVF9PUkdBTklaQVRJT05fUkVUUklFVkUiLCJURU5BTlRfQUNDT1VOVF9VUERBVEUiLCJURU5BTlRfUFJPRFVDVF9ERUxFVEUiLCJURU5BTlRfU1VCX0FMTElBTkNFX0RFTEVURSIsIlRFTkFOVF9ORUdPVElBVElPTl9BUFBST1ZBTF9TRUxMRVIiLCJURU5BTlRfU1VCX0FMTElBTkNFX1VQREFURSIsIlRFTkFOVF9QUk9EVUNUX1VQREFURSIsIlRFTkFOVF9BQ0NPVU5UX1JFVFJJRVZFIiwiVEVOQU5UX05FR09USUFUSU9OX1JFVFJJRVZFIiwiVEVOQU5UX0RFTEVURV9URU5BTlQiXX0sIlBBU0NBTF9JTlRFTExJR0VOQ0VfbW9iaXVzIjp7InJvbGVzIjpbIlRFTkFOVF9DT05URVhUX0RFTEVURSIsIlRFTkFOVF9DT05URVhUX1VQREFURSIsIlRFTkFOVF9CSUdRVUVSWV9SRVRSSUVWRSIsIlRFTkFOVF9CSUdRVUVSWV9VUERBVEUiLCJURU5BTlRfVU5JVkVSU0VfQ1JFQVRFIiwiVEVOQU5UX0NPSE9SVFNfUkVUUklFVkUiLCJURU5BTlRfQklHUVVFUllfQ1JFQVRFIiwiVEVOQU5UX0JJR1FVRVJZX0VWQUxVQVRFIiwiVEVOQU5UX0NPSE9SVFNfVVBEQVRFIiwiVEVOQU5UX0NPTlRFWFRfUkVUUklFVkUiLCJURU5BTlRfVU5JVkVSU0VfUkVUUklFVkUiLCJURU5BTlRfQ09IT1JUU19FVkFMVUFURSIsIlRFTkFOVF9CSUdRVUVSWV9ERUxFVEUiLCJURU5BTlRfU0NIRU1BX0NSRUFURSIsIlBBU0NBTF9JTlRFTExJR0VOQ0VfVVNFUiIsIlRFTkFOVF9DT0hPUlRTX0NSRUFURSIsIlRFTkFOVF9TQ0hFTUFfVVBEQVRFIiwiVEVOQU5UX0NPTlRFWFRfQVBQUk9WRSIsIlRFTkFOVF9VTklWRVJTRV9VUERBVEUiLCJURU5BTlRfQklHUVVFUllfQVBQUk9WRSIsIlRFTkFOVF9TQ0hFTUFfUkVUUklFVkUiLCJURU5BTlRfU0NIRU1BX0FQUFJPVkUiLCJURU5BTlRfQ09OVEVYVF9FVkFMVUFURSIsIlRFTkFOVF9TQ0hFTUFfREVMRVRFIiwiVEVOQU5UX0NPTlRFWFRfQ1JFQVRFIiwiVEVOQU5UX1NDSEVNQV9EQVRBX1JFVFJJRVZFIiwiVEVOQU5UX1NDSEVNQV9EQVRBX0RFTEVURSIsIlRFTkFOVF9TQ0hFTUFfREFUQV9VUERBVEUiLCJURU5BTlRfQ09IT1JUU19ERUxFVEUiLCJURU5BTlRfVU5JVkVSU0VfREVMRVRFIiwiVEVOQU5UX1NDSEVNQV9EQVRBX0lOR0VTVElPTiIsIlRFTkFOVF9DT0hPUlRTX0FQUFJPVkUiXX0sIk1PTkVUX21vYml1cyI6eyJyb2xlcyI6WyJURU5BTlRfQVBQTEVUU19SRVRSSUVWRV9BTExfUFVCTElTSEVEIiwiVEVOQU5UX1dJREdFVFNfUkVUUklFVkVfRFJBRlQiLCJURU5BTlRfV0lER0VUU19VUERBVEUiLCJURU5BTlRfQVBQTEVUU19ERUxFVEUiLCJURU5BTlRfV0lER0VUU19ERUxFVEUiLCJURU5BTlRfUExVR0lOX0NBVEVHT1JZX1JFVFJJRVZFX0FMTCIsIlRFTkFOVF9BUFBMRVRTX1VQREFURV9ISVNUT1JZIiwiVEVOQU5UX0VYUEVSSUVOQ0VTX0NSRUFURSIsIlRFTkFOVF9XSURHRVRTX1JFVFJJRVZFX1BVQkxJU0giLCJURU5BTlRfUExVR0lOX0NBVEVHT1JZX0NSRUFURSIsIlRFTkFOVF9ERVBFTkRFTkNZX1JFVFJJRVZFX0FMTCIsIlRFTkFOVF9XSURHRVRTX1BVQkxJU0giLCJURU5BTlRfUkVUUklFVkVfRklFTERTX09GX1BVQkxJU0hFRCIsIlRFTkFOVF9FWFBFUklFTkNFU19VUERBVEUiLCJURU5BTlRfQVBQTEVUU19DUkVBVEUiLCJURU5BTlRfUExVR0lOU19ERUxFVEUiLCJURU5BTlRfQVBQTEVUU19SRVRSSUVWRV9BTExfRFJBRlQiLCJURU5BTlRfUExVR0lOU19VUERBVEUiLCJURU5BTlRfQVBQTEVUU19SRVRSSUVWRV9GUk9NX0hJU1RPUlkiLCJURU5BTlRfUkVUUklFVkVfRklFTERTX09GX0RSQUZUIiwiVEVOQU5UX0FQUExFVFNfUkVUUklFVkVfUFVCTElTSEVEIiwiVEVOQU5UX0FQUExFVFNfUFVCTElTSEVEIiwiVEVOQU5UX1dJREdFVFNfUkVUUklFVkUiLCJURU5BTlRfUExVR0lOX0NBVEVHT1JZX0RFTEVURSIsIlRFTkFOVF9QTFVHSU5fQ0FURUdPUllfUFVCTElTSCIsIlRFTkFOVF9QTFVHSU5fQ0FURUdPUllfREVMRVRFX0NPTVBfRlJPTSIsIlRFTkFOVF9SRVRSSUVWRV9QVUJMSVNIRUQiLCJURU5BTlRfUExVR0lOU19SRVRSSUVWRSIsIlRFTkFOVF9QTFVHSU5TX0NSRUFURSIsIlRFTkFOVF9XSURHRVRTX0NSRUFURSIsIlRFTkFOVF9BUFBMRVRTX1JFVFJJRVZFX0FMTF9QVUJMSVNIRURfVEhVTUJOQUlMUyIsIk1PTkVUX1VTRVIiLCJURU5BTlRfRVhQRVJJRU5DRVNfREVMRVRFIiwiVEVOQU5UX0VYUEVSSUVOQ0VTX1BVQkxJU0giLCJURU5BTlRfUkVUUklFVkVfRlJPTV9ISVNUT1JZIiwiVEVOQU5UX1BMVUdJTl9DQVRFR09SWV9VUERBVEUiXX0sIlZJTkNJX21vYml1cyI6eyJyb2xlcyI6WyJWSU5DSV9VU0VSIl19LCJhY2NvdW50Ijp7InJvbGVzIjpbIm1hbmFnZS1hY2NvdW50IiwibWFuYWdlLWFjY291bnQtbGlua3MiLCJ2aWV3LXByb2ZpbGUiXX19LCJzY29wZSI6InByb2ZpbGUgZW1haWwiLCJyZXF1ZXN0ZXJUeXBlIjoiVEVOQU5UIiwiZW1haWxfdmVyaWZpZWQiOnRydWUsIm5hbWUiOiJBaWR0YWFzIEFpZHRhYXMiLCJ0ZW5hbnRJZCI6IjJjZjc2ZTVmLTI2YWQtNGYyYy1iY2NjLWY0YmMxZTdiZmI2NCIsInByZWZlcnJlZF91c2VybmFtZSI6InBhc3N3b3JkX3RlbmFudF9haWR0YWFzQGdhaWFuc29sdXRpb25zLmNvbSIsImdpdmVuX25hbWUiOiJBaWR0YWFzIiwiZmFtaWx5X25hbWUiOiJBaWR0YWFzIiwiZW1haWwiOiJwYXNzd29yZF90ZW5hbnRfYWlkdGFhc0BnYWlhbnNvbHV0aW9ucy5jb20ifQ.G22UWdZfpDy2T8neTapxgOEwLcTJnbjop5nrm13HlhaUON7HfGI1b-n7D7FRAcRr2u7xBEE7MwJ3OSJyfjIQamrmV1U0PYtVogiw3EQcp41YWWAnpuaG41KiZvYuxGdFO1uADRRSrbnzDP44nnh75gQxL-s_blP160DEyu4gIfJ3f3Vz_wI_6yZ1aqpsz-8r8YpbeQbgrcV577yF2lTbmavmNDA6R_FW2rF8Y-mLfFbhAkQqmpuYDWdXv7_cyOmECs53ROlGzPd-DIUi1mw9_Af0tIC6DKh1nbbp16VPKqzmCPVfI1VGNZSCzVYOAr-XApRi0JZ39ub0aO1FsZzCjA
				Content-Type=application/json
Cookies:		&lt;none&gt;
Multiparts:		&lt;none&gt;
Body:
{
    &quot;clientId&quot;: &quot;_NN30dd&quot;,
    &quot;clientKey&quot;: &quot;tM8ojfRY0F86t&quot;,
    &quot;clientPwd&quot;: &quot;OhecdPdE&quot;,
    &quot;clientName&quot;: &quot;nz7_prvFYjgKIC&quot;,
    &quot;description&quot;: &quot;zBpQPy5jXe&quot;,
    &quot;emailId&quot;: &quot;0c5gF3inh&quot;
}

HTTP/1.1 401 Unauthorized
www-authenticate: Bearer realm=&quot;https://ig.aidtaas.com/mobius-payment-service/v1.0/client-details/2LRbpaA&quot;, error=&quot;invalid_token&quot;
content-length: 14
content-type: text/plain
date: Fri, 21 Feb 2025 06:21:47 GMT
server: istio-envoy
x-envoy-upstream-service-time: 3

Jwt is expired
</system-out>
  </testcase>
  <testcase classname="unit4cases.EvoMaster_others_Test" name="test_37" time="0.06">
    <failure message="1 expectation failed.
Expected content-type &quot;application/json&quot; doesn&apos;t match actual content-type &quot;text/plain&quot;.
" type="java.lang.AssertionError">java.lang.AssertionError: 1 expectation failed.
Expected content-type &quot;application/json&quot; doesn&apos;t match actual content-type &quot;text/plain&quot;.

	at java.base/jdk.internal.reflect.DirectConstructorHandleAccessor.newInstance(DirectConstructorHandleAccessor.java:62)
	at java.base/java.lang.reflect.Constructor.newInstanceWithCaller(Constructor.java:502)
	at java.base/java.lang.reflect.Constructor.newInstance(Constructor.java:486)
	at org.codehaus.groovy.reflection.CachedConstructor.invoke(CachedConstructor.java:73)
	at org.codehaus.groovy.runtime.callsite.ConstructorSite$ConstructorSiteNoUnwrapNoCoerce.callConstructor(ConstructorSite.java:108)
	at org.codehaus.groovy.runtime.callsite.AbstractCallSite.callConstructor(AbstractCallSite.java:277)
	at io.restassured.internal.ResponseSpecificationImpl$HamcrestAssertionClosure.validate(ResponseSpecificationImpl.groovy:512)
	at io.restassured.internal.ResponseSpecificationImpl$HamcrestAssertionClosure$validate$1.call(Unknown Source)
	at io.restassured.internal.ResponseSpecificationImpl.validateResponseIfRequired(ResponseSpecificationImpl.groovy:696)
	at io.restassured.internal.ResponseSpecificationImpl.this$2$validateResponseIfRequired(ResponseSpecificationImpl.groovy)
	at java.base/jdk.internal.reflect.DirectMethodHandleAccessor.invoke(DirectMethodHandleAccessor.java:103)
	at java.base/java.lang.reflect.Method.invoke(Method.java:580)
	at org.codehaus.groovy.runtime.callsite.PlainObjectMetaMethodSite.doInvoke(PlainObjectMetaMethodSite.java:43)
	at org.codehaus.groovy.runtime.callsite.PogoMetaMethodSite$PogoCachedMethodSiteNoUnwrapNoCoerce.invoke(PogoMetaMethodSite.java:198)
	at org.codehaus.groovy.runtime.callsite.PogoMetaMethodSite.callCurrent(PogoMetaMethodSite.java:62)
	at org.codehaus.groovy.runtime.callsite.AbstractCallSite.callCurrent(AbstractCallSite.java:185)
	at io.restassured.internal.ResponseSpecificationImpl.contentType(ResponseSpecificationImpl.groovy:443)
	at io.restassured.internal.ValidatableResponseOptionsImpl.contentType(ValidatableResponseOptionsImpl.java:226)
	at unit4cases.EvoMaster_others_Test.test_37(EvoMaster_others_Test.java:1230)
	at java.base/jdk.internal.reflect.DirectMethodHandleAccessor.invoke(DirectMethodHandleAccessor.java:103)
	at java.base/java.lang.reflect.Method.invoke(Method.java:580)
	at org.junit.runners.model.FrameworkMethod$1.runReflectiveCall(FrameworkMethod.java:59)
	at org.junit.internal.runners.model.ReflectiveCallable.run(ReflectiveCallable.java:12)
	at org.junit.runners.model.FrameworkMethod.invokeExplosively(FrameworkMethod.java:56)
	at org.junit.internal.runners.statements.InvokeMethod.evaluate(InvokeMethod.java:17)
	at org.junit.internal.runners.statements.FailOnTimeout$CallableStatement.call(FailOnTimeout.java:299)
	at org.junit.internal.runners.statements.FailOnTimeout$CallableStatement.call(FailOnTimeout.java:293)
	at java.base/java.util.concurrent.FutureTask.run(FutureTask.java:317)
	at java.base/java.lang.Thread.run(Thread.java:1583)
</failure>
    <system-out>Request method:	PUT
Request URI:	https://ig.aidtaas.com/mobius-payment-service/v1.0/client-gateways/vHQE
Proxy:			&lt;none&gt;
Request params:	&lt;none&gt;
Query params:	&lt;none&gt;
Form params:	&lt;none&gt;
Path params:	&lt;none&gt;
Headers:		Accept=application/json
				Authorization=Bearer  eyJhbGciOiJSUzI1NiIsInR5cCIgOiAiSldUIiwia2lkIiA6ICI3Ny1NUVdFRTNHZE5adGlsWU5IYmpsa2dVSkpaWUJWVmN1UmFZdHl5ejFjIn0.eyJleHAiOjE3NDAwODgxMjAsImlhdCI6MTc0MDA1MjEyMCwianRpIjoiYjc4MDZhYTYtZWE3MS00NWJkLWI5ODMtOWU3MDE4OTc4NTYzIiwiaXNzIjoiaHR0cDovL2tleWNsb2FrLXNlcnZpY2Uua2V5Y2xvYWsuc3ZjLmNsdXN0ZXIubG9jYWw6ODA4MC9yZWFsbXMvbWFzdGVyIiwiYXVkIjpbIkJPTFRaTUFOTl9CT1RfbW9iaXVzIiwiUEFTQ0FMX0lOVEVMTElHRU5DRV9tb2JpdXMiLCJNT05FVF9tb2JpdXMiLCJWSU5DSV9tb2JpdXMiLCJhY2NvdW50Il0sInN1YiI6IjJjZjc2ZTVmLTI2YWQtNGYyYy1iY2NjLWY0YmMxZTdiZmI2NCIsInR5cCI6IkJlYXJlciIsImF6cCI6IkhPTEFDUkFDWV9tb2JpdXMiLCJzaWQiOiJmNjcwYzZjMi03OWYzLTQ2YzctOTE5Yy1hNTNhYmRiNTgwNDMiLCJhY3IiOiIxIiwiYWxsb3dlZC1vcmlnaW5zIjpbIi8qIl0sInJlYWxtX2FjY2VzcyI6eyJyb2xlcyI6WyJkZWZhdWx0LXJvbGVzLW1hc3RlciIsIkhDWV9URU5BTlRfQ1VTVE9NIiwib2ZmbGluZV9hY2Nlc3MiLCJCT0JfVEVOQU5UX0NVU1RPTSIsInVtYV9hdXRob3JpemF0aW9uIiwiUElfVEVOQU5UX0NVU1RPTSIsIk1PTkVUX1RFTkFOVF9DVVNUT00iXX0sInJlc291cmNlX2FjY2VzcyI6eyJCT0xUWk1BTk5fQk9UX21vYml1cyI6eyJyb2xlcyI6WyJURU5BTlRfV09SS0ZMT1dfU1VTUEVORF9QUk9DRVNTX0RFRklOSVRJT04iLCJURU5BTlRfV09SS0ZMT1dfU1VTUEVORF9JTlNUQU5DRSIsIlRFTkFOVF9XT1JLRkxPV19SRVRSSUVWRV9BTEwiLCJURU5BTlRfV09SS0ZMT1dfQUNUSVZBVEVfSU5TVEFOQ0UiLCJURU5BTlRfV09SS0ZMT1dfRVhFQ1VURSIsIlRFTkFOVF9XT1JLRkxPV19SRVRSSUVWRV9IT01FIiwiVEVOQU5UX1dPUktGTE9XX1JFVFJJRVZFX1NVU1BFTkRFRF9QUk9DRVNTX0RFRlMiLCJURU5BTlRfV09SS0ZMT1dfQUNUSVZBVEVfUlVOX0pPQiIsIlRFTkFOVF9XT1JLRkxPV19TVEFUVVMiLCJURU5BTlRfV09SS0ZMT1dfQ1JFQVRFIiwiVEVOQU5UX1dPUktGTE9XX0FDVElWSVRZX0RBVEFfQ09VTlQiLCJCT0xUWk1BTk5fQk9UX1VTRVIiLCJURU5BTlRfV09SS0ZMT1dfREVQTE9ZX1ZFUlNJT04iLCJURU5BTlRfV09SS0ZMT1dfSU1QT1JUIiwiVEVOQU5UX1dPUktGTE9XX1VQREFURSIsIlRFTkFOVF9XT1JLRkxPV19ERVBMT1kiLCJURU5BTlRfV09SS0ZMT1dfU1VTUEVORF9SVU5fSk9CIiwiVEVOQU5UX1dPUktGTE9XX1JFVFJJRVZFIiwiVEVOQU5UX1dPUktGTE9XX0RFTEVURSIsIlRFTkFOVF9XT1JLRkxPV19UUklHR0VSX01FU1NBR0VfTElTVEVORVIiXX0sIkhPTEFDUkFDWV9tb2JpdXMiOnsicm9sZXMiOlsiVEVOQU5UX1BST0RVQ1RfUkVUUklFVkVfTUFTVEVSX0NPTkZJRyIsIlRFTkFOVF9JTlZJVEFUSU9OX1JFU1BPTkQiLCJURU5BTlRfTkVHT1RJQVRJT05fQVBQUk9WQUxfQlVZRVIiLCJURU5BTlRfSU5WSVRBVElPTl9SRVRSSUVWRSIsIlRFTkFOVF9PUkdBTklaQVRJT05fQ1JFQVRFIiwiVEVOQU5UX0NSRUFURV9URU5BTlQiLCJURU5BTlRfU1VCX0FMTElBTkNFX1JFVFJJRVZFIiwiVEVOQU5UX1BMQVRGT1JNX0NSRUFURSIsIkhPTEFDUkFDWV9VU0VSIiwiVEVOQU5UX1JBVEVDQVJEX0NSRUFURSIsIlRFTkFOVF9QTEFURk9STV9SRVRSSUVWRSIsIlRFTkFOVF9SRVRSSUVWRV9CWV9CVVlFUl9QTEFURk9STSIsIlRFTkFOVF9TVUJfQUxMSUFOQ0VfUkVUUklFVkVfQUxMIiwiVEVOQU5UX1BST0RVQ1RfUkVUUklFVkUiLCJURU5BTlRfQUNDT1VOVF9ERUxFVEUiLCJURU5BTlRfQUxMSUFOQ0VfUkVUUklFVkUiLCJURU5BTlRfUExBVEZPUk1fVVBEQVRFIiwiVEVOQU5UX0lOVklUQVRJT05fQ1JFQVRFIiwiVEVOQU5UX1JBVEVDQVJEX1JFVFJJRVZFIiwiVEVOQU5UX09SR0FOSVpBVElPTl9VUERBVEUiLCJURU5BTlRfUkFURUNBUkRfVVBEQVRFIiwiVEVOQU5UX09SR0FOSVpBVElPTl9ERUxFVEUiLCJURU5BTlRfUExBVEZPUk1fREVMRVRFIiwiVEVOQU5UX1BST0RVQ1RfQ1JFQVRFIiwiVEVOQU5UX1NVQl9BTExJQU5DRV9DUkVBVEUiLCJURU5BTlRfUkFURUNBUkRfREVMRVRFIiwiVEVOQU5UX0FDQ09VTlRfQ1JFQVRFIiwiVEVOQU5UX0lOVklUQVRJT05fVVBEQVRFIiwiVEVOQU5UX1JFVFJJRVZFX1RFTkFOVCIsIlRFTkFOVF9JTlZJVEFUSU9OX0RFTEVURSIsIlRFTkFOVF9ORUdPVElBVElPTl9BUFBST1ZBTF9TVVBFUl9BRE1JTiIsIlRFTkFOVF9ORUdPVElBVElPTl9SRVRSSUVWRV9BTExfQkVUV0VFTl9CVVlFUl9TRUxMRVIiLCJURU5BTlRfUkVUUklFVkVfVEVOQU5UX0FMTCIsIlRFTkFOVF9ORUdPVElBVElPTl9DUkVBVEUiLCJURU5BTlRfVVBEQVRFX1RFTkFOVCIsIlRFTkFOVF9PUkdBTklaQVRJT05fUkVUUklFVkUiLCJURU5BTlRfQUNDT1VOVF9VUERBVEUiLCJURU5BTlRfUFJPRFVDVF9ERUxFVEUiLCJURU5BTlRfU1VCX0FMTElBTkNFX0RFTEVURSIsIlRFTkFOVF9ORUdPVElBVElPTl9BUFBST1ZBTF9TRUxMRVIiLCJURU5BTlRfU1VCX0FMTElBTkNFX1VQREFURSIsIlRFTkFOVF9QUk9EVUNUX1VQREFURSIsIlRFTkFOVF9BQ0NPVU5UX1JFVFJJRVZFIiwiVEVOQU5UX05FR09USUFUSU9OX1JFVFJJRVZFIiwiVEVOQU5UX0RFTEVURV9URU5BTlQiXX0sIlBBU0NBTF9JTlRFTExJR0VOQ0VfbW9iaXVzIjp7InJvbGVzIjpbIlRFTkFOVF9DT05URVhUX0RFTEVURSIsIlRFTkFOVF9DT05URVhUX1VQREFURSIsIlRFTkFOVF9CSUdRVUVSWV9SRVRSSUVWRSIsIlRFTkFOVF9CSUdRVUVSWV9VUERBVEUiLCJURU5BTlRfVU5JVkVSU0VfQ1JFQVRFIiwiVEVOQU5UX0NPSE9SVFNfUkVUUklFVkUiLCJURU5BTlRfQklHUVVFUllfQ1JFQVRFIiwiVEVOQU5UX0JJR1FVRVJZX0VWQUxVQVRFIiwiVEVOQU5UX0NPSE9SVFNfVVBEQVRFIiwiVEVOQU5UX0NPTlRFWFRfUkVUUklFVkUiLCJURU5BTlRfVU5JVkVSU0VfUkVUUklFVkUiLCJURU5BTlRfQ09IT1JUU19FVkFMVUFURSIsIlRFTkFOVF9CSUdRVUVSWV9ERUxFVEUiLCJURU5BTlRfU0NIRU1BX0NSRUFURSIsIlBBU0NBTF9JTlRFTExJR0VOQ0VfVVNFUiIsIlRFTkFOVF9DT0hPUlRTX0NSRUFURSIsIlRFTkFOVF9TQ0hFTUFfVVBEQVRFIiwiVEVOQU5UX0NPTlRFWFRfQVBQUk9WRSIsIlRFTkFOVF9VTklWRVJTRV9VUERBVEUiLCJURU5BTlRfQklHUVVFUllfQVBQUk9WRSIsIlRFTkFOVF9TQ0hFTUFfUkVUUklFVkUiLCJURU5BTlRfU0NIRU1BX0FQUFJPVkUiLCJURU5BTlRfQ09OVEVYVF9FVkFMVUFURSIsIlRFTkFOVF9TQ0hFTUFfREVMRVRFIiwiVEVOQU5UX0NPTlRFWFRfQ1JFQVRFIiwiVEVOQU5UX1NDSEVNQV9EQVRBX1JFVFJJRVZFIiwiVEVOQU5UX1NDSEVNQV9EQVRBX0RFTEVURSIsIlRFTkFOVF9TQ0hFTUFfREFUQV9VUERBVEUiLCJURU5BTlRfQ09IT1JUU19ERUxFVEUiLCJURU5BTlRfVU5JVkVSU0VfREVMRVRFIiwiVEVOQU5UX1NDSEVNQV9EQVRBX0lOR0VTVElPTiIsIlRFTkFOVF9DT0hPUlRTX0FQUFJPVkUiXX0sIk1PTkVUX21vYml1cyI6eyJyb2xlcyI6WyJURU5BTlRfQVBQTEVUU19SRVRSSUVWRV9BTExfUFVCTElTSEVEIiwiVEVOQU5UX1dJREdFVFNfUkVUUklFVkVfRFJBRlQiLCJURU5BTlRfV0lER0VUU19VUERBVEUiLCJURU5BTlRfQVBQTEVUU19ERUxFVEUiLCJURU5BTlRfV0lER0VUU19ERUxFVEUiLCJURU5BTlRfUExVR0lOX0NBVEVHT1JZX1JFVFJJRVZFX0FMTCIsIlRFTkFOVF9BUFBMRVRTX1VQREFURV9ISVNUT1JZIiwiVEVOQU5UX0VYUEVSSUVOQ0VTX0NSRUFURSIsIlRFTkFOVF9XSURHRVRTX1JFVFJJRVZFX1BVQkxJU0giLCJURU5BTlRfUExVR0lOX0NBVEVHT1JZX0NSRUFURSIsIlRFTkFOVF9ERVBFTkRFTkNZX1JFVFJJRVZFX0FMTCIsIlRFTkFOVF9XSURHRVRTX1BVQkxJU0giLCJURU5BTlRfUkVUUklFVkVfRklFTERTX09GX1BVQkxJU0hFRCIsIlRFTkFOVF9FWFBFUklFTkNFU19VUERBVEUiLCJURU5BTlRfQVBQTEVUU19DUkVBVEUiLCJURU5BTlRfUExVR0lOU19ERUxFVEUiLCJURU5BTlRfQVBQTEVUU19SRVRSSUVWRV9BTExfRFJBRlQiLCJURU5BTlRfUExVR0lOU19VUERBVEUiLCJURU5BTlRfQVBQTEVUU19SRVRSSUVWRV9GUk9NX0hJU1RPUlkiLCJURU5BTlRfUkVUUklFVkVfRklFTERTX09GX0RSQUZUIiwiVEVOQU5UX0FQUExFVFNfUkVUUklFVkVfUFVCTElTSEVEIiwiVEVOQU5UX0FQUExFVFNfUFVCTElTSEVEIiwiVEVOQU5UX1dJREdFVFNfUkVUUklFVkUiLCJURU5BTlRfUExVR0lOX0NBVEVHT1JZX0RFTEVURSIsIlRFTkFOVF9QTFVHSU5fQ0FURUdPUllfUFVCTElTSCIsIlRFTkFOVF9QTFVHSU5fQ0FURUdPUllfREVMRVRFX0NPTVBfRlJPTSIsIlRFTkFOVF9SRVRSSUVWRV9QVUJMSVNIRUQiLCJURU5BTlRfUExVR0lOU19SRVRSSUVWRSIsIlRFTkFOVF9QTFVHSU5TX0NSRUFURSIsIlRFTkFOVF9XSURHRVRTX0NSRUFURSIsIlRFTkFOVF9BUFBMRVRTX1JFVFJJRVZFX0FMTF9QVUJMSVNIRURfVEhVTUJOQUlMUyIsIk1PTkVUX1VTRVIiLCJURU5BTlRfRVhQRVJJRU5DRVNfREVMRVRFIiwiVEVOQU5UX0VYUEVSSUVOQ0VTX1BVQkxJU0giLCJURU5BTlRfUkVUUklFVkVfRlJPTV9ISVNUT1JZIiwiVEVOQU5UX1BMVUdJTl9DQVRFR09SWV9VUERBVEUiXX0sIlZJTkNJX21vYml1cyI6eyJyb2xlcyI6WyJWSU5DSV9VU0VSIl19LCJhY2NvdW50Ijp7InJvbGVzIjpbIm1hbmFnZS1hY2NvdW50IiwibWFuYWdlLWFjY291bnQtbGlua3MiLCJ2aWV3LXByb2ZpbGUiXX19LCJzY29wZSI6InByb2ZpbGUgZW1haWwiLCJyZXF1ZXN0ZXJUeXBlIjoiVEVOQU5UIiwiZW1haWxfdmVyaWZpZWQiOnRydWUsIm5hbWUiOiJBaWR0YWFzIEFpZHRhYXMiLCJ0ZW5hbnRJZCI6IjJjZjc2ZTVmLTI2YWQtNGYyYy1iY2NjLWY0YmMxZTdiZmI2NCIsInByZWZlcnJlZF91c2VybmFtZSI6InBhc3N3b3JkX3RlbmFudF9haWR0YWFzQGdhaWFuc29sdXRpb25zLmNvbSIsImdpdmVuX25hbWUiOiJBaWR0YWFzIiwiZmFtaWx5X25hbWUiOiJBaWR0YWFzIiwiZW1haWwiOiJwYXNzd29yZF90ZW5hbnRfYWlkdGFhc0BnYWlhbnNvbHV0aW9ucy5jb20ifQ.G22UWdZfpDy2T8neTapxgOEwLcTJnbjop5nrm13HlhaUON7HfGI1b-n7D7FRAcRr2u7xBEE7MwJ3OSJyfjIQamrmV1U0PYtVogiw3EQcp41YWWAnpuaG41KiZvYuxGdFO1uADRRSrbnzDP44nnh75gQxL-s_blP160DEyu4gIfJ3f3Vz_wI_6yZ1aqpsz-8r8YpbeQbgrcV577yF2lTbmavmNDA6R_FW2rF8Y-mLfFbhAkQqmpuYDWdXv7_cyOmECs53ROlGzPd-DIUi1mw9_Af0tIC6DKh1nbbp16VPKqzmCPVfI1VGNZSCzVYOAr-XApRi0JZ39ub0aO1FsZzCjA
				Content-Type=application/json
Cookies:		&lt;none&gt;
Multiparts:		&lt;none&gt;
Body:
{
    &quot;id&quot;: &quot;vHQE&quot;
}

HTTP/1.1 401 Unauthorized
www-authenticate: Bearer realm=&quot;https://ig.aidtaas.com/mobius-payment-service/v1.0/client-gateways/vHQE&quot;, error=&quot;invalid_token&quot;
content-length: 14
content-type: text/plain
date: Fri, 21 Feb 2025 06:21:47 GMT
server: istio-envoy
x-envoy-upstream-service-time: 4

Jwt is expired
</system-out>
  </testcase>
  <testcase classname="unit4cases.EvoMaster_others_Test" name="test_38" time="0.104">
    <failure message="1 expectation failed.
Expected content-type &quot;application/json&quot; doesn&apos;t match actual content-type &quot;text/plain&quot;.
" type="java.lang.AssertionError">java.lang.AssertionError: 1 expectation failed.
Expected content-type &quot;application/json&quot; doesn&apos;t match actual content-type &quot;text/plain&quot;.

	at java.base/jdk.internal.reflect.DirectConstructorHandleAccessor.newInstance(DirectConstructorHandleAccessor.java:62)
	at java.base/java.lang.reflect.Constructor.newInstanceWithCaller(Constructor.java:502)
	at java.base/java.lang.reflect.Constructor.newInstance(Constructor.java:486)
	at org.codehaus.groovy.reflection.CachedConstructor.invoke(CachedConstructor.java:73)
	at org.codehaus.groovy.runtime.callsite.ConstructorSite$ConstructorSiteNoUnwrapNoCoerce.callConstructor(ConstructorSite.java:108)
	at org.codehaus.groovy.runtime.callsite.AbstractCallSite.callConstructor(AbstractCallSite.java:277)
	at io.restassured.internal.ResponseSpecificationImpl$HamcrestAssertionClosure.validate(ResponseSpecificationImpl.groovy:512)
	at io.restassured.internal.ResponseSpecificationImpl$HamcrestAssertionClosure$validate$1.call(Unknown Source)
	at io.restassured.internal.ResponseSpecificationImpl.validateResponseIfRequired(ResponseSpecificationImpl.groovy:696)
	at io.restassured.internal.ResponseSpecificationImpl.this$2$validateResponseIfRequired(ResponseSpecificationImpl.groovy)
	at java.base/jdk.internal.reflect.DirectMethodHandleAccessor.invoke(DirectMethodHandleAccessor.java:103)
	at java.base/java.lang.reflect.Method.invoke(Method.java:580)
	at org.codehaus.groovy.runtime.callsite.PlainObjectMetaMethodSite.doInvoke(PlainObjectMetaMethodSite.java:43)
	at org.codehaus.groovy.runtime.callsite.PogoMetaMethodSite$PogoCachedMethodSiteNoUnwrapNoCoerce.invoke(PogoMetaMethodSite.java:198)
	at org.codehaus.groovy.runtime.callsite.PogoMetaMethodSite.callCurrent(PogoMetaMethodSite.java:62)
	at org.codehaus.groovy.runtime.callsite.AbstractCallSite.callCurrent(AbstractCallSite.java:185)
	at io.restassured.internal.ResponseSpecificationImpl.contentType(ResponseSpecificationImpl.groovy:443)
	at io.restassured.internal.ValidatableResponseOptionsImpl.contentType(ValidatableResponseOptionsImpl.java:226)
	at unit4cases.EvoMaster_others_Test.test_38(EvoMaster_others_Test.java:1262)
	at java.base/jdk.internal.reflect.DirectMethodHandleAccessor.invoke(DirectMethodHandleAccessor.java:103)
	at java.base/java.lang.reflect.Method.invoke(Method.java:580)
	at org.junit.runners.model.FrameworkMethod$1.runReflectiveCall(FrameworkMethod.java:59)
	at org.junit.internal.runners.model.ReflectiveCallable.run(ReflectiveCallable.java:12)
	at org.junit.runners.model.FrameworkMethod.invokeExplosively(FrameworkMethod.java:56)
	at org.junit.internal.runners.statements.InvokeMethod.evaluate(InvokeMethod.java:17)
	at org.junit.internal.runners.statements.FailOnTimeout$CallableStatement.call(FailOnTimeout.java:299)
	at org.junit.internal.runners.statements.FailOnTimeout$CallableStatement.call(FailOnTimeout.java:293)
	at java.base/java.util.concurrent.FutureTask.run(FutureTask.java:317)
	at java.base/java.lang.Thread.run(Thread.java:1583)
</failure>
    <system-out>Request method:	PUT
Request URI:	https://ig.aidtaas.com/mobius-payment-service/v1.0/customers/FjZ4EOO7OPdw
Proxy:			&lt;none&gt;
Request params:	&lt;none&gt;
Query params:	&lt;none&gt;
Form params:	&lt;none&gt;
Path params:	&lt;none&gt;
Headers:		Accept=application/json
				Authorization=Bearer  eyJhbGciOiJSUzI1NiIsInR5cCIgOiAiSldUIiwia2lkIiA6ICI3Ny1NUVdFRTNHZE5adGlsWU5IYmpsa2dVSkpaWUJWVmN1UmFZdHl5ejFjIn0.eyJleHAiOjE3NDAwODgxMjAsImlhdCI6MTc0MDA1MjEyMCwianRpIjoiYjc4MDZhYTYtZWE3MS00NWJkLWI5ODMtOWU3MDE4OTc4NTYzIiwiaXNzIjoiaHR0cDovL2tleWNsb2FrLXNlcnZpY2Uua2V5Y2xvYWsuc3ZjLmNsdXN0ZXIubG9jYWw6ODA4MC9yZWFsbXMvbWFzdGVyIiwiYXVkIjpbIkJPTFRaTUFOTl9CT1RfbW9iaXVzIiwiUEFTQ0FMX0lOVEVMTElHRU5DRV9tb2JpdXMiLCJNT05FVF9tb2JpdXMiLCJWSU5DSV9tb2JpdXMiLCJhY2NvdW50Il0sInN1YiI6IjJjZjc2ZTVmLTI2YWQtNGYyYy1iY2NjLWY0YmMxZTdiZmI2NCIsInR5cCI6IkJlYXJlciIsImF6cCI6IkhPTEFDUkFDWV9tb2JpdXMiLCJzaWQiOiJmNjcwYzZjMi03OWYzLTQ2YzctOTE5Yy1hNTNhYmRiNTgwNDMiLCJhY3IiOiIxIiwiYWxsb3dlZC1vcmlnaW5zIjpbIi8qIl0sInJlYWxtX2FjY2VzcyI6eyJyb2xlcyI6WyJkZWZhdWx0LXJvbGVzLW1hc3RlciIsIkhDWV9URU5BTlRfQ1VTVE9NIiwib2ZmbGluZV9hY2Nlc3MiLCJCT0JfVEVOQU5UX0NVU1RPTSIsInVtYV9hdXRob3JpemF0aW9uIiwiUElfVEVOQU5UX0NVU1RPTSIsIk1PTkVUX1RFTkFOVF9DVVNUT00iXX0sInJlc291cmNlX2FjY2VzcyI6eyJCT0xUWk1BTk5fQk9UX21vYml1cyI6eyJyb2xlcyI6WyJURU5BTlRfV09SS0ZMT1dfU1VTUEVORF9QUk9DRVNTX0RFRklOSVRJT04iLCJURU5BTlRfV09SS0ZMT1dfU1VTUEVORF9JTlNUQU5DRSIsIlRFTkFOVF9XT1JLRkxPV19SRVRSSUVWRV9BTEwiLCJURU5BTlRfV09SS0ZMT1dfQUNUSVZBVEVfSU5TVEFOQ0UiLCJURU5BTlRfV09SS0ZMT1dfRVhFQ1VURSIsIlRFTkFOVF9XT1JLRkxPV19SRVRSSUVWRV9IT01FIiwiVEVOQU5UX1dPUktGTE9XX1JFVFJJRVZFX1NVU1BFTkRFRF9QUk9DRVNTX0RFRlMiLCJURU5BTlRfV09SS0ZMT1dfQUNUSVZBVEVfUlVOX0pPQiIsIlRFTkFOVF9XT1JLRkxPV19TVEFUVVMiLCJURU5BTlRfV09SS0ZMT1dfQ1JFQVRFIiwiVEVOQU5UX1dPUktGTE9XX0FDVElWSVRZX0RBVEFfQ09VTlQiLCJCT0xUWk1BTk5fQk9UX1VTRVIiLCJURU5BTlRfV09SS0ZMT1dfREVQTE9ZX1ZFUlNJT04iLCJURU5BTlRfV09SS0ZMT1dfSU1QT1JUIiwiVEVOQU5UX1dPUktGTE9XX1VQREFURSIsIlRFTkFOVF9XT1JLRkxPV19ERVBMT1kiLCJURU5BTlRfV09SS0ZMT1dfU1VTUEVORF9SVU5fSk9CIiwiVEVOQU5UX1dPUktGTE9XX1JFVFJJRVZFIiwiVEVOQU5UX1dPUktGTE9XX0RFTEVURSIsIlRFTkFOVF9XT1JLRkxPV19UUklHR0VSX01FU1NBR0VfTElTVEVORVIiXX0sIkhPTEFDUkFDWV9tb2JpdXMiOnsicm9sZXMiOlsiVEVOQU5UX1BST0RVQ1RfUkVUUklFVkVfTUFTVEVSX0NPTkZJRyIsIlRFTkFOVF9JTlZJVEFUSU9OX1JFU1BPTkQiLCJURU5BTlRfTkVHT1RJQVRJT05fQVBQUk9WQUxfQlVZRVIiLCJURU5BTlRfSU5WSVRBVElPTl9SRVRSSUVWRSIsIlRFTkFOVF9PUkdBTklaQVRJT05fQ1JFQVRFIiwiVEVOQU5UX0NSRUFURV9URU5BTlQiLCJURU5BTlRfU1VCX0FMTElBTkNFX1JFVFJJRVZFIiwiVEVOQU5UX1BMQVRGT1JNX0NSRUFURSIsIkhPTEFDUkFDWV9VU0VSIiwiVEVOQU5UX1JBVEVDQVJEX0NSRUFURSIsIlRFTkFOVF9QTEFURk9STV9SRVRSSUVWRSIsIlRFTkFOVF9SRVRSSUVWRV9CWV9CVVlFUl9QTEFURk9STSIsIlRFTkFOVF9TVUJfQUxMSUFOQ0VfUkVUUklFVkVfQUxMIiwiVEVOQU5UX1BST0RVQ1RfUkVUUklFVkUiLCJURU5BTlRfQUNDT1VOVF9ERUxFVEUiLCJURU5BTlRfQUxMSUFOQ0VfUkVUUklFVkUiLCJURU5BTlRfUExBVEZPUk1fVVBEQVRFIiwiVEVOQU5UX0lOVklUQVRJT05fQ1JFQVRFIiwiVEVOQU5UX1JBVEVDQVJEX1JFVFJJRVZFIiwiVEVOQU5UX09SR0FOSVpBVElPTl9VUERBVEUiLCJURU5BTlRfUkFURUNBUkRfVVBEQVRFIiwiVEVOQU5UX09SR0FOSVpBVElPTl9ERUxFVEUiLCJURU5BTlRfUExBVEZPUk1fREVMRVRFIiwiVEVOQU5UX1BST0RVQ1RfQ1JFQVRFIiwiVEVOQU5UX1NVQl9BTExJQU5DRV9DUkVBVEUiLCJURU5BTlRfUkFURUNBUkRfREVMRVRFIiwiVEVOQU5UX0FDQ09VTlRfQ1JFQVRFIiwiVEVOQU5UX0lOVklUQVRJT05fVVBEQVRFIiwiVEVOQU5UX1JFVFJJRVZFX1RFTkFOVCIsIlRFTkFOVF9JTlZJVEFUSU9OX0RFTEVURSIsIlRFTkFOVF9ORUdPVElBVElPTl9BUFBST1ZBTF9TVVBFUl9BRE1JTiIsIlRFTkFOVF9ORUdPVElBVElPTl9SRVRSSUVWRV9BTExfQkVUV0VFTl9CVVlFUl9TRUxMRVIiLCJURU5BTlRfUkVUUklFVkVfVEVOQU5UX0FMTCIsIlRFTkFOVF9ORUdPVElBVElPTl9DUkVBVEUiLCJURU5BTlRfVVBEQVRFX1RFTkFOVCIsIlRFTkFOVF9PUkdBTklaQVRJT05fUkVUUklFVkUiLCJURU5BTlRfQUNDT1VOVF9VUERBVEUiLCJURU5BTlRfUFJPRFVDVF9ERUxFVEUiLCJURU5BTlRfU1VCX0FMTElBTkNFX0RFTEVURSIsIlRFTkFOVF9ORUdPVElBVElPTl9BUFBST1ZBTF9TRUxMRVIiLCJURU5BTlRfU1VCX0FMTElBTkNFX1VQREFURSIsIlRFTkFOVF9QUk9EVUNUX1VQREFURSIsIlRFTkFOVF9BQ0NPVU5UX1JFVFJJRVZFIiwiVEVOQU5UX05FR09USUFUSU9OX1JFVFJJRVZFIiwiVEVOQU5UX0RFTEVURV9URU5BTlQiXX0sIlBBU0NBTF9JTlRFTExJR0VOQ0VfbW9iaXVzIjp7InJvbGVzIjpbIlRFTkFOVF9DT05URVhUX0RFTEVURSIsIlRFTkFOVF9DT05URVhUX1VQREFURSIsIlRFTkFOVF9CSUdRVUVSWV9SRVRSSUVWRSIsIlRFTkFOVF9CSUdRVUVSWV9VUERBVEUiLCJURU5BTlRfVU5JVkVSU0VfQ1JFQVRFIiwiVEVOQU5UX0NPSE9SVFNfUkVUUklFVkUiLCJURU5BTlRfQklHUVVFUllfQ1JFQVRFIiwiVEVOQU5UX0JJR1FVRVJZX0VWQUxVQVRFIiwiVEVOQU5UX0NPSE9SVFNfVVBEQVRFIiwiVEVOQU5UX0NPTlRFWFRfUkVUUklFVkUiLCJURU5BTlRfVU5JVkVSU0VfUkVUUklFVkUiLCJURU5BTlRfQ09IT1JUU19FVkFMVUFURSIsIlRFTkFOVF9CSUdRVUVSWV9ERUxFVEUiLCJURU5BTlRfU0NIRU1BX0NSRUFURSIsIlBBU0NBTF9JTlRFTExJR0VOQ0VfVVNFUiIsIlRFTkFOVF9DT0hPUlRTX0NSRUFURSIsIlRFTkFOVF9TQ0hFTUFfVVBEQVRFIiwiVEVOQU5UX0NPTlRFWFRfQVBQUk9WRSIsIlRFTkFOVF9VTklWRVJTRV9VUERBVEUiLCJURU5BTlRfQklHUVVFUllfQVBQUk9WRSIsIlRFTkFOVF9TQ0hFTUFfUkVUUklFVkUiLCJURU5BTlRfU0NIRU1BX0FQUFJPVkUiLCJURU5BTlRfQ09OVEVYVF9FVkFMVUFURSIsIlRFTkFOVF9TQ0hFTUFfREVMRVRFIiwiVEVOQU5UX0NPTlRFWFRfQ1JFQVRFIiwiVEVOQU5UX1NDSEVNQV9EQVRBX1JFVFJJRVZFIiwiVEVOQU5UX1NDSEVNQV9EQVRBX0RFTEVURSIsIlRFTkFOVF9TQ0hFTUFfREFUQV9VUERBVEUiLCJURU5BTlRfQ09IT1JUU19ERUxFVEUiLCJURU5BTlRfVU5JVkVSU0VfREVMRVRFIiwiVEVOQU5UX1NDSEVNQV9EQVRBX0lOR0VTVElPTiIsIlRFTkFOVF9DT0hPUlRTX0FQUFJPVkUiXX0sIk1PTkVUX21vYml1cyI6eyJyb2xlcyI6WyJURU5BTlRfQVBQTEVUU19SRVRSSUVWRV9BTExfUFVCTElTSEVEIiwiVEVOQU5UX1dJREdFVFNfUkVUUklFVkVfRFJBRlQiLCJURU5BTlRfV0lER0VUU19VUERBVEUiLCJURU5BTlRfQVBQTEVUU19ERUxFVEUiLCJURU5BTlRfV0lER0VUU19ERUxFVEUiLCJURU5BTlRfUExVR0lOX0NBVEVHT1JZX1JFVFJJRVZFX0FMTCIsIlRFTkFOVF9BUFBMRVRTX1VQREFURV9ISVNUT1JZIiwiVEVOQU5UX0VYUEVSSUVOQ0VTX0NSRUFURSIsIlRFTkFOVF9XSURHRVRTX1JFVFJJRVZFX1BVQkxJU0giLCJURU5BTlRfUExVR0lOX0NBVEVHT1JZX0NSRUFURSIsIlRFTkFOVF9ERVBFTkRFTkNZX1JFVFJJRVZFX0FMTCIsIlRFTkFOVF9XSURHRVRTX1BVQkxJU0giLCJURU5BTlRfUkVUUklFVkVfRklFTERTX09GX1BVQkxJU0hFRCIsIlRFTkFOVF9FWFBFUklFTkNFU19VUERBVEUiLCJURU5BTlRfQVBQTEVUU19DUkVBVEUiLCJURU5BTlRfUExVR0lOU19ERUxFVEUiLCJURU5BTlRfQVBQTEVUU19SRVRSSUVWRV9BTExfRFJBRlQiLCJURU5BTlRfUExVR0lOU19VUERBVEUiLCJURU5BTlRfQVBQTEVUU19SRVRSSUVWRV9GUk9NX0hJU1RPUlkiLCJURU5BTlRfUkVUUklFVkVfRklFTERTX09GX0RSQUZUIiwiVEVOQU5UX0FQUExFVFNfUkVUUklFVkVfUFVCTElTSEVEIiwiVEVOQU5UX0FQUExFVFNfUFVCTElTSEVEIiwiVEVOQU5UX1dJREdFVFNfUkVUUklFVkUiLCJURU5BTlRfUExVR0lOX0NBVEVHT1JZX0RFTEVURSIsIlRFTkFOVF9QTFVHSU5fQ0FURUdPUllfUFVCTElTSCIsIlRFTkFOVF9QTFVHSU5fQ0FURUdPUllfREVMRVRFX0NPTVBfRlJPTSIsIlRFTkFOVF9SRVRSSUVWRV9QVUJMSVNIRUQiLCJURU5BTlRfUExVR0lOU19SRVRSSUVWRSIsIlRFTkFOVF9QTFVHSU5TX0NSRUFURSIsIlRFTkFOVF9XSURHRVRTX0NSRUFURSIsIlRFTkFOVF9BUFBMRVRTX1JFVFJJRVZFX0FMTF9QVUJMSVNIRURfVEhVTUJOQUlMUyIsIk1PTkVUX1VTRVIiLCJURU5BTlRfRVhQRVJJRU5DRVNfREVMRVRFIiwiVEVOQU5UX0VYUEVSSUVOQ0VTX1BVQkxJU0giLCJURU5BTlRfUkVUUklFVkVfRlJPTV9ISVNUT1JZIiwiVEVOQU5UX1BMVUdJTl9DQVRFR09SWV9VUERBVEUiXX0sIlZJTkNJX21vYml1cyI6eyJyb2xlcyI6WyJWSU5DSV9VU0VSIl19LCJhY2NvdW50Ijp7InJvbGVzIjpbIm1hbmFnZS1hY2NvdW50IiwibWFuYWdlLWFjY291bnQtbGlua3MiLCJ2aWV3LXByb2ZpbGUiXX19LCJzY29wZSI6InByb2ZpbGUgZW1haWwiLCJyZXF1ZXN0ZXJUeXBlIjoiVEVOQU5UIiwiZW1haWxfdmVyaWZpZWQiOnRydWUsIm5hbWUiOiJBaWR0YWFzIEFpZHRhYXMiLCJ0ZW5hbnRJZCI6IjJjZjc2ZTVmLTI2YWQtNGYyYy1iY2NjLWY0YmMxZTdiZmI2NCIsInByZWZlcnJlZF91c2VybmFtZSI6InBhc3N3b3JkX3RlbmFudF9haWR0YWFzQGdhaWFuc29sdXRpb25zLmNvbSIsImdpdmVuX25hbWUiOiJBaWR0YWFzIiwiZmFtaWx5X25hbWUiOiJBaWR0YWFzIiwiZW1haWwiOiJwYXNzd29yZF90ZW5hbnRfYWlkdGFhc0BnYWlhbnNvbHV0aW9ucy5jb20ifQ.G22UWdZfpDy2T8neTapxgOEwLcTJnbjop5nrm13HlhaUON7HfGI1b-n7D7FRAcRr2u7xBEE7MwJ3OSJyfjIQamrmV1U0PYtVogiw3EQcp41YWWAnpuaG41KiZvYuxGdFO1uADRRSrbnzDP44nnh75gQxL-s_blP160DEyu4gIfJ3f3Vz_wI_6yZ1aqpsz-8r8YpbeQbgrcV577yF2lTbmavmNDA6R_FW2rF8Y-mLfFbhAkQqmpuYDWdXv7_cyOmECs53ROlGzPd-DIUi1mw9_Af0tIC6DKh1nbbp16VPKqzmCPVfI1VGNZSCzVYOAr-XApRi0JZ39ub0aO1FsZzCjA
				Content-Type=application/json
Cookies:		&lt;none&gt;
Multiparts:		&lt;none&gt;
Body:
{
    &quot;mobile&quot;: &quot;Ved7fG&quot;,
    &quot;name&quot;: &quot;rFo0j5dBKowwB9x&quot;,
    &quot;phone&quot;: &quot;N583&quot;
}

HTTP/1.1 401 Unauthorized
www-authenticate: Bearer realm=&quot;https://ig.aidtaas.com/mobius-payment-service/v1.0/customers/FjZ4EOO7OPdw&quot;, error=&quot;invalid_token&quot;
content-length: 14
content-type: text/plain
date: Fri, 21 Feb 2025 06:21:47 GMT
server: istio-envoy
x-envoy-upstream-service-time: 3

Jwt is expired
</system-out>
  </testcase>
  <testcase classname="unit4cases.EvoMaster_others_Test" name="test_39" time="0.082">
    <failure message="1 expectation failed.
Expected content-type &quot;application/json&quot; doesn&apos;t match actual content-type &quot;text/plain&quot;.
" type="java.lang.AssertionError">java.lang.AssertionError: 1 expectation failed.
Expected content-type &quot;application/json&quot; doesn&apos;t match actual content-type &quot;text/plain&quot;.

	at java.base/jdk.internal.reflect.DirectConstructorHandleAccessor.newInstance(DirectConstructorHandleAccessor.java:62)
	at java.base/java.lang.reflect.Constructor.newInstanceWithCaller(Constructor.java:502)
	at java.base/java.lang.reflect.Constructor.newInstance(Constructor.java:486)
	at org.codehaus.groovy.reflection.CachedConstructor.invoke(CachedConstructor.java:73)
	at org.codehaus.groovy.runtime.callsite.ConstructorSite$ConstructorSiteNoUnwrapNoCoerce.callConstructor(ConstructorSite.java:108)
	at org.codehaus.groovy.runtime.callsite.AbstractCallSite.callConstructor(AbstractCallSite.java:277)
	at io.restassured.internal.ResponseSpecificationImpl$HamcrestAssertionClosure.validate(ResponseSpecificationImpl.groovy:512)
	at io.restassured.internal.ResponseSpecificationImpl$HamcrestAssertionClosure$validate$1.call(Unknown Source)
	at io.restassured.internal.ResponseSpecificationImpl.validateResponseIfRequired(ResponseSpecificationImpl.groovy:696)
	at io.restassured.internal.ResponseSpecificationImpl.this$2$validateResponseIfRequired(ResponseSpecificationImpl.groovy)
	at java.base/jdk.internal.reflect.DirectMethodHandleAccessor.invoke(DirectMethodHandleAccessor.java:103)
	at java.base/java.lang.reflect.Method.invoke(Method.java:580)
	at org.codehaus.groovy.runtime.callsite.PlainObjectMetaMethodSite.doInvoke(PlainObjectMetaMethodSite.java:43)
	at org.codehaus.groovy.runtime.callsite.PogoMetaMethodSite$PogoCachedMethodSiteNoUnwrapNoCoerce.invoke(PogoMetaMethodSite.java:198)
	at org.codehaus.groovy.runtime.callsite.PogoMetaMethodSite.callCurrent(PogoMetaMethodSite.java:62)
	at org.codehaus.groovy.runtime.callsite.AbstractCallSite.callCurrent(AbstractCallSite.java:185)
	at io.restassured.internal.ResponseSpecificationImpl.contentType(ResponseSpecificationImpl.groovy:443)
	at io.restassured.internal.ValidatableResponseOptionsImpl.contentType(ValidatableResponseOptionsImpl.java:226)
	at unit4cases.EvoMaster_others_Test.test_39(EvoMaster_others_Test.java:1295)
	at java.base/jdk.internal.reflect.DirectMethodHandleAccessor.invoke(DirectMethodHandleAccessor.java:103)
	at java.base/java.lang.reflect.Method.invoke(Method.java:580)
	at org.junit.runners.model.FrameworkMethod$1.runReflectiveCall(FrameworkMethod.java:59)
	at org.junit.internal.runners.model.ReflectiveCallable.run(ReflectiveCallable.java:12)
	at org.junit.runners.model.FrameworkMethod.invokeExplosively(FrameworkMethod.java:56)
	at org.junit.internal.runners.statements.InvokeMethod.evaluate(InvokeMethod.java:17)
	at org.junit.internal.runners.statements.FailOnTimeout$CallableStatement.call(FailOnTimeout.java:299)
	at org.junit.internal.runners.statements.FailOnTimeout$CallableStatement.call(FailOnTimeout.java:293)
	at java.base/java.util.concurrent.FutureTask.run(FutureTask.java:317)
	at java.base/java.lang.Thread.run(Thread.java:1583)
</failure>
    <system-out>Request method:	PUT
Request URI:	https://ig.aidtaas.com/mobius-payment-service/v1.0/gateway-details/2Kbdvnmu5be3
Proxy:			&lt;none&gt;
Request params:	&lt;none&gt;
Query params:	&lt;none&gt;
Form params:	&lt;none&gt;
Path params:	&lt;none&gt;
Headers:		Accept=application/json
				Authorization=Bearer  eyJhbGciOiJSUzI1NiIsInR5cCIgOiAiSldUIiwia2lkIiA6ICI3Ny1NUVdFRTNHZE5adGlsWU5IYmpsa2dVSkpaWUJWVmN1UmFZdHl5ejFjIn0.eyJleHAiOjE3NDAwODgxMjAsImlhdCI6MTc0MDA1MjEyMCwianRpIjoiYjc4MDZhYTYtZWE3MS00NWJkLWI5ODMtOWU3MDE4OTc4NTYzIiwiaXNzIjoiaHR0cDovL2tleWNsb2FrLXNlcnZpY2Uua2V5Y2xvYWsuc3ZjLmNsdXN0ZXIubG9jYWw6ODA4MC9yZWFsbXMvbWFzdGVyIiwiYXVkIjpbIkJPTFRaTUFOTl9CT1RfbW9iaXVzIiwiUEFTQ0FMX0lOVEVMTElHRU5DRV9tb2JpdXMiLCJNT05FVF9tb2JpdXMiLCJWSU5DSV9tb2JpdXMiLCJhY2NvdW50Il0sInN1YiI6IjJjZjc2ZTVmLTI2YWQtNGYyYy1iY2NjLWY0YmMxZTdiZmI2NCIsInR5cCI6IkJlYXJlciIsImF6cCI6IkhPTEFDUkFDWV9tb2JpdXMiLCJzaWQiOiJmNjcwYzZjMi03OWYzLTQ2YzctOTE5Yy1hNTNhYmRiNTgwNDMiLCJhY3IiOiIxIiwiYWxsb3dlZC1vcmlnaW5zIjpbIi8qIl0sInJlYWxtX2FjY2VzcyI6eyJyb2xlcyI6WyJkZWZhdWx0LXJvbGVzLW1hc3RlciIsIkhDWV9URU5BTlRfQ1VTVE9NIiwib2ZmbGluZV9hY2Nlc3MiLCJCT0JfVEVOQU5UX0NVU1RPTSIsInVtYV9hdXRob3JpemF0aW9uIiwiUElfVEVOQU5UX0NVU1RPTSIsIk1PTkVUX1RFTkFOVF9DVVNUT00iXX0sInJlc291cmNlX2FjY2VzcyI6eyJCT0xUWk1BTk5fQk9UX21vYml1cyI6eyJyb2xlcyI6WyJURU5BTlRfV09SS0ZMT1dfU1VTUEVORF9QUk9DRVNTX0RFRklOSVRJT04iLCJURU5BTlRfV09SS0ZMT1dfU1VTUEVORF9JTlNUQU5DRSIsIlRFTkFOVF9XT1JLRkxPV19SRVRSSUVWRV9BTEwiLCJURU5BTlRfV09SS0ZMT1dfQUNUSVZBVEVfSU5TVEFOQ0UiLCJURU5BTlRfV09SS0ZMT1dfRVhFQ1VURSIsIlRFTkFOVF9XT1JLRkxPV19SRVRSSUVWRV9IT01FIiwiVEVOQU5UX1dPUktGTE9XX1JFVFJJRVZFX1NVU1BFTkRFRF9QUk9DRVNTX0RFRlMiLCJURU5BTlRfV09SS0ZMT1dfQUNUSVZBVEVfUlVOX0pPQiIsIlRFTkFOVF9XT1JLRkxPV19TVEFUVVMiLCJURU5BTlRfV09SS0ZMT1dfQ1JFQVRFIiwiVEVOQU5UX1dPUktGTE9XX0FDVElWSVRZX0RBVEFfQ09VTlQiLCJCT0xUWk1BTk5fQk9UX1VTRVIiLCJURU5BTlRfV09SS0ZMT1dfREVQTE9ZX1ZFUlNJT04iLCJURU5BTlRfV09SS0ZMT1dfSU1QT1JUIiwiVEVOQU5UX1dPUktGTE9XX1VQREFURSIsIlRFTkFOVF9XT1JLRkxPV19ERVBMT1kiLCJURU5BTlRfV09SS0ZMT1dfU1VTUEVORF9SVU5fSk9CIiwiVEVOQU5UX1dPUktGTE9XX1JFVFJJRVZFIiwiVEVOQU5UX1dPUktGTE9XX0RFTEVURSIsIlRFTkFOVF9XT1JLRkxPV19UUklHR0VSX01FU1NBR0VfTElTVEVORVIiXX0sIkhPTEFDUkFDWV9tb2JpdXMiOnsicm9sZXMiOlsiVEVOQU5UX1BST0RVQ1RfUkVUUklFVkVfTUFTVEVSX0NPTkZJRyIsIlRFTkFOVF9JTlZJVEFUSU9OX1JFU1BPTkQiLCJURU5BTlRfTkVHT1RJQVRJT05fQVBQUk9WQUxfQlVZRVIiLCJURU5BTlRfSU5WSVRBVElPTl9SRVRSSUVWRSIsIlRFTkFOVF9PUkdBTklaQVRJT05fQ1JFQVRFIiwiVEVOQU5UX0NSRUFURV9URU5BTlQiLCJURU5BTlRfU1VCX0FMTElBTkNFX1JFVFJJRVZFIiwiVEVOQU5UX1BMQVRGT1JNX0NSRUFURSIsIkhPTEFDUkFDWV9VU0VSIiwiVEVOQU5UX1JBVEVDQVJEX0NSRUFURSIsIlRFTkFOVF9QTEFURk9STV9SRVRSSUVWRSIsIlRFTkFOVF9SRVRSSUVWRV9CWV9CVVlFUl9QTEFURk9STSIsIlRFTkFOVF9TVUJfQUxMSUFOQ0VfUkVUUklFVkVfQUxMIiwiVEVOQU5UX1BST0RVQ1RfUkVUUklFVkUiLCJURU5BTlRfQUNDT1VOVF9ERUxFVEUiLCJURU5BTlRfQUxMSUFOQ0VfUkVUUklFVkUiLCJURU5BTlRfUExBVEZPUk1fVVBEQVRFIiwiVEVOQU5UX0lOVklUQVRJT05fQ1JFQVRFIiwiVEVOQU5UX1JBVEVDQVJEX1JFVFJJRVZFIiwiVEVOQU5UX09SR0FOSVpBVElPTl9VUERBVEUiLCJURU5BTlRfUkFURUNBUkRfVVBEQVRFIiwiVEVOQU5UX09SR0FOSVpBVElPTl9ERUxFVEUiLCJURU5BTlRfUExBVEZPUk1fREVMRVRFIiwiVEVOQU5UX1BST0RVQ1RfQ1JFQVRFIiwiVEVOQU5UX1NVQl9BTExJQU5DRV9DUkVBVEUiLCJURU5BTlRfUkFURUNBUkRfREVMRVRFIiwiVEVOQU5UX0FDQ09VTlRfQ1JFQVRFIiwiVEVOQU5UX0lOVklUQVRJT05fVVBEQVRFIiwiVEVOQU5UX1JFVFJJRVZFX1RFTkFOVCIsIlRFTkFOVF9JTlZJVEFUSU9OX0RFTEVURSIsIlRFTkFOVF9ORUdPVElBVElPTl9BUFBST1ZBTF9TVVBFUl9BRE1JTiIsIlRFTkFOVF9ORUdPVElBVElPTl9SRVRSSUVWRV9BTExfQkVUV0VFTl9CVVlFUl9TRUxMRVIiLCJURU5BTlRfUkVUUklFVkVfVEVOQU5UX0FMTCIsIlRFTkFOVF9ORUdPVElBVElPTl9DUkVBVEUiLCJURU5BTlRfVVBEQVRFX1RFTkFOVCIsIlRFTkFOVF9PUkdBTklaQVRJT05fUkVUUklFVkUiLCJURU5BTlRfQUNDT1VOVF9VUERBVEUiLCJURU5BTlRfUFJPRFVDVF9ERUxFVEUiLCJURU5BTlRfU1VCX0FMTElBTkNFX0RFTEVURSIsIlRFTkFOVF9ORUdPVElBVElPTl9BUFBST1ZBTF9TRUxMRVIiLCJURU5BTlRfU1VCX0FMTElBTkNFX1VQREFURSIsIlRFTkFOVF9QUk9EVUNUX1VQREFURSIsIlRFTkFOVF9BQ0NPVU5UX1JFVFJJRVZFIiwiVEVOQU5UX05FR09USUFUSU9OX1JFVFJJRVZFIiwiVEVOQU5UX0RFTEVURV9URU5BTlQiXX0sIlBBU0NBTF9JTlRFTExJR0VOQ0VfbW9iaXVzIjp7InJvbGVzIjpbIlRFTkFOVF9DT05URVhUX0RFTEVURSIsIlRFTkFOVF9DT05URVhUX1VQREFURSIsIlRFTkFOVF9CSUdRVUVSWV9SRVRSSUVWRSIsIlRFTkFOVF9CSUdRVUVSWV9VUERBVEUiLCJURU5BTlRfVU5JVkVSU0VfQ1JFQVRFIiwiVEVOQU5UX0NPSE9SVFNfUkVUUklFVkUiLCJURU5BTlRfQklHUVVFUllfQ1JFQVRFIiwiVEVOQU5UX0JJR1FVRVJZX0VWQUxVQVRFIiwiVEVOQU5UX0NPSE9SVFNfVVBEQVRFIiwiVEVOQU5UX0NPTlRFWFRfUkVUUklFVkUiLCJURU5BTlRfVU5JVkVSU0VfUkVUUklFVkUiLCJURU5BTlRfQ09IT1JUU19FVkFMVUFURSIsIlRFTkFOVF9CSUdRVUVSWV9ERUxFVEUiLCJURU5BTlRfU0NIRU1BX0NSRUFURSIsIlBBU0NBTF9JTlRFTExJR0VOQ0VfVVNFUiIsIlRFTkFOVF9DT0hPUlRTX0NSRUFURSIsIlRFTkFOVF9TQ0hFTUFfVVBEQVRFIiwiVEVOQU5UX0NPTlRFWFRfQVBQUk9WRSIsIlRFTkFOVF9VTklWRVJTRV9VUERBVEUiLCJURU5BTlRfQklHUVVFUllfQVBQUk9WRSIsIlRFTkFOVF9TQ0hFTUFfUkVUUklFVkUiLCJURU5BTlRfU0NIRU1BX0FQUFJPVkUiLCJURU5BTlRfQ09OVEVYVF9FVkFMVUFURSIsIlRFTkFOVF9TQ0hFTUFfREVMRVRFIiwiVEVOQU5UX0NPTlRFWFRfQ1JFQVRFIiwiVEVOQU5UX1NDSEVNQV9EQVRBX1JFVFJJRVZFIiwiVEVOQU5UX1NDSEVNQV9EQVRBX0RFTEVURSIsIlRFTkFOVF9TQ0hFTUFfREFUQV9VUERBVEUiLCJURU5BTlRfQ09IT1JUU19ERUxFVEUiLCJURU5BTlRfVU5JVkVSU0VfREVMRVRFIiwiVEVOQU5UX1NDSEVNQV9EQVRBX0lOR0VTVElPTiIsIlRFTkFOVF9DT0hPUlRTX0FQUFJPVkUiXX0sIk1PTkVUX21vYml1cyI6eyJyb2xlcyI6WyJURU5BTlRfQVBQTEVUU19SRVRSSUVWRV9BTExfUFVCTElTSEVEIiwiVEVOQU5UX1dJREdFVFNfUkVUUklFVkVfRFJBRlQiLCJURU5BTlRfV0lER0VUU19VUERBVEUiLCJURU5BTlRfQVBQTEVUU19ERUxFVEUiLCJURU5BTlRfV0lER0VUU19ERUxFVEUiLCJURU5BTlRfUExVR0lOX0NBVEVHT1JZX1JFVFJJRVZFX0FMTCIsIlRFTkFOVF9BUFBMRVRTX1VQREFURV9ISVNUT1JZIiwiVEVOQU5UX0VYUEVSSUVOQ0VTX0NSRUFURSIsIlRFTkFOVF9XSURHRVRTX1JFVFJJRVZFX1BVQkxJU0giLCJURU5BTlRfUExVR0lOX0NBVEVHT1JZX0NSRUFURSIsIlRFTkFOVF9ERVBFTkRFTkNZX1JFVFJJRVZFX0FMTCIsIlRFTkFOVF9XSURHRVRTX1BVQkxJU0giLCJURU5BTlRfUkVUUklFVkVfRklFTERTX09GX1BVQkxJU0hFRCIsIlRFTkFOVF9FWFBFUklFTkNFU19VUERBVEUiLCJURU5BTlRfQVBQTEVUU19DUkVBVEUiLCJURU5BTlRfUExVR0lOU19ERUxFVEUiLCJURU5BTlRfQVBQTEVUU19SRVRSSUVWRV9BTExfRFJBRlQiLCJURU5BTlRfUExVR0lOU19VUERBVEUiLCJURU5BTlRfQVBQTEVUU19SRVRSSUVWRV9GUk9NX0hJU1RPUlkiLCJURU5BTlRfUkVUUklFVkVfRklFTERTX09GX0RSQUZUIiwiVEVOQU5UX0FQUExFVFNfUkVUUklFVkVfUFVCTElTSEVEIiwiVEVOQU5UX0FQUExFVFNfUFVCTElTSEVEIiwiVEVOQU5UX1dJREdFVFNfUkVUUklFVkUiLCJURU5BTlRfUExVR0lOX0NBVEVHT1JZX0RFTEVURSIsIlRFTkFOVF9QTFVHSU5fQ0FURUdPUllfUFVCTElTSCIsIlRFTkFOVF9QTFVHSU5fQ0FURUdPUllfREVMRVRFX0NPTVBfRlJPTSIsIlRFTkFOVF9SRVRSSUVWRV9QVUJMSVNIRUQiLCJURU5BTlRfUExVR0lOU19SRVRSSUVWRSIsIlRFTkFOVF9QTFVHSU5TX0NSRUFURSIsIlRFTkFOVF9XSURHRVRTX0NSRUFURSIsIlRFTkFOVF9BUFBMRVRTX1JFVFJJRVZFX0FMTF9QVUJMSVNIRURfVEhVTUJOQUlMUyIsIk1PTkVUX1VTRVIiLCJURU5BTlRfRVhQRVJJRU5DRVNfREVMRVRFIiwiVEVOQU5UX0VYUEVSSUVOQ0VTX1BVQkxJU0giLCJURU5BTlRfUkVUUklFVkVfRlJPTV9ISVNUT1JZIiwiVEVOQU5UX1BMVUdJTl9DQVRFR09SWV9VUERBVEUiXX0sIlZJTkNJX21vYml1cyI6eyJyb2xlcyI6WyJWSU5DSV9VU0VSIl19LCJhY2NvdW50Ijp7InJvbGVzIjpbIm1hbmFnZS1hY2NvdW50IiwibWFuYWdlLWFjY291bnQtbGlua3MiLCJ2aWV3LXByb2ZpbGUiXX19LCJzY29wZSI6InByb2ZpbGUgZW1haWwiLCJyZXF1ZXN0ZXJUeXBlIjoiVEVOQU5UIiwiZW1haWxfdmVyaWZpZWQiOnRydWUsIm5hbWUiOiJBaWR0YWFzIEFpZHRhYXMiLCJ0ZW5hbnRJZCI6IjJjZjc2ZTVmLTI2YWQtNGYyYy1iY2NjLWY0YmMxZTdiZmI2NCIsInByZWZlcnJlZF91c2VybmFtZSI6InBhc3N3b3JkX3RlbmFudF9haWR0YWFzQGdhaWFuc29sdXRpb25zLmNvbSIsImdpdmVuX25hbWUiOiJBaWR0YWFzIiwiZmFtaWx5X25hbWUiOiJBaWR0YWFzIiwiZW1haWwiOiJwYXNzd29yZF90ZW5hbnRfYWlkdGFhc0BnYWlhbnNvbHV0aW9ucy5jb20ifQ.G22UWdZfpDy2T8neTapxgOEwLcTJnbjop5nrm13HlhaUON7HfGI1b-n7D7FRAcRr2u7xBEE7MwJ3OSJyfjIQamrmV1U0PYtVogiw3EQcp41YWWAnpuaG41KiZvYuxGdFO1uADRRSrbnzDP44nnh75gQxL-s_blP160DEyu4gIfJ3f3Vz_wI_6yZ1aqpsz-8r8YpbeQbgrcV577yF2lTbmavmNDA6R_FW2rF8Y-mLfFbhAkQqmpuYDWdXv7_cyOmECs53ROlGzPd-DIUi1mw9_Af0tIC6DKh1nbbp16VPKqzmCPVfI1VGNZSCzVYOAr-XApRi0JZ39ub0aO1FsZzCjA
				Content-Type=application/json
Cookies:		&lt;none&gt;
Multiparts:		&lt;none&gt;
Body:
{
    &quot;storeId&quot;: &quot;&quot;,
    &quot;storePwd&quot;: &quot;fv2gDBwtlqJFtwL&quot;,
    &quot;successUrl&quot;: &quot;632&quot;,
    &quot;secretKey&quot;: &quot;pge5RiDMy7D85eRI&quot;
}

HTTP/1.1 401 Unauthorized
www-authenticate: Bearer realm=&quot;https://ig.aidtaas.com/mobius-payment-service/v1.0/gateway-details/2Kbdvnmu5be3&quot;, error=&quot;invalid_token&quot;
content-length: 14
content-type: text/plain
date: Fri, 21 Feb 2025 06:21:47 GMT
server: istio-envoy
x-envoy-upstream-service-time: 4

Jwt is expired
</system-out>
  </testcase>
  <testcase classname="unit4cases.EvoMaster_others_Test" name="test_40" time="0.067">
    <failure message="1 expectation failed.
Expected content-type &quot;application/json&quot; doesn&apos;t match actual content-type &quot;text/plain&quot;.
" type="java.lang.AssertionError">java.lang.AssertionError: 1 expectation failed.
Expected content-type &quot;application/json&quot; doesn&apos;t match actual content-type &quot;text/plain&quot;.

	at java.base/jdk.internal.reflect.DirectConstructorHandleAccessor.newInstance(DirectConstructorHandleAccessor.java:62)
	at java.base/java.lang.reflect.Constructor.newInstanceWithCaller(Constructor.java:502)
	at java.base/java.lang.reflect.Constructor.newInstance(Constructor.java:486)
	at org.codehaus.groovy.reflection.CachedConstructor.invoke(CachedConstructor.java:73)
	at org.codehaus.groovy.runtime.callsite.ConstructorSite$ConstructorSiteNoUnwrapNoCoerce.callConstructor(ConstructorSite.java:108)
	at org.codehaus.groovy.runtime.callsite.AbstractCallSite.callConstructor(AbstractCallSite.java:277)
	at io.restassured.internal.ResponseSpecificationImpl$HamcrestAssertionClosure.validate(ResponseSpecificationImpl.groovy:512)
	at io.restassured.internal.ResponseSpecificationImpl$HamcrestAssertionClosure$validate$1.call(Unknown Source)
	at io.restassured.internal.ResponseSpecificationImpl.validateResponseIfRequired(ResponseSpecificationImpl.groovy:696)
	at io.restassured.internal.ResponseSpecificationImpl.this$2$validateResponseIfRequired(ResponseSpecificationImpl.groovy)
	at java.base/jdk.internal.reflect.DirectMethodHandleAccessor.invoke(DirectMethodHandleAccessor.java:103)
	at java.base/java.lang.reflect.Method.invoke(Method.java:580)
	at org.codehaus.groovy.runtime.callsite.PlainObjectMetaMethodSite.doInvoke(PlainObjectMetaMethodSite.java:43)
	at org.codehaus.groovy.runtime.callsite.PogoMetaMethodSite$PogoCachedMethodSiteNoUnwrapNoCoerce.invoke(PogoMetaMethodSite.java:198)
	at org.codehaus.groovy.runtime.callsite.PogoMetaMethodSite.callCurrent(PogoMetaMethodSite.java:62)
	at org.codehaus.groovy.runtime.callsite.AbstractCallSite.callCurrent(AbstractCallSite.java:185)
	at io.restassured.internal.ResponseSpecificationImpl.contentType(ResponseSpecificationImpl.groovy:443)
	at io.restassured.internal.ValidatableResponseOptionsImpl.contentType(ValidatableResponseOptionsImpl.java:226)
	at unit4cases.EvoMaster_others_Test.test_40(EvoMaster_others_Test.java:1332)
	at java.base/jdk.internal.reflect.DirectMethodHandleAccessor.invoke(DirectMethodHandleAccessor.java:103)
	at java.base/java.lang.reflect.Method.invoke(Method.java:580)
	at org.junit.runners.model.FrameworkMethod$1.runReflectiveCall(FrameworkMethod.java:59)
	at org.junit.internal.runners.model.ReflectiveCallable.run(ReflectiveCallable.java:12)
	at org.junit.runners.model.FrameworkMethod.invokeExplosively(FrameworkMethod.java:56)
	at org.junit.internal.runners.statements.InvokeMethod.evaluate(InvokeMethod.java:17)
	at org.junit.internal.runners.statements.FailOnTimeout$CallableStatement.call(FailOnTimeout.java:299)
	at org.junit.internal.runners.statements.FailOnTimeout$CallableStatement.call(FailOnTimeout.java:293)
	at java.base/java.util.concurrent.FutureTask.run(FutureTask.java:317)
	at java.base/java.lang.Thread.run(Thread.java:1583)
</failure>
    <system-out>Request method:	PUT
Request URI:	https://ig.aidtaas.com/mobius-payment-service/v1.0/wallets/card-details
Proxy:			&lt;none&gt;
Request params:	&lt;none&gt;
Query params:	&lt;none&gt;
Form params:	&lt;none&gt;
Path params:	&lt;none&gt;
Headers:		Accept=application/json
				Authorization=Bearer  eyJhbGciOiJSUzI1NiIsInR5cCIgOiAiSldUIiwia2lkIiA6ICI3Ny1NUVdFRTNHZE5adGlsWU5IYmpsa2dVSkpaWUJWVmN1UmFZdHl5ejFjIn0.eyJleHAiOjE3NDAwODgxMjAsImlhdCI6MTc0MDA1MjEyMCwianRpIjoiYjc4MDZhYTYtZWE3MS00NWJkLWI5ODMtOWU3MDE4OTc4NTYzIiwiaXNzIjoiaHR0cDovL2tleWNsb2FrLXNlcnZpY2Uua2V5Y2xvYWsuc3ZjLmNsdXN0ZXIubG9jYWw6ODA4MC9yZWFsbXMvbWFzdGVyIiwiYXVkIjpbIkJPTFRaTUFOTl9CT1RfbW9iaXVzIiwiUEFTQ0FMX0lOVEVMTElHRU5DRV9tb2JpdXMiLCJNT05FVF9tb2JpdXMiLCJWSU5DSV9tb2JpdXMiLCJhY2NvdW50Il0sInN1YiI6IjJjZjc2ZTVmLTI2YWQtNGYyYy1iY2NjLWY0YmMxZTdiZmI2NCIsInR5cCI6IkJlYXJlciIsImF6cCI6IkhPTEFDUkFDWV9tb2JpdXMiLCJzaWQiOiJmNjcwYzZjMi03OWYzLTQ2YzctOTE5Yy1hNTNhYmRiNTgwNDMiLCJhY3IiOiIxIiwiYWxsb3dlZC1vcmlnaW5zIjpbIi8qIl0sInJlYWxtX2FjY2VzcyI6eyJyb2xlcyI6WyJkZWZhdWx0LXJvbGVzLW1hc3RlciIsIkhDWV9URU5BTlRfQ1VTVE9NIiwib2ZmbGluZV9hY2Nlc3MiLCJCT0JfVEVOQU5UX0NVU1RPTSIsInVtYV9hdXRob3JpemF0aW9uIiwiUElfVEVOQU5UX0NVU1RPTSIsIk1PTkVUX1RFTkFOVF9DVVNUT00iXX0sInJlc291cmNlX2FjY2VzcyI6eyJCT0xUWk1BTk5fQk9UX21vYml1cyI6eyJyb2xlcyI6WyJURU5BTlRfV09SS0ZMT1dfU1VTUEVORF9QUk9DRVNTX0RFRklOSVRJT04iLCJURU5BTlRfV09SS0ZMT1dfU1VTUEVORF9JTlNUQU5DRSIsIlRFTkFOVF9XT1JLRkxPV19SRVRSSUVWRV9BTEwiLCJURU5BTlRfV09SS0ZMT1dfQUNUSVZBVEVfSU5TVEFOQ0UiLCJURU5BTlRfV09SS0ZMT1dfRVhFQ1VURSIsIlRFTkFOVF9XT1JLRkxPV19SRVRSSUVWRV9IT01FIiwiVEVOQU5UX1dPUktGTE9XX1JFVFJJRVZFX1NVU1BFTkRFRF9QUk9DRVNTX0RFRlMiLCJURU5BTlRfV09SS0ZMT1dfQUNUSVZBVEVfUlVOX0pPQiIsIlRFTkFOVF9XT1JLRkxPV19TVEFUVVMiLCJURU5BTlRfV09SS0ZMT1dfQ1JFQVRFIiwiVEVOQU5UX1dPUktGTE9XX0FDVElWSVRZX0RBVEFfQ09VTlQiLCJCT0xUWk1BTk5fQk9UX1VTRVIiLCJURU5BTlRfV09SS0ZMT1dfREVQTE9ZX1ZFUlNJT04iLCJURU5BTlRfV09SS0ZMT1dfSU1QT1JUIiwiVEVOQU5UX1dPUktGTE9XX1VQREFURSIsIlRFTkFOVF9XT1JLRkxPV19ERVBMT1kiLCJURU5BTlRfV09SS0ZMT1dfU1VTUEVORF9SVU5fSk9CIiwiVEVOQU5UX1dPUktGTE9XX1JFVFJJRVZFIiwiVEVOQU5UX1dPUktGTE9XX0RFTEVURSIsIlRFTkFOVF9XT1JLRkxPV19UUklHR0VSX01FU1NBR0VfTElTVEVORVIiXX0sIkhPTEFDUkFDWV9tb2JpdXMiOnsicm9sZXMiOlsiVEVOQU5UX1BST0RVQ1RfUkVUUklFVkVfTUFTVEVSX0NPTkZJRyIsIlRFTkFOVF9JTlZJVEFUSU9OX1JFU1BPTkQiLCJURU5BTlRfTkVHT1RJQVRJT05fQVBQUk9WQUxfQlVZRVIiLCJURU5BTlRfSU5WSVRBVElPTl9SRVRSSUVWRSIsIlRFTkFOVF9PUkdBTklaQVRJT05fQ1JFQVRFIiwiVEVOQU5UX0NSRUFURV9URU5BTlQiLCJURU5BTlRfU1VCX0FMTElBTkNFX1JFVFJJRVZFIiwiVEVOQU5UX1BMQVRGT1JNX0NSRUFURSIsIkhPTEFDUkFDWV9VU0VSIiwiVEVOQU5UX1JBVEVDQVJEX0NSRUFURSIsIlRFTkFOVF9QTEFURk9STV9SRVRSSUVWRSIsIlRFTkFOVF9SRVRSSUVWRV9CWV9CVVlFUl9QTEFURk9STSIsIlRFTkFOVF9TVUJfQUxMSUFOQ0VfUkVUUklFVkVfQUxMIiwiVEVOQU5UX1BST0RVQ1RfUkVUUklFVkUiLCJURU5BTlRfQUNDT1VOVF9ERUxFVEUiLCJURU5BTlRfQUxMSUFOQ0VfUkVUUklFVkUiLCJURU5BTlRfUExBVEZPUk1fVVBEQVRFIiwiVEVOQU5UX0lOVklUQVRJT05fQ1JFQVRFIiwiVEVOQU5UX1JBVEVDQVJEX1JFVFJJRVZFIiwiVEVOQU5UX09SR0FOSVpBVElPTl9VUERBVEUiLCJURU5BTlRfUkFURUNBUkRfVVBEQVRFIiwiVEVOQU5UX09SR0FOSVpBVElPTl9ERUxFVEUiLCJURU5BTlRfUExBVEZPUk1fREVMRVRFIiwiVEVOQU5UX1BST0RVQ1RfQ1JFQVRFIiwiVEVOQU5UX1NVQl9BTExJQU5DRV9DUkVBVEUiLCJURU5BTlRfUkFURUNBUkRfREVMRVRFIiwiVEVOQU5UX0FDQ09VTlRfQ1JFQVRFIiwiVEVOQU5UX0lOVklUQVRJT05fVVBEQVRFIiwiVEVOQU5UX1JFVFJJRVZFX1RFTkFOVCIsIlRFTkFOVF9JTlZJVEFUSU9OX0RFTEVURSIsIlRFTkFOVF9ORUdPVElBVElPTl9BUFBST1ZBTF9TVVBFUl9BRE1JTiIsIlRFTkFOVF9ORUdPVElBVElPTl9SRVRSSUVWRV9BTExfQkVUV0VFTl9CVVlFUl9TRUxMRVIiLCJURU5BTlRfUkVUUklFVkVfVEVOQU5UX0FMTCIsIlRFTkFOVF9ORUdPVElBVElPTl9DUkVBVEUiLCJURU5BTlRfVVBEQVRFX1RFTkFOVCIsIlRFTkFOVF9PUkdBTklaQVRJT05fUkVUUklFVkUiLCJURU5BTlRfQUNDT1VOVF9VUERBVEUiLCJURU5BTlRfUFJPRFVDVF9ERUxFVEUiLCJURU5BTlRfU1VCX0FMTElBTkNFX0RFTEVURSIsIlRFTkFOVF9ORUdPVElBVElPTl9BUFBST1ZBTF9TRUxMRVIiLCJURU5BTlRfU1VCX0FMTElBTkNFX1VQREFURSIsIlRFTkFOVF9QUk9EVUNUX1VQREFURSIsIlRFTkFOVF9BQ0NPVU5UX1JFVFJJRVZFIiwiVEVOQU5UX05FR09USUFUSU9OX1JFVFJJRVZFIiwiVEVOQU5UX0RFTEVURV9URU5BTlQiXX0sIlBBU0NBTF9JTlRFTExJR0VOQ0VfbW9iaXVzIjp7InJvbGVzIjpbIlRFTkFOVF9DT05URVhUX0RFTEVURSIsIlRFTkFOVF9DT05URVhUX1VQREFURSIsIlRFTkFOVF9CSUdRVUVSWV9SRVRSSUVWRSIsIlRFTkFOVF9CSUdRVUVSWV9VUERBVEUiLCJURU5BTlRfVU5JVkVSU0VfQ1JFQVRFIiwiVEVOQU5UX0NPSE9SVFNfUkVUUklFVkUiLCJURU5BTlRfQklHUVVFUllfQ1JFQVRFIiwiVEVOQU5UX0JJR1FVRVJZX0VWQUxVQVRFIiwiVEVOQU5UX0NPSE9SVFNfVVBEQVRFIiwiVEVOQU5UX0NPTlRFWFRfUkVUUklFVkUiLCJURU5BTlRfVU5JVkVSU0VfUkVUUklFVkUiLCJURU5BTlRfQ09IT1JUU19FVkFMVUFURSIsIlRFTkFOVF9CSUdRVUVSWV9ERUxFVEUiLCJURU5BTlRfU0NIRU1BX0NSRUFURSIsIlBBU0NBTF9JTlRFTExJR0VOQ0VfVVNFUiIsIlRFTkFOVF9DT0hPUlRTX0NSRUFURSIsIlRFTkFOVF9TQ0hFTUFfVVBEQVRFIiwiVEVOQU5UX0NPTlRFWFRfQVBQUk9WRSIsIlRFTkFOVF9VTklWRVJTRV9VUERBVEUiLCJURU5BTlRfQklHUVVFUllfQVBQUk9WRSIsIlRFTkFOVF9TQ0hFTUFfUkVUUklFVkUiLCJURU5BTlRfU0NIRU1BX0FQUFJPVkUiLCJURU5BTlRfQ09OVEVYVF9FVkFMVUFURSIsIlRFTkFOVF9TQ0hFTUFfREVMRVRFIiwiVEVOQU5UX0NPTlRFWFRfQ1JFQVRFIiwiVEVOQU5UX1NDSEVNQV9EQVRBX1JFVFJJRVZFIiwiVEVOQU5UX1NDSEVNQV9EQVRBX0RFTEVURSIsIlRFTkFOVF9TQ0hFTUFfREFUQV9VUERBVEUiLCJURU5BTlRfQ09IT1JUU19ERUxFVEUiLCJURU5BTlRfVU5JVkVSU0VfREVMRVRFIiwiVEVOQU5UX1NDSEVNQV9EQVRBX0lOR0VTVElPTiIsIlRFTkFOVF9DT0hPUlRTX0FQUFJPVkUiXX0sIk1PTkVUX21vYml1cyI6eyJyb2xlcyI6WyJURU5BTlRfQVBQTEVUU19SRVRSSUVWRV9BTExfUFVCTElTSEVEIiwiVEVOQU5UX1dJREdFVFNfUkVUUklFVkVfRFJBRlQiLCJURU5BTlRfV0lER0VUU19VUERBVEUiLCJURU5BTlRfQVBQTEVUU19ERUxFVEUiLCJURU5BTlRfV0lER0VUU19ERUxFVEUiLCJURU5BTlRfUExVR0lOX0NBVEVHT1JZX1JFVFJJRVZFX0FMTCIsIlRFTkFOVF9BUFBMRVRTX1VQREFURV9ISVNUT1JZIiwiVEVOQU5UX0VYUEVSSUVOQ0VTX0NSRUFURSIsIlRFTkFOVF9XSURHRVRTX1JFVFJJRVZFX1BVQkxJU0giLCJURU5BTlRfUExVR0lOX0NBVEVHT1JZX0NSRUFURSIsIlRFTkFOVF9ERVBFTkRFTkNZX1JFVFJJRVZFX0FMTCIsIlRFTkFOVF9XSURHRVRTX1BVQkxJU0giLCJURU5BTlRfUkVUUklFVkVfRklFTERTX09GX1BVQkxJU0hFRCIsIlRFTkFOVF9FWFBFUklFTkNFU19VUERBVEUiLCJURU5BTlRfQVBQTEVUU19DUkVBVEUiLCJURU5BTlRfUExVR0lOU19ERUxFVEUiLCJURU5BTlRfQVBQTEVUU19SRVRSSUVWRV9BTExfRFJBRlQiLCJURU5BTlRfUExVR0lOU19VUERBVEUiLCJURU5BTlRfQVBQTEVUU19SRVRSSUVWRV9GUk9NX0hJU1RPUlkiLCJURU5BTlRfUkVUUklFVkVfRklFTERTX09GX0RSQUZUIiwiVEVOQU5UX0FQUExFVFNfUkVUUklFVkVfUFVCTElTSEVEIiwiVEVOQU5UX0FQUExFVFNfUFVCTElTSEVEIiwiVEVOQU5UX1dJREdFVFNfUkVUUklFVkUiLCJURU5BTlRfUExVR0lOX0NBVEVHT1JZX0RFTEVURSIsIlRFTkFOVF9QTFVHSU5fQ0FURUdPUllfUFVCTElTSCIsIlRFTkFOVF9QTFVHSU5fQ0FURUdPUllfREVMRVRFX0NPTVBfRlJPTSIsIlRFTkFOVF9SRVRSSUVWRV9QVUJMSVNIRUQiLCJURU5BTlRfUExVR0lOU19SRVRSSUVWRSIsIlRFTkFOVF9QTFVHSU5TX0NSRUFURSIsIlRFTkFOVF9XSURHRVRTX0NSRUFURSIsIlRFTkFOVF9BUFBMRVRTX1JFVFJJRVZFX0FMTF9QVUJMSVNIRURfVEhVTUJOQUlMUyIsIk1PTkVUX1VTRVIiLCJURU5BTlRfRVhQRVJJRU5DRVNfREVMRVRFIiwiVEVOQU5UX0VYUEVSSUVOQ0VTX1BVQkxJU0giLCJURU5BTlRfUkVUUklFVkVfRlJPTV9ISVNUT1JZIiwiVEVOQU5UX1BMVUdJTl9DQVRFR09SWV9VUERBVEUiXX0sIlZJTkNJX21vYml1cyI6eyJyb2xlcyI6WyJWSU5DSV9VU0VSIl19LCJhY2NvdW50Ijp7InJvbGVzIjpbIm1hbmFnZS1hY2NvdW50IiwibWFuYWdlLWFjY291bnQtbGlua3MiLCJ2aWV3LXByb2ZpbGUiXX19LCJzY29wZSI6InByb2ZpbGUgZW1haWwiLCJyZXF1ZXN0ZXJUeXBlIjoiVEVOQU5UIiwiZW1haWxfdmVyaWZpZWQiOnRydWUsIm5hbWUiOiJBaWR0YWFzIEFpZHRhYXMiLCJ0ZW5hbnRJZCI6IjJjZjc2ZTVmLTI2YWQtNGYyYy1iY2NjLWY0YmMxZTdiZmI2NCIsInByZWZlcnJlZF91c2VybmFtZSI6InBhc3N3b3JkX3RlbmFudF9haWR0YWFzQGdhaWFuc29sdXRpb25zLmNvbSIsImdpdmVuX25hbWUiOiJBaWR0YWFzIiwiZmFtaWx5X25hbWUiOiJBaWR0YWFzIiwiZW1haWwiOiJwYXNzd29yZF90ZW5hbnRfYWlkdGFhc0BnYWlhbnNvbHV0aW9ucy5jb20ifQ.G22UWdZfpDy2T8neTapxgOEwLcTJnbjop5nrm13HlhaUON7HfGI1b-n7D7FRAcRr2u7xBEE7MwJ3OSJyfjIQamrmV1U0PYtVogiw3EQcp41YWWAnpuaG41KiZvYuxGdFO1uADRRSrbnzDP44nnh75gQxL-s_blP160DEyu4gIfJ3f3Vz_wI_6yZ1aqpsz-8r8YpbeQbgrcV577yF2lTbmavmNDA6R_FW2rF8Y-mLfFbhAkQqmpuYDWdXv7_cyOmECs53ROlGzPd-DIUi1mw9_Af0tIC6DKh1nbbp16VPKqzmCPVfI1VGNZSCzVYOAr-XApRi0JZ39ub0aO1FsZzCjA
				Content-Type=application/json
Cookies:		&lt;none&gt;
Multiparts:		&lt;none&gt;
Body:
{
    &quot;currency&quot;: &quot;kpEyV_exN5UnoN&quot;,
    &quot;secondaryCardIds&quot;: [
        &quot;&quot;,
        &quot;vQPaUr1JkWAgVqV&quot;,
        &quot;oxPhLxLlAfB7_Y&quot;,
        &quot;&quot;
    ],
    &quot;primaryCardId&quot;: &quot;Vqfy7WU6ZKOlG8&quot;
}

HTTP/1.1 401 Unauthorized
www-authenticate: Bearer realm=&quot;https://ig.aidtaas.com/mobius-payment-service/v1.0/wallets/card-details&quot;, error=&quot;invalid_token&quot;
content-length: 14
content-type: text/plain
date: Fri, 21 Feb 2025 06:21:47 GMT
server: istio-envoy
x-envoy-upstream-service-time: 1

Jwt is expired
</system-out>
  </testcase>
  <testcase classname="unit4cases.EvoMaster_others_Test" name="test_41" time="0.451">
    <failure message="1 expectation failed.
Expected content-type &quot;application/json&quot; doesn&apos;t match actual content-type &quot;text/plain&quot;.
" type="java.lang.AssertionError">java.lang.AssertionError: 1 expectation failed.
Expected content-type &quot;application/json&quot; doesn&apos;t match actual content-type &quot;text/plain&quot;.

	at java.base/jdk.internal.reflect.DirectConstructorHandleAccessor.newInstance(DirectConstructorHandleAccessor.java:62)
	at java.base/java.lang.reflect.Constructor.newInstanceWithCaller(Constructor.java:502)
	at java.base/java.lang.reflect.Constructor.newInstance(Constructor.java:486)
	at org.codehaus.groovy.reflection.CachedConstructor.invoke(CachedConstructor.java:73)
	at org.codehaus.groovy.runtime.callsite.ConstructorSite$ConstructorSiteNoUnwrapNoCoerce.callConstructor(ConstructorSite.java:108)
	at org.codehaus.groovy.runtime.callsite.AbstractCallSite.callConstructor(AbstractCallSite.java:277)
	at io.restassured.internal.ResponseSpecificationImpl$HamcrestAssertionClosure.validate(ResponseSpecificationImpl.groovy:512)
	at io.restassured.internal.ResponseSpecificationImpl$HamcrestAssertionClosure$validate$1.call(Unknown Source)
	at io.restassured.internal.ResponseSpecificationImpl.validateResponseIfRequired(ResponseSpecificationImpl.groovy:696)
	at io.restassured.internal.ResponseSpecificationImpl.this$2$validateResponseIfRequired(ResponseSpecificationImpl.groovy)
	at java.base/jdk.internal.reflect.DirectMethodHandleAccessor.invoke(DirectMethodHandleAccessor.java:103)
	at java.base/java.lang.reflect.Method.invoke(Method.java:580)
	at org.codehaus.groovy.runtime.callsite.PlainObjectMetaMethodSite.doInvoke(PlainObjectMetaMethodSite.java:43)
	at org.codehaus.groovy.runtime.callsite.PogoMetaMethodSite$PogoCachedMethodSiteNoUnwrapNoCoerce.invoke(PogoMetaMethodSite.java:198)
	at org.codehaus.groovy.runtime.callsite.PogoMetaMethodSite.callCurrent(PogoMetaMethodSite.java:62)
	at org.codehaus.groovy.runtime.callsite.AbstractCallSite.callCurrent(AbstractCallSite.java:185)
	at io.restassured.internal.ResponseSpecificationImpl.contentType(ResponseSpecificationImpl.groovy:443)
	at io.restassured.internal.ValidatableResponseOptionsImpl.contentType(ValidatableResponseOptionsImpl.java:226)
	at unit4cases.EvoMaster_others_Test.test_41(EvoMaster_others_Test.java:1381)
	at java.base/jdk.internal.reflect.DirectMethodHandleAccessor.invoke(DirectMethodHandleAccessor.java:103)
	at java.base/java.lang.reflect.Method.invoke(Method.java:580)
	at org.junit.runners.model.FrameworkMethod$1.runReflectiveCall(FrameworkMethod.java:59)
	at org.junit.internal.runners.model.ReflectiveCallable.run(ReflectiveCallable.java:12)
	at org.junit.runners.model.FrameworkMethod.invokeExplosively(FrameworkMethod.java:56)
	at org.junit.internal.runners.statements.InvokeMethod.evaluate(InvokeMethod.java:17)
	at org.junit.internal.runners.statements.FailOnTimeout$CallableStatement.call(FailOnTimeout.java:299)
	at org.junit.internal.runners.statements.FailOnTimeout$CallableStatement.call(FailOnTimeout.java:293)
	at java.base/java.util.concurrent.FutureTask.run(FutureTask.java:317)
	at java.base/java.lang.Thread.run(Thread.java:1583)
</failure>
    <system-out>Request method:	PUT
Request URI:	https://ig.aidtaas.com/mobius-payment-service/v1.0/wallets/update
Proxy:			&lt;none&gt;
Request params:	&lt;none&gt;
Query params:	&lt;none&gt;
Form params:	&lt;none&gt;
Path params:	&lt;none&gt;
Headers:		Accept=application/json
				Authorization=Bearer  eyJhbGciOiJSUzI1NiIsInR5cCIgOiAiSldUIiwia2lkIiA6ICI3Ny1NUVdFRTNHZE5adGlsWU5IYmpsa2dVSkpaWUJWVmN1UmFZdHl5ejFjIn0.eyJleHAiOjE3NDAwODgxMjAsImlhdCI6MTc0MDA1MjEyMCwianRpIjoiYjc4MDZhYTYtZWE3MS00NWJkLWI5ODMtOWU3MDE4OTc4NTYzIiwiaXNzIjoiaHR0cDovL2tleWNsb2FrLXNlcnZpY2Uua2V5Y2xvYWsuc3ZjLmNsdXN0ZXIubG9jYWw6ODA4MC9yZWFsbXMvbWFzdGVyIiwiYXVkIjpbIkJPTFRaTUFOTl9CT1RfbW9iaXVzIiwiUEFTQ0FMX0lOVEVMTElHRU5DRV9tb2JpdXMiLCJNT05FVF9tb2JpdXMiLCJWSU5DSV9tb2JpdXMiLCJhY2NvdW50Il0sInN1YiI6IjJjZjc2ZTVmLTI2YWQtNGYyYy1iY2NjLWY0YmMxZTdiZmI2NCIsInR5cCI6IkJlYXJlciIsImF6cCI6IkhPTEFDUkFDWV9tb2JpdXMiLCJzaWQiOiJmNjcwYzZjMi03OWYzLTQ2YzctOTE5Yy1hNTNhYmRiNTgwNDMiLCJhY3IiOiIxIiwiYWxsb3dlZC1vcmlnaW5zIjpbIi8qIl0sInJlYWxtX2FjY2VzcyI6eyJyb2xlcyI6WyJkZWZhdWx0LXJvbGVzLW1hc3RlciIsIkhDWV9URU5BTlRfQ1VTVE9NIiwib2ZmbGluZV9hY2Nlc3MiLCJCT0JfVEVOQU5UX0NVU1RPTSIsInVtYV9hdXRob3JpemF0aW9uIiwiUElfVEVOQU5UX0NVU1RPTSIsIk1PTkVUX1RFTkFOVF9DVVNUT00iXX0sInJlc291cmNlX2FjY2VzcyI6eyJCT0xUWk1BTk5fQk9UX21vYml1cyI6eyJyb2xlcyI6WyJURU5BTlRfV09SS0ZMT1dfU1VTUEVORF9QUk9DRVNTX0RFRklOSVRJT04iLCJURU5BTlRfV09SS0ZMT1dfU1VTUEVORF9JTlNUQU5DRSIsIlRFTkFOVF9XT1JLRkxPV19SRVRSSUVWRV9BTEwiLCJURU5BTlRfV09SS0ZMT1dfQUNUSVZBVEVfSU5TVEFOQ0UiLCJURU5BTlRfV09SS0ZMT1dfRVhFQ1VURSIsIlRFTkFOVF9XT1JLRkxPV19SRVRSSUVWRV9IT01FIiwiVEVOQU5UX1dPUktGTE9XX1JFVFJJRVZFX1NVU1BFTkRFRF9QUk9DRVNTX0RFRlMiLCJURU5BTlRfV09SS0ZMT1dfQUNUSVZBVEVfUlVOX0pPQiIsIlRFTkFOVF9XT1JLRkxPV19TVEFUVVMiLCJURU5BTlRfV09SS0ZMT1dfQ1JFQVRFIiwiVEVOQU5UX1dPUktGTE9XX0FDVElWSVRZX0RBVEFfQ09VTlQiLCJCT0xUWk1BTk5fQk9UX1VTRVIiLCJURU5BTlRfV09SS0ZMT1dfREVQTE9ZX1ZFUlNJT04iLCJURU5BTlRfV09SS0ZMT1dfSU1QT1JUIiwiVEVOQU5UX1dPUktGTE9XX1VQREFURSIsIlRFTkFOVF9XT1JLRkxPV19ERVBMT1kiLCJURU5BTlRfV09SS0ZMT1dfU1VTUEVORF9SVU5fSk9CIiwiVEVOQU5UX1dPUktGTE9XX1JFVFJJRVZFIiwiVEVOQU5UX1dPUktGTE9XX0RFTEVURSIsIlRFTkFOVF9XT1JLRkxPV19UUklHR0VSX01FU1NBR0VfTElTVEVORVIiXX0sIkhPTEFDUkFDWV9tb2JpdXMiOnsicm9sZXMiOlsiVEVOQU5UX1BST0RVQ1RfUkVUUklFVkVfTUFTVEVSX0NPTkZJRyIsIlRFTkFOVF9JTlZJVEFUSU9OX1JFU1BPTkQiLCJURU5BTlRfTkVHT1RJQVRJT05fQVBQUk9WQUxfQlVZRVIiLCJURU5BTlRfSU5WSVRBVElPTl9SRVRSSUVWRSIsIlRFTkFOVF9PUkdBTklaQVRJT05fQ1JFQVRFIiwiVEVOQU5UX0NSRUFURV9URU5BTlQiLCJURU5BTlRfU1VCX0FMTElBTkNFX1JFVFJJRVZFIiwiVEVOQU5UX1BMQVRGT1JNX0NSRUFURSIsIkhPTEFDUkFDWV9VU0VSIiwiVEVOQU5UX1JBVEVDQVJEX0NSRUFURSIsIlRFTkFOVF9QTEFURk9STV9SRVRSSUVWRSIsIlRFTkFOVF9SRVRSSUVWRV9CWV9CVVlFUl9QTEFURk9STSIsIlRFTkFOVF9TVUJfQUxMSUFOQ0VfUkVUUklFVkVfQUxMIiwiVEVOQU5UX1BST0RVQ1RfUkVUUklFVkUiLCJURU5BTlRfQUNDT1VOVF9ERUxFVEUiLCJURU5BTlRfQUxMSUFOQ0VfUkVUUklFVkUiLCJURU5BTlRfUExBVEZPUk1fVVBEQVRFIiwiVEVOQU5UX0lOVklUQVRJT05fQ1JFQVRFIiwiVEVOQU5UX1JBVEVDQVJEX1JFVFJJRVZFIiwiVEVOQU5UX09SR0FOSVpBVElPTl9VUERBVEUiLCJURU5BTlRfUkFURUNBUkRfVVBEQVRFIiwiVEVOQU5UX09SR0FOSVpBVElPTl9ERUxFVEUiLCJURU5BTlRfUExBVEZPUk1fREVMRVRFIiwiVEVOQU5UX1BST0RVQ1RfQ1JFQVRFIiwiVEVOQU5UX1NVQl9BTExJQU5DRV9DUkVBVEUiLCJURU5BTlRfUkFURUNBUkRfREVMRVRFIiwiVEVOQU5UX0FDQ09VTlRfQ1JFQVRFIiwiVEVOQU5UX0lOVklUQVRJT05fVVBEQVRFIiwiVEVOQU5UX1JFVFJJRVZFX1RFTkFOVCIsIlRFTkFOVF9JTlZJVEFUSU9OX0RFTEVURSIsIlRFTkFOVF9ORUdPVElBVElPTl9BUFBST1ZBTF9TVVBFUl9BRE1JTiIsIlRFTkFOVF9ORUdPVElBVElPTl9SRVRSSUVWRV9BTExfQkVUV0VFTl9CVVlFUl9TRUxMRVIiLCJURU5BTlRfUkVUUklFVkVfVEVOQU5UX0FMTCIsIlRFTkFOVF9ORUdPVElBVElPTl9DUkVBVEUiLCJURU5BTlRfVVBEQVRFX1RFTkFOVCIsIlRFTkFOVF9PUkdBTklaQVRJT05fUkVUUklFVkUiLCJURU5BTlRfQUNDT1VOVF9VUERBVEUiLCJURU5BTlRfUFJPRFVDVF9ERUxFVEUiLCJURU5BTlRfU1VCX0FMTElBTkNFX0RFTEVURSIsIlRFTkFOVF9ORUdPVElBVElPTl9BUFBST1ZBTF9TRUxMRVIiLCJURU5BTlRfU1VCX0FMTElBTkNFX1VQREFURSIsIlRFTkFOVF9QUk9EVUNUX1VQREFURSIsIlRFTkFOVF9BQ0NPVU5UX1JFVFJJRVZFIiwiVEVOQU5UX05FR09USUFUSU9OX1JFVFJJRVZFIiwiVEVOQU5UX0RFTEVURV9URU5BTlQiXX0sIlBBU0NBTF9JTlRFTExJR0VOQ0VfbW9iaXVzIjp7InJvbGVzIjpbIlRFTkFOVF9DT05URVhUX0RFTEVURSIsIlRFTkFOVF9DT05URVhUX1VQREFURSIsIlRFTkFOVF9CSUdRVUVSWV9SRVRSSUVWRSIsIlRFTkFOVF9CSUdRVUVSWV9VUERBVEUiLCJURU5BTlRfVU5JVkVSU0VfQ1JFQVRFIiwiVEVOQU5UX0NPSE9SVFNfUkVUUklFVkUiLCJURU5BTlRfQklHUVVFUllfQ1JFQVRFIiwiVEVOQU5UX0JJR1FVRVJZX0VWQUxVQVRFIiwiVEVOQU5UX0NPSE9SVFNfVVBEQVRFIiwiVEVOQU5UX0NPTlRFWFRfUkVUUklFVkUiLCJURU5BTlRfVU5JVkVSU0VfUkVUUklFVkUiLCJURU5BTlRfQ09IT1JUU19FVkFMVUFURSIsIlRFTkFOVF9CSUdRVUVSWV9ERUxFVEUiLCJURU5BTlRfU0NIRU1BX0NSRUFURSIsIlBBU0NBTF9JTlRFTExJR0VOQ0VfVVNFUiIsIlRFTkFOVF9DT0hPUlRTX0NSRUFURSIsIlRFTkFOVF9TQ0hFTUFfVVBEQVRFIiwiVEVOQU5UX0NPTlRFWFRfQVBQUk9WRSIsIlRFTkFOVF9VTklWRVJTRV9VUERBVEUiLCJURU5BTlRfQklHUVVFUllfQVBQUk9WRSIsIlRFTkFOVF9TQ0hFTUFfUkVUUklFVkUiLCJURU5BTlRfU0NIRU1BX0FQUFJPVkUiLCJURU5BTlRfQ09OVEVYVF9FVkFMVUFURSIsIlRFTkFOVF9TQ0hFTUFfREVMRVRFIiwiVEVOQU5UX0NPTlRFWFRfQ1JFQVRFIiwiVEVOQU5UX1NDSEVNQV9EQVRBX1JFVFJJRVZFIiwiVEVOQU5UX1NDSEVNQV9EQVRBX0RFTEVURSIsIlRFTkFOVF9TQ0hFTUFfREFUQV9VUERBVEUiLCJURU5BTlRfQ09IT1JUU19ERUxFVEUiLCJURU5BTlRfVU5JVkVSU0VfREVMRVRFIiwiVEVOQU5UX1NDSEVNQV9EQVRBX0lOR0VTVElPTiIsIlRFTkFOVF9DT0hPUlRTX0FQUFJPVkUiXX0sIk1PTkVUX21vYml1cyI6eyJyb2xlcyI6WyJURU5BTlRfQVBQTEVUU19SRVRSSUVWRV9BTExfUFVCTElTSEVEIiwiVEVOQU5UX1dJREdFVFNfUkVUUklFVkVfRFJBRlQiLCJURU5BTlRfV0lER0VUU19VUERBVEUiLCJURU5BTlRfQVBQTEVUU19ERUxFVEUiLCJURU5BTlRfV0lER0VUU19ERUxFVEUiLCJURU5BTlRfUExVR0lOX0NBVEVHT1JZX1JFVFJJRVZFX0FMTCIsIlRFTkFOVF9BUFBMRVRTX1VQREFURV9ISVNUT1JZIiwiVEVOQU5UX0VYUEVSSUVOQ0VTX0NSRUFURSIsIlRFTkFOVF9XSURHRVRTX1JFVFJJRVZFX1BVQkxJU0giLCJURU5BTlRfUExVR0lOX0NBVEVHT1JZX0NSRUFURSIsIlRFTkFOVF9ERVBFTkRFTkNZX1JFVFJJRVZFX0FMTCIsIlRFTkFOVF9XSURHRVRTX1BVQkxJU0giLCJURU5BTlRfUkVUUklFVkVfRklFTERTX09GX1BVQkxJU0hFRCIsIlRFTkFOVF9FWFBFUklFTkNFU19VUERBVEUiLCJURU5BTlRfQVBQTEVUU19DUkVBVEUiLCJURU5BTlRfUExVR0lOU19ERUxFVEUiLCJURU5BTlRfQVBQTEVUU19SRVRSSUVWRV9BTExfRFJBRlQiLCJURU5BTlRfUExVR0lOU19VUERBVEUiLCJURU5BTlRfQVBQTEVUU19SRVRSSUVWRV9GUk9NX0hJU1RPUlkiLCJURU5BTlRfUkVUUklFVkVfRklFTERTX09GX0RSQUZUIiwiVEVOQU5UX0FQUExFVFNfUkVUUklFVkVfUFVCTElTSEVEIiwiVEVOQU5UX0FQUExFVFNfUFVCTElTSEVEIiwiVEVOQU5UX1dJREdFVFNfUkVUUklFVkUiLCJURU5BTlRfUExVR0lOX0NBVEVHT1JZX0RFTEVURSIsIlRFTkFOVF9QTFVHSU5fQ0FURUdPUllfUFVCTElTSCIsIlRFTkFOVF9QTFVHSU5fQ0FURUdPUllfREVMRVRFX0NPTVBfRlJPTSIsIlRFTkFOVF9SRVRSSUVWRV9QVUJMSVNIRUQiLCJURU5BTlRfUExVR0lOU19SRVRSSUVWRSIsIlRFTkFOVF9QTFVHSU5TX0NSRUFURSIsIlRFTkFOVF9XSURHRVRTX0NSRUFURSIsIlRFTkFOVF9BUFBMRVRTX1JFVFJJRVZFX0FMTF9QVUJMSVNIRURfVEhVTUJOQUlMUyIsIk1PTkVUX1VTRVIiLCJURU5BTlRfRVhQRVJJRU5DRVNfREVMRVRFIiwiVEVOQU5UX0VYUEVSSUVOQ0VTX1BVQkxJU0giLCJURU5BTlRfUkVUUklFVkVfRlJPTV9ISVNUT1JZIiwiVEVOQU5UX1BMVUdJTl9DQVRFR09SWV9VUERBVEUiXX0sIlZJTkNJX21vYml1cyI6eyJyb2xlcyI6WyJWSU5DSV9VU0VSIl19LCJhY2NvdW50Ijp7InJvbGVzIjpbIm1hbmFnZS1hY2NvdW50IiwibWFuYWdlLWFjY291bnQtbGlua3MiLCJ2aWV3LXByb2ZpbGUiXX19LCJzY29wZSI6InByb2ZpbGUgZW1haWwiLCJyZXF1ZXN0ZXJUeXBlIjoiVEVOQU5UIiwiZW1haWxfdmVyaWZpZWQiOnRydWUsIm5hbWUiOiJBaWR0YWFzIEFpZHRhYXMiLCJ0ZW5hbnRJZCI6IjJjZjc2ZTVmLTI2YWQtNGYyYy1iY2NjLWY0YmMxZTdiZmI2NCIsInByZWZlcnJlZF91c2VybmFtZSI6InBhc3N3b3JkX3RlbmFudF9haWR0YWFzQGdhaWFuc29sdXRpb25zLmNvbSIsImdpdmVuX25hbWUiOiJBaWR0YWFzIiwiZmFtaWx5X25hbWUiOiJBaWR0YWFzIiwiZW1haWwiOiJwYXNzd29yZF90ZW5hbnRfYWlkdGFhc0BnYWlhbnNvbHV0aW9ucy5jb20ifQ.G22UWdZfpDy2T8neTapxgOEwLcTJnbjop5nrm13HlhaUON7HfGI1b-n7D7FRAcRr2u7xBEE7MwJ3OSJyfjIQamrmV1U0PYtVogiw3EQcp41YWWAnpuaG41KiZvYuxGdFO1uADRRSrbnzDP44nnh75gQxL-s_blP160DEyu4gIfJ3f3Vz_wI_6yZ1aqpsz-8r8YpbeQbgrcV577yF2lTbmavmNDA6R_FW2rF8Y-mLfFbhAkQqmpuYDWdXv7_cyOmECs53ROlGzPd-DIUi1mw9_Af0tIC6DKh1nbbp16VPKqzmCPVfI1VGNZSCzVYOAr-XApRi0JZ39ub0aO1FsZzCjA
				Content-Type=application/json
Cookies:		&lt;none&gt;
Multiparts:		&lt;none&gt;
Body:
{
    &quot;name&quot;: &quot;__&quot;,
    &quot;mobile&quot;: &quot;5KZ&quot;,
    &quot;email&quot;: &quot;YDT74lsryP&quot;,
    &quot;currency&quot;: &quot;MOP&quot;,
    &quot;walletBalance&quot;: 0.04964958378884321,
    &quot;customerCreateRequest&quot;: {
        &quot;mobile&quot;: &quot;4qLknres&quot;,
        &quot;name&quot;: &quot;bErS_1tt7JTSt8&quot;,
        &quot;emailId&quot;: &quot;oATXTJT&quot;,
        &quot;profileId&quot;: &quot;P3s6rphsFCQNI6LI&quot;,
        &quot;address&quot;: {
            &quot;id&quot;: 841,
            &quot;city&quot;: &quot;QBvotOB1ymFw64S&quot;,
            &quot;longitude&quot;: 0.6143791470728381,
            &quot;type&quot;: &quot;8BAlsDkNe5yZ&quot;
        },
        &quot;cardId&quot;: &quot;bRAQyXsaQV&quot;
    },
    &quot;platformId&quot;: &quot;_&quot;,
    &quot;cardId&quot;: &quot;DZYbdrK&quot;
}

HTTP/1.1 401 Unauthorized
www-authenticate: Bearer realm=&quot;https://ig.aidtaas.com/mobius-payment-service/v1.0/wallets/update&quot;, error=&quot;invalid_token&quot;
content-length: 14
content-type: text/plain
date: Fri, 21 Feb 2025 06:21:48 GMT
server: istio-envoy
x-envoy-upstream-service-time: 4

Jwt is expired
</system-out>
  </testcase>
  <testcase classname="unit4cases.EvoMaster_others_Test" name="test_42" time="0.048">
    <failure message="1 expectation failed.
Expected content-type &quot;application/json&quot; doesn&apos;t match actual content-type &quot;text/plain&quot;.
" type="java.lang.AssertionError">java.lang.AssertionError: 1 expectation failed.
Expected content-type &quot;application/json&quot; doesn&apos;t match actual content-type &quot;text/plain&quot;.

	at java.base/jdk.internal.reflect.DirectConstructorHandleAccessor.newInstance(DirectConstructorHandleAccessor.java:62)
	at java.base/java.lang.reflect.Constructor.newInstanceWithCaller(Constructor.java:502)
	at java.base/java.lang.reflect.Constructor.newInstance(Constructor.java:486)
	at org.codehaus.groovy.reflection.CachedConstructor.invoke(CachedConstructor.java:73)
	at org.codehaus.groovy.runtime.callsite.ConstructorSite$ConstructorSiteNoUnwrapNoCoerce.callConstructor(ConstructorSite.java:108)
	at org.codehaus.groovy.runtime.callsite.AbstractCallSite.callConstructor(AbstractCallSite.java:277)
	at io.restassured.internal.ResponseSpecificationImpl$HamcrestAssertionClosure.validate(ResponseSpecificationImpl.groovy:512)
	at io.restassured.internal.ResponseSpecificationImpl$HamcrestAssertionClosure$validate$1.call(Unknown Source)
	at io.restassured.internal.ResponseSpecificationImpl.validateResponseIfRequired(ResponseSpecificationImpl.groovy:696)
	at io.restassured.internal.ResponseSpecificationImpl.this$2$validateResponseIfRequired(ResponseSpecificationImpl.groovy)
	at java.base/jdk.internal.reflect.DirectMethodHandleAccessor.invoke(DirectMethodHandleAccessor.java:103)
	at java.base/java.lang.reflect.Method.invoke(Method.java:580)
	at org.codehaus.groovy.runtime.callsite.PlainObjectMetaMethodSite.doInvoke(PlainObjectMetaMethodSite.java:43)
	at org.codehaus.groovy.runtime.callsite.PogoMetaMethodSite$PogoCachedMethodSiteNoUnwrapNoCoerce.invoke(PogoMetaMethodSite.java:198)
	at org.codehaus.groovy.runtime.callsite.PogoMetaMethodSite.callCurrent(PogoMetaMethodSite.java:62)
	at org.codehaus.groovy.runtime.callsite.AbstractCallSite.callCurrent(AbstractCallSite.java:185)
	at io.restassured.internal.ResponseSpecificationImpl.contentType(ResponseSpecificationImpl.groovy:443)
	at io.restassured.internal.ValidatableResponseOptionsImpl.contentType(ValidatableResponseOptionsImpl.java:226)
	at unit4cases.EvoMaster_others_Test.test_42(EvoMaster_others_Test.java:1409)
	at java.base/jdk.internal.reflect.DirectMethodHandleAccessor.invoke(DirectMethodHandleAccessor.java:103)
	at java.base/java.lang.reflect.Method.invoke(Method.java:580)
	at org.junit.runners.model.FrameworkMethod$1.runReflectiveCall(FrameworkMethod.java:59)
	at org.junit.internal.runners.model.ReflectiveCallable.run(ReflectiveCallable.java:12)
	at org.junit.runners.model.FrameworkMethod.invokeExplosively(FrameworkMethod.java:56)
	at org.junit.internal.runners.statements.InvokeMethod.evaluate(InvokeMethod.java:17)
	at org.junit.internal.runners.statements.FailOnTimeout$CallableStatement.call(FailOnTimeout.java:299)
	at org.junit.internal.runners.statements.FailOnTimeout$CallableStatement.call(FailOnTimeout.java:293)
	at java.base/java.util.concurrent.FutureTask.run(FutureTask.java:317)
	at java.base/java.lang.Thread.run(Thread.java:1583)
</failure>
    <system-out>Request method:	GET
Request URI:	https://ig.aidtaas.com/mobius-payment-service/v1.0/banking-transaction?transactionType=1MyvJ&amp;emailId=VZN0xfcoY9qQf5
Proxy:			&lt;none&gt;
Request params:	&lt;none&gt;
Query params:	&lt;none&gt;
Form params:	&lt;none&gt;
Path params:	&lt;none&gt;
Headers:		Accept=application/json
				Authorization=Bearer  eyJhbGciOiJSUzI1NiIsInR5cCIgOiAiSldUIiwia2lkIiA6ICI3Ny1NUVdFRTNHZE5adGlsWU5IYmpsa2dVSkpaWUJWVmN1UmFZdHl5ejFjIn0.eyJleHAiOjE3NDAwODgxMjAsImlhdCI6MTc0MDA1MjEyMCwianRpIjoiYjc4MDZhYTYtZWE3MS00NWJkLWI5ODMtOWU3MDE4OTc4NTYzIiwiaXNzIjoiaHR0cDovL2tleWNsb2FrLXNlcnZpY2Uua2V5Y2xvYWsuc3ZjLmNsdXN0ZXIubG9jYWw6ODA4MC9yZWFsbXMvbWFzdGVyIiwiYXVkIjpbIkJPTFRaTUFOTl9CT1RfbW9iaXVzIiwiUEFTQ0FMX0lOVEVMTElHRU5DRV9tb2JpdXMiLCJNT05FVF9tb2JpdXMiLCJWSU5DSV9tb2JpdXMiLCJhY2NvdW50Il0sInN1YiI6IjJjZjc2ZTVmLTI2YWQtNGYyYy1iY2NjLWY0YmMxZTdiZmI2NCIsInR5cCI6IkJlYXJlciIsImF6cCI6IkhPTEFDUkFDWV9tb2JpdXMiLCJzaWQiOiJmNjcwYzZjMi03OWYzLTQ2YzctOTE5Yy1hNTNhYmRiNTgwNDMiLCJhY3IiOiIxIiwiYWxsb3dlZC1vcmlnaW5zIjpbIi8qIl0sInJlYWxtX2FjY2VzcyI6eyJyb2xlcyI6WyJkZWZhdWx0LXJvbGVzLW1hc3RlciIsIkhDWV9URU5BTlRfQ1VTVE9NIiwib2ZmbGluZV9hY2Nlc3MiLCJCT0JfVEVOQU5UX0NVU1RPTSIsInVtYV9hdXRob3JpemF0aW9uIiwiUElfVEVOQU5UX0NVU1RPTSIsIk1PTkVUX1RFTkFOVF9DVVNUT00iXX0sInJlc291cmNlX2FjY2VzcyI6eyJCT0xUWk1BTk5fQk9UX21vYml1cyI6eyJyb2xlcyI6WyJURU5BTlRfV09SS0ZMT1dfU1VTUEVORF9QUk9DRVNTX0RFRklOSVRJT04iLCJURU5BTlRfV09SS0ZMT1dfU1VTUEVORF9JTlNUQU5DRSIsIlRFTkFOVF9XT1JLRkxPV19SRVRSSUVWRV9BTEwiLCJURU5BTlRfV09SS0ZMT1dfQUNUSVZBVEVfSU5TVEFOQ0UiLCJURU5BTlRfV09SS0ZMT1dfRVhFQ1VURSIsIlRFTkFOVF9XT1JLRkxPV19SRVRSSUVWRV9IT01FIiwiVEVOQU5UX1dPUktGTE9XX1JFVFJJRVZFX1NVU1BFTkRFRF9QUk9DRVNTX0RFRlMiLCJURU5BTlRfV09SS0ZMT1dfQUNUSVZBVEVfUlVOX0pPQiIsIlRFTkFOVF9XT1JLRkxPV19TVEFUVVMiLCJURU5BTlRfV09SS0ZMT1dfQ1JFQVRFIiwiVEVOQU5UX1dPUktGTE9XX0FDVElWSVRZX0RBVEFfQ09VTlQiLCJCT0xUWk1BTk5fQk9UX1VTRVIiLCJURU5BTlRfV09SS0ZMT1dfREVQTE9ZX1ZFUlNJT04iLCJURU5BTlRfV09SS0ZMT1dfSU1QT1JUIiwiVEVOQU5UX1dPUktGTE9XX1VQREFURSIsIlRFTkFOVF9XT1JLRkxPV19ERVBMT1kiLCJURU5BTlRfV09SS0ZMT1dfU1VTUEVORF9SVU5fSk9CIiwiVEVOQU5UX1dPUktGTE9XX1JFVFJJRVZFIiwiVEVOQU5UX1dPUktGTE9XX0RFTEVURSIsIlRFTkFOVF9XT1JLRkxPV19UUklHR0VSX01FU1NBR0VfTElTVEVORVIiXX0sIkhPTEFDUkFDWV9tb2JpdXMiOnsicm9sZXMiOlsiVEVOQU5UX1BST0RVQ1RfUkVUUklFVkVfTUFTVEVSX0NPTkZJRyIsIlRFTkFOVF9JTlZJVEFUSU9OX1JFU1BPTkQiLCJURU5BTlRfTkVHT1RJQVRJT05fQVBQUk9WQUxfQlVZRVIiLCJURU5BTlRfSU5WSVRBVElPTl9SRVRSSUVWRSIsIlRFTkFOVF9PUkdBTklaQVRJT05fQ1JFQVRFIiwiVEVOQU5UX0NSRUFURV9URU5BTlQiLCJURU5BTlRfU1VCX0FMTElBTkNFX1JFVFJJRVZFIiwiVEVOQU5UX1BMQVRGT1JNX0NSRUFURSIsIkhPTEFDUkFDWV9VU0VSIiwiVEVOQU5UX1JBVEVDQVJEX0NSRUFURSIsIlRFTkFOVF9QTEFURk9STV9SRVRSSUVWRSIsIlRFTkFOVF9SRVRSSUVWRV9CWV9CVVlFUl9QTEFURk9STSIsIlRFTkFOVF9TVUJfQUxMSUFOQ0VfUkVUUklFVkVfQUxMIiwiVEVOQU5UX1BST0RVQ1RfUkVUUklFVkUiLCJURU5BTlRfQUNDT1VOVF9ERUxFVEUiLCJURU5BTlRfQUxMSUFOQ0VfUkVUUklFVkUiLCJURU5BTlRfUExBVEZPUk1fVVBEQVRFIiwiVEVOQU5UX0lOVklUQVRJT05fQ1JFQVRFIiwiVEVOQU5UX1JBVEVDQVJEX1JFVFJJRVZFIiwiVEVOQU5UX09SR0FOSVpBVElPTl9VUERBVEUiLCJURU5BTlRfUkFURUNBUkRfVVBEQVRFIiwiVEVOQU5UX09SR0FOSVpBVElPTl9ERUxFVEUiLCJURU5BTlRfUExBVEZPUk1fREVMRVRFIiwiVEVOQU5UX1BST0RVQ1RfQ1JFQVRFIiwiVEVOQU5UX1NVQl9BTExJQU5DRV9DUkVBVEUiLCJURU5BTlRfUkFURUNBUkRfREVMRVRFIiwiVEVOQU5UX0FDQ09VTlRfQ1JFQVRFIiwiVEVOQU5UX0lOVklUQVRJT05fVVBEQVRFIiwiVEVOQU5UX1JFVFJJRVZFX1RFTkFOVCIsIlRFTkFOVF9JTlZJVEFUSU9OX0RFTEVURSIsIlRFTkFOVF9ORUdPVElBVElPTl9BUFBST1ZBTF9TVVBFUl9BRE1JTiIsIlRFTkFOVF9ORUdPVElBVElPTl9SRVRSSUVWRV9BTExfQkVUV0VFTl9CVVlFUl9TRUxMRVIiLCJURU5BTlRfUkVUUklFVkVfVEVOQU5UX0FMTCIsIlRFTkFOVF9ORUdPVElBVElPTl9DUkVBVEUiLCJURU5BTlRfVVBEQVRFX1RFTkFOVCIsIlRFTkFOVF9PUkdBTklaQVRJT05fUkVUUklFVkUiLCJURU5BTlRfQUNDT1VOVF9VUERBVEUiLCJURU5BTlRfUFJPRFVDVF9ERUxFVEUiLCJURU5BTlRfU1VCX0FMTElBTkNFX0RFTEVURSIsIlRFTkFOVF9ORUdPVElBVElPTl9BUFBST1ZBTF9TRUxMRVIiLCJURU5BTlRfU1VCX0FMTElBTkNFX1VQREFURSIsIlRFTkFOVF9QUk9EVUNUX1VQREFURSIsIlRFTkFOVF9BQ0NPVU5UX1JFVFJJRVZFIiwiVEVOQU5UX05FR09USUFUSU9OX1JFVFJJRVZFIiwiVEVOQU5UX0RFTEVURV9URU5BTlQiXX0sIlBBU0NBTF9JTlRFTExJR0VOQ0VfbW9iaXVzIjp7InJvbGVzIjpbIlRFTkFOVF9DT05URVhUX0RFTEVURSIsIlRFTkFOVF9DT05URVhUX1VQREFURSIsIlRFTkFOVF9CSUdRVUVSWV9SRVRSSUVWRSIsIlRFTkFOVF9CSUdRVUVSWV9VUERBVEUiLCJURU5BTlRfVU5JVkVSU0VfQ1JFQVRFIiwiVEVOQU5UX0NPSE9SVFNfUkVUUklFVkUiLCJURU5BTlRfQklHUVVFUllfQ1JFQVRFIiwiVEVOQU5UX0JJR1FVRVJZX0VWQUxVQVRFIiwiVEVOQU5UX0NPSE9SVFNfVVBEQVRFIiwiVEVOQU5UX0NPTlRFWFRfUkVUUklFVkUiLCJURU5BTlRfVU5JVkVSU0VfUkVUUklFVkUiLCJURU5BTlRfQ09IT1JUU19FVkFMVUFURSIsIlRFTkFOVF9CSUdRVUVSWV9ERUxFVEUiLCJURU5BTlRfU0NIRU1BX0NSRUFURSIsIlBBU0NBTF9JTlRFTExJR0VOQ0VfVVNFUiIsIlRFTkFOVF9DT0hPUlRTX0NSRUFURSIsIlRFTkFOVF9TQ0hFTUFfVVBEQVRFIiwiVEVOQU5UX0NPTlRFWFRfQVBQUk9WRSIsIlRFTkFOVF9VTklWRVJTRV9VUERBVEUiLCJURU5BTlRfQklHUVVFUllfQVBQUk9WRSIsIlRFTkFOVF9TQ0hFTUFfUkVUUklFVkUiLCJURU5BTlRfU0NIRU1BX0FQUFJPVkUiLCJURU5BTlRfQ09OVEVYVF9FVkFMVUFURSIsIlRFTkFOVF9TQ0hFTUFfREVMRVRFIiwiVEVOQU5UX0NPTlRFWFRfQ1JFQVRFIiwiVEVOQU5UX1NDSEVNQV9EQVRBX1JFVFJJRVZFIiwiVEVOQU5UX1NDSEVNQV9EQVRBX0RFTEVURSIsIlRFTkFOVF9TQ0hFTUFfREFUQV9VUERBVEUiLCJURU5BTlRfQ09IT1JUU19ERUxFVEUiLCJURU5BTlRfVU5JVkVSU0VfREVMRVRFIiwiVEVOQU5UX1NDSEVNQV9EQVRBX0lOR0VTVElPTiIsIlRFTkFOVF9DT0hPUlRTX0FQUFJPVkUiXX0sIk1PTkVUX21vYml1cyI6eyJyb2xlcyI6WyJURU5BTlRfQVBQTEVUU19SRVRSSUVWRV9BTExfUFVCTElTSEVEIiwiVEVOQU5UX1dJREdFVFNfUkVUUklFVkVfRFJBRlQiLCJURU5BTlRfV0lER0VUU19VUERBVEUiLCJURU5BTlRfQVBQTEVUU19ERUxFVEUiLCJURU5BTlRfV0lER0VUU19ERUxFVEUiLCJURU5BTlRfUExVR0lOX0NBVEVHT1JZX1JFVFJJRVZFX0FMTCIsIlRFTkFOVF9BUFBMRVRTX1VQREFURV9ISVNUT1JZIiwiVEVOQU5UX0VYUEVSSUVOQ0VTX0NSRUFURSIsIlRFTkFOVF9XSURHRVRTX1JFVFJJRVZFX1BVQkxJU0giLCJURU5BTlRfUExVR0lOX0NBVEVHT1JZX0NSRUFURSIsIlRFTkFOVF9ERVBFTkRFTkNZX1JFVFJJRVZFX0FMTCIsIlRFTkFOVF9XSURHRVRTX1BVQkxJU0giLCJURU5BTlRfUkVUUklFVkVfRklFTERTX09GX1BVQkxJU0hFRCIsIlRFTkFOVF9FWFBFUklFTkNFU19VUERBVEUiLCJURU5BTlRfQVBQTEVUU19DUkVBVEUiLCJURU5BTlRfUExVR0lOU19ERUxFVEUiLCJURU5BTlRfQVBQTEVUU19SRVRSSUVWRV9BTExfRFJBRlQiLCJURU5BTlRfUExVR0lOU19VUERBVEUiLCJURU5BTlRfQVBQTEVUU19SRVRSSUVWRV9GUk9NX0hJU1RPUlkiLCJURU5BTlRfUkVUUklFVkVfRklFTERTX09GX0RSQUZUIiwiVEVOQU5UX0FQUExFVFNfUkVUUklFVkVfUFVCTElTSEVEIiwiVEVOQU5UX0FQUExFVFNfUFVCTElTSEVEIiwiVEVOQU5UX1dJREdFVFNfUkVUUklFVkUiLCJURU5BTlRfUExVR0lOX0NBVEVHT1JZX0RFTEVURSIsIlRFTkFOVF9QTFVHSU5fQ0FURUdPUllfUFVCTElTSCIsIlRFTkFOVF9QTFVHSU5fQ0FURUdPUllfREVMRVRFX0NPTVBfRlJPTSIsIlRFTkFOVF9SRVRSSUVWRV9QVUJMSVNIRUQiLCJURU5BTlRfUExVR0lOU19SRVRSSUVWRSIsIlRFTkFOVF9QTFVHSU5TX0NSRUFURSIsIlRFTkFOVF9XSURHRVRTX0NSRUFURSIsIlRFTkFOVF9BUFBMRVRTX1JFVFJJRVZFX0FMTF9QVUJMSVNIRURfVEhVTUJOQUlMUyIsIk1PTkVUX1VTRVIiLCJURU5BTlRfRVhQRVJJRU5DRVNfREVMRVRFIiwiVEVOQU5UX0VYUEVSSUVOQ0VTX1BVQkxJU0giLCJURU5BTlRfUkVUUklFVkVfRlJPTV9ISVNUT1JZIiwiVEVOQU5UX1BMVUdJTl9DQVRFR09SWV9VUERBVEUiXX0sIlZJTkNJX21vYml1cyI6eyJyb2xlcyI6WyJWSU5DSV9VU0VSIl19LCJhY2NvdW50Ijp7InJvbGVzIjpbIm1hbmFnZS1hY2NvdW50IiwibWFuYWdlLWFjY291bnQtbGlua3MiLCJ2aWV3LXByb2ZpbGUiXX19LCJzY29wZSI6InByb2ZpbGUgZW1haWwiLCJyZXF1ZXN0ZXJUeXBlIjoiVEVOQU5UIiwiZW1haWxfdmVyaWZpZWQiOnRydWUsIm5hbWUiOiJBaWR0YWFzIEFpZHRhYXMiLCJ0ZW5hbnRJZCI6IjJjZjc2ZTVmLTI2YWQtNGYyYy1iY2NjLWY0YmMxZTdiZmI2NCIsInByZWZlcnJlZF91c2VybmFtZSI6InBhc3N3b3JkX3RlbmFudF9haWR0YWFzQGdhaWFuc29sdXRpb25zLmNvbSIsImdpdmVuX25hbWUiOiJBaWR0YWFzIiwiZmFtaWx5X25hbWUiOiJBaWR0YWFzIiwiZW1haWwiOiJwYXNzd29yZF90ZW5hbnRfYWlkdGFhc0BnYWlhbnNvbHV0aW9ucy5jb20ifQ.G22UWdZfpDy2T8neTapxgOEwLcTJnbjop5nrm13HlhaUON7HfGI1b-n7D7FRAcRr2u7xBEE7MwJ3OSJyfjIQamrmV1U0PYtVogiw3EQcp41YWWAnpuaG41KiZvYuxGdFO1uADRRSrbnzDP44nnh75gQxL-s_blP160DEyu4gIfJ3f3Vz_wI_6yZ1aqpsz-8r8YpbeQbgrcV577yF2lTbmavmNDA6R_FW2rF8Y-mLfFbhAkQqmpuYDWdXv7_cyOmECs53ROlGzPd-DIUi1mw9_Af0tIC6DKh1nbbp16VPKqzmCPVfI1VGNZSCzVYOAr-XApRi0JZ39ub0aO1FsZzCjA
Cookies:		&lt;none&gt;
Multiparts:		&lt;none&gt;
Body:			&lt;none&gt;

HTTP/1.1 401 Unauthorized
www-authenticate: Bearer realm=&quot;https://ig.aidtaas.com/mobius-payment-service/v1.0/banking-transaction?transactionType=1MyvJ&amp;emailId=VZN0xfcoY9qQf5&quot;, error=&quot;invalid_token&quot;
content-length: 14
content-type: text/plain
date: Fri, 21 Feb 2025 06:21:48 GMT
server: istio-envoy
x-envoy-upstream-service-time: 2

Jwt is expired
</system-out>
  </testcase>
  <testcase classname="unit4cases.EvoMaster_others_Test" name="test_43" time="0.063">
    <failure message="1 expectation failed.
Expected content-type &quot;application/json&quot; doesn&apos;t match actual content-type &quot;text/plain&quot;.
" type="java.lang.AssertionError">java.lang.AssertionError: 1 expectation failed.
Expected content-type &quot;application/json&quot; doesn&apos;t match actual content-type &quot;text/plain&quot;.

	at java.base/jdk.internal.reflect.DirectConstructorHandleAccessor.newInstance(DirectConstructorHandleAccessor.java:62)
	at java.base/java.lang.reflect.Constructor.newInstanceWithCaller(Constructor.java:502)
	at java.base/java.lang.reflect.Constructor.newInstance(Constructor.java:486)
	at org.codehaus.groovy.reflection.CachedConstructor.invoke(CachedConstructor.java:73)
	at org.codehaus.groovy.runtime.callsite.ConstructorSite$ConstructorSiteNoUnwrapNoCoerce.callConstructor(ConstructorSite.java:108)
	at org.codehaus.groovy.runtime.callsite.AbstractCallSite.callConstructor(AbstractCallSite.java:277)
	at io.restassured.internal.ResponseSpecificationImpl$HamcrestAssertionClosure.validate(ResponseSpecificationImpl.groovy:512)
	at io.restassured.internal.ResponseSpecificationImpl$HamcrestAssertionClosure$validate$1.call(Unknown Source)
	at io.restassured.internal.ResponseSpecificationImpl.validateResponseIfRequired(ResponseSpecificationImpl.groovy:696)
	at io.restassured.internal.ResponseSpecificationImpl.this$2$validateResponseIfRequired(ResponseSpecificationImpl.groovy)
	at java.base/jdk.internal.reflect.DirectMethodHandleAccessor.invoke(DirectMethodHandleAccessor.java:103)
	at java.base/java.lang.reflect.Method.invoke(Method.java:580)
	at org.codehaus.groovy.runtime.callsite.PlainObjectMetaMethodSite.doInvoke(PlainObjectMetaMethodSite.java:43)
	at org.codehaus.groovy.runtime.callsite.PogoMetaMethodSite$PogoCachedMethodSiteNoUnwrapNoCoerce.invoke(PogoMetaMethodSite.java:198)
	at org.codehaus.groovy.runtime.callsite.PogoMetaMethodSite.callCurrent(PogoMetaMethodSite.java:62)
	at org.codehaus.groovy.runtime.callsite.AbstractCallSite.callCurrent(AbstractCallSite.java:185)
	at io.restassured.internal.ResponseSpecificationImpl.contentType(ResponseSpecificationImpl.groovy:443)
	at io.restassured.internal.ValidatableResponseOptionsImpl.contentType(ValidatableResponseOptionsImpl.java:226)
	at unit4cases.EvoMaster_others_Test.test_43(EvoMaster_others_Test.java:1435)
	at java.base/jdk.internal.reflect.DirectMethodHandleAccessor.invoke(DirectMethodHandleAccessor.java:103)
	at java.base/java.lang.reflect.Method.invoke(Method.java:580)
	at org.junit.runners.model.FrameworkMethod$1.runReflectiveCall(FrameworkMethod.java:59)
	at org.junit.internal.runners.model.ReflectiveCallable.run(ReflectiveCallable.java:12)
	at org.junit.runners.model.FrameworkMethod.invokeExplosively(FrameworkMethod.java:56)
	at org.junit.internal.runners.statements.InvokeMethod.evaluate(InvokeMethod.java:17)
	at org.junit.internal.runners.statements.FailOnTimeout$CallableStatement.call(FailOnTimeout.java:299)
	at org.junit.internal.runners.statements.FailOnTimeout$CallableStatement.call(FailOnTimeout.java:293)
	at java.base/java.util.concurrent.FutureTask.run(FutureTask.java:317)
	at java.base/java.lang.Thread.run(Thread.java:1583)
</failure>
    <system-out>Request method:	DELETE
Request URI:	https://ig.aidtaas.com/mobius-payment-service/v1.0/wallets/YqS5ERqI/currency/J8?force-delete=false
Proxy:			&lt;none&gt;
Request params:	&lt;none&gt;
Query params:	&lt;none&gt;
Form params:	&lt;none&gt;
Path params:	&lt;none&gt;
Headers:		Accept=application/json
				Authorization=Bearer  eyJhbGciOiJSUzI1NiIsInR5cCIgOiAiSldUIiwia2lkIiA6ICI3Ny1NUVdFRTNHZE5adGlsWU5IYmpsa2dVSkpaWUJWVmN1UmFZdHl5ejFjIn0.eyJleHAiOjE3NDAwODgxMjAsImlhdCI6MTc0MDA1MjEyMCwianRpIjoiYjc4MDZhYTYtZWE3MS00NWJkLWI5ODMtOWU3MDE4OTc4NTYzIiwiaXNzIjoiaHR0cDovL2tleWNsb2FrLXNlcnZpY2Uua2V5Y2xvYWsuc3ZjLmNsdXN0ZXIubG9jYWw6ODA4MC9yZWFsbXMvbWFzdGVyIiwiYXVkIjpbIkJPTFRaTUFOTl9CT1RfbW9iaXVzIiwiUEFTQ0FMX0lOVEVMTElHRU5DRV9tb2JpdXMiLCJNT05FVF9tb2JpdXMiLCJWSU5DSV9tb2JpdXMiLCJhY2NvdW50Il0sInN1YiI6IjJjZjc2ZTVmLTI2YWQtNGYyYy1iY2NjLWY0YmMxZTdiZmI2NCIsInR5cCI6IkJlYXJlciIsImF6cCI6IkhPTEFDUkFDWV9tb2JpdXMiLCJzaWQiOiJmNjcwYzZjMi03OWYzLTQ2YzctOTE5Yy1hNTNhYmRiNTgwNDMiLCJhY3IiOiIxIiwiYWxsb3dlZC1vcmlnaW5zIjpbIi8qIl0sInJlYWxtX2FjY2VzcyI6eyJyb2xlcyI6WyJkZWZhdWx0LXJvbGVzLW1hc3RlciIsIkhDWV9URU5BTlRfQ1VTVE9NIiwib2ZmbGluZV9hY2Nlc3MiLCJCT0JfVEVOQU5UX0NVU1RPTSIsInVtYV9hdXRob3JpemF0aW9uIiwiUElfVEVOQU5UX0NVU1RPTSIsIk1PTkVUX1RFTkFOVF9DVVNUT00iXX0sInJlc291cmNlX2FjY2VzcyI6eyJCT0xUWk1BTk5fQk9UX21vYml1cyI6eyJyb2xlcyI6WyJURU5BTlRfV09SS0ZMT1dfU1VTUEVORF9QUk9DRVNTX0RFRklOSVRJT04iLCJURU5BTlRfV09SS0ZMT1dfU1VTUEVORF9JTlNUQU5DRSIsIlRFTkFOVF9XT1JLRkxPV19SRVRSSUVWRV9BTEwiLCJURU5BTlRfV09SS0ZMT1dfQUNUSVZBVEVfSU5TVEFOQ0UiLCJURU5BTlRfV09SS0ZMT1dfRVhFQ1VURSIsIlRFTkFOVF9XT1JLRkxPV19SRVRSSUVWRV9IT01FIiwiVEVOQU5UX1dPUktGTE9XX1JFVFJJRVZFX1NVU1BFTkRFRF9QUk9DRVNTX0RFRlMiLCJURU5BTlRfV09SS0ZMT1dfQUNUSVZBVEVfUlVOX0pPQiIsIlRFTkFOVF9XT1JLRkxPV19TVEFUVVMiLCJURU5BTlRfV09SS0ZMT1dfQ1JFQVRFIiwiVEVOQU5UX1dPUktGTE9XX0FDVElWSVRZX0RBVEFfQ09VTlQiLCJCT0xUWk1BTk5fQk9UX1VTRVIiLCJURU5BTlRfV09SS0ZMT1dfREVQTE9ZX1ZFUlNJT04iLCJURU5BTlRfV09SS0ZMT1dfSU1QT1JUIiwiVEVOQU5UX1dPUktGTE9XX1VQREFURSIsIlRFTkFOVF9XT1JLRkxPV19ERVBMT1kiLCJURU5BTlRfV09SS0ZMT1dfU1VTUEVORF9SVU5fSk9CIiwiVEVOQU5UX1dPUktGTE9XX1JFVFJJRVZFIiwiVEVOQU5UX1dPUktGTE9XX0RFTEVURSIsIlRFTkFOVF9XT1JLRkxPV19UUklHR0VSX01FU1NBR0VfTElTVEVORVIiXX0sIkhPTEFDUkFDWV9tb2JpdXMiOnsicm9sZXMiOlsiVEVOQU5UX1BST0RVQ1RfUkVUUklFVkVfTUFTVEVSX0NPTkZJRyIsIlRFTkFOVF9JTlZJVEFUSU9OX1JFU1BPTkQiLCJURU5BTlRfTkVHT1RJQVRJT05fQVBQUk9WQUxfQlVZRVIiLCJURU5BTlRfSU5WSVRBVElPTl9SRVRSSUVWRSIsIlRFTkFOVF9PUkdBTklaQVRJT05fQ1JFQVRFIiwiVEVOQU5UX0NSRUFURV9URU5BTlQiLCJURU5BTlRfU1VCX0FMTElBTkNFX1JFVFJJRVZFIiwiVEVOQU5UX1BMQVRGT1JNX0NSRUFURSIsIkhPTEFDUkFDWV9VU0VSIiwiVEVOQU5UX1JBVEVDQVJEX0NSRUFURSIsIlRFTkFOVF9QTEFURk9STV9SRVRSSUVWRSIsIlRFTkFOVF9SRVRSSUVWRV9CWV9CVVlFUl9QTEFURk9STSIsIlRFTkFOVF9TVUJfQUxMSUFOQ0VfUkVUUklFVkVfQUxMIiwiVEVOQU5UX1BST0RVQ1RfUkVUUklFVkUiLCJURU5BTlRfQUNDT1VOVF9ERUxFVEUiLCJURU5BTlRfQUxMSUFOQ0VfUkVUUklFVkUiLCJURU5BTlRfUExBVEZPUk1fVVBEQVRFIiwiVEVOQU5UX0lOVklUQVRJT05fQ1JFQVRFIiwiVEVOQU5UX1JBVEVDQVJEX1JFVFJJRVZFIiwiVEVOQU5UX09SR0FOSVpBVElPTl9VUERBVEUiLCJURU5BTlRfUkFURUNBUkRfVVBEQVRFIiwiVEVOQU5UX09SR0FOSVpBVElPTl9ERUxFVEUiLCJURU5BTlRfUExBVEZPUk1fREVMRVRFIiwiVEVOQU5UX1BST0RVQ1RfQ1JFQVRFIiwiVEVOQU5UX1NVQl9BTExJQU5DRV9DUkVBVEUiLCJURU5BTlRfUkFURUNBUkRfREVMRVRFIiwiVEVOQU5UX0FDQ09VTlRfQ1JFQVRFIiwiVEVOQU5UX0lOVklUQVRJT05fVVBEQVRFIiwiVEVOQU5UX1JFVFJJRVZFX1RFTkFOVCIsIlRFTkFOVF9JTlZJVEFUSU9OX0RFTEVURSIsIlRFTkFOVF9ORUdPVElBVElPTl9BUFBST1ZBTF9TVVBFUl9BRE1JTiIsIlRFTkFOVF9ORUdPVElBVElPTl9SRVRSSUVWRV9BTExfQkVUV0VFTl9CVVlFUl9TRUxMRVIiLCJURU5BTlRfUkVUUklFVkVfVEVOQU5UX0FMTCIsIlRFTkFOVF9ORUdPVElBVElPTl9DUkVBVEUiLCJURU5BTlRfVVBEQVRFX1RFTkFOVCIsIlRFTkFOVF9PUkdBTklaQVRJT05fUkVUUklFVkUiLCJURU5BTlRfQUNDT1VOVF9VUERBVEUiLCJURU5BTlRfUFJPRFVDVF9ERUxFVEUiLCJURU5BTlRfU1VCX0FMTElBTkNFX0RFTEVURSIsIlRFTkFOVF9ORUdPVElBVElPTl9BUFBST1ZBTF9TRUxMRVIiLCJURU5BTlRfU1VCX0FMTElBTkNFX1VQREFURSIsIlRFTkFOVF9QUk9EVUNUX1VQREFURSIsIlRFTkFOVF9BQ0NPVU5UX1JFVFJJRVZFIiwiVEVOQU5UX05FR09USUFUSU9OX1JFVFJJRVZFIiwiVEVOQU5UX0RFTEVURV9URU5BTlQiXX0sIlBBU0NBTF9JTlRFTExJR0VOQ0VfbW9iaXVzIjp7InJvbGVzIjpbIlRFTkFOVF9DT05URVhUX0RFTEVURSIsIlRFTkFOVF9DT05URVhUX1VQREFURSIsIlRFTkFOVF9CSUdRVUVSWV9SRVRSSUVWRSIsIlRFTkFOVF9CSUdRVUVSWV9VUERBVEUiLCJURU5BTlRfVU5JVkVSU0VfQ1JFQVRFIiwiVEVOQU5UX0NPSE9SVFNfUkVUUklFVkUiLCJURU5BTlRfQklHUVVFUllfQ1JFQVRFIiwiVEVOQU5UX0JJR1FVRVJZX0VWQUxVQVRFIiwiVEVOQU5UX0NPSE9SVFNfVVBEQVRFIiwiVEVOQU5UX0NPTlRFWFRfUkVUUklFVkUiLCJURU5BTlRfVU5JVkVSU0VfUkVUUklFVkUiLCJURU5BTlRfQ09IT1JUU19FVkFMVUFURSIsIlRFTkFOVF9CSUdRVUVSWV9ERUxFVEUiLCJURU5BTlRfU0NIRU1BX0NSRUFURSIsIlBBU0NBTF9JTlRFTExJR0VOQ0VfVVNFUiIsIlRFTkFOVF9DT0hPUlRTX0NSRUFURSIsIlRFTkFOVF9TQ0hFTUFfVVBEQVRFIiwiVEVOQU5UX0NPTlRFWFRfQVBQUk9WRSIsIlRFTkFOVF9VTklWRVJTRV9VUERBVEUiLCJURU5BTlRfQklHUVVFUllfQVBQUk9WRSIsIlRFTkFOVF9TQ0hFTUFfUkVUUklFVkUiLCJURU5BTlRfU0NIRU1BX0FQUFJPVkUiLCJURU5BTlRfQ09OVEVYVF9FVkFMVUFURSIsIlRFTkFOVF9TQ0hFTUFfREVMRVRFIiwiVEVOQU5UX0NPTlRFWFRfQ1JFQVRFIiwiVEVOQU5UX1NDSEVNQV9EQVRBX1JFVFJJRVZFIiwiVEVOQU5UX1NDSEVNQV9EQVRBX0RFTEVURSIsIlRFTkFOVF9TQ0hFTUFfREFUQV9VUERBVEUiLCJURU5BTlRfQ09IT1JUU19ERUxFVEUiLCJURU5BTlRfVU5JVkVSU0VfREVMRVRFIiwiVEVOQU5UX1NDSEVNQV9EQVRBX0lOR0VTVElPTiIsIlRFTkFOVF9DT0hPUlRTX0FQUFJPVkUiXX0sIk1PTkVUX21vYml1cyI6eyJyb2xlcyI6WyJURU5BTlRfQVBQTEVUU19SRVRSSUVWRV9BTExfUFVCTElTSEVEIiwiVEVOQU5UX1dJREdFVFNfUkVUUklFVkVfRFJBRlQiLCJURU5BTlRfV0lER0VUU19VUERBVEUiLCJURU5BTlRfQVBQTEVUU19ERUxFVEUiLCJURU5BTlRfV0lER0VUU19ERUxFVEUiLCJURU5BTlRfUExVR0lOX0NBVEVHT1JZX1JFVFJJRVZFX0FMTCIsIlRFTkFOVF9BUFBMRVRTX1VQREFURV9ISVNUT1JZIiwiVEVOQU5UX0VYUEVSSUVOQ0VTX0NSRUFURSIsIlRFTkFOVF9XSURHRVRTX1JFVFJJRVZFX1BVQkxJU0giLCJURU5BTlRfUExVR0lOX0NBVEVHT1JZX0NSRUFURSIsIlRFTkFOVF9ERVBFTkRFTkNZX1JFVFJJRVZFX0FMTCIsIlRFTkFOVF9XSURHRVRTX1BVQkxJU0giLCJURU5BTlRfUkVUUklFVkVfRklFTERTX09GX1BVQkxJU0hFRCIsIlRFTkFOVF9FWFBFUklFTkNFU19VUERBVEUiLCJURU5BTlRfQVBQTEVUU19DUkVBVEUiLCJURU5BTlRfUExVR0lOU19ERUxFVEUiLCJURU5BTlRfQVBQTEVUU19SRVRSSUVWRV9BTExfRFJBRlQiLCJURU5BTlRfUExVR0lOU19VUERBVEUiLCJURU5BTlRfQVBQTEVUU19SRVRSSUVWRV9GUk9NX0hJU1RPUlkiLCJURU5BTlRfUkVUUklFVkVfRklFTERTX09GX0RSQUZUIiwiVEVOQU5UX0FQUExFVFNfUkVUUklFVkVfUFVCTElTSEVEIiwiVEVOQU5UX0FQUExFVFNfUFVCTElTSEVEIiwiVEVOQU5UX1dJREdFVFNfUkVUUklFVkUiLCJURU5BTlRfUExVR0lOX0NBVEVHT1JZX0RFTEVURSIsIlRFTkFOVF9QTFVHSU5fQ0FURUdPUllfUFVCTElTSCIsIlRFTkFOVF9QTFVHSU5fQ0FURUdPUllfREVMRVRFX0NPTVBfRlJPTSIsIlRFTkFOVF9SRVRSSUVWRV9QVUJMSVNIRUQiLCJURU5BTlRfUExVR0lOU19SRVRSSUVWRSIsIlRFTkFOVF9QTFVHSU5TX0NSRUFURSIsIlRFTkFOVF9XSURHRVRTX0NSRUFURSIsIlRFTkFOVF9BUFBMRVRTX1JFVFJJRVZFX0FMTF9QVUJMSVNIRURfVEhVTUJOQUlMUyIsIk1PTkVUX1VTRVIiLCJURU5BTlRfRVhQRVJJRU5DRVNfREVMRVRFIiwiVEVOQU5UX0VYUEVSSUVOQ0VTX1BVQkxJU0giLCJURU5BTlRfUkVUUklFVkVfRlJPTV9ISVNUT1JZIiwiVEVOQU5UX1BMVUdJTl9DQVRFR09SWV9VUERBVEUiXX0sIlZJTkNJX21vYml1cyI6eyJyb2xlcyI6WyJWSU5DSV9VU0VSIl19LCJhY2NvdW50Ijp7InJvbGVzIjpbIm1hbmFnZS1hY2NvdW50IiwibWFuYWdlLWFjY291bnQtbGlua3MiLCJ2aWV3LXByb2ZpbGUiXX19LCJzY29wZSI6InByb2ZpbGUgZW1haWwiLCJyZXF1ZXN0ZXJUeXBlIjoiVEVOQU5UIiwiZW1haWxfdmVyaWZpZWQiOnRydWUsIm5hbWUiOiJBaWR0YWFzIEFpZHRhYXMiLCJ0ZW5hbnRJZCI6IjJjZjc2ZTVmLTI2YWQtNGYyYy1iY2NjLWY0YmMxZTdiZmI2NCIsInByZWZlcnJlZF91c2VybmFtZSI6InBhc3N3b3JkX3RlbmFudF9haWR0YWFzQGdhaWFuc29sdXRpb25zLmNvbSIsImdpdmVuX25hbWUiOiJBaWR0YWFzIiwiZmFtaWx5X25hbWUiOiJBaWR0YWFzIiwiZW1haWwiOiJwYXNzd29yZF90ZW5hbnRfYWlkdGFhc0BnYWlhbnNvbHV0aW9ucy5jb20ifQ.G22UWdZfpDy2T8neTapxgOEwLcTJnbjop5nrm13HlhaUON7HfGI1b-n7D7FRAcRr2u7xBEE7MwJ3OSJyfjIQamrmV1U0PYtVogiw3EQcp41YWWAnpuaG41KiZvYuxGdFO1uADRRSrbnzDP44nnh75gQxL-s_blP160DEyu4gIfJ3f3Vz_wI_6yZ1aqpsz-8r8YpbeQbgrcV577yF2lTbmavmNDA6R_FW2rF8Y-mLfFbhAkQqmpuYDWdXv7_cyOmECs53ROlGzPd-DIUi1mw9_Af0tIC6DKh1nbbp16VPKqzmCPVfI1VGNZSCzVYOAr-XApRi0JZ39ub0aO1FsZzCjA
Cookies:		&lt;none&gt;
Multiparts:		&lt;none&gt;
Body:			&lt;none&gt;

HTTP/1.1 401 Unauthorized
www-authenticate: Bearer realm=&quot;https://ig.aidtaas.com/mobius-payment-service/v1.0/wallets/YqS5ERqI/currency/J8?force-delete=false&quot;, error=&quot;invalid_token&quot;
content-length: 14
content-type: text/plain
date: Fri, 21 Feb 2025 06:21:48 GMT
server: istio-envoy
x-envoy-upstream-service-time: 4

Jwt is expired
</system-out>
  </testcase>
  <testcase classname="unit4cases.EvoMaster_others_Test" name="test_44" time="0.055">
    <failure message="1 expectation failed.
Expected content-type &quot;application/json&quot; doesn&apos;t match actual content-type &quot;text/plain&quot;.
" type="java.lang.AssertionError">java.lang.AssertionError: 1 expectation failed.
Expected content-type &quot;application/json&quot; doesn&apos;t match actual content-type &quot;text/plain&quot;.

	at java.base/jdk.internal.reflect.DirectConstructorHandleAccessor.newInstance(DirectConstructorHandleAccessor.java:62)
	at java.base/java.lang.reflect.Constructor.newInstanceWithCaller(Constructor.java:502)
	at java.base/java.lang.reflect.Constructor.newInstance(Constructor.java:486)
	at org.codehaus.groovy.reflection.CachedConstructor.invoke(CachedConstructor.java:73)
	at org.codehaus.groovy.runtime.callsite.ConstructorSite$ConstructorSiteNoUnwrapNoCoerce.callConstructor(ConstructorSite.java:108)
	at org.codehaus.groovy.runtime.callsite.AbstractCallSite.callConstructor(AbstractCallSite.java:277)
	at io.restassured.internal.ResponseSpecificationImpl$HamcrestAssertionClosure.validate(ResponseSpecificationImpl.groovy:512)
	at io.restassured.internal.ResponseSpecificationImpl$HamcrestAssertionClosure$validate$1.call(Unknown Source)
	at io.restassured.internal.ResponseSpecificationImpl.validateResponseIfRequired(ResponseSpecificationImpl.groovy:696)
	at io.restassured.internal.ResponseSpecificationImpl.this$2$validateResponseIfRequired(ResponseSpecificationImpl.groovy)
	at java.base/jdk.internal.reflect.DirectMethodHandleAccessor.invoke(DirectMethodHandleAccessor.java:103)
	at java.base/java.lang.reflect.Method.invoke(Method.java:580)
	at org.codehaus.groovy.runtime.callsite.PlainObjectMetaMethodSite.doInvoke(PlainObjectMetaMethodSite.java:43)
	at org.codehaus.groovy.runtime.callsite.PogoMetaMethodSite$PogoCachedMethodSiteNoUnwrapNoCoerce.invoke(PogoMetaMethodSite.java:198)
	at org.codehaus.groovy.runtime.callsite.PogoMetaMethodSite.callCurrent(PogoMetaMethodSite.java:62)
	at org.codehaus.groovy.runtime.callsite.AbstractCallSite.callCurrent(AbstractCallSite.java:185)
	at io.restassured.internal.ResponseSpecificationImpl.contentType(ResponseSpecificationImpl.groovy:443)
	at io.restassured.internal.ValidatableResponseOptionsImpl.contentType(ValidatableResponseOptionsImpl.java:226)
	at unit4cases.EvoMaster_others_Test.test_44(EvoMaster_others_Test.java:1463)
	at java.base/jdk.internal.reflect.DirectMethodHandleAccessor.invoke(DirectMethodHandleAccessor.java:103)
	at java.base/java.lang.reflect.Method.invoke(Method.java:580)
	at org.junit.runners.model.FrameworkMethod$1.runReflectiveCall(FrameworkMethod.java:59)
	at org.junit.internal.runners.model.ReflectiveCallable.run(ReflectiveCallable.java:12)
	at org.junit.runners.model.FrameworkMethod.invokeExplosively(FrameworkMethod.java:56)
	at org.junit.internal.runners.statements.InvokeMethod.evaluate(InvokeMethod.java:17)
	at org.junit.internal.runners.statements.FailOnTimeout$CallableStatement.call(FailOnTimeout.java:299)
	at org.junit.internal.runners.statements.FailOnTimeout$CallableStatement.call(FailOnTimeout.java:293)
	at java.base/java.util.concurrent.FutureTask.run(FutureTask.java:317)
	at java.base/java.lang.Thread.run(Thread.java:1583)
</failure>
    <system-out>Request method:	GET
Request URI:	https://ig.aidtaas.com/mobius-payment-service/v1.0/wallets/NyKCMiG9CxIPF/pay/ihK2PyzDsL3g?currency=1IxpKvH&amp;comment=3
Proxy:			&lt;none&gt;
Request params:	&lt;none&gt;
Query params:	&lt;none&gt;
Form params:	&lt;none&gt;
Path params:	&lt;none&gt;
Headers:		Accept=application/json
				Authorization=Bearer  eyJhbGciOiJSUzI1NiIsInR5cCIgOiAiSldUIiwia2lkIiA6ICI3Ny1NUVdFRTNHZE5adGlsWU5IYmpsa2dVSkpaWUJWVmN1UmFZdHl5ejFjIn0.eyJleHAiOjE3NDAwODgxMjAsImlhdCI6MTc0MDA1MjEyMCwianRpIjoiYjc4MDZhYTYtZWE3MS00NWJkLWI5ODMtOWU3MDE4OTc4NTYzIiwiaXNzIjoiaHR0cDovL2tleWNsb2FrLXNlcnZpY2Uua2V5Y2xvYWsuc3ZjLmNsdXN0ZXIubG9jYWw6ODA4MC9yZWFsbXMvbWFzdGVyIiwiYXVkIjpbIkJPTFRaTUFOTl9CT1RfbW9iaXVzIiwiUEFTQ0FMX0lOVEVMTElHRU5DRV9tb2JpdXMiLCJNT05FVF9tb2JpdXMiLCJWSU5DSV9tb2JpdXMiLCJhY2NvdW50Il0sInN1YiI6IjJjZjc2ZTVmLTI2YWQtNGYyYy1iY2NjLWY0YmMxZTdiZmI2NCIsInR5cCI6IkJlYXJlciIsImF6cCI6IkhPTEFDUkFDWV9tb2JpdXMiLCJzaWQiOiJmNjcwYzZjMi03OWYzLTQ2YzctOTE5Yy1hNTNhYmRiNTgwNDMiLCJhY3IiOiIxIiwiYWxsb3dlZC1vcmlnaW5zIjpbIi8qIl0sInJlYWxtX2FjY2VzcyI6eyJyb2xlcyI6WyJkZWZhdWx0LXJvbGVzLW1hc3RlciIsIkhDWV9URU5BTlRfQ1VTVE9NIiwib2ZmbGluZV9hY2Nlc3MiLCJCT0JfVEVOQU5UX0NVU1RPTSIsInVtYV9hdXRob3JpemF0aW9uIiwiUElfVEVOQU5UX0NVU1RPTSIsIk1PTkVUX1RFTkFOVF9DVVNUT00iXX0sInJlc291cmNlX2FjY2VzcyI6eyJCT0xUWk1BTk5fQk9UX21vYml1cyI6eyJyb2xlcyI6WyJURU5BTlRfV09SS0ZMT1dfU1VTUEVORF9QUk9DRVNTX0RFRklOSVRJT04iLCJURU5BTlRfV09SS0ZMT1dfU1VTUEVORF9JTlNUQU5DRSIsIlRFTkFOVF9XT1JLRkxPV19SRVRSSUVWRV9BTEwiLCJURU5BTlRfV09SS0ZMT1dfQUNUSVZBVEVfSU5TVEFOQ0UiLCJURU5BTlRfV09SS0ZMT1dfRVhFQ1VURSIsIlRFTkFOVF9XT1JLRkxPV19SRVRSSUVWRV9IT01FIiwiVEVOQU5UX1dPUktGTE9XX1JFVFJJRVZFX1NVU1BFTkRFRF9QUk9DRVNTX0RFRlMiLCJURU5BTlRfV09SS0ZMT1dfQUNUSVZBVEVfUlVOX0pPQiIsIlRFTkFOVF9XT1JLRkxPV19TVEFUVVMiLCJURU5BTlRfV09SS0ZMT1dfQ1JFQVRFIiwiVEVOQU5UX1dPUktGTE9XX0FDVElWSVRZX0RBVEFfQ09VTlQiLCJCT0xUWk1BTk5fQk9UX1VTRVIiLCJURU5BTlRfV09SS0ZMT1dfREVQTE9ZX1ZFUlNJT04iLCJURU5BTlRfV09SS0ZMT1dfSU1QT1JUIiwiVEVOQU5UX1dPUktGTE9XX1VQREFURSIsIlRFTkFOVF9XT1JLRkxPV19ERVBMT1kiLCJURU5BTlRfV09SS0ZMT1dfU1VTUEVORF9SVU5fSk9CIiwiVEVOQU5UX1dPUktGTE9XX1JFVFJJRVZFIiwiVEVOQU5UX1dPUktGTE9XX0RFTEVURSIsIlRFTkFOVF9XT1JLRkxPV19UUklHR0VSX01FU1NBR0VfTElTVEVORVIiXX0sIkhPTEFDUkFDWV9tb2JpdXMiOnsicm9sZXMiOlsiVEVOQU5UX1BST0RVQ1RfUkVUUklFVkVfTUFTVEVSX0NPTkZJRyIsIlRFTkFOVF9JTlZJVEFUSU9OX1JFU1BPTkQiLCJURU5BTlRfTkVHT1RJQVRJT05fQVBQUk9WQUxfQlVZRVIiLCJURU5BTlRfSU5WSVRBVElPTl9SRVRSSUVWRSIsIlRFTkFOVF9PUkdBTklaQVRJT05fQ1JFQVRFIiwiVEVOQU5UX0NSRUFURV9URU5BTlQiLCJURU5BTlRfU1VCX0FMTElBTkNFX1JFVFJJRVZFIiwiVEVOQU5UX1BMQVRGT1JNX0NSRUFURSIsIkhPTEFDUkFDWV9VU0VSIiwiVEVOQU5UX1JBVEVDQVJEX0NSRUFURSIsIlRFTkFOVF9QTEFURk9STV9SRVRSSUVWRSIsIlRFTkFOVF9SRVRSSUVWRV9CWV9CVVlFUl9QTEFURk9STSIsIlRFTkFOVF9TVUJfQUxMSUFOQ0VfUkVUUklFVkVfQUxMIiwiVEVOQU5UX1BST0RVQ1RfUkVUUklFVkUiLCJURU5BTlRfQUNDT1VOVF9ERUxFVEUiLCJURU5BTlRfQUxMSUFOQ0VfUkVUUklFVkUiLCJURU5BTlRfUExBVEZPUk1fVVBEQVRFIiwiVEVOQU5UX0lOVklUQVRJT05fQ1JFQVRFIiwiVEVOQU5UX1JBVEVDQVJEX1JFVFJJRVZFIiwiVEVOQU5UX09SR0FOSVpBVElPTl9VUERBVEUiLCJURU5BTlRfUkFURUNBUkRfVVBEQVRFIiwiVEVOQU5UX09SR0FOSVpBVElPTl9ERUxFVEUiLCJURU5BTlRfUExBVEZPUk1fREVMRVRFIiwiVEVOQU5UX1BST0RVQ1RfQ1JFQVRFIiwiVEVOQU5UX1NVQl9BTExJQU5DRV9DUkVBVEUiLCJURU5BTlRfUkFURUNBUkRfREVMRVRFIiwiVEVOQU5UX0FDQ09VTlRfQ1JFQVRFIiwiVEVOQU5UX0lOVklUQVRJT05fVVBEQVRFIiwiVEVOQU5UX1JFVFJJRVZFX1RFTkFOVCIsIlRFTkFOVF9JTlZJVEFUSU9OX0RFTEVURSIsIlRFTkFOVF9ORUdPVElBVElPTl9BUFBST1ZBTF9TVVBFUl9BRE1JTiIsIlRFTkFOVF9ORUdPVElBVElPTl9SRVRSSUVWRV9BTExfQkVUV0VFTl9CVVlFUl9TRUxMRVIiLCJURU5BTlRfUkVUUklFVkVfVEVOQU5UX0FMTCIsIlRFTkFOVF9ORUdPVElBVElPTl9DUkVBVEUiLCJURU5BTlRfVVBEQVRFX1RFTkFOVCIsIlRFTkFOVF9PUkdBTklaQVRJT05fUkVUUklFVkUiLCJURU5BTlRfQUNDT1VOVF9VUERBVEUiLCJURU5BTlRfUFJPRFVDVF9ERUxFVEUiLCJURU5BTlRfU1VCX0FMTElBTkNFX0RFTEVURSIsIlRFTkFOVF9ORUdPVElBVElPTl9BUFBST1ZBTF9TRUxMRVIiLCJURU5BTlRfU1VCX0FMTElBTkNFX1VQREFURSIsIlRFTkFOVF9QUk9EVUNUX1VQREFURSIsIlRFTkFOVF9BQ0NPVU5UX1JFVFJJRVZFIiwiVEVOQU5UX05FR09USUFUSU9OX1JFVFJJRVZFIiwiVEVOQU5UX0RFTEVURV9URU5BTlQiXX0sIlBBU0NBTF9JTlRFTExJR0VOQ0VfbW9iaXVzIjp7InJvbGVzIjpbIlRFTkFOVF9DT05URVhUX0RFTEVURSIsIlRFTkFOVF9DT05URVhUX1VQREFURSIsIlRFTkFOVF9CSUdRVUVSWV9SRVRSSUVWRSIsIlRFTkFOVF9CSUdRVUVSWV9VUERBVEUiLCJURU5BTlRfVU5JVkVSU0VfQ1JFQVRFIiwiVEVOQU5UX0NPSE9SVFNfUkVUUklFVkUiLCJURU5BTlRfQklHUVVFUllfQ1JFQVRFIiwiVEVOQU5UX0JJR1FVRVJZX0VWQUxVQVRFIiwiVEVOQU5UX0NPSE9SVFNfVVBEQVRFIiwiVEVOQU5UX0NPTlRFWFRfUkVUUklFVkUiLCJURU5BTlRfVU5JVkVSU0VfUkVUUklFVkUiLCJURU5BTlRfQ09IT1JUU19FVkFMVUFURSIsIlRFTkFOVF9CSUdRVUVSWV9ERUxFVEUiLCJURU5BTlRfU0NIRU1BX0NSRUFURSIsIlBBU0NBTF9JTlRFTExJR0VOQ0VfVVNFUiIsIlRFTkFOVF9DT0hPUlRTX0NSRUFURSIsIlRFTkFOVF9TQ0hFTUFfVVBEQVRFIiwiVEVOQU5UX0NPTlRFWFRfQVBQUk9WRSIsIlRFTkFOVF9VTklWRVJTRV9VUERBVEUiLCJURU5BTlRfQklHUVVFUllfQVBQUk9WRSIsIlRFTkFOVF9TQ0hFTUFfUkVUUklFVkUiLCJURU5BTlRfU0NIRU1BX0FQUFJPVkUiLCJURU5BTlRfQ09OVEVYVF9FVkFMVUFURSIsIlRFTkFOVF9TQ0hFTUFfREVMRVRFIiwiVEVOQU5UX0NPTlRFWFRfQ1JFQVRFIiwiVEVOQU5UX1NDSEVNQV9EQVRBX1JFVFJJRVZFIiwiVEVOQU5UX1NDSEVNQV9EQVRBX0RFTEVURSIsIlRFTkFOVF9TQ0hFTUFfREFUQV9VUERBVEUiLCJURU5BTlRfQ09IT1JUU19ERUxFVEUiLCJURU5BTlRfVU5JVkVSU0VfREVMRVRFIiwiVEVOQU5UX1NDSEVNQV9EQVRBX0lOR0VTVElPTiIsIlRFTkFOVF9DT0hPUlRTX0FQUFJPVkUiXX0sIk1PTkVUX21vYml1cyI6eyJyb2xlcyI6WyJURU5BTlRfQVBQTEVUU19SRVRSSUVWRV9BTExfUFVCTElTSEVEIiwiVEVOQU5UX1dJREdFVFNfUkVUUklFVkVfRFJBRlQiLCJURU5BTlRfV0lER0VUU19VUERBVEUiLCJURU5BTlRfQVBQTEVUU19ERUxFVEUiLCJURU5BTlRfV0lER0VUU19ERUxFVEUiLCJURU5BTlRfUExVR0lOX0NBVEVHT1JZX1JFVFJJRVZFX0FMTCIsIlRFTkFOVF9BUFBMRVRTX1VQREFURV9ISVNUT1JZIiwiVEVOQU5UX0VYUEVSSUVOQ0VTX0NSRUFURSIsIlRFTkFOVF9XSURHRVRTX1JFVFJJRVZFX1BVQkxJU0giLCJURU5BTlRfUExVR0lOX0NBVEVHT1JZX0NSRUFURSIsIlRFTkFOVF9ERVBFTkRFTkNZX1JFVFJJRVZFX0FMTCIsIlRFTkFOVF9XSURHRVRTX1BVQkxJU0giLCJURU5BTlRfUkVUUklFVkVfRklFTERTX09GX1BVQkxJU0hFRCIsIlRFTkFOVF9FWFBFUklFTkNFU19VUERBVEUiLCJURU5BTlRfQVBQTEVUU19DUkVBVEUiLCJURU5BTlRfUExVR0lOU19ERUxFVEUiLCJURU5BTlRfQVBQTEVUU19SRVRSSUVWRV9BTExfRFJBRlQiLCJURU5BTlRfUExVR0lOU19VUERBVEUiLCJURU5BTlRfQVBQTEVUU19SRVRSSUVWRV9GUk9NX0hJU1RPUlkiLCJURU5BTlRfUkVUUklFVkVfRklFTERTX09GX0RSQUZUIiwiVEVOQU5UX0FQUExFVFNfUkVUUklFVkVfUFVCTElTSEVEIiwiVEVOQU5UX0FQUExFVFNfUFVCTElTSEVEIiwiVEVOQU5UX1dJREdFVFNfUkVUUklFVkUiLCJURU5BTlRfUExVR0lOX0NBVEVHT1JZX0RFTEVURSIsIlRFTkFOVF9QTFVHSU5fQ0FURUdPUllfUFVCTElTSCIsIlRFTkFOVF9QTFVHSU5fQ0FURUdPUllfREVMRVRFX0NPTVBfRlJPTSIsIlRFTkFOVF9SRVRSSUVWRV9QVUJMSVNIRUQiLCJURU5BTlRfUExVR0lOU19SRVRSSUVWRSIsIlRFTkFOVF9QTFVHSU5TX0NSRUFURSIsIlRFTkFOVF9XSURHRVRTX0NSRUFURSIsIlRFTkFOVF9BUFBMRVRTX1JFVFJJRVZFX0FMTF9QVUJMSVNIRURfVEhVTUJOQUlMUyIsIk1PTkVUX1VTRVIiLCJURU5BTlRfRVhQRVJJRU5DRVNfREVMRVRFIiwiVEVOQU5UX0VYUEVSSUVOQ0VTX1BVQkxJU0giLCJURU5BTlRfUkVUUklFVkVfRlJPTV9ISVNUT1JZIiwiVEVOQU5UX1BMVUdJTl9DQVRFR09SWV9VUERBVEUiXX0sIlZJTkNJX21vYml1cyI6eyJyb2xlcyI6WyJWSU5DSV9VU0VSIl19LCJhY2NvdW50Ijp7InJvbGVzIjpbIm1hbmFnZS1hY2NvdW50IiwibWFuYWdlLWFjY291bnQtbGlua3MiLCJ2aWV3LXByb2ZpbGUiXX19LCJzY29wZSI6InByb2ZpbGUgZW1haWwiLCJyZXF1ZXN0ZXJUeXBlIjoiVEVOQU5UIiwiZW1haWxfdmVyaWZpZWQiOnRydWUsIm5hbWUiOiJBaWR0YWFzIEFpZHRhYXMiLCJ0ZW5hbnRJZCI6IjJjZjc2ZTVmLTI2YWQtNGYyYy1iY2NjLWY0YmMxZTdiZmI2NCIsInByZWZlcnJlZF91c2VybmFtZSI6InBhc3N3b3JkX3RlbmFudF9haWR0YWFzQGdhaWFuc29sdXRpb25zLmNvbSIsImdpdmVuX25hbWUiOiJBaWR0YWFzIiwiZmFtaWx5X25hbWUiOiJBaWR0YWFzIiwiZW1haWwiOiJwYXNzd29yZF90ZW5hbnRfYWlkdGFhc0BnYWlhbnNvbHV0aW9ucy5jb20ifQ.G22UWdZfpDy2T8neTapxgOEwLcTJnbjop5nrm13HlhaUON7HfGI1b-n7D7FRAcRr2u7xBEE7MwJ3OSJyfjIQamrmV1U0PYtVogiw3EQcp41YWWAnpuaG41KiZvYuxGdFO1uADRRSrbnzDP44nnh75gQxL-s_blP160DEyu4gIfJ3f3Vz_wI_6yZ1aqpsz-8r8YpbeQbgrcV577yF2lTbmavmNDA6R_FW2rF8Y-mLfFbhAkQqmpuYDWdXv7_cyOmECs53ROlGzPd-DIUi1mw9_Af0tIC6DKh1nbbp16VPKqzmCPVfI1VGNZSCzVYOAr-XApRi0JZ39ub0aO1FsZzCjA
Cookies:		&lt;none&gt;
Multiparts:		&lt;none&gt;
Body:			&lt;none&gt;

HTTP/1.1 401 Unauthorized
www-authenticate: Bearer realm=&quot;https://ig.aidtaas.com/mobius-payment-service/v1.0/wallets/NyKCMiG9CxIPF/pay/ihK2PyzDsL3g?currency=1IxpKvH&amp;comment=3&quot;, error=&quot;invalid_token&quot;
content-length: 14
content-type: text/plain
date: Fri, 21 Feb 2025 06:21:48 GMT
server: istio-envoy
x-envoy-upstream-service-time: 3

Jwt is expired
</system-out>
  </testcase>
  <testcase classname="unit4cases.EvoMaster_others_Test" name="test_45" time="0.079">
    <failure message="1 expectation failed.
Expected content-type &quot;application/json&quot; doesn&apos;t match actual content-type &quot;text/plain&quot;.
" type="java.lang.AssertionError">java.lang.AssertionError: 1 expectation failed.
Expected content-type &quot;application/json&quot; doesn&apos;t match actual content-type &quot;text/plain&quot;.

	at java.base/jdk.internal.reflect.DirectConstructorHandleAccessor.newInstance(DirectConstructorHandleAccessor.java:62)
	at java.base/java.lang.reflect.Constructor.newInstanceWithCaller(Constructor.java:502)
	at java.base/java.lang.reflect.Constructor.newInstance(Constructor.java:486)
	at org.codehaus.groovy.reflection.CachedConstructor.invoke(CachedConstructor.java:73)
	at org.codehaus.groovy.runtime.callsite.ConstructorSite$ConstructorSiteNoUnwrapNoCoerce.callConstructor(ConstructorSite.java:108)
	at org.codehaus.groovy.runtime.callsite.AbstractCallSite.callConstructor(AbstractCallSite.java:277)
	at io.restassured.internal.ResponseSpecificationImpl$HamcrestAssertionClosure.validate(ResponseSpecificationImpl.groovy:512)
	at io.restassured.internal.ResponseSpecificationImpl$HamcrestAssertionClosure$validate$1.call(Unknown Source)
	at io.restassured.internal.ResponseSpecificationImpl.validateResponseIfRequired(ResponseSpecificationImpl.groovy:696)
	at io.restassured.internal.ResponseSpecificationImpl.this$2$validateResponseIfRequired(ResponseSpecificationImpl.groovy)
	at java.base/jdk.internal.reflect.DirectMethodHandleAccessor.invoke(DirectMethodHandleAccessor.java:103)
	at java.base/java.lang.reflect.Method.invoke(Method.java:580)
	at org.codehaus.groovy.runtime.callsite.PlainObjectMetaMethodSite.doInvoke(PlainObjectMetaMethodSite.java:43)
	at org.codehaus.groovy.runtime.callsite.PogoMetaMethodSite$PogoCachedMethodSiteNoUnwrapNoCoerce.invoke(PogoMetaMethodSite.java:198)
	at org.codehaus.groovy.runtime.callsite.PogoMetaMethodSite.callCurrent(PogoMetaMethodSite.java:62)
	at org.codehaus.groovy.runtime.callsite.AbstractCallSite.callCurrent(AbstractCallSite.java:185)
	at io.restassured.internal.ResponseSpecificationImpl.contentType(ResponseSpecificationImpl.groovy:443)
	at io.restassured.internal.ValidatableResponseOptionsImpl.contentType(ValidatableResponseOptionsImpl.java:226)
	at unit4cases.EvoMaster_others_Test.test_45(EvoMaster_others_Test.java:1489)
	at java.base/jdk.internal.reflect.DirectMethodHandleAccessor.invoke(DirectMethodHandleAccessor.java:103)
	at java.base/java.lang.reflect.Method.invoke(Method.java:580)
	at org.junit.runners.model.FrameworkMethod$1.runReflectiveCall(FrameworkMethod.java:59)
	at org.junit.internal.runners.model.ReflectiveCallable.run(ReflectiveCallable.java:12)
	at org.junit.runners.model.FrameworkMethod.invokeExplosively(FrameworkMethod.java:56)
	at org.junit.internal.runners.statements.InvokeMethod.evaluate(InvokeMethod.java:17)
	at org.junit.internal.runners.statements.FailOnTimeout$CallableStatement.call(FailOnTimeout.java:299)
	at org.junit.internal.runners.statements.FailOnTimeout$CallableStatement.call(FailOnTimeout.java:293)
	at java.base/java.util.concurrent.FutureTask.run(FutureTask.java:317)
	at java.base/java.lang.Thread.run(Thread.java:1583)
</failure>
    <system-out>Request method:	GET
Request URI:	https://ig.aidtaas.com/mobius-payment-service/v1.0/wallets/XOIjqqSQc1c3?currencies=
Proxy:			&lt;none&gt;
Request params:	&lt;none&gt;
Query params:	&lt;none&gt;
Form params:	&lt;none&gt;
Path params:	&lt;none&gt;
Headers:		Accept=application/json
				Authorization=Bearer  eyJhbGciOiJSUzI1NiIsInR5cCIgOiAiSldUIiwia2lkIiA6ICI3Ny1NUVdFRTNHZE5adGlsWU5IYmpsa2dVSkpaWUJWVmN1UmFZdHl5ejFjIn0.eyJleHAiOjE3NDAwODgxMjAsImlhdCI6MTc0MDA1MjEyMCwianRpIjoiYjc4MDZhYTYtZWE3MS00NWJkLWI5ODMtOWU3MDE4OTc4NTYzIiwiaXNzIjoiaHR0cDovL2tleWNsb2FrLXNlcnZpY2Uua2V5Y2xvYWsuc3ZjLmNsdXN0ZXIubG9jYWw6ODA4MC9yZWFsbXMvbWFzdGVyIiwiYXVkIjpbIkJPTFRaTUFOTl9CT1RfbW9iaXVzIiwiUEFTQ0FMX0lOVEVMTElHRU5DRV9tb2JpdXMiLCJNT05FVF9tb2JpdXMiLCJWSU5DSV9tb2JpdXMiLCJhY2NvdW50Il0sInN1YiI6IjJjZjc2ZTVmLTI2YWQtNGYyYy1iY2NjLWY0YmMxZTdiZmI2NCIsInR5cCI6IkJlYXJlciIsImF6cCI6IkhPTEFDUkFDWV9tb2JpdXMiLCJzaWQiOiJmNjcwYzZjMi03OWYzLTQ2YzctOTE5Yy1hNTNhYmRiNTgwNDMiLCJhY3IiOiIxIiwiYWxsb3dlZC1vcmlnaW5zIjpbIi8qIl0sInJlYWxtX2FjY2VzcyI6eyJyb2xlcyI6WyJkZWZhdWx0LXJvbGVzLW1hc3RlciIsIkhDWV9URU5BTlRfQ1VTVE9NIiwib2ZmbGluZV9hY2Nlc3MiLCJCT0JfVEVOQU5UX0NVU1RPTSIsInVtYV9hdXRob3JpemF0aW9uIiwiUElfVEVOQU5UX0NVU1RPTSIsIk1PTkVUX1RFTkFOVF9DVVNUT00iXX0sInJlc291cmNlX2FjY2VzcyI6eyJCT0xUWk1BTk5fQk9UX21vYml1cyI6eyJyb2xlcyI6WyJURU5BTlRfV09SS0ZMT1dfU1VTUEVORF9QUk9DRVNTX0RFRklOSVRJT04iLCJURU5BTlRfV09SS0ZMT1dfU1VTUEVORF9JTlNUQU5DRSIsIlRFTkFOVF9XT1JLRkxPV19SRVRSSUVWRV9BTEwiLCJURU5BTlRfV09SS0ZMT1dfQUNUSVZBVEVfSU5TVEFOQ0UiLCJURU5BTlRfV09SS0ZMT1dfRVhFQ1VURSIsIlRFTkFOVF9XT1JLRkxPV19SRVRSSUVWRV9IT01FIiwiVEVOQU5UX1dPUktGTE9XX1JFVFJJRVZFX1NVU1BFTkRFRF9QUk9DRVNTX0RFRlMiLCJURU5BTlRfV09SS0ZMT1dfQUNUSVZBVEVfUlVOX0pPQiIsIlRFTkFOVF9XT1JLRkxPV19TVEFUVVMiLCJURU5BTlRfV09SS0ZMT1dfQ1JFQVRFIiwiVEVOQU5UX1dPUktGTE9XX0FDVElWSVRZX0RBVEFfQ09VTlQiLCJCT0xUWk1BTk5fQk9UX1VTRVIiLCJURU5BTlRfV09SS0ZMT1dfREVQTE9ZX1ZFUlNJT04iLCJURU5BTlRfV09SS0ZMT1dfSU1QT1JUIiwiVEVOQU5UX1dPUktGTE9XX1VQREFURSIsIlRFTkFOVF9XT1JLRkxPV19ERVBMT1kiLCJURU5BTlRfV09SS0ZMT1dfU1VTUEVORF9SVU5fSk9CIiwiVEVOQU5UX1dPUktGTE9XX1JFVFJJRVZFIiwiVEVOQU5UX1dPUktGTE9XX0RFTEVURSIsIlRFTkFOVF9XT1JLRkxPV19UUklHR0VSX01FU1NBR0VfTElTVEVORVIiXX0sIkhPTEFDUkFDWV9tb2JpdXMiOnsicm9sZXMiOlsiVEVOQU5UX1BST0RVQ1RfUkVUUklFVkVfTUFTVEVSX0NPTkZJRyIsIlRFTkFOVF9JTlZJVEFUSU9OX1JFU1BPTkQiLCJURU5BTlRfTkVHT1RJQVRJT05fQVBQUk9WQUxfQlVZRVIiLCJURU5BTlRfSU5WSVRBVElPTl9SRVRSSUVWRSIsIlRFTkFOVF9PUkdBTklaQVRJT05fQ1JFQVRFIiwiVEVOQU5UX0NSRUFURV9URU5BTlQiLCJURU5BTlRfU1VCX0FMTElBTkNFX1JFVFJJRVZFIiwiVEVOQU5UX1BMQVRGT1JNX0NSRUFURSIsIkhPTEFDUkFDWV9VU0VSIiwiVEVOQU5UX1JBVEVDQVJEX0NSRUFURSIsIlRFTkFOVF9QTEFURk9STV9SRVRSSUVWRSIsIlRFTkFOVF9SRVRSSUVWRV9CWV9CVVlFUl9QTEFURk9STSIsIlRFTkFOVF9TVUJfQUxMSUFOQ0VfUkVUUklFVkVfQUxMIiwiVEVOQU5UX1BST0RVQ1RfUkVUUklFVkUiLCJURU5BTlRfQUNDT1VOVF9ERUxFVEUiLCJURU5BTlRfQUxMSUFOQ0VfUkVUUklFVkUiLCJURU5BTlRfUExBVEZPUk1fVVBEQVRFIiwiVEVOQU5UX0lOVklUQVRJT05fQ1JFQVRFIiwiVEVOQU5UX1JBVEVDQVJEX1JFVFJJRVZFIiwiVEVOQU5UX09SR0FOSVpBVElPTl9VUERBVEUiLCJURU5BTlRfUkFURUNBUkRfVVBEQVRFIiwiVEVOQU5UX09SR0FOSVpBVElPTl9ERUxFVEUiLCJURU5BTlRfUExBVEZPUk1fREVMRVRFIiwiVEVOQU5UX1BST0RVQ1RfQ1JFQVRFIiwiVEVOQU5UX1NVQl9BTExJQU5DRV9DUkVBVEUiLCJURU5BTlRfUkFURUNBUkRfREVMRVRFIiwiVEVOQU5UX0FDQ09VTlRfQ1JFQVRFIiwiVEVOQU5UX0lOVklUQVRJT05fVVBEQVRFIiwiVEVOQU5UX1JFVFJJRVZFX1RFTkFOVCIsIlRFTkFOVF9JTlZJVEFUSU9OX0RFTEVURSIsIlRFTkFOVF9ORUdPVElBVElPTl9BUFBST1ZBTF9TVVBFUl9BRE1JTiIsIlRFTkFOVF9ORUdPVElBVElPTl9SRVRSSUVWRV9BTExfQkVUV0VFTl9CVVlFUl9TRUxMRVIiLCJURU5BTlRfUkVUUklFVkVfVEVOQU5UX0FMTCIsIlRFTkFOVF9ORUdPVElBVElPTl9DUkVBVEUiLCJURU5BTlRfVVBEQVRFX1RFTkFOVCIsIlRFTkFOVF9PUkdBTklaQVRJT05fUkVUUklFVkUiLCJURU5BTlRfQUNDT1VOVF9VUERBVEUiLCJURU5BTlRfUFJPRFVDVF9ERUxFVEUiLCJURU5BTlRfU1VCX0FMTElBTkNFX0RFTEVURSIsIlRFTkFOVF9ORUdPVElBVElPTl9BUFBST1ZBTF9TRUxMRVIiLCJURU5BTlRfU1VCX0FMTElBTkNFX1VQREFURSIsIlRFTkFOVF9QUk9EVUNUX1VQREFURSIsIlRFTkFOVF9BQ0NPVU5UX1JFVFJJRVZFIiwiVEVOQU5UX05FR09USUFUSU9OX1JFVFJJRVZFIiwiVEVOQU5UX0RFTEVURV9URU5BTlQiXX0sIlBBU0NBTF9JTlRFTExJR0VOQ0VfbW9iaXVzIjp7InJvbGVzIjpbIlRFTkFOVF9DT05URVhUX0RFTEVURSIsIlRFTkFOVF9DT05URVhUX1VQREFURSIsIlRFTkFOVF9CSUdRVUVSWV9SRVRSSUVWRSIsIlRFTkFOVF9CSUdRVUVSWV9VUERBVEUiLCJURU5BTlRfVU5JVkVSU0VfQ1JFQVRFIiwiVEVOQU5UX0NPSE9SVFNfUkVUUklFVkUiLCJURU5BTlRfQklHUVVFUllfQ1JFQVRFIiwiVEVOQU5UX0JJR1FVRVJZX0VWQUxVQVRFIiwiVEVOQU5UX0NPSE9SVFNfVVBEQVRFIiwiVEVOQU5UX0NPTlRFWFRfUkVUUklFVkUiLCJURU5BTlRfVU5JVkVSU0VfUkVUUklFVkUiLCJURU5BTlRfQ09IT1JUU19FVkFMVUFURSIsIlRFTkFOVF9CSUdRVUVSWV9ERUxFVEUiLCJURU5BTlRfU0NIRU1BX0NSRUFURSIsIlBBU0NBTF9JTlRFTExJR0VOQ0VfVVNFUiIsIlRFTkFOVF9DT0hPUlRTX0NSRUFURSIsIlRFTkFOVF9TQ0hFTUFfVVBEQVRFIiwiVEVOQU5UX0NPTlRFWFRfQVBQUk9WRSIsIlRFTkFOVF9VTklWRVJTRV9VUERBVEUiLCJURU5BTlRfQklHUVVFUllfQVBQUk9WRSIsIlRFTkFOVF9TQ0hFTUFfUkVUUklFVkUiLCJURU5BTlRfU0NIRU1BX0FQUFJPVkUiLCJURU5BTlRfQ09OVEVYVF9FVkFMVUFURSIsIlRFTkFOVF9TQ0hFTUFfREVMRVRFIiwiVEVOQU5UX0NPTlRFWFRfQ1JFQVRFIiwiVEVOQU5UX1NDSEVNQV9EQVRBX1JFVFJJRVZFIiwiVEVOQU5UX1NDSEVNQV9EQVRBX0RFTEVURSIsIlRFTkFOVF9TQ0hFTUFfREFUQV9VUERBVEUiLCJURU5BTlRfQ09IT1JUU19ERUxFVEUiLCJURU5BTlRfVU5JVkVSU0VfREVMRVRFIiwiVEVOQU5UX1NDSEVNQV9EQVRBX0lOR0VTVElPTiIsIlRFTkFOVF9DT0hPUlRTX0FQUFJPVkUiXX0sIk1PTkVUX21vYml1cyI6eyJyb2xlcyI6WyJURU5BTlRfQVBQTEVUU19SRVRSSUVWRV9BTExfUFVCTElTSEVEIiwiVEVOQU5UX1dJREdFVFNfUkVUUklFVkVfRFJBRlQiLCJURU5BTlRfV0lER0VUU19VUERBVEUiLCJURU5BTlRfQVBQTEVUU19ERUxFVEUiLCJURU5BTlRfV0lER0VUU19ERUxFVEUiLCJURU5BTlRfUExVR0lOX0NBVEVHT1JZX1JFVFJJRVZFX0FMTCIsIlRFTkFOVF9BUFBMRVRTX1VQREFURV9ISVNUT1JZIiwiVEVOQU5UX0VYUEVSSUVOQ0VTX0NSRUFURSIsIlRFTkFOVF9XSURHRVRTX1JFVFJJRVZFX1BVQkxJU0giLCJURU5BTlRfUExVR0lOX0NBVEVHT1JZX0NSRUFURSIsIlRFTkFOVF9ERVBFTkRFTkNZX1JFVFJJRVZFX0FMTCIsIlRFTkFOVF9XSURHRVRTX1BVQkxJU0giLCJURU5BTlRfUkVUUklFVkVfRklFTERTX09GX1BVQkxJU0hFRCIsIlRFTkFOVF9FWFBFUklFTkNFU19VUERBVEUiLCJURU5BTlRfQVBQTEVUU19DUkVBVEUiLCJURU5BTlRfUExVR0lOU19ERUxFVEUiLCJURU5BTlRfQVBQTEVUU19SRVRSSUVWRV9BTExfRFJBRlQiLCJURU5BTlRfUExVR0lOU19VUERBVEUiLCJURU5BTlRfQVBQTEVUU19SRVRSSUVWRV9GUk9NX0hJU1RPUlkiLCJURU5BTlRfUkVUUklFVkVfRklFTERTX09GX0RSQUZUIiwiVEVOQU5UX0FQUExFVFNfUkVUUklFVkVfUFVCTElTSEVEIiwiVEVOQU5UX0FQUExFVFNfUFVCTElTSEVEIiwiVEVOQU5UX1dJREdFVFNfUkVUUklFVkUiLCJURU5BTlRfUExVR0lOX0NBVEVHT1JZX0RFTEVURSIsIlRFTkFOVF9QTFVHSU5fQ0FURUdPUllfUFVCTElTSCIsIlRFTkFOVF9QTFVHSU5fQ0FURUdPUllfREVMRVRFX0NPTVBfRlJPTSIsIlRFTkFOVF9SRVRSSUVWRV9QVUJMSVNIRUQiLCJURU5BTlRfUExVR0lOU19SRVRSSUVWRSIsIlRFTkFOVF9QTFVHSU5TX0NSRUFURSIsIlRFTkFOVF9XSURHRVRTX0NSRUFURSIsIlRFTkFOVF9BUFBMRVRTX1JFVFJJRVZFX0FMTF9QVUJMSVNIRURfVEhVTUJOQUlMUyIsIk1PTkVUX1VTRVIiLCJURU5BTlRfRVhQRVJJRU5DRVNfREVMRVRFIiwiVEVOQU5UX0VYUEVSSUVOQ0VTX1BVQkxJU0giLCJURU5BTlRfUkVUUklFVkVfRlJPTV9ISVNUT1JZIiwiVEVOQU5UX1BMVUdJTl9DQVRFR09SWV9VUERBVEUiXX0sIlZJTkNJX21vYml1cyI6eyJyb2xlcyI6WyJWSU5DSV9VU0VSIl19LCJhY2NvdW50Ijp7InJvbGVzIjpbIm1hbmFnZS1hY2NvdW50IiwibWFuYWdlLWFjY291bnQtbGlua3MiLCJ2aWV3LXByb2ZpbGUiXX19LCJzY29wZSI6InByb2ZpbGUgZW1haWwiLCJyZXF1ZXN0ZXJUeXBlIjoiVEVOQU5UIiwiZW1haWxfdmVyaWZpZWQiOnRydWUsIm5hbWUiOiJBaWR0YWFzIEFpZHRhYXMiLCJ0ZW5hbnRJZCI6IjJjZjc2ZTVmLTI2YWQtNGYyYy1iY2NjLWY0YmMxZTdiZmI2NCIsInByZWZlcnJlZF91c2VybmFtZSI6InBhc3N3b3JkX3RlbmFudF9haWR0YWFzQGdhaWFuc29sdXRpb25zLmNvbSIsImdpdmVuX25hbWUiOiJBaWR0YWFzIiwiZmFtaWx5X25hbWUiOiJBaWR0YWFzIiwiZW1haWwiOiJwYXNzd29yZF90ZW5hbnRfYWlkdGFhc0BnYWlhbnNvbHV0aW9ucy5jb20ifQ.G22UWdZfpDy2T8neTapxgOEwLcTJnbjop5nrm13HlhaUON7HfGI1b-n7D7FRAcRr2u7xBEE7MwJ3OSJyfjIQamrmV1U0PYtVogiw3EQcp41YWWAnpuaG41KiZvYuxGdFO1uADRRSrbnzDP44nnh75gQxL-s_blP160DEyu4gIfJ3f3Vz_wI_6yZ1aqpsz-8r8YpbeQbgrcV577yF2lTbmavmNDA6R_FW2rF8Y-mLfFbhAkQqmpuYDWdXv7_cyOmECs53ROlGzPd-DIUi1mw9_Af0tIC6DKh1nbbp16VPKqzmCPVfI1VGNZSCzVYOAr-XApRi0JZ39ub0aO1FsZzCjA
Cookies:		&lt;none&gt;
Multiparts:		&lt;none&gt;
Body:			&lt;none&gt;

HTTP/1.1 401 Unauthorized
www-authenticate: Bearer realm=&quot;https://ig.aidtaas.com/mobius-payment-service/v1.0/wallets/XOIjqqSQc1c3?currencies=5xUZ&amp;currencies=MTAqkWrr&amp;currencies=uHUgqtu4XAw3m&amp;currencies=jpzPcRos2GQrAh&amp;currencies=&quot;, error=&quot;invalid_token&quot;
content-length: 14
content-type: text/plain
date: Fri, 21 Feb 2025 06:21:48 GMT
server: istio-envoy
x-envoy-upstream-service-time: 4

Jwt is expired
</system-out>
  </testcase>
  <testcase classname="unit4cases.EvoMaster_others_Test" name="test_46" time="0.386">
    <failure message="1 expectation failed.
Expected content-type &quot;application/json&quot; doesn&apos;t match actual content-type &quot;text/plain&quot;.
" type="java.lang.AssertionError">java.lang.AssertionError: 1 expectation failed.
Expected content-type &quot;application/json&quot; doesn&apos;t match actual content-type &quot;text/plain&quot;.

	at java.base/jdk.internal.reflect.DirectConstructorHandleAccessor.newInstance(DirectConstructorHandleAccessor.java:62)
	at java.base/java.lang.reflect.Constructor.newInstanceWithCaller(Constructor.java:502)
	at java.base/java.lang.reflect.Constructor.newInstance(Constructor.java:486)
	at org.codehaus.groovy.reflection.CachedConstructor.invoke(CachedConstructor.java:73)
	at org.codehaus.groovy.runtime.callsite.ConstructorSite$ConstructorSiteNoUnwrapNoCoerce.callConstructor(ConstructorSite.java:108)
	at org.codehaus.groovy.runtime.callsite.AbstractCallSite.callConstructor(AbstractCallSite.java:277)
	at io.restassured.internal.ResponseSpecificationImpl$HamcrestAssertionClosure.validate(ResponseSpecificationImpl.groovy:512)
	at io.restassured.internal.ResponseSpecificationImpl$HamcrestAssertionClosure$validate$1.call(Unknown Source)
	at io.restassured.internal.ResponseSpecificationImpl.validateResponseIfRequired(ResponseSpecificationImpl.groovy:696)
	at io.restassured.internal.ResponseSpecificationImpl.this$2$validateResponseIfRequired(ResponseSpecificationImpl.groovy)
	at java.base/jdk.internal.reflect.DirectMethodHandleAccessor.invoke(DirectMethodHandleAccessor.java:103)
	at java.base/java.lang.reflect.Method.invoke(Method.java:580)
	at org.codehaus.groovy.runtime.callsite.PlainObjectMetaMethodSite.doInvoke(PlainObjectMetaMethodSite.java:43)
	at org.codehaus.groovy.runtime.callsite.PogoMetaMethodSite$PogoCachedMethodSiteNoUnwrapNoCoerce.invoke(PogoMetaMethodSite.java:198)
	at org.codehaus.groovy.runtime.callsite.PogoMetaMethodSite.callCurrent(PogoMetaMethodSite.java:62)
	at org.codehaus.groovy.runtime.callsite.AbstractCallSite.callCurrent(AbstractCallSite.java:185)
	at io.restassured.internal.ResponseSpecificationImpl.contentType(ResponseSpecificationImpl.groovy:443)
	at io.restassured.internal.ValidatableResponseOptionsImpl.contentType(ValidatableResponseOptionsImpl.java:226)
	at unit4cases.EvoMaster_others_Test.test_46(EvoMaster_others_Test.java:1515)
	at java.base/jdk.internal.reflect.DirectMethodHandleAccessor.invoke(DirectMethodHandleAccessor.java:103)
	at java.base/java.lang.reflect.Method.invoke(Method.java:580)
	at org.junit.runners.model.FrameworkMethod$1.runReflectiveCall(FrameworkMethod.java:59)
	at org.junit.internal.runners.model.ReflectiveCallable.run(ReflectiveCallable.java:12)
	at org.junit.runners.model.FrameworkMethod.invokeExplosively(FrameworkMethod.java:56)
	at org.junit.internal.runners.statements.InvokeMethod.evaluate(InvokeMethod.java:17)
	at org.junit.internal.runners.statements.FailOnTimeout$CallableStatement.call(FailOnTimeout.java:299)
	at org.junit.internal.runners.statements.FailOnTimeout$CallableStatement.call(FailOnTimeout.java:293)
	at java.base/java.util.concurrent.FutureTask.run(FutureTask.java:317)
	at java.base/java.lang.Thread.run(Thread.java:1583)
</failure>
    <system-out>Request method:	GET
Request URI:	https://ig.aidtaas.com/mobius-payment-service/v1.0/client-gateways?pageable=%7B%22page%22%3A574%7D
Proxy:			&lt;none&gt;
Request params:	&lt;none&gt;
Query params:	&lt;none&gt;
Form params:	&lt;none&gt;
Path params:	&lt;none&gt;
Headers:		Accept=application/json
				Authorization=Bearer  eyJhbGciOiJSUzI1NiIsInR5cCIgOiAiSldUIiwia2lkIiA6ICI3Ny1NUVdFRTNHZE5adGlsWU5IYmpsa2dVSkpaWUJWVmN1UmFZdHl5ejFjIn0.eyJleHAiOjE3NDAwODgxMjAsImlhdCI6MTc0MDA1MjEyMCwianRpIjoiYjc4MDZhYTYtZWE3MS00NWJkLWI5ODMtOWU3MDE4OTc4NTYzIiwiaXNzIjoiaHR0cDovL2tleWNsb2FrLXNlcnZpY2Uua2V5Y2xvYWsuc3ZjLmNsdXN0ZXIubG9jYWw6ODA4MC9yZWFsbXMvbWFzdGVyIiwiYXVkIjpbIkJPTFRaTUFOTl9CT1RfbW9iaXVzIiwiUEFTQ0FMX0lOVEVMTElHRU5DRV9tb2JpdXMiLCJNT05FVF9tb2JpdXMiLCJWSU5DSV9tb2JpdXMiLCJhY2NvdW50Il0sInN1YiI6IjJjZjc2ZTVmLTI2YWQtNGYyYy1iY2NjLWY0YmMxZTdiZmI2NCIsInR5cCI6IkJlYXJlciIsImF6cCI6IkhPTEFDUkFDWV9tb2JpdXMiLCJzaWQiOiJmNjcwYzZjMi03OWYzLTQ2YzctOTE5Yy1hNTNhYmRiNTgwNDMiLCJhY3IiOiIxIiwiYWxsb3dlZC1vcmlnaW5zIjpbIi8qIl0sInJlYWxtX2FjY2VzcyI6eyJyb2xlcyI6WyJkZWZhdWx0LXJvbGVzLW1hc3RlciIsIkhDWV9URU5BTlRfQ1VTVE9NIiwib2ZmbGluZV9hY2Nlc3MiLCJCT0JfVEVOQU5UX0NVU1RPTSIsInVtYV9hdXRob3JpemF0aW9uIiwiUElfVEVOQU5UX0NVU1RPTSIsIk1PTkVUX1RFTkFOVF9DVVNUT00iXX0sInJlc291cmNlX2FjY2VzcyI6eyJCT0xUWk1BTk5fQk9UX21vYml1cyI6eyJyb2xlcyI6WyJURU5BTlRfV09SS0ZMT1dfU1VTUEVORF9QUk9DRVNTX0RFRklOSVRJT04iLCJURU5BTlRfV09SS0ZMT1dfU1VTUEVORF9JTlNUQU5DRSIsIlRFTkFOVF9XT1JLRkxPV19SRVRSSUVWRV9BTEwiLCJURU5BTlRfV09SS0ZMT1dfQUNUSVZBVEVfSU5TVEFOQ0UiLCJURU5BTlRfV09SS0ZMT1dfRVhFQ1VURSIsIlRFTkFOVF9XT1JLRkxPV19SRVRSSUVWRV9IT01FIiwiVEVOQU5UX1dPUktGTE9XX1JFVFJJRVZFX1NVU1BFTkRFRF9QUk9DRVNTX0RFRlMiLCJURU5BTlRfV09SS0ZMT1dfQUNUSVZBVEVfUlVOX0pPQiIsIlRFTkFOVF9XT1JLRkxPV19TVEFUVVMiLCJURU5BTlRfV09SS0ZMT1dfQ1JFQVRFIiwiVEVOQU5UX1dPUktGTE9XX0FDVElWSVRZX0RBVEFfQ09VTlQiLCJCT0xUWk1BTk5fQk9UX1VTRVIiLCJURU5BTlRfV09SS0ZMT1dfREVQTE9ZX1ZFUlNJT04iLCJURU5BTlRfV09SS0ZMT1dfSU1QT1JUIiwiVEVOQU5UX1dPUktGTE9XX1VQREFURSIsIlRFTkFOVF9XT1JLRkxPV19ERVBMT1kiLCJURU5BTlRfV09SS0ZMT1dfU1VTUEVORF9SVU5fSk9CIiwiVEVOQU5UX1dPUktGTE9XX1JFVFJJRVZFIiwiVEVOQU5UX1dPUktGTE9XX0RFTEVURSIsIlRFTkFOVF9XT1JLRkxPV19UUklHR0VSX01FU1NBR0VfTElTVEVORVIiXX0sIkhPTEFDUkFDWV9tb2JpdXMiOnsicm9sZXMiOlsiVEVOQU5UX1BST0RVQ1RfUkVUUklFVkVfTUFTVEVSX0NPTkZJRyIsIlRFTkFOVF9JTlZJVEFUSU9OX1JFU1BPTkQiLCJURU5BTlRfTkVHT1RJQVRJT05fQVBQUk9WQUxfQlVZRVIiLCJURU5BTlRfSU5WSVRBVElPTl9SRVRSSUVWRSIsIlRFTkFOVF9PUkdBTklaQVRJT05fQ1JFQVRFIiwiVEVOQU5UX0NSRUFURV9URU5BTlQiLCJURU5BTlRfU1VCX0FMTElBTkNFX1JFVFJJRVZFIiwiVEVOQU5UX1BMQVRGT1JNX0NSRUFURSIsIkhPTEFDUkFDWV9VU0VSIiwiVEVOQU5UX1JBVEVDQVJEX0NSRUFURSIsIlRFTkFOVF9QTEFURk9STV9SRVRSSUVWRSIsIlRFTkFOVF9SRVRSSUVWRV9CWV9CVVlFUl9QTEFURk9STSIsIlRFTkFOVF9TVUJfQUxMSUFOQ0VfUkVUUklFVkVfQUxMIiwiVEVOQU5UX1BST0RVQ1RfUkVUUklFVkUiLCJURU5BTlRfQUNDT1VOVF9ERUxFVEUiLCJURU5BTlRfQUxMSUFOQ0VfUkVUUklFVkUiLCJURU5BTlRfUExBVEZPUk1fVVBEQVRFIiwiVEVOQU5UX0lOVklUQVRJT05fQ1JFQVRFIiwiVEVOQU5UX1JBVEVDQVJEX1JFVFJJRVZFIiwiVEVOQU5UX09SR0FOSVpBVElPTl9VUERBVEUiLCJURU5BTlRfUkFURUNBUkRfVVBEQVRFIiwiVEVOQU5UX09SR0FOSVpBVElPTl9ERUxFVEUiLCJURU5BTlRfUExBVEZPUk1fREVMRVRFIiwiVEVOQU5UX1BST0RVQ1RfQ1JFQVRFIiwiVEVOQU5UX1NVQl9BTExJQU5DRV9DUkVBVEUiLCJURU5BTlRfUkFURUNBUkRfREVMRVRFIiwiVEVOQU5UX0FDQ09VTlRfQ1JFQVRFIiwiVEVOQU5UX0lOVklUQVRJT05fVVBEQVRFIiwiVEVOQU5UX1JFVFJJRVZFX1RFTkFOVCIsIlRFTkFOVF9JTlZJVEFUSU9OX0RFTEVURSIsIlRFTkFOVF9ORUdPVElBVElPTl9BUFBST1ZBTF9TVVBFUl9BRE1JTiIsIlRFTkFOVF9ORUdPVElBVElPTl9SRVRSSUVWRV9BTExfQkVUV0VFTl9CVVlFUl9TRUxMRVIiLCJURU5BTlRfUkVUUklFVkVfVEVOQU5UX0FMTCIsIlRFTkFOVF9ORUdPVElBVElPTl9DUkVBVEUiLCJURU5BTlRfVVBEQVRFX1RFTkFOVCIsIlRFTkFOVF9PUkdBTklaQVRJT05fUkVUUklFVkUiLCJURU5BTlRfQUNDT1VOVF9VUERBVEUiLCJURU5BTlRfUFJPRFVDVF9ERUxFVEUiLCJURU5BTlRfU1VCX0FMTElBTkNFX0RFTEVURSIsIlRFTkFOVF9ORUdPVElBVElPTl9BUFBST1ZBTF9TRUxMRVIiLCJURU5BTlRfU1VCX0FMTElBTkNFX1VQREFURSIsIlRFTkFOVF9QUk9EVUNUX1VQREFURSIsIlRFTkFOVF9BQ0NPVU5UX1JFVFJJRVZFIiwiVEVOQU5UX05FR09USUFUSU9OX1JFVFJJRVZFIiwiVEVOQU5UX0RFTEVURV9URU5BTlQiXX0sIlBBU0NBTF9JTlRFTExJR0VOQ0VfbW9iaXVzIjp7InJvbGVzIjpbIlRFTkFOVF9DT05URVhUX0RFTEVURSIsIlRFTkFOVF9DT05URVhUX1VQREFURSIsIlRFTkFOVF9CSUdRVUVSWV9SRVRSSUVWRSIsIlRFTkFOVF9CSUdRVUVSWV9VUERBVEUiLCJURU5BTlRfVU5JVkVSU0VfQ1JFQVRFIiwiVEVOQU5UX0NPSE9SVFNfUkVUUklFVkUiLCJURU5BTlRfQklHUVVFUllfQ1JFQVRFIiwiVEVOQU5UX0JJR1FVRVJZX0VWQUxVQVRFIiwiVEVOQU5UX0NPSE9SVFNfVVBEQVRFIiwiVEVOQU5UX0NPTlRFWFRfUkVUUklFVkUiLCJURU5BTlRfVU5JVkVSU0VfUkVUUklFVkUiLCJURU5BTlRfQ09IT1JUU19FVkFMVUFURSIsIlRFTkFOVF9CSUdRVUVSWV9ERUxFVEUiLCJURU5BTlRfU0NIRU1BX0NSRUFURSIsIlBBU0NBTF9JTlRFTExJR0VOQ0VfVVNFUiIsIlRFTkFOVF9DT0hPUlRTX0NSRUFURSIsIlRFTkFOVF9TQ0hFTUFfVVBEQVRFIiwiVEVOQU5UX0NPTlRFWFRfQVBQUk9WRSIsIlRFTkFOVF9VTklWRVJTRV9VUERBVEUiLCJURU5BTlRfQklHUVVFUllfQVBQUk9WRSIsIlRFTkFOVF9TQ0hFTUFfUkVUUklFVkUiLCJURU5BTlRfU0NIRU1BX0FQUFJPVkUiLCJURU5BTlRfQ09OVEVYVF9FVkFMVUFURSIsIlRFTkFOVF9TQ0hFTUFfREVMRVRFIiwiVEVOQU5UX0NPTlRFWFRfQ1JFQVRFIiwiVEVOQU5UX1NDSEVNQV9EQVRBX1JFVFJJRVZFIiwiVEVOQU5UX1NDSEVNQV9EQVRBX0RFTEVURSIsIlRFTkFOVF9TQ0hFTUFfREFUQV9VUERBVEUiLCJURU5BTlRfQ09IT1JUU19ERUxFVEUiLCJURU5BTlRfVU5JVkVSU0VfREVMRVRFIiwiVEVOQU5UX1NDSEVNQV9EQVRBX0lOR0VTVElPTiIsIlRFTkFOVF9DT0hPUlRTX0FQUFJPVkUiXX0sIk1PTkVUX21vYml1cyI6eyJyb2xlcyI6WyJURU5BTlRfQVBQTEVUU19SRVRSSUVWRV9BTExfUFVCTElTSEVEIiwiVEVOQU5UX1dJREdFVFNfUkVUUklFVkVfRFJBRlQiLCJURU5BTlRfV0lER0VUU19VUERBVEUiLCJURU5BTlRfQVBQTEVUU19ERUxFVEUiLCJURU5BTlRfV0lER0VUU19ERUxFVEUiLCJURU5BTlRfUExVR0lOX0NBVEVHT1JZX1JFVFJJRVZFX0FMTCIsIlRFTkFOVF9BUFBMRVRTX1VQREFURV9ISVNUT1JZIiwiVEVOQU5UX0VYUEVSSUVOQ0VTX0NSRUFURSIsIlRFTkFOVF9XSURHRVRTX1JFVFJJRVZFX1BVQkxJU0giLCJURU5BTlRfUExVR0lOX0NBVEVHT1JZX0NSRUFURSIsIlRFTkFOVF9ERVBFTkRFTkNZX1JFVFJJRVZFX0FMTCIsIlRFTkFOVF9XSURHRVRTX1BVQkxJU0giLCJURU5BTlRfUkVUUklFVkVfRklFTERTX09GX1BVQkxJU0hFRCIsIlRFTkFOVF9FWFBFUklFTkNFU19VUERBVEUiLCJURU5BTlRfQVBQTEVUU19DUkVBVEUiLCJURU5BTlRfUExVR0lOU19ERUxFVEUiLCJURU5BTlRfQVBQTEVUU19SRVRSSUVWRV9BTExfRFJBRlQiLCJURU5BTlRfUExVR0lOU19VUERBVEUiLCJURU5BTlRfQVBQTEVUU19SRVRSSUVWRV9GUk9NX0hJU1RPUlkiLCJURU5BTlRfUkVUUklFVkVfRklFTERTX09GX0RSQUZUIiwiVEVOQU5UX0FQUExFVFNfUkVUUklFVkVfUFVCTElTSEVEIiwiVEVOQU5UX0FQUExFVFNfUFVCTElTSEVEIiwiVEVOQU5UX1dJREdFVFNfUkVUUklFVkUiLCJURU5BTlRfUExVR0lOX0NBVEVHT1JZX0RFTEVURSIsIlRFTkFOVF9QTFVHSU5fQ0FURUdPUllfUFVCTElTSCIsIlRFTkFOVF9QTFVHSU5fQ0FURUdPUllfREVMRVRFX0NPTVBfRlJPTSIsIlRFTkFOVF9SRVRSSUVWRV9QVUJMSVNIRUQiLCJURU5BTlRfUExVR0lOU19SRVRSSUVWRSIsIlRFTkFOVF9QTFVHSU5TX0NSRUFURSIsIlRFTkFOVF9XSURHRVRTX0NSRUFURSIsIlRFTkFOVF9BUFBMRVRTX1JFVFJJRVZFX0FMTF9QVUJMSVNIRURfVEhVTUJOQUlMUyIsIk1PTkVUX1VTRVIiLCJURU5BTlRfRVhQRVJJRU5DRVNfREVMRVRFIiwiVEVOQU5UX0VYUEVSSUVOQ0VTX1BVQkxJU0giLCJURU5BTlRfUkVUUklFVkVfRlJPTV9ISVNUT1JZIiwiVEVOQU5UX1BMVUdJTl9DQVRFR09SWV9VUERBVEUiXX0sIlZJTkNJX21vYml1cyI6eyJyb2xlcyI6WyJWSU5DSV9VU0VSIl19LCJhY2NvdW50Ijp7InJvbGVzIjpbIm1hbmFnZS1hY2NvdW50IiwibWFuYWdlLWFjY291bnQtbGlua3MiLCJ2aWV3LXByb2ZpbGUiXX19LCJzY29wZSI6InByb2ZpbGUgZW1haWwiLCJyZXF1ZXN0ZXJUeXBlIjoiVEVOQU5UIiwiZW1haWxfdmVyaWZpZWQiOnRydWUsIm5hbWUiOiJBaWR0YWFzIEFpZHRhYXMiLCJ0ZW5hbnRJZCI6IjJjZjc2ZTVmLTI2YWQtNGYyYy1iY2NjLWY0YmMxZTdiZmI2NCIsInByZWZlcnJlZF91c2VybmFtZSI6InBhc3N3b3JkX3RlbmFudF9haWR0YWFzQGdhaWFuc29sdXRpb25zLmNvbSIsImdpdmVuX25hbWUiOiJBaWR0YWFzIiwiZmFtaWx5X25hbWUiOiJBaWR0YWFzIiwiZW1haWwiOiJwYXNzd29yZF90ZW5hbnRfYWlkdGFhc0BnYWlhbnNvbHV0aW9ucy5jb20ifQ.G22UWdZfpDy2T8neTapxgOEwLcTJnbjop5nrm13HlhaUON7HfGI1b-n7D7FRAcRr2u7xBEE7MwJ3OSJyfjIQamrmV1U0PYtVogiw3EQcp41YWWAnpuaG41KiZvYuxGdFO1uADRRSrbnzDP44nnh75gQxL-s_blP160DEyu4gIfJ3f3Vz_wI_6yZ1aqpsz-8r8YpbeQbgrcV577yF2lTbmavmNDA6R_FW2rF8Y-mLfFbhAkQqmpuYDWdXv7_cyOmECs53ROlGzPd-DIUi1mw9_Af0tIC6DKh1nbbp16VPKqzmCPVfI1VGNZSCzVYOAr-XApRi0JZ39ub0aO1FsZzCjA
Cookies:		&lt;none&gt;
Multiparts:		&lt;none&gt;
Body:			&lt;none&gt;

HTTP/1.1 401 Unauthorized
www-authenticate: Bearer realm=&quot;https://ig.aidtaas.com/mobius-payment-service/v1.0/client-gateways?pageable=%7B%22page%22%3A574%7D&quot;, error=&quot;invalid_token&quot;
content-length: 14
content-type: text/plain
date: Fri, 21 Feb 2025 06:21:48 GMT
server: istio-envoy
x-envoy-upstream-service-time: 4

Jwt is expired
</system-out>
  </testcase>
  <testcase classname="unit4cases.EvoMaster_others_Test" name="test_47" time="0.463">
    <failure message="1 expectation failed.
Expected content-type &quot;application/json&quot; doesn&apos;t match actual content-type &quot;text/plain&quot;.
" type="java.lang.AssertionError">java.lang.AssertionError: 1 expectation failed.
Expected content-type &quot;application/json&quot; doesn&apos;t match actual content-type &quot;text/plain&quot;.

	at java.base/jdk.internal.reflect.DirectConstructorHandleAccessor.newInstance(DirectConstructorHandleAccessor.java:62)
	at java.base/java.lang.reflect.Constructor.newInstanceWithCaller(Constructor.java:502)
	at java.base/java.lang.reflect.Constructor.newInstance(Constructor.java:486)
	at org.codehaus.groovy.reflection.CachedConstructor.invoke(CachedConstructor.java:73)
	at org.codehaus.groovy.runtime.callsite.ConstructorSite$ConstructorSiteNoUnwrapNoCoerce.callConstructor(ConstructorSite.java:108)
	at org.codehaus.groovy.runtime.callsite.AbstractCallSite.callConstructor(AbstractCallSite.java:277)
	at io.restassured.internal.ResponseSpecificationImpl$HamcrestAssertionClosure.validate(ResponseSpecificationImpl.groovy:512)
	at io.restassured.internal.ResponseSpecificationImpl$HamcrestAssertionClosure$validate$1.call(Unknown Source)
	at io.restassured.internal.ResponseSpecificationImpl.validateResponseIfRequired(ResponseSpecificationImpl.groovy:696)
	at io.restassured.internal.ResponseSpecificationImpl.this$2$validateResponseIfRequired(ResponseSpecificationImpl.groovy)
	at java.base/jdk.internal.reflect.DirectMethodHandleAccessor.invoke(DirectMethodHandleAccessor.java:103)
	at java.base/java.lang.reflect.Method.invoke(Method.java:580)
	at org.codehaus.groovy.runtime.callsite.PlainObjectMetaMethodSite.doInvoke(PlainObjectMetaMethodSite.java:43)
	at org.codehaus.groovy.runtime.callsite.PogoMetaMethodSite$PogoCachedMethodSiteNoUnwrapNoCoerce.invoke(PogoMetaMethodSite.java:198)
	at org.codehaus.groovy.runtime.callsite.PogoMetaMethodSite.callCurrent(PogoMetaMethodSite.java:62)
	at org.codehaus.groovy.runtime.callsite.AbstractCallSite.callCurrent(AbstractCallSite.java:185)
	at io.restassured.internal.ResponseSpecificationImpl.contentType(ResponseSpecificationImpl.groovy:443)
	at io.restassured.internal.ValidatableResponseOptionsImpl.contentType(ValidatableResponseOptionsImpl.java:226)
	at unit4cases.EvoMaster_others_Test.test_47(EvoMaster_others_Test.java:1541)
	at java.base/jdk.internal.reflect.DirectMethodHandleAccessor.invoke(DirectMethodHandleAccessor.java:103)
	at java.base/java.lang.reflect.Method.invoke(Method.java:580)
	at org.junit.runners.model.FrameworkMethod$1.runReflectiveCall(FrameworkMethod.java:59)
	at org.junit.internal.runners.model.ReflectiveCallable.run(ReflectiveCallable.java:12)
	at org.junit.runners.model.FrameworkMethod.invokeExplosively(FrameworkMethod.java:56)
	at org.junit.internal.runners.statements.InvokeMethod.evaluate(InvokeMethod.java:17)
	at org.junit.internal.runners.statements.FailOnTimeout$CallableStatement.call(FailOnTimeout.java:299)
	at org.junit.internal.runners.statements.FailOnTimeout$CallableStatement.call(FailOnTimeout.java:293)
	at java.base/java.util.concurrent.FutureTask.run(FutureTask.java:317)
	at java.base/java.lang.Thread.run(Thread.java:1583)
</failure>
    <system-out>Request method:	GET
Request URI:	https://ig.aidtaas.com/mobius-payment-service/v1.0/gateway-details?pageable=%7B%22size%22%3A117%7D
Proxy:			&lt;none&gt;
Request params:	&lt;none&gt;
Query params:	&lt;none&gt;
Form params:	&lt;none&gt;
Path params:	&lt;none&gt;
Headers:		Accept=application/json
				Authorization=Bearer  eyJhbGciOiJSUzI1NiIsInR5cCIgOiAiSldUIiwia2lkIiA6ICI3Ny1NUVdFRTNHZE5adGlsWU5IYmpsa2dVSkpaWUJWVmN1UmFZdHl5ejFjIn0.eyJleHAiOjE3NDAwODgxMjAsImlhdCI6MTc0MDA1MjEyMCwianRpIjoiYjc4MDZhYTYtZWE3MS00NWJkLWI5ODMtOWU3MDE4OTc4NTYzIiwiaXNzIjoiaHR0cDovL2tleWNsb2FrLXNlcnZpY2Uua2V5Y2xvYWsuc3ZjLmNsdXN0ZXIubG9jYWw6ODA4MC9yZWFsbXMvbWFzdGVyIiwiYXVkIjpbIkJPTFRaTUFOTl9CT1RfbW9iaXVzIiwiUEFTQ0FMX0lOVEVMTElHRU5DRV9tb2JpdXMiLCJNT05FVF9tb2JpdXMiLCJWSU5DSV9tb2JpdXMiLCJhY2NvdW50Il0sInN1YiI6IjJjZjc2ZTVmLTI2YWQtNGYyYy1iY2NjLWY0YmMxZTdiZmI2NCIsInR5cCI6IkJlYXJlciIsImF6cCI6IkhPTEFDUkFDWV9tb2JpdXMiLCJzaWQiOiJmNjcwYzZjMi03OWYzLTQ2YzctOTE5Yy1hNTNhYmRiNTgwNDMiLCJhY3IiOiIxIiwiYWxsb3dlZC1vcmlnaW5zIjpbIi8qIl0sInJlYWxtX2FjY2VzcyI6eyJyb2xlcyI6WyJkZWZhdWx0LXJvbGVzLW1hc3RlciIsIkhDWV9URU5BTlRfQ1VTVE9NIiwib2ZmbGluZV9hY2Nlc3MiLCJCT0JfVEVOQU5UX0NVU1RPTSIsInVtYV9hdXRob3JpemF0aW9uIiwiUElfVEVOQU5UX0NVU1RPTSIsIk1PTkVUX1RFTkFOVF9DVVNUT00iXX0sInJlc291cmNlX2FjY2VzcyI6eyJCT0xUWk1BTk5fQk9UX21vYml1cyI6eyJyb2xlcyI6WyJURU5BTlRfV09SS0ZMT1dfU1VTUEVORF9QUk9DRVNTX0RFRklOSVRJT04iLCJURU5BTlRfV09SS0ZMT1dfU1VTUEVORF9JTlNUQU5DRSIsIlRFTkFOVF9XT1JLRkxPV19SRVRSSUVWRV9BTEwiLCJURU5BTlRfV09SS0ZMT1dfQUNUSVZBVEVfSU5TVEFOQ0UiLCJURU5BTlRfV09SS0ZMT1dfRVhFQ1VURSIsIlRFTkFOVF9XT1JLRkxPV19SRVRSSUVWRV9IT01FIiwiVEVOQU5UX1dPUktGTE9XX1JFVFJJRVZFX1NVU1BFTkRFRF9QUk9DRVNTX0RFRlMiLCJURU5BTlRfV09SS0ZMT1dfQUNUSVZBVEVfUlVOX0pPQiIsIlRFTkFOVF9XT1JLRkxPV19TVEFUVVMiLCJURU5BTlRfV09SS0ZMT1dfQ1JFQVRFIiwiVEVOQU5UX1dPUktGTE9XX0FDVElWSVRZX0RBVEFfQ09VTlQiLCJCT0xUWk1BTk5fQk9UX1VTRVIiLCJURU5BTlRfV09SS0ZMT1dfREVQTE9ZX1ZFUlNJT04iLCJURU5BTlRfV09SS0ZMT1dfSU1QT1JUIiwiVEVOQU5UX1dPUktGTE9XX1VQREFURSIsIlRFTkFOVF9XT1JLRkxPV19ERVBMT1kiLCJURU5BTlRfV09SS0ZMT1dfU1VTUEVORF9SVU5fSk9CIiwiVEVOQU5UX1dPUktGTE9XX1JFVFJJRVZFIiwiVEVOQU5UX1dPUktGTE9XX0RFTEVURSIsIlRFTkFOVF9XT1JLRkxPV19UUklHR0VSX01FU1NBR0VfTElTVEVORVIiXX0sIkhPTEFDUkFDWV9tb2JpdXMiOnsicm9sZXMiOlsiVEVOQU5UX1BST0RVQ1RfUkVUUklFVkVfTUFTVEVSX0NPTkZJRyIsIlRFTkFOVF9JTlZJVEFUSU9OX1JFU1BPTkQiLCJURU5BTlRfTkVHT1RJQVRJT05fQVBQUk9WQUxfQlVZRVIiLCJURU5BTlRfSU5WSVRBVElPTl9SRVRSSUVWRSIsIlRFTkFOVF9PUkdBTklaQVRJT05fQ1JFQVRFIiwiVEVOQU5UX0NSRUFURV9URU5BTlQiLCJURU5BTlRfU1VCX0FMTElBTkNFX1JFVFJJRVZFIiwiVEVOQU5UX1BMQVRGT1JNX0NSRUFURSIsIkhPTEFDUkFDWV9VU0VSIiwiVEVOQU5UX1JBVEVDQVJEX0NSRUFURSIsIlRFTkFOVF9QTEFURk9STV9SRVRSSUVWRSIsIlRFTkFOVF9SRVRSSUVWRV9CWV9CVVlFUl9QTEFURk9STSIsIlRFTkFOVF9TVUJfQUxMSUFOQ0VfUkVUUklFVkVfQUxMIiwiVEVOQU5UX1BST0RVQ1RfUkVUUklFVkUiLCJURU5BTlRfQUNDT1VOVF9ERUxFVEUiLCJURU5BTlRfQUxMSUFOQ0VfUkVUUklFVkUiLCJURU5BTlRfUExBVEZPUk1fVVBEQVRFIiwiVEVOQU5UX0lOVklUQVRJT05fQ1JFQVRFIiwiVEVOQU5UX1JBVEVDQVJEX1JFVFJJRVZFIiwiVEVOQU5UX09SR0FOSVpBVElPTl9VUERBVEUiLCJURU5BTlRfUkFURUNBUkRfVVBEQVRFIiwiVEVOQU5UX09SR0FOSVpBVElPTl9ERUxFVEUiLCJURU5BTlRfUExBVEZPUk1fREVMRVRFIiwiVEVOQU5UX1BST0RVQ1RfQ1JFQVRFIiwiVEVOQU5UX1NVQl9BTExJQU5DRV9DUkVBVEUiLCJURU5BTlRfUkFURUNBUkRfREVMRVRFIiwiVEVOQU5UX0FDQ09VTlRfQ1JFQVRFIiwiVEVOQU5UX0lOVklUQVRJT05fVVBEQVRFIiwiVEVOQU5UX1JFVFJJRVZFX1RFTkFOVCIsIlRFTkFOVF9JTlZJVEFUSU9OX0RFTEVURSIsIlRFTkFOVF9ORUdPVElBVElPTl9BUFBST1ZBTF9TVVBFUl9BRE1JTiIsIlRFTkFOVF9ORUdPVElBVElPTl9SRVRSSUVWRV9BTExfQkVUV0VFTl9CVVlFUl9TRUxMRVIiLCJURU5BTlRfUkVUUklFVkVfVEVOQU5UX0FMTCIsIlRFTkFOVF9ORUdPVElBVElPTl9DUkVBVEUiLCJURU5BTlRfVVBEQVRFX1RFTkFOVCIsIlRFTkFOVF9PUkdBTklaQVRJT05fUkVUUklFVkUiLCJURU5BTlRfQUNDT1VOVF9VUERBVEUiLCJURU5BTlRfUFJPRFVDVF9ERUxFVEUiLCJURU5BTlRfU1VCX0FMTElBTkNFX0RFTEVURSIsIlRFTkFOVF9ORUdPVElBVElPTl9BUFBST1ZBTF9TRUxMRVIiLCJURU5BTlRfU1VCX0FMTElBTkNFX1VQREFURSIsIlRFTkFOVF9QUk9EVUNUX1VQREFURSIsIlRFTkFOVF9BQ0NPVU5UX1JFVFJJRVZFIiwiVEVOQU5UX05FR09USUFUSU9OX1JFVFJJRVZFIiwiVEVOQU5UX0RFTEVURV9URU5BTlQiXX0sIlBBU0NBTF9JTlRFTExJR0VOQ0VfbW9iaXVzIjp7InJvbGVzIjpbIlRFTkFOVF9DT05URVhUX0RFTEVURSIsIlRFTkFOVF9DT05URVhUX1VQREFURSIsIlRFTkFOVF9CSUdRVUVSWV9SRVRSSUVWRSIsIlRFTkFOVF9CSUdRVUVSWV9VUERBVEUiLCJURU5BTlRfVU5JVkVSU0VfQ1JFQVRFIiwiVEVOQU5UX0NPSE9SVFNfUkVUUklFVkUiLCJURU5BTlRfQklHUVVFUllfQ1JFQVRFIiwiVEVOQU5UX0JJR1FVRVJZX0VWQUxVQVRFIiwiVEVOQU5UX0NPSE9SVFNfVVBEQVRFIiwiVEVOQU5UX0NPTlRFWFRfUkVUUklFVkUiLCJURU5BTlRfVU5JVkVSU0VfUkVUUklFVkUiLCJURU5BTlRfQ09IT1JUU19FVkFMVUFURSIsIlRFTkFOVF9CSUdRVUVSWV9ERUxFVEUiLCJURU5BTlRfU0NIRU1BX0NSRUFURSIsIlBBU0NBTF9JTlRFTExJR0VOQ0VfVVNFUiIsIlRFTkFOVF9DT0hPUlRTX0NSRUFURSIsIlRFTkFOVF9TQ0hFTUFfVVBEQVRFIiwiVEVOQU5UX0NPTlRFWFRfQVBQUk9WRSIsIlRFTkFOVF9VTklWRVJTRV9VUERBVEUiLCJURU5BTlRfQklHUVVFUllfQVBQUk9WRSIsIlRFTkFOVF9TQ0hFTUFfUkVUUklFVkUiLCJURU5BTlRfU0NIRU1BX0FQUFJPVkUiLCJURU5BTlRfQ09OVEVYVF9FVkFMVUFURSIsIlRFTkFOVF9TQ0hFTUFfREVMRVRFIiwiVEVOQU5UX0NPTlRFWFRfQ1JFQVRFIiwiVEVOQU5UX1NDSEVNQV9EQVRBX1JFVFJJRVZFIiwiVEVOQU5UX1NDSEVNQV9EQVRBX0RFTEVURSIsIlRFTkFOVF9TQ0hFTUFfREFUQV9VUERBVEUiLCJURU5BTlRfQ09IT1JUU19ERUxFVEUiLCJURU5BTlRfVU5JVkVSU0VfREVMRVRFIiwiVEVOQU5UX1NDSEVNQV9EQVRBX0lOR0VTVElPTiIsIlRFTkFOVF9DT0hPUlRTX0FQUFJPVkUiXX0sIk1PTkVUX21vYml1cyI6eyJyb2xlcyI6WyJURU5BTlRfQVBQTEVUU19SRVRSSUVWRV9BTExfUFVCTElTSEVEIiwiVEVOQU5UX1dJREdFVFNfUkVUUklFVkVfRFJBRlQiLCJURU5BTlRfV0lER0VUU19VUERBVEUiLCJURU5BTlRfQVBQTEVUU19ERUxFVEUiLCJURU5BTlRfV0lER0VUU19ERUxFVEUiLCJURU5BTlRfUExVR0lOX0NBVEVHT1JZX1JFVFJJRVZFX0FMTCIsIlRFTkFOVF9BUFBMRVRTX1VQREFURV9ISVNUT1JZIiwiVEVOQU5UX0VYUEVSSUVOQ0VTX0NSRUFURSIsIlRFTkFOVF9XSURHRVRTX1JFVFJJRVZFX1BVQkxJU0giLCJURU5BTlRfUExVR0lOX0NBVEVHT1JZX0NSRUFURSIsIlRFTkFOVF9ERVBFTkRFTkNZX1JFVFJJRVZFX0FMTCIsIlRFTkFOVF9XSURHRVRTX1BVQkxJU0giLCJURU5BTlRfUkVUUklFVkVfRklFTERTX09GX1BVQkxJU0hFRCIsIlRFTkFOVF9FWFBFUklFTkNFU19VUERBVEUiLCJURU5BTlRfQVBQTEVUU19DUkVBVEUiLCJURU5BTlRfUExVR0lOU19ERUxFVEUiLCJURU5BTlRfQVBQTEVUU19SRVRSSUVWRV9BTExfRFJBRlQiLCJURU5BTlRfUExVR0lOU19VUERBVEUiLCJURU5BTlRfQVBQTEVUU19SRVRSSUVWRV9GUk9NX0hJU1RPUlkiLCJURU5BTlRfUkVUUklFVkVfRklFTERTX09GX0RSQUZUIiwiVEVOQU5UX0FQUExFVFNfUkVUUklFVkVfUFVCTElTSEVEIiwiVEVOQU5UX0FQUExFVFNfUFVCTElTSEVEIiwiVEVOQU5UX1dJREdFVFNfUkVUUklFVkUiLCJURU5BTlRfUExVR0lOX0NBVEVHT1JZX0RFTEVURSIsIlRFTkFOVF9QTFVHSU5fQ0FURUdPUllfUFVCTElTSCIsIlRFTkFOVF9QTFVHSU5fQ0FURUdPUllfREVMRVRFX0NPTVBfRlJPTSIsIlRFTkFOVF9SRVRSSUVWRV9QVUJMSVNIRUQiLCJURU5BTlRfUExVR0lOU19SRVRSSUVWRSIsIlRFTkFOVF9QTFVHSU5TX0NSRUFURSIsIlRFTkFOVF9XSURHRVRTX0NSRUFURSIsIlRFTkFOVF9BUFBMRVRTX1JFVFJJRVZFX0FMTF9QVUJMSVNIRURfVEhVTUJOQUlMUyIsIk1PTkVUX1VTRVIiLCJURU5BTlRfRVhQRVJJRU5DRVNfREVMRVRFIiwiVEVOQU5UX0VYUEVSSUVOQ0VTX1BVQkxJU0giLCJURU5BTlRfUkVUUklFVkVfRlJPTV9ISVNUT1JZIiwiVEVOQU5UX1BMVUdJTl9DQVRFR09SWV9VUERBVEUiXX0sIlZJTkNJX21vYml1cyI6eyJyb2xlcyI6WyJWSU5DSV9VU0VSIl19LCJhY2NvdW50Ijp7InJvbGVzIjpbIm1hbmFnZS1hY2NvdW50IiwibWFuYWdlLWFjY291bnQtbGlua3MiLCJ2aWV3LXByb2ZpbGUiXX19LCJzY29wZSI6InByb2ZpbGUgZW1haWwiLCJyZXF1ZXN0ZXJUeXBlIjoiVEVOQU5UIiwiZW1haWxfdmVyaWZpZWQiOnRydWUsIm5hbWUiOiJBaWR0YWFzIEFpZHRhYXMiLCJ0ZW5hbnRJZCI6IjJjZjc2ZTVmLTI2YWQtNGYyYy1iY2NjLWY0YmMxZTdiZmI2NCIsInByZWZlcnJlZF91c2VybmFtZSI6InBhc3N3b3JkX3RlbmFudF9haWR0YWFzQGdhaWFuc29sdXRpb25zLmNvbSIsImdpdmVuX25hbWUiOiJBaWR0YWFzIiwiZmFtaWx5X25hbWUiOiJBaWR0YWFzIiwiZW1haWwiOiJwYXNzd29yZF90ZW5hbnRfYWlkdGFhc0BnYWlhbnNvbHV0aW9ucy5jb20ifQ.G22UWdZfpDy2T8neTapxgOEwLcTJnbjop5nrm13HlhaUON7HfGI1b-n7D7FRAcRr2u7xBEE7MwJ3OSJyfjIQamrmV1U0PYtVogiw3EQcp41YWWAnpuaG41KiZvYuxGdFO1uADRRSrbnzDP44nnh75gQxL-s_blP160DEyu4gIfJ3f3Vz_wI_6yZ1aqpsz-8r8YpbeQbgrcV577yF2lTbmavmNDA6R_FW2rF8Y-mLfFbhAkQqmpuYDWdXv7_cyOmECs53ROlGzPd-DIUi1mw9_Af0tIC6DKh1nbbp16VPKqzmCPVfI1VGNZSCzVYOAr-XApRi0JZ39ub0aO1FsZzCjA
Cookies:		&lt;none&gt;
Multiparts:		&lt;none&gt;
Body:			&lt;none&gt;

HTTP/1.1 401 Unauthorized
www-authenticate: Bearer realm=&quot;https://ig.aidtaas.com/mobius-payment-service/v1.0/gateway-details?pageable=%7B%22size%22%3A117%7D&quot;, error=&quot;invalid_token&quot;
content-length: 14
content-type: text/plain
date: Fri, 21 Feb 2025 06:21:49 GMT
server: istio-envoy
x-envoy-upstream-service-time: 4

Jwt is expired
</system-out>
  </testcase>
  <testcase classname="unit4cases.EvoMaster_others_Test" name="test_48" time="0.08">
    <failure message="1 expectation failed.
Expected content-type &quot;application/json&quot; doesn&apos;t match actual content-type &quot;text/plain&quot;.
" type="java.lang.AssertionError">java.lang.AssertionError: 1 expectation failed.
Expected content-type &quot;application/json&quot; doesn&apos;t match actual content-type &quot;text/plain&quot;.

	at java.base/jdk.internal.reflect.DirectConstructorHandleAccessor.newInstance(DirectConstructorHandleAccessor.java:62)
	at java.base/java.lang.reflect.Constructor.newInstanceWithCaller(Constructor.java:502)
	at java.base/java.lang.reflect.Constructor.newInstance(Constructor.java:486)
	at org.codehaus.groovy.reflection.CachedConstructor.invoke(CachedConstructor.java:73)
	at org.codehaus.groovy.runtime.callsite.ConstructorSite$ConstructorSiteNoUnwrapNoCoerce.callConstructor(ConstructorSite.java:108)
	at org.codehaus.groovy.runtime.callsite.AbstractCallSite.callConstructor(AbstractCallSite.java:277)
	at io.restassured.internal.ResponseSpecificationImpl$HamcrestAssertionClosure.validate(ResponseSpecificationImpl.groovy:512)
	at io.restassured.internal.ResponseSpecificationImpl$HamcrestAssertionClosure$validate$1.call(Unknown Source)
	at io.restassured.internal.ResponseSpecificationImpl.validateResponseIfRequired(ResponseSpecificationImpl.groovy:696)
	at io.restassured.internal.ResponseSpecificationImpl.this$2$validateResponseIfRequired(ResponseSpecificationImpl.groovy)
	at java.base/jdk.internal.reflect.DirectMethodHandleAccessor.invoke(DirectMethodHandleAccessor.java:103)
	at java.base/java.lang.reflect.Method.invoke(Method.java:580)
	at org.codehaus.groovy.runtime.callsite.PlainObjectMetaMethodSite.doInvoke(PlainObjectMetaMethodSite.java:43)
	at org.codehaus.groovy.runtime.callsite.PogoMetaMethodSite$PogoCachedMethodSiteNoUnwrapNoCoerce.invoke(PogoMetaMethodSite.java:198)
	at org.codehaus.groovy.runtime.callsite.PogoMetaMethodSite.callCurrent(PogoMetaMethodSite.java:62)
	at org.codehaus.groovy.runtime.callsite.AbstractCallSite.callCurrent(AbstractCallSite.java:185)
	at io.restassured.internal.ResponseSpecificationImpl.contentType(ResponseSpecificationImpl.groovy:443)
	at io.restassured.internal.ValidatableResponseOptionsImpl.contentType(ValidatableResponseOptionsImpl.java:226)
	at unit4cases.EvoMaster_others_Test.test_48(EvoMaster_others_Test.java:1579)
	at java.base/jdk.internal.reflect.DirectMethodHandleAccessor.invoke(DirectMethodHandleAccessor.java:103)
	at java.base/java.lang.reflect.Method.invoke(Method.java:580)
	at org.junit.runners.model.FrameworkMethod$1.runReflectiveCall(FrameworkMethod.java:59)
	at org.junit.internal.runners.model.ReflectiveCallable.run(ReflectiveCallable.java:12)
	at org.junit.runners.model.FrameworkMethod.invokeExplosively(FrameworkMethod.java:56)
	at org.junit.internal.runners.statements.InvokeMethod.evaluate(InvokeMethod.java:17)
	at org.junit.internal.runners.statements.FailOnTimeout$CallableStatement.call(FailOnTimeout.java:299)
	at org.junit.internal.runners.statements.FailOnTimeout$CallableStatement.call(FailOnTimeout.java:293)
	at java.base/java.util.concurrent.FutureTask.run(FutureTask.java:317)
	at java.base/java.lang.Thread.run(Thread.java:1583)
</failure>
    <system-out>Request method:	POST
Request URI:	https://ig.aidtaas.com/mobius-payment-service/v1.0/walletToWallet?transactionId=nXX5g3k
Proxy:			&lt;none&gt;
Request params:	&lt;none&gt;
Query params:	&lt;none&gt;
Form params:	&lt;none&gt;
Path params:	&lt;none&gt;
Headers:		Authorization=Bearer  eyJhbGciOiJSUzI1NiIsInR5cCIgOiAiSldUIiwia2lkIiA6ICI3Ny1NUVdFRTNHZE5adGlsWU5IYmpsa2dVSkpaWUJWVmN1UmFZdHl5ejFjIn0.eyJleHAiOjE3NDAwODgxMjAsImlhdCI6MTc0MDA1MjEyMCwianRpIjoiYjc4MDZhYTYtZWE3MS00NWJkLWI5ODMtOWU3MDE4OTc4NTYzIiwiaXNzIjoiaHR0cDovL2tleWNsb2FrLXNlcnZpY2Uua2V5Y2xvYWsuc3ZjLmNsdXN0ZXIubG9jYWw6ODA4MC9yZWFsbXMvbWFzdGVyIiwiYXVkIjpbIkJPTFRaTUFOTl9CT1RfbW9iaXVzIiwiUEFTQ0FMX0lOVEVMTElHRU5DRV9tb2JpdXMiLCJNT05FVF9tb2JpdXMiLCJWSU5DSV9tb2JpdXMiLCJhY2NvdW50Il0sInN1YiI6IjJjZjc2ZTVmLTI2YWQtNGYyYy1iY2NjLWY0YmMxZTdiZmI2NCIsInR5cCI6IkJlYXJlciIsImF6cCI6IkhPTEFDUkFDWV9tb2JpdXMiLCJzaWQiOiJmNjcwYzZjMi03OWYzLTQ2YzctOTE5Yy1hNTNhYmRiNTgwNDMiLCJhY3IiOiIxIiwiYWxsb3dlZC1vcmlnaW5zIjpbIi8qIl0sInJlYWxtX2FjY2VzcyI6eyJyb2xlcyI6WyJkZWZhdWx0LXJvbGVzLW1hc3RlciIsIkhDWV9URU5BTlRfQ1VTVE9NIiwib2ZmbGluZV9hY2Nlc3MiLCJCT0JfVEVOQU5UX0NVU1RPTSIsInVtYV9hdXRob3JpemF0aW9uIiwiUElfVEVOQU5UX0NVU1RPTSIsIk1PTkVUX1RFTkFOVF9DVVNUT00iXX0sInJlc291cmNlX2FjY2VzcyI6eyJCT0xUWk1BTk5fQk9UX21vYml1cyI6eyJyb2xlcyI6WyJURU5BTlRfV09SS0ZMT1dfU1VTUEVORF9QUk9DRVNTX0RFRklOSVRJT04iLCJURU5BTlRfV09SS0ZMT1dfU1VTUEVORF9JTlNUQU5DRSIsIlRFTkFOVF9XT1JLRkxPV19SRVRSSUVWRV9BTEwiLCJURU5BTlRfV09SS0ZMT1dfQUNUSVZBVEVfSU5TVEFOQ0UiLCJURU5BTlRfV09SS0ZMT1dfRVhFQ1VURSIsIlRFTkFOVF9XT1JLRkxPV19SRVRSSUVWRV9IT01FIiwiVEVOQU5UX1dPUktGTE9XX1JFVFJJRVZFX1NVU1BFTkRFRF9QUk9DRVNTX0RFRlMiLCJURU5BTlRfV09SS0ZMT1dfQUNUSVZBVEVfUlVOX0pPQiIsIlRFTkFOVF9XT1JLRkxPV19TVEFUVVMiLCJURU5BTlRfV09SS0ZMT1dfQ1JFQVRFIiwiVEVOQU5UX1dPUktGTE9XX0FDVElWSVRZX0RBVEFfQ09VTlQiLCJCT0xUWk1BTk5fQk9UX1VTRVIiLCJURU5BTlRfV09SS0ZMT1dfREVQTE9ZX1ZFUlNJT04iLCJURU5BTlRfV09SS0ZMT1dfSU1QT1JUIiwiVEVOQU5UX1dPUktGTE9XX1VQREFURSIsIlRFTkFOVF9XT1JLRkxPV19ERVBMT1kiLCJURU5BTlRfV09SS0ZMT1dfU1VTUEVORF9SVU5fSk9CIiwiVEVOQU5UX1dPUktGTE9XX1JFVFJJRVZFIiwiVEVOQU5UX1dPUktGTE9XX0RFTEVURSIsIlRFTkFOVF9XT1JLRkxPV19UUklHR0VSX01FU1NBR0VfTElTVEVORVIiXX0sIkhPTEFDUkFDWV9tb2JpdXMiOnsicm9sZXMiOlsiVEVOQU5UX1BST0RVQ1RfUkVUUklFVkVfTUFTVEVSX0NPTkZJRyIsIlRFTkFOVF9JTlZJVEFUSU9OX1JFU1BPTkQiLCJURU5BTlRfTkVHT1RJQVRJT05fQVBQUk9WQUxfQlVZRVIiLCJURU5BTlRfSU5WSVRBVElPTl9SRVRSSUVWRSIsIlRFTkFOVF9PUkdBTklaQVRJT05fQ1JFQVRFIiwiVEVOQU5UX0NSRUFURV9URU5BTlQiLCJURU5BTlRfU1VCX0FMTElBTkNFX1JFVFJJRVZFIiwiVEVOQU5UX1BMQVRGT1JNX0NSRUFURSIsIkhPTEFDUkFDWV9VU0VSIiwiVEVOQU5UX1JBVEVDQVJEX0NSRUFURSIsIlRFTkFOVF9QTEFURk9STV9SRVRSSUVWRSIsIlRFTkFOVF9SRVRSSUVWRV9CWV9CVVlFUl9QTEFURk9STSIsIlRFTkFOVF9TVUJfQUxMSUFOQ0VfUkVUUklFVkVfQUxMIiwiVEVOQU5UX1BST0RVQ1RfUkVUUklFVkUiLCJURU5BTlRfQUNDT1VOVF9ERUxFVEUiLCJURU5BTlRfQUxMSUFOQ0VfUkVUUklFVkUiLCJURU5BTlRfUExBVEZPUk1fVVBEQVRFIiwiVEVOQU5UX0lOVklUQVRJT05fQ1JFQVRFIiwiVEVOQU5UX1JBVEVDQVJEX1JFVFJJRVZFIiwiVEVOQU5UX09SR0FOSVpBVElPTl9VUERBVEUiLCJURU5BTlRfUkFURUNBUkRfVVBEQVRFIiwiVEVOQU5UX09SR0FOSVpBVElPTl9ERUxFVEUiLCJURU5BTlRfUExBVEZPUk1fREVMRVRFIiwiVEVOQU5UX1BST0RVQ1RfQ1JFQVRFIiwiVEVOQU5UX1NVQl9BTExJQU5DRV9DUkVBVEUiLCJURU5BTlRfUkFURUNBUkRfREVMRVRFIiwiVEVOQU5UX0FDQ09VTlRfQ1JFQVRFIiwiVEVOQU5UX0lOVklUQVRJT05fVVBEQVRFIiwiVEVOQU5UX1JFVFJJRVZFX1RFTkFOVCIsIlRFTkFOVF9JTlZJVEFUSU9OX0RFTEVURSIsIlRFTkFOVF9ORUdPVElBVElPTl9BUFBST1ZBTF9TVVBFUl9BRE1JTiIsIlRFTkFOVF9ORUdPVElBVElPTl9SRVRSSUVWRV9BTExfQkVUV0VFTl9CVVlFUl9TRUxMRVIiLCJURU5BTlRfUkVUUklFVkVfVEVOQU5UX0FMTCIsIlRFTkFOVF9ORUdPVElBVElPTl9DUkVBVEUiLCJURU5BTlRfVVBEQVRFX1RFTkFOVCIsIlRFTkFOVF9PUkdBTklaQVRJT05fUkVUUklFVkUiLCJURU5BTlRfQUNDT1VOVF9VUERBVEUiLCJURU5BTlRfUFJPRFVDVF9ERUxFVEUiLCJURU5BTlRfU1VCX0FMTElBTkNFX0RFTEVURSIsIlRFTkFOVF9ORUdPVElBVElPTl9BUFBST1ZBTF9TRUxMRVIiLCJURU5BTlRfU1VCX0FMTElBTkNFX1VQREFURSIsIlRFTkFOVF9QUk9EVUNUX1VQREFURSIsIlRFTkFOVF9BQ0NPVU5UX1JFVFJJRVZFIiwiVEVOQU5UX05FR09USUFUSU9OX1JFVFJJRVZFIiwiVEVOQU5UX0RFTEVURV9URU5BTlQiXX0sIlBBU0NBTF9JTlRFTExJR0VOQ0VfbW9iaXVzIjp7InJvbGVzIjpbIlRFTkFOVF9DT05URVhUX0RFTEVURSIsIlRFTkFOVF9DT05URVhUX1VQREFURSIsIlRFTkFOVF9CSUdRVUVSWV9SRVRSSUVWRSIsIlRFTkFOVF9CSUdRVUVSWV9VUERBVEUiLCJURU5BTlRfVU5JVkVSU0VfQ1JFQVRFIiwiVEVOQU5UX0NPSE9SVFNfUkVUUklFVkUiLCJURU5BTlRfQklHUVVFUllfQ1JFQVRFIiwiVEVOQU5UX0JJR1FVRVJZX0VWQUxVQVRFIiwiVEVOQU5UX0NPSE9SVFNfVVBEQVRFIiwiVEVOQU5UX0NPTlRFWFRfUkVUUklFVkUiLCJURU5BTlRfVU5JVkVSU0VfUkVUUklFVkUiLCJURU5BTlRfQ09IT1JUU19FVkFMVUFURSIsIlRFTkFOVF9CSUdRVUVSWV9ERUxFVEUiLCJURU5BTlRfU0NIRU1BX0NSRUFURSIsIlBBU0NBTF9JTlRFTExJR0VOQ0VfVVNFUiIsIlRFTkFOVF9DT0hPUlRTX0NSRUFURSIsIlRFTkFOVF9TQ0hFTUFfVVBEQVRFIiwiVEVOQU5UX0NPTlRFWFRfQVBQUk9WRSIsIlRFTkFOVF9VTklWRVJTRV9VUERBVEUiLCJURU5BTlRfQklHUVVFUllfQVBQUk9WRSIsIlRFTkFOVF9TQ0hFTUFfUkVUUklFVkUiLCJURU5BTlRfU0NIRU1BX0FQUFJPVkUiLCJURU5BTlRfQ09OVEVYVF9FVkFMVUFURSIsIlRFTkFOVF9TQ0hFTUFfREVMRVRFIiwiVEVOQU5UX0NPTlRFWFRfQ1JFQVRFIiwiVEVOQU5UX1NDSEVNQV9EQVRBX1JFVFJJRVZFIiwiVEVOQU5UX1NDSEVNQV9EQVRBX0RFTEVURSIsIlRFTkFOVF9TQ0hFTUFfREFUQV9VUERBVEUiLCJURU5BTlRfQ09IT1JUU19ERUxFVEUiLCJURU5BTlRfVU5JVkVSU0VfREVMRVRFIiwiVEVOQU5UX1NDSEVNQV9EQVRBX0lOR0VTVElPTiIsIlRFTkFOVF9DT0hPUlRTX0FQUFJPVkUiXX0sIk1PTkVUX21vYml1cyI6eyJyb2xlcyI6WyJURU5BTlRfQVBQTEVUU19SRVRSSUVWRV9BTExfUFVCTElTSEVEIiwiVEVOQU5UX1dJREdFVFNfUkVUUklFVkVfRFJBRlQiLCJURU5BTlRfV0lER0VUU19VUERBVEUiLCJURU5BTlRfQVBQTEVUU19ERUxFVEUiLCJURU5BTlRfV0lER0VUU19ERUxFVEUiLCJURU5BTlRfUExVR0lOX0NBVEVHT1JZX1JFVFJJRVZFX0FMTCIsIlRFTkFOVF9BUFBMRVRTX1VQREFURV9ISVNUT1JZIiwiVEVOQU5UX0VYUEVSSUVOQ0VTX0NSRUFURSIsIlRFTkFOVF9XSURHRVRTX1JFVFJJRVZFX1BVQkxJU0giLCJURU5BTlRfUExVR0lOX0NBVEVHT1JZX0NSRUFURSIsIlRFTkFOVF9ERVBFTkRFTkNZX1JFVFJJRVZFX0FMTCIsIlRFTkFOVF9XSURHRVRTX1BVQkxJU0giLCJURU5BTlRfUkVUUklFVkVfRklFTERTX09GX1BVQkxJU0hFRCIsIlRFTkFOVF9FWFBFUklFTkNFU19VUERBVEUiLCJURU5BTlRfQVBQTEVUU19DUkVBVEUiLCJURU5BTlRfUExVR0lOU19ERUxFVEUiLCJURU5BTlRfQVBQTEVUU19SRVRSSUVWRV9BTExfRFJBRlQiLCJURU5BTlRfUExVR0lOU19VUERBVEUiLCJURU5BTlRfQVBQTEVUU19SRVRSSUVWRV9GUk9NX0hJU1RPUlkiLCJURU5BTlRfUkVUUklFVkVfRklFTERTX09GX0RSQUZUIiwiVEVOQU5UX0FQUExFVFNfUkVUUklFVkVfUFVCTElTSEVEIiwiVEVOQU5UX0FQUExFVFNfUFVCTElTSEVEIiwiVEVOQU5UX1dJREdFVFNfUkVUUklFVkUiLCJURU5BTlRfUExVR0lOX0NBVEVHT1JZX0RFTEVURSIsIlRFTkFOVF9QTFVHSU5fQ0FURUdPUllfUFVCTElTSCIsIlRFTkFOVF9QTFVHSU5fQ0FURUdPUllfREVMRVRFX0NPTVBfRlJPTSIsIlRFTkFOVF9SRVRSSUVWRV9QVUJMSVNIRUQiLCJURU5BTlRfUExVR0lOU19SRVRSSUVWRSIsIlRFTkFOVF9QTFVHSU5TX0NSRUFURSIsIlRFTkFOVF9XSURHRVRTX0NSRUFURSIsIlRFTkFOVF9BUFBMRVRTX1JFVFJJRVZFX0FMTF9QVUJMSVNIRURfVEhVTUJOQUlMUyIsIk1PTkVUX1VTRVIiLCJURU5BTlRfRVhQRVJJRU5DRVNfREVMRVRFIiwiVEVOQU5UX0VYUEVSSUVOQ0VTX1BVQkxJU0giLCJURU5BTlRfUkVUUklFVkVfRlJPTV9ISVNUT1JZIiwiVEVOQU5UX1BMVUdJTl9DQVRFR09SWV9VUERBVEUiXX0sIlZJTkNJX21vYml1cyI6eyJyb2xlcyI6WyJWSU5DSV9VU0VSIl19LCJhY2NvdW50Ijp7InJvbGVzIjpbIm1hbmFnZS1hY2NvdW50IiwibWFuYWdlLWFjY291bnQtbGlua3MiLCJ2aWV3LXByb2ZpbGUiXX19LCJzY29wZSI6InByb2ZpbGUgZW1haWwiLCJyZXF1ZXN0ZXJUeXBlIjoiVEVOQU5UIiwiZW1haWxfdmVyaWZpZWQiOnRydWUsIm5hbWUiOiJBaWR0YWFzIEFpZHRhYXMiLCJ0ZW5hbnRJZCI6IjJjZjc2ZTVmLTI2YWQtNGYyYy1iY2NjLWY0YmMxZTdiZmI2NCIsInByZWZlcnJlZF91c2VybmFtZSI6InBhc3N3b3JkX3RlbmFudF9haWR0YWFzQGdhaWFuc29sdXRpb25zLmNvbSIsImdpdmVuX25hbWUiOiJBaWR0YWFzIiwiZmFtaWx5X25hbWUiOiJBaWR0YWFzIiwiZW1haWwiOiJwYXNzd29yZF90ZW5hbnRfYWlkdGFhc0BnYWlhbnNvbHV0aW9ucy5jb20ifQ.G22UWdZfpDy2T8neTapxgOEwLcTJnbjop5nrm13HlhaUON7HfGI1b-n7D7FRAcRr2u7xBEE7MwJ3OSJyfjIQamrmV1U0PYtVogiw3EQcp41YWWAnpuaG41KiZvYuxGdFO1uADRRSrbnzDP44nnh75gQxL-s_blP160DEyu4gIfJ3f3Vz_wI_6yZ1aqpsz-8r8YpbeQbgrcV577yF2lTbmavmNDA6R_FW2rF8Y-mLfFbhAkQqmpuYDWdXv7_cyOmECs53ROlGzPd-DIUi1mw9_Af0tIC6DKh1nbbp16VPKqzmCPVfI1VGNZSCzVYOAr-XApRi0JZ39ub0aO1FsZzCjA
				Accept=N
				Content-Type=application/json
Cookies:		&lt;none&gt;
Multiparts:		&lt;none&gt;
Body:
{
    &quot;amount&quot;: 0.27215549817975515,
    &quot;creditEmaiId&quot;: &quot;PHrbmpXTiYCxvqQ_&quot;,
    &quot;debitEmailId&quot;: &quot;NeL&quot;,
    &quot;jobId&quot;: &quot;YItEloPhe_Fo9G&quot;,
    &quot;appId&quot;: &quot;D7fVt4atazDZqc&quot;,
    &quot;tenantId&quot;: &quot;LmiMFSbWf0C7&quot;,
    &quot;buyerType&quot;: &quot;s2ixb&quot;,
    &quot;allianceId&quot;: &quot;mlzF&quot;
}

HTTP/1.1 401 Unauthorized
www-authenticate: Bearer realm=&quot;https://ig.aidtaas.com/mobius-payment-service/v1.0/walletToWallet?transactionId=nXX5g3k&quot;, error=&quot;invalid_token&quot;
content-length: 14
content-type: text/plain
date: Fri, 21 Feb 2025 06:21:49 GMT
server: istio-envoy
x-envoy-upstream-service-time: 2

Jwt is expired
</system-out>
  </testcase>
  <testcase classname="unit4cases.EvoMaster_others_Test" name="test_49" time="0.114">
    <failure message="1 expectation failed.
Expected content-type &quot;application/json&quot; doesn&apos;t match actual content-type &quot;text/plain&quot;.
" type="java.lang.AssertionError">java.lang.AssertionError: 1 expectation failed.
Expected content-type &quot;application/json&quot; doesn&apos;t match actual content-type &quot;text/plain&quot;.

	at java.base/jdk.internal.reflect.DirectConstructorHandleAccessor.newInstance(DirectConstructorHandleAccessor.java:62)
	at java.base/java.lang.reflect.Constructor.newInstanceWithCaller(Constructor.java:502)
	at java.base/java.lang.reflect.Constructor.newInstance(Constructor.java:486)
	at org.codehaus.groovy.reflection.CachedConstructor.invoke(CachedConstructor.java:73)
	at org.codehaus.groovy.runtime.callsite.ConstructorSite$ConstructorSiteNoUnwrapNoCoerce.callConstructor(ConstructorSite.java:108)
	at org.codehaus.groovy.runtime.callsite.AbstractCallSite.callConstructor(AbstractCallSite.java:277)
	at io.restassured.internal.ResponseSpecificationImpl$HamcrestAssertionClosure.validate(ResponseSpecificationImpl.groovy:512)
	at io.restassured.internal.ResponseSpecificationImpl$HamcrestAssertionClosure$validate$1.call(Unknown Source)
	at io.restassured.internal.ResponseSpecificationImpl.validateResponseIfRequired(ResponseSpecificationImpl.groovy:696)
	at io.restassured.internal.ResponseSpecificationImpl.this$2$validateResponseIfRequired(ResponseSpecificationImpl.groovy)
	at java.base/jdk.internal.reflect.DirectMethodHandleAccessor.invoke(DirectMethodHandleAccessor.java:103)
	at java.base/java.lang.reflect.Method.invoke(Method.java:580)
	at org.codehaus.groovy.runtime.callsite.PlainObjectMetaMethodSite.doInvoke(PlainObjectMetaMethodSite.java:43)
	at org.codehaus.groovy.runtime.callsite.PogoMetaMethodSite$PogoCachedMethodSiteNoUnwrapNoCoerce.invoke(PogoMetaMethodSite.java:198)
	at org.codehaus.groovy.runtime.callsite.PogoMetaMethodSite.callCurrent(PogoMetaMethodSite.java:62)
	at org.codehaus.groovy.runtime.callsite.AbstractCallSite.callCurrent(AbstractCallSite.java:185)
	at io.restassured.internal.ResponseSpecificationImpl.contentType(ResponseSpecificationImpl.groovy:443)
	at io.restassured.internal.ValidatableResponseOptionsImpl.contentType(ValidatableResponseOptionsImpl.java:226)
	at unit4cases.EvoMaster_others_Test.test_49(EvoMaster_others_Test.java:1606)
	at java.base/jdk.internal.reflect.DirectMethodHandleAccessor.invoke(DirectMethodHandleAccessor.java:103)
	at java.base/java.lang.reflect.Method.invoke(Method.java:580)
	at org.junit.runners.model.FrameworkMethod$1.runReflectiveCall(FrameworkMethod.java:59)
	at org.junit.internal.runners.model.ReflectiveCallable.run(ReflectiveCallable.java:12)
	at org.junit.runners.model.FrameworkMethod.invokeExplosively(FrameworkMethod.java:56)
	at org.junit.internal.runners.statements.InvokeMethod.evaluate(InvokeMethod.java:17)
	at org.junit.internal.runners.statements.FailOnTimeout$CallableStatement.call(FailOnTimeout.java:299)
	at org.junit.internal.runners.statements.FailOnTimeout$CallableStatement.call(FailOnTimeout.java:293)
	at java.base/java.util.concurrent.FutureTask.run(FutureTask.java:317)
	at java.base/java.lang.Thread.run(Thread.java:1583)
</failure>
    <system-out>Request method:	GET
Request URI:	https://ig.aidtaas.com/mobius-payment-service/v1.0/banking-transaction?emailId=NAgfOzy0neNM
Proxy:			&lt;none&gt;
Request params:	&lt;none&gt;
Query params:	&lt;none&gt;
Form params:	&lt;none&gt;
Path params:	&lt;none&gt;
Headers:		Authorization=Bearer  eyJhbGciOiJSUzI1NiIsInR5cCIgOiAiSldUIiwia2lkIiA6ICI3Ny1NUVdFRTNHZE5adGlsWU5IYmpsa2dVSkpaWUJWVmN1UmFZdHl5ejFjIn0.eyJleHAiOjE3NDAwODgxMjAsImlhdCI6MTc0MDA1MjEyMCwianRpIjoiYjc4MDZhYTYtZWE3MS00NWJkLWI5ODMtOWU3MDE4OTc4NTYzIiwiaXNzIjoiaHR0cDovL2tleWNsb2FrLXNlcnZpY2Uua2V5Y2xvYWsuc3ZjLmNsdXN0ZXIubG9jYWw6ODA4MC9yZWFsbXMvbWFzdGVyIiwiYXVkIjpbIkJPTFRaTUFOTl9CT1RfbW9iaXVzIiwiUEFTQ0FMX0lOVEVMTElHRU5DRV9tb2JpdXMiLCJNT05FVF9tb2JpdXMiLCJWSU5DSV9tb2JpdXMiLCJhY2NvdW50Il0sInN1YiI6IjJjZjc2ZTVmLTI2YWQtNGYyYy1iY2NjLWY0YmMxZTdiZmI2NCIsInR5cCI6IkJlYXJlciIsImF6cCI6IkhPTEFDUkFDWV9tb2JpdXMiLCJzaWQiOiJmNjcwYzZjMi03OWYzLTQ2YzctOTE5Yy1hNTNhYmRiNTgwNDMiLCJhY3IiOiIxIiwiYWxsb3dlZC1vcmlnaW5zIjpbIi8qIl0sInJlYWxtX2FjY2VzcyI6eyJyb2xlcyI6WyJkZWZhdWx0LXJvbGVzLW1hc3RlciIsIkhDWV9URU5BTlRfQ1VTVE9NIiwib2ZmbGluZV9hY2Nlc3MiLCJCT0JfVEVOQU5UX0NVU1RPTSIsInVtYV9hdXRob3JpemF0aW9uIiwiUElfVEVOQU5UX0NVU1RPTSIsIk1PTkVUX1RFTkFOVF9DVVNUT00iXX0sInJlc291cmNlX2FjY2VzcyI6eyJCT0xUWk1BTk5fQk9UX21vYml1cyI6eyJyb2xlcyI6WyJURU5BTlRfV09SS0ZMT1dfU1VTUEVORF9QUk9DRVNTX0RFRklOSVRJT04iLCJURU5BTlRfV09SS0ZMT1dfU1VTUEVORF9JTlNUQU5DRSIsIlRFTkFOVF9XT1JLRkxPV19SRVRSSUVWRV9BTEwiLCJURU5BTlRfV09SS0ZMT1dfQUNUSVZBVEVfSU5TVEFOQ0UiLCJURU5BTlRfV09SS0ZMT1dfRVhFQ1VURSIsIlRFTkFOVF9XT1JLRkxPV19SRVRSSUVWRV9IT01FIiwiVEVOQU5UX1dPUktGTE9XX1JFVFJJRVZFX1NVU1BFTkRFRF9QUk9DRVNTX0RFRlMiLCJURU5BTlRfV09SS0ZMT1dfQUNUSVZBVEVfUlVOX0pPQiIsIlRFTkFOVF9XT1JLRkxPV19TVEFUVVMiLCJURU5BTlRfV09SS0ZMT1dfQ1JFQVRFIiwiVEVOQU5UX1dPUktGTE9XX0FDVElWSVRZX0RBVEFfQ09VTlQiLCJCT0xUWk1BTk5fQk9UX1VTRVIiLCJURU5BTlRfV09SS0ZMT1dfREVQTE9ZX1ZFUlNJT04iLCJURU5BTlRfV09SS0ZMT1dfSU1QT1JUIiwiVEVOQU5UX1dPUktGTE9XX1VQREFURSIsIlRFTkFOVF9XT1JLRkxPV19ERVBMT1kiLCJURU5BTlRfV09SS0ZMT1dfU1VTUEVORF9SVU5fSk9CIiwiVEVOQU5UX1dPUktGTE9XX1JFVFJJRVZFIiwiVEVOQU5UX1dPUktGTE9XX0RFTEVURSIsIlRFTkFOVF9XT1JLRkxPV19UUklHR0VSX01FU1NBR0VfTElTVEVORVIiXX0sIkhPTEFDUkFDWV9tb2JpdXMiOnsicm9sZXMiOlsiVEVOQU5UX1BST0RVQ1RfUkVUUklFVkVfTUFTVEVSX0NPTkZJRyIsIlRFTkFOVF9JTlZJVEFUSU9OX1JFU1BPTkQiLCJURU5BTlRfTkVHT1RJQVRJT05fQVBQUk9WQUxfQlVZRVIiLCJURU5BTlRfSU5WSVRBVElPTl9SRVRSSUVWRSIsIlRFTkFOVF9PUkdBTklaQVRJT05fQ1JFQVRFIiwiVEVOQU5UX0NSRUFURV9URU5BTlQiLCJURU5BTlRfU1VCX0FMTElBTkNFX1JFVFJJRVZFIiwiVEVOQU5UX1BMQVRGT1JNX0NSRUFURSIsIkhPTEFDUkFDWV9VU0VSIiwiVEVOQU5UX1JBVEVDQVJEX0NSRUFURSIsIlRFTkFOVF9QTEFURk9STV9SRVRSSUVWRSIsIlRFTkFOVF9SRVRSSUVWRV9CWV9CVVlFUl9QTEFURk9STSIsIlRFTkFOVF9TVUJfQUxMSUFOQ0VfUkVUUklFVkVfQUxMIiwiVEVOQU5UX1BST0RVQ1RfUkVUUklFVkUiLCJURU5BTlRfQUNDT1VOVF9ERUxFVEUiLCJURU5BTlRfQUxMSUFOQ0VfUkVUUklFVkUiLCJURU5BTlRfUExBVEZPUk1fVVBEQVRFIiwiVEVOQU5UX0lOVklUQVRJT05fQ1JFQVRFIiwiVEVOQU5UX1JBVEVDQVJEX1JFVFJJRVZFIiwiVEVOQU5UX09SR0FOSVpBVElPTl9VUERBVEUiLCJURU5BTlRfUkFURUNBUkRfVVBEQVRFIiwiVEVOQU5UX09SR0FOSVpBVElPTl9ERUxFVEUiLCJURU5BTlRfUExBVEZPUk1fREVMRVRFIiwiVEVOQU5UX1BST0RVQ1RfQ1JFQVRFIiwiVEVOQU5UX1NVQl9BTExJQU5DRV9DUkVBVEUiLCJURU5BTlRfUkFURUNBUkRfREVMRVRFIiwiVEVOQU5UX0FDQ09VTlRfQ1JFQVRFIiwiVEVOQU5UX0lOVklUQVRJT05fVVBEQVRFIiwiVEVOQU5UX1JFVFJJRVZFX1RFTkFOVCIsIlRFTkFOVF9JTlZJVEFUSU9OX0RFTEVURSIsIlRFTkFOVF9ORUdPVElBVElPTl9BUFBST1ZBTF9TVVBFUl9BRE1JTiIsIlRFTkFOVF9ORUdPVElBVElPTl9SRVRSSUVWRV9BTExfQkVUV0VFTl9CVVlFUl9TRUxMRVIiLCJURU5BTlRfUkVUUklFVkVfVEVOQU5UX0FMTCIsIlRFTkFOVF9ORUdPVElBVElPTl9DUkVBVEUiLCJURU5BTlRfVVBEQVRFX1RFTkFOVCIsIlRFTkFOVF9PUkdBTklaQVRJT05fUkVUUklFVkUiLCJURU5BTlRfQUNDT1VOVF9VUERBVEUiLCJURU5BTlRfUFJPRFVDVF9ERUxFVEUiLCJURU5BTlRfU1VCX0FMTElBTkNFX0RFTEVURSIsIlRFTkFOVF9ORUdPVElBVElPTl9BUFBST1ZBTF9TRUxMRVIiLCJURU5BTlRfU1VCX0FMTElBTkNFX1VQREFURSIsIlRFTkFOVF9QUk9EVUNUX1VQREFURSIsIlRFTkFOVF9BQ0NPVU5UX1JFVFJJRVZFIiwiVEVOQU5UX05FR09USUFUSU9OX1JFVFJJRVZFIiwiVEVOQU5UX0RFTEVURV9URU5BTlQiXX0sIlBBU0NBTF9JTlRFTExJR0VOQ0VfbW9iaXVzIjp7InJvbGVzIjpbIlRFTkFOVF9DT05URVhUX0RFTEVURSIsIlRFTkFOVF9DT05URVhUX1VQREFURSIsIlRFTkFOVF9CSUdRVUVSWV9SRVRSSUVWRSIsIlRFTkFOVF9CSUdRVUVSWV9VUERBVEUiLCJURU5BTlRfVU5JVkVSU0VfQ1JFQVRFIiwiVEVOQU5UX0NPSE9SVFNfUkVUUklFVkUiLCJURU5BTlRfQklHUVVFUllfQ1JFQVRFIiwiVEVOQU5UX0JJR1FVRVJZX0VWQUxVQVRFIiwiVEVOQU5UX0NPSE9SVFNfVVBEQVRFIiwiVEVOQU5UX0NPTlRFWFRfUkVUUklFVkUiLCJURU5BTlRfVU5JVkVSU0VfUkVUUklFVkUiLCJURU5BTlRfQ09IT1JUU19FVkFMVUFURSIsIlRFTkFOVF9CSUdRVUVSWV9ERUxFVEUiLCJURU5BTlRfU0NIRU1BX0NSRUFURSIsIlBBU0NBTF9JTlRFTExJR0VOQ0VfVVNFUiIsIlRFTkFOVF9DT0hPUlRTX0NSRUFURSIsIlRFTkFOVF9TQ0hFTUFfVVBEQVRFIiwiVEVOQU5UX0NPTlRFWFRfQVBQUk9WRSIsIlRFTkFOVF9VTklWRVJTRV9VUERBVEUiLCJURU5BTlRfQklHUVVFUllfQVBQUk9WRSIsIlRFTkFOVF9TQ0hFTUFfUkVUUklFVkUiLCJURU5BTlRfU0NIRU1BX0FQUFJPVkUiLCJURU5BTlRfQ09OVEVYVF9FVkFMVUFURSIsIlRFTkFOVF9TQ0hFTUFfREVMRVRFIiwiVEVOQU5UX0NPTlRFWFRfQ1JFQVRFIiwiVEVOQU5UX1NDSEVNQV9EQVRBX1JFVFJJRVZFIiwiVEVOQU5UX1NDSEVNQV9EQVRBX0RFTEVURSIsIlRFTkFOVF9TQ0hFTUFfREFUQV9VUERBVEUiLCJURU5BTlRfQ09IT1JUU19ERUxFVEUiLCJURU5BTlRfVU5JVkVSU0VfREVMRVRFIiwiVEVOQU5UX1NDSEVNQV9EQVRBX0lOR0VTVElPTiIsIlRFTkFOVF9DT0hPUlRTX0FQUFJPVkUiXX0sIk1PTkVUX21vYml1cyI6eyJyb2xlcyI6WyJURU5BTlRfQVBQTEVUU19SRVRSSUVWRV9BTExfUFVCTElTSEVEIiwiVEVOQU5UX1dJREdFVFNfUkVUUklFVkVfRFJBRlQiLCJURU5BTlRfV0lER0VUU19VUERBVEUiLCJURU5BTlRfQVBQTEVUU19ERUxFVEUiLCJURU5BTlRfV0lER0VUU19ERUxFVEUiLCJURU5BTlRfUExVR0lOX0NBVEVHT1JZX1JFVFJJRVZFX0FMTCIsIlRFTkFOVF9BUFBMRVRTX1VQREFURV9ISVNUT1JZIiwiVEVOQU5UX0VYUEVSSUVOQ0VTX0NSRUFURSIsIlRFTkFOVF9XSURHRVRTX1JFVFJJRVZFX1BVQkxJU0giLCJURU5BTlRfUExVR0lOX0NBVEVHT1JZX0NSRUFURSIsIlRFTkFOVF9ERVBFTkRFTkNZX1JFVFJJRVZFX0FMTCIsIlRFTkFOVF9XSURHRVRTX1BVQkxJU0giLCJURU5BTlRfUkVUUklFVkVfRklFTERTX09GX1BVQkxJU0hFRCIsIlRFTkFOVF9FWFBFUklFTkNFU19VUERBVEUiLCJURU5BTlRfQVBQTEVUU19DUkVBVEUiLCJURU5BTlRfUExVR0lOU19ERUxFVEUiLCJURU5BTlRfQVBQTEVUU19SRVRSSUVWRV9BTExfRFJBRlQiLCJURU5BTlRfUExVR0lOU19VUERBVEUiLCJURU5BTlRfQVBQTEVUU19SRVRSSUVWRV9GUk9NX0hJU1RPUlkiLCJURU5BTlRfUkVUUklFVkVfRklFTERTX09GX0RSQUZUIiwiVEVOQU5UX0FQUExFVFNfUkVUUklFVkVfUFVCTElTSEVEIiwiVEVOQU5UX0FQUExFVFNfUFVCTElTSEVEIiwiVEVOQU5UX1dJREdFVFNfUkVUUklFVkUiLCJURU5BTlRfUExVR0lOX0NBVEVHT1JZX0RFTEVURSIsIlRFTkFOVF9QTFVHSU5fQ0FURUdPUllfUFVCTElTSCIsIlRFTkFOVF9QTFVHSU5fQ0FURUdPUllfREVMRVRFX0NPTVBfRlJPTSIsIlRFTkFOVF9SRVRSSUVWRV9QVUJMSVNIRUQiLCJURU5BTlRfUExVR0lOU19SRVRSSUVWRSIsIlRFTkFOVF9QTFVHSU5TX0NSRUFURSIsIlRFTkFOVF9XSURHRVRTX0NSRUFURSIsIlRFTkFOVF9BUFBMRVRTX1JFVFJJRVZFX0FMTF9QVUJMSVNIRURfVEhVTUJOQUlMUyIsIk1PTkVUX1VTRVIiLCJURU5BTlRfRVhQRVJJRU5DRVNfREVMRVRFIiwiVEVOQU5UX0VYUEVSSUVOQ0VTX1BVQkxJU0giLCJURU5BTlRfUkVUUklFVkVfRlJPTV9ISVNUT1JZIiwiVEVOQU5UX1BMVUdJTl9DQVRFR09SWV9VUERBVEUiXX0sIlZJTkNJX21vYml1cyI6eyJyb2xlcyI6WyJWSU5DSV9VU0VSIl19LCJhY2NvdW50Ijp7InJvbGVzIjpbIm1hbmFnZS1hY2NvdW50IiwibWFuYWdlLWFjY291bnQtbGlua3MiLCJ2aWV3LXByb2ZpbGUiXX19LCJzY29wZSI6InByb2ZpbGUgZW1haWwiLCJyZXF1ZXN0ZXJUeXBlIjoiVEVOQU5UIiwiZW1haWxfdmVyaWZpZWQiOnRydWUsIm5hbWUiOiJBaWR0YWFzIEFpZHRhYXMiLCJ0ZW5hbnRJZCI6IjJjZjc2ZTVmLTI2YWQtNGYyYy1iY2NjLWY0YmMxZTdiZmI2NCIsInByZWZlcnJlZF91c2VybmFtZSI6InBhc3N3b3JkX3RlbmFudF9haWR0YWFzQGdhaWFuc29sdXRpb25zLmNvbSIsImdpdmVuX25hbWUiOiJBaWR0YWFzIiwiZmFtaWx5X25hbWUiOiJBaWR0YWFzIiwiZW1haWwiOiJwYXNzd29yZF90ZW5hbnRfYWlkdGFhc0BnYWlhbnNvbHV0aW9ucy5jb20ifQ.G22UWdZfpDy2T8neTapxgOEwLcTJnbjop5nrm13HlhaUON7HfGI1b-n7D7FRAcRr2u7xBEE7MwJ3OSJyfjIQamrmV1U0PYtVogiw3EQcp41YWWAnpuaG41KiZvYuxGdFO1uADRRSrbnzDP44nnh75gQxL-s_blP160DEyu4gIfJ3f3Vz_wI_6yZ1aqpsz-8r8YpbeQbgrcV577yF2lTbmavmNDA6R_FW2rF8Y-mLfFbhAkQqmpuYDWdXv7_cyOmECs53ROlGzPd-DIUi1mw9_Af0tIC6DKh1nbbp16VPKqzmCPVfI1VGNZSCzVYOAr-XApRi0JZ39ub0aO1FsZzCjA
				Accept=_vPFRn_2y26I4cpi
Cookies:		&lt;none&gt;
Multiparts:		&lt;none&gt;
Body:			&lt;none&gt;

HTTP/1.1 401 Unauthorized
www-authenticate: Bearer realm=&quot;https://ig.aidtaas.com/mobius-payment-service/v1.0/banking-transaction?emailId=NAgfOzy0neNM&quot;, error=&quot;invalid_token&quot;
content-length: 14
content-type: text/plain
date: Fri, 21 Feb 2025 06:21:49 GMT
server: istio-envoy
x-envoy-upstream-service-time: 1

Jwt is expired
</system-out>
  </testcase>
  <testcase classname="unit4cases.EvoMaster_others_Test" name="test_50" time="0.1">
    <failure message="1 expectation failed.
Expected content-type &quot;application/json&quot; doesn&apos;t match actual content-type &quot;text/plain&quot;.
" type="java.lang.AssertionError">java.lang.AssertionError: 1 expectation failed.
Expected content-type &quot;application/json&quot; doesn&apos;t match actual content-type &quot;text/plain&quot;.

	at java.base/jdk.internal.reflect.DirectConstructorHandleAccessor.newInstance(DirectConstructorHandleAccessor.java:62)
	at java.base/java.lang.reflect.Constructor.newInstanceWithCaller(Constructor.java:502)
	at java.base/java.lang.reflect.Constructor.newInstance(Constructor.java:486)
	at org.codehaus.groovy.reflection.CachedConstructor.invoke(CachedConstructor.java:73)
	at org.codehaus.groovy.runtime.callsite.ConstructorSite$ConstructorSiteNoUnwrapNoCoerce.callConstructor(ConstructorSite.java:108)
	at org.codehaus.groovy.runtime.callsite.AbstractCallSite.callConstructor(AbstractCallSite.java:277)
	at io.restassured.internal.ResponseSpecificationImpl$HamcrestAssertionClosure.validate(ResponseSpecificationImpl.groovy:512)
	at io.restassured.internal.ResponseSpecificationImpl$HamcrestAssertionClosure$validate$1.call(Unknown Source)
	at io.restassured.internal.ResponseSpecificationImpl.validateResponseIfRequired(ResponseSpecificationImpl.groovy:696)
	at io.restassured.internal.ResponseSpecificationImpl.this$2$validateResponseIfRequired(ResponseSpecificationImpl.groovy)
	at java.base/jdk.internal.reflect.DirectMethodHandleAccessor.invoke(DirectMethodHandleAccessor.java:103)
	at java.base/java.lang.reflect.Method.invoke(Method.java:580)
	at org.codehaus.groovy.runtime.callsite.PlainObjectMetaMethodSite.doInvoke(PlainObjectMetaMethodSite.java:43)
	at org.codehaus.groovy.runtime.callsite.PogoMetaMethodSite$PogoCachedMethodSiteNoUnwrapNoCoerce.invoke(PogoMetaMethodSite.java:198)
	at org.codehaus.groovy.runtime.callsite.PogoMetaMethodSite.callCurrent(PogoMetaMethodSite.java:62)
	at org.codehaus.groovy.runtime.callsite.AbstractCallSite.callCurrent(AbstractCallSite.java:185)
	at io.restassured.internal.ResponseSpecificationImpl.contentType(ResponseSpecificationImpl.groovy:443)
	at io.restassured.internal.ValidatableResponseOptionsImpl.contentType(ValidatableResponseOptionsImpl.java:226)
	at unit4cases.EvoMaster_others_Test.test_50(EvoMaster_others_Test.java:1632)
	at java.base/jdk.internal.reflect.DirectMethodHandleAccessor.invoke(DirectMethodHandleAccessor.java:103)
	at java.base/java.lang.reflect.Method.invoke(Method.java:580)
	at org.junit.runners.model.FrameworkMethod$1.runReflectiveCall(FrameworkMethod.java:59)
	at org.junit.internal.runners.model.ReflectiveCallable.run(ReflectiveCallable.java:12)
	at org.junit.runners.model.FrameworkMethod.invokeExplosively(FrameworkMethod.java:56)
	at org.junit.internal.runners.statements.InvokeMethod.evaluate(InvokeMethod.java:17)
	at org.junit.internal.runners.statements.FailOnTimeout$CallableStatement.call(FailOnTimeout.java:299)
	at org.junit.internal.runners.statements.FailOnTimeout$CallableStatement.call(FailOnTimeout.java:293)
	at java.base/java.util.concurrent.FutureTask.run(FutureTask.java:317)
	at java.base/java.lang.Thread.run(Thread.java:1583)
</failure>
    <system-out>Request method:	GET
Request URI:	https://ig.aidtaas.com/mobius-payment-service/v1.0/wallets/VoovVSn41HXV?platformId=mGl
Proxy:			&lt;none&gt;
Request params:	&lt;none&gt;
Query params:	&lt;none&gt;
Form params:	&lt;none&gt;
Path params:	&lt;none&gt;
Headers:		Accept=application/json
				Authorization=Bearer  eyJhbGciOiJSUzI1NiIsInR5cCIgOiAiSldUIiwia2lkIiA6ICI3Ny1NUVdFRTNHZE5adGlsWU5IYmpsa2dVSkpaWUJWVmN1UmFZdHl5ejFjIn0.eyJleHAiOjE3NDAwODgxMjAsImlhdCI6MTc0MDA1MjEyMCwianRpIjoiYjc4MDZhYTYtZWE3MS00NWJkLWI5ODMtOWU3MDE4OTc4NTYzIiwiaXNzIjoiaHR0cDovL2tleWNsb2FrLXNlcnZpY2Uua2V5Y2xvYWsuc3ZjLmNsdXN0ZXIubG9jYWw6ODA4MC9yZWFsbXMvbWFzdGVyIiwiYXVkIjpbIkJPTFRaTUFOTl9CT1RfbW9iaXVzIiwiUEFTQ0FMX0lOVEVMTElHRU5DRV9tb2JpdXMiLCJNT05FVF9tb2JpdXMiLCJWSU5DSV9tb2JpdXMiLCJhY2NvdW50Il0sInN1YiI6IjJjZjc2ZTVmLTI2YWQtNGYyYy1iY2NjLWY0YmMxZTdiZmI2NCIsInR5cCI6IkJlYXJlciIsImF6cCI6IkhPTEFDUkFDWV9tb2JpdXMiLCJzaWQiOiJmNjcwYzZjMi03OWYzLTQ2YzctOTE5Yy1hNTNhYmRiNTgwNDMiLCJhY3IiOiIxIiwiYWxsb3dlZC1vcmlnaW5zIjpbIi8qIl0sInJlYWxtX2FjY2VzcyI6eyJyb2xlcyI6WyJkZWZhdWx0LXJvbGVzLW1hc3RlciIsIkhDWV9URU5BTlRfQ1VTVE9NIiwib2ZmbGluZV9hY2Nlc3MiLCJCT0JfVEVOQU5UX0NVU1RPTSIsInVtYV9hdXRob3JpemF0aW9uIiwiUElfVEVOQU5UX0NVU1RPTSIsIk1PTkVUX1RFTkFOVF9DVVNUT00iXX0sInJlc291cmNlX2FjY2VzcyI6eyJCT0xUWk1BTk5fQk9UX21vYml1cyI6eyJyb2xlcyI6WyJURU5BTlRfV09SS0ZMT1dfU1VTUEVORF9QUk9DRVNTX0RFRklOSVRJT04iLCJURU5BTlRfV09SS0ZMT1dfU1VTUEVORF9JTlNUQU5DRSIsIlRFTkFOVF9XT1JLRkxPV19SRVRSSUVWRV9BTEwiLCJURU5BTlRfV09SS0ZMT1dfQUNUSVZBVEVfSU5TVEFOQ0UiLCJURU5BTlRfV09SS0ZMT1dfRVhFQ1VURSIsIlRFTkFOVF9XT1JLRkxPV19SRVRSSUVWRV9IT01FIiwiVEVOQU5UX1dPUktGTE9XX1JFVFJJRVZFX1NVU1BFTkRFRF9QUk9DRVNTX0RFRlMiLCJURU5BTlRfV09SS0ZMT1dfQUNUSVZBVEVfUlVOX0pPQiIsIlRFTkFOVF9XT1JLRkxPV19TVEFUVVMiLCJURU5BTlRfV09SS0ZMT1dfQ1JFQVRFIiwiVEVOQU5UX1dPUktGTE9XX0FDVElWSVRZX0RBVEFfQ09VTlQiLCJCT0xUWk1BTk5fQk9UX1VTRVIiLCJURU5BTlRfV09SS0ZMT1dfREVQTE9ZX1ZFUlNJT04iLCJURU5BTlRfV09SS0ZMT1dfSU1QT1JUIiwiVEVOQU5UX1dPUktGTE9XX1VQREFURSIsIlRFTkFOVF9XT1JLRkxPV19ERVBMT1kiLCJURU5BTlRfV09SS0ZMT1dfU1VTUEVORF9SVU5fSk9CIiwiVEVOQU5UX1dPUktGTE9XX1JFVFJJRVZFIiwiVEVOQU5UX1dPUktGTE9XX0RFTEVURSIsIlRFTkFOVF9XT1JLRkxPV19UUklHR0VSX01FU1NBR0VfTElTVEVORVIiXX0sIkhPTEFDUkFDWV9tb2JpdXMiOnsicm9sZXMiOlsiVEVOQU5UX1BST0RVQ1RfUkVUUklFVkVfTUFTVEVSX0NPTkZJRyIsIlRFTkFOVF9JTlZJVEFUSU9OX1JFU1BPTkQiLCJURU5BTlRfTkVHT1RJQVRJT05fQVBQUk9WQUxfQlVZRVIiLCJURU5BTlRfSU5WSVRBVElPTl9SRVRSSUVWRSIsIlRFTkFOVF9PUkdBTklaQVRJT05fQ1JFQVRFIiwiVEVOQU5UX0NSRUFURV9URU5BTlQiLCJURU5BTlRfU1VCX0FMTElBTkNFX1JFVFJJRVZFIiwiVEVOQU5UX1BMQVRGT1JNX0NSRUFURSIsIkhPTEFDUkFDWV9VU0VSIiwiVEVOQU5UX1JBVEVDQVJEX0NSRUFURSIsIlRFTkFOVF9QTEFURk9STV9SRVRSSUVWRSIsIlRFTkFOVF9SRVRSSUVWRV9CWV9CVVlFUl9QTEFURk9STSIsIlRFTkFOVF9TVUJfQUxMSUFOQ0VfUkVUUklFVkVfQUxMIiwiVEVOQU5UX1BST0RVQ1RfUkVUUklFVkUiLCJURU5BTlRfQUNDT1VOVF9ERUxFVEUiLCJURU5BTlRfQUxMSUFOQ0VfUkVUUklFVkUiLCJURU5BTlRfUExBVEZPUk1fVVBEQVRFIiwiVEVOQU5UX0lOVklUQVRJT05fQ1JFQVRFIiwiVEVOQU5UX1JBVEVDQVJEX1JFVFJJRVZFIiwiVEVOQU5UX09SR0FOSVpBVElPTl9VUERBVEUiLCJURU5BTlRfUkFURUNBUkRfVVBEQVRFIiwiVEVOQU5UX09SR0FOSVpBVElPTl9ERUxFVEUiLCJURU5BTlRfUExBVEZPUk1fREVMRVRFIiwiVEVOQU5UX1BST0RVQ1RfQ1JFQVRFIiwiVEVOQU5UX1NVQl9BTExJQU5DRV9DUkVBVEUiLCJURU5BTlRfUkFURUNBUkRfREVMRVRFIiwiVEVOQU5UX0FDQ09VTlRfQ1JFQVRFIiwiVEVOQU5UX0lOVklUQVRJT05fVVBEQVRFIiwiVEVOQU5UX1JFVFJJRVZFX1RFTkFOVCIsIlRFTkFOVF9JTlZJVEFUSU9OX0RFTEVURSIsIlRFTkFOVF9ORUdPVElBVElPTl9BUFBST1ZBTF9TVVBFUl9BRE1JTiIsIlRFTkFOVF9ORUdPVElBVElPTl9SRVRSSUVWRV9BTExfQkVUV0VFTl9CVVlFUl9TRUxMRVIiLCJURU5BTlRfUkVUUklFVkVfVEVOQU5UX0FMTCIsIlRFTkFOVF9ORUdPVElBVElPTl9DUkVBVEUiLCJURU5BTlRfVVBEQVRFX1RFTkFOVCIsIlRFTkFOVF9PUkdBTklaQVRJT05fUkVUUklFVkUiLCJURU5BTlRfQUNDT1VOVF9VUERBVEUiLCJURU5BTlRfUFJPRFVDVF9ERUxFVEUiLCJURU5BTlRfU1VCX0FMTElBTkNFX0RFTEVURSIsIlRFTkFOVF9ORUdPVElBVElPTl9BUFBST1ZBTF9TRUxMRVIiLCJURU5BTlRfU1VCX0FMTElBTkNFX1VQREFURSIsIlRFTkFOVF9QUk9EVUNUX1VQREFURSIsIlRFTkFOVF9BQ0NPVU5UX1JFVFJJRVZFIiwiVEVOQU5UX05FR09USUFUSU9OX1JFVFJJRVZFIiwiVEVOQU5UX0RFTEVURV9URU5BTlQiXX0sIlBBU0NBTF9JTlRFTExJR0VOQ0VfbW9iaXVzIjp7InJvbGVzIjpbIlRFTkFOVF9DT05URVhUX0RFTEVURSIsIlRFTkFOVF9DT05URVhUX1VQREFURSIsIlRFTkFOVF9CSUdRVUVSWV9SRVRSSUVWRSIsIlRFTkFOVF9CSUdRVUVSWV9VUERBVEUiLCJURU5BTlRfVU5JVkVSU0VfQ1JFQVRFIiwiVEVOQU5UX0NPSE9SVFNfUkVUUklFVkUiLCJURU5BTlRfQklHUVVFUllfQ1JFQVRFIiwiVEVOQU5UX0JJR1FVRVJZX0VWQUxVQVRFIiwiVEVOQU5UX0NPSE9SVFNfVVBEQVRFIiwiVEVOQU5UX0NPTlRFWFRfUkVUUklFVkUiLCJURU5BTlRfVU5JVkVSU0VfUkVUUklFVkUiLCJURU5BTlRfQ09IT1JUU19FVkFMVUFURSIsIlRFTkFOVF9CSUdRVUVSWV9ERUxFVEUiLCJURU5BTlRfU0NIRU1BX0NSRUFURSIsIlBBU0NBTF9JTlRFTExJR0VOQ0VfVVNFUiIsIlRFTkFOVF9DT0hPUlRTX0NSRUFURSIsIlRFTkFOVF9TQ0hFTUFfVVBEQVRFIiwiVEVOQU5UX0NPTlRFWFRfQVBQUk9WRSIsIlRFTkFOVF9VTklWRVJTRV9VUERBVEUiLCJURU5BTlRfQklHUVVFUllfQVBQUk9WRSIsIlRFTkFOVF9TQ0hFTUFfUkVUUklFVkUiLCJURU5BTlRfU0NIRU1BX0FQUFJPVkUiLCJURU5BTlRfQ09OVEVYVF9FVkFMVUFURSIsIlRFTkFOVF9TQ0hFTUFfREVMRVRFIiwiVEVOQU5UX0NPTlRFWFRfQ1JFQVRFIiwiVEVOQU5UX1NDSEVNQV9EQVRBX1JFVFJJRVZFIiwiVEVOQU5UX1NDSEVNQV9EQVRBX0RFTEVURSIsIlRFTkFOVF9TQ0hFTUFfREFUQV9VUERBVEUiLCJURU5BTlRfQ09IT1JUU19ERUxFVEUiLCJURU5BTlRfVU5JVkVSU0VfREVMRVRFIiwiVEVOQU5UX1NDSEVNQV9EQVRBX0lOR0VTVElPTiIsIlRFTkFOVF9DT0hPUlRTX0FQUFJPVkUiXX0sIk1PTkVUX21vYml1cyI6eyJyb2xlcyI6WyJURU5BTlRfQVBQTEVUU19SRVRSSUVWRV9BTExfUFVCTElTSEVEIiwiVEVOQU5UX1dJREdFVFNfUkVUUklFVkVfRFJBRlQiLCJURU5BTlRfV0lER0VUU19VUERBVEUiLCJURU5BTlRfQVBQTEVUU19ERUxFVEUiLCJURU5BTlRfV0lER0VUU19ERUxFVEUiLCJURU5BTlRfUExVR0lOX0NBVEVHT1JZX1JFVFJJRVZFX0FMTCIsIlRFTkFOVF9BUFBMRVRTX1VQREFURV9ISVNUT1JZIiwiVEVOQU5UX0VYUEVSSUVOQ0VTX0NSRUFURSIsIlRFTkFOVF9XSURHRVRTX1JFVFJJRVZFX1BVQkxJU0giLCJURU5BTlRfUExVR0lOX0NBVEVHT1JZX0NSRUFURSIsIlRFTkFOVF9ERVBFTkRFTkNZX1JFVFJJRVZFX0FMTCIsIlRFTkFOVF9XSURHRVRTX1BVQkxJU0giLCJURU5BTlRfUkVUUklFVkVfRklFTERTX09GX1BVQkxJU0hFRCIsIlRFTkFOVF9FWFBFUklFTkNFU19VUERBVEUiLCJURU5BTlRfQVBQTEVUU19DUkVBVEUiLCJURU5BTlRfUExVR0lOU19ERUxFVEUiLCJURU5BTlRfQVBQTEVUU19SRVRSSUVWRV9BTExfRFJBRlQiLCJURU5BTlRfUExVR0lOU19VUERBVEUiLCJURU5BTlRfQVBQTEVUU19SRVRSSUVWRV9GUk9NX0hJU1RPUlkiLCJURU5BTlRfUkVUUklFVkVfRklFTERTX09GX0RSQUZUIiwiVEVOQU5UX0FQUExFVFNfUkVUUklFVkVfUFVCTElTSEVEIiwiVEVOQU5UX0FQUExFVFNfUFVCTElTSEVEIiwiVEVOQU5UX1dJREdFVFNfUkVUUklFVkUiLCJURU5BTlRfUExVR0lOX0NBVEVHT1JZX0RFTEVURSIsIlRFTkFOVF9QTFVHSU5fQ0FURUdPUllfUFVCTElTSCIsIlRFTkFOVF9QTFVHSU5fQ0FURUdPUllfREVMRVRFX0NPTVBfRlJPTSIsIlRFTkFOVF9SRVRSSUVWRV9QVUJMSVNIRUQiLCJURU5BTlRfUExVR0lOU19SRVRSSUVWRSIsIlRFTkFOVF9QTFVHSU5TX0NSRUFURSIsIlRFTkFOVF9XSURHRVRTX0NSRUFURSIsIlRFTkFOVF9BUFBMRVRTX1JFVFJJRVZFX0FMTF9QVUJMSVNIRURfVEhVTUJOQUlMUyIsIk1PTkVUX1VTRVIiLCJURU5BTlRfRVhQRVJJRU5DRVNfREVMRVRFIiwiVEVOQU5UX0VYUEVSSUVOQ0VTX1BVQkxJU0giLCJURU5BTlRfUkVUUklFVkVfRlJPTV9ISVNUT1JZIiwiVEVOQU5UX1BMVUdJTl9DQVRFR09SWV9VUERBVEUiXX0sIlZJTkNJX21vYml1cyI6eyJyb2xlcyI6WyJWSU5DSV9VU0VSIl19LCJhY2NvdW50Ijp7InJvbGVzIjpbIm1hbmFnZS1hY2NvdW50IiwibWFuYWdlLWFjY291bnQtbGlua3MiLCJ2aWV3LXByb2ZpbGUiXX19LCJzY29wZSI6InByb2ZpbGUgZW1haWwiLCJyZXF1ZXN0ZXJUeXBlIjoiVEVOQU5UIiwiZW1haWxfdmVyaWZpZWQiOnRydWUsIm5hbWUiOiJBaWR0YWFzIEFpZHRhYXMiLCJ0ZW5hbnRJZCI6IjJjZjc2ZTVmLTI2YWQtNGYyYy1iY2NjLWY0YmMxZTdiZmI2NCIsInByZWZlcnJlZF91c2VybmFtZSI6InBhc3N3b3JkX3RlbmFudF9haWR0YWFzQGdhaWFuc29sdXRpb25zLmNvbSIsImdpdmVuX25hbWUiOiJBaWR0YWFzIiwiZmFtaWx5X25hbWUiOiJBaWR0YWFzIiwiZW1haWwiOiJwYXNzd29yZF90ZW5hbnRfYWlkdGFhc0BnYWlhbnNvbHV0aW9ucy5jb20ifQ.G22UWdZfpDy2T8neTapxgOEwLcTJnbjop5nrm13HlhaUON7HfGI1b-n7D7FRAcRr2u7xBEE7MwJ3OSJyfjIQamrmV1U0PYtVogiw3EQcp41YWWAnpuaG41KiZvYuxGdFO1uADRRSrbnzDP44nnh75gQxL-s_blP160DEyu4gIfJ3f3Vz_wI_6yZ1aqpsz-8r8YpbeQbgrcV577yF2lTbmavmNDA6R_FW2rF8Y-mLfFbhAkQqmpuYDWdXv7_cyOmECs53ROlGzPd-DIUi1mw9_Af0tIC6DKh1nbbp16VPKqzmCPVfI1VGNZSCzVYOAr-XApRi0JZ39ub0aO1FsZzCjA
Cookies:		&lt;none&gt;
Multiparts:		&lt;none&gt;
Body:			&lt;none&gt;

HTTP/1.1 401 Unauthorized
www-authenticate: Bearer realm=&quot;https://ig.aidtaas.com/mobius-payment-service/v1.0/wallets/VoovVSn41HXV?platformId=mGl&quot;, error=&quot;invalid_token&quot;
content-length: 14
content-type: text/plain
date: Fri, 21 Feb 2025 06:21:49 GMT
server: istio-envoy
x-envoy-upstream-service-time: 3

Jwt is expired
</system-out>
  </testcase>
  <testcase classname="unit4cases.EvoMaster_others_Test" name="test_51" time="2.791"/>
  <testcase classname="unit4cases.EvoMaster_others_Test" name="test_52" time="0.162"/>
  <testcase classname="unit4cases.EvoMaster_others_Test" name="test_53" time="0.04">
    <failure message="1 expectation failed.
Expected content-type &quot;application/json&quot; doesn&apos;t match actual content-type &quot;text/plain&quot;.
" type="java.lang.AssertionError">java.lang.AssertionError: 1 expectation failed.
Expected content-type &quot;application/json&quot; doesn&apos;t match actual content-type &quot;text/plain&quot;.

	at java.base/jdk.internal.reflect.DirectConstructorHandleAccessor.newInstance(DirectConstructorHandleAccessor.java:62)
	at java.base/java.lang.reflect.Constructor.newInstanceWithCaller(Constructor.java:502)
	at java.base/java.lang.reflect.Constructor.newInstance(Constructor.java:486)
	at org.codehaus.groovy.reflection.CachedConstructor.invoke(CachedConstructor.java:73)
	at org.codehaus.groovy.runtime.callsite.ConstructorSite$ConstructorSiteNoUnwrapNoCoerce.callConstructor(ConstructorSite.java:108)
	at org.codehaus.groovy.runtime.callsite.AbstractCallSite.callConstructor(AbstractCallSite.java:277)
	at io.restassured.internal.ResponseSpecificationImpl$HamcrestAssertionClosure.validate(ResponseSpecificationImpl.groovy:512)
	at io.restassured.internal.ResponseSpecificationImpl$HamcrestAssertionClosure$validate$1.call(Unknown Source)
	at io.restassured.internal.ResponseSpecificationImpl.validateResponseIfRequired(ResponseSpecificationImpl.groovy:696)
	at io.restassured.internal.ResponseSpecificationImpl.this$2$validateResponseIfRequired(ResponseSpecificationImpl.groovy)
	at java.base/jdk.internal.reflect.DirectMethodHandleAccessor.invoke(DirectMethodHandleAccessor.java:103)
	at java.base/java.lang.reflect.Method.invoke(Method.java:580)
	at org.codehaus.groovy.runtime.callsite.PlainObjectMetaMethodSite.doInvoke(PlainObjectMetaMethodSite.java:43)
	at org.codehaus.groovy.runtime.callsite.PogoMetaMethodSite$PogoCachedMethodSiteNoUnwrapNoCoerce.invoke(PogoMetaMethodSite.java:198)
	at org.codehaus.groovy.runtime.callsite.PogoMetaMethodSite.callCurrent(PogoMetaMethodSite.java:62)
	at org.codehaus.groovy.runtime.callsite.AbstractCallSite.callCurrent(AbstractCallSite.java:185)
	at io.restassured.internal.ResponseSpecificationImpl.contentType(ResponseSpecificationImpl.groovy:443)
	at io.restassured.internal.ValidatableResponseOptionsImpl.contentType(ValidatableResponseOptionsImpl.java:226)
	at unit4cases.EvoMaster_others_Test.test_53(EvoMaster_others_Test.java:1708)
	at java.base/jdk.internal.reflect.DirectMethodHandleAccessor.invoke(DirectMethodHandleAccessor.java:103)
	at java.base/java.lang.reflect.Method.invoke(Method.java:580)
	at org.junit.runners.model.FrameworkMethod$1.runReflectiveCall(FrameworkMethod.java:59)
	at org.junit.internal.runners.model.ReflectiveCallable.run(ReflectiveCallable.java:12)
	at org.junit.runners.model.FrameworkMethod.invokeExplosively(FrameworkMethod.java:56)
	at org.junit.internal.runners.statements.InvokeMethod.evaluate(InvokeMethod.java:17)
	at org.junit.internal.runners.statements.FailOnTimeout$CallableStatement.call(FailOnTimeout.java:299)
	at org.junit.internal.runners.statements.FailOnTimeout$CallableStatement.call(FailOnTimeout.java:293)
	at java.base/java.util.concurrent.FutureTask.run(FutureTask.java:317)
	at java.base/java.lang.Thread.run(Thread.java:1583)
</failure>
    <system-out>Request method:	DELETE
Request URI:	https://ig.aidtaas.com/mobius-payment-service/v1.0/wallets/opYJpid/currency/7d?force-delete=true
Proxy:			&lt;none&gt;
Request params:	&lt;none&gt;
Query params:	&lt;none&gt;
Form params:	&lt;none&gt;
Path params:	&lt;none&gt;
Headers:		Accept=application/json
				Authorization=Bearer  eyJhbGciOiJSUzI1NiIsInR5cCIgOiAiSldUIiwia2lkIiA6ICI3Ny1NUVdFRTNHZE5adGlsWU5IYmpsa2dVSkpaWUJWVmN1UmFZdHl5ejFjIn0.eyJleHAiOjE3NDAwODgxMjAsImlhdCI6MTc0MDA1MjEyMCwianRpIjoiYjc4MDZhYTYtZWE3MS00NWJkLWI5ODMtOWU3MDE4OTc4NTYzIiwiaXNzIjoiaHR0cDovL2tleWNsb2FrLXNlcnZpY2Uua2V5Y2xvYWsuc3ZjLmNsdXN0ZXIubG9jYWw6ODA4MC9yZWFsbXMvbWFzdGVyIiwiYXVkIjpbIkJPTFRaTUFOTl9CT1RfbW9iaXVzIiwiUEFTQ0FMX0lOVEVMTElHRU5DRV9tb2JpdXMiLCJNT05FVF9tb2JpdXMiLCJWSU5DSV9tb2JpdXMiLCJhY2NvdW50Il0sInN1YiI6IjJjZjc2ZTVmLTI2YWQtNGYyYy1iY2NjLWY0YmMxZTdiZmI2NCIsInR5cCI6IkJlYXJlciIsImF6cCI6IkhPTEFDUkFDWV9tb2JpdXMiLCJzaWQiOiJmNjcwYzZjMi03OWYzLTQ2YzctOTE5Yy1hNTNhYmRiNTgwNDMiLCJhY3IiOiIxIiwiYWxsb3dlZC1vcmlnaW5zIjpbIi8qIl0sInJlYWxtX2FjY2VzcyI6eyJyb2xlcyI6WyJkZWZhdWx0LXJvbGVzLW1hc3RlciIsIkhDWV9URU5BTlRfQ1VTVE9NIiwib2ZmbGluZV9hY2Nlc3MiLCJCT0JfVEVOQU5UX0NVU1RPTSIsInVtYV9hdXRob3JpemF0aW9uIiwiUElfVEVOQU5UX0NVU1RPTSIsIk1PTkVUX1RFTkFOVF9DVVNUT00iXX0sInJlc291cmNlX2FjY2VzcyI6eyJCT0xUWk1BTk5fQk9UX21vYml1cyI6eyJyb2xlcyI6WyJURU5BTlRfV09SS0ZMT1dfU1VTUEVORF9QUk9DRVNTX0RFRklOSVRJT04iLCJURU5BTlRfV09SS0ZMT1dfU1VTUEVORF9JTlNUQU5DRSIsIlRFTkFOVF9XT1JLRkxPV19SRVRSSUVWRV9BTEwiLCJURU5BTlRfV09SS0ZMT1dfQUNUSVZBVEVfSU5TVEFOQ0UiLCJURU5BTlRfV09SS0ZMT1dfRVhFQ1VURSIsIlRFTkFOVF9XT1JLRkxPV19SRVRSSUVWRV9IT01FIiwiVEVOQU5UX1dPUktGTE9XX1JFVFJJRVZFX1NVU1BFTkRFRF9QUk9DRVNTX0RFRlMiLCJURU5BTlRfV09SS0ZMT1dfQUNUSVZBVEVfUlVOX0pPQiIsIlRFTkFOVF9XT1JLRkxPV19TVEFUVVMiLCJURU5BTlRfV09SS0ZMT1dfQ1JFQVRFIiwiVEVOQU5UX1dPUktGTE9XX0FDVElWSVRZX0RBVEFfQ09VTlQiLCJCT0xUWk1BTk5fQk9UX1VTRVIiLCJURU5BTlRfV09SS0ZMT1dfREVQTE9ZX1ZFUlNJT04iLCJURU5BTlRfV09SS0ZMT1dfSU1QT1JUIiwiVEVOQU5UX1dPUktGTE9XX1VQREFURSIsIlRFTkFOVF9XT1JLRkxPV19ERVBMT1kiLCJURU5BTlRfV09SS0ZMT1dfU1VTUEVORF9SVU5fSk9CIiwiVEVOQU5UX1dPUktGTE9XX1JFVFJJRVZFIiwiVEVOQU5UX1dPUktGTE9XX0RFTEVURSIsIlRFTkFOVF9XT1JLRkxPV19UUklHR0VSX01FU1NBR0VfTElTVEVORVIiXX0sIkhPTEFDUkFDWV9tb2JpdXMiOnsicm9sZXMiOlsiVEVOQU5UX1BST0RVQ1RfUkVUUklFVkVfTUFTVEVSX0NPTkZJRyIsIlRFTkFOVF9JTlZJVEFUSU9OX1JFU1BPTkQiLCJURU5BTlRfTkVHT1RJQVRJT05fQVBQUk9WQUxfQlVZRVIiLCJURU5BTlRfSU5WSVRBVElPTl9SRVRSSUVWRSIsIlRFTkFOVF9PUkdBTklaQVRJT05fQ1JFQVRFIiwiVEVOQU5UX0NSRUFURV9URU5BTlQiLCJURU5BTlRfU1VCX0FMTElBTkNFX1JFVFJJRVZFIiwiVEVOQU5UX1BMQVRGT1JNX0NSRUFURSIsIkhPTEFDUkFDWV9VU0VSIiwiVEVOQU5UX1JBVEVDQVJEX0NSRUFURSIsIlRFTkFOVF9QTEFURk9STV9SRVRSSUVWRSIsIlRFTkFOVF9SRVRSSUVWRV9CWV9CVVlFUl9QTEFURk9STSIsIlRFTkFOVF9TVUJfQUxMSUFOQ0VfUkVUUklFVkVfQUxMIiwiVEVOQU5UX1BST0RVQ1RfUkVUUklFVkUiLCJURU5BTlRfQUNDT1VOVF9ERUxFVEUiLCJURU5BTlRfQUxMSUFOQ0VfUkVUUklFVkUiLCJURU5BTlRfUExBVEZPUk1fVVBEQVRFIiwiVEVOQU5UX0lOVklUQVRJT05fQ1JFQVRFIiwiVEVOQU5UX1JBVEVDQVJEX1JFVFJJRVZFIiwiVEVOQU5UX09SR0FOSVpBVElPTl9VUERBVEUiLCJURU5BTlRfUkFURUNBUkRfVVBEQVRFIiwiVEVOQU5UX09SR0FOSVpBVElPTl9ERUxFVEUiLCJURU5BTlRfUExBVEZPUk1fREVMRVRFIiwiVEVOQU5UX1BST0RVQ1RfQ1JFQVRFIiwiVEVOQU5UX1NVQl9BTExJQU5DRV9DUkVBVEUiLCJURU5BTlRfUkFURUNBUkRfREVMRVRFIiwiVEVOQU5UX0FDQ09VTlRfQ1JFQVRFIiwiVEVOQU5UX0lOVklUQVRJT05fVVBEQVRFIiwiVEVOQU5UX1JFVFJJRVZFX1RFTkFOVCIsIlRFTkFOVF9JTlZJVEFUSU9OX0RFTEVURSIsIlRFTkFOVF9ORUdPVElBVElPTl9BUFBST1ZBTF9TVVBFUl9BRE1JTiIsIlRFTkFOVF9ORUdPVElBVElPTl9SRVRSSUVWRV9BTExfQkVUV0VFTl9CVVlFUl9TRUxMRVIiLCJURU5BTlRfUkVUUklFVkVfVEVOQU5UX0FMTCIsIlRFTkFOVF9ORUdPVElBVElPTl9DUkVBVEUiLCJURU5BTlRfVVBEQVRFX1RFTkFOVCIsIlRFTkFOVF9PUkdBTklaQVRJT05fUkVUUklFVkUiLCJURU5BTlRfQUNDT1VOVF9VUERBVEUiLCJURU5BTlRfUFJPRFVDVF9ERUxFVEUiLCJURU5BTlRfU1VCX0FMTElBTkNFX0RFTEVURSIsIlRFTkFOVF9ORUdPVElBVElPTl9BUFBST1ZBTF9TRUxMRVIiLCJURU5BTlRfU1VCX0FMTElBTkNFX1VQREFURSIsIlRFTkFOVF9QUk9EVUNUX1VQREFURSIsIlRFTkFOVF9BQ0NPVU5UX1JFVFJJRVZFIiwiVEVOQU5UX05FR09USUFUSU9OX1JFVFJJRVZFIiwiVEVOQU5UX0RFTEVURV9URU5BTlQiXX0sIlBBU0NBTF9JTlRFTExJR0VOQ0VfbW9iaXVzIjp7InJvbGVzIjpbIlRFTkFOVF9DT05URVhUX0RFTEVURSIsIlRFTkFOVF9DT05URVhUX1VQREFURSIsIlRFTkFOVF9CSUdRVUVSWV9SRVRSSUVWRSIsIlRFTkFOVF9CSUdRVUVSWV9VUERBVEUiLCJURU5BTlRfVU5JVkVSU0VfQ1JFQVRFIiwiVEVOQU5UX0NPSE9SVFNfUkVUUklFVkUiLCJURU5BTlRfQklHUVVFUllfQ1JFQVRFIiwiVEVOQU5UX0JJR1FVRVJZX0VWQUxVQVRFIiwiVEVOQU5UX0NPSE9SVFNfVVBEQVRFIiwiVEVOQU5UX0NPTlRFWFRfUkVUUklFVkUiLCJURU5BTlRfVU5JVkVSU0VfUkVUUklFVkUiLCJURU5BTlRfQ09IT1JUU19FVkFMVUFURSIsIlRFTkFOVF9CSUdRVUVSWV9ERUxFVEUiLCJURU5BTlRfU0NIRU1BX0NSRUFURSIsIlBBU0NBTF9JTlRFTExJR0VOQ0VfVVNFUiIsIlRFTkFOVF9DT0hPUlRTX0NSRUFURSIsIlRFTkFOVF9TQ0hFTUFfVVBEQVRFIiwiVEVOQU5UX0NPTlRFWFRfQVBQUk9WRSIsIlRFTkFOVF9VTklWRVJTRV9VUERBVEUiLCJURU5BTlRfQklHUVVFUllfQVBQUk9WRSIsIlRFTkFOVF9TQ0hFTUFfUkVUUklFVkUiLCJURU5BTlRfU0NIRU1BX0FQUFJPVkUiLCJURU5BTlRfQ09OVEVYVF9FVkFMVUFURSIsIlRFTkFOVF9TQ0hFTUFfREVMRVRFIiwiVEVOQU5UX0NPTlRFWFRfQ1JFQVRFIiwiVEVOQU5UX1NDSEVNQV9EQVRBX1JFVFJJRVZFIiwiVEVOQU5UX1NDSEVNQV9EQVRBX0RFTEVURSIsIlRFTkFOVF9TQ0hFTUFfREFUQV9VUERBVEUiLCJURU5BTlRfQ09IT1JUU19ERUxFVEUiLCJURU5BTlRfVU5JVkVSU0VfREVMRVRFIiwiVEVOQU5UX1NDSEVNQV9EQVRBX0lOR0VTVElPTiIsIlRFTkFOVF9DT0hPUlRTX0FQUFJPVkUiXX0sIk1PTkVUX21vYml1cyI6eyJyb2xlcyI6WyJURU5BTlRfQVBQTEVUU19SRVRSSUVWRV9BTExfUFVCTElTSEVEIiwiVEVOQU5UX1dJREdFVFNfUkVUUklFVkVfRFJBRlQiLCJURU5BTlRfV0lER0VUU19VUERBVEUiLCJURU5BTlRfQVBQTEVUU19ERUxFVEUiLCJURU5BTlRfV0lER0VUU19ERUxFVEUiLCJURU5BTlRfUExVR0lOX0NBVEVHT1JZX1JFVFJJRVZFX0FMTCIsIlRFTkFOVF9BUFBMRVRTX1VQREFURV9ISVNUT1JZIiwiVEVOQU5UX0VYUEVSSUVOQ0VTX0NSRUFURSIsIlRFTkFOVF9XSURHRVRTX1JFVFJJRVZFX1BVQkxJU0giLCJURU5BTlRfUExVR0lOX0NBVEVHT1JZX0NSRUFURSIsIlRFTkFOVF9ERVBFTkRFTkNZX1JFVFJJRVZFX0FMTCIsIlRFTkFOVF9XSURHRVRTX1BVQkxJU0giLCJURU5BTlRfUkVUUklFVkVfRklFTERTX09GX1BVQkxJU0hFRCIsIlRFTkFOVF9FWFBFUklFTkNFU19VUERBVEUiLCJURU5BTlRfQVBQTEVUU19DUkVBVEUiLCJURU5BTlRfUExVR0lOU19ERUxFVEUiLCJURU5BTlRfQVBQTEVUU19SRVRSSUVWRV9BTExfRFJBRlQiLCJURU5BTlRfUExVR0lOU19VUERBVEUiLCJURU5BTlRfQVBQTEVUU19SRVRSSUVWRV9GUk9NX0hJU1RPUlkiLCJURU5BTlRfUkVUUklFVkVfRklFTERTX09GX0RSQUZUIiwiVEVOQU5UX0FQUExFVFNfUkVUUklFVkVfUFVCTElTSEVEIiwiVEVOQU5UX0FQUExFVFNfUFVCTElTSEVEIiwiVEVOQU5UX1dJREdFVFNfUkVUUklFVkUiLCJURU5BTlRfUExVR0lOX0NBVEVHT1JZX0RFTEVURSIsIlRFTkFOVF9QTFVHSU5fQ0FURUdPUllfUFVCTElTSCIsIlRFTkFOVF9QTFVHSU5fQ0FURUdPUllfREVMRVRFX0NPTVBfRlJPTSIsIlRFTkFOVF9SRVRSSUVWRV9QVUJMSVNIRUQiLCJURU5BTlRfUExVR0lOU19SRVRSSUVWRSIsIlRFTkFOVF9QTFVHSU5TX0NSRUFURSIsIlRFTkFOVF9XSURHRVRTX0NSRUFURSIsIlRFTkFOVF9BUFBMRVRTX1JFVFJJRVZFX0FMTF9QVUJMSVNIRURfVEhVTUJOQUlMUyIsIk1PTkVUX1VTRVIiLCJURU5BTlRfRVhQRVJJRU5DRVNfREVMRVRFIiwiVEVOQU5UX0VYUEVSSUVOQ0VTX1BVQkxJU0giLCJURU5BTlRfUkVUUklFVkVfRlJPTV9ISVNUT1JZIiwiVEVOQU5UX1BMVUdJTl9DQVRFR09SWV9VUERBVEUiXX0sIlZJTkNJX21vYml1cyI6eyJyb2xlcyI6WyJWSU5DSV9VU0VSIl19LCJhY2NvdW50Ijp7InJvbGVzIjpbIm1hbmFnZS1hY2NvdW50IiwibWFuYWdlLWFjY291bnQtbGlua3MiLCJ2aWV3LXByb2ZpbGUiXX19LCJzY29wZSI6InByb2ZpbGUgZW1haWwiLCJyZXF1ZXN0ZXJUeXBlIjoiVEVOQU5UIiwiZW1haWxfdmVyaWZpZWQiOnRydWUsIm5hbWUiOiJBaWR0YWFzIEFpZHRhYXMiLCJ0ZW5hbnRJZCI6IjJjZjc2ZTVmLTI2YWQtNGYyYy1iY2NjLWY0YmMxZTdiZmI2NCIsInByZWZlcnJlZF91c2VybmFtZSI6InBhc3N3b3JkX3RlbmFudF9haWR0YWFzQGdhaWFuc29sdXRpb25zLmNvbSIsImdpdmVuX25hbWUiOiJBaWR0YWFzIiwiZmFtaWx5X25hbWUiOiJBaWR0YWFzIiwiZW1haWwiOiJwYXNzd29yZF90ZW5hbnRfYWlkdGFhc0BnYWlhbnNvbHV0aW9ucy5jb20ifQ.G22UWdZfpDy2T8neTapxgOEwLcTJnbjop5nrm13HlhaUON7HfGI1b-n7D7FRAcRr2u7xBEE7MwJ3OSJyfjIQamrmV1U0PYtVogiw3EQcp41YWWAnpuaG41KiZvYuxGdFO1uADRRSrbnzDP44nnh75gQxL-s_blP160DEyu4gIfJ3f3Vz_wI_6yZ1aqpsz-8r8YpbeQbgrcV577yF2lTbmavmNDA6R_FW2rF8Y-mLfFbhAkQqmpuYDWdXv7_cyOmECs53ROlGzPd-DIUi1mw9_Af0tIC6DKh1nbbp16VPKqzmCPVfI1VGNZSCzVYOAr-XApRi0JZ39ub0aO1FsZzCjA
Cookies:		&lt;none&gt;
Multiparts:		&lt;none&gt;
Body:			&lt;none&gt;

HTTP/1.1 401 Unauthorized
www-authenticate: Bearer realm=&quot;https://ig.aidtaas.com/mobius-payment-service/v1.0/wallets/opYJpid/currency/7d?force-delete=true&quot;, error=&quot;invalid_token&quot;
content-length: 14
content-type: text/plain
date: Fri, 21 Feb 2025 06:21:52 GMT
server: istio-envoy
x-envoy-upstream-service-time: 4

Jwt is expired
</system-out>
  </testcase>
  <testcase classname="unit4cases.EvoMaster_others_Test" name="test_54" time="0.048">
    <failure message="1 expectation failed.
Expected content-type &quot;application/json&quot; doesn&apos;t match actual content-type &quot;text/plain&quot;.
" type="java.lang.AssertionError">java.lang.AssertionError: 1 expectation failed.
Expected content-type &quot;application/json&quot; doesn&apos;t match actual content-type &quot;text/plain&quot;.

	at java.base/jdk.internal.reflect.DirectConstructorHandleAccessor.newInstance(DirectConstructorHandleAccessor.java:62)
	at java.base/java.lang.reflect.Constructor.newInstanceWithCaller(Constructor.java:502)
	at java.base/java.lang.reflect.Constructor.newInstance(Constructor.java:486)
	at org.codehaus.groovy.reflection.CachedConstructor.invoke(CachedConstructor.java:73)
	at org.codehaus.groovy.runtime.callsite.ConstructorSite$ConstructorSiteNoUnwrapNoCoerce.callConstructor(ConstructorSite.java:108)
	at org.codehaus.groovy.runtime.callsite.AbstractCallSite.callConstructor(AbstractCallSite.java:277)
	at io.restassured.internal.ResponseSpecificationImpl$HamcrestAssertionClosure.validate(ResponseSpecificationImpl.groovy:512)
	at io.restassured.internal.ResponseSpecificationImpl$HamcrestAssertionClosure$validate$1.call(Unknown Source)
	at io.restassured.internal.ResponseSpecificationImpl.validateResponseIfRequired(ResponseSpecificationImpl.groovy:696)
	at io.restassured.internal.ResponseSpecificationImpl.this$2$validateResponseIfRequired(ResponseSpecificationImpl.groovy)
	at java.base/jdk.internal.reflect.DirectMethodHandleAccessor.invoke(DirectMethodHandleAccessor.java:103)
	at java.base/java.lang.reflect.Method.invoke(Method.java:580)
	at org.codehaus.groovy.runtime.callsite.PlainObjectMetaMethodSite.doInvoke(PlainObjectMetaMethodSite.java:43)
	at org.codehaus.groovy.runtime.callsite.PogoMetaMethodSite$PogoCachedMethodSiteNoUnwrapNoCoerce.invoke(PogoMetaMethodSite.java:198)
	at org.codehaus.groovy.runtime.callsite.PogoMetaMethodSite.callCurrent(PogoMetaMethodSite.java:62)
	at org.codehaus.groovy.runtime.callsite.AbstractCallSite.callCurrent(AbstractCallSite.java:185)
	at io.restassured.internal.ResponseSpecificationImpl.contentType(ResponseSpecificationImpl.groovy:443)
	at io.restassured.internal.ValidatableResponseOptionsImpl.contentType(ValidatableResponseOptionsImpl.java:226)
	at unit4cases.EvoMaster_others_Test.test_54(EvoMaster_others_Test.java:1747)
	at java.base/jdk.internal.reflect.DirectMethodHandleAccessor.invoke(DirectMethodHandleAccessor.java:103)
	at java.base/java.lang.reflect.Method.invoke(Method.java:580)
	at org.junit.runners.model.FrameworkMethod$1.runReflectiveCall(FrameworkMethod.java:59)
	at org.junit.internal.runners.model.ReflectiveCallable.run(ReflectiveCallable.java:12)
	at org.junit.runners.model.FrameworkMethod.invokeExplosively(FrameworkMethod.java:56)
	at org.junit.internal.runners.statements.InvokeMethod.evaluate(InvokeMethod.java:17)
	at org.junit.internal.runners.statements.FailOnTimeout$CallableStatement.call(FailOnTimeout.java:299)
	at org.junit.internal.runners.statements.FailOnTimeout$CallableStatement.call(FailOnTimeout.java:293)
	at java.base/java.util.concurrent.FutureTask.run(FutureTask.java:317)
	at java.base/java.lang.Thread.run(Thread.java:1583)
</failure>
    <system-out>Request method:	POST
Request URI:	https://ig.aidtaas.com/mobius-payment-service/v1.0/walletToWallet
Proxy:			&lt;none&gt;
Request params:	&lt;none&gt;
Query params:	&lt;none&gt;
Form params:	&lt;none&gt;
Path params:	&lt;none&gt;
Headers:		Authorization=Bearer  eyJhbGciOiJSUzI1NiIsInR5cCIgOiAiSldUIiwia2lkIiA6ICI3Ny1NUVdFRTNHZE5adGlsWU5IYmpsa2dVSkpaWUJWVmN1UmFZdHl5ejFjIn0.eyJleHAiOjE3NDAwODgxMjAsImlhdCI6MTc0MDA1MjEyMCwianRpIjoiYjc4MDZhYTYtZWE3MS00NWJkLWI5ODMtOWU3MDE4OTc4NTYzIiwiaXNzIjoiaHR0cDovL2tleWNsb2FrLXNlcnZpY2Uua2V5Y2xvYWsuc3ZjLmNsdXN0ZXIubG9jYWw6ODA4MC9yZWFsbXMvbWFzdGVyIiwiYXVkIjpbIkJPTFRaTUFOTl9CT1RfbW9iaXVzIiwiUEFTQ0FMX0lOVEVMTElHRU5DRV9tb2JpdXMiLCJNT05FVF9tb2JpdXMiLCJWSU5DSV9tb2JpdXMiLCJhY2NvdW50Il0sInN1YiI6IjJjZjc2ZTVmLTI2YWQtNGYyYy1iY2NjLWY0YmMxZTdiZmI2NCIsInR5cCI6IkJlYXJlciIsImF6cCI6IkhPTEFDUkFDWV9tb2JpdXMiLCJzaWQiOiJmNjcwYzZjMi03OWYzLTQ2YzctOTE5Yy1hNTNhYmRiNTgwNDMiLCJhY3IiOiIxIiwiYWxsb3dlZC1vcmlnaW5zIjpbIi8qIl0sInJlYWxtX2FjY2VzcyI6eyJyb2xlcyI6WyJkZWZhdWx0LXJvbGVzLW1hc3RlciIsIkhDWV9URU5BTlRfQ1VTVE9NIiwib2ZmbGluZV9hY2Nlc3MiLCJCT0JfVEVOQU5UX0NVU1RPTSIsInVtYV9hdXRob3JpemF0aW9uIiwiUElfVEVOQU5UX0NVU1RPTSIsIk1PTkVUX1RFTkFOVF9DVVNUT00iXX0sInJlc291cmNlX2FjY2VzcyI6eyJCT0xUWk1BTk5fQk9UX21vYml1cyI6eyJyb2xlcyI6WyJURU5BTlRfV09SS0ZMT1dfU1VTUEVORF9QUk9DRVNTX0RFRklOSVRJT04iLCJURU5BTlRfV09SS0ZMT1dfU1VTUEVORF9JTlNUQU5DRSIsIlRFTkFOVF9XT1JLRkxPV19SRVRSSUVWRV9BTEwiLCJURU5BTlRfV09SS0ZMT1dfQUNUSVZBVEVfSU5TVEFOQ0UiLCJURU5BTlRfV09SS0ZMT1dfRVhFQ1VURSIsIlRFTkFOVF9XT1JLRkxPV19SRVRSSUVWRV9IT01FIiwiVEVOQU5UX1dPUktGTE9XX1JFVFJJRVZFX1NVU1BFTkRFRF9QUk9DRVNTX0RFRlMiLCJURU5BTlRfV09SS0ZMT1dfQUNUSVZBVEVfUlVOX0pPQiIsIlRFTkFOVF9XT1JLRkxPV19TVEFUVVMiLCJURU5BTlRfV09SS0ZMT1dfQ1JFQVRFIiwiVEVOQU5UX1dPUktGTE9XX0FDVElWSVRZX0RBVEFfQ09VTlQiLCJCT0xUWk1BTk5fQk9UX1VTRVIiLCJURU5BTlRfV09SS0ZMT1dfREVQTE9ZX1ZFUlNJT04iLCJURU5BTlRfV09SS0ZMT1dfSU1QT1JUIiwiVEVOQU5UX1dPUktGTE9XX1VQREFURSIsIlRFTkFOVF9XT1JLRkxPV19ERVBMT1kiLCJURU5BTlRfV09SS0ZMT1dfU1VTUEVORF9SVU5fSk9CIiwiVEVOQU5UX1dPUktGTE9XX1JFVFJJRVZFIiwiVEVOQU5UX1dPUktGTE9XX0RFTEVURSIsIlRFTkFOVF9XT1JLRkxPV19UUklHR0VSX01FU1NBR0VfTElTVEVORVIiXX0sIkhPTEFDUkFDWV9tb2JpdXMiOnsicm9sZXMiOlsiVEVOQU5UX1BST0RVQ1RfUkVUUklFVkVfTUFTVEVSX0NPTkZJRyIsIlRFTkFOVF9JTlZJVEFUSU9OX1JFU1BPTkQiLCJURU5BTlRfTkVHT1RJQVRJT05fQVBQUk9WQUxfQlVZRVIiLCJURU5BTlRfSU5WSVRBVElPTl9SRVRSSUVWRSIsIlRFTkFOVF9PUkdBTklaQVRJT05fQ1JFQVRFIiwiVEVOQU5UX0NSRUFURV9URU5BTlQiLCJURU5BTlRfU1VCX0FMTElBTkNFX1JFVFJJRVZFIiwiVEVOQU5UX1BMQVRGT1JNX0NSRUFURSIsIkhPTEFDUkFDWV9VU0VSIiwiVEVOQU5UX1JBVEVDQVJEX0NSRUFURSIsIlRFTkFOVF9QTEFURk9STV9SRVRSSUVWRSIsIlRFTkFOVF9SRVRSSUVWRV9CWV9CVVlFUl9QTEFURk9STSIsIlRFTkFOVF9TVUJfQUxMSUFOQ0VfUkVUUklFVkVfQUxMIiwiVEVOQU5UX1BST0RVQ1RfUkVUUklFVkUiLCJURU5BTlRfQUNDT1VOVF9ERUxFVEUiLCJURU5BTlRfQUxMSUFOQ0VfUkVUUklFVkUiLCJURU5BTlRfUExBVEZPUk1fVVBEQVRFIiwiVEVOQU5UX0lOVklUQVRJT05fQ1JFQVRFIiwiVEVOQU5UX1JBVEVDQVJEX1JFVFJJRVZFIiwiVEVOQU5UX09SR0FOSVpBVElPTl9VUERBVEUiLCJURU5BTlRfUkFURUNBUkRfVVBEQVRFIiwiVEVOQU5UX09SR0FOSVpBVElPTl9ERUxFVEUiLCJURU5BTlRfUExBVEZPUk1fREVMRVRFIiwiVEVOQU5UX1BST0RVQ1RfQ1JFQVRFIiwiVEVOQU5UX1NVQl9BTExJQU5DRV9DUkVBVEUiLCJURU5BTlRfUkFURUNBUkRfREVMRVRFIiwiVEVOQU5UX0FDQ09VTlRfQ1JFQVRFIiwiVEVOQU5UX0lOVklUQVRJT05fVVBEQVRFIiwiVEVOQU5UX1JFVFJJRVZFX1RFTkFOVCIsIlRFTkFOVF9JTlZJVEFUSU9OX0RFTEVURSIsIlRFTkFOVF9ORUdPVElBVElPTl9BUFBST1ZBTF9TVVBFUl9BRE1JTiIsIlRFTkFOVF9ORUdPVElBVElPTl9SRVRSSUVWRV9BTExfQkVUV0VFTl9CVVlFUl9TRUxMRVIiLCJURU5BTlRfUkVUUklFVkVfVEVOQU5UX0FMTCIsIlRFTkFOVF9ORUdPVElBVElPTl9DUkVBVEUiLCJURU5BTlRfVVBEQVRFX1RFTkFOVCIsIlRFTkFOVF9PUkdBTklaQVRJT05fUkVUUklFVkUiLCJURU5BTlRfQUNDT1VOVF9VUERBVEUiLCJURU5BTlRfUFJPRFVDVF9ERUxFVEUiLCJURU5BTlRfU1VCX0FMTElBTkNFX0RFTEVURSIsIlRFTkFOVF9ORUdPVElBVElPTl9BUFBST1ZBTF9TRUxMRVIiLCJURU5BTlRfU1VCX0FMTElBTkNFX1VQREFURSIsIlRFTkFOVF9QUk9EVUNUX1VQREFURSIsIlRFTkFOVF9BQ0NPVU5UX1JFVFJJRVZFIiwiVEVOQU5UX05FR09USUFUSU9OX1JFVFJJRVZFIiwiVEVOQU5UX0RFTEVURV9URU5BTlQiXX0sIlBBU0NBTF9JTlRFTExJR0VOQ0VfbW9iaXVzIjp7InJvbGVzIjpbIlRFTkFOVF9DT05URVhUX0RFTEVURSIsIlRFTkFOVF9DT05URVhUX1VQREFURSIsIlRFTkFOVF9CSUdRVUVSWV9SRVRSSUVWRSIsIlRFTkFOVF9CSUdRVUVSWV9VUERBVEUiLCJURU5BTlRfVU5JVkVSU0VfQ1JFQVRFIiwiVEVOQU5UX0NPSE9SVFNfUkVUUklFVkUiLCJURU5BTlRfQklHUVVFUllfQ1JFQVRFIiwiVEVOQU5UX0JJR1FVRVJZX0VWQUxVQVRFIiwiVEVOQU5UX0NPSE9SVFNfVVBEQVRFIiwiVEVOQU5UX0NPTlRFWFRfUkVUUklFVkUiLCJURU5BTlRfVU5JVkVSU0VfUkVUUklFVkUiLCJURU5BTlRfQ09IT1JUU19FVkFMVUFURSIsIlRFTkFOVF9CSUdRVUVSWV9ERUxFVEUiLCJURU5BTlRfU0NIRU1BX0NSRUFURSIsIlBBU0NBTF9JTlRFTExJR0VOQ0VfVVNFUiIsIlRFTkFOVF9DT0hPUlRTX0NSRUFURSIsIlRFTkFOVF9TQ0hFTUFfVVBEQVRFIiwiVEVOQU5UX0NPTlRFWFRfQVBQUk9WRSIsIlRFTkFOVF9VTklWRVJTRV9VUERBVEUiLCJURU5BTlRfQklHUVVFUllfQVBQUk9WRSIsIlRFTkFOVF9TQ0hFTUFfUkVUUklFVkUiLCJURU5BTlRfU0NIRU1BX0FQUFJPVkUiLCJURU5BTlRfQ09OVEVYVF9FVkFMVUFURSIsIlRFTkFOVF9TQ0hFTUFfREVMRVRFIiwiVEVOQU5UX0NPTlRFWFRfQ1JFQVRFIiwiVEVOQU5UX1NDSEVNQV9EQVRBX1JFVFJJRVZFIiwiVEVOQU5UX1NDSEVNQV9EQVRBX0RFTEVURSIsIlRFTkFOVF9TQ0hFTUFfREFUQV9VUERBVEUiLCJURU5BTlRfQ09IT1JUU19ERUxFVEUiLCJURU5BTlRfVU5JVkVSU0VfREVMRVRFIiwiVEVOQU5UX1NDSEVNQV9EQVRBX0lOR0VTVElPTiIsIlRFTkFOVF9DT0hPUlRTX0FQUFJPVkUiXX0sIk1PTkVUX21vYml1cyI6eyJyb2xlcyI6WyJURU5BTlRfQVBQTEVUU19SRVRSSUVWRV9BTExfUFVCTElTSEVEIiwiVEVOQU5UX1dJREdFVFNfUkVUUklFVkVfRFJBRlQiLCJURU5BTlRfV0lER0VUU19VUERBVEUiLCJURU5BTlRfQVBQTEVUU19ERUxFVEUiLCJURU5BTlRfV0lER0VUU19ERUxFVEUiLCJURU5BTlRfUExVR0lOX0NBVEVHT1JZX1JFVFJJRVZFX0FMTCIsIlRFTkFOVF9BUFBMRVRTX1VQREFURV9ISVNUT1JZIiwiVEVOQU5UX0VYUEVSSUVOQ0VTX0NSRUFURSIsIlRFTkFOVF9XSURHRVRTX1JFVFJJRVZFX1BVQkxJU0giLCJURU5BTlRfUExVR0lOX0NBVEVHT1JZX0NSRUFURSIsIlRFTkFOVF9ERVBFTkRFTkNZX1JFVFJJRVZFX0FMTCIsIlRFTkFOVF9XSURHRVRTX1BVQkxJU0giLCJURU5BTlRfUkVUUklFVkVfRklFTERTX09GX1BVQkxJU0hFRCIsIlRFTkFOVF9FWFBFUklFTkNFU19VUERBVEUiLCJURU5BTlRfQVBQTEVUU19DUkVBVEUiLCJURU5BTlRfUExVR0lOU19ERUxFVEUiLCJURU5BTlRfQVBQTEVUU19SRVRSSUVWRV9BTExfRFJBRlQiLCJURU5BTlRfUExVR0lOU19VUERBVEUiLCJURU5BTlRfQVBQTEVUU19SRVRSSUVWRV9GUk9NX0hJU1RPUlkiLCJURU5BTlRfUkVUUklFVkVfRklFTERTX09GX0RSQUZUIiwiVEVOQU5UX0FQUExFVFNfUkVUUklFVkVfUFVCTElTSEVEIiwiVEVOQU5UX0FQUExFVFNfUFVCTElTSEVEIiwiVEVOQU5UX1dJREdFVFNfUkVUUklFVkUiLCJURU5BTlRfUExVR0lOX0NBVEVHT1JZX0RFTEVURSIsIlRFTkFOVF9QTFVHSU5fQ0FURUdPUllfUFVCTElTSCIsIlRFTkFOVF9QTFVHSU5fQ0FURUdPUllfREVMRVRFX0NPTVBfRlJPTSIsIlRFTkFOVF9SRVRSSUVWRV9QVUJMSVNIRUQiLCJURU5BTlRfUExVR0lOU19SRVRSSUVWRSIsIlRFTkFOVF9QTFVHSU5TX0NSRUFURSIsIlRFTkFOVF9XSURHRVRTX0NSRUFURSIsIlRFTkFOVF9BUFBMRVRTX1JFVFJJRVZFX0FMTF9QVUJMSVNIRURfVEhVTUJOQUlMUyIsIk1PTkVUX1VTRVIiLCJURU5BTlRfRVhQRVJJRU5DRVNfREVMRVRFIiwiVEVOQU5UX0VYUEVSSUVOQ0VTX1BVQkxJU0giLCJURU5BTlRfUkVUUklFVkVfRlJPTV9ISVNUT1JZIiwiVEVOQU5UX1BMVUdJTl9DQVRFR09SWV9VUERBVEUiXX0sIlZJTkNJX21vYml1cyI6eyJyb2xlcyI6WyJWSU5DSV9VU0VSIl19LCJhY2NvdW50Ijp7InJvbGVzIjpbIm1hbmFnZS1hY2NvdW50IiwibWFuYWdlLWFjY291bnQtbGlua3MiLCJ2aWV3LXByb2ZpbGUiXX19LCJzY29wZSI6InByb2ZpbGUgZW1haWwiLCJyZXF1ZXN0ZXJUeXBlIjoiVEVOQU5UIiwiZW1haWxfdmVyaWZpZWQiOnRydWUsIm5hbWUiOiJBaWR0YWFzIEFpZHRhYXMiLCJ0ZW5hbnRJZCI6IjJjZjc2ZTVmLTI2YWQtNGYyYy1iY2NjLWY0YmMxZTdiZmI2NCIsInByZWZlcnJlZF91c2VybmFtZSI6InBhc3N3b3JkX3RlbmFudF9haWR0YWFzQGdhaWFuc29sdXRpb25zLmNvbSIsImdpdmVuX25hbWUiOiJBaWR0YWFzIiwiZmFtaWx5X25hbWUiOiJBaWR0YWFzIiwiZW1haWwiOiJwYXNzd29yZF90ZW5hbnRfYWlkdGFhc0BnYWlhbnNvbHV0aW9ucy5jb20ifQ.G22UWdZfpDy2T8neTapxgOEwLcTJnbjop5nrm13HlhaUON7HfGI1b-n7D7FRAcRr2u7xBEE7MwJ3OSJyfjIQamrmV1U0PYtVogiw3EQcp41YWWAnpuaG41KiZvYuxGdFO1uADRRSrbnzDP44nnh75gQxL-s_blP160DEyu4gIfJ3f3Vz_wI_6yZ1aqpsz-8r8YpbeQbgrcV577yF2lTbmavmNDA6R_FW2rF8Y-mLfFbhAkQqmpuYDWdXv7_cyOmECs53ROlGzPd-DIUi1mw9_Af0tIC6DKh1nbbp16VPKqzmCPVfI1VGNZSCzVYOAr-XApRi0JZ39ub0aO1FsZzCjA
				Accept=wgRxOHdNPL_qXD
				Content-Type=application/json
Cookies:		&lt;none&gt;
Multiparts:		&lt;none&gt;
Body:
{
    &quot;amount&quot;: 0.03467730735872021,
    &quot;creditEmaiId&quot;: &quot;Gymltnamcvdl4t&quot;,
    &quot;debitEmailId&quot;: &quot;aeSXygJz&quot;,
    &quot;jobId&quot;: &quot;OWLvTgF72p&quot;,
    &quot;appId&quot;: &quot;_5bI7JTjnM_ko3VO&quot;,
    &quot;buyerType&quot;: &quot;DphE2wxl&quot;,
    &quot;revenueType&quot;: &quot;MHPN0TilZlLTa_v&quot;,
    &quot;currency&quot;: &quot;DAYaMC8d&quot;,
    &quot;subAllianceId&quot;: &quot;JIt1aBKzVYksqzc&quot;
}

HTTP/1.1 401 Unauthorized
www-authenticate: Bearer realm=&quot;https://ig.aidtaas.com/mobius-payment-service/v1.0/walletToWallet&quot;, error=&quot;invalid_token&quot;
content-length: 14
content-type: text/plain
date: Fri, 21 Feb 2025 06:21:52 GMT
server: istio-envoy
x-envoy-upstream-service-time: 3

Jwt is expired
</system-out>
  </testcase>
  <testcase classname="unit4cases.EvoMaster_others_Test" name="test_55" time="0.053">
    <failure message="1 expectation failed.
Expected content-type &quot;application/json&quot; doesn&apos;t match actual content-type &quot;text/plain&quot;.
" type="java.lang.AssertionError">java.lang.AssertionError: 1 expectation failed.
Expected content-type &quot;application/json&quot; doesn&apos;t match actual content-type &quot;text/plain&quot;.

	at java.base/jdk.internal.reflect.DirectConstructorHandleAccessor.newInstance(DirectConstructorHandleAccessor.java:62)
	at java.base/java.lang.reflect.Constructor.newInstanceWithCaller(Constructor.java:502)
	at java.base/java.lang.reflect.Constructor.newInstance(Constructor.java:486)
	at org.codehaus.groovy.reflection.CachedConstructor.invoke(CachedConstructor.java:73)
	at org.codehaus.groovy.runtime.callsite.ConstructorSite$ConstructorSiteNoUnwrapNoCoerce.callConstructor(ConstructorSite.java:108)
	at org.codehaus.groovy.runtime.callsite.AbstractCallSite.callConstructor(AbstractCallSite.java:277)
	at io.restassured.internal.ResponseSpecificationImpl$HamcrestAssertionClosure.validate(ResponseSpecificationImpl.groovy:512)
	at io.restassured.internal.ResponseSpecificationImpl$HamcrestAssertionClosure$validate$1.call(Unknown Source)
	at io.restassured.internal.ResponseSpecificationImpl.validateResponseIfRequired(ResponseSpecificationImpl.groovy:696)
	at io.restassured.internal.ResponseSpecificationImpl.this$2$validateResponseIfRequired(ResponseSpecificationImpl.groovy)
	at java.base/jdk.internal.reflect.DirectMethodHandleAccessor.invoke(DirectMethodHandleAccessor.java:103)
	at java.base/java.lang.reflect.Method.invoke(Method.java:580)
	at org.codehaus.groovy.runtime.callsite.PlainObjectMetaMethodSite.doInvoke(PlainObjectMetaMethodSite.java:43)
	at org.codehaus.groovy.runtime.callsite.PogoMetaMethodSite$PogoCachedMethodSiteNoUnwrapNoCoerce.invoke(PogoMetaMethodSite.java:198)
	at org.codehaus.groovy.runtime.callsite.PogoMetaMethodSite.callCurrent(PogoMetaMethodSite.java:62)
	at org.codehaus.groovy.runtime.callsite.AbstractCallSite.callCurrent(AbstractCallSite.java:185)
	at io.restassured.internal.ResponseSpecificationImpl.contentType(ResponseSpecificationImpl.groovy:443)
	at io.restassured.internal.ValidatableResponseOptionsImpl.contentType(ValidatableResponseOptionsImpl.java:226)
	at unit4cases.EvoMaster_others_Test.test_55(EvoMaster_others_Test.java:1775)
	at java.base/jdk.internal.reflect.DirectMethodHandleAccessor.invoke(DirectMethodHandleAccessor.java:103)
	at java.base/java.lang.reflect.Method.invoke(Method.java:580)
	at org.junit.runners.model.FrameworkMethod$1.runReflectiveCall(FrameworkMethod.java:59)
	at org.junit.internal.runners.model.ReflectiveCallable.run(ReflectiveCallable.java:12)
	at org.junit.runners.model.FrameworkMethod.invokeExplosively(FrameworkMethod.java:56)
	at org.junit.internal.runners.statements.InvokeMethod.evaluate(InvokeMethod.java:17)
	at org.junit.internal.runners.statements.FailOnTimeout$CallableStatement.call(FailOnTimeout.java:299)
	at org.junit.internal.runners.statements.FailOnTimeout$CallableStatement.call(FailOnTimeout.java:293)
	at java.base/java.util.concurrent.FutureTask.run(FutureTask.java:317)
	at java.base/java.lang.Thread.run(Thread.java:1583)
</failure>
    <system-out>Request method:	GET
Request URI:	https://ig.aidtaas.com/mobius-payment-service/v1.0/wallets/o75/debit?amount=0.9659901964387124&amp;currency=dSzu
Proxy:			&lt;none&gt;
Request params:	&lt;none&gt;
Query params:	&lt;none&gt;
Form params:	&lt;none&gt;
Path params:	&lt;none&gt;
Headers:		Accept=application/json
				Authorization=Bearer  eyJhbGciOiJSUzI1NiIsInR5cCIgOiAiSldUIiwia2lkIiA6ICI3Ny1NUVdFRTNHZE5adGlsWU5IYmpsa2dVSkpaWUJWVmN1UmFZdHl5ejFjIn0.eyJleHAiOjE3NDAwODgxMjAsImlhdCI6MTc0MDA1MjEyMCwianRpIjoiYjc4MDZhYTYtZWE3MS00NWJkLWI5ODMtOWU3MDE4OTc4NTYzIiwiaXNzIjoiaHR0cDovL2tleWNsb2FrLXNlcnZpY2Uua2V5Y2xvYWsuc3ZjLmNsdXN0ZXIubG9jYWw6ODA4MC9yZWFsbXMvbWFzdGVyIiwiYXVkIjpbIkJPTFRaTUFOTl9CT1RfbW9iaXVzIiwiUEFTQ0FMX0lOVEVMTElHRU5DRV9tb2JpdXMiLCJNT05FVF9tb2JpdXMiLCJWSU5DSV9tb2JpdXMiLCJhY2NvdW50Il0sInN1YiI6IjJjZjc2ZTVmLTI2YWQtNGYyYy1iY2NjLWY0YmMxZTdiZmI2NCIsInR5cCI6IkJlYXJlciIsImF6cCI6IkhPTEFDUkFDWV9tb2JpdXMiLCJzaWQiOiJmNjcwYzZjMi03OWYzLTQ2YzctOTE5Yy1hNTNhYmRiNTgwNDMiLCJhY3IiOiIxIiwiYWxsb3dlZC1vcmlnaW5zIjpbIi8qIl0sInJlYWxtX2FjY2VzcyI6eyJyb2xlcyI6WyJkZWZhdWx0LXJvbGVzLW1hc3RlciIsIkhDWV9URU5BTlRfQ1VTVE9NIiwib2ZmbGluZV9hY2Nlc3MiLCJCT0JfVEVOQU5UX0NVU1RPTSIsInVtYV9hdXRob3JpemF0aW9uIiwiUElfVEVOQU5UX0NVU1RPTSIsIk1PTkVUX1RFTkFOVF9DVVNUT00iXX0sInJlc291cmNlX2FjY2VzcyI6eyJCT0xUWk1BTk5fQk9UX21vYml1cyI6eyJyb2xlcyI6WyJURU5BTlRfV09SS0ZMT1dfU1VTUEVORF9QUk9DRVNTX0RFRklOSVRJT04iLCJURU5BTlRfV09SS0ZMT1dfU1VTUEVORF9JTlNUQU5DRSIsIlRFTkFOVF9XT1JLRkxPV19SRVRSSUVWRV9BTEwiLCJURU5BTlRfV09SS0ZMT1dfQUNUSVZBVEVfSU5TVEFOQ0UiLCJURU5BTlRfV09SS0ZMT1dfRVhFQ1VURSIsIlRFTkFOVF9XT1JLRkxPV19SRVRSSUVWRV9IT01FIiwiVEVOQU5UX1dPUktGTE9XX1JFVFJJRVZFX1NVU1BFTkRFRF9QUk9DRVNTX0RFRlMiLCJURU5BTlRfV09SS0ZMT1dfQUNUSVZBVEVfUlVOX0pPQiIsIlRFTkFOVF9XT1JLRkxPV19TVEFUVVMiLCJURU5BTlRfV09SS0ZMT1dfQ1JFQVRFIiwiVEVOQU5UX1dPUktGTE9XX0FDVElWSVRZX0RBVEFfQ09VTlQiLCJCT0xUWk1BTk5fQk9UX1VTRVIiLCJURU5BTlRfV09SS0ZMT1dfREVQTE9ZX1ZFUlNJT04iLCJURU5BTlRfV09SS0ZMT1dfSU1QT1JUIiwiVEVOQU5UX1dPUktGTE9XX1VQREFURSIsIlRFTkFOVF9XT1JLRkxPV19ERVBMT1kiLCJURU5BTlRfV09SS0ZMT1dfU1VTUEVORF9SVU5fSk9CIiwiVEVOQU5UX1dPUktGTE9XX1JFVFJJRVZFIiwiVEVOQU5UX1dPUktGTE9XX0RFTEVURSIsIlRFTkFOVF9XT1JLRkxPV19UUklHR0VSX01FU1NBR0VfTElTVEVORVIiXX0sIkhPTEFDUkFDWV9tb2JpdXMiOnsicm9sZXMiOlsiVEVOQU5UX1BST0RVQ1RfUkVUUklFVkVfTUFTVEVSX0NPTkZJRyIsIlRFTkFOVF9JTlZJVEFUSU9OX1JFU1BPTkQiLCJURU5BTlRfTkVHT1RJQVRJT05fQVBQUk9WQUxfQlVZRVIiLCJURU5BTlRfSU5WSVRBVElPTl9SRVRSSUVWRSIsIlRFTkFOVF9PUkdBTklaQVRJT05fQ1JFQVRFIiwiVEVOQU5UX0NSRUFURV9URU5BTlQiLCJURU5BTlRfU1VCX0FMTElBTkNFX1JFVFJJRVZFIiwiVEVOQU5UX1BMQVRGT1JNX0NSRUFURSIsIkhPTEFDUkFDWV9VU0VSIiwiVEVOQU5UX1JBVEVDQVJEX0NSRUFURSIsIlRFTkFOVF9QTEFURk9STV9SRVRSSUVWRSIsIlRFTkFOVF9SRVRSSUVWRV9CWV9CVVlFUl9QTEFURk9STSIsIlRFTkFOVF9TVUJfQUxMSUFOQ0VfUkVUUklFVkVfQUxMIiwiVEVOQU5UX1BST0RVQ1RfUkVUUklFVkUiLCJURU5BTlRfQUNDT1VOVF9ERUxFVEUiLCJURU5BTlRfQUxMSUFOQ0VfUkVUUklFVkUiLCJURU5BTlRfUExBVEZPUk1fVVBEQVRFIiwiVEVOQU5UX0lOVklUQVRJT05fQ1JFQVRFIiwiVEVOQU5UX1JBVEVDQVJEX1JFVFJJRVZFIiwiVEVOQU5UX09SR0FOSVpBVElPTl9VUERBVEUiLCJURU5BTlRfUkFURUNBUkRfVVBEQVRFIiwiVEVOQU5UX09SR0FOSVpBVElPTl9ERUxFVEUiLCJURU5BTlRfUExBVEZPUk1fREVMRVRFIiwiVEVOQU5UX1BST0RVQ1RfQ1JFQVRFIiwiVEVOQU5UX1NVQl9BTExJQU5DRV9DUkVBVEUiLCJURU5BTlRfUkFURUNBUkRfREVMRVRFIiwiVEVOQU5UX0FDQ09VTlRfQ1JFQVRFIiwiVEVOQU5UX0lOVklUQVRJT05fVVBEQVRFIiwiVEVOQU5UX1JFVFJJRVZFX1RFTkFOVCIsIlRFTkFOVF9JTlZJVEFUSU9OX0RFTEVURSIsIlRFTkFOVF9ORUdPVElBVElPTl9BUFBST1ZBTF9TVVBFUl9BRE1JTiIsIlRFTkFOVF9ORUdPVElBVElPTl9SRVRSSUVWRV9BTExfQkVUV0VFTl9CVVlFUl9TRUxMRVIiLCJURU5BTlRfUkVUUklFVkVfVEVOQU5UX0FMTCIsIlRFTkFOVF9ORUdPVElBVElPTl9DUkVBVEUiLCJURU5BTlRfVVBEQVRFX1RFTkFOVCIsIlRFTkFOVF9PUkdBTklaQVRJT05fUkVUUklFVkUiLCJURU5BTlRfQUNDT1VOVF9VUERBVEUiLCJURU5BTlRfUFJPRFVDVF9ERUxFVEUiLCJURU5BTlRfU1VCX0FMTElBTkNFX0RFTEVURSIsIlRFTkFOVF9ORUdPVElBVElPTl9BUFBST1ZBTF9TRUxMRVIiLCJURU5BTlRfU1VCX0FMTElBTkNFX1VQREFURSIsIlRFTkFOVF9QUk9EVUNUX1VQREFURSIsIlRFTkFOVF9BQ0NPVU5UX1JFVFJJRVZFIiwiVEVOQU5UX05FR09USUFUSU9OX1JFVFJJRVZFIiwiVEVOQU5UX0RFTEVURV9URU5BTlQiXX0sIlBBU0NBTF9JTlRFTExJR0VOQ0VfbW9iaXVzIjp7InJvbGVzIjpbIlRFTkFOVF9DT05URVhUX0RFTEVURSIsIlRFTkFOVF9DT05URVhUX1VQREFURSIsIlRFTkFOVF9CSUdRVUVSWV9SRVRSSUVWRSIsIlRFTkFOVF9CSUdRVUVSWV9VUERBVEUiLCJURU5BTlRfVU5JVkVSU0VfQ1JFQVRFIiwiVEVOQU5UX0NPSE9SVFNfUkVUUklFVkUiLCJURU5BTlRfQklHUVVFUllfQ1JFQVRFIiwiVEVOQU5UX0JJR1FVRVJZX0VWQUxVQVRFIiwiVEVOQU5UX0NPSE9SVFNfVVBEQVRFIiwiVEVOQU5UX0NPTlRFWFRfUkVUUklFVkUiLCJURU5BTlRfVU5JVkVSU0VfUkVUUklFVkUiLCJURU5BTlRfQ09IT1JUU19FVkFMVUFURSIsIlRFTkFOVF9CSUdRVUVSWV9ERUxFVEUiLCJURU5BTlRfU0NIRU1BX0NSRUFURSIsIlBBU0NBTF9JTlRFTExJR0VOQ0VfVVNFUiIsIlRFTkFOVF9DT0hPUlRTX0NSRUFURSIsIlRFTkFOVF9TQ0hFTUFfVVBEQVRFIiwiVEVOQU5UX0NPTlRFWFRfQVBQUk9WRSIsIlRFTkFOVF9VTklWRVJTRV9VUERBVEUiLCJURU5BTlRfQklHUVVFUllfQVBQUk9WRSIsIlRFTkFOVF9TQ0hFTUFfUkVUUklFVkUiLCJURU5BTlRfU0NIRU1BX0FQUFJPVkUiLCJURU5BTlRfQ09OVEVYVF9FVkFMVUFURSIsIlRFTkFOVF9TQ0hFTUFfREVMRVRFIiwiVEVOQU5UX0NPTlRFWFRfQ1JFQVRFIiwiVEVOQU5UX1NDSEVNQV9EQVRBX1JFVFJJRVZFIiwiVEVOQU5UX1NDSEVNQV9EQVRBX0RFTEVURSIsIlRFTkFOVF9TQ0hFTUFfREFUQV9VUERBVEUiLCJURU5BTlRfQ09IT1JUU19ERUxFVEUiLCJURU5BTlRfVU5JVkVSU0VfREVMRVRFIiwiVEVOQU5UX1NDSEVNQV9EQVRBX0lOR0VTVElPTiIsIlRFTkFOVF9DT0hPUlRTX0FQUFJPVkUiXX0sIk1PTkVUX21vYml1cyI6eyJyb2xlcyI6WyJURU5BTlRfQVBQTEVUU19SRVRSSUVWRV9BTExfUFVCTElTSEVEIiwiVEVOQU5UX1dJREdFVFNfUkVUUklFVkVfRFJBRlQiLCJURU5BTlRfV0lER0VUU19VUERBVEUiLCJURU5BTlRfQVBQTEVUU19ERUxFVEUiLCJURU5BTlRfV0lER0VUU19ERUxFVEUiLCJURU5BTlRfUExVR0lOX0NBVEVHT1JZX1JFVFJJRVZFX0FMTCIsIlRFTkFOVF9BUFBMRVRTX1VQREFURV9ISVNUT1JZIiwiVEVOQU5UX0VYUEVSSUVOQ0VTX0NSRUFURSIsIlRFTkFOVF9XSURHRVRTX1JFVFJJRVZFX1BVQkxJU0giLCJURU5BTlRfUExVR0lOX0NBVEVHT1JZX0NSRUFURSIsIlRFTkFOVF9ERVBFTkRFTkNZX1JFVFJJRVZFX0FMTCIsIlRFTkFOVF9XSURHRVRTX1BVQkxJU0giLCJURU5BTlRfUkVUUklFVkVfRklFTERTX09GX1BVQkxJU0hFRCIsIlRFTkFOVF9FWFBFUklFTkNFU19VUERBVEUiLCJURU5BTlRfQVBQTEVUU19DUkVBVEUiLCJURU5BTlRfUExVR0lOU19ERUxFVEUiLCJURU5BTlRfQVBQTEVUU19SRVRSSUVWRV9BTExfRFJBRlQiLCJURU5BTlRfUExVR0lOU19VUERBVEUiLCJURU5BTlRfQVBQTEVUU19SRVRSSUVWRV9GUk9NX0hJU1RPUlkiLCJURU5BTlRfUkVUUklFVkVfRklFTERTX09GX0RSQUZUIiwiVEVOQU5UX0FQUExFVFNfUkVUUklFVkVfUFVCTElTSEVEIiwiVEVOQU5UX0FQUExFVFNfUFVCTElTSEVEIiwiVEVOQU5UX1dJREdFVFNfUkVUUklFVkUiLCJURU5BTlRfUExVR0lOX0NBVEVHT1JZX0RFTEVURSIsIlRFTkFOVF9QTFVHSU5fQ0FURUdPUllfUFVCTElTSCIsIlRFTkFOVF9QTFVHSU5fQ0FURUdPUllfREVMRVRFX0NPTVBfRlJPTSIsIlRFTkFOVF9SRVRSSUVWRV9QVUJMSVNIRUQiLCJURU5BTlRfUExVR0lOU19SRVRSSUVWRSIsIlRFTkFOVF9QTFVHSU5TX0NSRUFURSIsIlRFTkFOVF9XSURHRVRTX0NSRUFURSIsIlRFTkFOVF9BUFBMRVRTX1JFVFJJRVZFX0FMTF9QVUJMSVNIRURfVEhVTUJOQUlMUyIsIk1PTkVUX1VTRVIiLCJURU5BTlRfRVhQRVJJRU5DRVNfREVMRVRFIiwiVEVOQU5UX0VYUEVSSUVOQ0VTX1BVQkxJU0giLCJURU5BTlRfUkVUUklFVkVfRlJPTV9ISVNUT1JZIiwiVEVOQU5UX1BMVUdJTl9DQVRFR09SWV9VUERBVEUiXX0sIlZJTkNJX21vYml1cyI6eyJyb2xlcyI6WyJWSU5DSV9VU0VSIl19LCJhY2NvdW50Ijp7InJvbGVzIjpbIm1hbmFnZS1hY2NvdW50IiwibWFuYWdlLWFjY291bnQtbGlua3MiLCJ2aWV3LXByb2ZpbGUiXX19LCJzY29wZSI6InByb2ZpbGUgZW1haWwiLCJyZXF1ZXN0ZXJUeXBlIjoiVEVOQU5UIiwiZW1haWxfdmVyaWZpZWQiOnRydWUsIm5hbWUiOiJBaWR0YWFzIEFpZHRhYXMiLCJ0ZW5hbnRJZCI6IjJjZjc2ZTVmLTI2YWQtNGYyYy1iY2NjLWY0YmMxZTdiZmI2NCIsInByZWZlcnJlZF91c2VybmFtZSI6InBhc3N3b3JkX3RlbmFudF9haWR0YWFzQGdhaWFuc29sdXRpb25zLmNvbSIsImdpdmVuX25hbWUiOiJBaWR0YWFzIiwiZmFtaWx5X25hbWUiOiJBaWR0YWFzIiwiZW1haWwiOiJwYXNzd29yZF90ZW5hbnRfYWlkdGFhc0BnYWlhbnNvbHV0aW9ucy5jb20ifQ.G22UWdZfpDy2T8neTapxgOEwLcTJnbjop5nrm13HlhaUON7HfGI1b-n7D7FRAcRr2u7xBEE7MwJ3OSJyfjIQamrmV1U0PYtVogiw3EQcp41YWWAnpuaG41KiZvYuxGdFO1uADRRSrbnzDP44nnh75gQxL-s_blP160DEyu4gIfJ3f3Vz_wI_6yZ1aqpsz-8r8YpbeQbgrcV577yF2lTbmavmNDA6R_FW2rF8Y-mLfFbhAkQqmpuYDWdXv7_cyOmECs53ROlGzPd-DIUi1mw9_Af0tIC6DKh1nbbp16VPKqzmCPVfI1VGNZSCzVYOAr-XApRi0JZ39ub0aO1FsZzCjA
Cookies:		&lt;none&gt;
Multiparts:		&lt;none&gt;
Body:			&lt;none&gt;

HTTP/1.1 401 Unauthorized
www-authenticate: Bearer realm=&quot;https://ig.aidtaas.com/mobius-payment-service/v1.0/wallets/o75/debit?amount=0.9659901964387124&amp;currency=dSzu&quot;, error=&quot;invalid_token&quot;
content-length: 14
content-type: text/plain
date: Fri, 21 Feb 2025 06:21:52 GMT
server: istio-envoy
x-envoy-upstream-service-time: 4

Jwt is expired
</system-out>
  </testcase>
  <testcase classname="unit4cases.EvoMaster_others_Test" name="test_56" time="0.055">
    <failure message="1 expectation failed.
Expected content-type &quot;application/json&quot; doesn&apos;t match actual content-type &quot;text/plain&quot;.
" type="java.lang.AssertionError">java.lang.AssertionError: 1 expectation failed.
Expected content-type &quot;application/json&quot; doesn&apos;t match actual content-type &quot;text/plain&quot;.

	at java.base/jdk.internal.reflect.DirectConstructorHandleAccessor.newInstance(DirectConstructorHandleAccessor.java:62)
	at java.base/java.lang.reflect.Constructor.newInstanceWithCaller(Constructor.java:502)
	at java.base/java.lang.reflect.Constructor.newInstance(Constructor.java:486)
	at org.codehaus.groovy.reflection.CachedConstructor.invoke(CachedConstructor.java:73)
	at org.codehaus.groovy.runtime.callsite.ConstructorSite$ConstructorSiteNoUnwrapNoCoerce.callConstructor(ConstructorSite.java:108)
	at org.codehaus.groovy.runtime.callsite.AbstractCallSite.callConstructor(AbstractCallSite.java:277)
	at io.restassured.internal.ResponseSpecificationImpl$HamcrestAssertionClosure.validate(ResponseSpecificationImpl.groovy:512)
	at io.restassured.internal.ResponseSpecificationImpl$HamcrestAssertionClosure$validate$1.call(Unknown Source)
	at io.restassured.internal.ResponseSpecificationImpl.validateResponseIfRequired(ResponseSpecificationImpl.groovy:696)
	at io.restassured.internal.ResponseSpecificationImpl.this$2$validateResponseIfRequired(ResponseSpecificationImpl.groovy)
	at java.base/jdk.internal.reflect.DirectMethodHandleAccessor.invoke(DirectMethodHandleAccessor.java:103)
	at java.base/java.lang.reflect.Method.invoke(Method.java:580)
	at org.codehaus.groovy.runtime.callsite.PlainObjectMetaMethodSite.doInvoke(PlainObjectMetaMethodSite.java:43)
	at org.codehaus.groovy.runtime.callsite.PogoMetaMethodSite$PogoCachedMethodSiteNoUnwrapNoCoerce.invoke(PogoMetaMethodSite.java:198)
	at org.codehaus.groovy.runtime.callsite.PogoMetaMethodSite.callCurrent(PogoMetaMethodSite.java:62)
	at org.codehaus.groovy.runtime.callsite.AbstractCallSite.callCurrent(AbstractCallSite.java:185)
	at io.restassured.internal.ResponseSpecificationImpl.contentType(ResponseSpecificationImpl.groovy:443)
	at io.restassured.internal.ValidatableResponseOptionsImpl.contentType(ValidatableResponseOptionsImpl.java:226)
	at unit4cases.EvoMaster_others_Test.test_56(EvoMaster_others_Test.java:1803)
	at java.base/jdk.internal.reflect.DirectMethodHandleAccessor.invoke(DirectMethodHandleAccessor.java:103)
	at java.base/java.lang.reflect.Method.invoke(Method.java:580)
	at org.junit.runners.model.FrameworkMethod$1.runReflectiveCall(FrameworkMethod.java:59)
	at org.junit.internal.runners.model.ReflectiveCallable.run(ReflectiveCallable.java:12)
	at org.junit.runners.model.FrameworkMethod.invokeExplosively(FrameworkMethod.java:56)
	at org.junit.internal.runners.statements.InvokeMethod.evaluate(InvokeMethod.java:17)
	at org.junit.internal.runners.statements.FailOnTimeout$CallableStatement.call(FailOnTimeout.java:299)
	at org.junit.internal.runners.statements.FailOnTimeout$CallableStatement.call(FailOnTimeout.java:293)
	at java.base/java.util.concurrent.FutureTask.run(FutureTask.java:317)
	at java.base/java.lang.Thread.run(Thread.java:1583)
</failure>
    <system-out>Request method:	GET
Request URI:	https://ig.aidtaas.com/mobius-payment-service/v1.0/bank-details?emailId+with+which+bankDetails+is+required=n&amp;pageable=%7B%22page%22%3A881%7D
Proxy:			&lt;none&gt;
Request params:	&lt;none&gt;
Query params:	&lt;none&gt;
Form params:	&lt;none&gt;
Path params:	&lt;none&gt;
Headers:		Accept=application/json
				Authorization=Bearer  eyJhbGciOiJSUzI1NiIsInR5cCIgOiAiSldUIiwia2lkIiA6ICI3Ny1NUVdFRTNHZE5adGlsWU5IYmpsa2dVSkpaWUJWVmN1UmFZdHl5ejFjIn0.eyJleHAiOjE3NDAwODgxMjAsImlhdCI6MTc0MDA1MjEyMCwianRpIjoiYjc4MDZhYTYtZWE3MS00NWJkLWI5ODMtOWU3MDE4OTc4NTYzIiwiaXNzIjoiaHR0cDovL2tleWNsb2FrLXNlcnZpY2Uua2V5Y2xvYWsuc3ZjLmNsdXN0ZXIubG9jYWw6ODA4MC9yZWFsbXMvbWFzdGVyIiwiYXVkIjpbIkJPTFRaTUFOTl9CT1RfbW9iaXVzIiwiUEFTQ0FMX0lOVEVMTElHRU5DRV9tb2JpdXMiLCJNT05FVF9tb2JpdXMiLCJWSU5DSV9tb2JpdXMiLCJhY2NvdW50Il0sInN1YiI6IjJjZjc2ZTVmLTI2YWQtNGYyYy1iY2NjLWY0YmMxZTdiZmI2NCIsInR5cCI6IkJlYXJlciIsImF6cCI6IkhPTEFDUkFDWV9tb2JpdXMiLCJzaWQiOiJmNjcwYzZjMi03OWYzLTQ2YzctOTE5Yy1hNTNhYmRiNTgwNDMiLCJhY3IiOiIxIiwiYWxsb3dlZC1vcmlnaW5zIjpbIi8qIl0sInJlYWxtX2FjY2VzcyI6eyJyb2xlcyI6WyJkZWZhdWx0LXJvbGVzLW1hc3RlciIsIkhDWV9URU5BTlRfQ1VTVE9NIiwib2ZmbGluZV9hY2Nlc3MiLCJCT0JfVEVOQU5UX0NVU1RPTSIsInVtYV9hdXRob3JpemF0aW9uIiwiUElfVEVOQU5UX0NVU1RPTSIsIk1PTkVUX1RFTkFOVF9DVVNUT00iXX0sInJlc291cmNlX2FjY2VzcyI6eyJCT0xUWk1BTk5fQk9UX21vYml1cyI6eyJyb2xlcyI6WyJURU5BTlRfV09SS0ZMT1dfU1VTUEVORF9QUk9DRVNTX0RFRklOSVRJT04iLCJURU5BTlRfV09SS0ZMT1dfU1VTUEVORF9JTlNUQU5DRSIsIlRFTkFOVF9XT1JLRkxPV19SRVRSSUVWRV9BTEwiLCJURU5BTlRfV09SS0ZMT1dfQUNUSVZBVEVfSU5TVEFOQ0UiLCJURU5BTlRfV09SS0ZMT1dfRVhFQ1VURSIsIlRFTkFOVF9XT1JLRkxPV19SRVRSSUVWRV9IT01FIiwiVEVOQU5UX1dPUktGTE9XX1JFVFJJRVZFX1NVU1BFTkRFRF9QUk9DRVNTX0RFRlMiLCJURU5BTlRfV09SS0ZMT1dfQUNUSVZBVEVfUlVOX0pPQiIsIlRFTkFOVF9XT1JLRkxPV19TVEFUVVMiLCJURU5BTlRfV09SS0ZMT1dfQ1JFQVRFIiwiVEVOQU5UX1dPUktGTE9XX0FDVElWSVRZX0RBVEFfQ09VTlQiLCJCT0xUWk1BTk5fQk9UX1VTRVIiLCJURU5BTlRfV09SS0ZMT1dfREVQTE9ZX1ZFUlNJT04iLCJURU5BTlRfV09SS0ZMT1dfSU1QT1JUIiwiVEVOQU5UX1dPUktGTE9XX1VQREFURSIsIlRFTkFOVF9XT1JLRkxPV19ERVBMT1kiLCJURU5BTlRfV09SS0ZMT1dfU1VTUEVORF9SVU5fSk9CIiwiVEVOQU5UX1dPUktGTE9XX1JFVFJJRVZFIiwiVEVOQU5UX1dPUktGTE9XX0RFTEVURSIsIlRFTkFOVF9XT1JLRkxPV19UUklHR0VSX01FU1NBR0VfTElTVEVORVIiXX0sIkhPTEFDUkFDWV9tb2JpdXMiOnsicm9sZXMiOlsiVEVOQU5UX1BST0RVQ1RfUkVUUklFVkVfTUFTVEVSX0NPTkZJRyIsIlRFTkFOVF9JTlZJVEFUSU9OX1JFU1BPTkQiLCJURU5BTlRfTkVHT1RJQVRJT05fQVBQUk9WQUxfQlVZRVIiLCJURU5BTlRfSU5WSVRBVElPTl9SRVRSSUVWRSIsIlRFTkFOVF9PUkdBTklaQVRJT05fQ1JFQVRFIiwiVEVOQU5UX0NSRUFURV9URU5BTlQiLCJURU5BTlRfU1VCX0FMTElBTkNFX1JFVFJJRVZFIiwiVEVOQU5UX1BMQVRGT1JNX0NSRUFURSIsIkhPTEFDUkFDWV9VU0VSIiwiVEVOQU5UX1JBVEVDQVJEX0NSRUFURSIsIlRFTkFOVF9QTEFURk9STV9SRVRSSUVWRSIsIlRFTkFOVF9SRVRSSUVWRV9CWV9CVVlFUl9QTEFURk9STSIsIlRFTkFOVF9TVUJfQUxMSUFOQ0VfUkVUUklFVkVfQUxMIiwiVEVOQU5UX1BST0RVQ1RfUkVUUklFVkUiLCJURU5BTlRfQUNDT1VOVF9ERUxFVEUiLCJURU5BTlRfQUxMSUFOQ0VfUkVUUklFVkUiLCJURU5BTlRfUExBVEZPUk1fVVBEQVRFIiwiVEVOQU5UX0lOVklUQVRJT05fQ1JFQVRFIiwiVEVOQU5UX1JBVEVDQVJEX1JFVFJJRVZFIiwiVEVOQU5UX09SR0FOSVpBVElPTl9VUERBVEUiLCJURU5BTlRfUkFURUNBUkRfVVBEQVRFIiwiVEVOQU5UX09SR0FOSVpBVElPTl9ERUxFVEUiLCJURU5BTlRfUExBVEZPUk1fREVMRVRFIiwiVEVOQU5UX1BST0RVQ1RfQ1JFQVRFIiwiVEVOQU5UX1NVQl9BTExJQU5DRV9DUkVBVEUiLCJURU5BTlRfUkFURUNBUkRfREVMRVRFIiwiVEVOQU5UX0FDQ09VTlRfQ1JFQVRFIiwiVEVOQU5UX0lOVklUQVRJT05fVVBEQVRFIiwiVEVOQU5UX1JFVFJJRVZFX1RFTkFOVCIsIlRFTkFOVF9JTlZJVEFUSU9OX0RFTEVURSIsIlRFTkFOVF9ORUdPVElBVElPTl9BUFBST1ZBTF9TVVBFUl9BRE1JTiIsIlRFTkFOVF9ORUdPVElBVElPTl9SRVRSSUVWRV9BTExfQkVUV0VFTl9CVVlFUl9TRUxMRVIiLCJURU5BTlRfUkVUUklFVkVfVEVOQU5UX0FMTCIsIlRFTkFOVF9ORUdPVElBVElPTl9DUkVBVEUiLCJURU5BTlRfVVBEQVRFX1RFTkFOVCIsIlRFTkFOVF9PUkdBTklaQVRJT05fUkVUUklFVkUiLCJURU5BTlRfQUNDT1VOVF9VUERBVEUiLCJURU5BTlRfUFJPRFVDVF9ERUxFVEUiLCJURU5BTlRfU1VCX0FMTElBTkNFX0RFTEVURSIsIlRFTkFOVF9ORUdPVElBVElPTl9BUFBST1ZBTF9TRUxMRVIiLCJURU5BTlRfU1VCX0FMTElBTkNFX1VQREFURSIsIlRFTkFOVF9QUk9EVUNUX1VQREFURSIsIlRFTkFOVF9BQ0NPVU5UX1JFVFJJRVZFIiwiVEVOQU5UX05FR09USUFUSU9OX1JFVFJJRVZFIiwiVEVOQU5UX0RFTEVURV9URU5BTlQiXX0sIlBBU0NBTF9JTlRFTExJR0VOQ0VfbW9iaXVzIjp7InJvbGVzIjpbIlRFTkFOVF9DT05URVhUX0RFTEVURSIsIlRFTkFOVF9DT05URVhUX1VQREFURSIsIlRFTkFOVF9CSUdRVUVSWV9SRVRSSUVWRSIsIlRFTkFOVF9CSUdRVUVSWV9VUERBVEUiLCJURU5BTlRfVU5JVkVSU0VfQ1JFQVRFIiwiVEVOQU5UX0NPSE9SVFNfUkVUUklFVkUiLCJURU5BTlRfQklHUVVFUllfQ1JFQVRFIiwiVEVOQU5UX0JJR1FVRVJZX0VWQUxVQVRFIiwiVEVOQU5UX0NPSE9SVFNfVVBEQVRFIiwiVEVOQU5UX0NPTlRFWFRfUkVUUklFVkUiLCJURU5BTlRfVU5JVkVSU0VfUkVUUklFVkUiLCJURU5BTlRfQ09IT1JUU19FVkFMVUFURSIsIlRFTkFOVF9CSUdRVUVSWV9ERUxFVEUiLCJURU5BTlRfU0NIRU1BX0NSRUFURSIsIlBBU0NBTF9JTlRFTExJR0VOQ0VfVVNFUiIsIlRFTkFOVF9DT0hPUlRTX0NSRUFURSIsIlRFTkFOVF9TQ0hFTUFfVVBEQVRFIiwiVEVOQU5UX0NPTlRFWFRfQVBQUk9WRSIsIlRFTkFOVF9VTklWRVJTRV9VUERBVEUiLCJURU5BTlRfQklHUVVFUllfQVBQUk9WRSIsIlRFTkFOVF9TQ0hFTUFfUkVUUklFVkUiLCJURU5BTlRfU0NIRU1BX0FQUFJPVkUiLCJURU5BTlRfQ09OVEVYVF9FVkFMVUFURSIsIlRFTkFOVF9TQ0hFTUFfREVMRVRFIiwiVEVOQU5UX0NPTlRFWFRfQ1JFQVRFIiwiVEVOQU5UX1NDSEVNQV9EQVRBX1JFVFJJRVZFIiwiVEVOQU5UX1NDSEVNQV9EQVRBX0RFTEVURSIsIlRFTkFOVF9TQ0hFTUFfREFUQV9VUERBVEUiLCJURU5BTlRfQ09IT1JUU19ERUxFVEUiLCJURU5BTlRfVU5JVkVSU0VfREVMRVRFIiwiVEVOQU5UX1NDSEVNQV9EQVRBX0lOR0VTVElPTiIsIlRFTkFOVF9DT0hPUlRTX0FQUFJPVkUiXX0sIk1PTkVUX21vYml1cyI6eyJyb2xlcyI6WyJURU5BTlRfQVBQTEVUU19SRVRSSUVWRV9BTExfUFVCTElTSEVEIiwiVEVOQU5UX1dJREdFVFNfUkVUUklFVkVfRFJBRlQiLCJURU5BTlRfV0lER0VUU19VUERBVEUiLCJURU5BTlRfQVBQTEVUU19ERUxFVEUiLCJURU5BTlRfV0lER0VUU19ERUxFVEUiLCJURU5BTlRfUExVR0lOX0NBVEVHT1JZX1JFVFJJRVZFX0FMTCIsIlRFTkFOVF9BUFBMRVRTX1VQREFURV9ISVNUT1JZIiwiVEVOQU5UX0VYUEVSSUVOQ0VTX0NSRUFURSIsIlRFTkFOVF9XSURHRVRTX1JFVFJJRVZFX1BVQkxJU0giLCJURU5BTlRfUExVR0lOX0NBVEVHT1JZX0NSRUFURSIsIlRFTkFOVF9ERVBFTkRFTkNZX1JFVFJJRVZFX0FMTCIsIlRFTkFOVF9XSURHRVRTX1BVQkxJU0giLCJURU5BTlRfUkVUUklFVkVfRklFTERTX09GX1BVQkxJU0hFRCIsIlRFTkFOVF9FWFBFUklFTkNFU19VUERBVEUiLCJURU5BTlRfQVBQTEVUU19DUkVBVEUiLCJURU5BTlRfUExVR0lOU19ERUxFVEUiLCJURU5BTlRfQVBQTEVUU19SRVRSSUVWRV9BTExfRFJBRlQiLCJURU5BTlRfUExVR0lOU19VUERBVEUiLCJURU5BTlRfQVBQTEVUU19SRVRSSUVWRV9GUk9NX0hJU1RPUlkiLCJURU5BTlRfUkVUUklFVkVfRklFTERTX09GX0RSQUZUIiwiVEVOQU5UX0FQUExFVFNfUkVUUklFVkVfUFVCTElTSEVEIiwiVEVOQU5UX0FQUExFVFNfUFVCTElTSEVEIiwiVEVOQU5UX1dJREdFVFNfUkVUUklFVkUiLCJURU5BTlRfUExVR0lOX0NBVEVHT1JZX0RFTEVURSIsIlRFTkFOVF9QTFVHSU5fQ0FURUdPUllfUFVCTElTSCIsIlRFTkFOVF9QTFVHSU5fQ0FURUdPUllfREVMRVRFX0NPTVBfRlJPTSIsIlRFTkFOVF9SRVRSSUVWRV9QVUJMSVNIRUQiLCJURU5BTlRfUExVR0lOU19SRVRSSUVWRSIsIlRFTkFOVF9QTFVHSU5TX0NSRUFURSIsIlRFTkFOVF9XSURHRVRTX0NSRUFURSIsIlRFTkFOVF9BUFBMRVRTX1JFVFJJRVZFX0FMTF9QVUJMSVNIRURfVEhVTUJOQUlMUyIsIk1PTkVUX1VTRVIiLCJURU5BTlRfRVhQRVJJRU5DRVNfREVMRVRFIiwiVEVOQU5UX0VYUEVSSUVOQ0VTX1BVQkxJU0giLCJURU5BTlRfUkVUUklFVkVfRlJPTV9ISVNUT1JZIiwiVEVOQU5UX1BMVUdJTl9DQVRFR09SWV9VUERBVEUiXX0sIlZJTkNJX21vYml1cyI6eyJyb2xlcyI6WyJWSU5DSV9VU0VSIl19LCJhY2NvdW50Ijp7InJvbGVzIjpbIm1hbmFnZS1hY2NvdW50IiwibWFuYWdlLWFjY291bnQtbGlua3MiLCJ2aWV3LXByb2ZpbGUiXX19LCJzY29wZSI6InByb2ZpbGUgZW1haWwiLCJyZXF1ZXN0ZXJUeXBlIjoiVEVOQU5UIiwiZW1haWxfdmVyaWZpZWQiOnRydWUsIm5hbWUiOiJBaWR0YWFzIEFpZHRhYXMiLCJ0ZW5hbnRJZCI6IjJjZjc2ZTVmLTI2YWQtNGYyYy1iY2NjLWY0YmMxZTdiZmI2NCIsInByZWZlcnJlZF91c2VybmFtZSI6InBhc3N3b3JkX3RlbmFudF9haWR0YWFzQGdhaWFuc29sdXRpb25zLmNvbSIsImdpdmVuX25hbWUiOiJBaWR0YWFzIiwiZmFtaWx5X25hbWUiOiJBaWR0YWFzIiwiZW1haWwiOiJwYXNzd29yZF90ZW5hbnRfYWlkdGFhc0BnYWlhbnNvbHV0aW9ucy5jb20ifQ.G22UWdZfpDy2T8neTapxgOEwLcTJnbjop5nrm13HlhaUON7HfGI1b-n7D7FRAcRr2u7xBEE7MwJ3OSJyfjIQamrmV1U0PYtVogiw3EQcp41YWWAnpuaG41KiZvYuxGdFO1uADRRSrbnzDP44nnh75gQxL-s_blP160DEyu4gIfJ3f3Vz_wI_6yZ1aqpsz-8r8YpbeQbgrcV577yF2lTbmavmNDA6R_FW2rF8Y-mLfFbhAkQqmpuYDWdXv7_cyOmECs53ROlGzPd-DIUi1mw9_Af0tIC6DKh1nbbp16VPKqzmCPVfI1VGNZSCzVYOAr-XApRi0JZ39ub0aO1FsZzCjA
Cookies:		&lt;none&gt;
Multiparts:		&lt;none&gt;
Body:			&lt;none&gt;

HTTP/1.1 401 Unauthorized
www-authenticate: Bearer realm=&quot;https://ig.aidtaas.com/mobius-payment-service/v1.0/bank-details?emailId+with+which+bankDetails+is+required=n&amp;pageable=%7B%22page%22%3A881%7D&quot;, error=&quot;invalid_token&quot;
content-length: 14
content-type: text/plain
date: Fri, 21 Feb 2025 06:21:52 GMT
server: istio-envoy
x-envoy-upstream-service-time: 4

Jwt is expired
</system-out>
  </testcase>
  <testcase classname="unit4cases.EvoMaster_others_Test" name="test_57" time="0.047">
    <failure message="1 expectation failed.
Expected content-type &quot;application/json&quot; doesn&apos;t match actual content-type &quot;text/plain&quot;.
" type="java.lang.AssertionError">java.lang.AssertionError: 1 expectation failed.
Expected content-type &quot;application/json&quot; doesn&apos;t match actual content-type &quot;text/plain&quot;.

	at java.base/jdk.internal.reflect.DirectConstructorHandleAccessor.newInstance(DirectConstructorHandleAccessor.java:62)
	at java.base/java.lang.reflect.Constructor.newInstanceWithCaller(Constructor.java:502)
	at java.base/java.lang.reflect.Constructor.newInstance(Constructor.java:486)
	at org.codehaus.groovy.reflection.CachedConstructor.invoke(CachedConstructor.java:73)
	at org.codehaus.groovy.runtime.callsite.ConstructorSite$ConstructorSiteNoUnwrapNoCoerce.callConstructor(ConstructorSite.java:108)
	at org.codehaus.groovy.runtime.callsite.AbstractCallSite.callConstructor(AbstractCallSite.java:277)
	at io.restassured.internal.ResponseSpecificationImpl$HamcrestAssertionClosure.validate(ResponseSpecificationImpl.groovy:512)
	at io.restassured.internal.ResponseSpecificationImpl$HamcrestAssertionClosure$validate$1.call(Unknown Source)
	at io.restassured.internal.ResponseSpecificationImpl.validateResponseIfRequired(ResponseSpecificationImpl.groovy:696)
	at io.restassured.internal.ResponseSpecificationImpl.this$2$validateResponseIfRequired(ResponseSpecificationImpl.groovy)
	at java.base/jdk.internal.reflect.DirectMethodHandleAccessor.invoke(DirectMethodHandleAccessor.java:103)
	at java.base/java.lang.reflect.Method.invoke(Method.java:580)
	at org.codehaus.groovy.runtime.callsite.PlainObjectMetaMethodSite.doInvoke(PlainObjectMetaMethodSite.java:43)
	at org.codehaus.groovy.runtime.callsite.PogoMetaMethodSite$PogoCachedMethodSiteNoUnwrapNoCoerce.invoke(PogoMetaMethodSite.java:198)
	at org.codehaus.groovy.runtime.callsite.PogoMetaMethodSite.callCurrent(PogoMetaMethodSite.java:62)
	at org.codehaus.groovy.runtime.callsite.AbstractCallSite.callCurrent(AbstractCallSite.java:185)
	at io.restassured.internal.ResponseSpecificationImpl.contentType(ResponseSpecificationImpl.groovy:443)
	at io.restassured.internal.ValidatableResponseOptionsImpl.contentType(ValidatableResponseOptionsImpl.java:226)
	at unit4cases.EvoMaster_others_Test.test_57(EvoMaster_others_Test.java:1829)
	at java.base/jdk.internal.reflect.DirectMethodHandleAccessor.invoke(DirectMethodHandleAccessor.java:103)
	at java.base/java.lang.reflect.Method.invoke(Method.java:580)
	at org.junit.runners.model.FrameworkMethod$1.runReflectiveCall(FrameworkMethod.java:59)
	at org.junit.internal.runners.model.ReflectiveCallable.run(ReflectiveCallable.java:12)
	at org.junit.runners.model.FrameworkMethod.invokeExplosively(FrameworkMethod.java:56)
	at org.junit.internal.runners.statements.InvokeMethod.evaluate(InvokeMethod.java:17)
	at org.junit.internal.runners.statements.FailOnTimeout$CallableStatement.call(FailOnTimeout.java:299)
	at org.junit.internal.runners.statements.FailOnTimeout$CallableStatement.call(FailOnTimeout.java:293)
	at java.base/java.util.concurrent.FutureTask.run(FutureTask.java:317)
	at java.base/java.lang.Thread.run(Thread.java:1583)
</failure>
    <system-out>Request method:	GET
Request URI:	https://ig.aidtaas.com/mobius-payment-service/v1.0/client-details?pageable=%7B%22page%22%3A440%2C+%22size%22%3A2147483341%2C+%22sort%22%3A%5B%22TY6ofk%22%2C+%227lAp4%22%2C+%22%22%2C+%22Wr%22%2C+%22BjVtj3XE1%22%5D%7D
Proxy:			&lt;none&gt;
Request params:	&lt;none&gt;
Query params:	&lt;none&gt;
Form params:	&lt;none&gt;
Path params:	&lt;none&gt;
Headers:		Accept=application/json
				Authorization=Bearer  eyJhbGciOiJSUzI1NiIsInR5cCIgOiAiSldUIiwia2lkIiA6ICI3Ny1NUVdFRTNHZE5adGlsWU5IYmpsa2dVSkpaWUJWVmN1UmFZdHl5ejFjIn0.eyJleHAiOjE3NDAwODgxMjAsImlhdCI6MTc0MDA1MjEyMCwianRpIjoiYjc4MDZhYTYtZWE3MS00NWJkLWI5ODMtOWU3MDE4OTc4NTYzIiwiaXNzIjoiaHR0cDovL2tleWNsb2FrLXNlcnZpY2Uua2V5Y2xvYWsuc3ZjLmNsdXN0ZXIubG9jYWw6ODA4MC9yZWFsbXMvbWFzdGVyIiwiYXVkIjpbIkJPTFRaTUFOTl9CT1RfbW9iaXVzIiwiUEFTQ0FMX0lOVEVMTElHRU5DRV9tb2JpdXMiLCJNT05FVF9tb2JpdXMiLCJWSU5DSV9tb2JpdXMiLCJhY2NvdW50Il0sInN1YiI6IjJjZjc2ZTVmLTI2YWQtNGYyYy1iY2NjLWY0YmMxZTdiZmI2NCIsInR5cCI6IkJlYXJlciIsImF6cCI6IkhPTEFDUkFDWV9tb2JpdXMiLCJzaWQiOiJmNjcwYzZjMi03OWYzLTQ2YzctOTE5Yy1hNTNhYmRiNTgwNDMiLCJhY3IiOiIxIiwiYWxsb3dlZC1vcmlnaW5zIjpbIi8qIl0sInJlYWxtX2FjY2VzcyI6eyJyb2xlcyI6WyJkZWZhdWx0LXJvbGVzLW1hc3RlciIsIkhDWV9URU5BTlRfQ1VTVE9NIiwib2ZmbGluZV9hY2Nlc3MiLCJCT0JfVEVOQU5UX0NVU1RPTSIsInVtYV9hdXRob3JpemF0aW9uIiwiUElfVEVOQU5UX0NVU1RPTSIsIk1PTkVUX1RFTkFOVF9DVVNUT00iXX0sInJlc291cmNlX2FjY2VzcyI6eyJCT0xUWk1BTk5fQk9UX21vYml1cyI6eyJyb2xlcyI6WyJURU5BTlRfV09SS0ZMT1dfU1VTUEVORF9QUk9DRVNTX0RFRklOSVRJT04iLCJURU5BTlRfV09SS0ZMT1dfU1VTUEVORF9JTlNUQU5DRSIsIlRFTkFOVF9XT1JLRkxPV19SRVRSSUVWRV9BTEwiLCJURU5BTlRfV09SS0ZMT1dfQUNUSVZBVEVfSU5TVEFOQ0UiLCJURU5BTlRfV09SS0ZMT1dfRVhFQ1VURSIsIlRFTkFOVF9XT1JLRkxPV19SRVRSSUVWRV9IT01FIiwiVEVOQU5UX1dPUktGTE9XX1JFVFJJRVZFX1NVU1BFTkRFRF9QUk9DRVNTX0RFRlMiLCJURU5BTlRfV09SS0ZMT1dfQUNUSVZBVEVfUlVOX0pPQiIsIlRFTkFOVF9XT1JLRkxPV19TVEFUVVMiLCJURU5BTlRfV09SS0ZMT1dfQ1JFQVRFIiwiVEVOQU5UX1dPUktGTE9XX0FDVElWSVRZX0RBVEFfQ09VTlQiLCJCT0xUWk1BTk5fQk9UX1VTRVIiLCJURU5BTlRfV09SS0ZMT1dfREVQTE9ZX1ZFUlNJT04iLCJURU5BTlRfV09SS0ZMT1dfSU1QT1JUIiwiVEVOQU5UX1dPUktGTE9XX1VQREFURSIsIlRFTkFOVF9XT1JLRkxPV19ERVBMT1kiLCJURU5BTlRfV09SS0ZMT1dfU1VTUEVORF9SVU5fSk9CIiwiVEVOQU5UX1dPUktGTE9XX1JFVFJJRVZFIiwiVEVOQU5UX1dPUktGTE9XX0RFTEVURSIsIlRFTkFOVF9XT1JLRkxPV19UUklHR0VSX01FU1NBR0VfTElTVEVORVIiXX0sIkhPTEFDUkFDWV9tb2JpdXMiOnsicm9sZXMiOlsiVEVOQU5UX1BST0RVQ1RfUkVUUklFVkVfTUFTVEVSX0NPTkZJRyIsIlRFTkFOVF9JTlZJVEFUSU9OX1JFU1BPTkQiLCJURU5BTlRfTkVHT1RJQVRJT05fQVBQUk9WQUxfQlVZRVIiLCJURU5BTlRfSU5WSVRBVElPTl9SRVRSSUVWRSIsIlRFTkFOVF9PUkdBTklaQVRJT05fQ1JFQVRFIiwiVEVOQU5UX0NSRUFURV9URU5BTlQiLCJURU5BTlRfU1VCX0FMTElBTkNFX1JFVFJJRVZFIiwiVEVOQU5UX1BMQVRGT1JNX0NSRUFURSIsIkhPTEFDUkFDWV9VU0VSIiwiVEVOQU5UX1JBVEVDQVJEX0NSRUFURSIsIlRFTkFOVF9QTEFURk9STV9SRVRSSUVWRSIsIlRFTkFOVF9SRVRSSUVWRV9CWV9CVVlFUl9QTEFURk9STSIsIlRFTkFOVF9TVUJfQUxMSUFOQ0VfUkVUUklFVkVfQUxMIiwiVEVOQU5UX1BST0RVQ1RfUkVUUklFVkUiLCJURU5BTlRfQUNDT1VOVF9ERUxFVEUiLCJURU5BTlRfQUxMSUFOQ0VfUkVUUklFVkUiLCJURU5BTlRfUExBVEZPUk1fVVBEQVRFIiwiVEVOQU5UX0lOVklUQVRJT05fQ1JFQVRFIiwiVEVOQU5UX1JBVEVDQVJEX1JFVFJJRVZFIiwiVEVOQU5UX09SR0FOSVpBVElPTl9VUERBVEUiLCJURU5BTlRfUkFURUNBUkRfVVBEQVRFIiwiVEVOQU5UX09SR0FOSVpBVElPTl9ERUxFVEUiLCJURU5BTlRfUExBVEZPUk1fREVMRVRFIiwiVEVOQU5UX1BST0RVQ1RfQ1JFQVRFIiwiVEVOQU5UX1NVQl9BTExJQU5DRV9DUkVBVEUiLCJURU5BTlRfUkFURUNBUkRfREVMRVRFIiwiVEVOQU5UX0FDQ09VTlRfQ1JFQVRFIiwiVEVOQU5UX0lOVklUQVRJT05fVVBEQVRFIiwiVEVOQU5UX1JFVFJJRVZFX1RFTkFOVCIsIlRFTkFOVF9JTlZJVEFUSU9OX0RFTEVURSIsIlRFTkFOVF9ORUdPVElBVElPTl9BUFBST1ZBTF9TVVBFUl9BRE1JTiIsIlRFTkFOVF9ORUdPVElBVElPTl9SRVRSSUVWRV9BTExfQkVUV0VFTl9CVVlFUl9TRUxMRVIiLCJURU5BTlRfUkVUUklFVkVfVEVOQU5UX0FMTCIsIlRFTkFOVF9ORUdPVElBVElPTl9DUkVBVEUiLCJURU5BTlRfVVBEQVRFX1RFTkFOVCIsIlRFTkFOVF9PUkdBTklaQVRJT05fUkVUUklFVkUiLCJURU5BTlRfQUNDT1VOVF9VUERBVEUiLCJURU5BTlRfUFJPRFVDVF9ERUxFVEUiLCJURU5BTlRfU1VCX0FMTElBTkNFX0RFTEVURSIsIlRFTkFOVF9ORUdPVElBVElPTl9BUFBST1ZBTF9TRUxMRVIiLCJURU5BTlRfU1VCX0FMTElBTkNFX1VQREFURSIsIlRFTkFOVF9QUk9EVUNUX1VQREFURSIsIlRFTkFOVF9BQ0NPVU5UX1JFVFJJRVZFIiwiVEVOQU5UX05FR09USUFUSU9OX1JFVFJJRVZFIiwiVEVOQU5UX0RFTEVURV9URU5BTlQiXX0sIlBBU0NBTF9JTlRFTExJR0VOQ0VfbW9iaXVzIjp7InJvbGVzIjpbIlRFTkFOVF9DT05URVhUX0RFTEVURSIsIlRFTkFOVF9DT05URVhUX1VQREFURSIsIlRFTkFOVF9CSUdRVUVSWV9SRVRSSUVWRSIsIlRFTkFOVF9CSUdRVUVSWV9VUERBVEUiLCJURU5BTlRfVU5JVkVSU0VfQ1JFQVRFIiwiVEVOQU5UX0NPSE9SVFNfUkVUUklFVkUiLCJURU5BTlRfQklHUVVFUllfQ1JFQVRFIiwiVEVOQU5UX0JJR1FVRVJZX0VWQUxVQVRFIiwiVEVOQU5UX0NPSE9SVFNfVVBEQVRFIiwiVEVOQU5UX0NPTlRFWFRfUkVUUklFVkUiLCJURU5BTlRfVU5JVkVSU0VfUkVUUklFVkUiLCJURU5BTlRfQ09IT1JUU19FVkFMVUFURSIsIlRFTkFOVF9CSUdRVUVSWV9ERUxFVEUiLCJURU5BTlRfU0NIRU1BX0NSRUFURSIsIlBBU0NBTF9JTlRFTExJR0VOQ0VfVVNFUiIsIlRFTkFOVF9DT0hPUlRTX0NSRUFURSIsIlRFTkFOVF9TQ0hFTUFfVVBEQVRFIiwiVEVOQU5UX0NPTlRFWFRfQVBQUk9WRSIsIlRFTkFOVF9VTklWRVJTRV9VUERBVEUiLCJURU5BTlRfQklHUVVFUllfQVBQUk9WRSIsIlRFTkFOVF9TQ0hFTUFfUkVUUklFVkUiLCJURU5BTlRfU0NIRU1BX0FQUFJPVkUiLCJURU5BTlRfQ09OVEVYVF9FVkFMVUFURSIsIlRFTkFOVF9TQ0hFTUFfREVMRVRFIiwiVEVOQU5UX0NPTlRFWFRfQ1JFQVRFIiwiVEVOQU5UX1NDSEVNQV9EQVRBX1JFVFJJRVZFIiwiVEVOQU5UX1NDSEVNQV9EQVRBX0RFTEVURSIsIlRFTkFOVF9TQ0hFTUFfREFUQV9VUERBVEUiLCJURU5BTlRfQ09IT1JUU19ERUxFVEUiLCJURU5BTlRfVU5JVkVSU0VfREVMRVRFIiwiVEVOQU5UX1NDSEVNQV9EQVRBX0lOR0VTVElPTiIsIlRFTkFOVF9DT0hPUlRTX0FQUFJPVkUiXX0sIk1PTkVUX21vYml1cyI6eyJyb2xlcyI6WyJURU5BTlRfQVBQTEVUU19SRVRSSUVWRV9BTExfUFVCTElTSEVEIiwiVEVOQU5UX1dJREdFVFNfUkVUUklFVkVfRFJBRlQiLCJURU5BTlRfV0lER0VUU19VUERBVEUiLCJURU5BTlRfQVBQTEVUU19ERUxFVEUiLCJURU5BTlRfV0lER0VUU19ERUxFVEUiLCJURU5BTlRfUExVR0lOX0NBVEVHT1JZX1JFVFJJRVZFX0FMTCIsIlRFTkFOVF9BUFBMRVRTX1VQREFURV9ISVNUT1JZIiwiVEVOQU5UX0VYUEVSSUVOQ0VTX0NSRUFURSIsIlRFTkFOVF9XSURHRVRTX1JFVFJJRVZFX1BVQkxJU0giLCJURU5BTlRfUExVR0lOX0NBVEVHT1JZX0NSRUFURSIsIlRFTkFOVF9ERVBFTkRFTkNZX1JFVFJJRVZFX0FMTCIsIlRFTkFOVF9XSURHRVRTX1BVQkxJU0giLCJURU5BTlRfUkVUUklFVkVfRklFTERTX09GX1BVQkxJU0hFRCIsIlRFTkFOVF9FWFBFUklFTkNFU19VUERBVEUiLCJURU5BTlRfQVBQTEVUU19DUkVBVEUiLCJURU5BTlRfUExVR0lOU19ERUxFVEUiLCJURU5BTlRfQVBQTEVUU19SRVRSSUVWRV9BTExfRFJBRlQiLCJURU5BTlRfUExVR0lOU19VUERBVEUiLCJURU5BTlRfQVBQTEVUU19SRVRSSUVWRV9GUk9NX0hJU1RPUlkiLCJURU5BTlRfUkVUUklFVkVfRklFTERTX09GX0RSQUZUIiwiVEVOQU5UX0FQUExFVFNfUkVUUklFVkVfUFVCTElTSEVEIiwiVEVOQU5UX0FQUExFVFNfUFVCTElTSEVEIiwiVEVOQU5UX1dJREdFVFNfUkVUUklFVkUiLCJURU5BTlRfUExVR0lOX0NBVEVHT1JZX0RFTEVURSIsIlRFTkFOVF9QTFVHSU5fQ0FURUdPUllfUFVCTElTSCIsIlRFTkFOVF9QTFVHSU5fQ0FURUdPUllfREVMRVRFX0NPTVBfRlJPTSIsIlRFTkFOVF9SRVRSSUVWRV9QVUJMSVNIRUQiLCJURU5BTlRfUExVR0lOU19SRVRSSUVWRSIsIlRFTkFOVF9QTFVHSU5TX0NSRUFURSIsIlRFTkFOVF9XSURHRVRTX0NSRUFURSIsIlRFTkFOVF9BUFBMRVRTX1JFVFJJRVZFX0FMTF9QVUJMSVNIRURfVEhVTUJOQUlMUyIsIk1PTkVUX1VTRVIiLCJURU5BTlRfRVhQRVJJRU5DRVNfREVMRVRFIiwiVEVOQU5UX0VYUEVSSUVOQ0VTX1BVQkxJU0giLCJURU5BTlRfUkVUUklFVkVfRlJPTV9ISVNUT1JZIiwiVEVOQU5UX1BMVUdJTl9DQVRFR09SWV9VUERBVEUiXX0sIlZJTkNJX21vYml1cyI6eyJyb2xlcyI6WyJWSU5DSV9VU0VSIl19LCJhY2NvdW50Ijp7InJvbGVzIjpbIm1hbmFnZS1hY2NvdW50IiwibWFuYWdlLWFjY291bnQtbGlua3MiLCJ2aWV3LXByb2ZpbGUiXX19LCJzY29wZSI6InByb2ZpbGUgZW1haWwiLCJyZXF1ZXN0ZXJUeXBlIjoiVEVOQU5UIiwiZW1haWxfdmVyaWZpZWQiOnRydWUsIm5hbWUiOiJBaWR0YWFzIEFpZHRhYXMiLCJ0ZW5hbnRJZCI6IjJjZjc2ZTVmLTI2YWQtNGYyYy1iY2NjLWY0YmMxZTdiZmI2NCIsInByZWZlcnJlZF91c2VybmFtZSI6InBhc3N3b3JkX3RlbmFudF9haWR0YWFzQGdhaWFuc29sdXRpb25zLmNvbSIsImdpdmVuX25hbWUiOiJBaWR0YWFzIiwiZmFtaWx5X25hbWUiOiJBaWR0YWFzIiwiZW1haWwiOiJwYXNzd29yZF90ZW5hbnRfYWlkdGFhc0BnYWlhbnNvbHV0aW9ucy5jb20ifQ.G22UWdZfpDy2T8neTapxgOEwLcTJnbjop5nrm13HlhaUON7HfGI1b-n7D7FRAcRr2u7xBEE7MwJ3OSJyfjIQamrmV1U0PYtVogiw3EQcp41YWWAnpuaG41KiZvYuxGdFO1uADRRSrbnzDP44nnh75gQxL-s_blP160DEyu4gIfJ3f3Vz_wI_6yZ1aqpsz-8r8YpbeQbgrcV577yF2lTbmavmNDA6R_FW2rF8Y-mLfFbhAkQqmpuYDWdXv7_cyOmECs53ROlGzPd-DIUi1mw9_Af0tIC6DKh1nbbp16VPKqzmCPVfI1VGNZSCzVYOAr-XApRi0JZ39ub0aO1FsZzCjA
Cookies:		&lt;none&gt;
Multiparts:		&lt;none&gt;
Body:			&lt;none&gt;

HTTP/1.1 401 Unauthorized
www-authenticate: Bearer realm=&quot;https://ig.aidtaas.com/mobius-payment-service/v1.0/client-details?pageable=%7B%22page%22%3A440%2C+%22size%22%3A2147483341%2C+%22sort%22%3A%5B%22TY6ofk%22%2C+%227lAp4%22%2C+%22%22%2C+%22Wr%22%2C+%22BjVtj3XE1%22%5D%7D&quot;, error=&quot;invalid_token&quot;
content-length: 14
content-type: text/plain
date: Fri, 21 Feb 2025 06:21:52 GMT
server: istio-envoy
x-envoy-upstream-service-time: 4

Jwt is expired
</system-out>
  </testcase>
  <testcase classname="unit4cases.EvoMaster_others_Test" name="test_58" time="0.059">
    <failure message="1 expectation failed.
Expected content-type &quot;application/json&quot; doesn&apos;t match actual content-type &quot;text/plain&quot;.
" type="java.lang.AssertionError">java.lang.AssertionError: 1 expectation failed.
Expected content-type &quot;application/json&quot; doesn&apos;t match actual content-type &quot;text/plain&quot;.

	at java.base/jdk.internal.reflect.DirectConstructorHandleAccessor.newInstance(DirectConstructorHandleAccessor.java:62)
	at java.base/java.lang.reflect.Constructor.newInstanceWithCaller(Constructor.java:502)
	at java.base/java.lang.reflect.Constructor.newInstance(Constructor.java:486)
	at org.codehaus.groovy.reflection.CachedConstructor.invoke(CachedConstructor.java:73)
	at org.codehaus.groovy.runtime.callsite.ConstructorSite$ConstructorSiteNoUnwrapNoCoerce.callConstructor(ConstructorSite.java:108)
	at org.codehaus.groovy.runtime.callsite.AbstractCallSite.callConstructor(AbstractCallSite.java:277)
	at io.restassured.internal.ResponseSpecificationImpl$HamcrestAssertionClosure.validate(ResponseSpecificationImpl.groovy:512)
	at io.restassured.internal.ResponseSpecificationImpl$HamcrestAssertionClosure$validate$1.call(Unknown Source)
	at io.restassured.internal.ResponseSpecificationImpl.validateResponseIfRequired(ResponseSpecificationImpl.groovy:696)
	at io.restassured.internal.ResponseSpecificationImpl.this$2$validateResponseIfRequired(ResponseSpecificationImpl.groovy)
	at java.base/jdk.internal.reflect.DirectMethodHandleAccessor.invoke(DirectMethodHandleAccessor.java:103)
	at java.base/java.lang.reflect.Method.invoke(Method.java:580)
	at org.codehaus.groovy.runtime.callsite.PlainObjectMetaMethodSite.doInvoke(PlainObjectMetaMethodSite.java:43)
	at org.codehaus.groovy.runtime.callsite.PogoMetaMethodSite$PogoCachedMethodSiteNoUnwrapNoCoerce.invoke(PogoMetaMethodSite.java:198)
	at org.codehaus.groovy.runtime.callsite.PogoMetaMethodSite.callCurrent(PogoMetaMethodSite.java:62)
	at org.codehaus.groovy.runtime.callsite.AbstractCallSite.callCurrent(AbstractCallSite.java:185)
	at io.restassured.internal.ResponseSpecificationImpl.contentType(ResponseSpecificationImpl.groovy:443)
	at io.restassured.internal.ValidatableResponseOptionsImpl.contentType(ValidatableResponseOptionsImpl.java:226)
	at unit4cases.EvoMaster_others_Test.test_58(EvoMaster_others_Test.java:1857)
	at java.base/jdk.internal.reflect.DirectMethodHandleAccessor.invoke(DirectMethodHandleAccessor.java:103)
	at java.base/java.lang.reflect.Method.invoke(Method.java:580)
	at org.junit.runners.model.FrameworkMethod$1.runReflectiveCall(FrameworkMethod.java:59)
	at org.junit.internal.runners.model.ReflectiveCallable.run(ReflectiveCallable.java:12)
	at org.junit.runners.model.FrameworkMethod.invokeExplosively(FrameworkMethod.java:56)
	at org.junit.internal.runners.statements.InvokeMethod.evaluate(InvokeMethod.java:17)
	at org.junit.internal.runners.statements.FailOnTimeout$CallableStatement.call(FailOnTimeout.java:299)
	at org.junit.internal.runners.statements.FailOnTimeout$CallableStatement.call(FailOnTimeout.java:293)
	at java.base/java.util.concurrent.FutureTask.run(FutureTask.java:317)
	at java.base/java.lang.Thread.run(Thread.java:1583)
</failure>
    <system-out>Request method:	GET
Request URI:	https://ig.aidtaas.com/mobius-payment-service/v1.0/bank-details?emailId+with+which+bankDetails+is+required=ZSJNGSSzd2ca&amp;pageable=%7B%22size%22%3A2147482831%7D
Proxy:			&lt;none&gt;
Request params:	&lt;none&gt;
Query params:	&lt;none&gt;
Form params:	&lt;none&gt;
Path params:	&lt;none&gt;
Headers:		Accept=application/json
				Authorization=Bearer  eyJhbGciOiJSUzI1NiIsInR5cCIgOiAiSldUIiwia2lkIiA6ICI3Ny1NUVdFRTNHZE5adGlsWU5IYmpsa2dVSkpaWUJWVmN1UmFZdHl5ejFjIn0.eyJleHAiOjE3NDAwODgxMjAsImlhdCI6MTc0MDA1MjEyMCwianRpIjoiYjc4MDZhYTYtZWE3MS00NWJkLWI5ODMtOWU3MDE4OTc4NTYzIiwiaXNzIjoiaHR0cDovL2tleWNsb2FrLXNlcnZpY2Uua2V5Y2xvYWsuc3ZjLmNsdXN0ZXIubG9jYWw6ODA4MC9yZWFsbXMvbWFzdGVyIiwiYXVkIjpbIkJPTFRaTUFOTl9CT1RfbW9iaXVzIiwiUEFTQ0FMX0lOVEVMTElHRU5DRV9tb2JpdXMiLCJNT05FVF9tb2JpdXMiLCJWSU5DSV9tb2JpdXMiLCJhY2NvdW50Il0sInN1YiI6IjJjZjc2ZTVmLTI2YWQtNGYyYy1iY2NjLWY0YmMxZTdiZmI2NCIsInR5cCI6IkJlYXJlciIsImF6cCI6IkhPTEFDUkFDWV9tb2JpdXMiLCJzaWQiOiJmNjcwYzZjMi03OWYzLTQ2YzctOTE5Yy1hNTNhYmRiNTgwNDMiLCJhY3IiOiIxIiwiYWxsb3dlZC1vcmlnaW5zIjpbIi8qIl0sInJlYWxtX2FjY2VzcyI6eyJyb2xlcyI6WyJkZWZhdWx0LXJvbGVzLW1hc3RlciIsIkhDWV9URU5BTlRfQ1VTVE9NIiwib2ZmbGluZV9hY2Nlc3MiLCJCT0JfVEVOQU5UX0NVU1RPTSIsInVtYV9hdXRob3JpemF0aW9uIiwiUElfVEVOQU5UX0NVU1RPTSIsIk1PTkVUX1RFTkFOVF9DVVNUT00iXX0sInJlc291cmNlX2FjY2VzcyI6eyJCT0xUWk1BTk5fQk9UX21vYml1cyI6eyJyb2xlcyI6WyJURU5BTlRfV09SS0ZMT1dfU1VTUEVORF9QUk9DRVNTX0RFRklOSVRJT04iLCJURU5BTlRfV09SS0ZMT1dfU1VTUEVORF9JTlNUQU5DRSIsIlRFTkFOVF9XT1JLRkxPV19SRVRSSUVWRV9BTEwiLCJURU5BTlRfV09SS0ZMT1dfQUNUSVZBVEVfSU5TVEFOQ0UiLCJURU5BTlRfV09SS0ZMT1dfRVhFQ1VURSIsIlRFTkFOVF9XT1JLRkxPV19SRVRSSUVWRV9IT01FIiwiVEVOQU5UX1dPUktGTE9XX1JFVFJJRVZFX1NVU1BFTkRFRF9QUk9DRVNTX0RFRlMiLCJURU5BTlRfV09SS0ZMT1dfQUNUSVZBVEVfUlVOX0pPQiIsIlRFTkFOVF9XT1JLRkxPV19TVEFUVVMiLCJURU5BTlRfV09SS0ZMT1dfQ1JFQVRFIiwiVEVOQU5UX1dPUktGTE9XX0FDVElWSVRZX0RBVEFfQ09VTlQiLCJCT0xUWk1BTk5fQk9UX1VTRVIiLCJURU5BTlRfV09SS0ZMT1dfREVQTE9ZX1ZFUlNJT04iLCJURU5BTlRfV09SS0ZMT1dfSU1QT1JUIiwiVEVOQU5UX1dPUktGTE9XX1VQREFURSIsIlRFTkFOVF9XT1JLRkxPV19ERVBMT1kiLCJURU5BTlRfV09SS0ZMT1dfU1VTUEVORF9SVU5fSk9CIiwiVEVOQU5UX1dPUktGTE9XX1JFVFJJRVZFIiwiVEVOQU5UX1dPUktGTE9XX0RFTEVURSIsIlRFTkFOVF9XT1JLRkxPV19UUklHR0VSX01FU1NBR0VfTElTVEVORVIiXX0sIkhPTEFDUkFDWV9tb2JpdXMiOnsicm9sZXMiOlsiVEVOQU5UX1BST0RVQ1RfUkVUUklFVkVfTUFTVEVSX0NPTkZJRyIsIlRFTkFOVF9JTlZJVEFUSU9OX1JFU1BPTkQiLCJURU5BTlRfTkVHT1RJQVRJT05fQVBQUk9WQUxfQlVZRVIiLCJURU5BTlRfSU5WSVRBVElPTl9SRVRSSUVWRSIsIlRFTkFOVF9PUkdBTklaQVRJT05fQ1JFQVRFIiwiVEVOQU5UX0NSRUFURV9URU5BTlQiLCJURU5BTlRfU1VCX0FMTElBTkNFX1JFVFJJRVZFIiwiVEVOQU5UX1BMQVRGT1JNX0NSRUFURSIsIkhPTEFDUkFDWV9VU0VSIiwiVEVOQU5UX1JBVEVDQVJEX0NSRUFURSIsIlRFTkFOVF9QTEFURk9STV9SRVRSSUVWRSIsIlRFTkFOVF9SRVRSSUVWRV9CWV9CVVlFUl9QTEFURk9STSIsIlRFTkFOVF9TVUJfQUxMSUFOQ0VfUkVUUklFVkVfQUxMIiwiVEVOQU5UX1BST0RVQ1RfUkVUUklFVkUiLCJURU5BTlRfQUNDT1VOVF9ERUxFVEUiLCJURU5BTlRfQUxMSUFOQ0VfUkVUUklFVkUiLCJURU5BTlRfUExBVEZPUk1fVVBEQVRFIiwiVEVOQU5UX0lOVklUQVRJT05fQ1JFQVRFIiwiVEVOQU5UX1JBVEVDQVJEX1JFVFJJRVZFIiwiVEVOQU5UX09SR0FOSVpBVElPTl9VUERBVEUiLCJURU5BTlRfUkFURUNBUkRfVVBEQVRFIiwiVEVOQU5UX09SR0FOSVpBVElPTl9ERUxFVEUiLCJURU5BTlRfUExBVEZPUk1fREVMRVRFIiwiVEVOQU5UX1BST0RVQ1RfQ1JFQVRFIiwiVEVOQU5UX1NVQl9BTExJQU5DRV9DUkVBVEUiLCJURU5BTlRfUkFURUNBUkRfREVMRVRFIiwiVEVOQU5UX0FDQ09VTlRfQ1JFQVRFIiwiVEVOQU5UX0lOVklUQVRJT05fVVBEQVRFIiwiVEVOQU5UX1JFVFJJRVZFX1RFTkFOVCIsIlRFTkFOVF9JTlZJVEFUSU9OX0RFTEVURSIsIlRFTkFOVF9ORUdPVElBVElPTl9BUFBST1ZBTF9TVVBFUl9BRE1JTiIsIlRFTkFOVF9ORUdPVElBVElPTl9SRVRSSUVWRV9BTExfQkVUV0VFTl9CVVlFUl9TRUxMRVIiLCJURU5BTlRfUkVUUklFVkVfVEVOQU5UX0FMTCIsIlRFTkFOVF9ORUdPVElBVElPTl9DUkVBVEUiLCJURU5BTlRfVVBEQVRFX1RFTkFOVCIsIlRFTkFOVF9PUkdBTklaQVRJT05fUkVUUklFVkUiLCJURU5BTlRfQUNDT1VOVF9VUERBVEUiLCJURU5BTlRfUFJPRFVDVF9ERUxFVEUiLCJURU5BTlRfU1VCX0FMTElBTkNFX0RFTEVURSIsIlRFTkFOVF9ORUdPVElBVElPTl9BUFBST1ZBTF9TRUxMRVIiLCJURU5BTlRfU1VCX0FMTElBTkNFX1VQREFURSIsIlRFTkFOVF9QUk9EVUNUX1VQREFURSIsIlRFTkFOVF9BQ0NPVU5UX1JFVFJJRVZFIiwiVEVOQU5UX05FR09USUFUSU9OX1JFVFJJRVZFIiwiVEVOQU5UX0RFTEVURV9URU5BTlQiXX0sIlBBU0NBTF9JTlRFTExJR0VOQ0VfbW9iaXVzIjp7InJvbGVzIjpbIlRFTkFOVF9DT05URVhUX0RFTEVURSIsIlRFTkFOVF9DT05URVhUX1VQREFURSIsIlRFTkFOVF9CSUdRVUVSWV9SRVRSSUVWRSIsIlRFTkFOVF9CSUdRVUVSWV9VUERBVEUiLCJURU5BTlRfVU5JVkVSU0VfQ1JFQVRFIiwiVEVOQU5UX0NPSE9SVFNfUkVUUklFVkUiLCJURU5BTlRfQklHUVVFUllfQ1JFQVRFIiwiVEVOQU5UX0JJR1FVRVJZX0VWQUxVQVRFIiwiVEVOQU5UX0NPSE9SVFNfVVBEQVRFIiwiVEVOQU5UX0NPTlRFWFRfUkVUUklFVkUiLCJURU5BTlRfVU5JVkVSU0VfUkVUUklFVkUiLCJURU5BTlRfQ09IT1JUU19FVkFMVUFURSIsIlRFTkFOVF9CSUdRVUVSWV9ERUxFVEUiLCJURU5BTlRfU0NIRU1BX0NSRUFURSIsIlBBU0NBTF9JTlRFTExJR0VOQ0VfVVNFUiIsIlRFTkFOVF9DT0hPUlRTX0NSRUFURSIsIlRFTkFOVF9TQ0hFTUFfVVBEQVRFIiwiVEVOQU5UX0NPTlRFWFRfQVBQUk9WRSIsIlRFTkFOVF9VTklWRVJTRV9VUERBVEUiLCJURU5BTlRfQklHUVVFUllfQVBQUk9WRSIsIlRFTkFOVF9TQ0hFTUFfUkVUUklFVkUiLCJURU5BTlRfU0NIRU1BX0FQUFJPVkUiLCJURU5BTlRfQ09OVEVYVF9FVkFMVUFURSIsIlRFTkFOVF9TQ0hFTUFfREVMRVRFIiwiVEVOQU5UX0NPTlRFWFRfQ1JFQVRFIiwiVEVOQU5UX1NDSEVNQV9EQVRBX1JFVFJJRVZFIiwiVEVOQU5UX1NDSEVNQV9EQVRBX0RFTEVURSIsIlRFTkFOVF9TQ0hFTUFfREFUQV9VUERBVEUiLCJURU5BTlRfQ09IT1JUU19ERUxFVEUiLCJURU5BTlRfVU5JVkVSU0VfREVMRVRFIiwiVEVOQU5UX1NDSEVNQV9EQVRBX0lOR0VTVElPTiIsIlRFTkFOVF9DT0hPUlRTX0FQUFJPVkUiXX0sIk1PTkVUX21vYml1cyI6eyJyb2xlcyI6WyJURU5BTlRfQVBQTEVUU19SRVRSSUVWRV9BTExfUFVCTElTSEVEIiwiVEVOQU5UX1dJREdFVFNfUkVUUklFVkVfRFJBRlQiLCJURU5BTlRfV0lER0VUU19VUERBVEUiLCJURU5BTlRfQVBQTEVUU19ERUxFVEUiLCJURU5BTlRfV0lER0VUU19ERUxFVEUiLCJURU5BTlRfUExVR0lOX0NBVEVHT1JZX1JFVFJJRVZFX0FMTCIsIlRFTkFOVF9BUFBMRVRTX1VQREFURV9ISVNUT1JZIiwiVEVOQU5UX0VYUEVSSUVOQ0VTX0NSRUFURSIsIlRFTkFOVF9XSURHRVRTX1JFVFJJRVZFX1BVQkxJU0giLCJURU5BTlRfUExVR0lOX0NBVEVHT1JZX0NSRUFURSIsIlRFTkFOVF9ERVBFTkRFTkNZX1JFVFJJRVZFX0FMTCIsIlRFTkFOVF9XSURHRVRTX1BVQkxJU0giLCJURU5BTlRfUkVUUklFVkVfRklFTERTX09GX1BVQkxJU0hFRCIsIlRFTkFOVF9FWFBFUklFTkNFU19VUERBVEUiLCJURU5BTlRfQVBQTEVUU19DUkVBVEUiLCJURU5BTlRfUExVR0lOU19ERUxFVEUiLCJURU5BTlRfQVBQTEVUU19SRVRSSUVWRV9BTExfRFJBRlQiLCJURU5BTlRfUExVR0lOU19VUERBVEUiLCJURU5BTlRfQVBQTEVUU19SRVRSSUVWRV9GUk9NX0hJU1RPUlkiLCJURU5BTlRfUkVUUklFVkVfRklFTERTX09GX0RSQUZUIiwiVEVOQU5UX0FQUExFVFNfUkVUUklFVkVfUFVCTElTSEVEIiwiVEVOQU5UX0FQUExFVFNfUFVCTElTSEVEIiwiVEVOQU5UX1dJREdFVFNfUkVUUklFVkUiLCJURU5BTlRfUExVR0lOX0NBVEVHT1JZX0RFTEVURSIsIlRFTkFOVF9QTFVHSU5fQ0FURUdPUllfUFVCTElTSCIsIlRFTkFOVF9QTFVHSU5fQ0FURUdPUllfREVMRVRFX0NPTVBfRlJPTSIsIlRFTkFOVF9SRVRSSUVWRV9QVUJMSVNIRUQiLCJURU5BTlRfUExVR0lOU19SRVRSSUVWRSIsIlRFTkFOVF9QTFVHSU5TX0NSRUFURSIsIlRFTkFOVF9XSURHRVRTX0NSRUFURSIsIlRFTkFOVF9BUFBMRVRTX1JFVFJJRVZFX0FMTF9QVUJMSVNIRURfVEhVTUJOQUlMUyIsIk1PTkVUX1VTRVIiLCJURU5BTlRfRVhQRVJJRU5DRVNfREVMRVRFIiwiVEVOQU5UX0VYUEVSSUVOQ0VTX1BVQkxJU0giLCJURU5BTlRfUkVUUklFVkVfRlJPTV9ISVNUT1JZIiwiVEVOQU5UX1BMVUdJTl9DQVRFR09SWV9VUERBVEUiXX0sIlZJTkNJX21vYml1cyI6eyJyb2xlcyI6WyJWSU5DSV9VU0VSIl19LCJhY2NvdW50Ijp7InJvbGVzIjpbIm1hbmFnZS1hY2NvdW50IiwibWFuYWdlLWFjY291bnQtbGlua3MiLCJ2aWV3LXByb2ZpbGUiXX19LCJzY29wZSI6InByb2ZpbGUgZW1haWwiLCJyZXF1ZXN0ZXJUeXBlIjoiVEVOQU5UIiwiZW1haWxfdmVyaWZpZWQiOnRydWUsIm5hbWUiOiJBaWR0YWFzIEFpZHRhYXMiLCJ0ZW5hbnRJZCI6IjJjZjc2ZTVmLTI2YWQtNGYyYy1iY2NjLWY0YmMxZTdiZmI2NCIsInByZWZlcnJlZF91c2VybmFtZSI6InBhc3N3b3JkX3RlbmFudF9haWR0YWFzQGdhaWFuc29sdXRpb25zLmNvbSIsImdpdmVuX25hbWUiOiJBaWR0YWFzIiwiZmFtaWx5X25hbWUiOiJBaWR0YWFzIiwiZW1haWwiOiJwYXNzd29yZF90ZW5hbnRfYWlkdGFhc0BnYWlhbnNvbHV0aW9ucy5jb20ifQ.G22UWdZfpDy2T8neTapxgOEwLcTJnbjop5nrm13HlhaUON7HfGI1b-n7D7FRAcRr2u7xBEE7MwJ3OSJyfjIQamrmV1U0PYtVogiw3EQcp41YWWAnpuaG41KiZvYuxGdFO1uADRRSrbnzDP44nnh75gQxL-s_blP160DEyu4gIfJ3f3Vz_wI_6yZ1aqpsz-8r8YpbeQbgrcV577yF2lTbmavmNDA6R_FW2rF8Y-mLfFbhAkQqmpuYDWdXv7_cyOmECs53ROlGzPd-DIUi1mw9_Af0tIC6DKh1nbbp16VPKqzmCPVfI1VGNZSCzVYOAr-XApRi0JZ39ub0aO1FsZzCjA
Cookies:		&lt;none&gt;
Multiparts:		&lt;none&gt;
Body:			&lt;none&gt;

HTTP/1.1 401 Unauthorized
www-authenticate: Bearer realm=&quot;https://ig.aidtaas.com/mobius-payment-service/v1.0/bank-details?emailId+with+which+bankDetails+is+required=ZSJNGSSzd2ca&amp;pageable=%7B%22size%22%3A2147482831%7D&quot;, error=&quot;invalid_token&quot;
content-length: 14
content-type: text/plain
date: Fri, 21 Feb 2025 06:21:52 GMT
server: istio-envoy
x-envoy-upstream-service-time: 7

Jwt is expired
</system-out>
  </testcase>
  <testcase classname="unit4cases.EvoMaster_others_Test" name="test_59" time="0.048">
    <failure message="1 expectation failed.
Expected content-type &quot;application/json&quot; doesn&apos;t match actual content-type &quot;text/plain&quot;.
" type="java.lang.AssertionError">java.lang.AssertionError: 1 expectation failed.
Expected content-type &quot;application/json&quot; doesn&apos;t match actual content-type &quot;text/plain&quot;.

	at java.base/jdk.internal.reflect.DirectConstructorHandleAccessor.newInstance(DirectConstructorHandleAccessor.java:62)
	at java.base/java.lang.reflect.Constructor.newInstanceWithCaller(Constructor.java:502)
	at java.base/java.lang.reflect.Constructor.newInstance(Constructor.java:486)
	at org.codehaus.groovy.reflection.CachedConstructor.invoke(CachedConstructor.java:73)
	at org.codehaus.groovy.runtime.callsite.ConstructorSite$ConstructorSiteNoUnwrapNoCoerce.callConstructor(ConstructorSite.java:108)
	at org.codehaus.groovy.runtime.callsite.AbstractCallSite.callConstructor(AbstractCallSite.java:277)
	at io.restassured.internal.ResponseSpecificationImpl$HamcrestAssertionClosure.validate(ResponseSpecificationImpl.groovy:512)
	at io.restassured.internal.ResponseSpecificationImpl$HamcrestAssertionClosure$validate$1.call(Unknown Source)
	at io.restassured.internal.ResponseSpecificationImpl.validateResponseIfRequired(ResponseSpecificationImpl.groovy:696)
	at io.restassured.internal.ResponseSpecificationImpl.this$2$validateResponseIfRequired(ResponseSpecificationImpl.groovy)
	at java.base/jdk.internal.reflect.DirectMethodHandleAccessor.invoke(DirectMethodHandleAccessor.java:103)
	at java.base/java.lang.reflect.Method.invoke(Method.java:580)
	at org.codehaus.groovy.runtime.callsite.PlainObjectMetaMethodSite.doInvoke(PlainObjectMetaMethodSite.java:43)
	at org.codehaus.groovy.runtime.callsite.PogoMetaMethodSite$PogoCachedMethodSiteNoUnwrapNoCoerce.invoke(PogoMetaMethodSite.java:198)
	at org.codehaus.groovy.runtime.callsite.PogoMetaMethodSite.callCurrent(PogoMetaMethodSite.java:62)
	at org.codehaus.groovy.runtime.callsite.AbstractCallSite.callCurrent(AbstractCallSite.java:185)
	at io.restassured.internal.ResponseSpecificationImpl.contentType(ResponseSpecificationImpl.groovy:443)
	at io.restassured.internal.ValidatableResponseOptionsImpl.contentType(ValidatableResponseOptionsImpl.java:226)
	at unit4cases.EvoMaster_others_Test.test_59(EvoMaster_others_Test.java:1885)
	at java.base/jdk.internal.reflect.DirectMethodHandleAccessor.invoke(DirectMethodHandleAccessor.java:103)
	at java.base/java.lang.reflect.Method.invoke(Method.java:580)
	at org.junit.runners.model.FrameworkMethod$1.runReflectiveCall(FrameworkMethod.java:59)
	at org.junit.internal.runners.model.ReflectiveCallable.run(ReflectiveCallable.java:12)
	at org.junit.runners.model.FrameworkMethod.invokeExplosively(FrameworkMethod.java:56)
	at org.junit.internal.runners.statements.InvokeMethod.evaluate(InvokeMethod.java:17)
	at org.junit.internal.runners.statements.FailOnTimeout$CallableStatement.call(FailOnTimeout.java:299)
	at org.junit.internal.runners.statements.FailOnTimeout$CallableStatement.call(FailOnTimeout.java:293)
	at java.base/java.util.concurrent.FutureTask.run(FutureTask.java:317)
	at java.base/java.lang.Thread.run(Thread.java:1583)
</failure>
    <system-out>Request method:	GET
Request URI:	https://ig.aidtaas.com/mobius-payment-service/v1.0/wallets/filter?Set+of+currencies=9bQi0e2&amp;platformId=l7BiC888qHg
Proxy:			&lt;none&gt;
Request params:	&lt;none&gt;
Query params:	&lt;none&gt;
Form params:	&lt;none&gt;
Path params:	&lt;none&gt;
Headers:		Accept=application/json
				Authorization=Bearer  eyJhbGciOiJSUzI1NiIsInR5cCIgOiAiSldUIiwia2lkIiA6ICI3Ny1NUVdFRTNHZE5adGlsWU5IYmpsa2dVSkpaWUJWVmN1UmFZdHl5ejFjIn0.eyJleHAiOjE3NDAwODgxMjAsImlhdCI6MTc0MDA1MjEyMCwianRpIjoiYjc4MDZhYTYtZWE3MS00NWJkLWI5ODMtOWU3MDE4OTc4NTYzIiwiaXNzIjoiaHR0cDovL2tleWNsb2FrLXNlcnZpY2Uua2V5Y2xvYWsuc3ZjLmNsdXN0ZXIubG9jYWw6ODA4MC9yZWFsbXMvbWFzdGVyIiwiYXVkIjpbIkJPTFRaTUFOTl9CT1RfbW9iaXVzIiwiUEFTQ0FMX0lOVEVMTElHRU5DRV9tb2JpdXMiLCJNT05FVF9tb2JpdXMiLCJWSU5DSV9tb2JpdXMiLCJhY2NvdW50Il0sInN1YiI6IjJjZjc2ZTVmLTI2YWQtNGYyYy1iY2NjLWY0YmMxZTdiZmI2NCIsInR5cCI6IkJlYXJlciIsImF6cCI6IkhPTEFDUkFDWV9tb2JpdXMiLCJzaWQiOiJmNjcwYzZjMi03OWYzLTQ2YzctOTE5Yy1hNTNhYmRiNTgwNDMiLCJhY3IiOiIxIiwiYWxsb3dlZC1vcmlnaW5zIjpbIi8qIl0sInJlYWxtX2FjY2VzcyI6eyJyb2xlcyI6WyJkZWZhdWx0LXJvbGVzLW1hc3RlciIsIkhDWV9URU5BTlRfQ1VTVE9NIiwib2ZmbGluZV9hY2Nlc3MiLCJCT0JfVEVOQU5UX0NVU1RPTSIsInVtYV9hdXRob3JpemF0aW9uIiwiUElfVEVOQU5UX0NVU1RPTSIsIk1PTkVUX1RFTkFOVF9DVVNUT00iXX0sInJlc291cmNlX2FjY2VzcyI6eyJCT0xUWk1BTk5fQk9UX21vYml1cyI6eyJyb2xlcyI6WyJURU5BTlRfV09SS0ZMT1dfU1VTUEVORF9QUk9DRVNTX0RFRklOSVRJT04iLCJURU5BTlRfV09SS0ZMT1dfU1VTUEVORF9JTlNUQU5DRSIsIlRFTkFOVF9XT1JLRkxPV19SRVRSSUVWRV9BTEwiLCJURU5BTlRfV09SS0ZMT1dfQUNUSVZBVEVfSU5TVEFOQ0UiLCJURU5BTlRfV09SS0ZMT1dfRVhFQ1VURSIsIlRFTkFOVF9XT1JLRkxPV19SRVRSSUVWRV9IT01FIiwiVEVOQU5UX1dPUktGTE9XX1JFVFJJRVZFX1NVU1BFTkRFRF9QUk9DRVNTX0RFRlMiLCJURU5BTlRfV09SS0ZMT1dfQUNUSVZBVEVfUlVOX0pPQiIsIlRFTkFOVF9XT1JLRkxPV19TVEFUVVMiLCJURU5BTlRfV09SS0ZMT1dfQ1JFQVRFIiwiVEVOQU5UX1dPUktGTE9XX0FDVElWSVRZX0RBVEFfQ09VTlQiLCJCT0xUWk1BTk5fQk9UX1VTRVIiLCJURU5BTlRfV09SS0ZMT1dfREVQTE9ZX1ZFUlNJT04iLCJURU5BTlRfV09SS0ZMT1dfSU1QT1JUIiwiVEVOQU5UX1dPUktGTE9XX1VQREFURSIsIlRFTkFOVF9XT1JLRkxPV19ERVBMT1kiLCJURU5BTlRfV09SS0ZMT1dfU1VTUEVORF9SVU5fSk9CIiwiVEVOQU5UX1dPUktGTE9XX1JFVFJJRVZFIiwiVEVOQU5UX1dPUktGTE9XX0RFTEVURSIsIlRFTkFOVF9XT1JLRkxPV19UUklHR0VSX01FU1NBR0VfTElTVEVORVIiXX0sIkhPTEFDUkFDWV9tb2JpdXMiOnsicm9sZXMiOlsiVEVOQU5UX1BST0RVQ1RfUkVUUklFVkVfTUFTVEVSX0NPTkZJRyIsIlRFTkFOVF9JTlZJVEFUSU9OX1JFU1BPTkQiLCJURU5BTlRfTkVHT1RJQVRJT05fQVBQUk9WQUxfQlVZRVIiLCJURU5BTlRfSU5WSVRBVElPTl9SRVRSSUVWRSIsIlRFTkFOVF9PUkdBTklaQVRJT05fQ1JFQVRFIiwiVEVOQU5UX0NSRUFURV9URU5BTlQiLCJURU5BTlRfU1VCX0FMTElBTkNFX1JFVFJJRVZFIiwiVEVOQU5UX1BMQVRGT1JNX0NSRUFURSIsIkhPTEFDUkFDWV9VU0VSIiwiVEVOQU5UX1JBVEVDQVJEX0NSRUFURSIsIlRFTkFOVF9QTEFURk9STV9SRVRSSUVWRSIsIlRFTkFOVF9SRVRSSUVWRV9CWV9CVVlFUl9QTEFURk9STSIsIlRFTkFOVF9TVUJfQUxMSUFOQ0VfUkVUUklFVkVfQUxMIiwiVEVOQU5UX1BST0RVQ1RfUkVUUklFVkUiLCJURU5BTlRfQUNDT1VOVF9ERUxFVEUiLCJURU5BTlRfQUxMSUFOQ0VfUkVUUklFVkUiLCJURU5BTlRfUExBVEZPUk1fVVBEQVRFIiwiVEVOQU5UX0lOVklUQVRJT05fQ1JFQVRFIiwiVEVOQU5UX1JBVEVDQVJEX1JFVFJJRVZFIiwiVEVOQU5UX09SR0FOSVpBVElPTl9VUERBVEUiLCJURU5BTlRfUkFURUNBUkRfVVBEQVRFIiwiVEVOQU5UX09SR0FOSVpBVElPTl9ERUxFVEUiLCJURU5BTlRfUExBVEZPUk1fREVMRVRFIiwiVEVOQU5UX1BST0RVQ1RfQ1JFQVRFIiwiVEVOQU5UX1NVQl9BTExJQU5DRV9DUkVBVEUiLCJURU5BTlRfUkFURUNBUkRfREVMRVRFIiwiVEVOQU5UX0FDQ09VTlRfQ1JFQVRFIiwiVEVOQU5UX0lOVklUQVRJT05fVVBEQVRFIiwiVEVOQU5UX1JFVFJJRVZFX1RFTkFOVCIsIlRFTkFOVF9JTlZJVEFUSU9OX0RFTEVURSIsIlRFTkFOVF9ORUdPVElBVElPTl9BUFBST1ZBTF9TVVBFUl9BRE1JTiIsIlRFTkFOVF9ORUdPVElBVElPTl9SRVRSSUVWRV9BTExfQkVUV0VFTl9CVVlFUl9TRUxMRVIiLCJURU5BTlRfUkVUUklFVkVfVEVOQU5UX0FMTCIsIlRFTkFOVF9ORUdPVElBVElPTl9DUkVBVEUiLCJURU5BTlRfVVBEQVRFX1RFTkFOVCIsIlRFTkFOVF9PUkdBTklaQVRJT05fUkVUUklFVkUiLCJURU5BTlRfQUNDT1VOVF9VUERBVEUiLCJURU5BTlRfUFJPRFVDVF9ERUxFVEUiLCJURU5BTlRfU1VCX0FMTElBTkNFX0RFTEVURSIsIlRFTkFOVF9ORUdPVElBVElPTl9BUFBST1ZBTF9TRUxMRVIiLCJURU5BTlRfU1VCX0FMTElBTkNFX1VQREFURSIsIlRFTkFOVF9QUk9EVUNUX1VQREFURSIsIlRFTkFOVF9BQ0NPVU5UX1JFVFJJRVZFIiwiVEVOQU5UX05FR09USUFUSU9OX1JFVFJJRVZFIiwiVEVOQU5UX0RFTEVURV9URU5BTlQiXX0sIlBBU0NBTF9JTlRFTExJR0VOQ0VfbW9iaXVzIjp7InJvbGVzIjpbIlRFTkFOVF9DT05URVhUX0RFTEVURSIsIlRFTkFOVF9DT05URVhUX1VQREFURSIsIlRFTkFOVF9CSUdRVUVSWV9SRVRSSUVWRSIsIlRFTkFOVF9CSUdRVUVSWV9VUERBVEUiLCJURU5BTlRfVU5JVkVSU0VfQ1JFQVRFIiwiVEVOQU5UX0NPSE9SVFNfUkVUUklFVkUiLCJURU5BTlRfQklHUVVFUllfQ1JFQVRFIiwiVEVOQU5UX0JJR1FVRVJZX0VWQUxVQVRFIiwiVEVOQU5UX0NPSE9SVFNfVVBEQVRFIiwiVEVOQU5UX0NPTlRFWFRfUkVUUklFVkUiLCJURU5BTlRfVU5JVkVSU0VfUkVUUklFVkUiLCJURU5BTlRfQ09IT1JUU19FVkFMVUFURSIsIlRFTkFOVF9CSUdRVUVSWV9ERUxFVEUiLCJURU5BTlRfU0NIRU1BX0NSRUFURSIsIlBBU0NBTF9JTlRFTExJR0VOQ0VfVVNFUiIsIlRFTkFOVF9DT0hPUlRTX0NSRUFURSIsIlRFTkFOVF9TQ0hFTUFfVVBEQVRFIiwiVEVOQU5UX0NPTlRFWFRfQVBQUk9WRSIsIlRFTkFOVF9VTklWRVJTRV9VUERBVEUiLCJURU5BTlRfQklHUVVFUllfQVBQUk9WRSIsIlRFTkFOVF9TQ0hFTUFfUkVUUklFVkUiLCJURU5BTlRfU0NIRU1BX0FQUFJPVkUiLCJURU5BTlRfQ09OVEVYVF9FVkFMVUFURSIsIlRFTkFOVF9TQ0hFTUFfREVMRVRFIiwiVEVOQU5UX0NPTlRFWFRfQ1JFQVRFIiwiVEVOQU5UX1NDSEVNQV9EQVRBX1JFVFJJRVZFIiwiVEVOQU5UX1NDSEVNQV9EQVRBX0RFTEVURSIsIlRFTkFOVF9TQ0hFTUFfREFUQV9VUERBVEUiLCJURU5BTlRfQ09IT1JUU19ERUxFVEUiLCJURU5BTlRfVU5JVkVSU0VfREVMRVRFIiwiVEVOQU5UX1NDSEVNQV9EQVRBX0lOR0VTVElPTiIsIlRFTkFOVF9DT0hPUlRTX0FQUFJPVkUiXX0sIk1PTkVUX21vYml1cyI6eyJyb2xlcyI6WyJURU5BTlRfQVBQTEVUU19SRVRSSUVWRV9BTExfUFVCTElTSEVEIiwiVEVOQU5UX1dJREdFVFNfUkVUUklFVkVfRFJBRlQiLCJURU5BTlRfV0lER0VUU19VUERBVEUiLCJURU5BTlRfQVBQTEVUU19ERUxFVEUiLCJURU5BTlRfV0lER0VUU19ERUxFVEUiLCJURU5BTlRfUExVR0lOX0NBVEVHT1JZX1JFVFJJRVZFX0FMTCIsIlRFTkFOVF9BUFBMRVRTX1VQREFURV9ISVNUT1JZIiwiVEVOQU5UX0VYUEVSSUVOQ0VTX0NSRUFURSIsIlRFTkFOVF9XSURHRVRTX1JFVFJJRVZFX1BVQkxJU0giLCJURU5BTlRfUExVR0lOX0NBVEVHT1JZX0NSRUFURSIsIlRFTkFOVF9ERVBFTkRFTkNZX1JFVFJJRVZFX0FMTCIsIlRFTkFOVF9XSURHRVRTX1BVQkxJU0giLCJURU5BTlRfUkVUUklFVkVfRklFTERTX09GX1BVQkxJU0hFRCIsIlRFTkFOVF9FWFBFUklFTkNFU19VUERBVEUiLCJURU5BTlRfQVBQTEVUU19DUkVBVEUiLCJURU5BTlRfUExVR0lOU19ERUxFVEUiLCJURU5BTlRfQVBQTEVUU19SRVRSSUVWRV9BTExfRFJBRlQiLCJURU5BTlRfUExVR0lOU19VUERBVEUiLCJURU5BTlRfQVBQTEVUU19SRVRSSUVWRV9GUk9NX0hJU1RPUlkiLCJURU5BTlRfUkVUUklFVkVfRklFTERTX09GX0RSQUZUIiwiVEVOQU5UX0FQUExFVFNfUkVUUklFVkVfUFVCTElTSEVEIiwiVEVOQU5UX0FQUExFVFNfUFVCTElTSEVEIiwiVEVOQU5UX1dJREdFVFNfUkVUUklFVkUiLCJURU5BTlRfUExVR0lOX0NBVEVHT1JZX0RFTEVURSIsIlRFTkFOVF9QTFVHSU5fQ0FURUdPUllfUFVCTElTSCIsIlRFTkFOVF9QTFVHSU5fQ0FURUdPUllfREVMRVRFX0NPTVBfRlJPTSIsIlRFTkFOVF9SRVRSSUVWRV9QVUJMSVNIRUQiLCJURU5BTlRfUExVR0lOU19SRVRSSUVWRSIsIlRFTkFOVF9QTFVHSU5TX0NSRUFURSIsIlRFTkFOVF9XSURHRVRTX0NSRUFURSIsIlRFTkFOVF9BUFBMRVRTX1JFVFJJRVZFX0FMTF9QVUJMSVNIRURfVEhVTUJOQUlMUyIsIk1PTkVUX1VTRVIiLCJURU5BTlRfRVhQRVJJRU5DRVNfREVMRVRFIiwiVEVOQU5UX0VYUEVSSUVOQ0VTX1BVQkxJU0giLCJURU5BTlRfUkVUUklFVkVfRlJPTV9ISVNUT1JZIiwiVEVOQU5UX1BMVUdJTl9DQVRFR09SWV9VUERBVEUiXX0sIlZJTkNJX21vYml1cyI6eyJyb2xlcyI6WyJWSU5DSV9VU0VSIl19LCJhY2NvdW50Ijp7InJvbGVzIjpbIm1hbmFnZS1hY2NvdW50IiwibWFuYWdlLWFjY291bnQtbGlua3MiLCJ2aWV3LXByb2ZpbGUiXX19LCJzY29wZSI6InByb2ZpbGUgZW1haWwiLCJyZXF1ZXN0ZXJUeXBlIjoiVEVOQU5UIiwiZW1haWxfdmVyaWZpZWQiOnRydWUsIm5hbWUiOiJBaWR0YWFzIEFpZHRhYXMiLCJ0ZW5hbnRJZCI6IjJjZjc2ZTVmLTI2YWQtNGYyYy1iY2NjLWY0YmMxZTdiZmI2NCIsInByZWZlcnJlZF91c2VybmFtZSI6InBhc3N3b3JkX3RlbmFudF9haWR0YWFzQGdhaWFuc29sdXRpb25zLmNvbSIsImdpdmVuX25hbWUiOiJBaWR0YWFzIiwiZmFtaWx5X25hbWUiOiJBaWR0YWFzIiwiZW1haWwiOiJwYXNzd29yZF90ZW5hbnRfYWlkdGFhc0BnYWlhbnNvbHV0aW9ucy5jb20ifQ.G22UWdZfpDy2T8neTapxgOEwLcTJnbjop5nrm13HlhaUON7HfGI1b-n7D7FRAcRr2u7xBEE7MwJ3OSJyfjIQamrmV1U0PYtVogiw3EQcp41YWWAnpuaG41KiZvYuxGdFO1uADRRSrbnzDP44nnh75gQxL-s_blP160DEyu4gIfJ3f3Vz_wI_6yZ1aqpsz-8r8YpbeQbgrcV577yF2lTbmavmNDA6R_FW2rF8Y-mLfFbhAkQqmpuYDWdXv7_cyOmECs53ROlGzPd-DIUi1mw9_Af0tIC6DKh1nbbp16VPKqzmCPVfI1VGNZSCzVYOAr-XApRi0JZ39ub0aO1FsZzCjA
Cookies:		&lt;none&gt;
Multiparts:		&lt;none&gt;
Body:			&lt;none&gt;

HTTP/1.1 401 Unauthorized
www-authenticate: Bearer realm=&quot;https://ig.aidtaas.com/mobius-payment-service/v1.0/wallets/filter?Set+of+currencies=pV&amp;Set+of+currencies=P7U5Eo9yMutIx&amp;Set+of+currencies=acYGtm8KrQF2&amp;Set+of+currencies=9bQi0e2&amp;platformId=l7BiC888qHg&quot;, error=&quot;invalid_token&quot;
content-length: 14
content-type: text/plain
date: Fri, 21 Feb 2025 06:21:52 GMT
server: istio-envoy
x-envoy-upstream-service-time: 3

Jwt is expired
</system-out>
  </testcase>
  <testcase classname="unit4cases.EvoMaster_others_Test" name="test_60" time="0.069">
    <failure message="1 expectation failed.
Expected content-type &quot;application/json&quot; doesn&apos;t match actual content-type &quot;text/plain&quot;.
" type="java.lang.AssertionError">java.lang.AssertionError: 1 expectation failed.
Expected content-type &quot;application/json&quot; doesn&apos;t match actual content-type &quot;text/plain&quot;.

	at java.base/jdk.internal.reflect.DirectConstructorHandleAccessor.newInstance(DirectConstructorHandleAccessor.java:62)
	at java.base/java.lang.reflect.Constructor.newInstanceWithCaller(Constructor.java:502)
	at java.base/java.lang.reflect.Constructor.newInstance(Constructor.java:486)
	at org.codehaus.groovy.reflection.CachedConstructor.invoke(CachedConstructor.java:73)
	at org.codehaus.groovy.runtime.callsite.ConstructorSite$ConstructorSiteNoUnwrapNoCoerce.callConstructor(ConstructorSite.java:108)
	at org.codehaus.groovy.runtime.callsite.AbstractCallSite.callConstructor(AbstractCallSite.java:277)
	at io.restassured.internal.ResponseSpecificationImpl$HamcrestAssertionClosure.validate(ResponseSpecificationImpl.groovy:512)
	at io.restassured.internal.ResponseSpecificationImpl$HamcrestAssertionClosure$validate$1.call(Unknown Source)
	at io.restassured.internal.ResponseSpecificationImpl.validateResponseIfRequired(ResponseSpecificationImpl.groovy:696)
	at io.restassured.internal.ResponseSpecificationImpl.this$2$validateResponseIfRequired(ResponseSpecificationImpl.groovy)
	at java.base/jdk.internal.reflect.DirectMethodHandleAccessor.invoke(DirectMethodHandleAccessor.java:103)
	at java.base/java.lang.reflect.Method.invoke(Method.java:580)
	at org.codehaus.groovy.runtime.callsite.PlainObjectMetaMethodSite.doInvoke(PlainObjectMetaMethodSite.java:43)
	at org.codehaus.groovy.runtime.callsite.PogoMetaMethodSite$PogoCachedMethodSiteNoUnwrapNoCoerce.invoke(PogoMetaMethodSite.java:198)
	at org.codehaus.groovy.runtime.callsite.PogoMetaMethodSite.callCurrent(PogoMetaMethodSite.java:62)
	at org.codehaus.groovy.runtime.callsite.AbstractCallSite.callCurrent(AbstractCallSite.java:185)
	at io.restassured.internal.ResponseSpecificationImpl.contentType(ResponseSpecificationImpl.groovy:443)
	at io.restassured.internal.ValidatableResponseOptionsImpl.contentType(ValidatableResponseOptionsImpl.java:226)
	at unit4cases.EvoMaster_others_Test.test_60(EvoMaster_others_Test.java:1987)
	at java.base/jdk.internal.reflect.DirectMethodHandleAccessor.invoke(DirectMethodHandleAccessor.java:103)
	at java.base/java.lang.reflect.Method.invoke(Method.java:580)
	at org.junit.runners.model.FrameworkMethod$1.runReflectiveCall(FrameworkMethod.java:59)
	at org.junit.internal.runners.model.ReflectiveCallable.run(ReflectiveCallable.java:12)
	at org.junit.runners.model.FrameworkMethod.invokeExplosively(FrameworkMethod.java:56)
	at org.junit.internal.runners.statements.InvokeMethod.evaluate(InvokeMethod.java:17)
	at org.junit.internal.runners.statements.FailOnTimeout$CallableStatement.call(FailOnTimeout.java:299)
	at org.junit.internal.runners.statements.FailOnTimeout$CallableStatement.call(FailOnTimeout.java:293)
	at java.base/java.util.concurrent.FutureTask.run(FutureTask.java:317)
	at java.base/java.lang.Thread.run(Thread.java:1583)
</failure>
    <system-out>Request method:	POST
Request URI:	https://ig.aidtaas.com/mobius-payment-service/v1.0/wallets/CCjO7thvdUYPl/credit
Proxy:			&lt;none&gt;
Request params:	&lt;none&gt;
Query params:	&lt;none&gt;
Form params:	&lt;none&gt;
Path params:	&lt;none&gt;
Headers:		Accept=application/json
				Authorization=Bearer  eyJhbGciOiJSUzI1NiIsInR5cCIgOiAiSldUIiwia2lkIiA6ICI3Ny1NUVdFRTNHZE5adGlsWU5IYmpsa2dVSkpaWUJWVmN1UmFZdHl5ejFjIn0.eyJleHAiOjE3NDAwODgxMjAsImlhdCI6MTc0MDA1MjEyMCwianRpIjoiYjc4MDZhYTYtZWE3MS00NWJkLWI5ODMtOWU3MDE4OTc4NTYzIiwiaXNzIjoiaHR0cDovL2tleWNsb2FrLXNlcnZpY2Uua2V5Y2xvYWsuc3ZjLmNsdXN0ZXIubG9jYWw6ODA4MC9yZWFsbXMvbWFzdGVyIiwiYXVkIjpbIkJPTFRaTUFOTl9CT1RfbW9iaXVzIiwiUEFTQ0FMX0lOVEVMTElHRU5DRV9tb2JpdXMiLCJNT05FVF9tb2JpdXMiLCJWSU5DSV9tb2JpdXMiLCJhY2NvdW50Il0sInN1YiI6IjJjZjc2ZTVmLTI2YWQtNGYyYy1iY2NjLWY0YmMxZTdiZmI2NCIsInR5cCI6IkJlYXJlciIsImF6cCI6IkhPTEFDUkFDWV9tb2JpdXMiLCJzaWQiOiJmNjcwYzZjMi03OWYzLTQ2YzctOTE5Yy1hNTNhYmRiNTgwNDMiLCJhY3IiOiIxIiwiYWxsb3dlZC1vcmlnaW5zIjpbIi8qIl0sInJlYWxtX2FjY2VzcyI6eyJyb2xlcyI6WyJkZWZhdWx0LXJvbGVzLW1hc3RlciIsIkhDWV9URU5BTlRfQ1VTVE9NIiwib2ZmbGluZV9hY2Nlc3MiLCJCT0JfVEVOQU5UX0NVU1RPTSIsInVtYV9hdXRob3JpemF0aW9uIiwiUElfVEVOQU5UX0NVU1RPTSIsIk1PTkVUX1RFTkFOVF9DVVNUT00iXX0sInJlc291cmNlX2FjY2VzcyI6eyJCT0xUWk1BTk5fQk9UX21vYml1cyI6eyJyb2xlcyI6WyJURU5BTlRfV09SS0ZMT1dfU1VTUEVORF9QUk9DRVNTX0RFRklOSVRJT04iLCJURU5BTlRfV09SS0ZMT1dfU1VTUEVORF9JTlNUQU5DRSIsIlRFTkFOVF9XT1JLRkxPV19SRVRSSUVWRV9BTEwiLCJURU5BTlRfV09SS0ZMT1dfQUNUSVZBVEVfSU5TVEFOQ0UiLCJURU5BTlRfV09SS0ZMT1dfRVhFQ1VURSIsIlRFTkFOVF9XT1JLRkxPV19SRVRSSUVWRV9IT01FIiwiVEVOQU5UX1dPUktGTE9XX1JFVFJJRVZFX1NVU1BFTkRFRF9QUk9DRVNTX0RFRlMiLCJURU5BTlRfV09SS0ZMT1dfQUNUSVZBVEVfUlVOX0pPQiIsIlRFTkFOVF9XT1JLRkxPV19TVEFUVVMiLCJURU5BTlRfV09SS0ZMT1dfQ1JFQVRFIiwiVEVOQU5UX1dPUktGTE9XX0FDVElWSVRZX0RBVEFfQ09VTlQiLCJCT0xUWk1BTk5fQk9UX1VTRVIiLCJURU5BTlRfV09SS0ZMT1dfREVQTE9ZX1ZFUlNJT04iLCJURU5BTlRfV09SS0ZMT1dfSU1QT1JUIiwiVEVOQU5UX1dPUktGTE9XX1VQREFURSIsIlRFTkFOVF9XT1JLRkxPV19ERVBMT1kiLCJURU5BTlRfV09SS0ZMT1dfU1VTUEVORF9SVU5fSk9CIiwiVEVOQU5UX1dPUktGTE9XX1JFVFJJRVZFIiwiVEVOQU5UX1dPUktGTE9XX0RFTEVURSIsIlRFTkFOVF9XT1JLRkxPV19UUklHR0VSX01FU1NBR0VfTElTVEVORVIiXX0sIkhPTEFDUkFDWV9tb2JpdXMiOnsicm9sZXMiOlsiVEVOQU5UX1BST0RVQ1RfUkVUUklFVkVfTUFTVEVSX0NPTkZJRyIsIlRFTkFOVF9JTlZJVEFUSU9OX1JFU1BPTkQiLCJURU5BTlRfTkVHT1RJQVRJT05fQVBQUk9WQUxfQlVZRVIiLCJURU5BTlRfSU5WSVRBVElPTl9SRVRSSUVWRSIsIlRFTkFOVF9PUkdBTklaQVRJT05fQ1JFQVRFIiwiVEVOQU5UX0NSRUFURV9URU5BTlQiLCJURU5BTlRfU1VCX0FMTElBTkNFX1JFVFJJRVZFIiwiVEVOQU5UX1BMQVRGT1JNX0NSRUFURSIsIkhPTEFDUkFDWV9VU0VSIiwiVEVOQU5UX1JBVEVDQVJEX0NSRUFURSIsIlRFTkFOVF9QTEFURk9STV9SRVRSSUVWRSIsIlRFTkFOVF9SRVRSSUVWRV9CWV9CVVlFUl9QTEFURk9STSIsIlRFTkFOVF9TVUJfQUxMSUFOQ0VfUkVUUklFVkVfQUxMIiwiVEVOQU5UX1BST0RVQ1RfUkVUUklFVkUiLCJURU5BTlRfQUNDT1VOVF9ERUxFVEUiLCJURU5BTlRfQUxMSUFOQ0VfUkVUUklFVkUiLCJURU5BTlRfUExBVEZPUk1fVVBEQVRFIiwiVEVOQU5UX0lOVklUQVRJT05fQ1JFQVRFIiwiVEVOQU5UX1JBVEVDQVJEX1JFVFJJRVZFIiwiVEVOQU5UX09SR0FOSVpBVElPTl9VUERBVEUiLCJURU5BTlRfUkFURUNBUkRfVVBEQVRFIiwiVEVOQU5UX09SR0FOSVpBVElPTl9ERUxFVEUiLCJURU5BTlRfUExBVEZPUk1fREVMRVRFIiwiVEVOQU5UX1BST0RVQ1RfQ1JFQVRFIiwiVEVOQU5UX1NVQl9BTExJQU5DRV9DUkVBVEUiLCJURU5BTlRfUkFURUNBUkRfREVMRVRFIiwiVEVOQU5UX0FDQ09VTlRfQ1JFQVRFIiwiVEVOQU5UX0lOVklUQVRJT05fVVBEQVRFIiwiVEVOQU5UX1JFVFJJRVZFX1RFTkFOVCIsIlRFTkFOVF9JTlZJVEFUSU9OX0RFTEVURSIsIlRFTkFOVF9ORUdPVElBVElPTl9BUFBST1ZBTF9TVVBFUl9BRE1JTiIsIlRFTkFOVF9ORUdPVElBVElPTl9SRVRSSUVWRV9BTExfQkVUV0VFTl9CVVlFUl9TRUxMRVIiLCJURU5BTlRfUkVUUklFVkVfVEVOQU5UX0FMTCIsIlRFTkFOVF9ORUdPVElBVElPTl9DUkVBVEUiLCJURU5BTlRfVVBEQVRFX1RFTkFOVCIsIlRFTkFOVF9PUkdBTklaQVRJT05fUkVUUklFVkUiLCJURU5BTlRfQUNDT1VOVF9VUERBVEUiLCJURU5BTlRfUFJPRFVDVF9ERUxFVEUiLCJURU5BTlRfU1VCX0FMTElBTkNFX0RFTEVURSIsIlRFTkFOVF9ORUdPVElBVElPTl9BUFBST1ZBTF9TRUxMRVIiLCJURU5BTlRfU1VCX0FMTElBTkNFX1VQREFURSIsIlRFTkFOVF9QUk9EVUNUX1VQREFURSIsIlRFTkFOVF9BQ0NPVU5UX1JFVFJJRVZFIiwiVEVOQU5UX05FR09USUFUSU9OX1JFVFJJRVZFIiwiVEVOQU5UX0RFTEVURV9URU5BTlQiXX0sIlBBU0NBTF9JTlRFTExJR0VOQ0VfbW9iaXVzIjp7InJvbGVzIjpbIlRFTkFOVF9DT05URVhUX0RFTEVURSIsIlRFTkFOVF9DT05URVhUX1VQREFURSIsIlRFTkFOVF9CSUdRVUVSWV9SRVRSSUVWRSIsIlRFTkFOVF9CSUdRVUVSWV9VUERBVEUiLCJURU5BTlRfVU5JVkVSU0VfQ1JFQVRFIiwiVEVOQU5UX0NPSE9SVFNfUkVUUklFVkUiLCJURU5BTlRfQklHUVVFUllfQ1JFQVRFIiwiVEVOQU5UX0JJR1FVRVJZX0VWQUxVQVRFIiwiVEVOQU5UX0NPSE9SVFNfVVBEQVRFIiwiVEVOQU5UX0NPTlRFWFRfUkVUUklFVkUiLCJURU5BTlRfVU5JVkVSU0VfUkVUUklFVkUiLCJURU5BTlRfQ09IT1JUU19FVkFMVUFURSIsIlRFTkFOVF9CSUdRVUVSWV9ERUxFVEUiLCJURU5BTlRfU0NIRU1BX0NSRUFURSIsIlBBU0NBTF9JTlRFTExJR0VOQ0VfVVNFUiIsIlRFTkFOVF9DT0hPUlRTX0NSRUFURSIsIlRFTkFOVF9TQ0hFTUFfVVBEQVRFIiwiVEVOQU5UX0NPTlRFWFRfQVBQUk9WRSIsIlRFTkFOVF9VTklWRVJTRV9VUERBVEUiLCJURU5BTlRfQklHUVVFUllfQVBQUk9WRSIsIlRFTkFOVF9TQ0hFTUFfUkVUUklFVkUiLCJURU5BTlRfU0NIRU1BX0FQUFJPVkUiLCJURU5BTlRfQ09OVEVYVF9FVkFMVUFURSIsIlRFTkFOVF9TQ0hFTUFfREVMRVRFIiwiVEVOQU5UX0NPTlRFWFRfQ1JFQVRFIiwiVEVOQU5UX1NDSEVNQV9EQVRBX1JFVFJJRVZFIiwiVEVOQU5UX1NDSEVNQV9EQVRBX0RFTEVURSIsIlRFTkFOVF9TQ0hFTUFfREFUQV9VUERBVEUiLCJURU5BTlRfQ09IT1JUU19ERUxFVEUiLCJURU5BTlRfVU5JVkVSU0VfREVMRVRFIiwiVEVOQU5UX1NDSEVNQV9EQVRBX0lOR0VTVElPTiIsIlRFTkFOVF9DT0hPUlRTX0FQUFJPVkUiXX0sIk1PTkVUX21vYml1cyI6eyJyb2xlcyI6WyJURU5BTlRfQVBQTEVUU19SRVRSSUVWRV9BTExfUFVCTElTSEVEIiwiVEVOQU5UX1dJREdFVFNfUkVUUklFVkVfRFJBRlQiLCJURU5BTlRfV0lER0VUU19VUERBVEUiLCJURU5BTlRfQVBQTEVUU19ERUxFVEUiLCJURU5BTlRfV0lER0VUU19ERUxFVEUiLCJURU5BTlRfUExVR0lOX0NBVEVHT1JZX1JFVFJJRVZFX0FMTCIsIlRFTkFOVF9BUFBMRVRTX1VQREFURV9ISVNUT1JZIiwiVEVOQU5UX0VYUEVSSUVOQ0VTX0NSRUFURSIsIlRFTkFOVF9XSURHRVRTX1JFVFJJRVZFX1BVQkxJU0giLCJURU5BTlRfUExVR0lOX0NBVEVHT1JZX0NSRUFURSIsIlRFTkFOVF9ERVBFTkRFTkNZX1JFVFJJRVZFX0FMTCIsIlRFTkFOVF9XSURHRVRTX1BVQkxJU0giLCJURU5BTlRfUkVUUklFVkVfRklFTERTX09GX1BVQkxJU0hFRCIsIlRFTkFOVF9FWFBFUklFTkNFU19VUERBVEUiLCJURU5BTlRfQVBQTEVUU19DUkVBVEUiLCJURU5BTlRfUExVR0lOU19ERUxFVEUiLCJURU5BTlRfQVBQTEVUU19SRVRSSUVWRV9BTExfRFJBRlQiLCJURU5BTlRfUExVR0lOU19VUERBVEUiLCJURU5BTlRfQVBQTEVUU19SRVRSSUVWRV9GUk9NX0hJU1RPUlkiLCJURU5BTlRfUkVUUklFVkVfRklFTERTX09GX0RSQUZUIiwiVEVOQU5UX0FQUExFVFNfUkVUUklFVkVfUFVCTElTSEVEIiwiVEVOQU5UX0FQUExFVFNfUFVCTElTSEVEIiwiVEVOQU5UX1dJREdFVFNfUkVUUklFVkUiLCJURU5BTlRfUExVR0lOX0NBVEVHT1JZX0RFTEVURSIsIlRFTkFOVF9QTFVHSU5fQ0FURUdPUllfUFVCTElTSCIsIlRFTkFOVF9QTFVHSU5fQ0FURUdPUllfREVMRVRFX0NPTVBfRlJPTSIsIlRFTkFOVF9SRVRSSUVWRV9QVUJMSVNIRUQiLCJURU5BTlRfUExVR0lOU19SRVRSSUVWRSIsIlRFTkFOVF9QTFVHSU5TX0NSRUFURSIsIlRFTkFOVF9XSURHRVRTX0NSRUFURSIsIlRFTkFOVF9BUFBMRVRTX1JFVFJJRVZFX0FMTF9QVUJMSVNIRURfVEhVTUJOQUlMUyIsIk1PTkVUX1VTRVIiLCJURU5BTlRfRVhQRVJJRU5DRVNfREVMRVRFIiwiVEVOQU5UX0VYUEVSSUVOQ0VTX1BVQkxJU0giLCJURU5BTlRfUkVUUklFVkVfRlJPTV9ISVNUT1JZIiwiVEVOQU5UX1BMVUdJTl9DQVRFR09SWV9VUERBVEUiXX0sIlZJTkNJX21vYml1cyI6eyJyb2xlcyI6WyJWSU5DSV9VU0VSIl19LCJhY2NvdW50Ijp7InJvbGVzIjpbIm1hbmFnZS1hY2NvdW50IiwibWFuYWdlLWFjY291bnQtbGlua3MiLCJ2aWV3LXByb2ZpbGUiXX19LCJzY29wZSI6InByb2ZpbGUgZW1haWwiLCJyZXF1ZXN0ZXJUeXBlIjoiVEVOQU5UIiwiZW1haWxfdmVyaWZpZWQiOnRydWUsIm5hbWUiOiJBaWR0YWFzIEFpZHRhYXMiLCJ0ZW5hbnRJZCI6IjJjZjc2ZTVmLTI2YWQtNGYyYy1iY2NjLWY0YmMxZTdiZmI2NCIsInByZWZlcnJlZF91c2VybmFtZSI6InBhc3N3b3JkX3RlbmFudF9haWR0YWFzQGdhaWFuc29sdXRpb25zLmNvbSIsImdpdmVuX25hbWUiOiJBaWR0YWFzIiwiZmFtaWx5X25hbWUiOiJBaWR0YWFzIiwiZW1haWwiOiJwYXNzd29yZF90ZW5hbnRfYWlkdGFhc0BnYWlhbnNvbHV0aW9ucy5jb20ifQ.G22UWdZfpDy2T8neTapxgOEwLcTJnbjop5nrm13HlhaUON7HfGI1b-n7D7FRAcRr2u7xBEE7MwJ3OSJyfjIQamrmV1U0PYtVogiw3EQcp41YWWAnpuaG41KiZvYuxGdFO1uADRRSrbnzDP44nnh75gQxL-s_blP160DEyu4gIfJ3f3Vz_wI_6yZ1aqpsz-8r8YpbeQbgrcV577yF2lTbmavmNDA6R_FW2rF8Y-mLfFbhAkQqmpuYDWdXv7_cyOmECs53ROlGzPd-DIUi1mw9_Af0tIC6DKh1nbbp16VPKqzmCPVfI1VGNZSCzVYOAr-XApRi0JZ39ub0aO1FsZzCjA
				Content-Type=application/json
Cookies:		&lt;none&gt;
Multiparts:		&lt;none&gt;
Body:
{
    &quot;transactionId&quot;: &quot;Jw&quot;,
    &quot;walletId&quot;: &quot;CYMAmyOLK1Vs70A5&quot;,
    &quot;clientId&quot;: &quot;B3fwbSyMJHVS8&quot;,
    &quot;chargeAmount&quot;: 0.18170154475593692,
    &quot;userId&quot;: &quot;CCjO7thvdUYPl&quot;,
    &quot;currency&quot;: &quot;eoZMHMtUO5t&quot;,
    &quot;clientRedirectUrl&quot;: &quot;_2rWa7u_3&quot;,
    &quot;bankAccount&quot;: {
        &quot;accountType&quot;: &quot;EVOMASTER&quot;,
        &quot;routingNumber&quot;: &quot;zP7yZz_kwV6n&quot;
    },
    &quot;clientKey&quot;: &quot;6pwymSYqN57YzV&quot;,
    &quot;gatewayName&quot;: &quot;oAcVeQle&quot;,
    &quot;orderId&quot;: &quot;kGoR&quot;,
    &quot;transactionType&quot;: &quot;_bIY8&quot;,
    &quot;customer&quot;: {
        &quot;name&quot;: &quot;D4gB&quot;,
        &quot;emailId&quot;: &quot;DNPma&quot;,
        &quot;phone&quot;: &quot;2&quot;,
        &quot;address1&quot;: &quot;nqJqv4&quot;,
        &quot;address2&quot;: &quot;2OfKgBnXd&quot;,
        &quot;city&quot;: &quot;RyVAlPfFvqQOBG&quot;,
        &quot;state&quot;: &quot;zaR&quot;,
        &quot;country&quot;: &quot;n&quot;,
        &quot;pin&quot;: &quot;2QMU&quot;,
        &quot;stripeId&quot;: &quot;WBqPv&quot;,
        &quot;hasPrimaryBankAccount&quot;: false
    },
    &quot;seller&quot;: {
        &quot;name&quot;: &quot;9xWeNKMD_szsjyrx&quot;,
        &quot;emailId&quot;: &quot;&quot;,
        &quot;phone&quot;: &quot;eltFd&quot;,
        &quot;mobile&quot;: &quot;zBNxHJH&quot;,
        &quot;address&quot;: {
            &quot;id&quot;: 537,
            &quot;addressLine2&quot;: &quot;UhUEEEJ_VaJ&quot;,
            &quot;city&quot;: &quot;kkVDy9MINH_3&quot;,
            &quot;latitude&quot;: 0.8448163581836289,
            &quot;postCode&quot;: &quot;uqxVn8XkoC&quot;,
            &quot;type&quot;: &quot;C&quot;
        }
    },
    &quot;cart&quot;: {
        &quot;items&quot;: [
            {
                &quot;itemName&quot;: &quot;BfPZF3vX_UC1mz2&quot;,
                &quot;itemDescription&quot;: &quot;fO3_PIrdg&quot;,
                &quot;unitPrice&quot;: 0.08806762327958362,
                &quot;quantity&quot;: 588,
                &quot;totalCost&quot;: 0.09089454357955928
            },
            {
                &quot;itemName&quot;: &quot;g&quot;,
                &quot;itemDescription&quot;: &quot;SKlvi0BxfpC_e&quot;,
                &quot;unitPrice&quot;: 0.9461858220348447,
                &quot;quantity&quot;: 263201748,
                &quot;totalCost&quot;: 0.28329413693997274
            },
            {
                &quot;itemName&quot;: &quot;MYQO2gAC&quot;,
                &quot;itemDescription&quot;: &quot;ebE1jubC&quot;,
                &quot;unitPrice&quot;: 0.9705130728410708,
                &quot;quantity&quot;: 623,
                &quot;totalCost&quot;: 0.26504074293773383
            }
        ],
        &quot;totalAmount&quot;: 0.1271562817155929,
        &quot;totalTax&quot;: 0.9047361704409554,
        &quot;totalDiscount&quot;: 0.3664471391317654,
        &quot;itemsCost&quot;: 0.6121894243067281
    },
    &quot;invoiceId&quot;: &quot;lYttLTzE&quot;,
    &quot;createdAt&quot;: &quot;iLizA_qEBUzfRB1&quot;
}

HTTP/1.1 401 Unauthorized
www-authenticate: Bearer realm=&quot;https://ig.aidtaas.com/mobius-payment-service/v1.0/wallets/CCjO7thvdUYPl/credit&quot;, error=&quot;invalid_token&quot;
content-length: 14
content-type: text/plain
date: Fri, 21 Feb 2025 06:21:52 GMT
server: istio-envoy
x-envoy-upstream-service-time: 3

Jwt is expired
</system-out>
  </testcase>
  <testcase classname="unit4cases.EvoMaster_others_Test" name="test_61" time="0.064">
    <failure message="1 expectation failed.
Expected content-type &quot;application/json&quot; doesn&apos;t match actual content-type &quot;text/plain&quot;.
" type="java.lang.AssertionError">java.lang.AssertionError: 1 expectation failed.
Expected content-type &quot;application/json&quot; doesn&apos;t match actual content-type &quot;text/plain&quot;.

	at java.base/jdk.internal.reflect.DirectConstructorHandleAccessor.newInstance(DirectConstructorHandleAccessor.java:62)
	at java.base/java.lang.reflect.Constructor.newInstanceWithCaller(Constructor.java:502)
	at java.base/java.lang.reflect.Constructor.newInstance(Constructor.java:486)
	at org.codehaus.groovy.reflection.CachedConstructor.invoke(CachedConstructor.java:73)
	at org.codehaus.groovy.runtime.callsite.ConstructorSite$ConstructorSiteNoUnwrapNoCoerce.callConstructor(ConstructorSite.java:108)
	at org.codehaus.groovy.runtime.callsite.AbstractCallSite.callConstructor(AbstractCallSite.java:277)
	at io.restassured.internal.ResponseSpecificationImpl$HamcrestAssertionClosure.validate(ResponseSpecificationImpl.groovy:512)
	at io.restassured.internal.ResponseSpecificationImpl$HamcrestAssertionClosure$validate$1.call(Unknown Source)
	at io.restassured.internal.ResponseSpecificationImpl.validateResponseIfRequired(ResponseSpecificationImpl.groovy:696)
	at io.restassured.internal.ResponseSpecificationImpl.this$2$validateResponseIfRequired(ResponseSpecificationImpl.groovy)
	at java.base/jdk.internal.reflect.DirectMethodHandleAccessor.invoke(DirectMethodHandleAccessor.java:103)
	at java.base/java.lang.reflect.Method.invoke(Method.java:580)
	at org.codehaus.groovy.runtime.callsite.PlainObjectMetaMethodSite.doInvoke(PlainObjectMetaMethodSite.java:43)
	at org.codehaus.groovy.runtime.callsite.PogoMetaMethodSite$PogoCachedMethodSiteNoUnwrapNoCoerce.invoke(PogoMetaMethodSite.java:198)
	at org.codehaus.groovy.runtime.callsite.PogoMetaMethodSite.callCurrent(PogoMetaMethodSite.java:62)
	at org.codehaus.groovy.runtime.callsite.AbstractCallSite.callCurrent(AbstractCallSite.java:185)
	at io.restassured.internal.ResponseSpecificationImpl.contentType(ResponseSpecificationImpl.groovy:443)
	at io.restassured.internal.ValidatableResponseOptionsImpl.contentType(ValidatableResponseOptionsImpl.java:226)
	at unit4cases.EvoMaster_others_Test.test_61(EvoMaster_others_Test.java:2016)
	at java.base/jdk.internal.reflect.DirectMethodHandleAccessor.invoke(DirectMethodHandleAccessor.java:103)
	at java.base/java.lang.reflect.Method.invoke(Method.java:580)
	at org.junit.runners.model.FrameworkMethod$1.runReflectiveCall(FrameworkMethod.java:59)
	at org.junit.internal.runners.model.ReflectiveCallable.run(ReflectiveCallable.java:12)
	at org.junit.runners.model.FrameworkMethod.invokeExplosively(FrameworkMethod.java:56)
	at org.junit.internal.runners.statements.InvokeMethod.evaluate(InvokeMethod.java:17)
	at org.junit.internal.runners.statements.FailOnTimeout$CallableStatement.call(FailOnTimeout.java:299)
	at org.junit.internal.runners.statements.FailOnTimeout$CallableStatement.call(FailOnTimeout.java:293)
	at java.base/java.util.concurrent.FutureTask.run(FutureTask.java:317)
	at java.base/java.lang.Thread.run(Thread.java:1583)
</failure>
    <system-out>Request method:	GET
Request URI:	https://ig.aidtaas.com/mobius-payment-service/v1.0/wallets/filter?Id+of+the+wallet=Sqdcz&amp;platformId=aKABpla&amp;tenantId=HUdB1w7lkF7kp
Proxy:			&lt;none&gt;
Request params:	&lt;none&gt;
Query params:	&lt;none&gt;
Form params:	&lt;none&gt;
Path params:	&lt;none&gt;
Headers:		Accept=application/json
				Authorization=Bearer  eyJhbGciOiJSUzI1NiIsInR5cCIgOiAiSldUIiwia2lkIiA6ICI3Ny1NUVdFRTNHZE5adGlsWU5IYmpsa2dVSkpaWUJWVmN1UmFZdHl5ejFjIn0.eyJleHAiOjE3NDAwODgxMjAsImlhdCI6MTc0MDA1MjEyMCwianRpIjoiYjc4MDZhYTYtZWE3MS00NWJkLWI5ODMtOWU3MDE4OTc4NTYzIiwiaXNzIjoiaHR0cDovL2tleWNsb2FrLXNlcnZpY2Uua2V5Y2xvYWsuc3ZjLmNsdXN0ZXIubG9jYWw6ODA4MC9yZWFsbXMvbWFzdGVyIiwiYXVkIjpbIkJPTFRaTUFOTl9CT1RfbW9iaXVzIiwiUEFTQ0FMX0lOVEVMTElHRU5DRV9tb2JpdXMiLCJNT05FVF9tb2JpdXMiLCJWSU5DSV9tb2JpdXMiLCJhY2NvdW50Il0sInN1YiI6IjJjZjc2ZTVmLTI2YWQtNGYyYy1iY2NjLWY0YmMxZTdiZmI2NCIsInR5cCI6IkJlYXJlciIsImF6cCI6IkhPTEFDUkFDWV9tb2JpdXMiLCJzaWQiOiJmNjcwYzZjMi03OWYzLTQ2YzctOTE5Yy1hNTNhYmRiNTgwNDMiLCJhY3IiOiIxIiwiYWxsb3dlZC1vcmlnaW5zIjpbIi8qIl0sInJlYWxtX2FjY2VzcyI6eyJyb2xlcyI6WyJkZWZhdWx0LXJvbGVzLW1hc3RlciIsIkhDWV9URU5BTlRfQ1VTVE9NIiwib2ZmbGluZV9hY2Nlc3MiLCJCT0JfVEVOQU5UX0NVU1RPTSIsInVtYV9hdXRob3JpemF0aW9uIiwiUElfVEVOQU5UX0NVU1RPTSIsIk1PTkVUX1RFTkFOVF9DVVNUT00iXX0sInJlc291cmNlX2FjY2VzcyI6eyJCT0xUWk1BTk5fQk9UX21vYml1cyI6eyJyb2xlcyI6WyJURU5BTlRfV09SS0ZMT1dfU1VTUEVORF9QUk9DRVNTX0RFRklOSVRJT04iLCJURU5BTlRfV09SS0ZMT1dfU1VTUEVORF9JTlNUQU5DRSIsIlRFTkFOVF9XT1JLRkxPV19SRVRSSUVWRV9BTEwiLCJURU5BTlRfV09SS0ZMT1dfQUNUSVZBVEVfSU5TVEFOQ0UiLCJURU5BTlRfV09SS0ZMT1dfRVhFQ1VURSIsIlRFTkFOVF9XT1JLRkxPV19SRVRSSUVWRV9IT01FIiwiVEVOQU5UX1dPUktGTE9XX1JFVFJJRVZFX1NVU1BFTkRFRF9QUk9DRVNTX0RFRlMiLCJURU5BTlRfV09SS0ZMT1dfQUNUSVZBVEVfUlVOX0pPQiIsIlRFTkFOVF9XT1JLRkxPV19TVEFUVVMiLCJURU5BTlRfV09SS0ZMT1dfQ1JFQVRFIiwiVEVOQU5UX1dPUktGTE9XX0FDVElWSVRZX0RBVEFfQ09VTlQiLCJCT0xUWk1BTk5fQk9UX1VTRVIiLCJURU5BTlRfV09SS0ZMT1dfREVQTE9ZX1ZFUlNJT04iLCJURU5BTlRfV09SS0ZMT1dfSU1QT1JUIiwiVEVOQU5UX1dPUktGTE9XX1VQREFURSIsIlRFTkFOVF9XT1JLRkxPV19ERVBMT1kiLCJURU5BTlRfV09SS0ZMT1dfU1VTUEVORF9SVU5fSk9CIiwiVEVOQU5UX1dPUktGTE9XX1JFVFJJRVZFIiwiVEVOQU5UX1dPUktGTE9XX0RFTEVURSIsIlRFTkFOVF9XT1JLRkxPV19UUklHR0VSX01FU1NBR0VfTElTVEVORVIiXX0sIkhPTEFDUkFDWV9tb2JpdXMiOnsicm9sZXMiOlsiVEVOQU5UX1BST0RVQ1RfUkVUUklFVkVfTUFTVEVSX0NPTkZJRyIsIlRFTkFOVF9JTlZJVEFUSU9OX1JFU1BPTkQiLCJURU5BTlRfTkVHT1RJQVRJT05fQVBQUk9WQUxfQlVZRVIiLCJURU5BTlRfSU5WSVRBVElPTl9SRVRSSUVWRSIsIlRFTkFOVF9PUkdBTklaQVRJT05fQ1JFQVRFIiwiVEVOQU5UX0NSRUFURV9URU5BTlQiLCJURU5BTlRfU1VCX0FMTElBTkNFX1JFVFJJRVZFIiwiVEVOQU5UX1BMQVRGT1JNX0NSRUFURSIsIkhPTEFDUkFDWV9VU0VSIiwiVEVOQU5UX1JBVEVDQVJEX0NSRUFURSIsIlRFTkFOVF9QTEFURk9STV9SRVRSSUVWRSIsIlRFTkFOVF9SRVRSSUVWRV9CWV9CVVlFUl9QTEFURk9STSIsIlRFTkFOVF9TVUJfQUxMSUFOQ0VfUkVUUklFVkVfQUxMIiwiVEVOQU5UX1BST0RVQ1RfUkVUUklFVkUiLCJURU5BTlRfQUNDT1VOVF9ERUxFVEUiLCJURU5BTlRfQUxMSUFOQ0VfUkVUUklFVkUiLCJURU5BTlRfUExBVEZPUk1fVVBEQVRFIiwiVEVOQU5UX0lOVklUQVRJT05fQ1JFQVRFIiwiVEVOQU5UX1JBVEVDQVJEX1JFVFJJRVZFIiwiVEVOQU5UX09SR0FOSVpBVElPTl9VUERBVEUiLCJURU5BTlRfUkFURUNBUkRfVVBEQVRFIiwiVEVOQU5UX09SR0FOSVpBVElPTl9ERUxFVEUiLCJURU5BTlRfUExBVEZPUk1fREVMRVRFIiwiVEVOQU5UX1BST0RVQ1RfQ1JFQVRFIiwiVEVOQU5UX1NVQl9BTExJQU5DRV9DUkVBVEUiLCJURU5BTlRfUkFURUNBUkRfREVMRVRFIiwiVEVOQU5UX0FDQ09VTlRfQ1JFQVRFIiwiVEVOQU5UX0lOVklUQVRJT05fVVBEQVRFIiwiVEVOQU5UX1JFVFJJRVZFX1RFTkFOVCIsIlRFTkFOVF9JTlZJVEFUSU9OX0RFTEVURSIsIlRFTkFOVF9ORUdPVElBVElPTl9BUFBST1ZBTF9TVVBFUl9BRE1JTiIsIlRFTkFOVF9ORUdPVElBVElPTl9SRVRSSUVWRV9BTExfQkVUV0VFTl9CVVlFUl9TRUxMRVIiLCJURU5BTlRfUkVUUklFVkVfVEVOQU5UX0FMTCIsIlRFTkFOVF9ORUdPVElBVElPTl9DUkVBVEUiLCJURU5BTlRfVVBEQVRFX1RFTkFOVCIsIlRFTkFOVF9PUkdBTklaQVRJT05fUkVUUklFVkUiLCJURU5BTlRfQUNDT1VOVF9VUERBVEUiLCJURU5BTlRfUFJPRFVDVF9ERUxFVEUiLCJURU5BTlRfU1VCX0FMTElBTkNFX0RFTEVURSIsIlRFTkFOVF9ORUdPVElBVElPTl9BUFBST1ZBTF9TRUxMRVIiLCJURU5BTlRfU1VCX0FMTElBTkNFX1VQREFURSIsIlRFTkFOVF9QUk9EVUNUX1VQREFURSIsIlRFTkFOVF9BQ0NPVU5UX1JFVFJJRVZFIiwiVEVOQU5UX05FR09USUFUSU9OX1JFVFJJRVZFIiwiVEVOQU5UX0RFTEVURV9URU5BTlQiXX0sIlBBU0NBTF9JTlRFTExJR0VOQ0VfbW9iaXVzIjp7InJvbGVzIjpbIlRFTkFOVF9DT05URVhUX0RFTEVURSIsIlRFTkFOVF9DT05URVhUX1VQREFURSIsIlRFTkFOVF9CSUdRVUVSWV9SRVRSSUVWRSIsIlRFTkFOVF9CSUdRVUVSWV9VUERBVEUiLCJURU5BTlRfVU5JVkVSU0VfQ1JFQVRFIiwiVEVOQU5UX0NPSE9SVFNfUkVUUklFVkUiLCJURU5BTlRfQklHUVVFUllfQ1JFQVRFIiwiVEVOQU5UX0JJR1FVRVJZX0VWQUxVQVRFIiwiVEVOQU5UX0NPSE9SVFNfVVBEQVRFIiwiVEVOQU5UX0NPTlRFWFRfUkVUUklFVkUiLCJURU5BTlRfVU5JVkVSU0VfUkVUUklFVkUiLCJURU5BTlRfQ09IT1JUU19FVkFMVUFURSIsIlRFTkFOVF9CSUdRVUVSWV9ERUxFVEUiLCJURU5BTlRfU0NIRU1BX0NSRUFURSIsIlBBU0NBTF9JTlRFTExJR0VOQ0VfVVNFUiIsIlRFTkFOVF9DT0hPUlRTX0NSRUFURSIsIlRFTkFOVF9TQ0hFTUFfVVBEQVRFIiwiVEVOQU5UX0NPTlRFWFRfQVBQUk9WRSIsIlRFTkFOVF9VTklWRVJTRV9VUERBVEUiLCJURU5BTlRfQklHUVVFUllfQVBQUk9WRSIsIlRFTkFOVF9TQ0hFTUFfUkVUUklFVkUiLCJURU5BTlRfU0NIRU1BX0FQUFJPVkUiLCJURU5BTlRfQ09OVEVYVF9FVkFMVUFURSIsIlRFTkFOVF9TQ0hFTUFfREVMRVRFIiwiVEVOQU5UX0NPTlRFWFRfQ1JFQVRFIiwiVEVOQU5UX1NDSEVNQV9EQVRBX1JFVFJJRVZFIiwiVEVOQU5UX1NDSEVNQV9EQVRBX0RFTEVURSIsIlRFTkFOVF9TQ0hFTUFfREFUQV9VUERBVEUiLCJURU5BTlRfQ09IT1JUU19ERUxFVEUiLCJURU5BTlRfVU5JVkVSU0VfREVMRVRFIiwiVEVOQU5UX1NDSEVNQV9EQVRBX0lOR0VTVElPTiIsIlRFTkFOVF9DT0hPUlRTX0FQUFJPVkUiXX0sIk1PTkVUX21vYml1cyI6eyJyb2xlcyI6WyJURU5BTlRfQVBQTEVUU19SRVRSSUVWRV9BTExfUFVCTElTSEVEIiwiVEVOQU5UX1dJREdFVFNfUkVUUklFVkVfRFJBRlQiLCJURU5BTlRfV0lER0VUU19VUERBVEUiLCJURU5BTlRfQVBQTEVUU19ERUxFVEUiLCJURU5BTlRfV0lER0VUU19ERUxFVEUiLCJURU5BTlRfUExVR0lOX0NBVEVHT1JZX1JFVFJJRVZFX0FMTCIsIlRFTkFOVF9BUFBMRVRTX1VQREFURV9ISVNUT1JZIiwiVEVOQU5UX0VYUEVSSUVOQ0VTX0NSRUFURSIsIlRFTkFOVF9XSURHRVRTX1JFVFJJRVZFX1BVQkxJU0giLCJURU5BTlRfUExVR0lOX0NBVEVHT1JZX0NSRUFURSIsIlRFTkFOVF9ERVBFTkRFTkNZX1JFVFJJRVZFX0FMTCIsIlRFTkFOVF9XSURHRVRTX1BVQkxJU0giLCJURU5BTlRfUkVUUklFVkVfRklFTERTX09GX1BVQkxJU0hFRCIsIlRFTkFOVF9FWFBFUklFTkNFU19VUERBVEUiLCJURU5BTlRfQVBQTEVUU19DUkVBVEUiLCJURU5BTlRfUExVR0lOU19ERUxFVEUiLCJURU5BTlRfQVBQTEVUU19SRVRSSUVWRV9BTExfRFJBRlQiLCJURU5BTlRfUExVR0lOU19VUERBVEUiLCJURU5BTlRfQVBQTEVUU19SRVRSSUVWRV9GUk9NX0hJU1RPUlkiLCJURU5BTlRfUkVUUklFVkVfRklFTERTX09GX0RSQUZUIiwiVEVOQU5UX0FQUExFVFNfUkVUUklFVkVfUFVCTElTSEVEIiwiVEVOQU5UX0FQUExFVFNfUFVCTElTSEVEIiwiVEVOQU5UX1dJREdFVFNfUkVUUklFVkUiLCJURU5BTlRfUExVR0lOX0NBVEVHT1JZX0RFTEVURSIsIlRFTkFOVF9QTFVHSU5fQ0FURUdPUllfUFVCTElTSCIsIlRFTkFOVF9QTFVHSU5fQ0FURUdPUllfREVMRVRFX0NPTVBfRlJPTSIsIlRFTkFOVF9SRVRSSUVWRV9QVUJMSVNIRUQiLCJURU5BTlRfUExVR0lOU19SRVRSSUVWRSIsIlRFTkFOVF9QTFVHSU5TX0NSRUFURSIsIlRFTkFOVF9XSURHRVRTX0NSRUFURSIsIlRFTkFOVF9BUFBMRVRTX1JFVFJJRVZFX0FMTF9QVUJMSVNIRURfVEhVTUJOQUlMUyIsIk1PTkVUX1VTRVIiLCJURU5BTlRfRVhQRVJJRU5DRVNfREVMRVRFIiwiVEVOQU5UX0VYUEVSSUVOQ0VTX1BVQkxJU0giLCJURU5BTlRfUkVUUklFVkVfRlJPTV9ISVNUT1JZIiwiVEVOQU5UX1BMVUdJTl9DQVRFR09SWV9VUERBVEUiXX0sIlZJTkNJX21vYml1cyI6eyJyb2xlcyI6WyJWSU5DSV9VU0VSIl19LCJhY2NvdW50Ijp7InJvbGVzIjpbIm1hbmFnZS1hY2NvdW50IiwibWFuYWdlLWFjY291bnQtbGlua3MiLCJ2aWV3LXByb2ZpbGUiXX19LCJzY29wZSI6InByb2ZpbGUgZW1haWwiLCJyZXF1ZXN0ZXJUeXBlIjoiVEVOQU5UIiwiZW1haWxfdmVyaWZpZWQiOnRydWUsIm5hbWUiOiJBaWR0YWFzIEFpZHRhYXMiLCJ0ZW5hbnRJZCI6IjJjZjc2ZTVmLTI2YWQtNGYyYy1iY2NjLWY0YmMxZTdiZmI2NCIsInByZWZlcnJlZF91c2VybmFtZSI6InBhc3N3b3JkX3RlbmFudF9haWR0YWFzQGdhaWFuc29sdXRpb25zLmNvbSIsImdpdmVuX25hbWUiOiJBaWR0YWFzIiwiZmFtaWx5X25hbWUiOiJBaWR0YWFzIiwiZW1haWwiOiJwYXNzd29yZF90ZW5hbnRfYWlkdGFhc0BnYWlhbnNvbHV0aW9ucy5jb20ifQ.G22UWdZfpDy2T8neTapxgOEwLcTJnbjop5nrm13HlhaUON7HfGI1b-n7D7FRAcRr2u7xBEE7MwJ3OSJyfjIQamrmV1U0PYtVogiw3EQcp41YWWAnpuaG41KiZvYuxGdFO1uADRRSrbnzDP44nnh75gQxL-s_blP160DEyu4gIfJ3f3Vz_wI_6yZ1aqpsz-8r8YpbeQbgrcV577yF2lTbmavmNDA6R_FW2rF8Y-mLfFbhAkQqmpuYDWdXv7_cyOmECs53ROlGzPd-DIUi1mw9_Af0tIC6DKh1nbbp16VPKqzmCPVfI1VGNZSCzVYOAr-XApRi0JZ39ub0aO1FsZzCjA
Cookies:		&lt;none&gt;
Multiparts:		&lt;none&gt;
Body:			&lt;none&gt;

HTTP/1.1 401 Unauthorized
www-authenticate: Bearer realm=&quot;https://ig.aidtaas.com/mobius-payment-service/v1.0/wallets/filter?Id+of+the+wallet=Sqdcz&amp;platformId=aKABpla&amp;tenantId=HUdB1w7lkF7kp&quot;, error=&quot;invalid_token&quot;
content-length: 14
content-type: text/plain
date: Fri, 21 Feb 2025 06:21:53 GMT
server: istio-envoy
x-envoy-upstream-service-time: 12

Jwt is expired
</system-out>
  </testcase>
  <testcase classname="unit4cases.EvoMaster_others_Test" name="test_62" time="0.121"/>
  <testcase classname="unit4cases.EvoMaster_others_Test" name="test_63" time="0.042">
    <failure message="1 expectation failed.
Expected content-type &quot;application/json&quot; doesn&apos;t match actual content-type &quot;text/plain&quot;.
" type="java.lang.AssertionError">java.lang.AssertionError: 1 expectation failed.
Expected content-type &quot;application/json&quot; doesn&apos;t match actual content-type &quot;text/plain&quot;.

	at java.base/jdk.internal.reflect.DirectConstructorHandleAccessor.newInstance(DirectConstructorHandleAccessor.java:62)
	at java.base/java.lang.reflect.Constructor.newInstanceWithCaller(Constructor.java:502)
	at java.base/java.lang.reflect.Constructor.newInstance(Constructor.java:486)
	at org.codehaus.groovy.reflection.CachedConstructor.invoke(CachedConstructor.java:73)
	at org.codehaus.groovy.runtime.callsite.ConstructorSite$ConstructorSiteNoUnwrapNoCoerce.callConstructor(ConstructorSite.java:108)
	at org.codehaus.groovy.runtime.callsite.AbstractCallSite.callConstructor(AbstractCallSite.java:277)
	at io.restassured.internal.ResponseSpecificationImpl$HamcrestAssertionClosure.validate(ResponseSpecificationImpl.groovy:512)
	at io.restassured.internal.ResponseSpecificationImpl$HamcrestAssertionClosure$validate$1.call(Unknown Source)
	at io.restassured.internal.ResponseSpecificationImpl.validateResponseIfRequired(ResponseSpecificationImpl.groovy:696)
	at io.restassured.internal.ResponseSpecificationImpl.this$2$validateResponseIfRequired(ResponseSpecificationImpl.groovy)
	at java.base/jdk.internal.reflect.DirectMethodHandleAccessor.invoke(DirectMethodHandleAccessor.java:103)
	at java.base/java.lang.reflect.Method.invoke(Method.java:580)
	at org.codehaus.groovy.runtime.callsite.PlainObjectMetaMethodSite.doInvoke(PlainObjectMetaMethodSite.java:43)
	at org.codehaus.groovy.runtime.callsite.PogoMetaMethodSite$PogoCachedMethodSiteNoUnwrapNoCoerce.invoke(PogoMetaMethodSite.java:198)
	at org.codehaus.groovy.runtime.callsite.PogoMetaMethodSite.callCurrent(PogoMetaMethodSite.java:62)
	at org.codehaus.groovy.runtime.callsite.AbstractCallSite.callCurrent(AbstractCallSite.java:185)
	at io.restassured.internal.ResponseSpecificationImpl.contentType(ResponseSpecificationImpl.groovy:443)
	at io.restassured.internal.ValidatableResponseOptionsImpl.contentType(ValidatableResponseOptionsImpl.java:226)
	at unit4cases.EvoMaster_others_Test.test_63(EvoMaster_others_Test.java:2134)
	at java.base/jdk.internal.reflect.DirectMethodHandleAccessor.invoke(DirectMethodHandleAccessor.java:103)
	at java.base/java.lang.reflect.Method.invoke(Method.java:580)
	at org.junit.runners.model.FrameworkMethod$1.runReflectiveCall(FrameworkMethod.java:59)
	at org.junit.internal.runners.model.ReflectiveCallable.run(ReflectiveCallable.java:12)
	at org.junit.runners.model.FrameworkMethod.invokeExplosively(FrameworkMethod.java:56)
	at org.junit.internal.runners.statements.InvokeMethod.evaluate(InvokeMethod.java:17)
	at org.junit.internal.runners.statements.FailOnTimeout$CallableStatement.call(FailOnTimeout.java:299)
	at org.junit.internal.runners.statements.FailOnTimeout$CallableStatement.call(FailOnTimeout.java:293)
	at java.base/java.util.concurrent.FutureTask.run(FutureTask.java:317)
	at java.base/java.lang.Thread.run(Thread.java:1583)
</failure>
    <system-out>Request method:	GET
Request URI:	https://ig.aidtaas.com/mobius-payment-service/v1.0/wallets/filter?Set+of+currencies=&amp;tenantId=qn62ulMyxxd7
Proxy:			&lt;none&gt;
Request params:	&lt;none&gt;
Query params:	&lt;none&gt;
Form params:	&lt;none&gt;
Path params:	&lt;none&gt;
Headers:		Accept=application/json
				Authorization=Bearer  eyJhbGciOiJSUzI1NiIsInR5cCIgOiAiSldUIiwia2lkIiA6ICI3Ny1NUVdFRTNHZE5adGlsWU5IYmpsa2dVSkpaWUJWVmN1UmFZdHl5ejFjIn0.eyJleHAiOjE3NDAwODgxMjAsImlhdCI6MTc0MDA1MjEyMCwianRpIjoiYjc4MDZhYTYtZWE3MS00NWJkLWI5ODMtOWU3MDE4OTc4NTYzIiwiaXNzIjoiaHR0cDovL2tleWNsb2FrLXNlcnZpY2Uua2V5Y2xvYWsuc3ZjLmNsdXN0ZXIubG9jYWw6ODA4MC9yZWFsbXMvbWFzdGVyIiwiYXVkIjpbIkJPTFRaTUFOTl9CT1RfbW9iaXVzIiwiUEFTQ0FMX0lOVEVMTElHRU5DRV9tb2JpdXMiLCJNT05FVF9tb2JpdXMiLCJWSU5DSV9tb2JpdXMiLCJhY2NvdW50Il0sInN1YiI6IjJjZjc2ZTVmLTI2YWQtNGYyYy1iY2NjLWY0YmMxZTdiZmI2NCIsInR5cCI6IkJlYXJlciIsImF6cCI6IkhPTEFDUkFDWV9tb2JpdXMiLCJzaWQiOiJmNjcwYzZjMi03OWYzLTQ2YzctOTE5Yy1hNTNhYmRiNTgwNDMiLCJhY3IiOiIxIiwiYWxsb3dlZC1vcmlnaW5zIjpbIi8qIl0sInJlYWxtX2FjY2VzcyI6eyJyb2xlcyI6WyJkZWZhdWx0LXJvbGVzLW1hc3RlciIsIkhDWV9URU5BTlRfQ1VTVE9NIiwib2ZmbGluZV9hY2Nlc3MiLCJCT0JfVEVOQU5UX0NVU1RPTSIsInVtYV9hdXRob3JpemF0aW9uIiwiUElfVEVOQU5UX0NVU1RPTSIsIk1PTkVUX1RFTkFOVF9DVVNUT00iXX0sInJlc291cmNlX2FjY2VzcyI6eyJCT0xUWk1BTk5fQk9UX21vYml1cyI6eyJyb2xlcyI6WyJURU5BTlRfV09SS0ZMT1dfU1VTUEVORF9QUk9DRVNTX0RFRklOSVRJT04iLCJURU5BTlRfV09SS0ZMT1dfU1VTUEVORF9JTlNUQU5DRSIsIlRFTkFOVF9XT1JLRkxPV19SRVRSSUVWRV9BTEwiLCJURU5BTlRfV09SS0ZMT1dfQUNUSVZBVEVfSU5TVEFOQ0UiLCJURU5BTlRfV09SS0ZMT1dfRVhFQ1VURSIsIlRFTkFOVF9XT1JLRkxPV19SRVRSSUVWRV9IT01FIiwiVEVOQU5UX1dPUktGTE9XX1JFVFJJRVZFX1NVU1BFTkRFRF9QUk9DRVNTX0RFRlMiLCJURU5BTlRfV09SS0ZMT1dfQUNUSVZBVEVfUlVOX0pPQiIsIlRFTkFOVF9XT1JLRkxPV19TVEFUVVMiLCJURU5BTlRfV09SS0ZMT1dfQ1JFQVRFIiwiVEVOQU5UX1dPUktGTE9XX0FDVElWSVRZX0RBVEFfQ09VTlQiLCJCT0xUWk1BTk5fQk9UX1VTRVIiLCJURU5BTlRfV09SS0ZMT1dfREVQTE9ZX1ZFUlNJT04iLCJURU5BTlRfV09SS0ZMT1dfSU1QT1JUIiwiVEVOQU5UX1dPUktGTE9XX1VQREFURSIsIlRFTkFOVF9XT1JLRkxPV19ERVBMT1kiLCJURU5BTlRfV09SS0ZMT1dfU1VTUEVORF9SVU5fSk9CIiwiVEVOQU5UX1dPUktGTE9XX1JFVFJJRVZFIiwiVEVOQU5UX1dPUktGTE9XX0RFTEVURSIsIlRFTkFOVF9XT1JLRkxPV19UUklHR0VSX01FU1NBR0VfTElTVEVORVIiXX0sIkhPTEFDUkFDWV9tb2JpdXMiOnsicm9sZXMiOlsiVEVOQU5UX1BST0RVQ1RfUkVUUklFVkVfTUFTVEVSX0NPTkZJRyIsIlRFTkFOVF9JTlZJVEFUSU9OX1JFU1BPTkQiLCJURU5BTlRfTkVHT1RJQVRJT05fQVBQUk9WQUxfQlVZRVIiLCJURU5BTlRfSU5WSVRBVElPTl9SRVRSSUVWRSIsIlRFTkFOVF9PUkdBTklaQVRJT05fQ1JFQVRFIiwiVEVOQU5UX0NSRUFURV9URU5BTlQiLCJURU5BTlRfU1VCX0FMTElBTkNFX1JFVFJJRVZFIiwiVEVOQU5UX1BMQVRGT1JNX0NSRUFURSIsIkhPTEFDUkFDWV9VU0VSIiwiVEVOQU5UX1JBVEVDQVJEX0NSRUFURSIsIlRFTkFOVF9QTEFURk9STV9SRVRSSUVWRSIsIlRFTkFOVF9SRVRSSUVWRV9CWV9CVVlFUl9QTEFURk9STSIsIlRFTkFOVF9TVUJfQUxMSUFOQ0VfUkVUUklFVkVfQUxMIiwiVEVOQU5UX1BST0RVQ1RfUkVUUklFVkUiLCJURU5BTlRfQUNDT1VOVF9ERUxFVEUiLCJURU5BTlRfQUxMSUFOQ0VfUkVUUklFVkUiLCJURU5BTlRfUExBVEZPUk1fVVBEQVRFIiwiVEVOQU5UX0lOVklUQVRJT05fQ1JFQVRFIiwiVEVOQU5UX1JBVEVDQVJEX1JFVFJJRVZFIiwiVEVOQU5UX09SR0FOSVpBVElPTl9VUERBVEUiLCJURU5BTlRfUkFURUNBUkRfVVBEQVRFIiwiVEVOQU5UX09SR0FOSVpBVElPTl9ERUxFVEUiLCJURU5BTlRfUExBVEZPUk1fREVMRVRFIiwiVEVOQU5UX1BST0RVQ1RfQ1JFQVRFIiwiVEVOQU5UX1NVQl9BTExJQU5DRV9DUkVBVEUiLCJURU5BTlRfUkFURUNBUkRfREVMRVRFIiwiVEVOQU5UX0FDQ09VTlRfQ1JFQVRFIiwiVEVOQU5UX0lOVklUQVRJT05fVVBEQVRFIiwiVEVOQU5UX1JFVFJJRVZFX1RFTkFOVCIsIlRFTkFOVF9JTlZJVEFUSU9OX0RFTEVURSIsIlRFTkFOVF9ORUdPVElBVElPTl9BUFBST1ZBTF9TVVBFUl9BRE1JTiIsIlRFTkFOVF9ORUdPVElBVElPTl9SRVRSSUVWRV9BTExfQkVUV0VFTl9CVVlFUl9TRUxMRVIiLCJURU5BTlRfUkVUUklFVkVfVEVOQU5UX0FMTCIsIlRFTkFOVF9ORUdPVElBVElPTl9DUkVBVEUiLCJURU5BTlRfVVBEQVRFX1RFTkFOVCIsIlRFTkFOVF9PUkdBTklaQVRJT05fUkVUUklFVkUiLCJURU5BTlRfQUNDT1VOVF9VUERBVEUiLCJURU5BTlRfUFJPRFVDVF9ERUxFVEUiLCJURU5BTlRfU1VCX0FMTElBTkNFX0RFTEVURSIsIlRFTkFOVF9ORUdPVElBVElPTl9BUFBST1ZBTF9TRUxMRVIiLCJURU5BTlRfU1VCX0FMTElBTkNFX1VQREFURSIsIlRFTkFOVF9QUk9EVUNUX1VQREFURSIsIlRFTkFOVF9BQ0NPVU5UX1JFVFJJRVZFIiwiVEVOQU5UX05FR09USUFUSU9OX1JFVFJJRVZFIiwiVEVOQU5UX0RFTEVURV9URU5BTlQiXX0sIlBBU0NBTF9JTlRFTExJR0VOQ0VfbW9iaXVzIjp7InJvbGVzIjpbIlRFTkFOVF9DT05URVhUX0RFTEVURSIsIlRFTkFOVF9DT05URVhUX1VQREFURSIsIlRFTkFOVF9CSUdRVUVSWV9SRVRSSUVWRSIsIlRFTkFOVF9CSUdRVUVSWV9VUERBVEUiLCJURU5BTlRfVU5JVkVSU0VfQ1JFQVRFIiwiVEVOQU5UX0NPSE9SVFNfUkVUUklFVkUiLCJURU5BTlRfQklHUVVFUllfQ1JFQVRFIiwiVEVOQU5UX0JJR1FVRVJZX0VWQUxVQVRFIiwiVEVOQU5UX0NPSE9SVFNfVVBEQVRFIiwiVEVOQU5UX0NPTlRFWFRfUkVUUklFVkUiLCJURU5BTlRfVU5JVkVSU0VfUkVUUklFVkUiLCJURU5BTlRfQ09IT1JUU19FVkFMVUFURSIsIlRFTkFOVF9CSUdRVUVSWV9ERUxFVEUiLCJURU5BTlRfU0NIRU1BX0NSRUFURSIsIlBBU0NBTF9JTlRFTExJR0VOQ0VfVVNFUiIsIlRFTkFOVF9DT0hPUlRTX0NSRUFURSIsIlRFTkFOVF9TQ0hFTUFfVVBEQVRFIiwiVEVOQU5UX0NPTlRFWFRfQVBQUk9WRSIsIlRFTkFOVF9VTklWRVJTRV9VUERBVEUiLCJURU5BTlRfQklHUVVFUllfQVBQUk9WRSIsIlRFTkFOVF9TQ0hFTUFfUkVUUklFVkUiLCJURU5BTlRfU0NIRU1BX0FQUFJPVkUiLCJURU5BTlRfQ09OVEVYVF9FVkFMVUFURSIsIlRFTkFOVF9TQ0hFTUFfREVMRVRFIiwiVEVOQU5UX0NPTlRFWFRfQ1JFQVRFIiwiVEVOQU5UX1NDSEVNQV9EQVRBX1JFVFJJRVZFIiwiVEVOQU5UX1NDSEVNQV9EQVRBX0RFTEVURSIsIlRFTkFOVF9TQ0hFTUFfREFUQV9VUERBVEUiLCJURU5BTlRfQ09IT1JUU19ERUxFVEUiLCJURU5BTlRfVU5JVkVSU0VfREVMRVRFIiwiVEVOQU5UX1NDSEVNQV9EQVRBX0lOR0VTVElPTiIsIlRFTkFOVF9DT0hPUlRTX0FQUFJPVkUiXX0sIk1PTkVUX21vYml1cyI6eyJyb2xlcyI6WyJURU5BTlRfQVBQTEVUU19SRVRSSUVWRV9BTExfUFVCTElTSEVEIiwiVEVOQU5UX1dJREdFVFNfUkVUUklFVkVfRFJBRlQiLCJURU5BTlRfV0lER0VUU19VUERBVEUiLCJURU5BTlRfQVBQTEVUU19ERUxFVEUiLCJURU5BTlRfV0lER0VUU19ERUxFVEUiLCJURU5BTlRfUExVR0lOX0NBVEVHT1JZX1JFVFJJRVZFX0FMTCIsIlRFTkFOVF9BUFBMRVRTX1VQREFURV9ISVNUT1JZIiwiVEVOQU5UX0VYUEVSSUVOQ0VTX0NSRUFURSIsIlRFTkFOVF9XSURHRVRTX1JFVFJJRVZFX1BVQkxJU0giLCJURU5BTlRfUExVR0lOX0NBVEVHT1JZX0NSRUFURSIsIlRFTkFOVF9ERVBFTkRFTkNZX1JFVFJJRVZFX0FMTCIsIlRFTkFOVF9XSURHRVRTX1BVQkxJU0giLCJURU5BTlRfUkVUUklFVkVfRklFTERTX09GX1BVQkxJU0hFRCIsIlRFTkFOVF9FWFBFUklFTkNFU19VUERBVEUiLCJURU5BTlRfQVBQTEVUU19DUkVBVEUiLCJURU5BTlRfUExVR0lOU19ERUxFVEUiLCJURU5BTlRfQVBQTEVUU19SRVRSSUVWRV9BTExfRFJBRlQiLCJURU5BTlRfUExVR0lOU19VUERBVEUiLCJURU5BTlRfQVBQTEVUU19SRVRSSUVWRV9GUk9NX0hJU1RPUlkiLCJURU5BTlRfUkVUUklFVkVfRklFTERTX09GX0RSQUZUIiwiVEVOQU5UX0FQUExFVFNfUkVUUklFVkVfUFVCTElTSEVEIiwiVEVOQU5UX0FQUExFVFNfUFVCTElTSEVEIiwiVEVOQU5UX1dJREdFVFNfUkVUUklFVkUiLCJURU5BTlRfUExVR0lOX0NBVEVHT1JZX0RFTEVURSIsIlRFTkFOVF9QTFVHSU5fQ0FURUdPUllfUFVCTElTSCIsIlRFTkFOVF9QTFVHSU5fQ0FURUdPUllfREVMRVRFX0NPTVBfRlJPTSIsIlRFTkFOVF9SRVRSSUVWRV9QVUJMSVNIRUQiLCJURU5BTlRfUExVR0lOU19SRVRSSUVWRSIsIlRFTkFOVF9QTFVHSU5TX0NSRUFURSIsIlRFTkFOVF9XSURHRVRTX0NSRUFURSIsIlRFTkFOVF9BUFBMRVRTX1JFVFJJRVZFX0FMTF9QVUJMSVNIRURfVEhVTUJOQUlMUyIsIk1PTkVUX1VTRVIiLCJURU5BTlRfRVhQRVJJRU5DRVNfREVMRVRFIiwiVEVOQU5UX0VYUEVSSUVOQ0VTX1BVQkxJU0giLCJURU5BTlRfUkVUUklFVkVfRlJPTV9ISVNUT1JZIiwiVEVOQU5UX1BMVUdJTl9DQVRFR09SWV9VUERBVEUiXX0sIlZJTkNJX21vYml1cyI6eyJyb2xlcyI6WyJWSU5DSV9VU0VSIl19LCJhY2NvdW50Ijp7InJvbGVzIjpbIm1hbmFnZS1hY2NvdW50IiwibWFuYWdlLWFjY291bnQtbGlua3MiLCJ2aWV3LXByb2ZpbGUiXX19LCJzY29wZSI6InByb2ZpbGUgZW1haWwiLCJyZXF1ZXN0ZXJUeXBlIjoiVEVOQU5UIiwiZW1haWxfdmVyaWZpZWQiOnRydWUsIm5hbWUiOiJBaWR0YWFzIEFpZHRhYXMiLCJ0ZW5hbnRJZCI6IjJjZjc2ZTVmLTI2YWQtNGYyYy1iY2NjLWY0YmMxZTdiZmI2NCIsInByZWZlcnJlZF91c2VybmFtZSI6InBhc3N3b3JkX3RlbmFudF9haWR0YWFzQGdhaWFuc29sdXRpb25zLmNvbSIsImdpdmVuX25hbWUiOiJBaWR0YWFzIiwiZmFtaWx5X25hbWUiOiJBaWR0YWFzIiwiZW1haWwiOiJwYXNzd29yZF90ZW5hbnRfYWlkdGFhc0BnYWlhbnNvbHV0aW9ucy5jb20ifQ.G22UWdZfpDy2T8neTapxgOEwLcTJnbjop5nrm13HlhaUON7HfGI1b-n7D7FRAcRr2u7xBEE7MwJ3OSJyfjIQamrmV1U0PYtVogiw3EQcp41YWWAnpuaG41KiZvYuxGdFO1uADRRSrbnzDP44nnh75gQxL-s_blP160DEyu4gIfJ3f3Vz_wI_6yZ1aqpsz-8r8YpbeQbgrcV577yF2lTbmavmNDA6R_FW2rF8Y-mLfFbhAkQqmpuYDWdXv7_cyOmECs53ROlGzPd-DIUi1mw9_Af0tIC6DKh1nbbp16VPKqzmCPVfI1VGNZSCzVYOAr-XApRi0JZ39ub0aO1FsZzCjA
Cookies:		&lt;none&gt;
Multiparts:		&lt;none&gt;
Body:			&lt;none&gt;

HTTP/1.1 401 Unauthorized
www-authenticate: Bearer realm=&quot;https://ig.aidtaas.com/mobius-payment-service/v1.0/wallets/filter?Set+of+currencies=&amp;tenantId=qn62ulMyxxd7&quot;, error=&quot;invalid_token&quot;
content-length: 14
content-type: text/plain
date: Fri, 21 Feb 2025 06:21:53 GMT
server: istio-envoy
x-envoy-upstream-service-time: 1

Jwt is expired
</system-out>
  </testcase>
  <testcase classname="unit4cases.EvoMaster_others_Test" name="test_64" time="0.041">
    <failure message="1 expectation failed.
Expected content-type &quot;application/json&quot; doesn&apos;t match actual content-type &quot;text/plain&quot;.
" type="java.lang.AssertionError">java.lang.AssertionError: 1 expectation failed.
Expected content-type &quot;application/json&quot; doesn&apos;t match actual content-type &quot;text/plain&quot;.

	at java.base/jdk.internal.reflect.DirectConstructorHandleAccessor.newInstance(DirectConstructorHandleAccessor.java:62)
	at java.base/java.lang.reflect.Constructor.newInstanceWithCaller(Constructor.java:502)
	at java.base/java.lang.reflect.Constructor.newInstance(Constructor.java:486)
	at org.codehaus.groovy.reflection.CachedConstructor.invoke(CachedConstructor.java:73)
	at org.codehaus.groovy.runtime.callsite.ConstructorSite$ConstructorSiteNoUnwrapNoCoerce.callConstructor(ConstructorSite.java:108)
	at org.codehaus.groovy.runtime.callsite.AbstractCallSite.callConstructor(AbstractCallSite.java:277)
	at io.restassured.internal.ResponseSpecificationImpl$HamcrestAssertionClosure.validate(ResponseSpecificationImpl.groovy:512)
	at io.restassured.internal.ResponseSpecificationImpl$HamcrestAssertionClosure$validate$1.call(Unknown Source)
	at io.restassured.internal.ResponseSpecificationImpl.validateResponseIfRequired(ResponseSpecificationImpl.groovy:696)
	at io.restassured.internal.ResponseSpecificationImpl.this$2$validateResponseIfRequired(ResponseSpecificationImpl.groovy)
	at java.base/jdk.internal.reflect.DirectMethodHandleAccessor.invoke(DirectMethodHandleAccessor.java:103)
	at java.base/java.lang.reflect.Method.invoke(Method.java:580)
	at org.codehaus.groovy.runtime.callsite.PlainObjectMetaMethodSite.doInvoke(PlainObjectMetaMethodSite.java:43)
	at org.codehaus.groovy.runtime.callsite.PogoMetaMethodSite$PogoCachedMethodSiteNoUnwrapNoCoerce.invoke(PogoMetaMethodSite.java:198)
	at org.codehaus.groovy.runtime.callsite.PogoMetaMethodSite.callCurrent(PogoMetaMethodSite.java:62)
	at org.codehaus.groovy.runtime.callsite.AbstractCallSite.callCurrent(AbstractCallSite.java:185)
	at io.restassured.internal.ResponseSpecificationImpl.contentType(ResponseSpecificationImpl.groovy:443)
	at io.restassured.internal.ValidatableResponseOptionsImpl.contentType(ValidatableResponseOptionsImpl.java:226)
	at unit4cases.EvoMaster_others_Test.test_64(EvoMaster_others_Test.java:2193)
	at java.base/jdk.internal.reflect.DirectMethodHandleAccessor.invoke(DirectMethodHandleAccessor.java:103)
	at java.base/java.lang.reflect.Method.invoke(Method.java:580)
	at org.junit.runners.model.FrameworkMethod$1.runReflectiveCall(FrameworkMethod.java:59)
	at org.junit.internal.runners.model.ReflectiveCallable.run(ReflectiveCallable.java:12)
	at org.junit.runners.model.FrameworkMethod.invokeExplosively(FrameworkMethod.java:56)
	at org.junit.internal.runners.statements.InvokeMethod.evaluate(InvokeMethod.java:17)
	at org.junit.internal.runners.statements.FailOnTimeout$CallableStatement.call(FailOnTimeout.java:299)
	at org.junit.internal.runners.statements.FailOnTimeout$CallableStatement.call(FailOnTimeout.java:293)
	at java.base/java.util.concurrent.FutureTask.run(FutureTask.java:317)
	at java.base/java.lang.Thread.run(Thread.java:1583)
</failure>
    <system-out>Request method:	POST
Request URI:	https://ig.aidtaas.com/mobius-payment-service/v1.0/wallets/PtmprKnmeXpoFh5/credit?fromBank=false&amp;customerId=jXwoXJwWlB
Proxy:			&lt;none&gt;
Request params:	&lt;none&gt;
Query params:	&lt;none&gt;
Form params:	&lt;none&gt;
Path params:	&lt;none&gt;
Headers:		Accept=application/json
				Authorization=Bearer  eyJhbGciOiJSUzI1NiIsInR5cCIgOiAiSldUIiwia2lkIiA6ICI3Ny1NUVdFRTNHZE5adGlsWU5IYmpsa2dVSkpaWUJWVmN1UmFZdHl5ejFjIn0.eyJleHAiOjE3NDAwODgxMjAsImlhdCI6MTc0MDA1MjEyMCwianRpIjoiYjc4MDZhYTYtZWE3MS00NWJkLWI5ODMtOWU3MDE4OTc4NTYzIiwiaXNzIjoiaHR0cDovL2tleWNsb2FrLXNlcnZpY2Uua2V5Y2xvYWsuc3ZjLmNsdXN0ZXIubG9jYWw6ODA4MC9yZWFsbXMvbWFzdGVyIiwiYXVkIjpbIkJPTFRaTUFOTl9CT1RfbW9iaXVzIiwiUEFTQ0FMX0lOVEVMTElHRU5DRV9tb2JpdXMiLCJNT05FVF9tb2JpdXMiLCJWSU5DSV9tb2JpdXMiLCJhY2NvdW50Il0sInN1YiI6IjJjZjc2ZTVmLTI2YWQtNGYyYy1iY2NjLWY0YmMxZTdiZmI2NCIsInR5cCI6IkJlYXJlciIsImF6cCI6IkhPTEFDUkFDWV9tb2JpdXMiLCJzaWQiOiJmNjcwYzZjMi03OWYzLTQ2YzctOTE5Yy1hNTNhYmRiNTgwNDMiLCJhY3IiOiIxIiwiYWxsb3dlZC1vcmlnaW5zIjpbIi8qIl0sInJlYWxtX2FjY2VzcyI6eyJyb2xlcyI6WyJkZWZhdWx0LXJvbGVzLW1hc3RlciIsIkhDWV9URU5BTlRfQ1VTVE9NIiwib2ZmbGluZV9hY2Nlc3MiLCJCT0JfVEVOQU5UX0NVU1RPTSIsInVtYV9hdXRob3JpemF0aW9uIiwiUElfVEVOQU5UX0NVU1RPTSIsIk1PTkVUX1RFTkFOVF9DVVNUT00iXX0sInJlc291cmNlX2FjY2VzcyI6eyJCT0xUWk1BTk5fQk9UX21vYml1cyI6eyJyb2xlcyI6WyJURU5BTlRfV09SS0ZMT1dfU1VTUEVORF9QUk9DRVNTX0RFRklOSVRJT04iLCJURU5BTlRfV09SS0ZMT1dfU1VTUEVORF9JTlNUQU5DRSIsIlRFTkFOVF9XT1JLRkxPV19SRVRSSUVWRV9BTEwiLCJURU5BTlRfV09SS0ZMT1dfQUNUSVZBVEVfSU5TVEFOQ0UiLCJURU5BTlRfV09SS0ZMT1dfRVhFQ1VURSIsIlRFTkFOVF9XT1JLRkxPV19SRVRSSUVWRV9IT01FIiwiVEVOQU5UX1dPUktGTE9XX1JFVFJJRVZFX1NVU1BFTkRFRF9QUk9DRVNTX0RFRlMiLCJURU5BTlRfV09SS0ZMT1dfQUNUSVZBVEVfUlVOX0pPQiIsIlRFTkFOVF9XT1JLRkxPV19TVEFUVVMiLCJURU5BTlRfV09SS0ZMT1dfQ1JFQVRFIiwiVEVOQU5UX1dPUktGTE9XX0FDVElWSVRZX0RBVEFfQ09VTlQiLCJCT0xUWk1BTk5fQk9UX1VTRVIiLCJURU5BTlRfV09SS0ZMT1dfREVQTE9ZX1ZFUlNJT04iLCJURU5BTlRfV09SS0ZMT1dfSU1QT1JUIiwiVEVOQU5UX1dPUktGTE9XX1VQREFURSIsIlRFTkFOVF9XT1JLRkxPV19ERVBMT1kiLCJURU5BTlRfV09SS0ZMT1dfU1VTUEVORF9SVU5fSk9CIiwiVEVOQU5UX1dPUktGTE9XX1JFVFJJRVZFIiwiVEVOQU5UX1dPUktGTE9XX0RFTEVURSIsIlRFTkFOVF9XT1JLRkxPV19UUklHR0VSX01FU1NBR0VfTElTVEVORVIiXX0sIkhPTEFDUkFDWV9tb2JpdXMiOnsicm9sZXMiOlsiVEVOQU5UX1BST0RVQ1RfUkVUUklFVkVfTUFTVEVSX0NPTkZJRyIsIlRFTkFOVF9JTlZJVEFUSU9OX1JFU1BPTkQiLCJURU5BTlRfTkVHT1RJQVRJT05fQVBQUk9WQUxfQlVZRVIiLCJURU5BTlRfSU5WSVRBVElPTl9SRVRSSUVWRSIsIlRFTkFOVF9PUkdBTklaQVRJT05fQ1JFQVRFIiwiVEVOQU5UX0NSRUFURV9URU5BTlQiLCJURU5BTlRfU1VCX0FMTElBTkNFX1JFVFJJRVZFIiwiVEVOQU5UX1BMQVRGT1JNX0NSRUFURSIsIkhPTEFDUkFDWV9VU0VSIiwiVEVOQU5UX1JBVEVDQVJEX0NSRUFURSIsIlRFTkFOVF9QTEFURk9STV9SRVRSSUVWRSIsIlRFTkFOVF9SRVRSSUVWRV9CWV9CVVlFUl9QTEFURk9STSIsIlRFTkFOVF9TVUJfQUxMSUFOQ0VfUkVUUklFVkVfQUxMIiwiVEVOQU5UX1BST0RVQ1RfUkVUUklFVkUiLCJURU5BTlRfQUNDT1VOVF9ERUxFVEUiLCJURU5BTlRfQUxMSUFOQ0VfUkVUUklFVkUiLCJURU5BTlRfUExBVEZPUk1fVVBEQVRFIiwiVEVOQU5UX0lOVklUQVRJT05fQ1JFQVRFIiwiVEVOQU5UX1JBVEVDQVJEX1JFVFJJRVZFIiwiVEVOQU5UX09SR0FOSVpBVElPTl9VUERBVEUiLCJURU5BTlRfUkFURUNBUkRfVVBEQVRFIiwiVEVOQU5UX09SR0FOSVpBVElPTl9ERUxFVEUiLCJURU5BTlRfUExBVEZPUk1fREVMRVRFIiwiVEVOQU5UX1BST0RVQ1RfQ1JFQVRFIiwiVEVOQU5UX1NVQl9BTExJQU5DRV9DUkVBVEUiLCJURU5BTlRfUkFURUNBUkRfREVMRVRFIiwiVEVOQU5UX0FDQ09VTlRfQ1JFQVRFIiwiVEVOQU5UX0lOVklUQVRJT05fVVBEQVRFIiwiVEVOQU5UX1JFVFJJRVZFX1RFTkFOVCIsIlRFTkFOVF9JTlZJVEFUSU9OX0RFTEVURSIsIlRFTkFOVF9ORUdPVElBVElPTl9BUFBST1ZBTF9TVVBFUl9BRE1JTiIsIlRFTkFOVF9ORUdPVElBVElPTl9SRVRSSUVWRV9BTExfQkVUV0VFTl9CVVlFUl9TRUxMRVIiLCJURU5BTlRfUkVUUklFVkVfVEVOQU5UX0FMTCIsIlRFTkFOVF9ORUdPVElBVElPTl9DUkVBVEUiLCJURU5BTlRfVVBEQVRFX1RFTkFOVCIsIlRFTkFOVF9PUkdBTklaQVRJT05fUkVUUklFVkUiLCJURU5BTlRfQUNDT1VOVF9VUERBVEUiLCJURU5BTlRfUFJPRFVDVF9ERUxFVEUiLCJURU5BTlRfU1VCX0FMTElBTkNFX0RFTEVURSIsIlRFTkFOVF9ORUdPVElBVElPTl9BUFBST1ZBTF9TRUxMRVIiLCJURU5BTlRfU1VCX0FMTElBTkNFX1VQREFURSIsIlRFTkFOVF9QUk9EVUNUX1VQREFURSIsIlRFTkFOVF9BQ0NPVU5UX1JFVFJJRVZFIiwiVEVOQU5UX05FR09USUFUSU9OX1JFVFJJRVZFIiwiVEVOQU5UX0RFTEVURV9URU5BTlQiXX0sIlBBU0NBTF9JTlRFTExJR0VOQ0VfbW9iaXVzIjp7InJvbGVzIjpbIlRFTkFOVF9DT05URVhUX0RFTEVURSIsIlRFTkFOVF9DT05URVhUX1VQREFURSIsIlRFTkFOVF9CSUdRVUVSWV9SRVRSSUVWRSIsIlRFTkFOVF9CSUdRVUVSWV9VUERBVEUiLCJURU5BTlRfVU5JVkVSU0VfQ1JFQVRFIiwiVEVOQU5UX0NPSE9SVFNfUkVUUklFVkUiLCJURU5BTlRfQklHUVVFUllfQ1JFQVRFIiwiVEVOQU5UX0JJR1FVRVJZX0VWQUxVQVRFIiwiVEVOQU5UX0NPSE9SVFNfVVBEQVRFIiwiVEVOQU5UX0NPTlRFWFRfUkVUUklFVkUiLCJURU5BTlRfVU5JVkVSU0VfUkVUUklFVkUiLCJURU5BTlRfQ09IT1JUU19FVkFMVUFURSIsIlRFTkFOVF9CSUdRVUVSWV9ERUxFVEUiLCJURU5BTlRfU0NIRU1BX0NSRUFURSIsIlBBU0NBTF9JTlRFTExJR0VOQ0VfVVNFUiIsIlRFTkFOVF9DT0hPUlRTX0NSRUFURSIsIlRFTkFOVF9TQ0hFTUFfVVBEQVRFIiwiVEVOQU5UX0NPTlRFWFRfQVBQUk9WRSIsIlRFTkFOVF9VTklWRVJTRV9VUERBVEUiLCJURU5BTlRfQklHUVVFUllfQVBQUk9WRSIsIlRFTkFOVF9TQ0hFTUFfUkVUUklFVkUiLCJURU5BTlRfU0NIRU1BX0FQUFJPVkUiLCJURU5BTlRfQ09OVEVYVF9FVkFMVUFURSIsIlRFTkFOVF9TQ0hFTUFfREVMRVRFIiwiVEVOQU5UX0NPTlRFWFRfQ1JFQVRFIiwiVEVOQU5UX1NDSEVNQV9EQVRBX1JFVFJJRVZFIiwiVEVOQU5UX1NDSEVNQV9EQVRBX0RFTEVURSIsIlRFTkFOVF9TQ0hFTUFfREFUQV9VUERBVEUiLCJURU5BTlRfQ09IT1JUU19ERUxFVEUiLCJURU5BTlRfVU5JVkVSU0VfREVMRVRFIiwiVEVOQU5UX1NDSEVNQV9EQVRBX0lOR0VTVElPTiIsIlRFTkFOVF9DT0hPUlRTX0FQUFJPVkUiXX0sIk1PTkVUX21vYml1cyI6eyJyb2xlcyI6WyJURU5BTlRfQVBQTEVUU19SRVRSSUVWRV9BTExfUFVCTElTSEVEIiwiVEVOQU5UX1dJREdFVFNfUkVUUklFVkVfRFJBRlQiLCJURU5BTlRfV0lER0VUU19VUERBVEUiLCJURU5BTlRfQVBQTEVUU19ERUxFVEUiLCJURU5BTlRfV0lER0VUU19ERUxFVEUiLCJURU5BTlRfUExVR0lOX0NBVEVHT1JZX1JFVFJJRVZFX0FMTCIsIlRFTkFOVF9BUFBMRVRTX1VQREFURV9ISVNUT1JZIiwiVEVOQU5UX0VYUEVSSUVOQ0VTX0NSRUFURSIsIlRFTkFOVF9XSURHRVRTX1JFVFJJRVZFX1BVQkxJU0giLCJURU5BTlRfUExVR0lOX0NBVEVHT1JZX0NSRUFURSIsIlRFTkFOVF9ERVBFTkRFTkNZX1JFVFJJRVZFX0FMTCIsIlRFTkFOVF9XSURHRVRTX1BVQkxJU0giLCJURU5BTlRfUkVUUklFVkVfRklFTERTX09GX1BVQkxJU0hFRCIsIlRFTkFOVF9FWFBFUklFTkNFU19VUERBVEUiLCJURU5BTlRfQVBQTEVUU19DUkVBVEUiLCJURU5BTlRfUExVR0lOU19ERUxFVEUiLCJURU5BTlRfQVBQTEVUU19SRVRSSUVWRV9BTExfRFJBRlQiLCJURU5BTlRfUExVR0lOU19VUERBVEUiLCJURU5BTlRfQVBQTEVUU19SRVRSSUVWRV9GUk9NX0hJU1RPUlkiLCJURU5BTlRfUkVUUklFVkVfRklFTERTX09GX0RSQUZUIiwiVEVOQU5UX0FQUExFVFNfUkVUUklFVkVfUFVCTElTSEVEIiwiVEVOQU5UX0FQUExFVFNfUFVCTElTSEVEIiwiVEVOQU5UX1dJREdFVFNfUkVUUklFVkUiLCJURU5BTlRfUExVR0lOX0NBVEVHT1JZX0RFTEVURSIsIlRFTkFOVF9QTFVHSU5fQ0FURUdPUllfUFVCTElTSCIsIlRFTkFOVF9QTFVHSU5fQ0FURUdPUllfREVMRVRFX0NPTVBfRlJPTSIsIlRFTkFOVF9SRVRSSUVWRV9QVUJMSVNIRUQiLCJURU5BTlRfUExVR0lOU19SRVRSSUVWRSIsIlRFTkFOVF9QTFVHSU5TX0NSRUFURSIsIlRFTkFOVF9XSURHRVRTX0NSRUFURSIsIlRFTkFOVF9BUFBMRVRTX1JFVFJJRVZFX0FMTF9QVUJMSVNIRURfVEhVTUJOQUlMUyIsIk1PTkVUX1VTRVIiLCJURU5BTlRfRVhQRVJJRU5DRVNfREVMRVRFIiwiVEVOQU5UX0VYUEVSSUVOQ0VTX1BVQkxJU0giLCJURU5BTlRfUkVUUklFVkVfRlJPTV9ISVNUT1JZIiwiVEVOQU5UX1BMVUdJTl9DQVRFR09SWV9VUERBVEUiXX0sIlZJTkNJX21vYml1cyI6eyJyb2xlcyI6WyJWSU5DSV9VU0VSIl19LCJhY2NvdW50Ijp7InJvbGVzIjpbIm1hbmFnZS1hY2NvdW50IiwibWFuYWdlLWFjY291bnQtbGlua3MiLCJ2aWV3LXByb2ZpbGUiXX19LCJzY29wZSI6InByb2ZpbGUgZW1haWwiLCJyZXF1ZXN0ZXJUeXBlIjoiVEVOQU5UIiwiZW1haWxfdmVyaWZpZWQiOnRydWUsIm5hbWUiOiJBaWR0YWFzIEFpZHRhYXMiLCJ0ZW5hbnRJZCI6IjJjZjc2ZTVmLTI2YWQtNGYyYy1iY2NjLWY0YmMxZTdiZmI2NCIsInByZWZlcnJlZF91c2VybmFtZSI6InBhc3N3b3JkX3RlbmFudF9haWR0YWFzQGdhaWFuc29sdXRpb25zLmNvbSIsImdpdmVuX25hbWUiOiJBaWR0YWFzIiwiZmFtaWx5X25hbWUiOiJBaWR0YWFzIiwiZW1haWwiOiJwYXNzd29yZF90ZW5hbnRfYWlkdGFhc0BnYWlhbnNvbHV0aW9ucy5jb20ifQ.G22UWdZfpDy2T8neTapxgOEwLcTJnbjop5nrm13HlhaUON7HfGI1b-n7D7FRAcRr2u7xBEE7MwJ3OSJyfjIQamrmV1U0PYtVogiw3EQcp41YWWAnpuaG41KiZvYuxGdFO1uADRRSrbnzDP44nnh75gQxL-s_blP160DEyu4gIfJ3f3Vz_wI_6yZ1aqpsz-8r8YpbeQbgrcV577yF2lTbmavmNDA6R_FW2rF8Y-mLfFbhAkQqmpuYDWdXv7_cyOmECs53ROlGzPd-DIUi1mw9_Af0tIC6DKh1nbbp16VPKqzmCPVfI1VGNZSCzVYOAr-XApRi0JZ39ub0aO1FsZzCjA
				Content-Type=application/json
Cookies:		&lt;none&gt;
Multiparts:		&lt;none&gt;
Body:
{
    &quot;walletId&quot;: &quot;B&quot;,
    &quot;description&quot;: &quot;IF6srsCFm40V9w&quot;,
    &quot;clientId&quot;: &quot;l6OMy5Mgy&quot;,
    &quot;userId&quot;: &quot;PtmprKnmeXpoFh5&quot;,
    &quot;currency&quot;: &quot;ma0eHU7MLt9Oa&quot;,
    &quot;clientRedirectUrl&quot;: &quot;G8&quot;,
    &quot;clientKey&quot;: &quot;mN7yDeipEwUz&quot;,
    &quot;gatewayName&quot;: &quot;DJa5e6__Z&quot;,
    &quot;paymentType&quot;: &quot;MXctnEoXA&quot;,
    &quot;orderId&quot;: &quot;Z6Wp&quot;,
    &quot;requestId&quot;: &quot;r0Gn5lhOj&quot;,
    &quot;transactionType&quot;: &quot;FHW6n3WX03&quot;,
    &quot;customer&quot;: {
        &quot;mobile&quot;: &quot;iESMOG&quot;,
        &quot;name&quot;: &quot;khUq&quot;,
        &quot;emailId&quot;: &quot;4poDQ&quot;,
        &quot;phone&quot;: &quot;slvOx1V_soms&quot;,
        &quot;profileId&quot;: &quot;1w0&quot;,
        &quot;address1&quot;: &quot;V7yl4l6aKNlCld&quot;,
        &quot;address2&quot;: &quot;ndSIUww2JAIFknB&quot;,
        &quot;city&quot;: &quot;SmyrXGXTOGW&quot;,
        &quot;state&quot;: &quot;iJabOS&quot;,
        &quot;country&quot;: &quot;GZ&quot;,
        &quot;pin&quot;: &quot;uVcf77gy0oom&quot;,
        &quot;active&quot;: true
    },
    &quot;invoiceDate&quot;: &quot;LAX2m3&quot;,
    &quot;createdAt&quot;: &quot;f_&quot;
}

HTTP/1.1 401 Unauthorized
www-authenticate: Bearer realm=&quot;https://ig.aidtaas.com/mobius-payment-service/v1.0/wallets/PtmprKnmeXpoFh5/credit?fromBank=false&amp;customerId=jXwoXJwWlB&quot;, error=&quot;invalid_token&quot;
content-length: 14
content-type: text/plain
date: Fri, 21 Feb 2025 06:21:53 GMT
server: istio-envoy
connection: close

Jwt is expired
</system-out>
  </testcase>
  <testcase classname="unit4cases.EvoMaster_others_Test" name="test_65" time="0.116"/>
  <testcase classname="unit4cases.EvoMaster_others_Test" name="test_66" time="0.053">
    <failure message="1 expectation failed.
Expected content-type &quot;application/json&quot; doesn&apos;t match actual content-type &quot;text/plain&quot;.
" type="java.lang.AssertionError">java.lang.AssertionError: 1 expectation failed.
Expected content-type &quot;application/json&quot; doesn&apos;t match actual content-type &quot;text/plain&quot;.

	at java.base/jdk.internal.reflect.DirectConstructorHandleAccessor.newInstance(DirectConstructorHandleAccessor.java:62)
	at java.base/java.lang.reflect.Constructor.newInstanceWithCaller(Constructor.java:502)
	at java.base/java.lang.reflect.Constructor.newInstance(Constructor.java:486)
	at org.codehaus.groovy.reflection.CachedConstructor.invoke(CachedConstructor.java:73)
	at org.codehaus.groovy.runtime.callsite.ConstructorSite$ConstructorSiteNoUnwrapNoCoerce.callConstructor(ConstructorSite.java:108)
	at org.codehaus.groovy.runtime.callsite.AbstractCallSite.callConstructor(AbstractCallSite.java:277)
	at io.restassured.internal.ResponseSpecificationImpl$HamcrestAssertionClosure.validate(ResponseSpecificationImpl.groovy:512)
	at io.restassured.internal.ResponseSpecificationImpl$HamcrestAssertionClosure$validate$1.call(Unknown Source)
	at io.restassured.internal.ResponseSpecificationImpl.validateResponseIfRequired(ResponseSpecificationImpl.groovy:696)
	at io.restassured.internal.ResponseSpecificationImpl.this$2$validateResponseIfRequired(ResponseSpecificationImpl.groovy)
	at java.base/jdk.internal.reflect.DirectMethodHandleAccessor.invoke(DirectMethodHandleAccessor.java:103)
	at java.base/java.lang.reflect.Method.invoke(Method.java:580)
	at org.codehaus.groovy.runtime.callsite.PlainObjectMetaMethodSite.doInvoke(PlainObjectMetaMethodSite.java:43)
	at org.codehaus.groovy.runtime.callsite.PogoMetaMethodSite$PogoCachedMethodSiteNoUnwrapNoCoerce.invoke(PogoMetaMethodSite.java:198)
	at org.codehaus.groovy.runtime.callsite.PogoMetaMethodSite.callCurrent(PogoMetaMethodSite.java:62)
	at org.codehaus.groovy.runtime.callsite.AbstractCallSite.callCurrent(AbstractCallSite.java:185)
	at io.restassured.internal.ResponseSpecificationImpl.contentType(ResponseSpecificationImpl.groovy:443)
	at io.restassured.internal.ValidatableResponseOptionsImpl.contentType(ValidatableResponseOptionsImpl.java:226)
	at unit4cases.EvoMaster_others_Test.test_66(EvoMaster_others_Test.java:2250)
	at java.base/jdk.internal.reflect.DirectMethodHandleAccessor.invoke(DirectMethodHandleAccessor.java:103)
	at java.base/java.lang.reflect.Method.invoke(Method.java:580)
	at org.junit.runners.model.FrameworkMethod$1.runReflectiveCall(FrameworkMethod.java:59)
	at org.junit.internal.runners.model.ReflectiveCallable.run(ReflectiveCallable.java:12)
	at org.junit.runners.model.FrameworkMethod.invokeExplosively(FrameworkMethod.java:56)
	at org.junit.internal.runners.statements.InvokeMethod.evaluate(InvokeMethod.java:17)
	at org.junit.internal.runners.statements.FailOnTimeout$CallableStatement.call(FailOnTimeout.java:299)
	at org.junit.internal.runners.statements.FailOnTimeout$CallableStatement.call(FailOnTimeout.java:293)
	at java.base/java.util.concurrent.FutureTask.run(FutureTask.java:317)
	at java.base/java.lang.Thread.run(Thread.java:1583)
</failure>
    <system-out>Request method:	GET
Request URI:	https://ig.aidtaas.com/mobius-payment-service/v2.0/ledger?Email+Id+of+the+tenant=6_nUxP&amp;Timestamp=2052-02-11T11%3A44%3A39%2B01%3A12
Proxy:			&lt;none&gt;
Request params:	&lt;none&gt;
Query params:	&lt;none&gt;
Form params:	&lt;none&gt;
Path params:	&lt;none&gt;
Headers:		Accept=application/json
				Authorization=Bearer  eyJhbGciOiJSUzI1NiIsInR5cCIgOiAiSldUIiwia2lkIiA6ICI3Ny1NUVdFRTNHZE5adGlsWU5IYmpsa2dVSkpaWUJWVmN1UmFZdHl5ejFjIn0.eyJleHAiOjE3NDAwODgxMjAsImlhdCI6MTc0MDA1MjEyMCwianRpIjoiYjc4MDZhYTYtZWE3MS00NWJkLWI5ODMtOWU3MDE4OTc4NTYzIiwiaXNzIjoiaHR0cDovL2tleWNsb2FrLXNlcnZpY2Uua2V5Y2xvYWsuc3ZjLmNsdXN0ZXIubG9jYWw6ODA4MC9yZWFsbXMvbWFzdGVyIiwiYXVkIjpbIkJPTFRaTUFOTl9CT1RfbW9iaXVzIiwiUEFTQ0FMX0lOVEVMTElHRU5DRV9tb2JpdXMiLCJNT05FVF9tb2JpdXMiLCJWSU5DSV9tb2JpdXMiLCJhY2NvdW50Il0sInN1YiI6IjJjZjc2ZTVmLTI2YWQtNGYyYy1iY2NjLWY0YmMxZTdiZmI2NCIsInR5cCI6IkJlYXJlciIsImF6cCI6IkhPTEFDUkFDWV9tb2JpdXMiLCJzaWQiOiJmNjcwYzZjMi03OWYzLTQ2YzctOTE5Yy1hNTNhYmRiNTgwNDMiLCJhY3IiOiIxIiwiYWxsb3dlZC1vcmlnaW5zIjpbIi8qIl0sInJlYWxtX2FjY2VzcyI6eyJyb2xlcyI6WyJkZWZhdWx0LXJvbGVzLW1hc3RlciIsIkhDWV9URU5BTlRfQ1VTVE9NIiwib2ZmbGluZV9hY2Nlc3MiLCJCT0JfVEVOQU5UX0NVU1RPTSIsInVtYV9hdXRob3JpemF0aW9uIiwiUElfVEVOQU5UX0NVU1RPTSIsIk1PTkVUX1RFTkFOVF9DVVNUT00iXX0sInJlc291cmNlX2FjY2VzcyI6eyJCT0xUWk1BTk5fQk9UX21vYml1cyI6eyJyb2xlcyI6WyJURU5BTlRfV09SS0ZMT1dfU1VTUEVORF9QUk9DRVNTX0RFRklOSVRJT04iLCJURU5BTlRfV09SS0ZMT1dfU1VTUEVORF9JTlNUQU5DRSIsIlRFTkFOVF9XT1JLRkxPV19SRVRSSUVWRV9BTEwiLCJURU5BTlRfV09SS0ZMT1dfQUNUSVZBVEVfSU5TVEFOQ0UiLCJURU5BTlRfV09SS0ZMT1dfRVhFQ1VURSIsIlRFTkFOVF9XT1JLRkxPV19SRVRSSUVWRV9IT01FIiwiVEVOQU5UX1dPUktGTE9XX1JFVFJJRVZFX1NVU1BFTkRFRF9QUk9DRVNTX0RFRlMiLCJURU5BTlRfV09SS0ZMT1dfQUNUSVZBVEVfUlVOX0pPQiIsIlRFTkFOVF9XT1JLRkxPV19TVEFUVVMiLCJURU5BTlRfV09SS0ZMT1dfQ1JFQVRFIiwiVEVOQU5UX1dPUktGTE9XX0FDVElWSVRZX0RBVEFfQ09VTlQiLCJCT0xUWk1BTk5fQk9UX1VTRVIiLCJURU5BTlRfV09SS0ZMT1dfREVQTE9ZX1ZFUlNJT04iLCJURU5BTlRfV09SS0ZMT1dfSU1QT1JUIiwiVEVOQU5UX1dPUktGTE9XX1VQREFURSIsIlRFTkFOVF9XT1JLRkxPV19ERVBMT1kiLCJURU5BTlRfV09SS0ZMT1dfU1VTUEVORF9SVU5fSk9CIiwiVEVOQU5UX1dPUktGTE9XX1JFVFJJRVZFIiwiVEVOQU5UX1dPUktGTE9XX0RFTEVURSIsIlRFTkFOVF9XT1JLRkxPV19UUklHR0VSX01FU1NBR0VfTElTVEVORVIiXX0sIkhPTEFDUkFDWV9tb2JpdXMiOnsicm9sZXMiOlsiVEVOQU5UX1BST0RVQ1RfUkVUUklFVkVfTUFTVEVSX0NPTkZJRyIsIlRFTkFOVF9JTlZJVEFUSU9OX1JFU1BPTkQiLCJURU5BTlRfTkVHT1RJQVRJT05fQVBQUk9WQUxfQlVZRVIiLCJURU5BTlRfSU5WSVRBVElPTl9SRVRSSUVWRSIsIlRFTkFOVF9PUkdBTklaQVRJT05fQ1JFQVRFIiwiVEVOQU5UX0NSRUFURV9URU5BTlQiLCJURU5BTlRfU1VCX0FMTElBTkNFX1JFVFJJRVZFIiwiVEVOQU5UX1BMQVRGT1JNX0NSRUFURSIsIkhPTEFDUkFDWV9VU0VSIiwiVEVOQU5UX1JBVEVDQVJEX0NSRUFURSIsIlRFTkFOVF9QTEFURk9STV9SRVRSSUVWRSIsIlRFTkFOVF9SRVRSSUVWRV9CWV9CVVlFUl9QTEFURk9STSIsIlRFTkFOVF9TVUJfQUxMSUFOQ0VfUkVUUklFVkVfQUxMIiwiVEVOQU5UX1BST0RVQ1RfUkVUUklFVkUiLCJURU5BTlRfQUNDT1VOVF9ERUxFVEUiLCJURU5BTlRfQUxMSUFOQ0VfUkVUUklFVkUiLCJURU5BTlRfUExBVEZPUk1fVVBEQVRFIiwiVEVOQU5UX0lOVklUQVRJT05fQ1JFQVRFIiwiVEVOQU5UX1JBVEVDQVJEX1JFVFJJRVZFIiwiVEVOQU5UX09SR0FOSVpBVElPTl9VUERBVEUiLCJURU5BTlRfUkFURUNBUkRfVVBEQVRFIiwiVEVOQU5UX09SR0FOSVpBVElPTl9ERUxFVEUiLCJURU5BTlRfUExBVEZPUk1fREVMRVRFIiwiVEVOQU5UX1BST0RVQ1RfQ1JFQVRFIiwiVEVOQU5UX1NVQl9BTExJQU5DRV9DUkVBVEUiLCJURU5BTlRfUkFURUNBUkRfREVMRVRFIiwiVEVOQU5UX0FDQ09VTlRfQ1JFQVRFIiwiVEVOQU5UX0lOVklUQVRJT05fVVBEQVRFIiwiVEVOQU5UX1JFVFJJRVZFX1RFTkFOVCIsIlRFTkFOVF9JTlZJVEFUSU9OX0RFTEVURSIsIlRFTkFOVF9ORUdPVElBVElPTl9BUFBST1ZBTF9TVVBFUl9BRE1JTiIsIlRFTkFOVF9ORUdPVElBVElPTl9SRVRSSUVWRV9BTExfQkVUV0VFTl9CVVlFUl9TRUxMRVIiLCJURU5BTlRfUkVUUklFVkVfVEVOQU5UX0FMTCIsIlRFTkFOVF9ORUdPVElBVElPTl9DUkVBVEUiLCJURU5BTlRfVVBEQVRFX1RFTkFOVCIsIlRFTkFOVF9PUkdBTklaQVRJT05fUkVUUklFVkUiLCJURU5BTlRfQUNDT1VOVF9VUERBVEUiLCJURU5BTlRfUFJPRFVDVF9ERUxFVEUiLCJURU5BTlRfU1VCX0FMTElBTkNFX0RFTEVURSIsIlRFTkFOVF9ORUdPVElBVElPTl9BUFBST1ZBTF9TRUxMRVIiLCJURU5BTlRfU1VCX0FMTElBTkNFX1VQREFURSIsIlRFTkFOVF9QUk9EVUNUX1VQREFURSIsIlRFTkFOVF9BQ0NPVU5UX1JFVFJJRVZFIiwiVEVOQU5UX05FR09USUFUSU9OX1JFVFJJRVZFIiwiVEVOQU5UX0RFTEVURV9URU5BTlQiXX0sIlBBU0NBTF9JTlRFTExJR0VOQ0VfbW9iaXVzIjp7InJvbGVzIjpbIlRFTkFOVF9DT05URVhUX0RFTEVURSIsIlRFTkFOVF9DT05URVhUX1VQREFURSIsIlRFTkFOVF9CSUdRVUVSWV9SRVRSSUVWRSIsIlRFTkFOVF9CSUdRVUVSWV9VUERBVEUiLCJURU5BTlRfVU5JVkVSU0VfQ1JFQVRFIiwiVEVOQU5UX0NPSE9SVFNfUkVUUklFVkUiLCJURU5BTlRfQklHUVVFUllfQ1JFQVRFIiwiVEVOQU5UX0JJR1FVRVJZX0VWQUxVQVRFIiwiVEVOQU5UX0NPSE9SVFNfVVBEQVRFIiwiVEVOQU5UX0NPTlRFWFRfUkVUUklFVkUiLCJURU5BTlRfVU5JVkVSU0VfUkVUUklFVkUiLCJURU5BTlRfQ09IT1JUU19FVkFMVUFURSIsIlRFTkFOVF9CSUdRVUVSWV9ERUxFVEUiLCJURU5BTlRfU0NIRU1BX0NSRUFURSIsIlBBU0NBTF9JTlRFTExJR0VOQ0VfVVNFUiIsIlRFTkFOVF9DT0hPUlRTX0NSRUFURSIsIlRFTkFOVF9TQ0hFTUFfVVBEQVRFIiwiVEVOQU5UX0NPTlRFWFRfQVBQUk9WRSIsIlRFTkFOVF9VTklWRVJTRV9VUERBVEUiLCJURU5BTlRfQklHUVVFUllfQVBQUk9WRSIsIlRFTkFOVF9TQ0hFTUFfUkVUUklFVkUiLCJURU5BTlRfU0NIRU1BX0FQUFJPVkUiLCJURU5BTlRfQ09OVEVYVF9FVkFMVUFURSIsIlRFTkFOVF9TQ0hFTUFfREVMRVRFIiwiVEVOQU5UX0NPTlRFWFRfQ1JFQVRFIiwiVEVOQU5UX1NDSEVNQV9EQVRBX1JFVFJJRVZFIiwiVEVOQU5UX1NDSEVNQV9EQVRBX0RFTEVURSIsIlRFTkFOVF9TQ0hFTUFfREFUQV9VUERBVEUiLCJURU5BTlRfQ09IT1JUU19ERUxFVEUiLCJURU5BTlRfVU5JVkVSU0VfREVMRVRFIiwiVEVOQU5UX1NDSEVNQV9EQVRBX0lOR0VTVElPTiIsIlRFTkFOVF9DT0hPUlRTX0FQUFJPVkUiXX0sIk1PTkVUX21vYml1cyI6eyJyb2xlcyI6WyJURU5BTlRfQVBQTEVUU19SRVRSSUVWRV9BTExfUFVCTElTSEVEIiwiVEVOQU5UX1dJREdFVFNfUkVUUklFVkVfRFJBRlQiLCJURU5BTlRfV0lER0VUU19VUERBVEUiLCJURU5BTlRfQVBQTEVUU19ERUxFVEUiLCJURU5BTlRfV0lER0VUU19ERUxFVEUiLCJURU5BTlRfUExVR0lOX0NBVEVHT1JZX1JFVFJJRVZFX0FMTCIsIlRFTkFOVF9BUFBMRVRTX1VQREFURV9ISVNUT1JZIiwiVEVOQU5UX0VYUEVSSUVOQ0VTX0NSRUFURSIsIlRFTkFOVF9XSURHRVRTX1JFVFJJRVZFX1BVQkxJU0giLCJURU5BTlRfUExVR0lOX0NBVEVHT1JZX0NSRUFURSIsIlRFTkFOVF9ERVBFTkRFTkNZX1JFVFJJRVZFX0FMTCIsIlRFTkFOVF9XSURHRVRTX1BVQkxJU0giLCJURU5BTlRfUkVUUklFVkVfRklFTERTX09GX1BVQkxJU0hFRCIsIlRFTkFOVF9FWFBFUklFTkNFU19VUERBVEUiLCJURU5BTlRfQVBQTEVUU19DUkVBVEUiLCJURU5BTlRfUExVR0lOU19ERUxFVEUiLCJURU5BTlRfQVBQTEVUU19SRVRSSUVWRV9BTExfRFJBRlQiLCJURU5BTlRfUExVR0lOU19VUERBVEUiLCJURU5BTlRfQVBQTEVUU19SRVRSSUVWRV9GUk9NX0hJU1RPUlkiLCJURU5BTlRfUkVUUklFVkVfRklFTERTX09GX0RSQUZUIiwiVEVOQU5UX0FQUExFVFNfUkVUUklFVkVfUFVCTElTSEVEIiwiVEVOQU5UX0FQUExFVFNfUFVCTElTSEVEIiwiVEVOQU5UX1dJREdFVFNfUkVUUklFVkUiLCJURU5BTlRfUExVR0lOX0NBVEVHT1JZX0RFTEVURSIsIlRFTkFOVF9QTFVHSU5fQ0FURUdPUllfUFVCTElTSCIsIlRFTkFOVF9QTFVHSU5fQ0FURUdPUllfREVMRVRFX0NPTVBfRlJPTSIsIlRFTkFOVF9SRVRSSUVWRV9QVUJMSVNIRUQiLCJURU5BTlRfUExVR0lOU19SRVRSSUVWRSIsIlRFTkFOVF9QTFVHSU5TX0NSRUFURSIsIlRFTkFOVF9XSURHRVRTX0NSRUFURSIsIlRFTkFOVF9BUFBMRVRTX1JFVFJJRVZFX0FMTF9QVUJMSVNIRURfVEhVTUJOQUlMUyIsIk1PTkVUX1VTRVIiLCJURU5BTlRfRVhQRVJJRU5DRVNfREVMRVRFIiwiVEVOQU5UX0VYUEVSSUVOQ0VTX1BVQkxJU0giLCJURU5BTlRfUkVUUklFVkVfRlJPTV9ISVNUT1JZIiwiVEVOQU5UX1BMVUdJTl9DQVRFR09SWV9VUERBVEUiXX0sIlZJTkNJX21vYml1cyI6eyJyb2xlcyI6WyJWSU5DSV9VU0VSIl19LCJhY2NvdW50Ijp7InJvbGVzIjpbIm1hbmFnZS1hY2NvdW50IiwibWFuYWdlLWFjY291bnQtbGlua3MiLCJ2aWV3LXByb2ZpbGUiXX19LCJzY29wZSI6InByb2ZpbGUgZW1haWwiLCJyZXF1ZXN0ZXJUeXBlIjoiVEVOQU5UIiwiZW1haWxfdmVyaWZpZWQiOnRydWUsIm5hbWUiOiJBaWR0YWFzIEFpZHRhYXMiLCJ0ZW5hbnRJZCI6IjJjZjc2ZTVmLTI2YWQtNGYyYy1iY2NjLWY0YmMxZTdiZmI2NCIsInByZWZlcnJlZF91c2VybmFtZSI6InBhc3N3b3JkX3RlbmFudF9haWR0YWFzQGdhaWFuc29sdXRpb25zLmNvbSIsImdpdmVuX25hbWUiOiJBaWR0YWFzIiwiZmFtaWx5X25hbWUiOiJBaWR0YWFzIiwiZW1haWwiOiJwYXNzd29yZF90ZW5hbnRfYWlkdGFhc0BnYWlhbnNvbHV0aW9ucy5jb20ifQ.G22UWdZfpDy2T8neTapxgOEwLcTJnbjop5nrm13HlhaUON7HfGI1b-n7D7FRAcRr2u7xBEE7MwJ3OSJyfjIQamrmV1U0PYtVogiw3EQcp41YWWAnpuaG41KiZvYuxGdFO1uADRRSrbnzDP44nnh75gQxL-s_blP160DEyu4gIfJ3f3Vz_wI_6yZ1aqpsz-8r8YpbeQbgrcV577yF2lTbmavmNDA6R_FW2rF8Y-mLfFbhAkQqmpuYDWdXv7_cyOmECs53ROlGzPd-DIUi1mw9_Af0tIC6DKh1nbbp16VPKqzmCPVfI1VGNZSCzVYOAr-XApRi0JZ39ub0aO1FsZzCjA
Cookies:		&lt;none&gt;
Multiparts:		&lt;none&gt;
Body:			&lt;none&gt;

HTTP/1.1 401 Unauthorized
www-authenticate: Bearer realm=&quot;https://ig.aidtaas.com/mobius-payment-service/v2.0/ledger?Email+Id+of+the+tenant=6_nUxP&amp;Timestamp=2052-02-11T11%3A44%3A39%2B01%3A12&quot;, error=&quot;invalid_token&quot;
content-length: 14
content-type: text/plain
date: Fri, 21 Feb 2025 06:21:53 GMT
server: istio-envoy
x-envoy-upstream-service-time: 5

Jwt is expired
</system-out>
  </testcase>
  <testcase classname="unit4cases.EvoMaster_others_Test" name="test_67" time="0.06">
    <failure message="1 expectation failed.
Expected content-type &quot;application/json&quot; doesn&apos;t match actual content-type &quot;text/plain&quot;.
" type="java.lang.AssertionError">java.lang.AssertionError: 1 expectation failed.
Expected content-type &quot;application/json&quot; doesn&apos;t match actual content-type &quot;text/plain&quot;.

	at java.base/jdk.internal.reflect.DirectConstructorHandleAccessor.newInstance(DirectConstructorHandleAccessor.java:62)
	at java.base/java.lang.reflect.Constructor.newInstanceWithCaller(Constructor.java:502)
	at java.base/java.lang.reflect.Constructor.newInstance(Constructor.java:486)
	at org.codehaus.groovy.reflection.CachedConstructor.invoke(CachedConstructor.java:73)
	at org.codehaus.groovy.runtime.callsite.ConstructorSite$ConstructorSiteNoUnwrapNoCoerce.callConstructor(ConstructorSite.java:108)
	at org.codehaus.groovy.runtime.callsite.AbstractCallSite.callConstructor(AbstractCallSite.java:277)
	at io.restassured.internal.ResponseSpecificationImpl$HamcrestAssertionClosure.validate(ResponseSpecificationImpl.groovy:512)
	at io.restassured.internal.ResponseSpecificationImpl$HamcrestAssertionClosure$validate$1.call(Unknown Source)
	at io.restassured.internal.ResponseSpecificationImpl.validateResponseIfRequired(ResponseSpecificationImpl.groovy:696)
	at io.restassured.internal.ResponseSpecificationImpl.this$2$validateResponseIfRequired(ResponseSpecificationImpl.groovy)
	at java.base/jdk.internal.reflect.DirectMethodHandleAccessor.invoke(DirectMethodHandleAccessor.java:103)
	at java.base/java.lang.reflect.Method.invoke(Method.java:580)
	at org.codehaus.groovy.runtime.callsite.PlainObjectMetaMethodSite.doInvoke(PlainObjectMetaMethodSite.java:43)
	at org.codehaus.groovy.runtime.callsite.PogoMetaMethodSite$PogoCachedMethodSiteNoUnwrapNoCoerce.invoke(PogoMetaMethodSite.java:198)
	at org.codehaus.groovy.runtime.callsite.PogoMetaMethodSite.callCurrent(PogoMetaMethodSite.java:62)
	at org.codehaus.groovy.runtime.callsite.AbstractCallSite.callCurrent(AbstractCallSite.java:185)
	at io.restassured.internal.ResponseSpecificationImpl.contentType(ResponseSpecificationImpl.groovy:443)
	at io.restassured.internal.ValidatableResponseOptionsImpl.contentType(ValidatableResponseOptionsImpl.java:226)
	at unit4cases.EvoMaster_others_Test.test_67(EvoMaster_others_Test.java:2278)
	at java.base/jdk.internal.reflect.DirectMethodHandleAccessor.invoke(DirectMethodHandleAccessor.java:103)
	at java.base/java.lang.reflect.Method.invoke(Method.java:580)
	at org.junit.runners.model.FrameworkMethod$1.runReflectiveCall(FrameworkMethod.java:59)
	at org.junit.internal.runners.model.ReflectiveCallable.run(ReflectiveCallable.java:12)
	at org.junit.runners.model.FrameworkMethod.invokeExplosively(FrameworkMethod.java:56)
	at org.junit.internal.runners.statements.InvokeMethod.evaluate(InvokeMethod.java:17)
	at org.junit.internal.runners.statements.FailOnTimeout$CallableStatement.call(FailOnTimeout.java:299)
	at org.junit.internal.runners.statements.FailOnTimeout$CallableStatement.call(FailOnTimeout.java:293)
	at java.base/java.util.concurrent.FutureTask.run(FutureTask.java:317)
	at java.base/java.lang.Thread.run(Thread.java:1583)
</failure>
    <system-out>Request method:	GET
Request URI:	https://ig.aidtaas.com/mobius-payment-service/v2.0/ledger?Email+Id+of+the+tenant=CFmOm9Gjly5c3&amp;Timestamp=1923-13-23T06%3A06%3A24.826Z
Proxy:			&lt;none&gt;
Request params:	&lt;none&gt;
Query params:	&lt;none&gt;
Form params:	&lt;none&gt;
Path params:	&lt;none&gt;
Headers:		Accept=application/json
				Authorization=Bearer  eyJhbGciOiJSUzI1NiIsInR5cCIgOiAiSldUIiwia2lkIiA6ICI3Ny1NUVdFRTNHZE5adGlsWU5IYmpsa2dVSkpaWUJWVmN1UmFZdHl5ejFjIn0.eyJleHAiOjE3NDAwODgxMjAsImlhdCI6MTc0MDA1MjEyMCwianRpIjoiYjc4MDZhYTYtZWE3MS00NWJkLWI5ODMtOWU3MDE4OTc4NTYzIiwiaXNzIjoiaHR0cDovL2tleWNsb2FrLXNlcnZpY2Uua2V5Y2xvYWsuc3ZjLmNsdXN0ZXIubG9jYWw6ODA4MC9yZWFsbXMvbWFzdGVyIiwiYXVkIjpbIkJPTFRaTUFOTl9CT1RfbW9iaXVzIiwiUEFTQ0FMX0lOVEVMTElHRU5DRV9tb2JpdXMiLCJNT05FVF9tb2JpdXMiLCJWSU5DSV9tb2JpdXMiLCJhY2NvdW50Il0sInN1YiI6IjJjZjc2ZTVmLTI2YWQtNGYyYy1iY2NjLWY0YmMxZTdiZmI2NCIsInR5cCI6IkJlYXJlciIsImF6cCI6IkhPTEFDUkFDWV9tb2JpdXMiLCJzaWQiOiJmNjcwYzZjMi03OWYzLTQ2YzctOTE5Yy1hNTNhYmRiNTgwNDMiLCJhY3IiOiIxIiwiYWxsb3dlZC1vcmlnaW5zIjpbIi8qIl0sInJlYWxtX2FjY2VzcyI6eyJyb2xlcyI6WyJkZWZhdWx0LXJvbGVzLW1hc3RlciIsIkhDWV9URU5BTlRfQ1VTVE9NIiwib2ZmbGluZV9hY2Nlc3MiLCJCT0JfVEVOQU5UX0NVU1RPTSIsInVtYV9hdXRob3JpemF0aW9uIiwiUElfVEVOQU5UX0NVU1RPTSIsIk1PTkVUX1RFTkFOVF9DVVNUT00iXX0sInJlc291cmNlX2FjY2VzcyI6eyJCT0xUWk1BTk5fQk9UX21vYml1cyI6eyJyb2xlcyI6WyJURU5BTlRfV09SS0ZMT1dfU1VTUEVORF9QUk9DRVNTX0RFRklOSVRJT04iLCJURU5BTlRfV09SS0ZMT1dfU1VTUEVORF9JTlNUQU5DRSIsIlRFTkFOVF9XT1JLRkxPV19SRVRSSUVWRV9BTEwiLCJURU5BTlRfV09SS0ZMT1dfQUNUSVZBVEVfSU5TVEFOQ0UiLCJURU5BTlRfV09SS0ZMT1dfRVhFQ1VURSIsIlRFTkFOVF9XT1JLRkxPV19SRVRSSUVWRV9IT01FIiwiVEVOQU5UX1dPUktGTE9XX1JFVFJJRVZFX1NVU1BFTkRFRF9QUk9DRVNTX0RFRlMiLCJURU5BTlRfV09SS0ZMT1dfQUNUSVZBVEVfUlVOX0pPQiIsIlRFTkFOVF9XT1JLRkxPV19TVEFUVVMiLCJURU5BTlRfV09SS0ZMT1dfQ1JFQVRFIiwiVEVOQU5UX1dPUktGTE9XX0FDVElWSVRZX0RBVEFfQ09VTlQiLCJCT0xUWk1BTk5fQk9UX1VTRVIiLCJURU5BTlRfV09SS0ZMT1dfREVQTE9ZX1ZFUlNJT04iLCJURU5BTlRfV09SS0ZMT1dfSU1QT1JUIiwiVEVOQU5UX1dPUktGTE9XX1VQREFURSIsIlRFTkFOVF9XT1JLRkxPV19ERVBMT1kiLCJURU5BTlRfV09SS0ZMT1dfU1VTUEVORF9SVU5fSk9CIiwiVEVOQU5UX1dPUktGTE9XX1JFVFJJRVZFIiwiVEVOQU5UX1dPUktGTE9XX0RFTEVURSIsIlRFTkFOVF9XT1JLRkxPV19UUklHR0VSX01FU1NBR0VfTElTVEVORVIiXX0sIkhPTEFDUkFDWV9tb2JpdXMiOnsicm9sZXMiOlsiVEVOQU5UX1BST0RVQ1RfUkVUUklFVkVfTUFTVEVSX0NPTkZJRyIsIlRFTkFOVF9JTlZJVEFUSU9OX1JFU1BPTkQiLCJURU5BTlRfTkVHT1RJQVRJT05fQVBQUk9WQUxfQlVZRVIiLCJURU5BTlRfSU5WSVRBVElPTl9SRVRSSUVWRSIsIlRFTkFOVF9PUkdBTklaQVRJT05fQ1JFQVRFIiwiVEVOQU5UX0NSRUFURV9URU5BTlQiLCJURU5BTlRfU1VCX0FMTElBTkNFX1JFVFJJRVZFIiwiVEVOQU5UX1BMQVRGT1JNX0NSRUFURSIsIkhPTEFDUkFDWV9VU0VSIiwiVEVOQU5UX1JBVEVDQVJEX0NSRUFURSIsIlRFTkFOVF9QTEFURk9STV9SRVRSSUVWRSIsIlRFTkFOVF9SRVRSSUVWRV9CWV9CVVlFUl9QTEFURk9STSIsIlRFTkFOVF9TVUJfQUxMSUFOQ0VfUkVUUklFVkVfQUxMIiwiVEVOQU5UX1BST0RVQ1RfUkVUUklFVkUiLCJURU5BTlRfQUNDT1VOVF9ERUxFVEUiLCJURU5BTlRfQUxMSUFOQ0VfUkVUUklFVkUiLCJURU5BTlRfUExBVEZPUk1fVVBEQVRFIiwiVEVOQU5UX0lOVklUQVRJT05fQ1JFQVRFIiwiVEVOQU5UX1JBVEVDQVJEX1JFVFJJRVZFIiwiVEVOQU5UX09SR0FOSVpBVElPTl9VUERBVEUiLCJURU5BTlRfUkFURUNBUkRfVVBEQVRFIiwiVEVOQU5UX09SR0FOSVpBVElPTl9ERUxFVEUiLCJURU5BTlRfUExBVEZPUk1fREVMRVRFIiwiVEVOQU5UX1BST0RVQ1RfQ1JFQVRFIiwiVEVOQU5UX1NVQl9BTExJQU5DRV9DUkVBVEUiLCJURU5BTlRfUkFURUNBUkRfREVMRVRFIiwiVEVOQU5UX0FDQ09VTlRfQ1JFQVRFIiwiVEVOQU5UX0lOVklUQVRJT05fVVBEQVRFIiwiVEVOQU5UX1JFVFJJRVZFX1RFTkFOVCIsIlRFTkFOVF9JTlZJVEFUSU9OX0RFTEVURSIsIlRFTkFOVF9ORUdPVElBVElPTl9BUFBST1ZBTF9TVVBFUl9BRE1JTiIsIlRFTkFOVF9ORUdPVElBVElPTl9SRVRSSUVWRV9BTExfQkVUV0VFTl9CVVlFUl9TRUxMRVIiLCJURU5BTlRfUkVUUklFVkVfVEVOQU5UX0FMTCIsIlRFTkFOVF9ORUdPVElBVElPTl9DUkVBVEUiLCJURU5BTlRfVVBEQVRFX1RFTkFOVCIsIlRFTkFOVF9PUkdBTklaQVRJT05fUkVUUklFVkUiLCJURU5BTlRfQUNDT1VOVF9VUERBVEUiLCJURU5BTlRfUFJPRFVDVF9ERUxFVEUiLCJURU5BTlRfU1VCX0FMTElBTkNFX0RFTEVURSIsIlRFTkFOVF9ORUdPVElBVElPTl9BUFBST1ZBTF9TRUxMRVIiLCJURU5BTlRfU1VCX0FMTElBTkNFX1VQREFURSIsIlRFTkFOVF9QUk9EVUNUX1VQREFURSIsIlRFTkFOVF9BQ0NPVU5UX1JFVFJJRVZFIiwiVEVOQU5UX05FR09USUFUSU9OX1JFVFJJRVZFIiwiVEVOQU5UX0RFTEVURV9URU5BTlQiXX0sIlBBU0NBTF9JTlRFTExJR0VOQ0VfbW9iaXVzIjp7InJvbGVzIjpbIlRFTkFOVF9DT05URVhUX0RFTEVURSIsIlRFTkFOVF9DT05URVhUX1VQREFURSIsIlRFTkFOVF9CSUdRVUVSWV9SRVRSSUVWRSIsIlRFTkFOVF9CSUdRVUVSWV9VUERBVEUiLCJURU5BTlRfVU5JVkVSU0VfQ1JFQVRFIiwiVEVOQU5UX0NPSE9SVFNfUkVUUklFVkUiLCJURU5BTlRfQklHUVVFUllfQ1JFQVRFIiwiVEVOQU5UX0JJR1FVRVJZX0VWQUxVQVRFIiwiVEVOQU5UX0NPSE9SVFNfVVBEQVRFIiwiVEVOQU5UX0NPTlRFWFRfUkVUUklFVkUiLCJURU5BTlRfVU5JVkVSU0VfUkVUUklFVkUiLCJURU5BTlRfQ09IT1JUU19FVkFMVUFURSIsIlRFTkFOVF9CSUdRVUVSWV9ERUxFVEUiLCJURU5BTlRfU0NIRU1BX0NSRUFURSIsIlBBU0NBTF9JTlRFTExJR0VOQ0VfVVNFUiIsIlRFTkFOVF9DT0hPUlRTX0NSRUFURSIsIlRFTkFOVF9TQ0hFTUFfVVBEQVRFIiwiVEVOQU5UX0NPTlRFWFRfQVBQUk9WRSIsIlRFTkFOVF9VTklWRVJTRV9VUERBVEUiLCJURU5BTlRfQklHUVVFUllfQVBQUk9WRSIsIlRFTkFOVF9TQ0hFTUFfUkVUUklFVkUiLCJURU5BTlRfU0NIRU1BX0FQUFJPVkUiLCJURU5BTlRfQ09OVEVYVF9FVkFMVUFURSIsIlRFTkFOVF9TQ0hFTUFfREVMRVRFIiwiVEVOQU5UX0NPTlRFWFRfQ1JFQVRFIiwiVEVOQU5UX1NDSEVNQV9EQVRBX1JFVFJJRVZFIiwiVEVOQU5UX1NDSEVNQV9EQVRBX0RFTEVURSIsIlRFTkFOVF9TQ0hFTUFfREFUQV9VUERBVEUiLCJURU5BTlRfQ09IT1JUU19ERUxFVEUiLCJURU5BTlRfVU5JVkVSU0VfREVMRVRFIiwiVEVOQU5UX1NDSEVNQV9EQVRBX0lOR0VTVElPTiIsIlRFTkFOVF9DT0hPUlRTX0FQUFJPVkUiXX0sIk1PTkVUX21vYml1cyI6eyJyb2xlcyI6WyJURU5BTlRfQVBQTEVUU19SRVRSSUVWRV9BTExfUFVCTElTSEVEIiwiVEVOQU5UX1dJREdFVFNfUkVUUklFVkVfRFJBRlQiLCJURU5BTlRfV0lER0VUU19VUERBVEUiLCJURU5BTlRfQVBQTEVUU19ERUxFVEUiLCJURU5BTlRfV0lER0VUU19ERUxFVEUiLCJURU5BTlRfUExVR0lOX0NBVEVHT1JZX1JFVFJJRVZFX0FMTCIsIlRFTkFOVF9BUFBMRVRTX1VQREFURV9ISVNUT1JZIiwiVEVOQU5UX0VYUEVSSUVOQ0VTX0NSRUFURSIsIlRFTkFOVF9XSURHRVRTX1JFVFJJRVZFX1BVQkxJU0giLCJURU5BTlRfUExVR0lOX0NBVEVHT1JZX0NSRUFURSIsIlRFTkFOVF9ERVBFTkRFTkNZX1JFVFJJRVZFX0FMTCIsIlRFTkFOVF9XSURHRVRTX1BVQkxJU0giLCJURU5BTlRfUkVUUklFVkVfRklFTERTX09GX1BVQkxJU0hFRCIsIlRFTkFOVF9FWFBFUklFTkNFU19VUERBVEUiLCJURU5BTlRfQVBQTEVUU19DUkVBVEUiLCJURU5BTlRfUExVR0lOU19ERUxFVEUiLCJURU5BTlRfQVBQTEVUU19SRVRSSUVWRV9BTExfRFJBRlQiLCJURU5BTlRfUExVR0lOU19VUERBVEUiLCJURU5BTlRfQVBQTEVUU19SRVRSSUVWRV9GUk9NX0hJU1RPUlkiLCJURU5BTlRfUkVUUklFVkVfRklFTERTX09GX0RSQUZUIiwiVEVOQU5UX0FQUExFVFNfUkVUUklFVkVfUFVCTElTSEVEIiwiVEVOQU5UX0FQUExFVFNfUFVCTElTSEVEIiwiVEVOQU5UX1dJREdFVFNfUkVUUklFVkUiLCJURU5BTlRfUExVR0lOX0NBVEVHT1JZX0RFTEVURSIsIlRFTkFOVF9QTFVHSU5fQ0FURUdPUllfUFVCTElTSCIsIlRFTkFOVF9QTFVHSU5fQ0FURUdPUllfREVMRVRFX0NPTVBfRlJPTSIsIlRFTkFOVF9SRVRSSUVWRV9QVUJMSVNIRUQiLCJURU5BTlRfUExVR0lOU19SRVRSSUVWRSIsIlRFTkFOVF9QTFVHSU5TX0NSRUFURSIsIlRFTkFOVF9XSURHRVRTX0NSRUFURSIsIlRFTkFOVF9BUFBMRVRTX1JFVFJJRVZFX0FMTF9QVUJMSVNIRURfVEhVTUJOQUlMUyIsIk1PTkVUX1VTRVIiLCJURU5BTlRfRVhQRVJJRU5DRVNfREVMRVRFIiwiVEVOQU5UX0VYUEVSSUVOQ0VTX1BVQkxJU0giLCJURU5BTlRfUkVUUklFVkVfRlJPTV9ISVNUT1JZIiwiVEVOQU5UX1BMVUdJTl9DQVRFR09SWV9VUERBVEUiXX0sIlZJTkNJX21vYml1cyI6eyJyb2xlcyI6WyJWSU5DSV9VU0VSIl19LCJhY2NvdW50Ijp7InJvbGVzIjpbIm1hbmFnZS1hY2NvdW50IiwibWFuYWdlLWFjY291bnQtbGlua3MiLCJ2aWV3LXByb2ZpbGUiXX19LCJzY29wZSI6InByb2ZpbGUgZW1haWwiLCJyZXF1ZXN0ZXJUeXBlIjoiVEVOQU5UIiwiZW1haWxfdmVyaWZpZWQiOnRydWUsIm5hbWUiOiJBaWR0YWFzIEFpZHRhYXMiLCJ0ZW5hbnRJZCI6IjJjZjc2ZTVmLTI2YWQtNGYyYy1iY2NjLWY0YmMxZTdiZmI2NCIsInByZWZlcnJlZF91c2VybmFtZSI6InBhc3N3b3JkX3RlbmFudF9haWR0YWFzQGdhaWFuc29sdXRpb25zLmNvbSIsImdpdmVuX25hbWUiOiJBaWR0YWFzIiwiZmFtaWx5X25hbWUiOiJBaWR0YWFzIiwiZW1haWwiOiJwYXNzd29yZF90ZW5hbnRfYWlkdGFhc0BnYWlhbnNvbHV0aW9ucy5jb20ifQ.G22UWdZfpDy2T8neTapxgOEwLcTJnbjop5nrm13HlhaUON7HfGI1b-n7D7FRAcRr2u7xBEE7MwJ3OSJyfjIQamrmV1U0PYtVogiw3EQcp41YWWAnpuaG41KiZvYuxGdFO1uADRRSrbnzDP44nnh75gQxL-s_blP160DEyu4gIfJ3f3Vz_wI_6yZ1aqpsz-8r8YpbeQbgrcV577yF2lTbmavmNDA6R_FW2rF8Y-mLfFbhAkQqmpuYDWdXv7_cyOmECs53ROlGzPd-DIUi1mw9_Af0tIC6DKh1nbbp16VPKqzmCPVfI1VGNZSCzVYOAr-XApRi0JZ39ub0aO1FsZzCjA
Cookies:		&lt;none&gt;
Multiparts:		&lt;none&gt;
Body:			&lt;none&gt;

HTTP/1.1 401 Unauthorized
www-authenticate: Bearer realm=&quot;https://ig.aidtaas.com/mobius-payment-service/v2.0/ledger?Email+Id+of+the+tenant=CFmOm9Gjly5c3&amp;Timestamp=1923-13-23T06%3A06%3A24.826Z&quot;, error=&quot;invalid_token&quot;
content-length: 14
content-type: text/plain
date: Fri, 21 Feb 2025 06:21:53 GMT
server: istio-envoy
x-envoy-upstream-service-time: 4

Jwt is expired
</system-out>
  </testcase>
  <testcase classname="unit4cases.EvoMaster_others_Test" name="test_68" time="0.047">
    <failure message="1 expectation failed.
Expected content-type &quot;application/json&quot; doesn&apos;t match actual content-type &quot;text/plain&quot;.
" type="java.lang.AssertionError">java.lang.AssertionError: 1 expectation failed.
Expected content-type &quot;application/json&quot; doesn&apos;t match actual content-type &quot;text/plain&quot;.

	at java.base/jdk.internal.reflect.DirectConstructorHandleAccessor.newInstance(DirectConstructorHandleAccessor.java:62)
	at java.base/java.lang.reflect.Constructor.newInstanceWithCaller(Constructor.java:502)
	at java.base/java.lang.reflect.Constructor.newInstance(Constructor.java:486)
	at org.codehaus.groovy.reflection.CachedConstructor.invoke(CachedConstructor.java:73)
	at org.codehaus.groovy.runtime.callsite.ConstructorSite$ConstructorSiteNoUnwrapNoCoerce.callConstructor(ConstructorSite.java:108)
	at org.codehaus.groovy.runtime.callsite.AbstractCallSite.callConstructor(AbstractCallSite.java:277)
	at io.restassured.internal.ResponseSpecificationImpl$HamcrestAssertionClosure.validate(ResponseSpecificationImpl.groovy:512)
	at io.restassured.internal.ResponseSpecificationImpl$HamcrestAssertionClosure$validate$1.call(Unknown Source)
	at io.restassured.internal.ResponseSpecificationImpl.validateResponseIfRequired(ResponseSpecificationImpl.groovy:696)
	at io.restassured.internal.ResponseSpecificationImpl.this$2$validateResponseIfRequired(ResponseSpecificationImpl.groovy)
	at java.base/jdk.internal.reflect.DirectMethodHandleAccessor.invoke(DirectMethodHandleAccessor.java:103)
	at java.base/java.lang.reflect.Method.invoke(Method.java:580)
	at org.codehaus.groovy.runtime.callsite.PlainObjectMetaMethodSite.doInvoke(PlainObjectMetaMethodSite.java:43)
	at org.codehaus.groovy.runtime.callsite.PogoMetaMethodSite$PogoCachedMethodSiteNoUnwrapNoCoerce.invoke(PogoMetaMethodSite.java:198)
	at org.codehaus.groovy.runtime.callsite.PogoMetaMethodSite.callCurrent(PogoMetaMethodSite.java:62)
	at org.codehaus.groovy.runtime.callsite.AbstractCallSite.callCurrent(AbstractCallSite.java:185)
	at io.restassured.internal.ResponseSpecificationImpl.contentType(ResponseSpecificationImpl.groovy:443)
	at io.restassured.internal.ValidatableResponseOptionsImpl.contentType(ValidatableResponseOptionsImpl.java:226)
	at unit4cases.EvoMaster_others_Test.test_68(EvoMaster_others_Test.java:2308)
	at java.base/jdk.internal.reflect.DirectMethodHandleAccessor.invoke(DirectMethodHandleAccessor.java:103)
	at java.base/java.lang.reflect.Method.invoke(Method.java:580)
	at org.junit.runners.model.FrameworkMethod$1.runReflectiveCall(FrameworkMethod.java:59)
	at org.junit.internal.runners.model.ReflectiveCallable.run(ReflectiveCallable.java:12)
	at org.junit.runners.model.FrameworkMethod.invokeExplosively(FrameworkMethod.java:56)
	at org.junit.internal.runners.statements.InvokeMethod.evaluate(InvokeMethod.java:17)
	at org.junit.internal.runners.statements.FailOnTimeout$CallableStatement.call(FailOnTimeout.java:299)
	at org.junit.internal.runners.statements.FailOnTimeout$CallableStatement.call(FailOnTimeout.java:293)
	at java.base/java.util.concurrent.FutureTask.run(FutureTask.java:317)
	at java.base/java.lang.Thread.run(Thread.java:1583)
</failure>
    <system-out>Request method:	GET
Request URI:	https://ig.aidtaas.com/mobius-payment-service/v1.0/passbook?emailId=OSWi&amp;currency=eVTVHjAzXs&amp;pageable=%7B%22page%22%3A108%2C+%22sort%22%3A%5B%22cVUwwFcLRS%22%2C+%22utDGNi5BBqs%22%2C+%22CaoI_%22%2C+%22kp%22%5D%7D&amp;dateTo=1950-10-23T15%3A14%3A21Z
Proxy:			&lt;none&gt;
Request params:	&lt;none&gt;
Query params:	&lt;none&gt;
Form params:	&lt;none&gt;
Path params:	&lt;none&gt;
Headers:		Accept=application/json
				Authorization=Bearer  eyJhbGciOiJSUzI1NiIsInR5cCIgOiAiSldUIiwia2lkIiA6ICI3Ny1NUVdFRTNHZE5adGlsWU5IYmpsa2dVSkpaWUJWVmN1UmFZdHl5ejFjIn0.eyJleHAiOjE3NDAwODgxMjAsImlhdCI6MTc0MDA1MjEyMCwianRpIjoiYjc4MDZhYTYtZWE3MS00NWJkLWI5ODMtOWU3MDE4OTc4NTYzIiwiaXNzIjoiaHR0cDovL2tleWNsb2FrLXNlcnZpY2Uua2V5Y2xvYWsuc3ZjLmNsdXN0ZXIubG9jYWw6ODA4MC9yZWFsbXMvbWFzdGVyIiwiYXVkIjpbIkJPTFRaTUFOTl9CT1RfbW9iaXVzIiwiUEFTQ0FMX0lOVEVMTElHRU5DRV9tb2JpdXMiLCJNT05FVF9tb2JpdXMiLCJWSU5DSV9tb2JpdXMiLCJhY2NvdW50Il0sInN1YiI6IjJjZjc2ZTVmLTI2YWQtNGYyYy1iY2NjLWY0YmMxZTdiZmI2NCIsInR5cCI6IkJlYXJlciIsImF6cCI6IkhPTEFDUkFDWV9tb2JpdXMiLCJzaWQiOiJmNjcwYzZjMi03OWYzLTQ2YzctOTE5Yy1hNTNhYmRiNTgwNDMiLCJhY3IiOiIxIiwiYWxsb3dlZC1vcmlnaW5zIjpbIi8qIl0sInJlYWxtX2FjY2VzcyI6eyJyb2xlcyI6WyJkZWZhdWx0LXJvbGVzLW1hc3RlciIsIkhDWV9URU5BTlRfQ1VTVE9NIiwib2ZmbGluZV9hY2Nlc3MiLCJCT0JfVEVOQU5UX0NVU1RPTSIsInVtYV9hdXRob3JpemF0aW9uIiwiUElfVEVOQU5UX0NVU1RPTSIsIk1PTkVUX1RFTkFOVF9DVVNUT00iXX0sInJlc291cmNlX2FjY2VzcyI6eyJCT0xUWk1BTk5fQk9UX21vYml1cyI6eyJyb2xlcyI6WyJURU5BTlRfV09SS0ZMT1dfU1VTUEVORF9QUk9DRVNTX0RFRklOSVRJT04iLCJURU5BTlRfV09SS0ZMT1dfU1VTUEVORF9JTlNUQU5DRSIsIlRFTkFOVF9XT1JLRkxPV19SRVRSSUVWRV9BTEwiLCJURU5BTlRfV09SS0ZMT1dfQUNUSVZBVEVfSU5TVEFOQ0UiLCJURU5BTlRfV09SS0ZMT1dfRVhFQ1VURSIsIlRFTkFOVF9XT1JLRkxPV19SRVRSSUVWRV9IT01FIiwiVEVOQU5UX1dPUktGTE9XX1JFVFJJRVZFX1NVU1BFTkRFRF9QUk9DRVNTX0RFRlMiLCJURU5BTlRfV09SS0ZMT1dfQUNUSVZBVEVfUlVOX0pPQiIsIlRFTkFOVF9XT1JLRkxPV19TVEFUVVMiLCJURU5BTlRfV09SS0ZMT1dfQ1JFQVRFIiwiVEVOQU5UX1dPUktGTE9XX0FDVElWSVRZX0RBVEFfQ09VTlQiLCJCT0xUWk1BTk5fQk9UX1VTRVIiLCJURU5BTlRfV09SS0ZMT1dfREVQTE9ZX1ZFUlNJT04iLCJURU5BTlRfV09SS0ZMT1dfSU1QT1JUIiwiVEVOQU5UX1dPUktGTE9XX1VQREFURSIsIlRFTkFOVF9XT1JLRkxPV19ERVBMT1kiLCJURU5BTlRfV09SS0ZMT1dfU1VTUEVORF9SVU5fSk9CIiwiVEVOQU5UX1dPUktGTE9XX1JFVFJJRVZFIiwiVEVOQU5UX1dPUktGTE9XX0RFTEVURSIsIlRFTkFOVF9XT1JLRkxPV19UUklHR0VSX01FU1NBR0VfTElTVEVORVIiXX0sIkhPTEFDUkFDWV9tb2JpdXMiOnsicm9sZXMiOlsiVEVOQU5UX1BST0RVQ1RfUkVUUklFVkVfTUFTVEVSX0NPTkZJRyIsIlRFTkFOVF9JTlZJVEFUSU9OX1JFU1BPTkQiLCJURU5BTlRfTkVHT1RJQVRJT05fQVBQUk9WQUxfQlVZRVIiLCJURU5BTlRfSU5WSVRBVElPTl9SRVRSSUVWRSIsIlRFTkFOVF9PUkdBTklaQVRJT05fQ1JFQVRFIiwiVEVOQU5UX0NSRUFURV9URU5BTlQiLCJURU5BTlRfU1VCX0FMTElBTkNFX1JFVFJJRVZFIiwiVEVOQU5UX1BMQVRGT1JNX0NSRUFURSIsIkhPTEFDUkFDWV9VU0VSIiwiVEVOQU5UX1JBVEVDQVJEX0NSRUFURSIsIlRFTkFOVF9QTEFURk9STV9SRVRSSUVWRSIsIlRFTkFOVF9SRVRSSUVWRV9CWV9CVVlFUl9QTEFURk9STSIsIlRFTkFOVF9TVUJfQUxMSUFOQ0VfUkVUUklFVkVfQUxMIiwiVEVOQU5UX1BST0RVQ1RfUkVUUklFVkUiLCJURU5BTlRfQUNDT1VOVF9ERUxFVEUiLCJURU5BTlRfQUxMSUFOQ0VfUkVUUklFVkUiLCJURU5BTlRfUExBVEZPUk1fVVBEQVRFIiwiVEVOQU5UX0lOVklUQVRJT05fQ1JFQVRFIiwiVEVOQU5UX1JBVEVDQVJEX1JFVFJJRVZFIiwiVEVOQU5UX09SR0FOSVpBVElPTl9VUERBVEUiLCJURU5BTlRfUkFURUNBUkRfVVBEQVRFIiwiVEVOQU5UX09SR0FOSVpBVElPTl9ERUxFVEUiLCJURU5BTlRfUExBVEZPUk1fREVMRVRFIiwiVEVOQU5UX1BST0RVQ1RfQ1JFQVRFIiwiVEVOQU5UX1NVQl9BTExJQU5DRV9DUkVBVEUiLCJURU5BTlRfUkFURUNBUkRfREVMRVRFIiwiVEVOQU5UX0FDQ09VTlRfQ1JFQVRFIiwiVEVOQU5UX0lOVklUQVRJT05fVVBEQVRFIiwiVEVOQU5UX1JFVFJJRVZFX1RFTkFOVCIsIlRFTkFOVF9JTlZJVEFUSU9OX0RFTEVURSIsIlRFTkFOVF9ORUdPVElBVElPTl9BUFBST1ZBTF9TVVBFUl9BRE1JTiIsIlRFTkFOVF9ORUdPVElBVElPTl9SRVRSSUVWRV9BTExfQkVUV0VFTl9CVVlFUl9TRUxMRVIiLCJURU5BTlRfUkVUUklFVkVfVEVOQU5UX0FMTCIsIlRFTkFOVF9ORUdPVElBVElPTl9DUkVBVEUiLCJURU5BTlRfVVBEQVRFX1RFTkFOVCIsIlRFTkFOVF9PUkdBTklaQVRJT05fUkVUUklFVkUiLCJURU5BTlRfQUNDT1VOVF9VUERBVEUiLCJURU5BTlRfUFJPRFVDVF9ERUxFVEUiLCJURU5BTlRfU1VCX0FMTElBTkNFX0RFTEVURSIsIlRFTkFOVF9ORUdPVElBVElPTl9BUFBST1ZBTF9TRUxMRVIiLCJURU5BTlRfU1VCX0FMTElBTkNFX1VQREFURSIsIlRFTkFOVF9QUk9EVUNUX1VQREFURSIsIlRFTkFOVF9BQ0NPVU5UX1JFVFJJRVZFIiwiVEVOQU5UX05FR09USUFUSU9OX1JFVFJJRVZFIiwiVEVOQU5UX0RFTEVURV9URU5BTlQiXX0sIlBBU0NBTF9JTlRFTExJR0VOQ0VfbW9iaXVzIjp7InJvbGVzIjpbIlRFTkFOVF9DT05URVhUX0RFTEVURSIsIlRFTkFOVF9DT05URVhUX1VQREFURSIsIlRFTkFOVF9CSUdRVUVSWV9SRVRSSUVWRSIsIlRFTkFOVF9CSUdRVUVSWV9VUERBVEUiLCJURU5BTlRfVU5JVkVSU0VfQ1JFQVRFIiwiVEVOQU5UX0NPSE9SVFNfUkVUUklFVkUiLCJURU5BTlRfQklHUVVFUllfQ1JFQVRFIiwiVEVOQU5UX0JJR1FVRVJZX0VWQUxVQVRFIiwiVEVOQU5UX0NPSE9SVFNfVVBEQVRFIiwiVEVOQU5UX0NPTlRFWFRfUkVUUklFVkUiLCJURU5BTlRfVU5JVkVSU0VfUkVUUklFVkUiLCJURU5BTlRfQ09IT1JUU19FVkFMVUFURSIsIlRFTkFOVF9CSUdRVUVSWV9ERUxFVEUiLCJURU5BTlRfU0NIRU1BX0NSRUFURSIsIlBBU0NBTF9JTlRFTExJR0VOQ0VfVVNFUiIsIlRFTkFOVF9DT0hPUlRTX0NSRUFURSIsIlRFTkFOVF9TQ0hFTUFfVVBEQVRFIiwiVEVOQU5UX0NPTlRFWFRfQVBQUk9WRSIsIlRFTkFOVF9VTklWRVJTRV9VUERBVEUiLCJURU5BTlRfQklHUVVFUllfQVBQUk9WRSIsIlRFTkFOVF9TQ0hFTUFfUkVUUklFVkUiLCJURU5BTlRfU0NIRU1BX0FQUFJPVkUiLCJURU5BTlRfQ09OVEVYVF9FVkFMVUFURSIsIlRFTkFOVF9TQ0hFTUFfREVMRVRFIiwiVEVOQU5UX0NPTlRFWFRfQ1JFQVRFIiwiVEVOQU5UX1NDSEVNQV9EQVRBX1JFVFJJRVZFIiwiVEVOQU5UX1NDSEVNQV9EQVRBX0RFTEVURSIsIlRFTkFOVF9TQ0hFTUFfREFUQV9VUERBVEUiLCJURU5BTlRfQ09IT1JUU19ERUxFVEUiLCJURU5BTlRfVU5JVkVSU0VfREVMRVRFIiwiVEVOQU5UX1NDSEVNQV9EQVRBX0lOR0VTVElPTiIsIlRFTkFOVF9DT0hPUlRTX0FQUFJPVkUiXX0sIk1PTkVUX21vYml1cyI6eyJyb2xlcyI6WyJURU5BTlRfQVBQTEVUU19SRVRSSUVWRV9BTExfUFVCTElTSEVEIiwiVEVOQU5UX1dJREdFVFNfUkVUUklFVkVfRFJBRlQiLCJURU5BTlRfV0lER0VUU19VUERBVEUiLCJURU5BTlRfQVBQTEVUU19ERUxFVEUiLCJURU5BTlRfV0lER0VUU19ERUxFVEUiLCJURU5BTlRfUExVR0lOX0NBVEVHT1JZX1JFVFJJRVZFX0FMTCIsIlRFTkFOVF9BUFBMRVRTX1VQREFURV9ISVNUT1JZIiwiVEVOQU5UX0VYUEVSSUVOQ0VTX0NSRUFURSIsIlRFTkFOVF9XSURHRVRTX1JFVFJJRVZFX1BVQkxJU0giLCJURU5BTlRfUExVR0lOX0NBVEVHT1JZX0NSRUFURSIsIlRFTkFOVF9ERVBFTkRFTkNZX1JFVFJJRVZFX0FMTCIsIlRFTkFOVF9XSURHRVRTX1BVQkxJU0giLCJURU5BTlRfUkVUUklFVkVfRklFTERTX09GX1BVQkxJU0hFRCIsIlRFTkFOVF9FWFBFUklFTkNFU19VUERBVEUiLCJURU5BTlRfQVBQTEVUU19DUkVBVEUiLCJURU5BTlRfUExVR0lOU19ERUxFVEUiLCJURU5BTlRfQVBQTEVUU19SRVRSSUVWRV9BTExfRFJBRlQiLCJURU5BTlRfUExVR0lOU19VUERBVEUiLCJURU5BTlRfQVBQTEVUU19SRVRSSUVWRV9GUk9NX0hJU1RPUlkiLCJURU5BTlRfUkVUUklFVkVfRklFTERTX09GX0RSQUZUIiwiVEVOQU5UX0FQUExFVFNfUkVUUklFVkVfUFVCTElTSEVEIiwiVEVOQU5UX0FQUExFVFNfUFVCTElTSEVEIiwiVEVOQU5UX1dJREdFVFNfUkVUUklFVkUiLCJURU5BTlRfUExVR0lOX0NBVEVHT1JZX0RFTEVURSIsIlRFTkFOVF9QTFVHSU5fQ0FURUdPUllfUFVCTElTSCIsIlRFTkFOVF9QTFVHSU5fQ0FURUdPUllfREVMRVRFX0NPTVBfRlJPTSIsIlRFTkFOVF9SRVRSSUVWRV9QVUJMSVNIRUQiLCJURU5BTlRfUExVR0lOU19SRVRSSUVWRSIsIlRFTkFOVF9QTFVHSU5TX0NSRUFURSIsIlRFTkFOVF9XSURHRVRTX0NSRUFURSIsIlRFTkFOVF9BUFBMRVRTX1JFVFJJRVZFX0FMTF9QVUJMSVNIRURfVEhVTUJOQUlMUyIsIk1PTkVUX1VTRVIiLCJURU5BTlRfRVhQRVJJRU5DRVNfREVMRVRFIiwiVEVOQU5UX0VYUEVSSUVOQ0VTX1BVQkxJU0giLCJURU5BTlRfUkVUUklFVkVfRlJPTV9ISVNUT1JZIiwiVEVOQU5UX1BMVUdJTl9DQVRFR09SWV9VUERBVEUiXX0sIlZJTkNJX21vYml1cyI6eyJyb2xlcyI6WyJWSU5DSV9VU0VSIl19LCJhY2NvdW50Ijp7InJvbGVzIjpbIm1hbmFnZS1hY2NvdW50IiwibWFuYWdlLWFjY291bnQtbGlua3MiLCJ2aWV3LXByb2ZpbGUiXX19LCJzY29wZSI6InByb2ZpbGUgZW1haWwiLCJyZXF1ZXN0ZXJUeXBlIjoiVEVOQU5UIiwiZW1haWxfdmVyaWZpZWQiOnRydWUsIm5hbWUiOiJBaWR0YWFzIEFpZHRhYXMiLCJ0ZW5hbnRJZCI6IjJjZjc2ZTVmLTI2YWQtNGYyYy1iY2NjLWY0YmMxZTdiZmI2NCIsInByZWZlcnJlZF91c2VybmFtZSI6InBhc3N3b3JkX3RlbmFudF9haWR0YWFzQGdhaWFuc29sdXRpb25zLmNvbSIsImdpdmVuX25hbWUiOiJBaWR0YWFzIiwiZmFtaWx5X25hbWUiOiJBaWR0YWFzIiwiZW1haWwiOiJwYXNzd29yZF90ZW5hbnRfYWlkdGFhc0BnYWlhbnNvbHV0aW9ucy5jb20ifQ.G22UWdZfpDy2T8neTapxgOEwLcTJnbjop5nrm13HlhaUON7HfGI1b-n7D7FRAcRr2u7xBEE7MwJ3OSJyfjIQamrmV1U0PYtVogiw3EQcp41YWWAnpuaG41KiZvYuxGdFO1uADRRSrbnzDP44nnh75gQxL-s_blP160DEyu4gIfJ3f3Vz_wI_6yZ1aqpsz-8r8YpbeQbgrcV577yF2lTbmavmNDA6R_FW2rF8Y-mLfFbhAkQqmpuYDWdXv7_cyOmECs53ROlGzPd-DIUi1mw9_Af0tIC6DKh1nbbp16VPKqzmCPVfI1VGNZSCzVYOAr-XApRi0JZ39ub0aO1FsZzCjA
Cookies:		&lt;none&gt;
Multiparts:		&lt;none&gt;
Body:			&lt;none&gt;

HTTP/1.1 401 Unauthorized
www-authenticate: Bearer realm=&quot;https://ig.aidtaas.com/mobius-payment-service/v1.0/passbook?emailId=OSWi&amp;currency=eVTVHjAzXs&amp;pageable=%7B%22page%22%3A108%2C+%22sort%22%3A%5B%22cVUwwFcLRS%22%2C+%22utDGNi5BBqs%22%2C+%22CaoI_%22%2C+%22kp%22%5D%7D&amp;dateTo=1950-10-23T15%3A14%3A21Z&quot;, error=&quot;invalid_token&quot;
content-length: 14
content-type: text/plain
date: Fri, 21 Feb 2025 06:21:53 GMT
server: istio-envoy
x-envoy-upstream-service-time: 3

Jwt is expired
</system-out>
  </testcase>
  <testcase classname="unit4cases.EvoMaster_others_Test" name="test_69" time="0.047">
    <failure message="1 expectation failed.
Expected content-type &quot;application/json&quot; doesn&apos;t match actual content-type &quot;text/plain&quot;.
" type="java.lang.AssertionError">java.lang.AssertionError: 1 expectation failed.
Expected content-type &quot;application/json&quot; doesn&apos;t match actual content-type &quot;text/plain&quot;.

	at java.base/jdk.internal.reflect.DirectConstructorHandleAccessor.newInstance(DirectConstructorHandleAccessor.java:62)
	at java.base/java.lang.reflect.Constructor.newInstanceWithCaller(Constructor.java:502)
	at java.base/java.lang.reflect.Constructor.newInstance(Constructor.java:486)
	at org.codehaus.groovy.reflection.CachedConstructor.invoke(CachedConstructor.java:73)
	at org.codehaus.groovy.runtime.callsite.ConstructorSite$ConstructorSiteNoUnwrapNoCoerce.callConstructor(ConstructorSite.java:108)
	at org.codehaus.groovy.runtime.callsite.AbstractCallSite.callConstructor(AbstractCallSite.java:277)
	at io.restassured.internal.ResponseSpecificationImpl$HamcrestAssertionClosure.validate(ResponseSpecificationImpl.groovy:512)
	at io.restassured.internal.ResponseSpecificationImpl$HamcrestAssertionClosure$validate$1.call(Unknown Source)
	at io.restassured.internal.ResponseSpecificationImpl.validateResponseIfRequired(ResponseSpecificationImpl.groovy:696)
	at io.restassured.internal.ResponseSpecificationImpl.this$2$validateResponseIfRequired(ResponseSpecificationImpl.groovy)
	at java.base/jdk.internal.reflect.DirectMethodHandleAccessor.invoke(DirectMethodHandleAccessor.java:103)
	at java.base/java.lang.reflect.Method.invoke(Method.java:580)
	at org.codehaus.groovy.runtime.callsite.PlainObjectMetaMethodSite.doInvoke(PlainObjectMetaMethodSite.java:43)
	at org.codehaus.groovy.runtime.callsite.PogoMetaMethodSite$PogoCachedMethodSiteNoUnwrapNoCoerce.invoke(PogoMetaMethodSite.java:198)
	at org.codehaus.groovy.runtime.callsite.PogoMetaMethodSite.callCurrent(PogoMetaMethodSite.java:62)
	at org.codehaus.groovy.runtime.callsite.AbstractCallSite.callCurrent(AbstractCallSite.java:185)
	at io.restassured.internal.ResponseSpecificationImpl.contentType(ResponseSpecificationImpl.groovy:443)
	at io.restassured.internal.ValidatableResponseOptionsImpl.contentType(ValidatableResponseOptionsImpl.java:226)
	at unit4cases.EvoMaster_others_Test.test_69(EvoMaster_others_Test.java:2339)
	at java.base/jdk.internal.reflect.DirectMethodHandleAccessor.invoke(DirectMethodHandleAccessor.java:103)
	at java.base/java.lang.reflect.Method.invoke(Method.java:580)
	at org.junit.runners.model.FrameworkMethod$1.runReflectiveCall(FrameworkMethod.java:59)
	at org.junit.internal.runners.model.ReflectiveCallable.run(ReflectiveCallable.java:12)
	at org.junit.runners.model.FrameworkMethod.invokeExplosively(FrameworkMethod.java:56)
	at org.junit.internal.runners.statements.InvokeMethod.evaluate(InvokeMethod.java:17)
	at org.junit.internal.runners.statements.FailOnTimeout$CallableStatement.call(FailOnTimeout.java:299)
	at org.junit.internal.runners.statements.FailOnTimeout$CallableStatement.call(FailOnTimeout.java:293)
	at java.base/java.util.concurrent.FutureTask.run(FutureTask.java:317)
	at java.base/java.lang.Thread.run(Thread.java:1583)
</failure>
    <system-out>Request method:	GET
Request URI:	https://ig.aidtaas.com/mobius-payment-service/v1.0/passbook?emailId=SVC2c9&amp;currency=PYpOoU9gfN&amp;pageable=%7B%22page%22%3A1013338620%7D&amp;dateTo=2023-09-02T15%3A57%3A53.869-15%3A40
Proxy:			&lt;none&gt;
Request params:	&lt;none&gt;
Query params:	&lt;none&gt;
Form params:	&lt;none&gt;
Path params:	&lt;none&gt;
Headers:		Authorization=Bearer  eyJhbGciOiJSUzI1NiIsInR5cCIgOiAiSldUIiwia2lkIiA6ICI3Ny1NUVdFRTNHZE5adGlsWU5IYmpsa2dVSkpaWUJWVmN1UmFZdHl5ejFjIn0.eyJleHAiOjE3NDAwODgxMjAsImlhdCI6MTc0MDA1MjEyMCwianRpIjoiYjc4MDZhYTYtZWE3MS00NWJkLWI5ODMtOWU3MDE4OTc4NTYzIiwiaXNzIjoiaHR0cDovL2tleWNsb2FrLXNlcnZpY2Uua2V5Y2xvYWsuc3ZjLmNsdXN0ZXIubG9jYWw6ODA4MC9yZWFsbXMvbWFzdGVyIiwiYXVkIjpbIkJPTFRaTUFOTl9CT1RfbW9iaXVzIiwiUEFTQ0FMX0lOVEVMTElHRU5DRV9tb2JpdXMiLCJNT05FVF9tb2JpdXMiLCJWSU5DSV9tb2JpdXMiLCJhY2NvdW50Il0sInN1YiI6IjJjZjc2ZTVmLTI2YWQtNGYyYy1iY2NjLWY0YmMxZTdiZmI2NCIsInR5cCI6IkJlYXJlciIsImF6cCI6IkhPTEFDUkFDWV9tb2JpdXMiLCJzaWQiOiJmNjcwYzZjMi03OWYzLTQ2YzctOTE5Yy1hNTNhYmRiNTgwNDMiLCJhY3IiOiIxIiwiYWxsb3dlZC1vcmlnaW5zIjpbIi8qIl0sInJlYWxtX2FjY2VzcyI6eyJyb2xlcyI6WyJkZWZhdWx0LXJvbGVzLW1hc3RlciIsIkhDWV9URU5BTlRfQ1VTVE9NIiwib2ZmbGluZV9hY2Nlc3MiLCJCT0JfVEVOQU5UX0NVU1RPTSIsInVtYV9hdXRob3JpemF0aW9uIiwiUElfVEVOQU5UX0NVU1RPTSIsIk1PTkVUX1RFTkFOVF9DVVNUT00iXX0sInJlc291cmNlX2FjY2VzcyI6eyJCT0xUWk1BTk5fQk9UX21vYml1cyI6eyJyb2xlcyI6WyJURU5BTlRfV09SS0ZMT1dfU1VTUEVORF9QUk9DRVNTX0RFRklOSVRJT04iLCJURU5BTlRfV09SS0ZMT1dfU1VTUEVORF9JTlNUQU5DRSIsIlRFTkFOVF9XT1JLRkxPV19SRVRSSUVWRV9BTEwiLCJURU5BTlRfV09SS0ZMT1dfQUNUSVZBVEVfSU5TVEFOQ0UiLCJURU5BTlRfV09SS0ZMT1dfRVhFQ1VURSIsIlRFTkFOVF9XT1JLRkxPV19SRVRSSUVWRV9IT01FIiwiVEVOQU5UX1dPUktGTE9XX1JFVFJJRVZFX1NVU1BFTkRFRF9QUk9DRVNTX0RFRlMiLCJURU5BTlRfV09SS0ZMT1dfQUNUSVZBVEVfUlVOX0pPQiIsIlRFTkFOVF9XT1JLRkxPV19TVEFUVVMiLCJURU5BTlRfV09SS0ZMT1dfQ1JFQVRFIiwiVEVOQU5UX1dPUktGTE9XX0FDVElWSVRZX0RBVEFfQ09VTlQiLCJCT0xUWk1BTk5fQk9UX1VTRVIiLCJURU5BTlRfV09SS0ZMT1dfREVQTE9ZX1ZFUlNJT04iLCJURU5BTlRfV09SS0ZMT1dfSU1QT1JUIiwiVEVOQU5UX1dPUktGTE9XX1VQREFURSIsIlRFTkFOVF9XT1JLRkxPV19ERVBMT1kiLCJURU5BTlRfV09SS0ZMT1dfU1VTUEVORF9SVU5fSk9CIiwiVEVOQU5UX1dPUktGTE9XX1JFVFJJRVZFIiwiVEVOQU5UX1dPUktGTE9XX0RFTEVURSIsIlRFTkFOVF9XT1JLRkxPV19UUklHR0VSX01FU1NBR0VfTElTVEVORVIiXX0sIkhPTEFDUkFDWV9tb2JpdXMiOnsicm9sZXMiOlsiVEVOQU5UX1BST0RVQ1RfUkVUUklFVkVfTUFTVEVSX0NPTkZJRyIsIlRFTkFOVF9JTlZJVEFUSU9OX1JFU1BPTkQiLCJURU5BTlRfTkVHT1RJQVRJT05fQVBQUk9WQUxfQlVZRVIiLCJURU5BTlRfSU5WSVRBVElPTl9SRVRSSUVWRSIsIlRFTkFOVF9PUkdBTklaQVRJT05fQ1JFQVRFIiwiVEVOQU5UX0NSRUFURV9URU5BTlQiLCJURU5BTlRfU1VCX0FMTElBTkNFX1JFVFJJRVZFIiwiVEVOQU5UX1BMQVRGT1JNX0NSRUFURSIsIkhPTEFDUkFDWV9VU0VSIiwiVEVOQU5UX1JBVEVDQVJEX0NSRUFURSIsIlRFTkFOVF9QTEFURk9STV9SRVRSSUVWRSIsIlRFTkFOVF9SRVRSSUVWRV9CWV9CVVlFUl9QTEFURk9STSIsIlRFTkFOVF9TVUJfQUxMSUFOQ0VfUkVUUklFVkVfQUxMIiwiVEVOQU5UX1BST0RVQ1RfUkVUUklFVkUiLCJURU5BTlRfQUNDT1VOVF9ERUxFVEUiLCJURU5BTlRfQUxMSUFOQ0VfUkVUUklFVkUiLCJURU5BTlRfUExBVEZPUk1fVVBEQVRFIiwiVEVOQU5UX0lOVklUQVRJT05fQ1JFQVRFIiwiVEVOQU5UX1JBVEVDQVJEX1JFVFJJRVZFIiwiVEVOQU5UX09SR0FOSVpBVElPTl9VUERBVEUiLCJURU5BTlRfUkFURUNBUkRfVVBEQVRFIiwiVEVOQU5UX09SR0FOSVpBVElPTl9ERUxFVEUiLCJURU5BTlRfUExBVEZPUk1fREVMRVRFIiwiVEVOQU5UX1BST0RVQ1RfQ1JFQVRFIiwiVEVOQU5UX1NVQl9BTExJQU5DRV9DUkVBVEUiLCJURU5BTlRfUkFURUNBUkRfREVMRVRFIiwiVEVOQU5UX0FDQ09VTlRfQ1JFQVRFIiwiVEVOQU5UX0lOVklUQVRJT05fVVBEQVRFIiwiVEVOQU5UX1JFVFJJRVZFX1RFTkFOVCIsIlRFTkFOVF9JTlZJVEFUSU9OX0RFTEVURSIsIlRFTkFOVF9ORUdPVElBVElPTl9BUFBST1ZBTF9TVVBFUl9BRE1JTiIsIlRFTkFOVF9ORUdPVElBVElPTl9SRVRSSUVWRV9BTExfQkVUV0VFTl9CVVlFUl9TRUxMRVIiLCJURU5BTlRfUkVUUklFVkVfVEVOQU5UX0FMTCIsIlRFTkFOVF9ORUdPVElBVElPTl9DUkVBVEUiLCJURU5BTlRfVVBEQVRFX1RFTkFOVCIsIlRFTkFOVF9PUkdBTklaQVRJT05fUkVUUklFVkUiLCJURU5BTlRfQUNDT1VOVF9VUERBVEUiLCJURU5BTlRfUFJPRFVDVF9ERUxFVEUiLCJURU5BTlRfU1VCX0FMTElBTkNFX0RFTEVURSIsIlRFTkFOVF9ORUdPVElBVElPTl9BUFBST1ZBTF9TRUxMRVIiLCJURU5BTlRfU1VCX0FMTElBTkNFX1VQREFURSIsIlRFTkFOVF9QUk9EVUNUX1VQREFURSIsIlRFTkFOVF9BQ0NPVU5UX1JFVFJJRVZFIiwiVEVOQU5UX05FR09USUFUSU9OX1JFVFJJRVZFIiwiVEVOQU5UX0RFTEVURV9URU5BTlQiXX0sIlBBU0NBTF9JTlRFTExJR0VOQ0VfbW9iaXVzIjp7InJvbGVzIjpbIlRFTkFOVF9DT05URVhUX0RFTEVURSIsIlRFTkFOVF9DT05URVhUX1VQREFURSIsIlRFTkFOVF9CSUdRVUVSWV9SRVRSSUVWRSIsIlRFTkFOVF9CSUdRVUVSWV9VUERBVEUiLCJURU5BTlRfVU5JVkVSU0VfQ1JFQVRFIiwiVEVOQU5UX0NPSE9SVFNfUkVUUklFVkUiLCJURU5BTlRfQklHUVVFUllfQ1JFQVRFIiwiVEVOQU5UX0JJR1FVRVJZX0VWQUxVQVRFIiwiVEVOQU5UX0NPSE9SVFNfVVBEQVRFIiwiVEVOQU5UX0NPTlRFWFRfUkVUUklFVkUiLCJURU5BTlRfVU5JVkVSU0VfUkVUUklFVkUiLCJURU5BTlRfQ09IT1JUU19FVkFMVUFURSIsIlRFTkFOVF9CSUdRVUVSWV9ERUxFVEUiLCJURU5BTlRfU0NIRU1BX0NSRUFURSIsIlBBU0NBTF9JTlRFTExJR0VOQ0VfVVNFUiIsIlRFTkFOVF9DT0hPUlRTX0NSRUFURSIsIlRFTkFOVF9TQ0hFTUFfVVBEQVRFIiwiVEVOQU5UX0NPTlRFWFRfQVBQUk9WRSIsIlRFTkFOVF9VTklWRVJTRV9VUERBVEUiLCJURU5BTlRfQklHUVVFUllfQVBQUk9WRSIsIlRFTkFOVF9TQ0hFTUFfUkVUUklFVkUiLCJURU5BTlRfU0NIRU1BX0FQUFJPVkUiLCJURU5BTlRfQ09OVEVYVF9FVkFMVUFURSIsIlRFTkFOVF9TQ0hFTUFfREVMRVRFIiwiVEVOQU5UX0NPTlRFWFRfQ1JFQVRFIiwiVEVOQU5UX1NDSEVNQV9EQVRBX1JFVFJJRVZFIiwiVEVOQU5UX1NDSEVNQV9EQVRBX0RFTEVURSIsIlRFTkFOVF9TQ0hFTUFfREFUQV9VUERBVEUiLCJURU5BTlRfQ09IT1JUU19ERUxFVEUiLCJURU5BTlRfVU5JVkVSU0VfREVMRVRFIiwiVEVOQU5UX1NDSEVNQV9EQVRBX0lOR0VTVElPTiIsIlRFTkFOVF9DT0hPUlRTX0FQUFJPVkUiXX0sIk1PTkVUX21vYml1cyI6eyJyb2xlcyI6WyJURU5BTlRfQVBQTEVUU19SRVRSSUVWRV9BTExfUFVCTElTSEVEIiwiVEVOQU5UX1dJREdFVFNfUkVUUklFVkVfRFJBRlQiLCJURU5BTlRfV0lER0VUU19VUERBVEUiLCJURU5BTlRfQVBQTEVUU19ERUxFVEUiLCJURU5BTlRfV0lER0VUU19ERUxFVEUiLCJURU5BTlRfUExVR0lOX0NBVEVHT1JZX1JFVFJJRVZFX0FMTCIsIlRFTkFOVF9BUFBMRVRTX1VQREFURV9ISVNUT1JZIiwiVEVOQU5UX0VYUEVSSUVOQ0VTX0NSRUFURSIsIlRFTkFOVF9XSURHRVRTX1JFVFJJRVZFX1BVQkxJU0giLCJURU5BTlRfUExVR0lOX0NBVEVHT1JZX0NSRUFURSIsIlRFTkFOVF9ERVBFTkRFTkNZX1JFVFJJRVZFX0FMTCIsIlRFTkFOVF9XSURHRVRTX1BVQkxJU0giLCJURU5BTlRfUkVUUklFVkVfRklFTERTX09GX1BVQkxJU0hFRCIsIlRFTkFOVF9FWFBFUklFTkNFU19VUERBVEUiLCJURU5BTlRfQVBQTEVUU19DUkVBVEUiLCJURU5BTlRfUExVR0lOU19ERUxFVEUiLCJURU5BTlRfQVBQTEVUU19SRVRSSUVWRV9BTExfRFJBRlQiLCJURU5BTlRfUExVR0lOU19VUERBVEUiLCJURU5BTlRfQVBQTEVUU19SRVRSSUVWRV9GUk9NX0hJU1RPUlkiLCJURU5BTlRfUkVUUklFVkVfRklFTERTX09GX0RSQUZUIiwiVEVOQU5UX0FQUExFVFNfUkVUUklFVkVfUFVCTElTSEVEIiwiVEVOQU5UX0FQUExFVFNfUFVCTElTSEVEIiwiVEVOQU5UX1dJREdFVFNfUkVUUklFVkUiLCJURU5BTlRfUExVR0lOX0NBVEVHT1JZX0RFTEVURSIsIlRFTkFOVF9QTFVHSU5fQ0FURUdPUllfUFVCTElTSCIsIlRFTkFOVF9QTFVHSU5fQ0FURUdPUllfREVMRVRFX0NPTVBfRlJPTSIsIlRFTkFOVF9SRVRSSUVWRV9QVUJMSVNIRUQiLCJURU5BTlRfUExVR0lOU19SRVRSSUVWRSIsIlRFTkFOVF9QTFVHSU5TX0NSRUFURSIsIlRFTkFOVF9XSURHRVRTX0NSRUFURSIsIlRFTkFOVF9BUFBMRVRTX1JFVFJJRVZFX0FMTF9QVUJMSVNIRURfVEhVTUJOQUlMUyIsIk1PTkVUX1VTRVIiLCJURU5BTlRfRVhQRVJJRU5DRVNfREVMRVRFIiwiVEVOQU5UX0VYUEVSSUVOQ0VTX1BVQkxJU0giLCJURU5BTlRfUkVUUklFVkVfRlJPTV9ISVNUT1JZIiwiVEVOQU5UX1BMVUdJTl9DQVRFR09SWV9VUERBVEUiXX0sIlZJTkNJX21vYml1cyI6eyJyb2xlcyI6WyJWSU5DSV9VU0VSIl19LCJhY2NvdW50Ijp7InJvbGVzIjpbIm1hbmFnZS1hY2NvdW50IiwibWFuYWdlLWFjY291bnQtbGlua3MiLCJ2aWV3LXByb2ZpbGUiXX19LCJzY29wZSI6InByb2ZpbGUgZW1haWwiLCJyZXF1ZXN0ZXJUeXBlIjoiVEVOQU5UIiwiZW1haWxfdmVyaWZpZWQiOnRydWUsIm5hbWUiOiJBaWR0YWFzIEFpZHRhYXMiLCJ0ZW5hbnRJZCI6IjJjZjc2ZTVmLTI2YWQtNGYyYy1iY2NjLWY0YmMxZTdiZmI2NCIsInByZWZlcnJlZF91c2VybmFtZSI6InBhc3N3b3JkX3RlbmFudF9haWR0YWFzQGdhaWFuc29sdXRpb25zLmNvbSIsImdpdmVuX25hbWUiOiJBaWR0YWFzIiwiZmFtaWx5X25hbWUiOiJBaWR0YWFzIiwiZW1haWwiOiJwYXNzd29yZF90ZW5hbnRfYWlkdGFhc0BnYWlhbnNvbHV0aW9ucy5jb20ifQ.G22UWdZfpDy2T8neTapxgOEwLcTJnbjop5nrm13HlhaUON7HfGI1b-n7D7FRAcRr2u7xBEE7MwJ3OSJyfjIQamrmV1U0PYtVogiw3EQcp41YWWAnpuaG41KiZvYuxGdFO1uADRRSrbnzDP44nnh75gQxL-s_blP160DEyu4gIfJ3f3Vz_wI_6yZ1aqpsz-8r8YpbeQbgrcV577yF2lTbmavmNDA6R_FW2rF8Y-mLfFbhAkQqmpuYDWdXv7_cyOmECs53ROlGzPd-DIUi1mw9_Af0tIC6DKh1nbbp16VPKqzmCPVfI1VGNZSCzVYOAr-XApRi0JZ39ub0aO1FsZzCjA
				Accept=Mk0Fo7
Cookies:		&lt;none&gt;
Multiparts:		&lt;none&gt;
Body:			&lt;none&gt;

HTTP/1.1 401 Unauthorized
www-authenticate: Bearer realm=&quot;https://ig.aidtaas.com/mobius-payment-service/v1.0/passbook?emailId=SVC2c9&amp;currency=PYpOoU9gfN&amp;pageable=%7B%22page%22%3A1013338620%7D&amp;dateTo=2023-09-02T15%3A57%3A53.869-15%3A40&quot;, error=&quot;invalid_token&quot;
content-length: 14
content-type: text/plain
date: Fri, 21 Feb 2025 06:21:53 GMT
server: istio-envoy
x-envoy-upstream-service-time: 3

Jwt is expired
</system-out>
  </testcase>
  <testcase classname="unit4cases.EvoMaster_others_Test" name="test_70" time="0.045">
    <failure message="1 expectation failed.
Expected content-type &quot;application/json&quot; doesn&apos;t match actual content-type &quot;text/plain&quot;.
" type="java.lang.AssertionError">java.lang.AssertionError: 1 expectation failed.
Expected content-type &quot;application/json&quot; doesn&apos;t match actual content-type &quot;text/plain&quot;.

	at java.base/jdk.internal.reflect.DirectConstructorHandleAccessor.newInstance(DirectConstructorHandleAccessor.java:62)
	at java.base/java.lang.reflect.Constructor.newInstanceWithCaller(Constructor.java:502)
	at java.base/java.lang.reflect.Constructor.newInstance(Constructor.java:486)
	at org.codehaus.groovy.reflection.CachedConstructor.invoke(CachedConstructor.java:73)
	at org.codehaus.groovy.runtime.callsite.ConstructorSite$ConstructorSiteNoUnwrapNoCoerce.callConstructor(ConstructorSite.java:108)
	at org.codehaus.groovy.runtime.callsite.AbstractCallSite.callConstructor(AbstractCallSite.java:277)
	at io.restassured.internal.ResponseSpecificationImpl$HamcrestAssertionClosure.validate(ResponseSpecificationImpl.groovy:512)
	at io.restassured.internal.ResponseSpecificationImpl$HamcrestAssertionClosure$validate$1.call(Unknown Source)
	at io.restassured.internal.ResponseSpecificationImpl.validateResponseIfRequired(ResponseSpecificationImpl.groovy:696)
	at io.restassured.internal.ResponseSpecificationImpl.this$2$validateResponseIfRequired(ResponseSpecificationImpl.groovy)
	at java.base/jdk.internal.reflect.DirectMethodHandleAccessor.invoke(DirectMethodHandleAccessor.java:103)
	at java.base/java.lang.reflect.Method.invoke(Method.java:580)
	at org.codehaus.groovy.runtime.callsite.PlainObjectMetaMethodSite.doInvoke(PlainObjectMetaMethodSite.java:43)
	at org.codehaus.groovy.runtime.callsite.PogoMetaMethodSite$PogoCachedMethodSiteNoUnwrapNoCoerce.invoke(PogoMetaMethodSite.java:198)
	at org.codehaus.groovy.runtime.callsite.PogoMetaMethodSite.callCurrent(PogoMetaMethodSite.java:62)
	at org.codehaus.groovy.runtime.callsite.AbstractCallSite.callCurrent(AbstractCallSite.java:185)
	at io.restassured.internal.ResponseSpecificationImpl.contentType(ResponseSpecificationImpl.groovy:443)
	at io.restassured.internal.ValidatableResponseOptionsImpl.contentType(ValidatableResponseOptionsImpl.java:226)
	at unit4cases.EvoMaster_others_Test.test_70(EvoMaster_others_Test.java:2369)
	at java.base/jdk.internal.reflect.DirectMethodHandleAccessor.invoke(DirectMethodHandleAccessor.java:103)
	at java.base/java.lang.reflect.Method.invoke(Method.java:580)
	at org.junit.runners.model.FrameworkMethod$1.runReflectiveCall(FrameworkMethod.java:59)
	at org.junit.internal.runners.model.ReflectiveCallable.run(ReflectiveCallable.java:12)
	at org.junit.runners.model.FrameworkMethod.invokeExplosively(FrameworkMethod.java:56)
	at org.junit.internal.runners.statements.InvokeMethod.evaluate(InvokeMethod.java:17)
	at org.junit.internal.runners.statements.FailOnTimeout$CallableStatement.call(FailOnTimeout.java:299)
	at org.junit.internal.runners.statements.FailOnTimeout$CallableStatement.call(FailOnTimeout.java:293)
	at java.base/java.util.concurrent.FutureTask.run(FutureTask.java:317)
	at java.base/java.lang.Thread.run(Thread.java:1583)
</failure>
    <system-out>Request method:	GET
Request URI:	https://ig.aidtaas.com/mobius-payment-service/v1.0/passbook?emailId=HiWQBMuP2TT&amp;currency=i&amp;pageable=%7B%22page%22%3A126%2C+%22size%22%3A2147483301%2C+%22sort%22%3A%5B%22_3K42dbH75SHnZ82%22%2C+%228LYMbsoSc_6yZguk%22%2C+%22OtKhphrW%22%5D%7D&amp;dateFrom=1999-08-14T03%3A38%3A55.767%2B09%3A19
Proxy:			&lt;none&gt;
Request params:	&lt;none&gt;
Query params:	&lt;none&gt;
Form params:	&lt;none&gt;
Path params:	&lt;none&gt;
Headers:		Accept=application/json
				Authorization=Bearer  eyJhbGciOiJSUzI1NiIsInR5cCIgOiAiSldUIiwia2lkIiA6ICI3Ny1NUVdFRTNHZE5adGlsWU5IYmpsa2dVSkpaWUJWVmN1UmFZdHl5ejFjIn0.eyJleHAiOjE3NDAwODgxMjAsImlhdCI6MTc0MDA1MjEyMCwianRpIjoiYjc4MDZhYTYtZWE3MS00NWJkLWI5ODMtOWU3MDE4OTc4NTYzIiwiaXNzIjoiaHR0cDovL2tleWNsb2FrLXNlcnZpY2Uua2V5Y2xvYWsuc3ZjLmNsdXN0ZXIubG9jYWw6ODA4MC9yZWFsbXMvbWFzdGVyIiwiYXVkIjpbIkJPTFRaTUFOTl9CT1RfbW9iaXVzIiwiUEFTQ0FMX0lOVEVMTElHRU5DRV9tb2JpdXMiLCJNT05FVF9tb2JpdXMiLCJWSU5DSV9tb2JpdXMiLCJhY2NvdW50Il0sInN1YiI6IjJjZjc2ZTVmLTI2YWQtNGYyYy1iY2NjLWY0YmMxZTdiZmI2NCIsInR5cCI6IkJlYXJlciIsImF6cCI6IkhPTEFDUkFDWV9tb2JpdXMiLCJzaWQiOiJmNjcwYzZjMi03OWYzLTQ2YzctOTE5Yy1hNTNhYmRiNTgwNDMiLCJhY3IiOiIxIiwiYWxsb3dlZC1vcmlnaW5zIjpbIi8qIl0sInJlYWxtX2FjY2VzcyI6eyJyb2xlcyI6WyJkZWZhdWx0LXJvbGVzLW1hc3RlciIsIkhDWV9URU5BTlRfQ1VTVE9NIiwib2ZmbGluZV9hY2Nlc3MiLCJCT0JfVEVOQU5UX0NVU1RPTSIsInVtYV9hdXRob3JpemF0aW9uIiwiUElfVEVOQU5UX0NVU1RPTSIsIk1PTkVUX1RFTkFOVF9DVVNUT00iXX0sInJlc291cmNlX2FjY2VzcyI6eyJCT0xUWk1BTk5fQk9UX21vYml1cyI6eyJyb2xlcyI6WyJURU5BTlRfV09SS0ZMT1dfU1VTUEVORF9QUk9DRVNTX0RFRklOSVRJT04iLCJURU5BTlRfV09SS0ZMT1dfU1VTUEVORF9JTlNUQU5DRSIsIlRFTkFOVF9XT1JLRkxPV19SRVRSSUVWRV9BTEwiLCJURU5BTlRfV09SS0ZMT1dfQUNUSVZBVEVfSU5TVEFOQ0UiLCJURU5BTlRfV09SS0ZMT1dfRVhFQ1VURSIsIlRFTkFOVF9XT1JLRkxPV19SRVRSSUVWRV9IT01FIiwiVEVOQU5UX1dPUktGTE9XX1JFVFJJRVZFX1NVU1BFTkRFRF9QUk9DRVNTX0RFRlMiLCJURU5BTlRfV09SS0ZMT1dfQUNUSVZBVEVfUlVOX0pPQiIsIlRFTkFOVF9XT1JLRkxPV19TVEFUVVMiLCJURU5BTlRfV09SS0ZMT1dfQ1JFQVRFIiwiVEVOQU5UX1dPUktGTE9XX0FDVElWSVRZX0RBVEFfQ09VTlQiLCJCT0xUWk1BTk5fQk9UX1VTRVIiLCJURU5BTlRfV09SS0ZMT1dfREVQTE9ZX1ZFUlNJT04iLCJURU5BTlRfV09SS0ZMT1dfSU1QT1JUIiwiVEVOQU5UX1dPUktGTE9XX1VQREFURSIsIlRFTkFOVF9XT1JLRkxPV19ERVBMT1kiLCJURU5BTlRfV09SS0ZMT1dfU1VTUEVORF9SVU5fSk9CIiwiVEVOQU5UX1dPUktGTE9XX1JFVFJJRVZFIiwiVEVOQU5UX1dPUktGTE9XX0RFTEVURSIsIlRFTkFOVF9XT1JLRkxPV19UUklHR0VSX01FU1NBR0VfTElTVEVORVIiXX0sIkhPTEFDUkFDWV9tb2JpdXMiOnsicm9sZXMiOlsiVEVOQU5UX1BST0RVQ1RfUkVUUklFVkVfTUFTVEVSX0NPTkZJRyIsIlRFTkFOVF9JTlZJVEFUSU9OX1JFU1BPTkQiLCJURU5BTlRfTkVHT1RJQVRJT05fQVBQUk9WQUxfQlVZRVIiLCJURU5BTlRfSU5WSVRBVElPTl9SRVRSSUVWRSIsIlRFTkFOVF9PUkdBTklaQVRJT05fQ1JFQVRFIiwiVEVOQU5UX0NSRUFURV9URU5BTlQiLCJURU5BTlRfU1VCX0FMTElBTkNFX1JFVFJJRVZFIiwiVEVOQU5UX1BMQVRGT1JNX0NSRUFURSIsIkhPTEFDUkFDWV9VU0VSIiwiVEVOQU5UX1JBVEVDQVJEX0NSRUFURSIsIlRFTkFOVF9QTEFURk9STV9SRVRSSUVWRSIsIlRFTkFOVF9SRVRSSUVWRV9CWV9CVVlFUl9QTEFURk9STSIsIlRFTkFOVF9TVUJfQUxMSUFOQ0VfUkVUUklFVkVfQUxMIiwiVEVOQU5UX1BST0RVQ1RfUkVUUklFVkUiLCJURU5BTlRfQUNDT1VOVF9ERUxFVEUiLCJURU5BTlRfQUxMSUFOQ0VfUkVUUklFVkUiLCJURU5BTlRfUExBVEZPUk1fVVBEQVRFIiwiVEVOQU5UX0lOVklUQVRJT05fQ1JFQVRFIiwiVEVOQU5UX1JBVEVDQVJEX1JFVFJJRVZFIiwiVEVOQU5UX09SR0FOSVpBVElPTl9VUERBVEUiLCJURU5BTlRfUkFURUNBUkRfVVBEQVRFIiwiVEVOQU5UX09SR0FOSVpBVElPTl9ERUxFVEUiLCJURU5BTlRfUExBVEZPUk1fREVMRVRFIiwiVEVOQU5UX1BST0RVQ1RfQ1JFQVRFIiwiVEVOQU5UX1NVQl9BTExJQU5DRV9DUkVBVEUiLCJURU5BTlRfUkFURUNBUkRfREVMRVRFIiwiVEVOQU5UX0FDQ09VTlRfQ1JFQVRFIiwiVEVOQU5UX0lOVklUQVRJT05fVVBEQVRFIiwiVEVOQU5UX1JFVFJJRVZFX1RFTkFOVCIsIlRFTkFOVF9JTlZJVEFUSU9OX0RFTEVURSIsIlRFTkFOVF9ORUdPVElBVElPTl9BUFBST1ZBTF9TVVBFUl9BRE1JTiIsIlRFTkFOVF9ORUdPVElBVElPTl9SRVRSSUVWRV9BTExfQkVUV0VFTl9CVVlFUl9TRUxMRVIiLCJURU5BTlRfUkVUUklFVkVfVEVOQU5UX0FMTCIsIlRFTkFOVF9ORUdPVElBVElPTl9DUkVBVEUiLCJURU5BTlRfVVBEQVRFX1RFTkFOVCIsIlRFTkFOVF9PUkdBTklaQVRJT05fUkVUUklFVkUiLCJURU5BTlRfQUNDT1VOVF9VUERBVEUiLCJURU5BTlRfUFJPRFVDVF9ERUxFVEUiLCJURU5BTlRfU1VCX0FMTElBTkNFX0RFTEVURSIsIlRFTkFOVF9ORUdPVElBVElPTl9BUFBST1ZBTF9TRUxMRVIiLCJURU5BTlRfU1VCX0FMTElBTkNFX1VQREFURSIsIlRFTkFOVF9QUk9EVUNUX1VQREFURSIsIlRFTkFOVF9BQ0NPVU5UX1JFVFJJRVZFIiwiVEVOQU5UX05FR09USUFUSU9OX1JFVFJJRVZFIiwiVEVOQU5UX0RFTEVURV9URU5BTlQiXX0sIlBBU0NBTF9JTlRFTExJR0VOQ0VfbW9iaXVzIjp7InJvbGVzIjpbIlRFTkFOVF9DT05URVhUX0RFTEVURSIsIlRFTkFOVF9DT05URVhUX1VQREFURSIsIlRFTkFOVF9CSUdRVUVSWV9SRVRSSUVWRSIsIlRFTkFOVF9CSUdRVUVSWV9VUERBVEUiLCJURU5BTlRfVU5JVkVSU0VfQ1JFQVRFIiwiVEVOQU5UX0NPSE9SVFNfUkVUUklFVkUiLCJURU5BTlRfQklHUVVFUllfQ1JFQVRFIiwiVEVOQU5UX0JJR1FVRVJZX0VWQUxVQVRFIiwiVEVOQU5UX0NPSE9SVFNfVVBEQVRFIiwiVEVOQU5UX0NPTlRFWFRfUkVUUklFVkUiLCJURU5BTlRfVU5JVkVSU0VfUkVUUklFVkUiLCJURU5BTlRfQ09IT1JUU19FVkFMVUFURSIsIlRFTkFOVF9CSUdRVUVSWV9ERUxFVEUiLCJURU5BTlRfU0NIRU1BX0NSRUFURSIsIlBBU0NBTF9JTlRFTExJR0VOQ0VfVVNFUiIsIlRFTkFOVF9DT0hPUlRTX0NSRUFURSIsIlRFTkFOVF9TQ0hFTUFfVVBEQVRFIiwiVEVOQU5UX0NPTlRFWFRfQVBQUk9WRSIsIlRFTkFOVF9VTklWRVJTRV9VUERBVEUiLCJURU5BTlRfQklHUVVFUllfQVBQUk9WRSIsIlRFTkFOVF9TQ0hFTUFfUkVUUklFVkUiLCJURU5BTlRfU0NIRU1BX0FQUFJPVkUiLCJURU5BTlRfQ09OVEVYVF9FVkFMVUFURSIsIlRFTkFOVF9TQ0hFTUFfREVMRVRFIiwiVEVOQU5UX0NPTlRFWFRfQ1JFQVRFIiwiVEVOQU5UX1NDSEVNQV9EQVRBX1JFVFJJRVZFIiwiVEVOQU5UX1NDSEVNQV9EQVRBX0RFTEVURSIsIlRFTkFOVF9TQ0hFTUFfREFUQV9VUERBVEUiLCJURU5BTlRfQ09IT1JUU19ERUxFVEUiLCJURU5BTlRfVU5JVkVSU0VfREVMRVRFIiwiVEVOQU5UX1NDSEVNQV9EQVRBX0lOR0VTVElPTiIsIlRFTkFOVF9DT0hPUlRTX0FQUFJPVkUiXX0sIk1PTkVUX21vYml1cyI6eyJyb2xlcyI6WyJURU5BTlRfQVBQTEVUU19SRVRSSUVWRV9BTExfUFVCTElTSEVEIiwiVEVOQU5UX1dJREdFVFNfUkVUUklFVkVfRFJBRlQiLCJURU5BTlRfV0lER0VUU19VUERBVEUiLCJURU5BTlRfQVBQTEVUU19ERUxFVEUiLCJURU5BTlRfV0lER0VUU19ERUxFVEUiLCJURU5BTlRfUExVR0lOX0NBVEVHT1JZX1JFVFJJRVZFX0FMTCIsIlRFTkFOVF9BUFBMRVRTX1VQREFURV9ISVNUT1JZIiwiVEVOQU5UX0VYUEVSSUVOQ0VTX0NSRUFURSIsIlRFTkFOVF9XSURHRVRTX1JFVFJJRVZFX1BVQkxJU0giLCJURU5BTlRfUExVR0lOX0NBVEVHT1JZX0NSRUFURSIsIlRFTkFOVF9ERVBFTkRFTkNZX1JFVFJJRVZFX0FMTCIsIlRFTkFOVF9XSURHRVRTX1BVQkxJU0giLCJURU5BTlRfUkVUUklFVkVfRklFTERTX09GX1BVQkxJU0hFRCIsIlRFTkFOVF9FWFBFUklFTkNFU19VUERBVEUiLCJURU5BTlRfQVBQTEVUU19DUkVBVEUiLCJURU5BTlRfUExVR0lOU19ERUxFVEUiLCJURU5BTlRfQVBQTEVUU19SRVRSSUVWRV9BTExfRFJBRlQiLCJURU5BTlRfUExVR0lOU19VUERBVEUiLCJURU5BTlRfQVBQTEVUU19SRVRSSUVWRV9GUk9NX0hJU1RPUlkiLCJURU5BTlRfUkVUUklFVkVfRklFTERTX09GX0RSQUZUIiwiVEVOQU5UX0FQUExFVFNfUkVUUklFVkVfUFVCTElTSEVEIiwiVEVOQU5UX0FQUExFVFNfUFVCTElTSEVEIiwiVEVOQU5UX1dJREdFVFNfUkVUUklFVkUiLCJURU5BTlRfUExVR0lOX0NBVEVHT1JZX0RFTEVURSIsIlRFTkFOVF9QTFVHSU5fQ0FURUdPUllfUFVCTElTSCIsIlRFTkFOVF9QTFVHSU5fQ0FURUdPUllfREVMRVRFX0NPTVBfRlJPTSIsIlRFTkFOVF9SRVRSSUVWRV9QVUJMSVNIRUQiLCJURU5BTlRfUExVR0lOU19SRVRSSUVWRSIsIlRFTkFOVF9QTFVHSU5TX0NSRUFURSIsIlRFTkFOVF9XSURHRVRTX0NSRUFURSIsIlRFTkFOVF9BUFBMRVRTX1JFVFJJRVZFX0FMTF9QVUJMSVNIRURfVEhVTUJOQUlMUyIsIk1PTkVUX1VTRVIiLCJURU5BTlRfRVhQRVJJRU5DRVNfREVMRVRFIiwiVEVOQU5UX0VYUEVSSUVOQ0VTX1BVQkxJU0giLCJURU5BTlRfUkVUUklFVkVfRlJPTV9ISVNUT1JZIiwiVEVOQU5UX1BMVUdJTl9DQVRFR09SWV9VUERBVEUiXX0sIlZJTkNJX21vYml1cyI6eyJyb2xlcyI6WyJWSU5DSV9VU0VSIl19LCJhY2NvdW50Ijp7InJvbGVzIjpbIm1hbmFnZS1hY2NvdW50IiwibWFuYWdlLWFjY291bnQtbGlua3MiLCJ2aWV3LXByb2ZpbGUiXX19LCJzY29wZSI6InByb2ZpbGUgZW1haWwiLCJyZXF1ZXN0ZXJUeXBlIjoiVEVOQU5UIiwiZW1haWxfdmVyaWZpZWQiOnRydWUsIm5hbWUiOiJBaWR0YWFzIEFpZHRhYXMiLCJ0ZW5hbnRJZCI6IjJjZjc2ZTVmLTI2YWQtNGYyYy1iY2NjLWY0YmMxZTdiZmI2NCIsInByZWZlcnJlZF91c2VybmFtZSI6InBhc3N3b3JkX3RlbmFudF9haWR0YWFzQGdhaWFuc29sdXRpb25zLmNvbSIsImdpdmVuX25hbWUiOiJBaWR0YWFzIiwiZmFtaWx5X25hbWUiOiJBaWR0YWFzIiwiZW1haWwiOiJwYXNzd29yZF90ZW5hbnRfYWlkdGFhc0BnYWlhbnNvbHV0aW9ucy5jb20ifQ.G22UWdZfpDy2T8neTapxgOEwLcTJnbjop5nrm13HlhaUON7HfGI1b-n7D7FRAcRr2u7xBEE7MwJ3OSJyfjIQamrmV1U0PYtVogiw3EQcp41YWWAnpuaG41KiZvYuxGdFO1uADRRSrbnzDP44nnh75gQxL-s_blP160DEyu4gIfJ3f3Vz_wI_6yZ1aqpsz-8r8YpbeQbgrcV577yF2lTbmavmNDA6R_FW2rF8Y-mLfFbhAkQqmpuYDWdXv7_cyOmECs53ROlGzPd-DIUi1mw9_Af0tIC6DKh1nbbp16VPKqzmCPVfI1VGNZSCzVYOAr-XApRi0JZ39ub0aO1FsZzCjA
Cookies:		&lt;none&gt;
Multiparts:		&lt;none&gt;
Body:			&lt;none&gt;

HTTP/1.1 401 Unauthorized
www-authenticate: Bearer realm=&quot;https://ig.aidtaas.com/mobius-payment-service/v1.0/passbook?emailId=HiWQBMuP2TT&amp;currency=i&amp;pageable=%7B%22page%22%3A126%2C+%22size%22%3A2147483301%2C+%22sort%22%3A%5B%22_3K42dbH75SHnZ82%22%2C+%228LYMbsoSc_6yZguk%22%2C+%22OtKhphrW%22%5D%7D&amp;dateFrom=1999-08-14T03%3A38%3A55.767%2B&quot;, error=&quot;invalid_token&quot;
content-length: 14
content-type: text/plain
date: Fri, 21 Feb 2025 06:21:53 GMT
server: istio-envoy
x-envoy-upstream-service-time: 4

Jwt is expired
</system-out>
  </testcase>
  <testcase classname="unit4cases.EvoMaster_others_Test" name="test_71" time="0.048">
    <failure message="1 expectation failed.
Expected content-type &quot;application/json&quot; doesn&apos;t match actual content-type &quot;text/plain&quot;.
" type="java.lang.AssertionError">java.lang.AssertionError: 1 expectation failed.
Expected content-type &quot;application/json&quot; doesn&apos;t match actual content-type &quot;text/plain&quot;.

	at java.base/jdk.internal.reflect.DirectConstructorHandleAccessor.newInstance(DirectConstructorHandleAccessor.java:62)
	at java.base/java.lang.reflect.Constructor.newInstanceWithCaller(Constructor.java:502)
	at java.base/java.lang.reflect.Constructor.newInstance(Constructor.java:486)
	at org.codehaus.groovy.reflection.CachedConstructor.invoke(CachedConstructor.java:73)
	at org.codehaus.groovy.runtime.callsite.ConstructorSite$ConstructorSiteNoUnwrapNoCoerce.callConstructor(ConstructorSite.java:108)
	at org.codehaus.groovy.runtime.callsite.AbstractCallSite.callConstructor(AbstractCallSite.java:277)
	at io.restassured.internal.ResponseSpecificationImpl$HamcrestAssertionClosure.validate(ResponseSpecificationImpl.groovy:512)
	at io.restassured.internal.ResponseSpecificationImpl$HamcrestAssertionClosure$validate$1.call(Unknown Source)
	at io.restassured.internal.ResponseSpecificationImpl.validateResponseIfRequired(ResponseSpecificationImpl.groovy:696)
	at io.restassured.internal.ResponseSpecificationImpl.this$2$validateResponseIfRequired(ResponseSpecificationImpl.groovy)
	at java.base/jdk.internal.reflect.DirectMethodHandleAccessor.invoke(DirectMethodHandleAccessor.java:103)
	at java.base/java.lang.reflect.Method.invoke(Method.java:580)
	at org.codehaus.groovy.runtime.callsite.PlainObjectMetaMethodSite.doInvoke(PlainObjectMetaMethodSite.java:43)
	at org.codehaus.groovy.runtime.callsite.PogoMetaMethodSite$PogoCachedMethodSiteNoUnwrapNoCoerce.invoke(PogoMetaMethodSite.java:198)
	at org.codehaus.groovy.runtime.callsite.PogoMetaMethodSite.callCurrent(PogoMetaMethodSite.java:62)
	at org.codehaus.groovy.runtime.callsite.AbstractCallSite.callCurrent(AbstractCallSite.java:185)
	at io.restassured.internal.ResponseSpecificationImpl.contentType(ResponseSpecificationImpl.groovy:443)
	at io.restassured.internal.ValidatableResponseOptionsImpl.contentType(ValidatableResponseOptionsImpl.java:226)
	at unit4cases.EvoMaster_others_Test.test_71(EvoMaster_others_Test.java:2400)
	at java.base/jdk.internal.reflect.DirectMethodHandleAccessor.invoke(DirectMethodHandleAccessor.java:103)
	at java.base/java.lang.reflect.Method.invoke(Method.java:580)
	at org.junit.runners.model.FrameworkMethod$1.runReflectiveCall(FrameworkMethod.java:59)
	at org.junit.internal.runners.model.ReflectiveCallable.run(ReflectiveCallable.java:12)
	at org.junit.runners.model.FrameworkMethod.invokeExplosively(FrameworkMethod.java:56)
	at org.junit.internal.runners.statements.InvokeMethod.evaluate(InvokeMethod.java:17)
	at org.junit.internal.runners.statements.FailOnTimeout$CallableStatement.call(FailOnTimeout.java:299)
	at org.junit.internal.runners.statements.FailOnTimeout$CallableStatement.call(FailOnTimeout.java:293)
	at java.base/java.util.concurrent.FutureTask.run(FutureTask.java:317)
	at java.base/java.lang.Thread.run(Thread.java:1583)
</failure>
    <system-out>Request method:	GET
Request URI:	https://ig.aidtaas.com/mobius-payment-service/v1.0/passbook?emailId=nQNUp&amp;currency=BOVBK4npHp9&amp;pageable=%7B%22size%22%3A2147483646%2C+%22sort%22%3A%5B%22QBlYPmIgbzOqpvd4%22%5D%7D&amp;dateFrom=2059-09-27T-1%3A24%3A33.932-14%3A42&amp;dateTo=2008-01-13T10%3A16%3A22%2B16%3A56
Proxy:			&lt;none&gt;
Request params:	&lt;none&gt;
Query params:	&lt;none&gt;
Form params:	&lt;none&gt;
Path params:	&lt;none&gt;
Headers:		Accept=application/json
				Authorization=Bearer  eyJhbGciOiJSUzI1NiIsInR5cCIgOiAiSldUIiwia2lkIiA6ICI3Ny1NUVdFRTNHZE5adGlsWU5IYmpsa2dVSkpaWUJWVmN1UmFZdHl5ejFjIn0.eyJleHAiOjE3NDAwODgxMjAsImlhdCI6MTc0MDA1MjEyMCwianRpIjoiYjc4MDZhYTYtZWE3MS00NWJkLWI5ODMtOWU3MDE4OTc4NTYzIiwiaXNzIjoiaHR0cDovL2tleWNsb2FrLXNlcnZpY2Uua2V5Y2xvYWsuc3ZjLmNsdXN0ZXIubG9jYWw6ODA4MC9yZWFsbXMvbWFzdGVyIiwiYXVkIjpbIkJPTFRaTUFOTl9CT1RfbW9iaXVzIiwiUEFTQ0FMX0lOVEVMTElHRU5DRV9tb2JpdXMiLCJNT05FVF9tb2JpdXMiLCJWSU5DSV9tb2JpdXMiLCJhY2NvdW50Il0sInN1YiI6IjJjZjc2ZTVmLTI2YWQtNGYyYy1iY2NjLWY0YmMxZTdiZmI2NCIsInR5cCI6IkJlYXJlciIsImF6cCI6IkhPTEFDUkFDWV9tb2JpdXMiLCJzaWQiOiJmNjcwYzZjMi03OWYzLTQ2YzctOTE5Yy1hNTNhYmRiNTgwNDMiLCJhY3IiOiIxIiwiYWxsb3dlZC1vcmlnaW5zIjpbIi8qIl0sInJlYWxtX2FjY2VzcyI6eyJyb2xlcyI6WyJkZWZhdWx0LXJvbGVzLW1hc3RlciIsIkhDWV9URU5BTlRfQ1VTVE9NIiwib2ZmbGluZV9hY2Nlc3MiLCJCT0JfVEVOQU5UX0NVU1RPTSIsInVtYV9hdXRob3JpemF0aW9uIiwiUElfVEVOQU5UX0NVU1RPTSIsIk1PTkVUX1RFTkFOVF9DVVNUT00iXX0sInJlc291cmNlX2FjY2VzcyI6eyJCT0xUWk1BTk5fQk9UX21vYml1cyI6eyJyb2xlcyI6WyJURU5BTlRfV09SS0ZMT1dfU1VTUEVORF9QUk9DRVNTX0RFRklOSVRJT04iLCJURU5BTlRfV09SS0ZMT1dfU1VTUEVORF9JTlNUQU5DRSIsIlRFTkFOVF9XT1JLRkxPV19SRVRSSUVWRV9BTEwiLCJURU5BTlRfV09SS0ZMT1dfQUNUSVZBVEVfSU5TVEFOQ0UiLCJURU5BTlRfV09SS0ZMT1dfRVhFQ1VURSIsIlRFTkFOVF9XT1JLRkxPV19SRVRSSUVWRV9IT01FIiwiVEVOQU5UX1dPUktGTE9XX1JFVFJJRVZFX1NVU1BFTkRFRF9QUk9DRVNTX0RFRlMiLCJURU5BTlRfV09SS0ZMT1dfQUNUSVZBVEVfUlVOX0pPQiIsIlRFTkFOVF9XT1JLRkxPV19TVEFUVVMiLCJURU5BTlRfV09SS0ZMT1dfQ1JFQVRFIiwiVEVOQU5UX1dPUktGTE9XX0FDVElWSVRZX0RBVEFfQ09VTlQiLCJCT0xUWk1BTk5fQk9UX1VTRVIiLCJURU5BTlRfV09SS0ZMT1dfREVQTE9ZX1ZFUlNJT04iLCJURU5BTlRfV09SS0ZMT1dfSU1QT1JUIiwiVEVOQU5UX1dPUktGTE9XX1VQREFURSIsIlRFTkFOVF9XT1JLRkxPV19ERVBMT1kiLCJURU5BTlRfV09SS0ZMT1dfU1VTUEVORF9SVU5fSk9CIiwiVEVOQU5UX1dPUktGTE9XX1JFVFJJRVZFIiwiVEVOQU5UX1dPUktGTE9XX0RFTEVURSIsIlRFTkFOVF9XT1JLRkxPV19UUklHR0VSX01FU1NBR0VfTElTVEVORVIiXX0sIkhPTEFDUkFDWV9tb2JpdXMiOnsicm9sZXMiOlsiVEVOQU5UX1BST0RVQ1RfUkVUUklFVkVfTUFTVEVSX0NPTkZJRyIsIlRFTkFOVF9JTlZJVEFUSU9OX1JFU1BPTkQiLCJURU5BTlRfTkVHT1RJQVRJT05fQVBQUk9WQUxfQlVZRVIiLCJURU5BTlRfSU5WSVRBVElPTl9SRVRSSUVWRSIsIlRFTkFOVF9PUkdBTklaQVRJT05fQ1JFQVRFIiwiVEVOQU5UX0NSRUFURV9URU5BTlQiLCJURU5BTlRfU1VCX0FMTElBTkNFX1JFVFJJRVZFIiwiVEVOQU5UX1BMQVRGT1JNX0NSRUFURSIsIkhPTEFDUkFDWV9VU0VSIiwiVEVOQU5UX1JBVEVDQVJEX0NSRUFURSIsIlRFTkFOVF9QTEFURk9STV9SRVRSSUVWRSIsIlRFTkFOVF9SRVRSSUVWRV9CWV9CVVlFUl9QTEFURk9STSIsIlRFTkFOVF9TVUJfQUxMSUFOQ0VfUkVUUklFVkVfQUxMIiwiVEVOQU5UX1BST0RVQ1RfUkVUUklFVkUiLCJURU5BTlRfQUNDT1VOVF9ERUxFVEUiLCJURU5BTlRfQUxMSUFOQ0VfUkVUUklFVkUiLCJURU5BTlRfUExBVEZPUk1fVVBEQVRFIiwiVEVOQU5UX0lOVklUQVRJT05fQ1JFQVRFIiwiVEVOQU5UX1JBVEVDQVJEX1JFVFJJRVZFIiwiVEVOQU5UX09SR0FOSVpBVElPTl9VUERBVEUiLCJURU5BTlRfUkFURUNBUkRfVVBEQVRFIiwiVEVOQU5UX09SR0FOSVpBVElPTl9ERUxFVEUiLCJURU5BTlRfUExBVEZPUk1fREVMRVRFIiwiVEVOQU5UX1BST0RVQ1RfQ1JFQVRFIiwiVEVOQU5UX1NVQl9BTExJQU5DRV9DUkVBVEUiLCJURU5BTlRfUkFURUNBUkRfREVMRVRFIiwiVEVOQU5UX0FDQ09VTlRfQ1JFQVRFIiwiVEVOQU5UX0lOVklUQVRJT05fVVBEQVRFIiwiVEVOQU5UX1JFVFJJRVZFX1RFTkFOVCIsIlRFTkFOVF9JTlZJVEFUSU9OX0RFTEVURSIsIlRFTkFOVF9ORUdPVElBVElPTl9BUFBST1ZBTF9TVVBFUl9BRE1JTiIsIlRFTkFOVF9ORUdPVElBVElPTl9SRVRSSUVWRV9BTExfQkVUV0VFTl9CVVlFUl9TRUxMRVIiLCJURU5BTlRfUkVUUklFVkVfVEVOQU5UX0FMTCIsIlRFTkFOVF9ORUdPVElBVElPTl9DUkVBVEUiLCJURU5BTlRfVVBEQVRFX1RFTkFOVCIsIlRFTkFOVF9PUkdBTklaQVRJT05fUkVUUklFVkUiLCJURU5BTlRfQUNDT1VOVF9VUERBVEUiLCJURU5BTlRfUFJPRFVDVF9ERUxFVEUiLCJURU5BTlRfU1VCX0FMTElBTkNFX0RFTEVURSIsIlRFTkFOVF9ORUdPVElBVElPTl9BUFBST1ZBTF9TRUxMRVIiLCJURU5BTlRfU1VCX0FMTElBTkNFX1VQREFURSIsIlRFTkFOVF9QUk9EVUNUX1VQREFURSIsIlRFTkFOVF9BQ0NPVU5UX1JFVFJJRVZFIiwiVEVOQU5UX05FR09USUFUSU9OX1JFVFJJRVZFIiwiVEVOQU5UX0RFTEVURV9URU5BTlQiXX0sIlBBU0NBTF9JTlRFTExJR0VOQ0VfbW9iaXVzIjp7InJvbGVzIjpbIlRFTkFOVF9DT05URVhUX0RFTEVURSIsIlRFTkFOVF9DT05URVhUX1VQREFURSIsIlRFTkFOVF9CSUdRVUVSWV9SRVRSSUVWRSIsIlRFTkFOVF9CSUdRVUVSWV9VUERBVEUiLCJURU5BTlRfVU5JVkVSU0VfQ1JFQVRFIiwiVEVOQU5UX0NPSE9SVFNfUkVUUklFVkUiLCJURU5BTlRfQklHUVVFUllfQ1JFQVRFIiwiVEVOQU5UX0JJR1FVRVJZX0VWQUxVQVRFIiwiVEVOQU5UX0NPSE9SVFNfVVBEQVRFIiwiVEVOQU5UX0NPTlRFWFRfUkVUUklFVkUiLCJURU5BTlRfVU5JVkVSU0VfUkVUUklFVkUiLCJURU5BTlRfQ09IT1JUU19FVkFMVUFURSIsIlRFTkFOVF9CSUdRVUVSWV9ERUxFVEUiLCJURU5BTlRfU0NIRU1BX0NSRUFURSIsIlBBU0NBTF9JTlRFTExJR0VOQ0VfVVNFUiIsIlRFTkFOVF9DT0hPUlRTX0NSRUFURSIsIlRFTkFOVF9TQ0hFTUFfVVBEQVRFIiwiVEVOQU5UX0NPTlRFWFRfQVBQUk9WRSIsIlRFTkFOVF9VTklWRVJTRV9VUERBVEUiLCJURU5BTlRfQklHUVVFUllfQVBQUk9WRSIsIlRFTkFOVF9TQ0hFTUFfUkVUUklFVkUiLCJURU5BTlRfU0NIRU1BX0FQUFJPVkUiLCJURU5BTlRfQ09OVEVYVF9FVkFMVUFURSIsIlRFTkFOVF9TQ0hFTUFfREVMRVRFIiwiVEVOQU5UX0NPTlRFWFRfQ1JFQVRFIiwiVEVOQU5UX1NDSEVNQV9EQVRBX1JFVFJJRVZFIiwiVEVOQU5UX1NDSEVNQV9EQVRBX0RFTEVURSIsIlRFTkFOVF9TQ0hFTUFfREFUQV9VUERBVEUiLCJURU5BTlRfQ09IT1JUU19ERUxFVEUiLCJURU5BTlRfVU5JVkVSU0VfREVMRVRFIiwiVEVOQU5UX1NDSEVNQV9EQVRBX0lOR0VTVElPTiIsIlRFTkFOVF9DT0hPUlRTX0FQUFJPVkUiXX0sIk1PTkVUX21vYml1cyI6eyJyb2xlcyI6WyJURU5BTlRfQVBQTEVUU19SRVRSSUVWRV9BTExfUFVCTElTSEVEIiwiVEVOQU5UX1dJREdFVFNfUkVUUklFVkVfRFJBRlQiLCJURU5BTlRfV0lER0VUU19VUERBVEUiLCJURU5BTlRfQVBQTEVUU19ERUxFVEUiLCJURU5BTlRfV0lER0VUU19ERUxFVEUiLCJURU5BTlRfUExVR0lOX0NBVEVHT1JZX1JFVFJJRVZFX0FMTCIsIlRFTkFOVF9BUFBMRVRTX1VQREFURV9ISVNUT1JZIiwiVEVOQU5UX0VYUEVSSUVOQ0VTX0NSRUFURSIsIlRFTkFOVF9XSURHRVRTX1JFVFJJRVZFX1BVQkxJU0giLCJURU5BTlRfUExVR0lOX0NBVEVHT1JZX0NSRUFURSIsIlRFTkFOVF9ERVBFTkRFTkNZX1JFVFJJRVZFX0FMTCIsIlRFTkFOVF9XSURHRVRTX1BVQkxJU0giLCJURU5BTlRfUkVUUklFVkVfRklFTERTX09GX1BVQkxJU0hFRCIsIlRFTkFOVF9FWFBFUklFTkNFU19VUERBVEUiLCJURU5BTlRfQVBQTEVUU19DUkVBVEUiLCJURU5BTlRfUExVR0lOU19ERUxFVEUiLCJURU5BTlRfQVBQTEVUU19SRVRSSUVWRV9BTExfRFJBRlQiLCJURU5BTlRfUExVR0lOU19VUERBVEUiLCJURU5BTlRfQVBQTEVUU19SRVRSSUVWRV9GUk9NX0hJU1RPUlkiLCJURU5BTlRfUkVUUklFVkVfRklFTERTX09GX0RSQUZUIiwiVEVOQU5UX0FQUExFVFNfUkVUUklFVkVfUFVCTElTSEVEIiwiVEVOQU5UX0FQUExFVFNfUFVCTElTSEVEIiwiVEVOQU5UX1dJREdFVFNfUkVUUklFVkUiLCJURU5BTlRfUExVR0lOX0NBVEVHT1JZX0RFTEVURSIsIlRFTkFOVF9QTFVHSU5fQ0FURUdPUllfUFVCTElTSCIsIlRFTkFOVF9QTFVHSU5fQ0FURUdPUllfREVMRVRFX0NPTVBfRlJPTSIsIlRFTkFOVF9SRVRSSUVWRV9QVUJMSVNIRUQiLCJURU5BTlRfUExVR0lOU19SRVRSSUVWRSIsIlRFTkFOVF9QTFVHSU5TX0NSRUFURSIsIlRFTkFOVF9XSURHRVRTX0NSRUFURSIsIlRFTkFOVF9BUFBMRVRTX1JFVFJJRVZFX0FMTF9QVUJMSVNIRURfVEhVTUJOQUlMUyIsIk1PTkVUX1VTRVIiLCJURU5BTlRfRVhQRVJJRU5DRVNfREVMRVRFIiwiVEVOQU5UX0VYUEVSSUVOQ0VTX1BVQkxJU0giLCJURU5BTlRfUkVUUklFVkVfRlJPTV9ISVNUT1JZIiwiVEVOQU5UX1BMVUdJTl9DQVRFR09SWV9VUERBVEUiXX0sIlZJTkNJX21vYml1cyI6eyJyb2xlcyI6WyJWSU5DSV9VU0VSIl19LCJhY2NvdW50Ijp7InJvbGVzIjpbIm1hbmFnZS1hY2NvdW50IiwibWFuYWdlLWFjY291bnQtbGlua3MiLCJ2aWV3LXByb2ZpbGUiXX19LCJzY29wZSI6InByb2ZpbGUgZW1haWwiLCJyZXF1ZXN0ZXJUeXBlIjoiVEVOQU5UIiwiZW1haWxfdmVyaWZpZWQiOnRydWUsIm5hbWUiOiJBaWR0YWFzIEFpZHRhYXMiLCJ0ZW5hbnRJZCI6IjJjZjc2ZTVmLTI2YWQtNGYyYy1iY2NjLWY0YmMxZTdiZmI2NCIsInByZWZlcnJlZF91c2VybmFtZSI6InBhc3N3b3JkX3RlbmFudF9haWR0YWFzQGdhaWFuc29sdXRpb25zLmNvbSIsImdpdmVuX25hbWUiOiJBaWR0YWFzIiwiZmFtaWx5X25hbWUiOiJBaWR0YWFzIiwiZW1haWwiOiJwYXNzd29yZF90ZW5hbnRfYWlkdGFhc0BnYWlhbnNvbHV0aW9ucy5jb20ifQ.G22UWdZfpDy2T8neTapxgOEwLcTJnbjop5nrm13HlhaUON7HfGI1b-n7D7FRAcRr2u7xBEE7MwJ3OSJyfjIQamrmV1U0PYtVogiw3EQcp41YWWAnpuaG41KiZvYuxGdFO1uADRRSrbnzDP44nnh75gQxL-s_blP160DEyu4gIfJ3f3Vz_wI_6yZ1aqpsz-8r8YpbeQbgrcV577yF2lTbmavmNDA6R_FW2rF8Y-mLfFbhAkQqmpuYDWdXv7_cyOmECs53ROlGzPd-DIUi1mw9_Af0tIC6DKh1nbbp16VPKqzmCPVfI1VGNZSCzVYOAr-XApRi0JZ39ub0aO1FsZzCjA
Cookies:		&lt;none&gt;
Multiparts:		&lt;none&gt;
Body:			&lt;none&gt;

HTTP/1.1 401 Unauthorized
www-authenticate: Bearer realm=&quot;https://ig.aidtaas.com/mobius-payment-service/v1.0/passbook?emailId=nQNUp&amp;currency=BOVBK4npHp9&amp;pageable=%7B%22size%22%3A2147483646%2C+%22sort%22%3A%5B%22QBlYPmIgbzOqpvd4%22%5D%7D&amp;dateFrom=2059-09-27T-1%3A24%3A33.932-14%3A42&amp;dateTo=2008-01-13T10%3A16%3A22%2B16%3A56&quot;, error=&quot;invalid_token&quot;
content-length: 14
content-type: text/plain
date: Fri, 21 Feb 2025 06:21:53 GMT
server: istio-envoy
x-envoy-upstream-service-time: 2

Jwt is expired
</system-out>
  </testcase>
  <testcase classname="unit4cases.EvoMaster_others_Test" name="test_72" time="0.045">
    <failure message="1 expectation failed.
Expected status code &lt;403&gt; but was &lt;401&gt;.
" type="java.lang.AssertionError">java.lang.AssertionError: 1 expectation failed.
Expected status code &lt;403&gt; but was &lt;401&gt;.

	at java.base/jdk.internal.reflect.DirectConstructorHandleAccessor.newInstance(DirectConstructorHandleAccessor.java:62)
	at java.base/java.lang.reflect.Constructor.newInstanceWithCaller(Constructor.java:502)
	at java.base/java.lang.reflect.Constructor.newInstance(Constructor.java:486)
	at org.codehaus.groovy.reflection.CachedConstructor.invoke(CachedConstructor.java:73)
	at org.codehaus.groovy.runtime.callsite.ConstructorSite$ConstructorSiteNoUnwrapNoCoerce.callConstructor(ConstructorSite.java:108)
	at org.codehaus.groovy.runtime.callsite.AbstractCallSite.callConstructor(AbstractCallSite.java:277)
	at io.restassured.internal.ResponseSpecificationImpl$HamcrestAssertionClosure.validate(ResponseSpecificationImpl.groovy:512)
	at io.restassured.internal.ResponseSpecificationImpl$HamcrestAssertionClosure$validate$1.call(Unknown Source)
	at io.restassured.internal.ResponseSpecificationImpl.validateResponseIfRequired(ResponseSpecificationImpl.groovy:696)
	at io.restassured.internal.ResponseSpecificationImpl.this$2$validateResponseIfRequired(ResponseSpecificationImpl.groovy)
	at java.base/jdk.internal.reflect.DirectMethodHandleAccessor.invoke(DirectMethodHandleAccessor.java:103)
	at java.base/java.lang.reflect.Method.invoke(Method.java:580)
	at org.codehaus.groovy.runtime.callsite.PlainObjectMetaMethodSite.doInvoke(PlainObjectMetaMethodSite.java:43)
	at org.codehaus.groovy.runtime.callsite.PogoMetaMethodSite$PogoCachedMethodSiteNoUnwrapNoCoerce.invoke(PogoMetaMethodSite.java:198)
	at org.codehaus.groovy.runtime.callsite.PogoMetaMethodSite.callCurrent(PogoMetaMethodSite.java:62)
	at org.codehaus.groovy.runtime.callsite.AbstractCallSite.callCurrent(AbstractCallSite.java:185)
	at io.restassured.internal.ResponseSpecificationImpl.statusCode(ResponseSpecificationImpl.groovy:135)
	at io.restassured.specification.ResponseSpecification$statusCode$1.callCurrent(Unknown Source)
	at io.restassured.internal.ResponseSpecificationImpl.statusCode(ResponseSpecificationImpl.groovy:143)
	at io.restassured.internal.ValidatableResponseOptionsImpl.statusCode(ValidatableResponseOptionsImpl.java:89)
	at unit4cases.EvoMaster_others_Test.test_72(EvoMaster_others_Test.java:2491)
	at java.base/jdk.internal.reflect.DirectMethodHandleAccessor.invoke(DirectMethodHandleAccessor.java:103)
	at java.base/java.lang.reflect.Method.invoke(Method.java:580)
	at org.junit.runners.model.FrameworkMethod$1.runReflectiveCall(FrameworkMethod.java:59)
	at org.junit.internal.runners.model.ReflectiveCallable.run(ReflectiveCallable.java:12)
	at org.junit.runners.model.FrameworkMethod.invokeExplosively(FrameworkMethod.java:56)
	at org.junit.internal.runners.statements.InvokeMethod.evaluate(InvokeMethod.java:17)
	at org.junit.internal.runners.statements.FailOnTimeout$CallableStatement.call(FailOnTimeout.java:299)
	at org.junit.internal.runners.statements.FailOnTimeout$CallableStatement.call(FailOnTimeout.java:293)
	at java.base/java.util.concurrent.FutureTask.run(FutureTask.java:317)
	at java.base/java.lang.Thread.run(Thread.java:1583)
</failure>
    <system-out>Request method:	POST
Request URI:	https://ig.aidtaas.com/mobius-payment-service/v1.0/paypal/authorize-payment
Proxy:			&lt;none&gt;
Request params:	&lt;none&gt;
Query params:	&lt;none&gt;
Form params:	&lt;none&gt;
Path params:	&lt;none&gt;
Headers:		Accept=application/json
				Authorization=Bearer  eyJhbGciOiJSUzI1NiIsInR5cCIgOiAiSldUIiwia2lkIiA6ICI3Ny1NUVdFRTNHZE5adGlsWU5IYmpsa2dVSkpaWUJWVmN1UmFZdHl5ejFjIn0.eyJleHAiOjE3NDAwODgxMjAsImlhdCI6MTc0MDA1MjEyMCwianRpIjoiYjc4MDZhYTYtZWE3MS00NWJkLWI5ODMtOWU3MDE4OTc4NTYzIiwiaXNzIjoiaHR0cDovL2tleWNsb2FrLXNlcnZpY2Uua2V5Y2xvYWsuc3ZjLmNsdXN0ZXIubG9jYWw6ODA4MC9yZWFsbXMvbWFzdGVyIiwiYXVkIjpbIkJPTFRaTUFOTl9CT1RfbW9iaXVzIiwiUEFTQ0FMX0lOVEVMTElHRU5DRV9tb2JpdXMiLCJNT05FVF9tb2JpdXMiLCJWSU5DSV9tb2JpdXMiLCJhY2NvdW50Il0sInN1YiI6IjJjZjc2ZTVmLTI2YWQtNGYyYy1iY2NjLWY0YmMxZTdiZmI2NCIsInR5cCI6IkJlYXJlciIsImF6cCI6IkhPTEFDUkFDWV9tb2JpdXMiLCJzaWQiOiJmNjcwYzZjMi03OWYzLTQ2YzctOTE5Yy1hNTNhYmRiNTgwNDMiLCJhY3IiOiIxIiwiYWxsb3dlZC1vcmlnaW5zIjpbIi8qIl0sInJlYWxtX2FjY2VzcyI6eyJyb2xlcyI6WyJkZWZhdWx0LXJvbGVzLW1hc3RlciIsIkhDWV9URU5BTlRfQ1VTVE9NIiwib2ZmbGluZV9hY2Nlc3MiLCJCT0JfVEVOQU5UX0NVU1RPTSIsInVtYV9hdXRob3JpemF0aW9uIiwiUElfVEVOQU5UX0NVU1RPTSIsIk1PTkVUX1RFTkFOVF9DVVNUT00iXX0sInJlc291cmNlX2FjY2VzcyI6eyJCT0xUWk1BTk5fQk9UX21vYml1cyI6eyJyb2xlcyI6WyJURU5BTlRfV09SS0ZMT1dfU1VTUEVORF9QUk9DRVNTX0RFRklOSVRJT04iLCJURU5BTlRfV09SS0ZMT1dfU1VTUEVORF9JTlNUQU5DRSIsIlRFTkFOVF9XT1JLRkxPV19SRVRSSUVWRV9BTEwiLCJURU5BTlRfV09SS0ZMT1dfQUNUSVZBVEVfSU5TVEFOQ0UiLCJURU5BTlRfV09SS0ZMT1dfRVhFQ1VURSIsIlRFTkFOVF9XT1JLRkxPV19SRVRSSUVWRV9IT01FIiwiVEVOQU5UX1dPUktGTE9XX1JFVFJJRVZFX1NVU1BFTkRFRF9QUk9DRVNTX0RFRlMiLCJURU5BTlRfV09SS0ZMT1dfQUNUSVZBVEVfUlVOX0pPQiIsIlRFTkFOVF9XT1JLRkxPV19TVEFUVVMiLCJURU5BTlRfV09SS0ZMT1dfQ1JFQVRFIiwiVEVOQU5UX1dPUktGTE9XX0FDVElWSVRZX0RBVEFfQ09VTlQiLCJCT0xUWk1BTk5fQk9UX1VTRVIiLCJURU5BTlRfV09SS0ZMT1dfREVQTE9ZX1ZFUlNJT04iLCJURU5BTlRfV09SS0ZMT1dfSU1QT1JUIiwiVEVOQU5UX1dPUktGTE9XX1VQREFURSIsIlRFTkFOVF9XT1JLRkxPV19ERVBMT1kiLCJURU5BTlRfV09SS0ZMT1dfU1VTUEVORF9SVU5fSk9CIiwiVEVOQU5UX1dPUktGTE9XX1JFVFJJRVZFIiwiVEVOQU5UX1dPUktGTE9XX0RFTEVURSIsIlRFTkFOVF9XT1JLRkxPV19UUklHR0VSX01FU1NBR0VfTElTVEVORVIiXX0sIkhPTEFDUkFDWV9tb2JpdXMiOnsicm9sZXMiOlsiVEVOQU5UX1BST0RVQ1RfUkVUUklFVkVfTUFTVEVSX0NPTkZJRyIsIlRFTkFOVF9JTlZJVEFUSU9OX1JFU1BPTkQiLCJURU5BTlRfTkVHT1RJQVRJT05fQVBQUk9WQUxfQlVZRVIiLCJURU5BTlRfSU5WSVRBVElPTl9SRVRSSUVWRSIsIlRFTkFOVF9PUkdBTklaQVRJT05fQ1JFQVRFIiwiVEVOQU5UX0NSRUFURV9URU5BTlQiLCJURU5BTlRfU1VCX0FMTElBTkNFX1JFVFJJRVZFIiwiVEVOQU5UX1BMQVRGT1JNX0NSRUFURSIsIkhPTEFDUkFDWV9VU0VSIiwiVEVOQU5UX1JBVEVDQVJEX0NSRUFURSIsIlRFTkFOVF9QTEFURk9STV9SRVRSSUVWRSIsIlRFTkFOVF9SRVRSSUVWRV9CWV9CVVlFUl9QTEFURk9STSIsIlRFTkFOVF9TVUJfQUxMSUFOQ0VfUkVUUklFVkVfQUxMIiwiVEVOQU5UX1BST0RVQ1RfUkVUUklFVkUiLCJURU5BTlRfQUNDT1VOVF9ERUxFVEUiLCJURU5BTlRfQUxMSUFOQ0VfUkVUUklFVkUiLCJURU5BTlRfUExBVEZPUk1fVVBEQVRFIiwiVEVOQU5UX0lOVklUQVRJT05fQ1JFQVRFIiwiVEVOQU5UX1JBVEVDQVJEX1JFVFJJRVZFIiwiVEVOQU5UX09SR0FOSVpBVElPTl9VUERBVEUiLCJURU5BTlRfUkFURUNBUkRfVVBEQVRFIiwiVEVOQU5UX09SR0FOSVpBVElPTl9ERUxFVEUiLCJURU5BTlRfUExBVEZPUk1fREVMRVRFIiwiVEVOQU5UX1BST0RVQ1RfQ1JFQVRFIiwiVEVOQU5UX1NVQl9BTExJQU5DRV9DUkVBVEUiLCJURU5BTlRfUkFURUNBUkRfREVMRVRFIiwiVEVOQU5UX0FDQ09VTlRfQ1JFQVRFIiwiVEVOQU5UX0lOVklUQVRJT05fVVBEQVRFIiwiVEVOQU5UX1JFVFJJRVZFX1RFTkFOVCIsIlRFTkFOVF9JTlZJVEFUSU9OX0RFTEVURSIsIlRFTkFOVF9ORUdPVElBVElPTl9BUFBST1ZBTF9TVVBFUl9BRE1JTiIsIlRFTkFOVF9ORUdPVElBVElPTl9SRVRSSUVWRV9BTExfQkVUV0VFTl9CVVlFUl9TRUxMRVIiLCJURU5BTlRfUkVUUklFVkVfVEVOQU5UX0FMTCIsIlRFTkFOVF9ORUdPVElBVElPTl9DUkVBVEUiLCJURU5BTlRfVVBEQVRFX1RFTkFOVCIsIlRFTkFOVF9PUkdBTklaQVRJT05fUkVUUklFVkUiLCJURU5BTlRfQUNDT1VOVF9VUERBVEUiLCJURU5BTlRfUFJPRFVDVF9ERUxFVEUiLCJURU5BTlRfU1VCX0FMTElBTkNFX0RFTEVURSIsIlRFTkFOVF9ORUdPVElBVElPTl9BUFBST1ZBTF9TRUxMRVIiLCJURU5BTlRfU1VCX0FMTElBTkNFX1VQREFURSIsIlRFTkFOVF9QUk9EVUNUX1VQREFURSIsIlRFTkFOVF9BQ0NPVU5UX1JFVFJJRVZFIiwiVEVOQU5UX05FR09USUFUSU9OX1JFVFJJRVZFIiwiVEVOQU5UX0RFTEVURV9URU5BTlQiXX0sIlBBU0NBTF9JTlRFTExJR0VOQ0VfbW9iaXVzIjp7InJvbGVzIjpbIlRFTkFOVF9DT05URVhUX0RFTEVURSIsIlRFTkFOVF9DT05URVhUX1VQREFURSIsIlRFTkFOVF9CSUdRVUVSWV9SRVRSSUVWRSIsIlRFTkFOVF9CSUdRVUVSWV9VUERBVEUiLCJURU5BTlRfVU5JVkVSU0VfQ1JFQVRFIiwiVEVOQU5UX0NPSE9SVFNfUkVUUklFVkUiLCJURU5BTlRfQklHUVVFUllfQ1JFQVRFIiwiVEVOQU5UX0JJR1FVRVJZX0VWQUxVQVRFIiwiVEVOQU5UX0NPSE9SVFNfVVBEQVRFIiwiVEVOQU5UX0NPTlRFWFRfUkVUUklFVkUiLCJURU5BTlRfVU5JVkVSU0VfUkVUUklFVkUiLCJURU5BTlRfQ09IT1JUU19FVkFMVUFURSIsIlRFTkFOVF9CSUdRVUVSWV9ERUxFVEUiLCJURU5BTlRfU0NIRU1BX0NSRUFURSIsIlBBU0NBTF9JTlRFTExJR0VOQ0VfVVNFUiIsIlRFTkFOVF9DT0hPUlRTX0NSRUFURSIsIlRFTkFOVF9TQ0hFTUFfVVBEQVRFIiwiVEVOQU5UX0NPTlRFWFRfQVBQUk9WRSIsIlRFTkFOVF9VTklWRVJTRV9VUERBVEUiLCJURU5BTlRfQklHUVVFUllfQVBQUk9WRSIsIlRFTkFOVF9TQ0hFTUFfUkVUUklFVkUiLCJURU5BTlRfU0NIRU1BX0FQUFJPVkUiLCJURU5BTlRfQ09OVEVYVF9FVkFMVUFURSIsIlRFTkFOVF9TQ0hFTUFfREVMRVRFIiwiVEVOQU5UX0NPTlRFWFRfQ1JFQVRFIiwiVEVOQU5UX1NDSEVNQV9EQVRBX1JFVFJJRVZFIiwiVEVOQU5UX1NDSEVNQV9EQVRBX0RFTEVURSIsIlRFTkFOVF9TQ0hFTUFfREFUQV9VUERBVEUiLCJURU5BTlRfQ09IT1JUU19ERUxFVEUiLCJURU5BTlRfVU5JVkVSU0VfREVMRVRFIiwiVEVOQU5UX1NDSEVNQV9EQVRBX0lOR0VTVElPTiIsIlRFTkFOVF9DT0hPUlRTX0FQUFJPVkUiXX0sIk1PTkVUX21vYml1cyI6eyJyb2xlcyI6WyJURU5BTlRfQVBQTEVUU19SRVRSSUVWRV9BTExfUFVCTElTSEVEIiwiVEVOQU5UX1dJREdFVFNfUkVUUklFVkVfRFJBRlQiLCJURU5BTlRfV0lER0VUU19VUERBVEUiLCJURU5BTlRfQVBQTEVUU19ERUxFVEUiLCJURU5BTlRfV0lER0VUU19ERUxFVEUiLCJURU5BTlRfUExVR0lOX0NBVEVHT1JZX1JFVFJJRVZFX0FMTCIsIlRFTkFOVF9BUFBMRVRTX1VQREFURV9ISVNUT1JZIiwiVEVOQU5UX0VYUEVSSUVOQ0VTX0NSRUFURSIsIlRFTkFOVF9XSURHRVRTX1JFVFJJRVZFX1BVQkxJU0giLCJURU5BTlRfUExVR0lOX0NBVEVHT1JZX0NSRUFURSIsIlRFTkFOVF9ERVBFTkRFTkNZX1JFVFJJRVZFX0FMTCIsIlRFTkFOVF9XSURHRVRTX1BVQkxJU0giLCJURU5BTlRfUkVUUklFVkVfRklFTERTX09GX1BVQkxJU0hFRCIsIlRFTkFOVF9FWFBFUklFTkNFU19VUERBVEUiLCJURU5BTlRfQVBQTEVUU19DUkVBVEUiLCJURU5BTlRfUExVR0lOU19ERUxFVEUiLCJURU5BTlRfQVBQTEVUU19SRVRSSUVWRV9BTExfRFJBRlQiLCJURU5BTlRfUExVR0lOU19VUERBVEUiLCJURU5BTlRfQVBQTEVUU19SRVRSSUVWRV9GUk9NX0hJU1RPUlkiLCJURU5BTlRfUkVUUklFVkVfRklFTERTX09GX0RSQUZUIiwiVEVOQU5UX0FQUExFVFNfUkVUUklFVkVfUFVCTElTSEVEIiwiVEVOQU5UX0FQUExFVFNfUFVCTElTSEVEIiwiVEVOQU5UX1dJREdFVFNfUkVUUklFVkUiLCJURU5BTlRfUExVR0lOX0NBVEVHT1JZX0RFTEVURSIsIlRFTkFOVF9QTFVHSU5fQ0FURUdPUllfUFVCTElTSCIsIlRFTkFOVF9QTFVHSU5fQ0FURUdPUllfREVMRVRFX0NPTVBfRlJPTSIsIlRFTkFOVF9SRVRSSUVWRV9QVUJMSVNIRUQiLCJURU5BTlRfUExVR0lOU19SRVRSSUVWRSIsIlRFTkFOVF9QTFVHSU5TX0NSRUFURSIsIlRFTkFOVF9XSURHRVRTX0NSRUFURSIsIlRFTkFOVF9BUFBMRVRTX1JFVFJJRVZFX0FMTF9QVUJMSVNIRURfVEhVTUJOQUlMUyIsIk1PTkVUX1VTRVIiLCJURU5BTlRfRVhQRVJJRU5DRVNfREVMRVRFIiwiVEVOQU5UX0VYUEVSSUVOQ0VTX1BVQkxJU0giLCJURU5BTlRfUkVUUklFVkVfRlJPTV9ISVNUT1JZIiwiVEVOQU5UX1BMVUdJTl9DQVRFR09SWV9VUERBVEUiXX0sIlZJTkNJX21vYml1cyI6eyJyb2xlcyI6WyJWSU5DSV9VU0VSIl19LCJhY2NvdW50Ijp7InJvbGVzIjpbIm1hbmFnZS1hY2NvdW50IiwibWFuYWdlLWFjY291bnQtbGlua3MiLCJ2aWV3LXByb2ZpbGUiXX19LCJzY29wZSI6InByb2ZpbGUgZW1haWwiLCJyZXF1ZXN0ZXJUeXBlIjoiVEVOQU5UIiwiZW1haWxfdmVyaWZpZWQiOnRydWUsIm5hbWUiOiJBaWR0YWFzIEFpZHRhYXMiLCJ0ZW5hbnRJZCI6IjJjZjc2ZTVmLTI2YWQtNGYyYy1iY2NjLWY0YmMxZTdiZmI2NCIsInByZWZlcnJlZF91c2VybmFtZSI6InBhc3N3b3JkX3RlbmFudF9haWR0YWFzQGdhaWFuc29sdXRpb25zLmNvbSIsImdpdmVuX25hbWUiOiJBaWR0YWFzIiwiZmFtaWx5X25hbWUiOiJBaWR0YWFzIiwiZW1haWwiOiJwYXNzd29yZF90ZW5hbnRfYWlkdGFhc0BnYWlhbnNvbHV0aW9ucy5jb20ifQ.G22UWdZfpDy2T8neTapxgOEwLcTJnbjop5nrm13HlhaUON7HfGI1b-n7D7FRAcRr2u7xBEE7MwJ3OSJyfjIQamrmV1U0PYtVogiw3EQcp41YWWAnpuaG41KiZvYuxGdFO1uADRRSrbnzDP44nnh75gQxL-s_blP160DEyu4gIfJ3f3Vz_wI_6yZ1aqpsz-8r8YpbeQbgrcV577yF2lTbmavmNDA6R_FW2rF8Y-mLfFbhAkQqmpuYDWdXv7_cyOmECs53ROlGzPd-DIUi1mw9_Af0tIC6DKh1nbbp16VPKqzmCPVfI1VGNZSCzVYOAr-XApRi0JZ39ub0aO1FsZzCjA
				Content-Type=application/json
Cookies:		&lt;none&gt;
Multiparts:		&lt;none&gt;
Body:
{
    &quot;transactionId&quot;: &quot;eqjs&quot;,
    &quot;walletId&quot;: &quot;GXHDmyrSyQjC&quot;,
    &quot;noteToPayee&quot;: &quot;LsUUkMwAV9nG&quot;,
    &quot;clientId&quot;: &quot;9vY4s&quot;,
    &quot;userId&quot;: &quot;g&quot;,
    &quot;currency&quot;: &quot;yxyEp8hRiuJnDb&quot;,
    &quot;clientRedirectUrl&quot;: &quot;0RGMrHn0iNNXvJB0&quot;,
    &quot;clientKey&quot;: &quot;MuWnOoMbWjKuC&quot;,
    &quot;gatewayName&quot;: &quot;q&quot;,
    &quot;paymentType&quot;: &quot;&quot;,
    &quot;requestId&quot;: &quot;Hn&quot;,
    &quot;transactionType&quot;: &quot;DPc_pBXpmN&quot;,
    &quot;orderDescription&quot;: &quot;n9j6A4e6vsNZuxR0&quot;,
    &quot;customer&quot;: {
        &quot;mobile&quot;: &quot;1XzkywnfT9O&quot;,
        &quot;name&quot;: &quot;cf&quot;,
        &quot;emailId&quot;: &quot;V&quot;,
        &quot;phone&quot;: &quot;5ivfuWqu&quot;,
        &quot;address1&quot;: &quot;r8&quot;,
        &quot;address2&quot;: &quot;HpIH&quot;,
        &quot;city&quot;: &quot;70Mcy1&quot;,
        &quot;state&quot;: &quot;sdy&quot;,
        &quot;country&quot;: &quot;Ec&quot;,
        &quot;pin&quot;: &quot;RX&quot;,
        &quot;active&quot;: false
    },
    &quot;seller&quot;: {
        &quot;id&quot;: -1890137470,
        &quot;name&quot;: &quot;CPvtdW15j5Bin96S&quot;,
        &quot;emailId&quot;: &quot;DWs70vo2hNdaGTG&quot;,
        &quot;phone&quot;: &quot;4heavLJUe&quot;,
        &quot;mobile&quot;: &quot;3dRIXlq6Qhvuo&quot;
    },
    &quot;cart&quot;: {
        &quot;id&quot;: 11,
        &quot;items&quot;: [
            {
                &quot;itemName&quot;: &quot;bwQZsKlkC_7&quot;,
                &quot;itemDescription&quot;: &quot;B&quot;,
                &quot;unitPrice&quot;: 0.2843432354545904,
                &quot;quantity&quot;: 461,
                &quot;totalCost&quot;: 0.15404948376294547
            },
            {
                &quot;itemName&quot;: &quot;599eQIvJo&quot;,
                &quot;itemDescription&quot;: &quot;ZuvsQyE_kSAE0&quot;,
                &quot;unitPrice&quot;: 0.44889916748457903,
                &quot;quantity&quot;: 723,
                &quot;totalCost&quot;: 0.7182470386623062
            }
        ],
        &quot;totalAmount&quot;: 0.3823219664019766,
        &quot;totalTax&quot;: 0.7479857059153643,
        &quot;totalDiscount&quot;: 0.8971876530597375,
        &quot;itemsCost&quot;: 0.2032843338730118
    },
    &quot;invoiceDate&quot;: &quot;5ok&quot;,
    &quot;extraParams&quot;: {
        &quot;id&quot;: 899,
        &quot;token&quot;: &quot;nlyqFCg1yR&quot;
    },
    &quot;status&quot;: &quot;2tc_GrEyAjJiY&quot;,
    &quot;createdAt&quot;: &quot;rocwp&quot;,
    &quot;payPalCanelToken&quot;: &quot;XzRiRmwdlH41J&quot;
}

HTTP/1.1 401 Unauthorized
www-authenticate: Bearer realm=&quot;https://ig.aidtaas.com/mobius-payment-service/v1.0/paypal/authorize-payment&quot;, error=&quot;invalid_token&quot;
content-length: 14
content-type: text/plain
date: Fri, 21 Feb 2025 06:21:53 GMT
server: istio-envoy
x-envoy-upstream-service-time: 3

Jwt is expired
</system-out>
  </testcase>
  <testcase classname="unit4cases.EvoMaster_others_Test" name="test_73" time="0.04"/>
  <testcase classname="unit4cases.EvoMaster_others_Test" name="test_0" time="0.051">
    <failure message="1 expectation failed.
Expected status code &lt;400&gt; but was &lt;401&gt;.
" type="java.lang.AssertionError">java.lang.AssertionError: 1 expectation failed.
Expected status code &lt;400&gt; but was &lt;401&gt;.

	at java.base/jdk.internal.reflect.DirectConstructorHandleAccessor.newInstance(DirectConstructorHandleAccessor.java:62)
	at java.base/java.lang.reflect.Constructor.newInstanceWithCaller(Constructor.java:502)
	at java.base/java.lang.reflect.Constructor.newInstance(Constructor.java:486)
	at org.codehaus.groovy.reflection.CachedConstructor.invoke(CachedConstructor.java:73)
	at org.codehaus.groovy.runtime.callsite.ConstructorSite$ConstructorSiteNoUnwrapNoCoerce.callConstructor(ConstructorSite.java:108)
	at org.codehaus.groovy.runtime.callsite.AbstractCallSite.callConstructor(AbstractCallSite.java:277)
	at io.restassured.internal.ResponseSpecificationImpl$HamcrestAssertionClosure.validate(ResponseSpecificationImpl.groovy:512)
	at io.restassured.internal.ResponseSpecificationImpl$HamcrestAssertionClosure$validate$1.call(Unknown Source)
	at io.restassured.internal.ResponseSpecificationImpl.validateResponseIfRequired(ResponseSpecificationImpl.groovy:696)
	at io.restassured.internal.ResponseSpecificationImpl.this$2$validateResponseIfRequired(ResponseSpecificationImpl.groovy)
	at java.base/jdk.internal.reflect.DirectMethodHandleAccessor.invoke(DirectMethodHandleAccessor.java:103)
	at java.base/java.lang.reflect.Method.invoke(Method.java:580)
	at org.codehaus.groovy.runtime.callsite.PlainObjectMetaMethodSite.doInvoke(PlainObjectMetaMethodSite.java:43)
	at org.codehaus.groovy.runtime.callsite.PogoMetaMethodSite$PogoCachedMethodSiteNoUnwrapNoCoerce.invoke(PogoMetaMethodSite.java:198)
	at org.codehaus.groovy.runtime.callsite.PogoMetaMethodSite.callCurrent(PogoMetaMethodSite.java:62)
	at org.codehaus.groovy.runtime.callsite.AbstractCallSite.callCurrent(AbstractCallSite.java:185)
	at io.restassured.internal.ResponseSpecificationImpl.statusCode(ResponseSpecificationImpl.groovy:135)
	at io.restassured.specification.ResponseSpecification$statusCode$1.callCurrent(Unknown Source)
	at io.restassured.internal.ResponseSpecificationImpl.statusCode(ResponseSpecificationImpl.groovy:143)
	at io.restassured.internal.ValidatableResponseOptionsImpl.statusCode(ValidatableResponseOptionsImpl.java:89)
	at unit4cases.EvoMaster_others_Test.test_0(EvoMaster_others_Test.java:113)
	at java.base/jdk.internal.reflect.DirectMethodHandleAccessor.invoke(DirectMethodHandleAccessor.java:103)
	at java.base/java.lang.reflect.Method.invoke(Method.java:580)
	at org.junit.runners.model.FrameworkMethod$1.runReflectiveCall(FrameworkMethod.java:59)
	at org.junit.internal.runners.model.ReflectiveCallable.run(ReflectiveCallable.java:12)
	at org.junit.runners.model.FrameworkMethod.invokeExplosively(FrameworkMethod.java:56)
	at org.junit.internal.runners.statements.InvokeMethod.evaluate(InvokeMethod.java:17)
	at org.junit.internal.runners.statements.FailOnTimeout$CallableStatement.call(FailOnTimeout.java:299)
	at org.junit.internal.runners.statements.FailOnTimeout$CallableStatement.call(FailOnTimeout.java:293)
	at java.base/java.util.concurrent.FutureTask.run(FutureTask.java:317)
	at java.base/java.lang.Thread.run(Thread.java:1583)
</failure>
    <system-out>Request method:	POST
Request URI:	https://ig.aidtaas.com/mobius-payment-service/v1.0/paypal/authorize-payment
Proxy:			&lt;none&gt;
Request params:	&lt;none&gt;
Query params:	&lt;none&gt;
Form params:	&lt;none&gt;
Path params:	&lt;none&gt;
Headers:		Accept=application/json
				Authorization=Bearer  eyJhbGciOiJSUzI1NiIsInR5cCIgOiAiSldUIiwia2lkIiA6ICI3Ny1NUVdFRTNHZE5adGlsWU5IYmpsa2dVSkpaWUJWVmN1UmFZdHl5ejFjIn0.eyJleHAiOjE3NDAwODgxMjAsImlhdCI6MTc0MDA1MjEyMCwianRpIjoiYjc4MDZhYTYtZWE3MS00NWJkLWI5ODMtOWU3MDE4OTc4NTYzIiwiaXNzIjoiaHR0cDovL2tleWNsb2FrLXNlcnZpY2Uua2V5Y2xvYWsuc3ZjLmNsdXN0ZXIubG9jYWw6ODA4MC9yZWFsbXMvbWFzdGVyIiwiYXVkIjpbIkJPTFRaTUFOTl9CT1RfbW9iaXVzIiwiUEFTQ0FMX0lOVEVMTElHRU5DRV9tb2JpdXMiLCJNT05FVF9tb2JpdXMiLCJWSU5DSV9tb2JpdXMiLCJhY2NvdW50Il0sInN1YiI6IjJjZjc2ZTVmLTI2YWQtNGYyYy1iY2NjLWY0YmMxZTdiZmI2NCIsInR5cCI6IkJlYXJlciIsImF6cCI6IkhPTEFDUkFDWV9tb2JpdXMiLCJzaWQiOiJmNjcwYzZjMi03OWYzLTQ2YzctOTE5Yy1hNTNhYmRiNTgwNDMiLCJhY3IiOiIxIiwiYWxsb3dlZC1vcmlnaW5zIjpbIi8qIl0sInJlYWxtX2FjY2VzcyI6eyJyb2xlcyI6WyJkZWZhdWx0LXJvbGVzLW1hc3RlciIsIkhDWV9URU5BTlRfQ1VTVE9NIiwib2ZmbGluZV9hY2Nlc3MiLCJCT0JfVEVOQU5UX0NVU1RPTSIsInVtYV9hdXRob3JpemF0aW9uIiwiUElfVEVOQU5UX0NVU1RPTSIsIk1PTkVUX1RFTkFOVF9DVVNUT00iXX0sInJlc291cmNlX2FjY2VzcyI6eyJCT0xUWk1BTk5fQk9UX21vYml1cyI6eyJyb2xlcyI6WyJURU5BTlRfV09SS0ZMT1dfU1VTUEVORF9QUk9DRVNTX0RFRklOSVRJT04iLCJURU5BTlRfV09SS0ZMT1dfU1VTUEVORF9JTlNUQU5DRSIsIlRFTkFOVF9XT1JLRkxPV19SRVRSSUVWRV9BTEwiLCJURU5BTlRfV09SS0ZMT1dfQUNUSVZBVEVfSU5TVEFOQ0UiLCJURU5BTlRfV09SS0ZMT1dfRVhFQ1VURSIsIlRFTkFOVF9XT1JLRkxPV19SRVRSSUVWRV9IT01FIiwiVEVOQU5UX1dPUktGTE9XX1JFVFJJRVZFX1NVU1BFTkRFRF9QUk9DRVNTX0RFRlMiLCJURU5BTlRfV09SS0ZMT1dfQUNUSVZBVEVfUlVOX0pPQiIsIlRFTkFOVF9XT1JLRkxPV19TVEFUVVMiLCJURU5BTlRfV09SS0ZMT1dfQ1JFQVRFIiwiVEVOQU5UX1dPUktGTE9XX0FDVElWSVRZX0RBVEFfQ09VTlQiLCJCT0xUWk1BTk5fQk9UX1VTRVIiLCJURU5BTlRfV09SS0ZMT1dfREVQTE9ZX1ZFUlNJT04iLCJURU5BTlRfV09SS0ZMT1dfSU1QT1JUIiwiVEVOQU5UX1dPUktGTE9XX1VQREFURSIsIlRFTkFOVF9XT1JLRkxPV19ERVBMT1kiLCJURU5BTlRfV09SS0ZMT1dfU1VTUEVORF9SVU5fSk9CIiwiVEVOQU5UX1dPUktGTE9XX1JFVFJJRVZFIiwiVEVOQU5UX1dPUktGTE9XX0RFTEVURSIsIlRFTkFOVF9XT1JLRkxPV19UUklHR0VSX01FU1NBR0VfTElTVEVORVIiXX0sIkhPTEFDUkFDWV9tb2JpdXMiOnsicm9sZXMiOlsiVEVOQU5UX1BST0RVQ1RfUkVUUklFVkVfTUFTVEVSX0NPTkZJRyIsIlRFTkFOVF9JTlZJVEFUSU9OX1JFU1BPTkQiLCJURU5BTlRfTkVHT1RJQVRJT05fQVBQUk9WQUxfQlVZRVIiLCJURU5BTlRfSU5WSVRBVElPTl9SRVRSSUVWRSIsIlRFTkFOVF9PUkdBTklaQVRJT05fQ1JFQVRFIiwiVEVOQU5UX0NSRUFURV9URU5BTlQiLCJURU5BTlRfU1VCX0FMTElBTkNFX1JFVFJJRVZFIiwiVEVOQU5UX1BMQVRGT1JNX0NSRUFURSIsIkhPTEFDUkFDWV9VU0VSIiwiVEVOQU5UX1JBVEVDQVJEX0NSRUFURSIsIlRFTkFOVF9QTEFURk9STV9SRVRSSUVWRSIsIlRFTkFOVF9SRVRSSUVWRV9CWV9CVVlFUl9QTEFURk9STSIsIlRFTkFOVF9TVUJfQUxMSUFOQ0VfUkVUUklFVkVfQUxMIiwiVEVOQU5UX1BST0RVQ1RfUkVUUklFVkUiLCJURU5BTlRfQUNDT1VOVF9ERUxFVEUiLCJURU5BTlRfQUxMSUFOQ0VfUkVUUklFVkUiLCJURU5BTlRfUExBVEZPUk1fVVBEQVRFIiwiVEVOQU5UX0lOVklUQVRJT05fQ1JFQVRFIiwiVEVOQU5UX1JBVEVDQVJEX1JFVFJJRVZFIiwiVEVOQU5UX09SR0FOSVpBVElPTl9VUERBVEUiLCJURU5BTlRfUkFURUNBUkRfVVBEQVRFIiwiVEVOQU5UX09SR0FOSVpBVElPTl9ERUxFVEUiLCJURU5BTlRfUExBVEZPUk1fREVMRVRFIiwiVEVOQU5UX1BST0RVQ1RfQ1JFQVRFIiwiVEVOQU5UX1NVQl9BTExJQU5DRV9DUkVBVEUiLCJURU5BTlRfUkFURUNBUkRfREVMRVRFIiwiVEVOQU5UX0FDQ09VTlRfQ1JFQVRFIiwiVEVOQU5UX0lOVklUQVRJT05fVVBEQVRFIiwiVEVOQU5UX1JFVFJJRVZFX1RFTkFOVCIsIlRFTkFOVF9JTlZJVEFUSU9OX0RFTEVURSIsIlRFTkFOVF9ORUdPVElBVElPTl9BUFBST1ZBTF9TVVBFUl9BRE1JTiIsIlRFTkFOVF9ORUdPVElBVElPTl9SRVRSSUVWRV9BTExfQkVUV0VFTl9CVVlFUl9TRUxMRVIiLCJURU5BTlRfUkVUUklFVkVfVEVOQU5UX0FMTCIsIlRFTkFOVF9ORUdPVElBVElPTl9DUkVBVEUiLCJURU5BTlRfVVBEQVRFX1RFTkFOVCIsIlRFTkFOVF9PUkdBTklaQVRJT05fUkVUUklFVkUiLCJURU5BTlRfQUNDT1VOVF9VUERBVEUiLCJURU5BTlRfUFJPRFVDVF9ERUxFVEUiLCJURU5BTlRfU1VCX0FMTElBTkNFX0RFTEVURSIsIlRFTkFOVF9ORUdPVElBVElPTl9BUFBST1ZBTF9TRUxMRVIiLCJURU5BTlRfU1VCX0FMTElBTkNFX1VQREFURSIsIlRFTkFOVF9QUk9EVUNUX1VQREFURSIsIlRFTkFOVF9BQ0NPVU5UX1JFVFJJRVZFIiwiVEVOQU5UX05FR09USUFUSU9OX1JFVFJJRVZFIiwiVEVOQU5UX0RFTEVURV9URU5BTlQiXX0sIlBBU0NBTF9JTlRFTExJR0VOQ0VfbW9iaXVzIjp7InJvbGVzIjpbIlRFTkFOVF9DT05URVhUX0RFTEVURSIsIlRFTkFOVF9DT05URVhUX1VQREFURSIsIlRFTkFOVF9CSUdRVUVSWV9SRVRSSUVWRSIsIlRFTkFOVF9CSUdRVUVSWV9VUERBVEUiLCJURU5BTlRfVU5JVkVSU0VfQ1JFQVRFIiwiVEVOQU5UX0NPSE9SVFNfUkVUUklFVkUiLCJURU5BTlRfQklHUVVFUllfQ1JFQVRFIiwiVEVOQU5UX0JJR1FVRVJZX0VWQUxVQVRFIiwiVEVOQU5UX0NPSE9SVFNfVVBEQVRFIiwiVEVOQU5UX0NPTlRFWFRfUkVUUklFVkUiLCJURU5BTlRfVU5JVkVSU0VfUkVUUklFVkUiLCJURU5BTlRfQ09IT1JUU19FVkFMVUFURSIsIlRFTkFOVF9CSUdRVUVSWV9ERUxFVEUiLCJURU5BTlRfU0NIRU1BX0NSRUFURSIsIlBBU0NBTF9JTlRFTExJR0VOQ0VfVVNFUiIsIlRFTkFOVF9DT0hPUlRTX0NSRUFURSIsIlRFTkFOVF9TQ0hFTUFfVVBEQVRFIiwiVEVOQU5UX0NPTlRFWFRfQVBQUk9WRSIsIlRFTkFOVF9VTklWRVJTRV9VUERBVEUiLCJURU5BTlRfQklHUVVFUllfQVBQUk9WRSIsIlRFTkFOVF9TQ0hFTUFfUkVUUklFVkUiLCJURU5BTlRfU0NIRU1BX0FQUFJPVkUiLCJURU5BTlRfQ09OVEVYVF9FVkFMVUFURSIsIlRFTkFOVF9TQ0hFTUFfREVMRVRFIiwiVEVOQU5UX0NPTlRFWFRfQ1JFQVRFIiwiVEVOQU5UX1NDSEVNQV9EQVRBX1JFVFJJRVZFIiwiVEVOQU5UX1NDSEVNQV9EQVRBX0RFTEVURSIsIlRFTkFOVF9TQ0hFTUFfREFUQV9VUERBVEUiLCJURU5BTlRfQ09IT1JUU19ERUxFVEUiLCJURU5BTlRfVU5JVkVSU0VfREVMRVRFIiwiVEVOQU5UX1NDSEVNQV9EQVRBX0lOR0VTVElPTiIsIlRFTkFOVF9DT0hPUlRTX0FQUFJPVkUiXX0sIk1PTkVUX21vYml1cyI6eyJyb2xlcyI6WyJURU5BTlRfQVBQTEVUU19SRVRSSUVWRV9BTExfUFVCTElTSEVEIiwiVEVOQU5UX1dJREdFVFNfUkVUUklFVkVfRFJBRlQiLCJURU5BTlRfV0lER0VUU19VUERBVEUiLCJURU5BTlRfQVBQTEVUU19ERUxFVEUiLCJURU5BTlRfV0lER0VUU19ERUxFVEUiLCJURU5BTlRfUExVR0lOX0NBVEVHT1JZX1JFVFJJRVZFX0FMTCIsIlRFTkFOVF9BUFBMRVRTX1VQREFURV9ISVNUT1JZIiwiVEVOQU5UX0VYUEVSSUVOQ0VTX0NSRUFURSIsIlRFTkFOVF9XSURHRVRTX1JFVFJJRVZFX1BVQkxJU0giLCJURU5BTlRfUExVR0lOX0NBVEVHT1JZX0NSRUFURSIsIlRFTkFOVF9ERVBFTkRFTkNZX1JFVFJJRVZFX0FMTCIsIlRFTkFOVF9XSURHRVRTX1BVQkxJU0giLCJURU5BTlRfUkVUUklFVkVfRklFTERTX09GX1BVQkxJU0hFRCIsIlRFTkFOVF9FWFBFUklFTkNFU19VUERBVEUiLCJURU5BTlRfQVBQTEVUU19DUkVBVEUiLCJURU5BTlRfUExVR0lOU19ERUxFVEUiLCJURU5BTlRfQVBQTEVUU19SRVRSSUVWRV9BTExfRFJBRlQiLCJURU5BTlRfUExVR0lOU19VUERBVEUiLCJURU5BTlRfQVBQTEVUU19SRVRSSUVWRV9GUk9NX0hJU1RPUlkiLCJURU5BTlRfUkVUUklFVkVfRklFTERTX09GX0RSQUZUIiwiVEVOQU5UX0FQUExFVFNfUkVUUklFVkVfUFVCTElTSEVEIiwiVEVOQU5UX0FQUExFVFNfUFVCTElTSEVEIiwiVEVOQU5UX1dJREdFVFNfUkVUUklFVkUiLCJURU5BTlRfUExVR0lOX0NBVEVHT1JZX0RFTEVURSIsIlRFTkFOVF9QTFVHSU5fQ0FURUdPUllfUFVCTElTSCIsIlRFTkFOVF9QTFVHSU5fQ0FURUdPUllfREVMRVRFX0NPTVBfRlJPTSIsIlRFTkFOVF9SRVRSSUVWRV9QVUJMSVNIRUQiLCJURU5BTlRfUExVR0lOU19SRVRSSUVWRSIsIlRFTkFOVF9QTFVHSU5TX0NSRUFURSIsIlRFTkFOVF9XSURHRVRTX0NSRUFURSIsIlRFTkFOVF9BUFBMRVRTX1JFVFJJRVZFX0FMTF9QVUJMSVNIRURfVEhVTUJOQUlMUyIsIk1PTkVUX1VTRVIiLCJURU5BTlRfRVhQRVJJRU5DRVNfREVMRVRFIiwiVEVOQU5UX0VYUEVSSUVOQ0VTX1BVQkxJU0giLCJURU5BTlRfUkVUUklFVkVfRlJPTV9ISVNUT1JZIiwiVEVOQU5UX1BMVUdJTl9DQVRFR09SWV9VUERBVEUiXX0sIlZJTkNJX21vYml1cyI6eyJyb2xlcyI6WyJWSU5DSV9VU0VSIl19LCJhY2NvdW50Ijp7InJvbGVzIjpbIm1hbmFnZS1hY2NvdW50IiwibWFuYWdlLWFjY291bnQtbGlua3MiLCJ2aWV3LXByb2ZpbGUiXX19LCJzY29wZSI6InByb2ZpbGUgZW1haWwiLCJyZXF1ZXN0ZXJUeXBlIjoiVEVOQU5UIiwiZW1haWxfdmVyaWZpZWQiOnRydWUsIm5hbWUiOiJBaWR0YWFzIEFpZHRhYXMiLCJ0ZW5hbnRJZCI6IjJjZjc2ZTVmLTI2YWQtNGYyYy1iY2NjLWY0YmMxZTdiZmI2NCIsInByZWZlcnJlZF91c2VybmFtZSI6InBhc3N3b3JkX3RlbmFudF9haWR0YWFzQGdhaWFuc29sdXRpb25zLmNvbSIsImdpdmVuX25hbWUiOiJBaWR0YWFzIiwiZmFtaWx5X25hbWUiOiJBaWR0YWFzIiwiZW1haWwiOiJwYXNzd29yZF90ZW5hbnRfYWlkdGFhc0BnYWlhbnNvbHV0aW9ucy5jb20ifQ.G22UWdZfpDy2T8neTapxgOEwLcTJnbjop5nrm13HlhaUON7HfGI1b-n7D7FRAcRr2u7xBEE7MwJ3OSJyfjIQamrmV1U0PYtVogiw3EQcp41YWWAnpuaG41KiZvYuxGdFO1uADRRSrbnzDP44nnh75gQxL-s_blP160DEyu4gIfJ3f3Vz_wI_6yZ1aqpsz-8r8YpbeQbgrcV577yF2lTbmavmNDA6R_FW2rF8Y-mLfFbhAkQqmpuYDWdXv7_cyOmECs53ROlGzPd-DIUi1mw9_Af0tIC6DKh1nbbp16VPKqzmCPVfI1VGNZSCzVYOAr-XApRi0JZ39ub0aO1FsZzCjA
				Content-Type=application/json
Cookies:		&lt;none&gt;
Multiparts:		&lt;none&gt;
Body:
{
    &quot;transactionId&quot;: &quot;ib237RPxkvT83ye&quot;,
    &quot;walletId&quot;: &quot;&quot;,
    &quot;clientId&quot;: &quot;6e5YofZKXyQy9O58&quot;,
    &quot;chargeAmount&quot;: 0.3844409851509808,
    &quot;userId&quot;: &quot;JcRCQS6jcy&quot;,
    &quot;currency&quot;: &quot;N20v&quot;,
    &quot;clientRedirectUrl&quot;: &quot;qZ0FPJyX&quot;,
    &quot;bankAccount&quot;: {
        &quot;accountType&quot;: &quot;SAVINGS&quot;,
        &quot;routingNumber&quot;: &quot;AgREUJfzoxM31BGE&quot;,
        &quot;nameOnAccount&quot;: &quot;JHZio&quot;
    },
    &quot;gatewayName&quot;: &quot;X&quot;,
    &quot;orderId&quot;: &quot;_QGsxI3n0MFzX3q&quot;,
    &quot;transactionType&quot;: &quot;bF60Rk4_pRfTv6&quot;,
    &quot;seller&quot;: {
        &quot;id&quot;: 647991289,
        &quot;name&quot;: &quot;63s&quot;,
        &quot;emailId&quot;: &quot;3&quot;,
        &quot;phone&quot;: &quot;9J9E9V&quot;,
        &quot;mobile&quot;: &quot;wUrsp7f&quot;,
        &quot;address&quot;: {
            &quot;id&quot;: -8050717203402640234,
            &quot;city&quot;: &quot;vkt&quot;,
            &quot;longitude&quot;: 0.2937253317805436,
            &quot;latitude&quot;: 0.12017200405783035
        }
    },
    &quot;totalAmount&quot;: 0.7707256847852038,
    &quot;invoiceId&quot;: &quot;6Rmdh8_mRFKOz&quot;,
    &quot;invoiceDate&quot;: &quot;&quot;,
    &quot;extraParams&quot;: {
        &quot;token&quot;: &quot;iDBZIUAvpoG&quot;
    },
    &quot;status&quot;: &quot;bd45KYOOjSR&quot;,
    &quot;payPalCanelToken&quot;: &quot;8HDsf3rI&quot;
}

HTTP/1.1 401 Unauthorized
www-authenticate: Bearer realm=&quot;https://ig.aidtaas.com/mobius-payment-service/v1.0/paypal/authorize-payment&quot;, error=&quot;invalid_token&quot;
content-length: 14
content-type: text/plain
date: Fri, 21 Feb 2025 06:21:53 GMT
server: istio-envoy
x-envoy-upstream-service-time: 2

Jwt is expired
</system-out>
  </testcase>
  <testcase classname="unit4cases.EvoMaster_others_Test" name="test_1" time="0.147"/>
  <testcase classname="unit4cases.EvoMaster_others_Test" name="test_2" time="0.046">
    <failure message="1 expectation failed.
Expected content-type &quot;application/json&quot; doesn&apos;t match actual content-type &quot;text/plain&quot;.
" type="java.lang.AssertionError">java.lang.AssertionError: 1 expectation failed.
Expected content-type &quot;application/json&quot; doesn&apos;t match actual content-type &quot;text/plain&quot;.

	at java.base/jdk.internal.reflect.DirectConstructorHandleAccessor.newInstance(DirectConstructorHandleAccessor.java:62)
	at java.base/java.lang.reflect.Constructor.newInstanceWithCaller(Constructor.java:502)
	at java.base/java.lang.reflect.Constructor.newInstance(Constructor.java:486)
	at org.codehaus.groovy.reflection.CachedConstructor.invoke(CachedConstructor.java:73)
	at org.codehaus.groovy.runtime.callsite.ConstructorSite$ConstructorSiteNoUnwrapNoCoerce.callConstructor(ConstructorSite.java:108)
	at org.codehaus.groovy.runtime.callsite.AbstractCallSite.callConstructor(AbstractCallSite.java:277)
	at io.restassured.internal.ResponseSpecificationImpl$HamcrestAssertionClosure.validate(ResponseSpecificationImpl.groovy:512)
	at io.restassured.internal.ResponseSpecificationImpl$HamcrestAssertionClosure$validate$1.call(Unknown Source)
	at io.restassured.internal.ResponseSpecificationImpl.validateResponseIfRequired(ResponseSpecificationImpl.groovy:696)
	at io.restassured.internal.ResponseSpecificationImpl.this$2$validateResponseIfRequired(ResponseSpecificationImpl.groovy)
	at java.base/jdk.internal.reflect.DirectMethodHandleAccessor.invoke(DirectMethodHandleAccessor.java:103)
	at java.base/java.lang.reflect.Method.invoke(Method.java:580)
	at org.codehaus.groovy.runtime.callsite.PlainObjectMetaMethodSite.doInvoke(PlainObjectMetaMethodSite.java:43)
	at org.codehaus.groovy.runtime.callsite.PogoMetaMethodSite$PogoCachedMethodSiteNoUnwrapNoCoerce.invoke(PogoMetaMethodSite.java:198)
	at org.codehaus.groovy.runtime.callsite.PogoMetaMethodSite.callCurrent(PogoMetaMethodSite.java:62)
	at org.codehaus.groovy.runtime.callsite.AbstractCallSite.callCurrent(AbstractCallSite.java:185)
	at io.restassured.internal.ResponseSpecificationImpl.contentType(ResponseSpecificationImpl.groovy:443)
	at io.restassured.internal.ValidatableResponseOptionsImpl.contentType(ValidatableResponseOptionsImpl.java:226)
	at unit4cases.EvoMaster_others_Test.test_2(EvoMaster_others_Test.java:164)
	at java.base/jdk.internal.reflect.DirectMethodHandleAccessor.invoke(DirectMethodHandleAccessor.java:103)
	at java.base/java.lang.reflect.Method.invoke(Method.java:580)
	at org.junit.runners.model.FrameworkMethod$1.runReflectiveCall(FrameworkMethod.java:59)
	at org.junit.internal.runners.model.ReflectiveCallable.run(ReflectiveCallable.java:12)
	at org.junit.runners.model.FrameworkMethod.invokeExplosively(FrameworkMethod.java:56)
	at org.junit.internal.runners.statements.InvokeMethod.evaluate(InvokeMethod.java:17)
	at org.junit.internal.runners.statements.FailOnTimeout$CallableStatement.call(FailOnTimeout.java:299)
	at org.junit.internal.runners.statements.FailOnTimeout$CallableStatement.call(FailOnTimeout.java:293)
	at java.base/java.util.concurrent.FutureTask.run(FutureTask.java:317)
	at java.base/java.lang.Thread.run(Thread.java:1583)
</failure>
    <system-out>Request method:	DELETE
Request URI:	https://ig.aidtaas.com/mobius-payment-service/v1.0/bank-details/ztOvnF
Proxy:			&lt;none&gt;
Request params:	&lt;none&gt;
Query params:	&lt;none&gt;
Form params:	&lt;none&gt;
Path params:	&lt;none&gt;
Headers:		Accept=application/json
				Authorization=Bearer  eyJhbGciOiJSUzI1NiIsInR5cCIgOiAiSldUIiwia2lkIiA6ICI3Ny1NUVdFRTNHZE5adGlsWU5IYmpsa2dVSkpaWUJWVmN1UmFZdHl5ejFjIn0.eyJleHAiOjE3NDAwODgxMjAsImlhdCI6MTc0MDA1MjEyMCwianRpIjoiYjc4MDZhYTYtZWE3MS00NWJkLWI5ODMtOWU3MDE4OTc4NTYzIiwiaXNzIjoiaHR0cDovL2tleWNsb2FrLXNlcnZpY2Uua2V5Y2xvYWsuc3ZjLmNsdXN0ZXIubG9jYWw6ODA4MC9yZWFsbXMvbWFzdGVyIiwiYXVkIjpbIkJPTFRaTUFOTl9CT1RfbW9iaXVzIiwiUEFTQ0FMX0lOVEVMTElHRU5DRV9tb2JpdXMiLCJNT05FVF9tb2JpdXMiLCJWSU5DSV9tb2JpdXMiLCJhY2NvdW50Il0sInN1YiI6IjJjZjc2ZTVmLTI2YWQtNGYyYy1iY2NjLWY0YmMxZTdiZmI2NCIsInR5cCI6IkJlYXJlciIsImF6cCI6IkhPTEFDUkFDWV9tb2JpdXMiLCJzaWQiOiJmNjcwYzZjMi03OWYzLTQ2YzctOTE5Yy1hNTNhYmRiNTgwNDMiLCJhY3IiOiIxIiwiYWxsb3dlZC1vcmlnaW5zIjpbIi8qIl0sInJlYWxtX2FjY2VzcyI6eyJyb2xlcyI6WyJkZWZhdWx0LXJvbGVzLW1hc3RlciIsIkhDWV9URU5BTlRfQ1VTVE9NIiwib2ZmbGluZV9hY2Nlc3MiLCJCT0JfVEVOQU5UX0NVU1RPTSIsInVtYV9hdXRob3JpemF0aW9uIiwiUElfVEVOQU5UX0NVU1RPTSIsIk1PTkVUX1RFTkFOVF9DVVNUT00iXX0sInJlc291cmNlX2FjY2VzcyI6eyJCT0xUWk1BTk5fQk9UX21vYml1cyI6eyJyb2xlcyI6WyJURU5BTlRfV09SS0ZMT1dfU1VTUEVORF9QUk9DRVNTX0RFRklOSVRJT04iLCJURU5BTlRfV09SS0ZMT1dfU1VTUEVORF9JTlNUQU5DRSIsIlRFTkFOVF9XT1JLRkxPV19SRVRSSUVWRV9BTEwiLCJURU5BTlRfV09SS0ZMT1dfQUNUSVZBVEVfSU5TVEFOQ0UiLCJURU5BTlRfV09SS0ZMT1dfRVhFQ1VURSIsIlRFTkFOVF9XT1JLRkxPV19SRVRSSUVWRV9IT01FIiwiVEVOQU5UX1dPUktGTE9XX1JFVFJJRVZFX1NVU1BFTkRFRF9QUk9DRVNTX0RFRlMiLCJURU5BTlRfV09SS0ZMT1dfQUNUSVZBVEVfUlVOX0pPQiIsIlRFTkFOVF9XT1JLRkxPV19TVEFUVVMiLCJURU5BTlRfV09SS0ZMT1dfQ1JFQVRFIiwiVEVOQU5UX1dPUktGTE9XX0FDVElWSVRZX0RBVEFfQ09VTlQiLCJCT0xUWk1BTk5fQk9UX1VTRVIiLCJURU5BTlRfV09SS0ZMT1dfREVQTE9ZX1ZFUlNJT04iLCJURU5BTlRfV09SS0ZMT1dfSU1QT1JUIiwiVEVOQU5UX1dPUktGTE9XX1VQREFURSIsIlRFTkFOVF9XT1JLRkxPV19ERVBMT1kiLCJURU5BTlRfV09SS0ZMT1dfU1VTUEVORF9SVU5fSk9CIiwiVEVOQU5UX1dPUktGTE9XX1JFVFJJRVZFIiwiVEVOQU5UX1dPUktGTE9XX0RFTEVURSIsIlRFTkFOVF9XT1JLRkxPV19UUklHR0VSX01FU1NBR0VfTElTVEVORVIiXX0sIkhPTEFDUkFDWV9tb2JpdXMiOnsicm9sZXMiOlsiVEVOQU5UX1BST0RVQ1RfUkVUUklFVkVfTUFTVEVSX0NPTkZJRyIsIlRFTkFOVF9JTlZJVEFUSU9OX1JFU1BPTkQiLCJURU5BTlRfTkVHT1RJQVRJT05fQVBQUk9WQUxfQlVZRVIiLCJURU5BTlRfSU5WSVRBVElPTl9SRVRSSUVWRSIsIlRFTkFOVF9PUkdBTklaQVRJT05fQ1JFQVRFIiwiVEVOQU5UX0NSRUFURV9URU5BTlQiLCJURU5BTlRfU1VCX0FMTElBTkNFX1JFVFJJRVZFIiwiVEVOQU5UX1BMQVRGT1JNX0NSRUFURSIsIkhPTEFDUkFDWV9VU0VSIiwiVEVOQU5UX1JBVEVDQVJEX0NSRUFURSIsIlRFTkFOVF9QTEFURk9STV9SRVRSSUVWRSIsIlRFTkFOVF9SRVRSSUVWRV9CWV9CVVlFUl9QTEFURk9STSIsIlRFTkFOVF9TVUJfQUxMSUFOQ0VfUkVUUklFVkVfQUxMIiwiVEVOQU5UX1BST0RVQ1RfUkVUUklFVkUiLCJURU5BTlRfQUNDT1VOVF9ERUxFVEUiLCJURU5BTlRfQUxMSUFOQ0VfUkVUUklFVkUiLCJURU5BTlRfUExBVEZPUk1fVVBEQVRFIiwiVEVOQU5UX0lOVklUQVRJT05fQ1JFQVRFIiwiVEVOQU5UX1JBVEVDQVJEX1JFVFJJRVZFIiwiVEVOQU5UX09SR0FOSVpBVElPTl9VUERBVEUiLCJURU5BTlRfUkFURUNBUkRfVVBEQVRFIiwiVEVOQU5UX09SR0FOSVpBVElPTl9ERUxFVEUiLCJURU5BTlRfUExBVEZPUk1fREVMRVRFIiwiVEVOQU5UX1BST0RVQ1RfQ1JFQVRFIiwiVEVOQU5UX1NVQl9BTExJQU5DRV9DUkVBVEUiLCJURU5BTlRfUkFURUNBUkRfREVMRVRFIiwiVEVOQU5UX0FDQ09VTlRfQ1JFQVRFIiwiVEVOQU5UX0lOVklUQVRJT05fVVBEQVRFIiwiVEVOQU5UX1JFVFJJRVZFX1RFTkFOVCIsIlRFTkFOVF9JTlZJVEFUSU9OX0RFTEVURSIsIlRFTkFOVF9ORUdPVElBVElPTl9BUFBST1ZBTF9TVVBFUl9BRE1JTiIsIlRFTkFOVF9ORUdPVElBVElPTl9SRVRSSUVWRV9BTExfQkVUV0VFTl9CVVlFUl9TRUxMRVIiLCJURU5BTlRfUkVUUklFVkVfVEVOQU5UX0FMTCIsIlRFTkFOVF9ORUdPVElBVElPTl9DUkVBVEUiLCJURU5BTlRfVVBEQVRFX1RFTkFOVCIsIlRFTkFOVF9PUkdBTklaQVRJT05fUkVUUklFVkUiLCJURU5BTlRfQUNDT1VOVF9VUERBVEUiLCJURU5BTlRfUFJPRFVDVF9ERUxFVEUiLCJURU5BTlRfU1VCX0FMTElBTkNFX0RFTEVURSIsIlRFTkFOVF9ORUdPVElBVElPTl9BUFBST1ZBTF9TRUxMRVIiLCJURU5BTlRfU1VCX0FMTElBTkNFX1VQREFURSIsIlRFTkFOVF9QUk9EVUNUX1VQREFURSIsIlRFTkFOVF9BQ0NPVU5UX1JFVFJJRVZFIiwiVEVOQU5UX05FR09USUFUSU9OX1JFVFJJRVZFIiwiVEVOQU5UX0RFTEVURV9URU5BTlQiXX0sIlBBU0NBTF9JTlRFTExJR0VOQ0VfbW9iaXVzIjp7InJvbGVzIjpbIlRFTkFOVF9DT05URVhUX0RFTEVURSIsIlRFTkFOVF9DT05URVhUX1VQREFURSIsIlRFTkFOVF9CSUdRVUVSWV9SRVRSSUVWRSIsIlRFTkFOVF9CSUdRVUVSWV9VUERBVEUiLCJURU5BTlRfVU5JVkVSU0VfQ1JFQVRFIiwiVEVOQU5UX0NPSE9SVFNfUkVUUklFVkUiLCJURU5BTlRfQklHUVVFUllfQ1JFQVRFIiwiVEVOQU5UX0JJR1FVRVJZX0VWQUxVQVRFIiwiVEVOQU5UX0NPSE9SVFNfVVBEQVRFIiwiVEVOQU5UX0NPTlRFWFRfUkVUUklFVkUiLCJURU5BTlRfVU5JVkVSU0VfUkVUUklFVkUiLCJURU5BTlRfQ09IT1JUU19FVkFMVUFURSIsIlRFTkFOVF9CSUdRVUVSWV9ERUxFVEUiLCJURU5BTlRfU0NIRU1BX0NSRUFURSIsIlBBU0NBTF9JTlRFTExJR0VOQ0VfVVNFUiIsIlRFTkFOVF9DT0hPUlRTX0NSRUFURSIsIlRFTkFOVF9TQ0hFTUFfVVBEQVRFIiwiVEVOQU5UX0NPTlRFWFRfQVBQUk9WRSIsIlRFTkFOVF9VTklWRVJTRV9VUERBVEUiLCJURU5BTlRfQklHUVVFUllfQVBQUk9WRSIsIlRFTkFOVF9TQ0hFTUFfUkVUUklFVkUiLCJURU5BTlRfU0NIRU1BX0FQUFJPVkUiLCJURU5BTlRfQ09OVEVYVF9FVkFMVUFURSIsIlRFTkFOVF9TQ0hFTUFfREVMRVRFIiwiVEVOQU5UX0NPTlRFWFRfQ1JFQVRFIiwiVEVOQU5UX1NDSEVNQV9EQVRBX1JFVFJJRVZFIiwiVEVOQU5UX1NDSEVNQV9EQVRBX0RFTEVURSIsIlRFTkFOVF9TQ0hFTUFfREFUQV9VUERBVEUiLCJURU5BTlRfQ09IT1JUU19ERUxFVEUiLCJURU5BTlRfVU5JVkVSU0VfREVMRVRFIiwiVEVOQU5UX1NDSEVNQV9EQVRBX0lOR0VTVElPTiIsIlRFTkFOVF9DT0hPUlRTX0FQUFJPVkUiXX0sIk1PTkVUX21vYml1cyI6eyJyb2xlcyI6WyJURU5BTlRfQVBQTEVUU19SRVRSSUVWRV9BTExfUFVCTElTSEVEIiwiVEVOQU5UX1dJREdFVFNfUkVUUklFVkVfRFJBRlQiLCJURU5BTlRfV0lER0VUU19VUERBVEUiLCJURU5BTlRfQVBQTEVUU19ERUxFVEUiLCJURU5BTlRfV0lER0VUU19ERUxFVEUiLCJURU5BTlRfUExVR0lOX0NBVEVHT1JZX1JFVFJJRVZFX0FMTCIsIlRFTkFOVF9BUFBMRVRTX1VQREFURV9ISVNUT1JZIiwiVEVOQU5UX0VYUEVSSUVOQ0VTX0NSRUFURSIsIlRFTkFOVF9XSURHRVRTX1JFVFJJRVZFX1BVQkxJU0giLCJURU5BTlRfUExVR0lOX0NBVEVHT1JZX0NSRUFURSIsIlRFTkFOVF9ERVBFTkRFTkNZX1JFVFJJRVZFX0FMTCIsIlRFTkFOVF9XSURHRVRTX1BVQkxJU0giLCJURU5BTlRfUkVUUklFVkVfRklFTERTX09GX1BVQkxJU0hFRCIsIlRFTkFOVF9FWFBFUklFTkNFU19VUERBVEUiLCJURU5BTlRfQVBQTEVUU19DUkVBVEUiLCJURU5BTlRfUExVR0lOU19ERUxFVEUiLCJURU5BTlRfQVBQTEVUU19SRVRSSUVWRV9BTExfRFJBRlQiLCJURU5BTlRfUExVR0lOU19VUERBVEUiLCJURU5BTlRfQVBQTEVUU19SRVRSSUVWRV9GUk9NX0hJU1RPUlkiLCJURU5BTlRfUkVUUklFVkVfRklFTERTX09GX0RSQUZUIiwiVEVOQU5UX0FQUExFVFNfUkVUUklFVkVfUFVCTElTSEVEIiwiVEVOQU5UX0FQUExFVFNfUFVCTElTSEVEIiwiVEVOQU5UX1dJREdFVFNfUkVUUklFVkUiLCJURU5BTlRfUExVR0lOX0NBVEVHT1JZX0RFTEVURSIsIlRFTkFOVF9QTFVHSU5fQ0FURUdPUllfUFVCTElTSCIsIlRFTkFOVF9QTFVHSU5fQ0FURUdPUllfREVMRVRFX0NPTVBfRlJPTSIsIlRFTkFOVF9SRVRSSUVWRV9QVUJMSVNIRUQiLCJURU5BTlRfUExVR0lOU19SRVRSSUVWRSIsIlRFTkFOVF9QTFVHSU5TX0NSRUFURSIsIlRFTkFOVF9XSURHRVRTX0NSRUFURSIsIlRFTkFOVF9BUFBMRVRTX1JFVFJJRVZFX0FMTF9QVUJMSVNIRURfVEhVTUJOQUlMUyIsIk1PTkVUX1VTRVIiLCJURU5BTlRfRVhQRVJJRU5DRVNfREVMRVRFIiwiVEVOQU5UX0VYUEVSSUVOQ0VTX1BVQkxJU0giLCJURU5BTlRfUkVUUklFVkVfRlJPTV9ISVNUT1JZIiwiVEVOQU5UX1BMVUdJTl9DQVRFR09SWV9VUERBVEUiXX0sIlZJTkNJX21vYml1cyI6eyJyb2xlcyI6WyJWSU5DSV9VU0VSIl19LCJhY2NvdW50Ijp7InJvbGVzIjpbIm1hbmFnZS1hY2NvdW50IiwibWFuYWdlLWFjY291bnQtbGlua3MiLCJ2aWV3LXByb2ZpbGUiXX19LCJzY29wZSI6InByb2ZpbGUgZW1haWwiLCJyZXF1ZXN0ZXJUeXBlIjoiVEVOQU5UIiwiZW1haWxfdmVyaWZpZWQiOnRydWUsIm5hbWUiOiJBaWR0YWFzIEFpZHRhYXMiLCJ0ZW5hbnRJZCI6IjJjZjc2ZTVmLTI2YWQtNGYyYy1iY2NjLWY0YmMxZTdiZmI2NCIsInByZWZlcnJlZF91c2VybmFtZSI6InBhc3N3b3JkX3RlbmFudF9haWR0YWFzQGdhaWFuc29sdXRpb25zLmNvbSIsImdpdmVuX25hbWUiOiJBaWR0YWFzIiwiZmFtaWx5X25hbWUiOiJBaWR0YWFzIiwiZW1haWwiOiJwYXNzd29yZF90ZW5hbnRfYWlkdGFhc0BnYWlhbnNvbHV0aW9ucy5jb20ifQ.G22UWdZfpDy2T8neTapxgOEwLcTJnbjop5nrm13HlhaUON7HfGI1b-n7D7FRAcRr2u7xBEE7MwJ3OSJyfjIQamrmV1U0PYtVogiw3EQcp41YWWAnpuaG41KiZvYuxGdFO1uADRRSrbnzDP44nnh75gQxL-s_blP160DEyu4gIfJ3f3Vz_wI_6yZ1aqpsz-8r8YpbeQbgrcV577yF2lTbmavmNDA6R_FW2rF8Y-mLfFbhAkQqmpuYDWdXv7_cyOmECs53ROlGzPd-DIUi1mw9_Af0tIC6DKh1nbbp16VPKqzmCPVfI1VGNZSCzVYOAr-XApRi0JZ39ub0aO1FsZzCjA
Cookies:		&lt;none&gt;
Multiparts:		&lt;none&gt;
Body:			&lt;none&gt;

HTTP/1.1 401 Unauthorized
www-authenticate: Bearer realm=&quot;https://ig.aidtaas.com/mobius-payment-service/v1.0/bank-details/ztOvnF&quot;, error=&quot;invalid_token&quot;
content-length: 14
content-type: text/plain
date: Fri, 21 Feb 2025 06:21:53 GMT
server: istio-envoy
x-envoy-upstream-service-time: 2

Jwt is expired
</system-out>
  </testcase>
  <testcase classname="unit4cases.EvoMaster_others_Test" name="test_3" time="0.045">
    <failure message="1 expectation failed.
Expected content-type &quot;application/json&quot; doesn&apos;t match actual content-type &quot;text/plain&quot;.
" type="java.lang.AssertionError">java.lang.AssertionError: 1 expectation failed.
Expected content-type &quot;application/json&quot; doesn&apos;t match actual content-type &quot;text/plain&quot;.

	at java.base/jdk.internal.reflect.DirectConstructorHandleAccessor.newInstance(DirectConstructorHandleAccessor.java:62)
	at java.base/java.lang.reflect.Constructor.newInstanceWithCaller(Constructor.java:502)
	at java.base/java.lang.reflect.Constructor.newInstance(Constructor.java:486)
	at org.codehaus.groovy.reflection.CachedConstructor.invoke(CachedConstructor.java:73)
	at org.codehaus.groovy.runtime.callsite.ConstructorSite$ConstructorSiteNoUnwrapNoCoerce.callConstructor(ConstructorSite.java:108)
	at org.codehaus.groovy.runtime.callsite.AbstractCallSite.callConstructor(AbstractCallSite.java:277)
	at io.restassured.internal.ResponseSpecificationImpl$HamcrestAssertionClosure.validate(ResponseSpecificationImpl.groovy:512)
	at io.restassured.internal.ResponseSpecificationImpl$HamcrestAssertionClosure$validate$1.call(Unknown Source)
	at io.restassured.internal.ResponseSpecificationImpl.validateResponseIfRequired(ResponseSpecificationImpl.groovy:696)
	at io.restassured.internal.ResponseSpecificationImpl.this$2$validateResponseIfRequired(ResponseSpecificationImpl.groovy)
	at java.base/jdk.internal.reflect.DirectMethodHandleAccessor.invoke(DirectMethodHandleAccessor.java:103)
	at java.base/java.lang.reflect.Method.invoke(Method.java:580)
	at org.codehaus.groovy.runtime.callsite.PlainObjectMetaMethodSite.doInvoke(PlainObjectMetaMethodSite.java:43)
	at org.codehaus.groovy.runtime.callsite.PogoMetaMethodSite$PogoCachedMethodSiteNoUnwrapNoCoerce.invoke(PogoMetaMethodSite.java:198)
	at org.codehaus.groovy.runtime.callsite.PogoMetaMethodSite.callCurrent(PogoMetaMethodSite.java:62)
	at org.codehaus.groovy.runtime.callsite.AbstractCallSite.callCurrent(AbstractCallSite.java:185)
	at io.restassured.internal.ResponseSpecificationImpl.contentType(ResponseSpecificationImpl.groovy:443)
	at io.restassured.internal.ValidatableResponseOptionsImpl.contentType(ValidatableResponseOptionsImpl.java:226)
	at unit4cases.EvoMaster_others_Test.test_3(EvoMaster_others_Test.java:191)
	at java.base/jdk.internal.reflect.DirectMethodHandleAccessor.invoke(DirectMethodHandleAccessor.java:103)
	at java.base/java.lang.reflect.Method.invoke(Method.java:580)
	at org.junit.runners.model.FrameworkMethod$1.runReflectiveCall(FrameworkMethod.java:59)
	at org.junit.internal.runners.model.ReflectiveCallable.run(ReflectiveCallable.java:12)
	at org.junit.runners.model.FrameworkMethod.invokeExplosively(FrameworkMethod.java:56)
	at org.junit.internal.runners.statements.InvokeMethod.evaluate(InvokeMethod.java:17)
	at org.junit.internal.runners.statements.FailOnTimeout$CallableStatement.call(FailOnTimeout.java:299)
	at org.junit.internal.runners.statements.FailOnTimeout$CallableStatement.call(FailOnTimeout.java:293)
	at java.base/java.util.concurrent.FutureTask.run(FutureTask.java:317)
	at java.base/java.lang.Thread.run(Thread.java:1583)
</failure>
    <system-out>Request method:	DELETE
Request URI:	https://ig.aidtaas.com/mobius-payment-service/v1.0/card-details/IAto3N0SVCWC
Proxy:			&lt;none&gt;
Request params:	&lt;none&gt;
Query params:	&lt;none&gt;
Form params:	&lt;none&gt;
Path params:	&lt;none&gt;
Headers:		Authorization=Bearer  eyJhbGciOiJSUzI1NiIsInR5cCIgOiAiSldUIiwia2lkIiA6ICI3Ny1NUVdFRTNHZE5adGlsWU5IYmpsa2dVSkpaWUJWVmN1UmFZdHl5ejFjIn0.eyJleHAiOjE3NDAwODgxMjAsImlhdCI6MTc0MDA1MjEyMCwianRpIjoiYjc4MDZhYTYtZWE3MS00NWJkLWI5ODMtOWU3MDE4OTc4NTYzIiwiaXNzIjoiaHR0cDovL2tleWNsb2FrLXNlcnZpY2Uua2V5Y2xvYWsuc3ZjLmNsdXN0ZXIubG9jYWw6ODA4MC9yZWFsbXMvbWFzdGVyIiwiYXVkIjpbIkJPTFRaTUFOTl9CT1RfbW9iaXVzIiwiUEFTQ0FMX0lOVEVMTElHRU5DRV9tb2JpdXMiLCJNT05FVF9tb2JpdXMiLCJWSU5DSV9tb2JpdXMiLCJhY2NvdW50Il0sInN1YiI6IjJjZjc2ZTVmLTI2YWQtNGYyYy1iY2NjLWY0YmMxZTdiZmI2NCIsInR5cCI6IkJlYXJlciIsImF6cCI6IkhPTEFDUkFDWV9tb2JpdXMiLCJzaWQiOiJmNjcwYzZjMi03OWYzLTQ2YzctOTE5Yy1hNTNhYmRiNTgwNDMiLCJhY3IiOiIxIiwiYWxsb3dlZC1vcmlnaW5zIjpbIi8qIl0sInJlYWxtX2FjY2VzcyI6eyJyb2xlcyI6WyJkZWZhdWx0LXJvbGVzLW1hc3RlciIsIkhDWV9URU5BTlRfQ1VTVE9NIiwib2ZmbGluZV9hY2Nlc3MiLCJCT0JfVEVOQU5UX0NVU1RPTSIsInVtYV9hdXRob3JpemF0aW9uIiwiUElfVEVOQU5UX0NVU1RPTSIsIk1PTkVUX1RFTkFOVF9DVVNUT00iXX0sInJlc291cmNlX2FjY2VzcyI6eyJCT0xUWk1BTk5fQk9UX21vYml1cyI6eyJyb2xlcyI6WyJURU5BTlRfV09SS0ZMT1dfU1VTUEVORF9QUk9DRVNTX0RFRklOSVRJT04iLCJURU5BTlRfV09SS0ZMT1dfU1VTUEVORF9JTlNUQU5DRSIsIlRFTkFOVF9XT1JLRkxPV19SRVRSSUVWRV9BTEwiLCJURU5BTlRfV09SS0ZMT1dfQUNUSVZBVEVfSU5TVEFOQ0UiLCJURU5BTlRfV09SS0ZMT1dfRVhFQ1VURSIsIlRFTkFOVF9XT1JLRkxPV19SRVRSSUVWRV9IT01FIiwiVEVOQU5UX1dPUktGTE9XX1JFVFJJRVZFX1NVU1BFTkRFRF9QUk9DRVNTX0RFRlMiLCJURU5BTlRfV09SS0ZMT1dfQUNUSVZBVEVfUlVOX0pPQiIsIlRFTkFOVF9XT1JLRkxPV19TVEFUVVMiLCJURU5BTlRfV09SS0ZMT1dfQ1JFQVRFIiwiVEVOQU5UX1dPUktGTE9XX0FDVElWSVRZX0RBVEFfQ09VTlQiLCJCT0xUWk1BTk5fQk9UX1VTRVIiLCJURU5BTlRfV09SS0ZMT1dfREVQTE9ZX1ZFUlNJT04iLCJURU5BTlRfV09SS0ZMT1dfSU1QT1JUIiwiVEVOQU5UX1dPUktGTE9XX1VQREFURSIsIlRFTkFOVF9XT1JLRkxPV19ERVBMT1kiLCJURU5BTlRfV09SS0ZMT1dfU1VTUEVORF9SVU5fSk9CIiwiVEVOQU5UX1dPUktGTE9XX1JFVFJJRVZFIiwiVEVOQU5UX1dPUktGTE9XX0RFTEVURSIsIlRFTkFOVF9XT1JLRkxPV19UUklHR0VSX01FU1NBR0VfTElTVEVORVIiXX0sIkhPTEFDUkFDWV9tb2JpdXMiOnsicm9sZXMiOlsiVEVOQU5UX1BST0RVQ1RfUkVUUklFVkVfTUFTVEVSX0NPTkZJRyIsIlRFTkFOVF9JTlZJVEFUSU9OX1JFU1BPTkQiLCJURU5BTlRfTkVHT1RJQVRJT05fQVBQUk9WQUxfQlVZRVIiLCJURU5BTlRfSU5WSVRBVElPTl9SRVRSSUVWRSIsIlRFTkFOVF9PUkdBTklaQVRJT05fQ1JFQVRFIiwiVEVOQU5UX0NSRUFURV9URU5BTlQiLCJURU5BTlRfU1VCX0FMTElBTkNFX1JFVFJJRVZFIiwiVEVOQU5UX1BMQVRGT1JNX0NSRUFURSIsIkhPTEFDUkFDWV9VU0VSIiwiVEVOQU5UX1JBVEVDQVJEX0NSRUFURSIsIlRFTkFOVF9QTEFURk9STV9SRVRSSUVWRSIsIlRFTkFOVF9SRVRSSUVWRV9CWV9CVVlFUl9QTEFURk9STSIsIlRFTkFOVF9TVUJfQUxMSUFOQ0VfUkVUUklFVkVfQUxMIiwiVEVOQU5UX1BST0RVQ1RfUkVUUklFVkUiLCJURU5BTlRfQUNDT1VOVF9ERUxFVEUiLCJURU5BTlRfQUxMSUFOQ0VfUkVUUklFVkUiLCJURU5BTlRfUExBVEZPUk1fVVBEQVRFIiwiVEVOQU5UX0lOVklUQVRJT05fQ1JFQVRFIiwiVEVOQU5UX1JBVEVDQVJEX1JFVFJJRVZFIiwiVEVOQU5UX09SR0FOSVpBVElPTl9VUERBVEUiLCJURU5BTlRfUkFURUNBUkRfVVBEQVRFIiwiVEVOQU5UX09SR0FOSVpBVElPTl9ERUxFVEUiLCJURU5BTlRfUExBVEZPUk1fREVMRVRFIiwiVEVOQU5UX1BST0RVQ1RfQ1JFQVRFIiwiVEVOQU5UX1NVQl9BTExJQU5DRV9DUkVBVEUiLCJURU5BTlRfUkFURUNBUkRfREVMRVRFIiwiVEVOQU5UX0FDQ09VTlRfQ1JFQVRFIiwiVEVOQU5UX0lOVklUQVRJT05fVVBEQVRFIiwiVEVOQU5UX1JFVFJJRVZFX1RFTkFOVCIsIlRFTkFOVF9JTlZJVEFUSU9OX0RFTEVURSIsIlRFTkFOVF9ORUdPVElBVElPTl9BUFBST1ZBTF9TVVBFUl9BRE1JTiIsIlRFTkFOVF9ORUdPVElBVElPTl9SRVRSSUVWRV9BTExfQkVUV0VFTl9CVVlFUl9TRUxMRVIiLCJURU5BTlRfUkVUUklFVkVfVEVOQU5UX0FMTCIsIlRFTkFOVF9ORUdPVElBVElPTl9DUkVBVEUiLCJURU5BTlRfVVBEQVRFX1RFTkFOVCIsIlRFTkFOVF9PUkdBTklaQVRJT05fUkVUUklFVkUiLCJURU5BTlRfQUNDT1VOVF9VUERBVEUiLCJURU5BTlRfUFJPRFVDVF9ERUxFVEUiLCJURU5BTlRfU1VCX0FMTElBTkNFX0RFTEVURSIsIlRFTkFOVF9ORUdPVElBVElPTl9BUFBST1ZBTF9TRUxMRVIiLCJURU5BTlRfU1VCX0FMTElBTkNFX1VQREFURSIsIlRFTkFOVF9QUk9EVUNUX1VQREFURSIsIlRFTkFOVF9BQ0NPVU5UX1JFVFJJRVZFIiwiVEVOQU5UX05FR09USUFUSU9OX1JFVFJJRVZFIiwiVEVOQU5UX0RFTEVURV9URU5BTlQiXX0sIlBBU0NBTF9JTlRFTExJR0VOQ0VfbW9iaXVzIjp7InJvbGVzIjpbIlRFTkFOVF9DT05URVhUX0RFTEVURSIsIlRFTkFOVF9DT05URVhUX1VQREFURSIsIlRFTkFOVF9CSUdRVUVSWV9SRVRSSUVWRSIsIlRFTkFOVF9CSUdRVUVSWV9VUERBVEUiLCJURU5BTlRfVU5JVkVSU0VfQ1JFQVRFIiwiVEVOQU5UX0NPSE9SVFNfUkVUUklFVkUiLCJURU5BTlRfQklHUVVFUllfQ1JFQVRFIiwiVEVOQU5UX0JJR1FVRVJZX0VWQUxVQVRFIiwiVEVOQU5UX0NPSE9SVFNfVVBEQVRFIiwiVEVOQU5UX0NPTlRFWFRfUkVUUklFVkUiLCJURU5BTlRfVU5JVkVSU0VfUkVUUklFVkUiLCJURU5BTlRfQ09IT1JUU19FVkFMVUFURSIsIlRFTkFOVF9CSUdRVUVSWV9ERUxFVEUiLCJURU5BTlRfU0NIRU1BX0NSRUFURSIsIlBBU0NBTF9JTlRFTExJR0VOQ0VfVVNFUiIsIlRFTkFOVF9DT0hPUlRTX0NSRUFURSIsIlRFTkFOVF9TQ0hFTUFfVVBEQVRFIiwiVEVOQU5UX0NPTlRFWFRfQVBQUk9WRSIsIlRFTkFOVF9VTklWRVJTRV9VUERBVEUiLCJURU5BTlRfQklHUVVFUllfQVBQUk9WRSIsIlRFTkFOVF9TQ0hFTUFfUkVUUklFVkUiLCJURU5BTlRfU0NIRU1BX0FQUFJPVkUiLCJURU5BTlRfQ09OVEVYVF9FVkFMVUFURSIsIlRFTkFOVF9TQ0hFTUFfREVMRVRFIiwiVEVOQU5UX0NPTlRFWFRfQ1JFQVRFIiwiVEVOQU5UX1NDSEVNQV9EQVRBX1JFVFJJRVZFIiwiVEVOQU5UX1NDSEVNQV9EQVRBX0RFTEVURSIsIlRFTkFOVF9TQ0hFTUFfREFUQV9VUERBVEUiLCJURU5BTlRfQ09IT1JUU19ERUxFVEUiLCJURU5BTlRfVU5JVkVSU0VfREVMRVRFIiwiVEVOQU5UX1NDSEVNQV9EQVRBX0lOR0VTVElPTiIsIlRFTkFOVF9DT0hPUlRTX0FQUFJPVkUiXX0sIk1PTkVUX21vYml1cyI6eyJyb2xlcyI6WyJURU5BTlRfQVBQTEVUU19SRVRSSUVWRV9BTExfUFVCTElTSEVEIiwiVEVOQU5UX1dJREdFVFNfUkVUUklFVkVfRFJBRlQiLCJURU5BTlRfV0lER0VUU19VUERBVEUiLCJURU5BTlRfQVBQTEVUU19ERUxFVEUiLCJURU5BTlRfV0lER0VUU19ERUxFVEUiLCJURU5BTlRfUExVR0lOX0NBVEVHT1JZX1JFVFJJRVZFX0FMTCIsIlRFTkFOVF9BUFBMRVRTX1VQREFURV9ISVNUT1JZIiwiVEVOQU5UX0VYUEVSSUVOQ0VTX0NSRUFURSIsIlRFTkFOVF9XSURHRVRTX1JFVFJJRVZFX1BVQkxJU0giLCJURU5BTlRfUExVR0lOX0NBVEVHT1JZX0NSRUFURSIsIlRFTkFOVF9ERVBFTkRFTkNZX1JFVFJJRVZFX0FMTCIsIlRFTkFOVF9XSURHRVRTX1BVQkxJU0giLCJURU5BTlRfUkVUUklFVkVfRklFTERTX09GX1BVQkxJU0hFRCIsIlRFTkFOVF9FWFBFUklFTkNFU19VUERBVEUiLCJURU5BTlRfQVBQTEVUU19DUkVBVEUiLCJURU5BTlRfUExVR0lOU19ERUxFVEUiLCJURU5BTlRfQVBQTEVUU19SRVRSSUVWRV9BTExfRFJBRlQiLCJURU5BTlRfUExVR0lOU19VUERBVEUiLCJURU5BTlRfQVBQTEVUU19SRVRSSUVWRV9GUk9NX0hJU1RPUlkiLCJURU5BTlRfUkVUUklFVkVfRklFTERTX09GX0RSQUZUIiwiVEVOQU5UX0FQUExFVFNfUkVUUklFVkVfUFVCTElTSEVEIiwiVEVOQU5UX0FQUExFVFNfUFVCTElTSEVEIiwiVEVOQU5UX1dJREdFVFNfUkVUUklFVkUiLCJURU5BTlRfUExVR0lOX0NBVEVHT1JZX0RFTEVURSIsIlRFTkFOVF9QTFVHSU5fQ0FURUdPUllfUFVCTElTSCIsIlRFTkFOVF9QTFVHSU5fQ0FURUdPUllfREVMRVRFX0NPTVBfRlJPTSIsIlRFTkFOVF9SRVRSSUVWRV9QVUJMSVNIRUQiLCJURU5BTlRfUExVR0lOU19SRVRSSUVWRSIsIlRFTkFOVF9QTFVHSU5TX0NSRUFURSIsIlRFTkFOVF9XSURHRVRTX0NSRUFURSIsIlRFTkFOVF9BUFBMRVRTX1JFVFJJRVZFX0FMTF9QVUJMSVNIRURfVEhVTUJOQUlMUyIsIk1PTkVUX1VTRVIiLCJURU5BTlRfRVhQRVJJRU5DRVNfREVMRVRFIiwiVEVOQU5UX0VYUEVSSUVOQ0VTX1BVQkxJU0giLCJURU5BTlRfUkVUUklFVkVfRlJPTV9ISVNUT1JZIiwiVEVOQU5UX1BMVUdJTl9DQVRFR09SWV9VUERBVEUiXX0sIlZJTkNJX21vYml1cyI6eyJyb2xlcyI6WyJWSU5DSV9VU0VSIl19LCJhY2NvdW50Ijp7InJvbGVzIjpbIm1hbmFnZS1hY2NvdW50IiwibWFuYWdlLWFjY291bnQtbGlua3MiLCJ2aWV3LXByb2ZpbGUiXX19LCJzY29wZSI6InByb2ZpbGUgZW1haWwiLCJyZXF1ZXN0ZXJUeXBlIjoiVEVOQU5UIiwiZW1haWxfdmVyaWZpZWQiOnRydWUsIm5hbWUiOiJBaWR0YWFzIEFpZHRhYXMiLCJ0ZW5hbnRJZCI6IjJjZjc2ZTVmLTI2YWQtNGYyYy1iY2NjLWY0YmMxZTdiZmI2NCIsInByZWZlcnJlZF91c2VybmFtZSI6InBhc3N3b3JkX3RlbmFudF9haWR0YWFzQGdhaWFuc29sdXRpb25zLmNvbSIsImdpdmVuX25hbWUiOiJBaWR0YWFzIiwiZmFtaWx5X25hbWUiOiJBaWR0YWFzIiwiZW1haWwiOiJwYXNzd29yZF90ZW5hbnRfYWlkdGFhc0BnYWlhbnNvbHV0aW9ucy5jb20ifQ.G22UWdZfpDy2T8neTapxgOEwLcTJnbjop5nrm13HlhaUON7HfGI1b-n7D7FRAcRr2u7xBEE7MwJ3OSJyfjIQamrmV1U0PYtVogiw3EQcp41YWWAnpuaG41KiZvYuxGdFO1uADRRSrbnzDP44nnh75gQxL-s_blP160DEyu4gIfJ3f3Vz_wI_6yZ1aqpsz-8r8YpbeQbgrcV577yF2lTbmavmNDA6R_FW2rF8Y-mLfFbhAkQqmpuYDWdXv7_cyOmECs53ROlGzPd-DIUi1mw9_Af0tIC6DKh1nbbp16VPKqzmCPVfI1VGNZSCzVYOAr-XApRi0JZ39ub0aO1FsZzCjA
				Accept=EuJuVHF7Us7Wo
Cookies:		&lt;none&gt;
Multiparts:		&lt;none&gt;
Body:			&lt;none&gt;

HTTP/1.1 401 Unauthorized
www-authenticate: Bearer realm=&quot;https://ig.aidtaas.com/mobius-payment-service/v1.0/card-details/IAto3N0SVCWC&quot;, error=&quot;invalid_token&quot;
content-length: 14
content-type: text/plain
date: Fri, 21 Feb 2025 06:21:54 GMT
server: istio-envoy
x-envoy-upstream-service-time: 3

Jwt is expired
</system-out>
  </testcase>
  <testcase classname="unit4cases.EvoMaster_others_Test" name="test_4" time="0.045">
    <failure message="1 expectation failed.
Expected content-type &quot;application/json&quot; doesn&apos;t match actual content-type &quot;text/plain&quot;.
" type="java.lang.AssertionError">java.lang.AssertionError: 1 expectation failed.
Expected content-type &quot;application/json&quot; doesn&apos;t match actual content-type &quot;text/plain&quot;.

	at java.base/jdk.internal.reflect.DirectConstructorHandleAccessor.newInstance(DirectConstructorHandleAccessor.java:62)
	at java.base/java.lang.reflect.Constructor.newInstanceWithCaller(Constructor.java:502)
	at java.base/java.lang.reflect.Constructor.newInstance(Constructor.java:486)
	at org.codehaus.groovy.reflection.CachedConstructor.invoke(CachedConstructor.java:73)
	at org.codehaus.groovy.runtime.callsite.ConstructorSite$ConstructorSiteNoUnwrapNoCoerce.callConstructor(ConstructorSite.java:108)
	at org.codehaus.groovy.runtime.callsite.AbstractCallSite.callConstructor(AbstractCallSite.java:277)
	at io.restassured.internal.ResponseSpecificationImpl$HamcrestAssertionClosure.validate(ResponseSpecificationImpl.groovy:512)
	at io.restassured.internal.ResponseSpecificationImpl$HamcrestAssertionClosure$validate$1.call(Unknown Source)
	at io.restassured.internal.ResponseSpecificationImpl.validateResponseIfRequired(ResponseSpecificationImpl.groovy:696)
	at io.restassured.internal.ResponseSpecificationImpl.this$2$validateResponseIfRequired(ResponseSpecificationImpl.groovy)
	at java.base/jdk.internal.reflect.DirectMethodHandleAccessor.invoke(DirectMethodHandleAccessor.java:103)
	at java.base/java.lang.reflect.Method.invoke(Method.java:580)
	at org.codehaus.groovy.runtime.callsite.PlainObjectMetaMethodSite.doInvoke(PlainObjectMetaMethodSite.java:43)
	at org.codehaus.groovy.runtime.callsite.PogoMetaMethodSite$PogoCachedMethodSiteNoUnwrapNoCoerce.invoke(PogoMetaMethodSite.java:198)
	at org.codehaus.groovy.runtime.callsite.PogoMetaMethodSite.callCurrent(PogoMetaMethodSite.java:62)
	at org.codehaus.groovy.runtime.callsite.AbstractCallSite.callCurrent(AbstractCallSite.java:185)
	at io.restassured.internal.ResponseSpecificationImpl.contentType(ResponseSpecificationImpl.groovy:443)
	at io.restassured.internal.ValidatableResponseOptionsImpl.contentType(ValidatableResponseOptionsImpl.java:226)
	at unit4cases.EvoMaster_others_Test.test_4(EvoMaster_others_Test.java:217)
	at java.base/jdk.internal.reflect.DirectMethodHandleAccessor.invoke(DirectMethodHandleAccessor.java:103)
	at java.base/java.lang.reflect.Method.invoke(Method.java:580)
	at org.junit.runners.model.FrameworkMethod$1.runReflectiveCall(FrameworkMethod.java:59)
	at org.junit.internal.runners.model.ReflectiveCallable.run(ReflectiveCallable.java:12)
	at org.junit.runners.model.FrameworkMethod.invokeExplosively(FrameworkMethod.java:56)
	at org.junit.internal.runners.statements.InvokeMethod.evaluate(InvokeMethod.java:17)
	at org.junit.internal.runners.statements.FailOnTimeout$CallableStatement.call(FailOnTimeout.java:299)
	at org.junit.internal.runners.statements.FailOnTimeout$CallableStatement.call(FailOnTimeout.java:293)
	at java.base/java.util.concurrent.FutureTask.run(FutureTask.java:317)
	at java.base/java.lang.Thread.run(Thread.java:1583)
</failure>
    <system-out>Request method:	GET
Request URI:	https://ig.aidtaas.com/mobius-payment-service/v1.0/bank-details/account-number/YCbTHz
Proxy:			&lt;none&gt;
Request params:	&lt;none&gt;
Query params:	&lt;none&gt;
Form params:	&lt;none&gt;
Path params:	&lt;none&gt;
Headers:		Accept=application/json
				Authorization=Bearer  eyJhbGciOiJSUzI1NiIsInR5cCIgOiAiSldUIiwia2lkIiA6ICI3Ny1NUVdFRTNHZE5adGlsWU5IYmpsa2dVSkpaWUJWVmN1UmFZdHl5ejFjIn0.eyJleHAiOjE3NDAwODgxMjAsImlhdCI6MTc0MDA1MjEyMCwianRpIjoiYjc4MDZhYTYtZWE3MS00NWJkLWI5ODMtOWU3MDE4OTc4NTYzIiwiaXNzIjoiaHR0cDovL2tleWNsb2FrLXNlcnZpY2Uua2V5Y2xvYWsuc3ZjLmNsdXN0ZXIubG9jYWw6ODA4MC9yZWFsbXMvbWFzdGVyIiwiYXVkIjpbIkJPTFRaTUFOTl9CT1RfbW9iaXVzIiwiUEFTQ0FMX0lOVEVMTElHRU5DRV9tb2JpdXMiLCJNT05FVF9tb2JpdXMiLCJWSU5DSV9tb2JpdXMiLCJhY2NvdW50Il0sInN1YiI6IjJjZjc2ZTVmLTI2YWQtNGYyYy1iY2NjLWY0YmMxZTdiZmI2NCIsInR5cCI6IkJlYXJlciIsImF6cCI6IkhPTEFDUkFDWV9tb2JpdXMiLCJzaWQiOiJmNjcwYzZjMi03OWYzLTQ2YzctOTE5Yy1hNTNhYmRiNTgwNDMiLCJhY3IiOiIxIiwiYWxsb3dlZC1vcmlnaW5zIjpbIi8qIl0sInJlYWxtX2FjY2VzcyI6eyJyb2xlcyI6WyJkZWZhdWx0LXJvbGVzLW1hc3RlciIsIkhDWV9URU5BTlRfQ1VTVE9NIiwib2ZmbGluZV9hY2Nlc3MiLCJCT0JfVEVOQU5UX0NVU1RPTSIsInVtYV9hdXRob3JpemF0aW9uIiwiUElfVEVOQU5UX0NVU1RPTSIsIk1PTkVUX1RFTkFOVF9DVVNUT00iXX0sInJlc291cmNlX2FjY2VzcyI6eyJCT0xUWk1BTk5fQk9UX21vYml1cyI6eyJyb2xlcyI6WyJURU5BTlRfV09SS0ZMT1dfU1VTUEVORF9QUk9DRVNTX0RFRklOSVRJT04iLCJURU5BTlRfV09SS0ZMT1dfU1VTUEVORF9JTlNUQU5DRSIsIlRFTkFOVF9XT1JLRkxPV19SRVRSSUVWRV9BTEwiLCJURU5BTlRfV09SS0ZMT1dfQUNUSVZBVEVfSU5TVEFOQ0UiLCJURU5BTlRfV09SS0ZMT1dfRVhFQ1VURSIsIlRFTkFOVF9XT1JLRkxPV19SRVRSSUVWRV9IT01FIiwiVEVOQU5UX1dPUktGTE9XX1JFVFJJRVZFX1NVU1BFTkRFRF9QUk9DRVNTX0RFRlMiLCJURU5BTlRfV09SS0ZMT1dfQUNUSVZBVEVfUlVOX0pPQiIsIlRFTkFOVF9XT1JLRkxPV19TVEFUVVMiLCJURU5BTlRfV09SS0ZMT1dfQ1JFQVRFIiwiVEVOQU5UX1dPUktGTE9XX0FDVElWSVRZX0RBVEFfQ09VTlQiLCJCT0xUWk1BTk5fQk9UX1VTRVIiLCJURU5BTlRfV09SS0ZMT1dfREVQTE9ZX1ZFUlNJT04iLCJURU5BTlRfV09SS0ZMT1dfSU1QT1JUIiwiVEVOQU5UX1dPUktGTE9XX1VQREFURSIsIlRFTkFOVF9XT1JLRkxPV19ERVBMT1kiLCJURU5BTlRfV09SS0ZMT1dfU1VTUEVORF9SVU5fSk9CIiwiVEVOQU5UX1dPUktGTE9XX1JFVFJJRVZFIiwiVEVOQU5UX1dPUktGTE9XX0RFTEVURSIsIlRFTkFOVF9XT1JLRkxPV19UUklHR0VSX01FU1NBR0VfTElTVEVORVIiXX0sIkhPTEFDUkFDWV9tb2JpdXMiOnsicm9sZXMiOlsiVEVOQU5UX1BST0RVQ1RfUkVUUklFVkVfTUFTVEVSX0NPTkZJRyIsIlRFTkFOVF9JTlZJVEFUSU9OX1JFU1BPTkQiLCJURU5BTlRfTkVHT1RJQVRJT05fQVBQUk9WQUxfQlVZRVIiLCJURU5BTlRfSU5WSVRBVElPTl9SRVRSSUVWRSIsIlRFTkFOVF9PUkdBTklaQVRJT05fQ1JFQVRFIiwiVEVOQU5UX0NSRUFURV9URU5BTlQiLCJURU5BTlRfU1VCX0FMTElBTkNFX1JFVFJJRVZFIiwiVEVOQU5UX1BMQVRGT1JNX0NSRUFURSIsIkhPTEFDUkFDWV9VU0VSIiwiVEVOQU5UX1JBVEVDQVJEX0NSRUFURSIsIlRFTkFOVF9QTEFURk9STV9SRVRSSUVWRSIsIlRFTkFOVF9SRVRSSUVWRV9CWV9CVVlFUl9QTEFURk9STSIsIlRFTkFOVF9TVUJfQUxMSUFOQ0VfUkVUUklFVkVfQUxMIiwiVEVOQU5UX1BST0RVQ1RfUkVUUklFVkUiLCJURU5BTlRfQUNDT1VOVF9ERUxFVEUiLCJURU5BTlRfQUxMSUFOQ0VfUkVUUklFVkUiLCJURU5BTlRfUExBVEZPUk1fVVBEQVRFIiwiVEVOQU5UX0lOVklUQVRJT05fQ1JFQVRFIiwiVEVOQU5UX1JBVEVDQVJEX1JFVFJJRVZFIiwiVEVOQU5UX09SR0FOSVpBVElPTl9VUERBVEUiLCJURU5BTlRfUkFURUNBUkRfVVBEQVRFIiwiVEVOQU5UX09SR0FOSVpBVElPTl9ERUxFVEUiLCJURU5BTlRfUExBVEZPUk1fREVMRVRFIiwiVEVOQU5UX1BST0RVQ1RfQ1JFQVRFIiwiVEVOQU5UX1NVQl9BTExJQU5DRV9DUkVBVEUiLCJURU5BTlRfUkFURUNBUkRfREVMRVRFIiwiVEVOQU5UX0FDQ09VTlRfQ1JFQVRFIiwiVEVOQU5UX0lOVklUQVRJT05fVVBEQVRFIiwiVEVOQU5UX1JFVFJJRVZFX1RFTkFOVCIsIlRFTkFOVF9JTlZJVEFUSU9OX0RFTEVURSIsIlRFTkFOVF9ORUdPVElBVElPTl9BUFBST1ZBTF9TVVBFUl9BRE1JTiIsIlRFTkFOVF9ORUdPVElBVElPTl9SRVRSSUVWRV9BTExfQkVUV0VFTl9CVVlFUl9TRUxMRVIiLCJURU5BTlRfUkVUUklFVkVfVEVOQU5UX0FMTCIsIlRFTkFOVF9ORUdPVElBVElPTl9DUkVBVEUiLCJURU5BTlRfVVBEQVRFX1RFTkFOVCIsIlRFTkFOVF9PUkdBTklaQVRJT05fUkVUUklFVkUiLCJURU5BTlRfQUNDT1VOVF9VUERBVEUiLCJURU5BTlRfUFJPRFVDVF9ERUxFVEUiLCJURU5BTlRfU1VCX0FMTElBTkNFX0RFTEVURSIsIlRFTkFOVF9ORUdPVElBVElPTl9BUFBST1ZBTF9TRUxMRVIiLCJURU5BTlRfU1VCX0FMTElBTkNFX1VQREFURSIsIlRFTkFOVF9QUk9EVUNUX1VQREFURSIsIlRFTkFOVF9BQ0NPVU5UX1JFVFJJRVZFIiwiVEVOQU5UX05FR09USUFUSU9OX1JFVFJJRVZFIiwiVEVOQU5UX0RFTEVURV9URU5BTlQiXX0sIlBBU0NBTF9JTlRFTExJR0VOQ0VfbW9iaXVzIjp7InJvbGVzIjpbIlRFTkFOVF9DT05URVhUX0RFTEVURSIsIlRFTkFOVF9DT05URVhUX1VQREFURSIsIlRFTkFOVF9CSUdRVUVSWV9SRVRSSUVWRSIsIlRFTkFOVF9CSUdRVUVSWV9VUERBVEUiLCJURU5BTlRfVU5JVkVSU0VfQ1JFQVRFIiwiVEVOQU5UX0NPSE9SVFNfUkVUUklFVkUiLCJURU5BTlRfQklHUVVFUllfQ1JFQVRFIiwiVEVOQU5UX0JJR1FVRVJZX0VWQUxVQVRFIiwiVEVOQU5UX0NPSE9SVFNfVVBEQVRFIiwiVEVOQU5UX0NPTlRFWFRfUkVUUklFVkUiLCJURU5BTlRfVU5JVkVSU0VfUkVUUklFVkUiLCJURU5BTlRfQ09IT1JUU19FVkFMVUFURSIsIlRFTkFOVF9CSUdRVUVSWV9ERUxFVEUiLCJURU5BTlRfU0NIRU1BX0NSRUFURSIsIlBBU0NBTF9JTlRFTExJR0VOQ0VfVVNFUiIsIlRFTkFOVF9DT0hPUlRTX0NSRUFURSIsIlRFTkFOVF9TQ0hFTUFfVVBEQVRFIiwiVEVOQU5UX0NPTlRFWFRfQVBQUk9WRSIsIlRFTkFOVF9VTklWRVJTRV9VUERBVEUiLCJURU5BTlRfQklHUVVFUllfQVBQUk9WRSIsIlRFTkFOVF9TQ0hFTUFfUkVUUklFVkUiLCJURU5BTlRfU0NIRU1BX0FQUFJPVkUiLCJURU5BTlRfQ09OVEVYVF9FVkFMVUFURSIsIlRFTkFOVF9TQ0hFTUFfREVMRVRFIiwiVEVOQU5UX0NPTlRFWFRfQ1JFQVRFIiwiVEVOQU5UX1NDSEVNQV9EQVRBX1JFVFJJRVZFIiwiVEVOQU5UX1NDSEVNQV9EQVRBX0RFTEVURSIsIlRFTkFOVF9TQ0hFTUFfREFUQV9VUERBVEUiLCJURU5BTlRfQ09IT1JUU19ERUxFVEUiLCJURU5BTlRfVU5JVkVSU0VfREVMRVRFIiwiVEVOQU5UX1NDSEVNQV9EQVRBX0lOR0VTVElPTiIsIlRFTkFOVF9DT0hPUlRTX0FQUFJPVkUiXX0sIk1PTkVUX21vYml1cyI6eyJyb2xlcyI6WyJURU5BTlRfQVBQTEVUU19SRVRSSUVWRV9BTExfUFVCTElTSEVEIiwiVEVOQU5UX1dJREdFVFNfUkVUUklFVkVfRFJBRlQiLCJURU5BTlRfV0lER0VUU19VUERBVEUiLCJURU5BTlRfQVBQTEVUU19ERUxFVEUiLCJURU5BTlRfV0lER0VUU19ERUxFVEUiLCJURU5BTlRfUExVR0lOX0NBVEVHT1JZX1JFVFJJRVZFX0FMTCIsIlRFTkFOVF9BUFBMRVRTX1VQREFURV9ISVNUT1JZIiwiVEVOQU5UX0VYUEVSSUVOQ0VTX0NSRUFURSIsIlRFTkFOVF9XSURHRVRTX1JFVFJJRVZFX1BVQkxJU0giLCJURU5BTlRfUExVR0lOX0NBVEVHT1JZX0NSRUFURSIsIlRFTkFOVF9ERVBFTkRFTkNZX1JFVFJJRVZFX0FMTCIsIlRFTkFOVF9XSURHRVRTX1BVQkxJU0giLCJURU5BTlRfUkVUUklFVkVfRklFTERTX09GX1BVQkxJU0hFRCIsIlRFTkFOVF9FWFBFUklFTkNFU19VUERBVEUiLCJURU5BTlRfQVBQTEVUU19DUkVBVEUiLCJURU5BTlRfUExVR0lOU19ERUxFVEUiLCJURU5BTlRfQVBQTEVUU19SRVRSSUVWRV9BTExfRFJBRlQiLCJURU5BTlRfUExVR0lOU19VUERBVEUiLCJURU5BTlRfQVBQTEVUU19SRVRSSUVWRV9GUk9NX0hJU1RPUlkiLCJURU5BTlRfUkVUUklFVkVfRklFTERTX09GX0RSQUZUIiwiVEVOQU5UX0FQUExFVFNfUkVUUklFVkVfUFVCTElTSEVEIiwiVEVOQU5UX0FQUExFVFNfUFVCTElTSEVEIiwiVEVOQU5UX1dJREdFVFNfUkVUUklFVkUiLCJURU5BTlRfUExVR0lOX0NBVEVHT1JZX0RFTEVURSIsIlRFTkFOVF9QTFVHSU5fQ0FURUdPUllfUFVCTElTSCIsIlRFTkFOVF9QTFVHSU5fQ0FURUdPUllfREVMRVRFX0NPTVBfRlJPTSIsIlRFTkFOVF9SRVRSSUVWRV9QVUJMSVNIRUQiLCJURU5BTlRfUExVR0lOU19SRVRSSUVWRSIsIlRFTkFOVF9QTFVHSU5TX0NSRUFURSIsIlRFTkFOVF9XSURHRVRTX0NSRUFURSIsIlRFTkFOVF9BUFBMRVRTX1JFVFJJRVZFX0FMTF9QVUJMSVNIRURfVEhVTUJOQUlMUyIsIk1PTkVUX1VTRVIiLCJURU5BTlRfRVhQRVJJRU5DRVNfREVMRVRFIiwiVEVOQU5UX0VYUEVSSUVOQ0VTX1BVQkxJU0giLCJURU5BTlRfUkVUUklFVkVfRlJPTV9ISVNUT1JZIiwiVEVOQU5UX1BMVUdJTl9DQVRFR09SWV9VUERBVEUiXX0sIlZJTkNJX21vYml1cyI6eyJyb2xlcyI6WyJWSU5DSV9VU0VSIl19LCJhY2NvdW50Ijp7InJvbGVzIjpbIm1hbmFnZS1hY2NvdW50IiwibWFuYWdlLWFjY291bnQtbGlua3MiLCJ2aWV3LXByb2ZpbGUiXX19LCJzY29wZSI6InByb2ZpbGUgZW1haWwiLCJyZXF1ZXN0ZXJUeXBlIjoiVEVOQU5UIiwiZW1haWxfdmVyaWZpZWQiOnRydWUsIm5hbWUiOiJBaWR0YWFzIEFpZHRhYXMiLCJ0ZW5hbnRJZCI6IjJjZjc2ZTVmLTI2YWQtNGYyYy1iY2NjLWY0YmMxZTdiZmI2NCIsInByZWZlcnJlZF91c2VybmFtZSI6InBhc3N3b3JkX3RlbmFudF9haWR0YWFzQGdhaWFuc29sdXRpb25zLmNvbSIsImdpdmVuX25hbWUiOiJBaWR0YWFzIiwiZmFtaWx5X25hbWUiOiJBaWR0YWFzIiwiZW1haWwiOiJwYXNzd29yZF90ZW5hbnRfYWlkdGFhc0BnYWlhbnNvbHV0aW9ucy5jb20ifQ.G22UWdZfpDy2T8neTapxgOEwLcTJnbjop5nrm13HlhaUON7HfGI1b-n7D7FRAcRr2u7xBEE7MwJ3OSJyfjIQamrmV1U0PYtVogiw3EQcp41YWWAnpuaG41KiZvYuxGdFO1uADRRSrbnzDP44nnh75gQxL-s_blP160DEyu4gIfJ3f3Vz_wI_6yZ1aqpsz-8r8YpbeQbgrcV577yF2lTbmavmNDA6R_FW2rF8Y-mLfFbhAkQqmpuYDWdXv7_cyOmECs53ROlGzPd-DIUi1mw9_Af0tIC6DKh1nbbp16VPKqzmCPVfI1VGNZSCzVYOAr-XApRi0JZ39ub0aO1FsZzCjA
Cookies:		&lt;none&gt;
Multiparts:		&lt;none&gt;
Body:			&lt;none&gt;

HTTP/1.1 401 Unauthorized
www-authenticate: Bearer realm=&quot;https://ig.aidtaas.com/mobius-payment-service/v1.0/bank-details/account-number/YCbTHz&quot;, error=&quot;invalid_token&quot;
content-length: 14
content-type: text/plain
date: Fri, 21 Feb 2025 06:21:54 GMT
server: istio-envoy
x-envoy-upstream-service-time: 2

Jwt is expired
</system-out>
  </testcase>
  <testcase classname="unit4cases.EvoMaster_others_Test" name="test_5" time="0.044">
    <failure message="1 expectation failed.
Expected content-type &quot;application/json&quot; doesn&apos;t match actual content-type &quot;text/plain&quot;.
" type="java.lang.AssertionError">java.lang.AssertionError: 1 expectation failed.
Expected content-type &quot;application/json&quot; doesn&apos;t match actual content-type &quot;text/plain&quot;.

	at java.base/jdk.internal.reflect.DirectConstructorHandleAccessor.newInstance(DirectConstructorHandleAccessor.java:62)
	at java.base/java.lang.reflect.Constructor.newInstanceWithCaller(Constructor.java:502)
	at java.base/java.lang.reflect.Constructor.newInstance(Constructor.java:486)
	at org.codehaus.groovy.reflection.CachedConstructor.invoke(CachedConstructor.java:73)
	at org.codehaus.groovy.runtime.callsite.ConstructorSite$ConstructorSiteNoUnwrapNoCoerce.callConstructor(ConstructorSite.java:108)
	at org.codehaus.groovy.runtime.callsite.AbstractCallSite.callConstructor(AbstractCallSite.java:277)
	at io.restassured.internal.ResponseSpecificationImpl$HamcrestAssertionClosure.validate(ResponseSpecificationImpl.groovy:512)
	at io.restassured.internal.ResponseSpecificationImpl$HamcrestAssertionClosure$validate$1.call(Unknown Source)
	at io.restassured.internal.ResponseSpecificationImpl.validateResponseIfRequired(ResponseSpecificationImpl.groovy:696)
	at io.restassured.internal.ResponseSpecificationImpl.this$2$validateResponseIfRequired(ResponseSpecificationImpl.groovy)
	at java.base/jdk.internal.reflect.DirectMethodHandleAccessor.invoke(DirectMethodHandleAccessor.java:103)
	at java.base/java.lang.reflect.Method.invoke(Method.java:580)
	at org.codehaus.groovy.runtime.callsite.PlainObjectMetaMethodSite.doInvoke(PlainObjectMetaMethodSite.java:43)
	at org.codehaus.groovy.runtime.callsite.PogoMetaMethodSite$PogoCachedMethodSiteNoUnwrapNoCoerce.invoke(PogoMetaMethodSite.java:198)
	at org.codehaus.groovy.runtime.callsite.PogoMetaMethodSite.callCurrent(PogoMetaMethodSite.java:62)
	at org.codehaus.groovy.runtime.callsite.AbstractCallSite.callCurrent(AbstractCallSite.java:185)
	at io.restassured.internal.ResponseSpecificationImpl.contentType(ResponseSpecificationImpl.groovy:443)
	at io.restassured.internal.ValidatableResponseOptionsImpl.contentType(ValidatableResponseOptionsImpl.java:226)
	at unit4cases.EvoMaster_others_Test.test_5(EvoMaster_others_Test.java:243)
	at java.base/jdk.internal.reflect.DirectMethodHandleAccessor.invoke(DirectMethodHandleAccessor.java:103)
	at java.base/java.lang.reflect.Method.invoke(Method.java:580)
	at org.junit.runners.model.FrameworkMethod$1.runReflectiveCall(FrameworkMethod.java:59)
	at org.junit.internal.runners.model.ReflectiveCallable.run(ReflectiveCallable.java:12)
	at org.junit.runners.model.FrameworkMethod.invokeExplosively(FrameworkMethod.java:56)
	at org.junit.internal.runners.statements.InvokeMethod.evaluate(InvokeMethod.java:17)
	at org.junit.internal.runners.statements.FailOnTimeout$CallableStatement.call(FailOnTimeout.java:299)
	at org.junit.internal.runners.statements.FailOnTimeout$CallableStatement.call(FailOnTimeout.java:293)
	at java.base/java.util.concurrent.FutureTask.run(FutureTask.java:317)
	at java.base/java.lang.Thread.run(Thread.java:1583)
</failure>
    <system-out>Request method:	GET
Request URI:	https://ig.aidtaas.com/mobius-payment-service/v1.0/card-details/card-number/primary/rD4zKQP9zUHl
Proxy:			&lt;none&gt;
Request params:	&lt;none&gt;
Query params:	&lt;none&gt;
Form params:	&lt;none&gt;
Path params:	&lt;none&gt;
Headers:		Accept=application/json
				Authorization=Bearer  eyJhbGciOiJSUzI1NiIsInR5cCIgOiAiSldUIiwia2lkIiA6ICI3Ny1NUVdFRTNHZE5adGlsWU5IYmpsa2dVSkpaWUJWVmN1UmFZdHl5ejFjIn0.eyJleHAiOjE3NDAwODgxMjAsImlhdCI6MTc0MDA1MjEyMCwianRpIjoiYjc4MDZhYTYtZWE3MS00NWJkLWI5ODMtOWU3MDE4OTc4NTYzIiwiaXNzIjoiaHR0cDovL2tleWNsb2FrLXNlcnZpY2Uua2V5Y2xvYWsuc3ZjLmNsdXN0ZXIubG9jYWw6ODA4MC9yZWFsbXMvbWFzdGVyIiwiYXVkIjpbIkJPTFRaTUFOTl9CT1RfbW9iaXVzIiwiUEFTQ0FMX0lOVEVMTElHRU5DRV9tb2JpdXMiLCJNT05FVF9tb2JpdXMiLCJWSU5DSV9tb2JpdXMiLCJhY2NvdW50Il0sInN1YiI6IjJjZjc2ZTVmLTI2YWQtNGYyYy1iY2NjLWY0YmMxZTdiZmI2NCIsInR5cCI6IkJlYXJlciIsImF6cCI6IkhPTEFDUkFDWV9tb2JpdXMiLCJzaWQiOiJmNjcwYzZjMi03OWYzLTQ2YzctOTE5Yy1hNTNhYmRiNTgwNDMiLCJhY3IiOiIxIiwiYWxsb3dlZC1vcmlnaW5zIjpbIi8qIl0sInJlYWxtX2FjY2VzcyI6eyJyb2xlcyI6WyJkZWZhdWx0LXJvbGVzLW1hc3RlciIsIkhDWV9URU5BTlRfQ1VTVE9NIiwib2ZmbGluZV9hY2Nlc3MiLCJCT0JfVEVOQU5UX0NVU1RPTSIsInVtYV9hdXRob3JpemF0aW9uIiwiUElfVEVOQU5UX0NVU1RPTSIsIk1PTkVUX1RFTkFOVF9DVVNUT00iXX0sInJlc291cmNlX2FjY2VzcyI6eyJCT0xUWk1BTk5fQk9UX21vYml1cyI6eyJyb2xlcyI6WyJURU5BTlRfV09SS0ZMT1dfU1VTUEVORF9QUk9DRVNTX0RFRklOSVRJT04iLCJURU5BTlRfV09SS0ZMT1dfU1VTUEVORF9JTlNUQU5DRSIsIlRFTkFOVF9XT1JLRkxPV19SRVRSSUVWRV9BTEwiLCJURU5BTlRfV09SS0ZMT1dfQUNUSVZBVEVfSU5TVEFOQ0UiLCJURU5BTlRfV09SS0ZMT1dfRVhFQ1VURSIsIlRFTkFOVF9XT1JLRkxPV19SRVRSSUVWRV9IT01FIiwiVEVOQU5UX1dPUktGTE9XX1JFVFJJRVZFX1NVU1BFTkRFRF9QUk9DRVNTX0RFRlMiLCJURU5BTlRfV09SS0ZMT1dfQUNUSVZBVEVfUlVOX0pPQiIsIlRFTkFOVF9XT1JLRkxPV19TVEFUVVMiLCJURU5BTlRfV09SS0ZMT1dfQ1JFQVRFIiwiVEVOQU5UX1dPUktGTE9XX0FDVElWSVRZX0RBVEFfQ09VTlQiLCJCT0xUWk1BTk5fQk9UX1VTRVIiLCJURU5BTlRfV09SS0ZMT1dfREVQTE9ZX1ZFUlNJT04iLCJURU5BTlRfV09SS0ZMT1dfSU1QT1JUIiwiVEVOQU5UX1dPUktGTE9XX1VQREFURSIsIlRFTkFOVF9XT1JLRkxPV19ERVBMT1kiLCJURU5BTlRfV09SS0ZMT1dfU1VTUEVORF9SVU5fSk9CIiwiVEVOQU5UX1dPUktGTE9XX1JFVFJJRVZFIiwiVEVOQU5UX1dPUktGTE9XX0RFTEVURSIsIlRFTkFOVF9XT1JLRkxPV19UUklHR0VSX01FU1NBR0VfTElTVEVORVIiXX0sIkhPTEFDUkFDWV9tb2JpdXMiOnsicm9sZXMiOlsiVEVOQU5UX1BST0RVQ1RfUkVUUklFVkVfTUFTVEVSX0NPTkZJRyIsIlRFTkFOVF9JTlZJVEFUSU9OX1JFU1BPTkQiLCJURU5BTlRfTkVHT1RJQVRJT05fQVBQUk9WQUxfQlVZRVIiLCJURU5BTlRfSU5WSVRBVElPTl9SRVRSSUVWRSIsIlRFTkFOVF9PUkdBTklaQVRJT05fQ1JFQVRFIiwiVEVOQU5UX0NSRUFURV9URU5BTlQiLCJURU5BTlRfU1VCX0FMTElBTkNFX1JFVFJJRVZFIiwiVEVOQU5UX1BMQVRGT1JNX0NSRUFURSIsIkhPTEFDUkFDWV9VU0VSIiwiVEVOQU5UX1JBVEVDQVJEX0NSRUFURSIsIlRFTkFOVF9QTEFURk9STV9SRVRSSUVWRSIsIlRFTkFOVF9SRVRSSUVWRV9CWV9CVVlFUl9QTEFURk9STSIsIlRFTkFOVF9TVUJfQUxMSUFOQ0VfUkVUUklFVkVfQUxMIiwiVEVOQU5UX1BST0RVQ1RfUkVUUklFVkUiLCJURU5BTlRfQUNDT1VOVF9ERUxFVEUiLCJURU5BTlRfQUxMSUFOQ0VfUkVUUklFVkUiLCJURU5BTlRfUExBVEZPUk1fVVBEQVRFIiwiVEVOQU5UX0lOVklUQVRJT05fQ1JFQVRFIiwiVEVOQU5UX1JBVEVDQVJEX1JFVFJJRVZFIiwiVEVOQU5UX09SR0FOSVpBVElPTl9VUERBVEUiLCJURU5BTlRfUkFURUNBUkRfVVBEQVRFIiwiVEVOQU5UX09SR0FOSVpBVElPTl9ERUxFVEUiLCJURU5BTlRfUExBVEZPUk1fREVMRVRFIiwiVEVOQU5UX1BST0RVQ1RfQ1JFQVRFIiwiVEVOQU5UX1NVQl9BTExJQU5DRV9DUkVBVEUiLCJURU5BTlRfUkFURUNBUkRfREVMRVRFIiwiVEVOQU5UX0FDQ09VTlRfQ1JFQVRFIiwiVEVOQU5UX0lOVklUQVRJT05fVVBEQVRFIiwiVEVOQU5UX1JFVFJJRVZFX1RFTkFOVCIsIlRFTkFOVF9JTlZJVEFUSU9OX0RFTEVURSIsIlRFTkFOVF9ORUdPVElBVElPTl9BUFBST1ZBTF9TVVBFUl9BRE1JTiIsIlRFTkFOVF9ORUdPVElBVElPTl9SRVRSSUVWRV9BTExfQkVUV0VFTl9CVVlFUl9TRUxMRVIiLCJURU5BTlRfUkVUUklFVkVfVEVOQU5UX0FMTCIsIlRFTkFOVF9ORUdPVElBVElPTl9DUkVBVEUiLCJURU5BTlRfVVBEQVRFX1RFTkFOVCIsIlRFTkFOVF9PUkdBTklaQVRJT05fUkVUUklFVkUiLCJURU5BTlRfQUNDT1VOVF9VUERBVEUiLCJURU5BTlRfUFJPRFVDVF9ERUxFVEUiLCJURU5BTlRfU1VCX0FMTElBTkNFX0RFTEVURSIsIlRFTkFOVF9ORUdPVElBVElPTl9BUFBST1ZBTF9TRUxMRVIiLCJURU5BTlRfU1VCX0FMTElBTkNFX1VQREFURSIsIlRFTkFOVF9QUk9EVUNUX1VQREFURSIsIlRFTkFOVF9BQ0NPVU5UX1JFVFJJRVZFIiwiVEVOQU5UX05FR09USUFUSU9OX1JFVFJJRVZFIiwiVEVOQU5UX0RFTEVURV9URU5BTlQiXX0sIlBBU0NBTF9JTlRFTExJR0VOQ0VfbW9iaXVzIjp7InJvbGVzIjpbIlRFTkFOVF9DT05URVhUX0RFTEVURSIsIlRFTkFOVF9DT05URVhUX1VQREFURSIsIlRFTkFOVF9CSUdRVUVSWV9SRVRSSUVWRSIsIlRFTkFOVF9CSUdRVUVSWV9VUERBVEUiLCJURU5BTlRfVU5JVkVSU0VfQ1JFQVRFIiwiVEVOQU5UX0NPSE9SVFNfUkVUUklFVkUiLCJURU5BTlRfQklHUVVFUllfQ1JFQVRFIiwiVEVOQU5UX0JJR1FVRVJZX0VWQUxVQVRFIiwiVEVOQU5UX0NPSE9SVFNfVVBEQVRFIiwiVEVOQU5UX0NPTlRFWFRfUkVUUklFVkUiLCJURU5BTlRfVU5JVkVSU0VfUkVUUklFVkUiLCJURU5BTlRfQ09IT1JUU19FVkFMVUFURSIsIlRFTkFOVF9CSUdRVUVSWV9ERUxFVEUiLCJURU5BTlRfU0NIRU1BX0NSRUFURSIsIlBBU0NBTF9JTlRFTExJR0VOQ0VfVVNFUiIsIlRFTkFOVF9DT0hPUlRTX0NSRUFURSIsIlRFTkFOVF9TQ0hFTUFfVVBEQVRFIiwiVEVOQU5UX0NPTlRFWFRfQVBQUk9WRSIsIlRFTkFOVF9VTklWRVJTRV9VUERBVEUiLCJURU5BTlRfQklHUVVFUllfQVBQUk9WRSIsIlRFTkFOVF9TQ0hFTUFfUkVUUklFVkUiLCJURU5BTlRfU0NIRU1BX0FQUFJPVkUiLCJURU5BTlRfQ09OVEVYVF9FVkFMVUFURSIsIlRFTkFOVF9TQ0hFTUFfREVMRVRFIiwiVEVOQU5UX0NPTlRFWFRfQ1JFQVRFIiwiVEVOQU5UX1NDSEVNQV9EQVRBX1JFVFJJRVZFIiwiVEVOQU5UX1NDSEVNQV9EQVRBX0RFTEVURSIsIlRFTkFOVF9TQ0hFTUFfREFUQV9VUERBVEUiLCJURU5BTlRfQ09IT1JUU19ERUxFVEUiLCJURU5BTlRfVU5JVkVSU0VfREVMRVRFIiwiVEVOQU5UX1NDSEVNQV9EQVRBX0lOR0VTVElPTiIsIlRFTkFOVF9DT0hPUlRTX0FQUFJPVkUiXX0sIk1PTkVUX21vYml1cyI6eyJyb2xlcyI6WyJURU5BTlRfQVBQTEVUU19SRVRSSUVWRV9BTExfUFVCTElTSEVEIiwiVEVOQU5UX1dJREdFVFNfUkVUUklFVkVfRFJBRlQiLCJURU5BTlRfV0lER0VUU19VUERBVEUiLCJURU5BTlRfQVBQTEVUU19ERUxFVEUiLCJURU5BTlRfV0lER0VUU19ERUxFVEUiLCJURU5BTlRfUExVR0lOX0NBVEVHT1JZX1JFVFJJRVZFX0FMTCIsIlRFTkFOVF9BUFBMRVRTX1VQREFURV9ISVNUT1JZIiwiVEVOQU5UX0VYUEVSSUVOQ0VTX0NSRUFURSIsIlRFTkFOVF9XSURHRVRTX1JFVFJJRVZFX1BVQkxJU0giLCJURU5BTlRfUExVR0lOX0NBVEVHT1JZX0NSRUFURSIsIlRFTkFOVF9ERVBFTkRFTkNZX1JFVFJJRVZFX0FMTCIsIlRFTkFOVF9XSURHRVRTX1BVQkxJU0giLCJURU5BTlRfUkVUUklFVkVfRklFTERTX09GX1BVQkxJU0hFRCIsIlRFTkFOVF9FWFBFUklFTkNFU19VUERBVEUiLCJURU5BTlRfQVBQTEVUU19DUkVBVEUiLCJURU5BTlRfUExVR0lOU19ERUxFVEUiLCJURU5BTlRfQVBQTEVUU19SRVRSSUVWRV9BTExfRFJBRlQiLCJURU5BTlRfUExVR0lOU19VUERBVEUiLCJURU5BTlRfQVBQTEVUU19SRVRSSUVWRV9GUk9NX0hJU1RPUlkiLCJURU5BTlRfUkVUUklFVkVfRklFTERTX09GX0RSQUZUIiwiVEVOQU5UX0FQUExFVFNfUkVUUklFVkVfUFVCTElTSEVEIiwiVEVOQU5UX0FQUExFVFNfUFVCTElTSEVEIiwiVEVOQU5UX1dJREdFVFNfUkVUUklFVkUiLCJURU5BTlRfUExVR0lOX0NBVEVHT1JZX0RFTEVURSIsIlRFTkFOVF9QTFVHSU5fQ0FURUdPUllfUFVCTElTSCIsIlRFTkFOVF9QTFVHSU5fQ0FURUdPUllfREVMRVRFX0NPTVBfRlJPTSIsIlRFTkFOVF9SRVRSSUVWRV9QVUJMSVNIRUQiLCJURU5BTlRfUExVR0lOU19SRVRSSUVWRSIsIlRFTkFOVF9QTFVHSU5TX0NSRUFURSIsIlRFTkFOVF9XSURHRVRTX0NSRUFURSIsIlRFTkFOVF9BUFBMRVRTX1JFVFJJRVZFX0FMTF9QVUJMSVNIRURfVEhVTUJOQUlMUyIsIk1PTkVUX1VTRVIiLCJURU5BTlRfRVhQRVJJRU5DRVNfREVMRVRFIiwiVEVOQU5UX0VYUEVSSUVOQ0VTX1BVQkxJU0giLCJURU5BTlRfUkVUUklFVkVfRlJPTV9ISVNUT1JZIiwiVEVOQU5UX1BMVUdJTl9DQVRFR09SWV9VUERBVEUiXX0sIlZJTkNJX21vYml1cyI6eyJyb2xlcyI6WyJWSU5DSV9VU0VSIl19LCJhY2NvdW50Ijp7InJvbGVzIjpbIm1hbmFnZS1hY2NvdW50IiwibWFuYWdlLWFjY291bnQtbGlua3MiLCJ2aWV3LXByb2ZpbGUiXX19LCJzY29wZSI6InByb2ZpbGUgZW1haWwiLCJyZXF1ZXN0ZXJUeXBlIjoiVEVOQU5UIiwiZW1haWxfdmVyaWZpZWQiOnRydWUsIm5hbWUiOiJBaWR0YWFzIEFpZHRhYXMiLCJ0ZW5hbnRJZCI6IjJjZjc2ZTVmLTI2YWQtNGYyYy1iY2NjLWY0YmMxZTdiZmI2NCIsInByZWZlcnJlZF91c2VybmFtZSI6InBhc3N3b3JkX3RlbmFudF9haWR0YWFzQGdhaWFuc29sdXRpb25zLmNvbSIsImdpdmVuX25hbWUiOiJBaWR0YWFzIiwiZmFtaWx5X25hbWUiOiJBaWR0YWFzIiwiZW1haWwiOiJwYXNzd29yZF90ZW5hbnRfYWlkdGFhc0BnYWlhbnNvbHV0aW9ucy5jb20ifQ.G22UWdZfpDy2T8neTapxgOEwLcTJnbjop5nrm13HlhaUON7HfGI1b-n7D7FRAcRr2u7xBEE7MwJ3OSJyfjIQamrmV1U0PYtVogiw3EQcp41YWWAnpuaG41KiZvYuxGdFO1uADRRSrbnzDP44nnh75gQxL-s_blP160DEyu4gIfJ3f3Vz_wI_6yZ1aqpsz-8r8YpbeQbgrcV577yF2lTbmavmNDA6R_FW2rF8Y-mLfFbhAkQqmpuYDWdXv7_cyOmECs53ROlGzPd-DIUi1mw9_Af0tIC6DKh1nbbp16VPKqzmCPVfI1VGNZSCzVYOAr-XApRi0JZ39ub0aO1FsZzCjA
Cookies:		&lt;none&gt;
Multiparts:		&lt;none&gt;
Body:			&lt;none&gt;

HTTP/1.1 401 Unauthorized
www-authenticate: Bearer realm=&quot;https://ig.aidtaas.com/mobius-payment-service/v1.0/card-details/card-number/primary/rD4zKQP9zUHl&quot;, error=&quot;invalid_token&quot;
content-length: 14
content-type: text/plain
date: Fri, 21 Feb 2025 06:21:54 GMT
server: istio-envoy
x-envoy-upstream-service-time: 5

Jwt is expired
</system-out>
  </testcase>
  <testcase classname="unit4cases.EvoMaster_others_Test" name="test_6" time="0.048">
    <failure message="1 expectation failed.
Expected content-type &quot;application/json&quot; doesn&apos;t match actual content-type &quot;text/plain&quot;.
" type="java.lang.AssertionError">java.lang.AssertionError: 1 expectation failed.
Expected content-type &quot;application/json&quot; doesn&apos;t match actual content-type &quot;text/plain&quot;.

	at java.base/jdk.internal.reflect.DirectConstructorHandleAccessor.newInstance(DirectConstructorHandleAccessor.java:62)
	at java.base/java.lang.reflect.Constructor.newInstanceWithCaller(Constructor.java:502)
	at java.base/java.lang.reflect.Constructor.newInstance(Constructor.java:486)
	at org.codehaus.groovy.reflection.CachedConstructor.invoke(CachedConstructor.java:73)
	at org.codehaus.groovy.runtime.callsite.ConstructorSite$ConstructorSiteNoUnwrapNoCoerce.callConstructor(ConstructorSite.java:108)
	at org.codehaus.groovy.runtime.callsite.AbstractCallSite.callConstructor(AbstractCallSite.java:277)
	at io.restassured.internal.ResponseSpecificationImpl$HamcrestAssertionClosure.validate(ResponseSpecificationImpl.groovy:512)
	at io.restassured.internal.ResponseSpecificationImpl$HamcrestAssertionClosure$validate$1.call(Unknown Source)
	at io.restassured.internal.ResponseSpecificationImpl.validateResponseIfRequired(ResponseSpecificationImpl.groovy:696)
	at io.restassured.internal.ResponseSpecificationImpl.this$2$validateResponseIfRequired(ResponseSpecificationImpl.groovy)
	at java.base/jdk.internal.reflect.DirectMethodHandleAccessor.invoke(DirectMethodHandleAccessor.java:103)
	at java.base/java.lang.reflect.Method.invoke(Method.java:580)
	at org.codehaus.groovy.runtime.callsite.PlainObjectMetaMethodSite.doInvoke(PlainObjectMetaMethodSite.java:43)
	at org.codehaus.groovy.runtime.callsite.PogoMetaMethodSite$PogoCachedMethodSiteNoUnwrapNoCoerce.invoke(PogoMetaMethodSite.java:198)
	at org.codehaus.groovy.runtime.callsite.PogoMetaMethodSite.callCurrent(PogoMetaMethodSite.java:62)
	at org.codehaus.groovy.runtime.callsite.AbstractCallSite.callCurrent(AbstractCallSite.java:185)
	at io.restassured.internal.ResponseSpecificationImpl.contentType(ResponseSpecificationImpl.groovy:443)
	at io.restassured.internal.ValidatableResponseOptionsImpl.contentType(ValidatableResponseOptionsImpl.java:226)
	at unit4cases.EvoMaster_others_Test.test_6(EvoMaster_others_Test.java:269)
	at java.base/jdk.internal.reflect.DirectMethodHandleAccessor.invoke(DirectMethodHandleAccessor.java:103)
	at java.base/java.lang.reflect.Method.invoke(Method.java:580)
	at org.junit.runners.model.FrameworkMethod$1.runReflectiveCall(FrameworkMethod.java:59)
	at org.junit.internal.runners.model.ReflectiveCallable.run(ReflectiveCallable.java:12)
	at org.junit.runners.model.FrameworkMethod.invokeExplosively(FrameworkMethod.java:56)
	at org.junit.internal.runners.statements.InvokeMethod.evaluate(InvokeMethod.java:17)
	at org.junit.internal.runners.statements.FailOnTimeout$CallableStatement.call(FailOnTimeout.java:299)
	at org.junit.internal.runners.statements.FailOnTimeout$CallableStatement.call(FailOnTimeout.java:293)
	at java.base/java.util.concurrent.FutureTask.run(FutureTask.java:317)
	at java.base/java.lang.Thread.run(Thread.java:1583)
</failure>
    <system-out>Request method:	GET
Request URI:	https://ig.aidtaas.com/mobius-payment-service/v1.0/card-details/card-number/yYs7Ch0sduU8YCde
Proxy:			&lt;none&gt;
Request params:	&lt;none&gt;
Query params:	&lt;none&gt;
Form params:	&lt;none&gt;
Path params:	&lt;none&gt;
Headers:		Accept=application/json
				Authorization=Bearer  eyJhbGciOiJSUzI1NiIsInR5cCIgOiAiSldUIiwia2lkIiA6ICI3Ny1NUVdFRTNHZE5adGlsWU5IYmpsa2dVSkpaWUJWVmN1UmFZdHl5ejFjIn0.eyJleHAiOjE3NDAwODgxMjAsImlhdCI6MTc0MDA1MjEyMCwianRpIjoiYjc4MDZhYTYtZWE3MS00NWJkLWI5ODMtOWU3MDE4OTc4NTYzIiwiaXNzIjoiaHR0cDovL2tleWNsb2FrLXNlcnZpY2Uua2V5Y2xvYWsuc3ZjLmNsdXN0ZXIubG9jYWw6ODA4MC9yZWFsbXMvbWFzdGVyIiwiYXVkIjpbIkJPTFRaTUFOTl9CT1RfbW9iaXVzIiwiUEFTQ0FMX0lOVEVMTElHRU5DRV9tb2JpdXMiLCJNT05FVF9tb2JpdXMiLCJWSU5DSV9tb2JpdXMiLCJhY2NvdW50Il0sInN1YiI6IjJjZjc2ZTVmLTI2YWQtNGYyYy1iY2NjLWY0YmMxZTdiZmI2NCIsInR5cCI6IkJlYXJlciIsImF6cCI6IkhPTEFDUkFDWV9tb2JpdXMiLCJzaWQiOiJmNjcwYzZjMi03OWYzLTQ2YzctOTE5Yy1hNTNhYmRiNTgwNDMiLCJhY3IiOiIxIiwiYWxsb3dlZC1vcmlnaW5zIjpbIi8qIl0sInJlYWxtX2FjY2VzcyI6eyJyb2xlcyI6WyJkZWZhdWx0LXJvbGVzLW1hc3RlciIsIkhDWV9URU5BTlRfQ1VTVE9NIiwib2ZmbGluZV9hY2Nlc3MiLCJCT0JfVEVOQU5UX0NVU1RPTSIsInVtYV9hdXRob3JpemF0aW9uIiwiUElfVEVOQU5UX0NVU1RPTSIsIk1PTkVUX1RFTkFOVF9DVVNUT00iXX0sInJlc291cmNlX2FjY2VzcyI6eyJCT0xUWk1BTk5fQk9UX21vYml1cyI6eyJyb2xlcyI6WyJURU5BTlRfV09SS0ZMT1dfU1VTUEVORF9QUk9DRVNTX0RFRklOSVRJT04iLCJURU5BTlRfV09SS0ZMT1dfU1VTUEVORF9JTlNUQU5DRSIsIlRFTkFOVF9XT1JLRkxPV19SRVRSSUVWRV9BTEwiLCJURU5BTlRfV09SS0ZMT1dfQUNUSVZBVEVfSU5TVEFOQ0UiLCJURU5BTlRfV09SS0ZMT1dfRVhFQ1VURSIsIlRFTkFOVF9XT1JLRkxPV19SRVRSSUVWRV9IT01FIiwiVEVOQU5UX1dPUktGTE9XX1JFVFJJRVZFX1NVU1BFTkRFRF9QUk9DRVNTX0RFRlMiLCJURU5BTlRfV09SS0ZMT1dfQUNUSVZBVEVfUlVOX0pPQiIsIlRFTkFOVF9XT1JLRkxPV19TVEFUVVMiLCJURU5BTlRfV09SS0ZMT1dfQ1JFQVRFIiwiVEVOQU5UX1dPUktGTE9XX0FDVElWSVRZX0RBVEFfQ09VTlQiLCJCT0xUWk1BTk5fQk9UX1VTRVIiLCJURU5BTlRfV09SS0ZMT1dfREVQTE9ZX1ZFUlNJT04iLCJURU5BTlRfV09SS0ZMT1dfSU1QT1JUIiwiVEVOQU5UX1dPUktGTE9XX1VQREFURSIsIlRFTkFOVF9XT1JLRkxPV19ERVBMT1kiLCJURU5BTlRfV09SS0ZMT1dfU1VTUEVORF9SVU5fSk9CIiwiVEVOQU5UX1dPUktGTE9XX1JFVFJJRVZFIiwiVEVOQU5UX1dPUktGTE9XX0RFTEVURSIsIlRFTkFOVF9XT1JLRkxPV19UUklHR0VSX01FU1NBR0VfTElTVEVORVIiXX0sIkhPTEFDUkFDWV9tb2JpdXMiOnsicm9sZXMiOlsiVEVOQU5UX1BST0RVQ1RfUkVUUklFVkVfTUFTVEVSX0NPTkZJRyIsIlRFTkFOVF9JTlZJVEFUSU9OX1JFU1BPTkQiLCJURU5BTlRfTkVHT1RJQVRJT05fQVBQUk9WQUxfQlVZRVIiLCJURU5BTlRfSU5WSVRBVElPTl9SRVRSSUVWRSIsIlRFTkFOVF9PUkdBTklaQVRJT05fQ1JFQVRFIiwiVEVOQU5UX0NSRUFURV9URU5BTlQiLCJURU5BTlRfU1VCX0FMTElBTkNFX1JFVFJJRVZFIiwiVEVOQU5UX1BMQVRGT1JNX0NSRUFURSIsIkhPTEFDUkFDWV9VU0VSIiwiVEVOQU5UX1JBVEVDQVJEX0NSRUFURSIsIlRFTkFOVF9QTEFURk9STV9SRVRSSUVWRSIsIlRFTkFOVF9SRVRSSUVWRV9CWV9CVVlFUl9QTEFURk9STSIsIlRFTkFOVF9TVUJfQUxMSUFOQ0VfUkVUUklFVkVfQUxMIiwiVEVOQU5UX1BST0RVQ1RfUkVUUklFVkUiLCJURU5BTlRfQUNDT1VOVF9ERUxFVEUiLCJURU5BTlRfQUxMSUFOQ0VfUkVUUklFVkUiLCJURU5BTlRfUExBVEZPUk1fVVBEQVRFIiwiVEVOQU5UX0lOVklUQVRJT05fQ1JFQVRFIiwiVEVOQU5UX1JBVEVDQVJEX1JFVFJJRVZFIiwiVEVOQU5UX09SR0FOSVpBVElPTl9VUERBVEUiLCJURU5BTlRfUkFURUNBUkRfVVBEQVRFIiwiVEVOQU5UX09SR0FOSVpBVElPTl9ERUxFVEUiLCJURU5BTlRfUExBVEZPUk1fREVMRVRFIiwiVEVOQU5UX1BST0RVQ1RfQ1JFQVRFIiwiVEVOQU5UX1NVQl9BTExJQU5DRV9DUkVBVEUiLCJURU5BTlRfUkFURUNBUkRfREVMRVRFIiwiVEVOQU5UX0FDQ09VTlRfQ1JFQVRFIiwiVEVOQU5UX0lOVklUQVRJT05fVVBEQVRFIiwiVEVOQU5UX1JFVFJJRVZFX1RFTkFOVCIsIlRFTkFOVF9JTlZJVEFUSU9OX0RFTEVURSIsIlRFTkFOVF9ORUdPVElBVElPTl9BUFBST1ZBTF9TVVBFUl9BRE1JTiIsIlRFTkFOVF9ORUdPVElBVElPTl9SRVRSSUVWRV9BTExfQkVUV0VFTl9CVVlFUl9TRUxMRVIiLCJURU5BTlRfUkVUUklFVkVfVEVOQU5UX0FMTCIsIlRFTkFOVF9ORUdPVElBVElPTl9DUkVBVEUiLCJURU5BTlRfVVBEQVRFX1RFTkFOVCIsIlRFTkFOVF9PUkdBTklaQVRJT05fUkVUUklFVkUiLCJURU5BTlRfQUNDT1VOVF9VUERBVEUiLCJURU5BTlRfUFJPRFVDVF9ERUxFVEUiLCJURU5BTlRfU1VCX0FMTElBTkNFX0RFTEVURSIsIlRFTkFOVF9ORUdPVElBVElPTl9BUFBST1ZBTF9TRUxMRVIiLCJURU5BTlRfU1VCX0FMTElBTkNFX1VQREFURSIsIlRFTkFOVF9QUk9EVUNUX1VQREFURSIsIlRFTkFOVF9BQ0NPVU5UX1JFVFJJRVZFIiwiVEVOQU5UX05FR09USUFUSU9OX1JFVFJJRVZFIiwiVEVOQU5UX0RFTEVURV9URU5BTlQiXX0sIlBBU0NBTF9JTlRFTExJR0VOQ0VfbW9iaXVzIjp7InJvbGVzIjpbIlRFTkFOVF9DT05URVhUX0RFTEVURSIsIlRFTkFOVF9DT05URVhUX1VQREFURSIsIlRFTkFOVF9CSUdRVUVSWV9SRVRSSUVWRSIsIlRFTkFOVF9CSUdRVUVSWV9VUERBVEUiLCJURU5BTlRfVU5JVkVSU0VfQ1JFQVRFIiwiVEVOQU5UX0NPSE9SVFNfUkVUUklFVkUiLCJURU5BTlRfQklHUVVFUllfQ1JFQVRFIiwiVEVOQU5UX0JJR1FVRVJZX0VWQUxVQVRFIiwiVEVOQU5UX0NPSE9SVFNfVVBEQVRFIiwiVEVOQU5UX0NPTlRFWFRfUkVUUklFVkUiLCJURU5BTlRfVU5JVkVSU0VfUkVUUklFVkUiLCJURU5BTlRfQ09IT1JUU19FVkFMVUFURSIsIlRFTkFOVF9CSUdRVUVSWV9ERUxFVEUiLCJURU5BTlRfU0NIRU1BX0NSRUFURSIsIlBBU0NBTF9JTlRFTExJR0VOQ0VfVVNFUiIsIlRFTkFOVF9DT0hPUlRTX0NSRUFURSIsIlRFTkFOVF9TQ0hFTUFfVVBEQVRFIiwiVEVOQU5UX0NPTlRFWFRfQVBQUk9WRSIsIlRFTkFOVF9VTklWRVJTRV9VUERBVEUiLCJURU5BTlRfQklHUVVFUllfQVBQUk9WRSIsIlRFTkFOVF9TQ0hFTUFfUkVUUklFVkUiLCJURU5BTlRfU0NIRU1BX0FQUFJPVkUiLCJURU5BTlRfQ09OVEVYVF9FVkFMVUFURSIsIlRFTkFOVF9TQ0hFTUFfREVMRVRFIiwiVEVOQU5UX0NPTlRFWFRfQ1JFQVRFIiwiVEVOQU5UX1NDSEVNQV9EQVRBX1JFVFJJRVZFIiwiVEVOQU5UX1NDSEVNQV9EQVRBX0RFTEVURSIsIlRFTkFOVF9TQ0hFTUFfREFUQV9VUERBVEUiLCJURU5BTlRfQ09IT1JUU19ERUxFVEUiLCJURU5BTlRfVU5JVkVSU0VfREVMRVRFIiwiVEVOQU5UX1NDSEVNQV9EQVRBX0lOR0VTVElPTiIsIlRFTkFOVF9DT0hPUlRTX0FQUFJPVkUiXX0sIk1PTkVUX21vYml1cyI6eyJyb2xlcyI6WyJURU5BTlRfQVBQTEVUU19SRVRSSUVWRV9BTExfUFVCTElTSEVEIiwiVEVOQU5UX1dJREdFVFNfUkVUUklFVkVfRFJBRlQiLCJURU5BTlRfV0lER0VUU19VUERBVEUiLCJURU5BTlRfQVBQTEVUU19ERUxFVEUiLCJURU5BTlRfV0lER0VUU19ERUxFVEUiLCJURU5BTlRfUExVR0lOX0NBVEVHT1JZX1JFVFJJRVZFX0FMTCIsIlRFTkFOVF9BUFBMRVRTX1VQREFURV9ISVNUT1JZIiwiVEVOQU5UX0VYUEVSSUVOQ0VTX0NSRUFURSIsIlRFTkFOVF9XSURHRVRTX1JFVFJJRVZFX1BVQkxJU0giLCJURU5BTlRfUExVR0lOX0NBVEVHT1JZX0NSRUFURSIsIlRFTkFOVF9ERVBFTkRFTkNZX1JFVFJJRVZFX0FMTCIsIlRFTkFOVF9XSURHRVRTX1BVQkxJU0giLCJURU5BTlRfUkVUUklFVkVfRklFTERTX09GX1BVQkxJU0hFRCIsIlRFTkFOVF9FWFBFUklFTkNFU19VUERBVEUiLCJURU5BTlRfQVBQTEVUU19DUkVBVEUiLCJURU5BTlRfUExVR0lOU19ERUxFVEUiLCJURU5BTlRfQVBQTEVUU19SRVRSSUVWRV9BTExfRFJBRlQiLCJURU5BTlRfUExVR0lOU19VUERBVEUiLCJURU5BTlRfQVBQTEVUU19SRVRSSUVWRV9GUk9NX0hJU1RPUlkiLCJURU5BTlRfUkVUUklFVkVfRklFTERTX09GX0RSQUZUIiwiVEVOQU5UX0FQUExFVFNfUkVUUklFVkVfUFVCTElTSEVEIiwiVEVOQU5UX0FQUExFVFNfUFVCTElTSEVEIiwiVEVOQU5UX1dJREdFVFNfUkVUUklFVkUiLCJURU5BTlRfUExVR0lOX0NBVEVHT1JZX0RFTEVURSIsIlRFTkFOVF9QTFVHSU5fQ0FURUdPUllfUFVCTElTSCIsIlRFTkFOVF9QTFVHSU5fQ0FURUdPUllfREVMRVRFX0NPTVBfRlJPTSIsIlRFTkFOVF9SRVRSSUVWRV9QVUJMSVNIRUQiLCJURU5BTlRfUExVR0lOU19SRVRSSUVWRSIsIlRFTkFOVF9QTFVHSU5TX0NSRUFURSIsIlRFTkFOVF9XSURHRVRTX0NSRUFURSIsIlRFTkFOVF9BUFBMRVRTX1JFVFJJRVZFX0FMTF9QVUJMSVNIRURfVEhVTUJOQUlMUyIsIk1PTkVUX1VTRVIiLCJURU5BTlRfRVhQRVJJRU5DRVNfREVMRVRFIiwiVEVOQU5UX0VYUEVSSUVOQ0VTX1BVQkxJU0giLCJURU5BTlRfUkVUUklFVkVfRlJPTV9ISVNUT1JZIiwiVEVOQU5UX1BMVUdJTl9DQVRFR09SWV9VUERBVEUiXX0sIlZJTkNJX21vYml1cyI6eyJyb2xlcyI6WyJWSU5DSV9VU0VSIl19LCJhY2NvdW50Ijp7InJvbGVzIjpbIm1hbmFnZS1hY2NvdW50IiwibWFuYWdlLWFjY291bnQtbGlua3MiLCJ2aWV3LXByb2ZpbGUiXX19LCJzY29wZSI6InByb2ZpbGUgZW1haWwiLCJyZXF1ZXN0ZXJUeXBlIjoiVEVOQU5UIiwiZW1haWxfdmVyaWZpZWQiOnRydWUsIm5hbWUiOiJBaWR0YWFzIEFpZHRhYXMiLCJ0ZW5hbnRJZCI6IjJjZjc2ZTVmLTI2YWQtNGYyYy1iY2NjLWY0YmMxZTdiZmI2NCIsInByZWZlcnJlZF91c2VybmFtZSI6InBhc3N3b3JkX3RlbmFudF9haWR0YWFzQGdhaWFuc29sdXRpb25zLmNvbSIsImdpdmVuX25hbWUiOiJBaWR0YWFzIiwiZmFtaWx5X25hbWUiOiJBaWR0YWFzIiwiZW1haWwiOiJwYXNzd29yZF90ZW5hbnRfYWlkdGFhc0BnYWlhbnNvbHV0aW9ucy5jb20ifQ.G22UWdZfpDy2T8neTapxgOEwLcTJnbjop5nrm13HlhaUON7HfGI1b-n7D7FRAcRr2u7xBEE7MwJ3OSJyfjIQamrmV1U0PYtVogiw3EQcp41YWWAnpuaG41KiZvYuxGdFO1uADRRSrbnzDP44nnh75gQxL-s_blP160DEyu4gIfJ3f3Vz_wI_6yZ1aqpsz-8r8YpbeQbgrcV577yF2lTbmavmNDA6R_FW2rF8Y-mLfFbhAkQqmpuYDWdXv7_cyOmECs53ROlGzPd-DIUi1mw9_Af0tIC6DKh1nbbp16VPKqzmCPVfI1VGNZSCzVYOAr-XApRi0JZ39ub0aO1FsZzCjA
Cookies:		&lt;none&gt;
Multiparts:		&lt;none&gt;
Body:			&lt;none&gt;

HTTP/1.1 401 Unauthorized
www-authenticate: Bearer realm=&quot;https://ig.aidtaas.com/mobius-payment-service/v1.0/card-details/card-number/yYs7Ch0sduU8YCde&quot;, error=&quot;invalid_token&quot;
content-length: 14
content-type: text/plain
date: Fri, 21 Feb 2025 06:21:54 GMT
server: istio-envoy
x-envoy-upstream-service-time: 2

Jwt is expired
</system-out>
  </testcase>
  <testcase classname="unit4cases.EvoMaster_others_Test" name="test_7" time="0.046">
    <failure message="1 expectation failed.
Expected content-type &quot;application/json&quot; doesn&apos;t match actual content-type &quot;text/plain&quot;.
" type="java.lang.AssertionError">java.lang.AssertionError: 1 expectation failed.
Expected content-type &quot;application/json&quot; doesn&apos;t match actual content-type &quot;text/plain&quot;.

	at java.base/jdk.internal.reflect.DirectConstructorHandleAccessor.newInstance(DirectConstructorHandleAccessor.java:62)
	at java.base/java.lang.reflect.Constructor.newInstanceWithCaller(Constructor.java:502)
	at java.base/java.lang.reflect.Constructor.newInstance(Constructor.java:486)
	at org.codehaus.groovy.reflection.CachedConstructor.invoke(CachedConstructor.java:73)
	at org.codehaus.groovy.runtime.callsite.ConstructorSite$ConstructorSiteNoUnwrapNoCoerce.callConstructor(ConstructorSite.java:108)
	at org.codehaus.groovy.runtime.callsite.AbstractCallSite.callConstructor(AbstractCallSite.java:277)
	at io.restassured.internal.ResponseSpecificationImpl$HamcrestAssertionClosure.validate(ResponseSpecificationImpl.groovy:512)
	at io.restassured.internal.ResponseSpecificationImpl$HamcrestAssertionClosure$validate$1.call(Unknown Source)
	at io.restassured.internal.ResponseSpecificationImpl.validateResponseIfRequired(ResponseSpecificationImpl.groovy:696)
	at io.restassured.internal.ResponseSpecificationImpl.this$2$validateResponseIfRequired(ResponseSpecificationImpl.groovy)
	at java.base/jdk.internal.reflect.DirectMethodHandleAccessor.invoke(DirectMethodHandleAccessor.java:103)
	at java.base/java.lang.reflect.Method.invoke(Method.java:580)
	at org.codehaus.groovy.runtime.callsite.PlainObjectMetaMethodSite.doInvoke(PlainObjectMetaMethodSite.java:43)
	at org.codehaus.groovy.runtime.callsite.PogoMetaMethodSite$PogoCachedMethodSiteNoUnwrapNoCoerce.invoke(PogoMetaMethodSite.java:198)
	at org.codehaus.groovy.runtime.callsite.PogoMetaMethodSite.callCurrent(PogoMetaMethodSite.java:62)
	at org.codehaus.groovy.runtime.callsite.AbstractCallSite.callCurrent(AbstractCallSite.java:185)
	at io.restassured.internal.ResponseSpecificationImpl.contentType(ResponseSpecificationImpl.groovy:443)
	at io.restassured.internal.ValidatableResponseOptionsImpl.contentType(ValidatableResponseOptionsImpl.java:226)
	at unit4cases.EvoMaster_others_Test.test_7(EvoMaster_others_Test.java:295)
	at java.base/jdk.internal.reflect.DirectMethodHandleAccessor.invoke(DirectMethodHandleAccessor.java:103)
	at java.base/java.lang.reflect.Method.invoke(Method.java:580)
	at org.junit.runners.model.FrameworkMethod$1.runReflectiveCall(FrameworkMethod.java:59)
	at org.junit.internal.runners.model.ReflectiveCallable.run(ReflectiveCallable.java:12)
	at org.junit.runners.model.FrameworkMethod.invokeExplosively(FrameworkMethod.java:56)
	at org.junit.internal.runners.statements.InvokeMethod.evaluate(InvokeMethod.java:17)
	at org.junit.internal.runners.statements.FailOnTimeout$CallableStatement.call(FailOnTimeout.java:299)
	at org.junit.internal.runners.statements.FailOnTimeout$CallableStatement.call(FailOnTimeout.java:293)
	at java.base/java.util.concurrent.FutureTask.run(FutureTask.java:317)
	at java.base/java.lang.Thread.run(Thread.java:1583)
</failure>
    <system-out>Request method:	GET
Request URI:	https://ig.aidtaas.com/mobius-payment-service/v1.0/card-details/card-type/iLuS8boGXf7
Proxy:			&lt;none&gt;
Request params:	&lt;none&gt;
Query params:	&lt;none&gt;
Form params:	&lt;none&gt;
Path params:	&lt;none&gt;
Headers:		Accept=application/json
				Authorization=Bearer  eyJhbGciOiJSUzI1NiIsInR5cCIgOiAiSldUIiwia2lkIiA6ICI3Ny1NUVdFRTNHZE5adGlsWU5IYmpsa2dVSkpaWUJWVmN1UmFZdHl5ejFjIn0.eyJleHAiOjE3NDAwODgxMjAsImlhdCI6MTc0MDA1MjEyMCwianRpIjoiYjc4MDZhYTYtZWE3MS00NWJkLWI5ODMtOWU3MDE4OTc4NTYzIiwiaXNzIjoiaHR0cDovL2tleWNsb2FrLXNlcnZpY2Uua2V5Y2xvYWsuc3ZjLmNsdXN0ZXIubG9jYWw6ODA4MC9yZWFsbXMvbWFzdGVyIiwiYXVkIjpbIkJPTFRaTUFOTl9CT1RfbW9iaXVzIiwiUEFTQ0FMX0lOVEVMTElHRU5DRV9tb2JpdXMiLCJNT05FVF9tb2JpdXMiLCJWSU5DSV9tb2JpdXMiLCJhY2NvdW50Il0sInN1YiI6IjJjZjc2ZTVmLTI2YWQtNGYyYy1iY2NjLWY0YmMxZTdiZmI2NCIsInR5cCI6IkJlYXJlciIsImF6cCI6IkhPTEFDUkFDWV9tb2JpdXMiLCJzaWQiOiJmNjcwYzZjMi03OWYzLTQ2YzctOTE5Yy1hNTNhYmRiNTgwNDMiLCJhY3IiOiIxIiwiYWxsb3dlZC1vcmlnaW5zIjpbIi8qIl0sInJlYWxtX2FjY2VzcyI6eyJyb2xlcyI6WyJkZWZhdWx0LXJvbGVzLW1hc3RlciIsIkhDWV9URU5BTlRfQ1VTVE9NIiwib2ZmbGluZV9hY2Nlc3MiLCJCT0JfVEVOQU5UX0NVU1RPTSIsInVtYV9hdXRob3JpemF0aW9uIiwiUElfVEVOQU5UX0NVU1RPTSIsIk1PTkVUX1RFTkFOVF9DVVNUT00iXX0sInJlc291cmNlX2FjY2VzcyI6eyJCT0xUWk1BTk5fQk9UX21vYml1cyI6eyJyb2xlcyI6WyJURU5BTlRfV09SS0ZMT1dfU1VTUEVORF9QUk9DRVNTX0RFRklOSVRJT04iLCJURU5BTlRfV09SS0ZMT1dfU1VTUEVORF9JTlNUQU5DRSIsIlRFTkFOVF9XT1JLRkxPV19SRVRSSUVWRV9BTEwiLCJURU5BTlRfV09SS0ZMT1dfQUNUSVZBVEVfSU5TVEFOQ0UiLCJURU5BTlRfV09SS0ZMT1dfRVhFQ1VURSIsIlRFTkFOVF9XT1JLRkxPV19SRVRSSUVWRV9IT01FIiwiVEVOQU5UX1dPUktGTE9XX1JFVFJJRVZFX1NVU1BFTkRFRF9QUk9DRVNTX0RFRlMiLCJURU5BTlRfV09SS0ZMT1dfQUNUSVZBVEVfUlVOX0pPQiIsIlRFTkFOVF9XT1JLRkxPV19TVEFUVVMiLCJURU5BTlRfV09SS0ZMT1dfQ1JFQVRFIiwiVEVOQU5UX1dPUktGTE9XX0FDVElWSVRZX0RBVEFfQ09VTlQiLCJCT0xUWk1BTk5fQk9UX1VTRVIiLCJURU5BTlRfV09SS0ZMT1dfREVQTE9ZX1ZFUlNJT04iLCJURU5BTlRfV09SS0ZMT1dfSU1QT1JUIiwiVEVOQU5UX1dPUktGTE9XX1VQREFURSIsIlRFTkFOVF9XT1JLRkxPV19ERVBMT1kiLCJURU5BTlRfV09SS0ZMT1dfU1VTUEVORF9SVU5fSk9CIiwiVEVOQU5UX1dPUktGTE9XX1JFVFJJRVZFIiwiVEVOQU5UX1dPUktGTE9XX0RFTEVURSIsIlRFTkFOVF9XT1JLRkxPV19UUklHR0VSX01FU1NBR0VfTElTVEVORVIiXX0sIkhPTEFDUkFDWV9tb2JpdXMiOnsicm9sZXMiOlsiVEVOQU5UX1BST0RVQ1RfUkVUUklFVkVfTUFTVEVSX0NPTkZJRyIsIlRFTkFOVF9JTlZJVEFUSU9OX1JFU1BPTkQiLCJURU5BTlRfTkVHT1RJQVRJT05fQVBQUk9WQUxfQlVZRVIiLCJURU5BTlRfSU5WSVRBVElPTl9SRVRSSUVWRSIsIlRFTkFOVF9PUkdBTklaQVRJT05fQ1JFQVRFIiwiVEVOQU5UX0NSRUFURV9URU5BTlQiLCJURU5BTlRfU1VCX0FMTElBTkNFX1JFVFJJRVZFIiwiVEVOQU5UX1BMQVRGT1JNX0NSRUFURSIsIkhPTEFDUkFDWV9VU0VSIiwiVEVOQU5UX1JBVEVDQVJEX0NSRUFURSIsIlRFTkFOVF9QTEFURk9STV9SRVRSSUVWRSIsIlRFTkFOVF9SRVRSSUVWRV9CWV9CVVlFUl9QTEFURk9STSIsIlRFTkFOVF9TVUJfQUxMSUFOQ0VfUkVUUklFVkVfQUxMIiwiVEVOQU5UX1BST0RVQ1RfUkVUUklFVkUiLCJURU5BTlRfQUNDT1VOVF9ERUxFVEUiLCJURU5BTlRfQUxMSUFOQ0VfUkVUUklFVkUiLCJURU5BTlRfUExBVEZPUk1fVVBEQVRFIiwiVEVOQU5UX0lOVklUQVRJT05fQ1JFQVRFIiwiVEVOQU5UX1JBVEVDQVJEX1JFVFJJRVZFIiwiVEVOQU5UX09SR0FOSVpBVElPTl9VUERBVEUiLCJURU5BTlRfUkFURUNBUkRfVVBEQVRFIiwiVEVOQU5UX09SR0FOSVpBVElPTl9ERUxFVEUiLCJURU5BTlRfUExBVEZPUk1fREVMRVRFIiwiVEVOQU5UX1BST0RVQ1RfQ1JFQVRFIiwiVEVOQU5UX1NVQl9BTExJQU5DRV9DUkVBVEUiLCJURU5BTlRfUkFURUNBUkRfREVMRVRFIiwiVEVOQU5UX0FDQ09VTlRfQ1JFQVRFIiwiVEVOQU5UX0lOVklUQVRJT05fVVBEQVRFIiwiVEVOQU5UX1JFVFJJRVZFX1RFTkFOVCIsIlRFTkFOVF9JTlZJVEFUSU9OX0RFTEVURSIsIlRFTkFOVF9ORUdPVElBVElPTl9BUFBST1ZBTF9TVVBFUl9BRE1JTiIsIlRFTkFOVF9ORUdPVElBVElPTl9SRVRSSUVWRV9BTExfQkVUV0VFTl9CVVlFUl9TRUxMRVIiLCJURU5BTlRfUkVUUklFVkVfVEVOQU5UX0FMTCIsIlRFTkFOVF9ORUdPVElBVElPTl9DUkVBVEUiLCJURU5BTlRfVVBEQVRFX1RFTkFOVCIsIlRFTkFOVF9PUkdBTklaQVRJT05fUkVUUklFVkUiLCJURU5BTlRfQUNDT1VOVF9VUERBVEUiLCJURU5BTlRfUFJPRFVDVF9ERUxFVEUiLCJURU5BTlRfU1VCX0FMTElBTkNFX0RFTEVURSIsIlRFTkFOVF9ORUdPVElBVElPTl9BUFBST1ZBTF9TRUxMRVIiLCJURU5BTlRfU1VCX0FMTElBTkNFX1VQREFURSIsIlRFTkFOVF9QUk9EVUNUX1VQREFURSIsIlRFTkFOVF9BQ0NPVU5UX1JFVFJJRVZFIiwiVEVOQU5UX05FR09USUFUSU9OX1JFVFJJRVZFIiwiVEVOQU5UX0RFTEVURV9URU5BTlQiXX0sIlBBU0NBTF9JTlRFTExJR0VOQ0VfbW9iaXVzIjp7InJvbGVzIjpbIlRFTkFOVF9DT05URVhUX0RFTEVURSIsIlRFTkFOVF9DT05URVhUX1VQREFURSIsIlRFTkFOVF9CSUdRVUVSWV9SRVRSSUVWRSIsIlRFTkFOVF9CSUdRVUVSWV9VUERBVEUiLCJURU5BTlRfVU5JVkVSU0VfQ1JFQVRFIiwiVEVOQU5UX0NPSE9SVFNfUkVUUklFVkUiLCJURU5BTlRfQklHUVVFUllfQ1JFQVRFIiwiVEVOQU5UX0JJR1FVRVJZX0VWQUxVQVRFIiwiVEVOQU5UX0NPSE9SVFNfVVBEQVRFIiwiVEVOQU5UX0NPTlRFWFRfUkVUUklFVkUiLCJURU5BTlRfVU5JVkVSU0VfUkVUUklFVkUiLCJURU5BTlRfQ09IT1JUU19FVkFMVUFURSIsIlRFTkFOVF9CSUdRVUVSWV9ERUxFVEUiLCJURU5BTlRfU0NIRU1BX0NSRUFURSIsIlBBU0NBTF9JTlRFTExJR0VOQ0VfVVNFUiIsIlRFTkFOVF9DT0hPUlRTX0NSRUFURSIsIlRFTkFOVF9TQ0hFTUFfVVBEQVRFIiwiVEVOQU5UX0NPTlRFWFRfQVBQUk9WRSIsIlRFTkFOVF9VTklWRVJTRV9VUERBVEUiLCJURU5BTlRfQklHUVVFUllfQVBQUk9WRSIsIlRFTkFOVF9TQ0hFTUFfUkVUUklFVkUiLCJURU5BTlRfU0NIRU1BX0FQUFJPVkUiLCJURU5BTlRfQ09OVEVYVF9FVkFMVUFURSIsIlRFTkFOVF9TQ0hFTUFfREVMRVRFIiwiVEVOQU5UX0NPTlRFWFRfQ1JFQVRFIiwiVEVOQU5UX1NDSEVNQV9EQVRBX1JFVFJJRVZFIiwiVEVOQU5UX1NDSEVNQV9EQVRBX0RFTEVURSIsIlRFTkFOVF9TQ0hFTUFfREFUQV9VUERBVEUiLCJURU5BTlRfQ09IT1JUU19ERUxFVEUiLCJURU5BTlRfVU5JVkVSU0VfREVMRVRFIiwiVEVOQU5UX1NDSEVNQV9EQVRBX0lOR0VTVElPTiIsIlRFTkFOVF9DT0hPUlRTX0FQUFJPVkUiXX0sIk1PTkVUX21vYml1cyI6eyJyb2xlcyI6WyJURU5BTlRfQVBQTEVUU19SRVRSSUVWRV9BTExfUFVCTElTSEVEIiwiVEVOQU5UX1dJREdFVFNfUkVUUklFVkVfRFJBRlQiLCJURU5BTlRfV0lER0VUU19VUERBVEUiLCJURU5BTlRfQVBQTEVUU19ERUxFVEUiLCJURU5BTlRfV0lER0VUU19ERUxFVEUiLCJURU5BTlRfUExVR0lOX0NBVEVHT1JZX1JFVFJJRVZFX0FMTCIsIlRFTkFOVF9BUFBMRVRTX1VQREFURV9ISVNUT1JZIiwiVEVOQU5UX0VYUEVSSUVOQ0VTX0NSRUFURSIsIlRFTkFOVF9XSURHRVRTX1JFVFJJRVZFX1BVQkxJU0giLCJURU5BTlRfUExVR0lOX0NBVEVHT1JZX0NSRUFURSIsIlRFTkFOVF9ERVBFTkRFTkNZX1JFVFJJRVZFX0FMTCIsIlRFTkFOVF9XSURHRVRTX1BVQkxJU0giLCJURU5BTlRfUkVUUklFVkVfRklFTERTX09GX1BVQkxJU0hFRCIsIlRFTkFOVF9FWFBFUklFTkNFU19VUERBVEUiLCJURU5BTlRfQVBQTEVUU19DUkVBVEUiLCJURU5BTlRfUExVR0lOU19ERUxFVEUiLCJURU5BTlRfQVBQTEVUU19SRVRSSUVWRV9BTExfRFJBRlQiLCJURU5BTlRfUExVR0lOU19VUERBVEUiLCJURU5BTlRfQVBQTEVUU19SRVRSSUVWRV9GUk9NX0hJU1RPUlkiLCJURU5BTlRfUkVUUklFVkVfRklFTERTX09GX0RSQUZUIiwiVEVOQU5UX0FQUExFVFNfUkVUUklFVkVfUFVCTElTSEVEIiwiVEVOQU5UX0FQUExFVFNfUFVCTElTSEVEIiwiVEVOQU5UX1dJREdFVFNfUkVUUklFVkUiLCJURU5BTlRfUExVR0lOX0NBVEVHT1JZX0RFTEVURSIsIlRFTkFOVF9QTFVHSU5fQ0FURUdPUllfUFVCTElTSCIsIlRFTkFOVF9QTFVHSU5fQ0FURUdPUllfREVMRVRFX0NPTVBfRlJPTSIsIlRFTkFOVF9SRVRSSUVWRV9QVUJMSVNIRUQiLCJURU5BTlRfUExVR0lOU19SRVRSSUVWRSIsIlRFTkFOVF9QTFVHSU5TX0NSRUFURSIsIlRFTkFOVF9XSURHRVRTX0NSRUFURSIsIlRFTkFOVF9BUFBMRVRTX1JFVFJJRVZFX0FMTF9QVUJMSVNIRURfVEhVTUJOQUlMUyIsIk1PTkVUX1VTRVIiLCJURU5BTlRfRVhQRVJJRU5DRVNfREVMRVRFIiwiVEVOQU5UX0VYUEVSSUVOQ0VTX1BVQkxJU0giLCJURU5BTlRfUkVUUklFVkVfRlJPTV9ISVNUT1JZIiwiVEVOQU5UX1BMVUdJTl9DQVRFR09SWV9VUERBVEUiXX0sIlZJTkNJX21vYml1cyI6eyJyb2xlcyI6WyJWSU5DSV9VU0VSIl19LCJhY2NvdW50Ijp7InJvbGVzIjpbIm1hbmFnZS1hY2NvdW50IiwibWFuYWdlLWFjY291bnQtbGlua3MiLCJ2aWV3LXByb2ZpbGUiXX19LCJzY29wZSI6InByb2ZpbGUgZW1haWwiLCJyZXF1ZXN0ZXJUeXBlIjoiVEVOQU5UIiwiZW1haWxfdmVyaWZpZWQiOnRydWUsIm5hbWUiOiJBaWR0YWFzIEFpZHRhYXMiLCJ0ZW5hbnRJZCI6IjJjZjc2ZTVmLTI2YWQtNGYyYy1iY2NjLWY0YmMxZTdiZmI2NCIsInByZWZlcnJlZF91c2VybmFtZSI6InBhc3N3b3JkX3RlbmFudF9haWR0YWFzQGdhaWFuc29sdXRpb25zLmNvbSIsImdpdmVuX25hbWUiOiJBaWR0YWFzIiwiZmFtaWx5X25hbWUiOiJBaWR0YWFzIiwiZW1haWwiOiJwYXNzd29yZF90ZW5hbnRfYWlkdGFhc0BnYWlhbnNvbHV0aW9ucy5jb20ifQ.G22UWdZfpDy2T8neTapxgOEwLcTJnbjop5nrm13HlhaUON7HfGI1b-n7D7FRAcRr2u7xBEE7MwJ3OSJyfjIQamrmV1U0PYtVogiw3EQcp41YWWAnpuaG41KiZvYuxGdFO1uADRRSrbnzDP44nnh75gQxL-s_blP160DEyu4gIfJ3f3Vz_wI_6yZ1aqpsz-8r8YpbeQbgrcV577yF2lTbmavmNDA6R_FW2rF8Y-mLfFbhAkQqmpuYDWdXv7_cyOmECs53ROlGzPd-DIUi1mw9_Af0tIC6DKh1nbbp16VPKqzmCPVfI1VGNZSCzVYOAr-XApRi0JZ39ub0aO1FsZzCjA
Cookies:		&lt;none&gt;
Multiparts:		&lt;none&gt;
Body:			&lt;none&gt;

HTTP/1.1 401 Unauthorized
www-authenticate: Bearer realm=&quot;https://ig.aidtaas.com/mobius-payment-service/v1.0/card-details/card-type/iLuS8boGXf7&quot;, error=&quot;invalid_token&quot;
content-length: 14
content-type: text/plain
date: Fri, 21 Feb 2025 06:21:54 GMT
server: istio-envoy
x-envoy-upstream-service-time: 3

Jwt is expired
</system-out>
  </testcase>
  <testcase classname="unit4cases.EvoMaster_others_Test" name="test_8" time="0.055">
    <failure message="1 expectation failed.
Expected content-type &quot;application/json&quot; doesn&apos;t match actual content-type &quot;text/plain&quot;.
" type="java.lang.AssertionError">java.lang.AssertionError: 1 expectation failed.
Expected content-type &quot;application/json&quot; doesn&apos;t match actual content-type &quot;text/plain&quot;.

	at java.base/jdk.internal.reflect.DirectConstructorHandleAccessor.newInstance(DirectConstructorHandleAccessor.java:62)
	at java.base/java.lang.reflect.Constructor.newInstanceWithCaller(Constructor.java:502)
	at java.base/java.lang.reflect.Constructor.newInstance(Constructor.java:486)
	at org.codehaus.groovy.reflection.CachedConstructor.invoke(CachedConstructor.java:73)
	at org.codehaus.groovy.runtime.callsite.ConstructorSite$ConstructorSiteNoUnwrapNoCoerce.callConstructor(ConstructorSite.java:108)
	at org.codehaus.groovy.runtime.callsite.AbstractCallSite.callConstructor(AbstractCallSite.java:277)
	at io.restassured.internal.ResponseSpecificationImpl$HamcrestAssertionClosure.validate(ResponseSpecificationImpl.groovy:512)
	at io.restassured.internal.ResponseSpecificationImpl$HamcrestAssertionClosure$validate$1.call(Unknown Source)
	at io.restassured.internal.ResponseSpecificationImpl.validateResponseIfRequired(ResponseSpecificationImpl.groovy:696)
	at io.restassured.internal.ResponseSpecificationImpl.this$2$validateResponseIfRequired(ResponseSpecificationImpl.groovy)
	at java.base/jdk.internal.reflect.DirectMethodHandleAccessor.invoke(DirectMethodHandleAccessor.java:103)
	at java.base/java.lang.reflect.Method.invoke(Method.java:580)
	at org.codehaus.groovy.runtime.callsite.PlainObjectMetaMethodSite.doInvoke(PlainObjectMetaMethodSite.java:43)
	at org.codehaus.groovy.runtime.callsite.PogoMetaMethodSite$PogoCachedMethodSiteNoUnwrapNoCoerce.invoke(PogoMetaMethodSite.java:198)
	at org.codehaus.groovy.runtime.callsite.PogoMetaMethodSite.callCurrent(PogoMetaMethodSite.java:62)
	at org.codehaus.groovy.runtime.callsite.AbstractCallSite.callCurrent(AbstractCallSite.java:185)
	at io.restassured.internal.ResponseSpecificationImpl.contentType(ResponseSpecificationImpl.groovy:443)
	at io.restassured.internal.ValidatableResponseOptionsImpl.contentType(ValidatableResponseOptionsImpl.java:226)
	at unit4cases.EvoMaster_others_Test.test_8(EvoMaster_others_Test.java:321)
	at java.base/jdk.internal.reflect.DirectMethodHandleAccessor.invoke(DirectMethodHandleAccessor.java:103)
	at java.base/java.lang.reflect.Method.invoke(Method.java:580)
	at org.junit.runners.model.FrameworkMethod$1.runReflectiveCall(FrameworkMethod.java:59)
	at org.junit.internal.runners.model.ReflectiveCallable.run(ReflectiveCallable.java:12)
	at org.junit.runners.model.FrameworkMethod.invokeExplosively(FrameworkMethod.java:56)
	at org.junit.internal.runners.statements.InvokeMethod.evaluate(InvokeMethod.java:17)
	at org.junit.internal.runners.statements.FailOnTimeout$CallableStatement.call(FailOnTimeout.java:299)
	at org.junit.internal.runners.statements.FailOnTimeout$CallableStatement.call(FailOnTimeout.java:293)
	at java.base/java.util.concurrent.FutureTask.run(FutureTask.java:317)
	at java.base/java.lang.Thread.run(Thread.java:1583)
</failure>
    <system-out>Request method:	GET
Request URI:	https://ig.aidtaas.com/mobius-payment-service/v1.0/wallets/all-wallets
Proxy:			&lt;none&gt;
Request params:	&lt;none&gt;
Query params:	&lt;none&gt;
Form params:	&lt;none&gt;
Path params:	&lt;none&gt;
Headers:		Accept=application/json
				Authorization=Bearer  eyJhbGciOiJSUzI1NiIsInR5cCIgOiAiSldUIiwia2lkIiA6ICI3Ny1NUVdFRTNHZE5adGlsWU5IYmpsa2dVSkpaWUJWVmN1UmFZdHl5ejFjIn0.eyJleHAiOjE3NDAwODgxMjAsImlhdCI6MTc0MDA1MjEyMCwianRpIjoiYjc4MDZhYTYtZWE3MS00NWJkLWI5ODMtOWU3MDE4OTc4NTYzIiwiaXNzIjoiaHR0cDovL2tleWNsb2FrLXNlcnZpY2Uua2V5Y2xvYWsuc3ZjLmNsdXN0ZXIubG9jYWw6ODA4MC9yZWFsbXMvbWFzdGVyIiwiYXVkIjpbIkJPTFRaTUFOTl9CT1RfbW9iaXVzIiwiUEFTQ0FMX0lOVEVMTElHRU5DRV9tb2JpdXMiLCJNT05FVF9tb2JpdXMiLCJWSU5DSV9tb2JpdXMiLCJhY2NvdW50Il0sInN1YiI6IjJjZjc2ZTVmLTI2YWQtNGYyYy1iY2NjLWY0YmMxZTdiZmI2NCIsInR5cCI6IkJlYXJlciIsImF6cCI6IkhPTEFDUkFDWV9tb2JpdXMiLCJzaWQiOiJmNjcwYzZjMi03OWYzLTQ2YzctOTE5Yy1hNTNhYmRiNTgwNDMiLCJhY3IiOiIxIiwiYWxsb3dlZC1vcmlnaW5zIjpbIi8qIl0sInJlYWxtX2FjY2VzcyI6eyJyb2xlcyI6WyJkZWZhdWx0LXJvbGVzLW1hc3RlciIsIkhDWV9URU5BTlRfQ1VTVE9NIiwib2ZmbGluZV9hY2Nlc3MiLCJCT0JfVEVOQU5UX0NVU1RPTSIsInVtYV9hdXRob3JpemF0aW9uIiwiUElfVEVOQU5UX0NVU1RPTSIsIk1PTkVUX1RFTkFOVF9DVVNUT00iXX0sInJlc291cmNlX2FjY2VzcyI6eyJCT0xUWk1BTk5fQk9UX21vYml1cyI6eyJyb2xlcyI6WyJURU5BTlRfV09SS0ZMT1dfU1VTUEVORF9QUk9DRVNTX0RFRklOSVRJT04iLCJURU5BTlRfV09SS0ZMT1dfU1VTUEVORF9JTlNUQU5DRSIsIlRFTkFOVF9XT1JLRkxPV19SRVRSSUVWRV9BTEwiLCJURU5BTlRfV09SS0ZMT1dfQUNUSVZBVEVfSU5TVEFOQ0UiLCJURU5BTlRfV09SS0ZMT1dfRVhFQ1VURSIsIlRFTkFOVF9XT1JLRkxPV19SRVRSSUVWRV9IT01FIiwiVEVOQU5UX1dPUktGTE9XX1JFVFJJRVZFX1NVU1BFTkRFRF9QUk9DRVNTX0RFRlMiLCJURU5BTlRfV09SS0ZMT1dfQUNUSVZBVEVfUlVOX0pPQiIsIlRFTkFOVF9XT1JLRkxPV19TVEFUVVMiLCJURU5BTlRfV09SS0ZMT1dfQ1JFQVRFIiwiVEVOQU5UX1dPUktGTE9XX0FDVElWSVRZX0RBVEFfQ09VTlQiLCJCT0xUWk1BTk5fQk9UX1VTRVIiLCJURU5BTlRfV09SS0ZMT1dfREVQTE9ZX1ZFUlNJT04iLCJURU5BTlRfV09SS0ZMT1dfSU1QT1JUIiwiVEVOQU5UX1dPUktGTE9XX1VQREFURSIsIlRFTkFOVF9XT1JLRkxPV19ERVBMT1kiLCJURU5BTlRfV09SS0ZMT1dfU1VTUEVORF9SVU5fSk9CIiwiVEVOQU5UX1dPUktGTE9XX1JFVFJJRVZFIiwiVEVOQU5UX1dPUktGTE9XX0RFTEVURSIsIlRFTkFOVF9XT1JLRkxPV19UUklHR0VSX01FU1NBR0VfTElTVEVORVIiXX0sIkhPTEFDUkFDWV9tb2JpdXMiOnsicm9sZXMiOlsiVEVOQU5UX1BST0RVQ1RfUkVUUklFVkVfTUFTVEVSX0NPTkZJRyIsIlRFTkFOVF9JTlZJVEFUSU9OX1JFU1BPTkQiLCJURU5BTlRfTkVHT1RJQVRJT05fQVBQUk9WQUxfQlVZRVIiLCJURU5BTlRfSU5WSVRBVElPTl9SRVRSSUVWRSIsIlRFTkFOVF9PUkdBTklaQVRJT05fQ1JFQVRFIiwiVEVOQU5UX0NSRUFURV9URU5BTlQiLCJURU5BTlRfU1VCX0FMTElBTkNFX1JFVFJJRVZFIiwiVEVOQU5UX1BMQVRGT1JNX0NSRUFURSIsIkhPTEFDUkFDWV9VU0VSIiwiVEVOQU5UX1JBVEVDQVJEX0NSRUFURSIsIlRFTkFOVF9QTEFURk9STV9SRVRSSUVWRSIsIlRFTkFOVF9SRVRSSUVWRV9CWV9CVVlFUl9QTEFURk9STSIsIlRFTkFOVF9TVUJfQUxMSUFOQ0VfUkVUUklFVkVfQUxMIiwiVEVOQU5UX1BST0RVQ1RfUkVUUklFVkUiLCJURU5BTlRfQUNDT1VOVF9ERUxFVEUiLCJURU5BTlRfQUxMSUFOQ0VfUkVUUklFVkUiLCJURU5BTlRfUExBVEZPUk1fVVBEQVRFIiwiVEVOQU5UX0lOVklUQVRJT05fQ1JFQVRFIiwiVEVOQU5UX1JBVEVDQVJEX1JFVFJJRVZFIiwiVEVOQU5UX09SR0FOSVpBVElPTl9VUERBVEUiLCJURU5BTlRfUkFURUNBUkRfVVBEQVRFIiwiVEVOQU5UX09SR0FOSVpBVElPTl9ERUxFVEUiLCJURU5BTlRfUExBVEZPUk1fREVMRVRFIiwiVEVOQU5UX1BST0RVQ1RfQ1JFQVRFIiwiVEVOQU5UX1NVQl9BTExJQU5DRV9DUkVBVEUiLCJURU5BTlRfUkFURUNBUkRfREVMRVRFIiwiVEVOQU5UX0FDQ09VTlRfQ1JFQVRFIiwiVEVOQU5UX0lOVklUQVRJT05fVVBEQVRFIiwiVEVOQU5UX1JFVFJJRVZFX1RFTkFOVCIsIlRFTkFOVF9JTlZJVEFUSU9OX0RFTEVURSIsIlRFTkFOVF9ORUdPVElBVElPTl9BUFBST1ZBTF9TVVBFUl9BRE1JTiIsIlRFTkFOVF9ORUdPVElBVElPTl9SRVRSSUVWRV9BTExfQkVUV0VFTl9CVVlFUl9TRUxMRVIiLCJURU5BTlRfUkVUUklFVkVfVEVOQU5UX0FMTCIsIlRFTkFOVF9ORUdPVElBVElPTl9DUkVBVEUiLCJURU5BTlRfVVBEQVRFX1RFTkFOVCIsIlRFTkFOVF9PUkdBTklaQVRJT05fUkVUUklFVkUiLCJURU5BTlRfQUNDT1VOVF9VUERBVEUiLCJURU5BTlRfUFJPRFVDVF9ERUxFVEUiLCJURU5BTlRfU1VCX0FMTElBTkNFX0RFTEVURSIsIlRFTkFOVF9ORUdPVElBVElPTl9BUFBST1ZBTF9TRUxMRVIiLCJURU5BTlRfU1VCX0FMTElBTkNFX1VQREFURSIsIlRFTkFOVF9QUk9EVUNUX1VQREFURSIsIlRFTkFOVF9BQ0NPVU5UX1JFVFJJRVZFIiwiVEVOQU5UX05FR09USUFUSU9OX1JFVFJJRVZFIiwiVEVOQU5UX0RFTEVURV9URU5BTlQiXX0sIlBBU0NBTF9JTlRFTExJR0VOQ0VfbW9iaXVzIjp7InJvbGVzIjpbIlRFTkFOVF9DT05URVhUX0RFTEVURSIsIlRFTkFOVF9DT05URVhUX1VQREFURSIsIlRFTkFOVF9CSUdRVUVSWV9SRVRSSUVWRSIsIlRFTkFOVF9CSUdRVUVSWV9VUERBVEUiLCJURU5BTlRfVU5JVkVSU0VfQ1JFQVRFIiwiVEVOQU5UX0NPSE9SVFNfUkVUUklFVkUiLCJURU5BTlRfQklHUVVFUllfQ1JFQVRFIiwiVEVOQU5UX0JJR1FVRVJZX0VWQUxVQVRFIiwiVEVOQU5UX0NPSE9SVFNfVVBEQVRFIiwiVEVOQU5UX0NPTlRFWFRfUkVUUklFVkUiLCJURU5BTlRfVU5JVkVSU0VfUkVUUklFVkUiLCJURU5BTlRfQ09IT1JUU19FVkFMVUFURSIsIlRFTkFOVF9CSUdRVUVSWV9ERUxFVEUiLCJURU5BTlRfU0NIRU1BX0NSRUFURSIsIlBBU0NBTF9JTlRFTExJR0VOQ0VfVVNFUiIsIlRFTkFOVF9DT0hPUlRTX0NSRUFURSIsIlRFTkFOVF9TQ0hFTUFfVVBEQVRFIiwiVEVOQU5UX0NPTlRFWFRfQVBQUk9WRSIsIlRFTkFOVF9VTklWRVJTRV9VUERBVEUiLCJURU5BTlRfQklHUVVFUllfQVBQUk9WRSIsIlRFTkFOVF9TQ0hFTUFfUkVUUklFVkUiLCJURU5BTlRfU0NIRU1BX0FQUFJPVkUiLCJURU5BTlRfQ09OVEVYVF9FVkFMVUFURSIsIlRFTkFOVF9TQ0hFTUFfREVMRVRFIiwiVEVOQU5UX0NPTlRFWFRfQ1JFQVRFIiwiVEVOQU5UX1NDSEVNQV9EQVRBX1JFVFJJRVZFIiwiVEVOQU5UX1NDSEVNQV9EQVRBX0RFTEVURSIsIlRFTkFOVF9TQ0hFTUFfREFUQV9VUERBVEUiLCJURU5BTlRfQ09IT1JUU19ERUxFVEUiLCJURU5BTlRfVU5JVkVSU0VfREVMRVRFIiwiVEVOQU5UX1NDSEVNQV9EQVRBX0lOR0VTVElPTiIsIlRFTkFOVF9DT0hPUlRTX0FQUFJPVkUiXX0sIk1PTkVUX21vYml1cyI6eyJyb2xlcyI6WyJURU5BTlRfQVBQTEVUU19SRVRSSUVWRV9BTExfUFVCTElTSEVEIiwiVEVOQU5UX1dJREdFVFNfUkVUUklFVkVfRFJBRlQiLCJURU5BTlRfV0lER0VUU19VUERBVEUiLCJURU5BTlRfQVBQTEVUU19ERUxFVEUiLCJURU5BTlRfV0lER0VUU19ERUxFVEUiLCJURU5BTlRfUExVR0lOX0NBVEVHT1JZX1JFVFJJRVZFX0FMTCIsIlRFTkFOVF9BUFBMRVRTX1VQREFURV9ISVNUT1JZIiwiVEVOQU5UX0VYUEVSSUVOQ0VTX0NSRUFURSIsIlRFTkFOVF9XSURHRVRTX1JFVFJJRVZFX1BVQkxJU0giLCJURU5BTlRfUExVR0lOX0NBVEVHT1JZX0NSRUFURSIsIlRFTkFOVF9ERVBFTkRFTkNZX1JFVFJJRVZFX0FMTCIsIlRFTkFOVF9XSURHRVRTX1BVQkxJU0giLCJURU5BTlRfUkVUUklFVkVfRklFTERTX09GX1BVQkxJU0hFRCIsIlRFTkFOVF9FWFBFUklFTkNFU19VUERBVEUiLCJURU5BTlRfQVBQTEVUU19DUkVBVEUiLCJURU5BTlRfUExVR0lOU19ERUxFVEUiLCJURU5BTlRfQVBQTEVUU19SRVRSSUVWRV9BTExfRFJBRlQiLCJURU5BTlRfUExVR0lOU19VUERBVEUiLCJURU5BTlRfQVBQTEVUU19SRVRSSUVWRV9GUk9NX0hJU1RPUlkiLCJURU5BTlRfUkVUUklFVkVfRklFTERTX09GX0RSQUZUIiwiVEVOQU5UX0FQUExFVFNfUkVUUklFVkVfUFVCTElTSEVEIiwiVEVOQU5UX0FQUExFVFNfUFVCTElTSEVEIiwiVEVOQU5UX1dJREdFVFNfUkVUUklFVkUiLCJURU5BTlRfUExVR0lOX0NBVEVHT1JZX0RFTEVURSIsIlRFTkFOVF9QTFVHSU5fQ0FURUdPUllfUFVCTElTSCIsIlRFTkFOVF9QTFVHSU5fQ0FURUdPUllfREVMRVRFX0NPTVBfRlJPTSIsIlRFTkFOVF9SRVRSSUVWRV9QVUJMSVNIRUQiLCJURU5BTlRfUExVR0lOU19SRVRSSUVWRSIsIlRFTkFOVF9QTFVHSU5TX0NSRUFURSIsIlRFTkFOVF9XSURHRVRTX0NSRUFURSIsIlRFTkFOVF9BUFBMRVRTX1JFVFJJRVZFX0FMTF9QVUJMSVNIRURfVEhVTUJOQUlMUyIsIk1PTkVUX1VTRVIiLCJURU5BTlRfRVhQRVJJRU5DRVNfREVMRVRFIiwiVEVOQU5UX0VYUEVSSUVOQ0VTX1BVQkxJU0giLCJURU5BTlRfUkVUUklFVkVfRlJPTV9ISVNUT1JZIiwiVEVOQU5UX1BMVUdJTl9DQVRFR09SWV9VUERBVEUiXX0sIlZJTkNJX21vYml1cyI6eyJyb2xlcyI6WyJWSU5DSV9VU0VSIl19LCJhY2NvdW50Ijp7InJvbGVzIjpbIm1hbmFnZS1hY2NvdW50IiwibWFuYWdlLWFjY291bnQtbGlua3MiLCJ2aWV3LXByb2ZpbGUiXX19LCJzY29wZSI6InByb2ZpbGUgZW1haWwiLCJyZXF1ZXN0ZXJUeXBlIjoiVEVOQU5UIiwiZW1haWxfdmVyaWZpZWQiOnRydWUsIm5hbWUiOiJBaWR0YWFzIEFpZHRhYXMiLCJ0ZW5hbnRJZCI6IjJjZjc2ZTVmLTI2YWQtNGYyYy1iY2NjLWY0YmMxZTdiZmI2NCIsInByZWZlcnJlZF91c2VybmFtZSI6InBhc3N3b3JkX3RlbmFudF9haWR0YWFzQGdhaWFuc29sdXRpb25zLmNvbSIsImdpdmVuX25hbWUiOiJBaWR0YWFzIiwiZmFtaWx5X25hbWUiOiJBaWR0YWFzIiwiZW1haWwiOiJwYXNzd29yZF90ZW5hbnRfYWlkdGFhc0BnYWlhbnNvbHV0aW9ucy5jb20ifQ.G22UWdZfpDy2T8neTapxgOEwLcTJnbjop5nrm13HlhaUON7HfGI1b-n7D7FRAcRr2u7xBEE7MwJ3OSJyfjIQamrmV1U0PYtVogiw3EQcp41YWWAnpuaG41KiZvYuxGdFO1uADRRSrbnzDP44nnh75gQxL-s_blP160DEyu4gIfJ3f3Vz_wI_6yZ1aqpsz-8r8YpbeQbgrcV577yF2lTbmavmNDA6R_FW2rF8Y-mLfFbhAkQqmpuYDWdXv7_cyOmECs53ROlGzPd-DIUi1mw9_Af0tIC6DKh1nbbp16VPKqzmCPVfI1VGNZSCzVYOAr-XApRi0JZ39ub0aO1FsZzCjA
Cookies:		&lt;none&gt;
Multiparts:		&lt;none&gt;
Body:			&lt;none&gt;

HTTP/1.1 401 Unauthorized
www-authenticate: Bearer realm=&quot;https://ig.aidtaas.com/mobius-payment-service/v1.0/wallets/all-wallets&quot;, error=&quot;invalid_token&quot;
content-length: 14
content-type: text/plain
date: Fri, 21 Feb 2025 06:21:54 GMT
server: istio-envoy
x-envoy-upstream-service-time: 2

Jwt is expired
</system-out>
  </testcase>
  <testcase classname="unit4cases.EvoMaster_others_Test" name="test_9" time="0.037">
    <failure message="1 expectation failed.
Expected content-type &quot;application/json&quot; doesn&apos;t match actual content-type &quot;text/plain&quot;.
" type="java.lang.AssertionError">java.lang.AssertionError: 1 expectation failed.
Expected content-type &quot;application/json&quot; doesn&apos;t match actual content-type &quot;text/plain&quot;.

	at java.base/jdk.internal.reflect.DirectConstructorHandleAccessor.newInstance(DirectConstructorHandleAccessor.java:62)
	at java.base/java.lang.reflect.Constructor.newInstanceWithCaller(Constructor.java:502)
	at java.base/java.lang.reflect.Constructor.newInstance(Constructor.java:486)
	at org.codehaus.groovy.reflection.CachedConstructor.invoke(CachedConstructor.java:73)
	at org.codehaus.groovy.runtime.callsite.ConstructorSite$ConstructorSiteNoUnwrapNoCoerce.callConstructor(ConstructorSite.java:108)
	at org.codehaus.groovy.runtime.callsite.AbstractCallSite.callConstructor(AbstractCallSite.java:277)
	at io.restassured.internal.ResponseSpecificationImpl$HamcrestAssertionClosure.validate(ResponseSpecificationImpl.groovy:512)
	at io.restassured.internal.ResponseSpecificationImpl$HamcrestAssertionClosure$validate$1.call(Unknown Source)
	at io.restassured.internal.ResponseSpecificationImpl.validateResponseIfRequired(ResponseSpecificationImpl.groovy:696)
	at io.restassured.internal.ResponseSpecificationImpl.this$2$validateResponseIfRequired(ResponseSpecificationImpl.groovy)
	at java.base/jdk.internal.reflect.DirectMethodHandleAccessor.invoke(DirectMethodHandleAccessor.java:103)
	at java.base/java.lang.reflect.Method.invoke(Method.java:580)
	at org.codehaus.groovy.runtime.callsite.PlainObjectMetaMethodSite.doInvoke(PlainObjectMetaMethodSite.java:43)
	at org.codehaus.groovy.runtime.callsite.PogoMetaMethodSite$PogoCachedMethodSiteNoUnwrapNoCoerce.invoke(PogoMetaMethodSite.java:198)
	at org.codehaus.groovy.runtime.callsite.PogoMetaMethodSite.callCurrent(PogoMetaMethodSite.java:62)
	at org.codehaus.groovy.runtime.callsite.AbstractCallSite.callCurrent(AbstractCallSite.java:185)
	at io.restassured.internal.ResponseSpecificationImpl.contentType(ResponseSpecificationImpl.groovy:443)
	at io.restassured.internal.ValidatableResponseOptionsImpl.contentType(ValidatableResponseOptionsImpl.java:226)
	at unit4cases.EvoMaster_others_Test.test_9(EvoMaster_others_Test.java:347)
	at java.base/jdk.internal.reflect.DirectMethodHandleAccessor.invoke(DirectMethodHandleAccessor.java:103)
	at java.base/java.lang.reflect.Method.invoke(Method.java:580)
	at org.junit.runners.model.FrameworkMethod$1.runReflectiveCall(FrameworkMethod.java:59)
	at org.junit.internal.runners.model.ReflectiveCallable.run(ReflectiveCallable.java:12)
	at org.junit.runners.model.FrameworkMethod.invokeExplosively(FrameworkMethod.java:56)
	at org.junit.internal.runners.statements.InvokeMethod.evaluate(InvokeMethod.java:17)
	at org.junit.internal.runners.statements.FailOnTimeout$CallableStatement.call(FailOnTimeout.java:299)
	at org.junit.internal.runners.statements.FailOnTimeout$CallableStatement.call(FailOnTimeout.java:293)
	at java.base/java.util.concurrent.FutureTask.run(FutureTask.java:317)
	at java.base/java.lang.Thread.run(Thread.java:1583)
</failure>
    <system-out>Request method:	GET
Request URI:	https://ig.aidtaas.com/mobius-payment-service/v1.0/wallets/cards/TFIt0FeE/currency/JEv
Proxy:			&lt;none&gt;
Request params:	&lt;none&gt;
Query params:	&lt;none&gt;
Form params:	&lt;none&gt;
Path params:	&lt;none&gt;
Headers:		Accept=application/json
				Authorization=Bearer  eyJhbGciOiJSUzI1NiIsInR5cCIgOiAiSldUIiwia2lkIiA6ICI3Ny1NUVdFRTNHZE5adGlsWU5IYmpsa2dVSkpaWUJWVmN1UmFZdHl5ejFjIn0.eyJleHAiOjE3NDAwODgxMjAsImlhdCI6MTc0MDA1MjEyMCwianRpIjoiYjc4MDZhYTYtZWE3MS00NWJkLWI5ODMtOWU3MDE4OTc4NTYzIiwiaXNzIjoiaHR0cDovL2tleWNsb2FrLXNlcnZpY2Uua2V5Y2xvYWsuc3ZjLmNsdXN0ZXIubG9jYWw6ODA4MC9yZWFsbXMvbWFzdGVyIiwiYXVkIjpbIkJPTFRaTUFOTl9CT1RfbW9iaXVzIiwiUEFTQ0FMX0lOVEVMTElHRU5DRV9tb2JpdXMiLCJNT05FVF9tb2JpdXMiLCJWSU5DSV9tb2JpdXMiLCJhY2NvdW50Il0sInN1YiI6IjJjZjc2ZTVmLTI2YWQtNGYyYy1iY2NjLWY0YmMxZTdiZmI2NCIsInR5cCI6IkJlYXJlciIsImF6cCI6IkhPTEFDUkFDWV9tb2JpdXMiLCJzaWQiOiJmNjcwYzZjMi03OWYzLTQ2YzctOTE5Yy1hNTNhYmRiNTgwNDMiLCJhY3IiOiIxIiwiYWxsb3dlZC1vcmlnaW5zIjpbIi8qIl0sInJlYWxtX2FjY2VzcyI6eyJyb2xlcyI6WyJkZWZhdWx0LXJvbGVzLW1hc3RlciIsIkhDWV9URU5BTlRfQ1VTVE9NIiwib2ZmbGluZV9hY2Nlc3MiLCJCT0JfVEVOQU5UX0NVU1RPTSIsInVtYV9hdXRob3JpemF0aW9uIiwiUElfVEVOQU5UX0NVU1RPTSIsIk1PTkVUX1RFTkFOVF9DVVNUT00iXX0sInJlc291cmNlX2FjY2VzcyI6eyJCT0xUWk1BTk5fQk9UX21vYml1cyI6eyJyb2xlcyI6WyJURU5BTlRfV09SS0ZMT1dfU1VTUEVORF9QUk9DRVNTX0RFRklOSVRJT04iLCJURU5BTlRfV09SS0ZMT1dfU1VTUEVORF9JTlNUQU5DRSIsIlRFTkFOVF9XT1JLRkxPV19SRVRSSUVWRV9BTEwiLCJURU5BTlRfV09SS0ZMT1dfQUNUSVZBVEVfSU5TVEFOQ0UiLCJURU5BTlRfV09SS0ZMT1dfRVhFQ1VURSIsIlRFTkFOVF9XT1JLRkxPV19SRVRSSUVWRV9IT01FIiwiVEVOQU5UX1dPUktGTE9XX1JFVFJJRVZFX1NVU1BFTkRFRF9QUk9DRVNTX0RFRlMiLCJURU5BTlRfV09SS0ZMT1dfQUNUSVZBVEVfUlVOX0pPQiIsIlRFTkFOVF9XT1JLRkxPV19TVEFUVVMiLCJURU5BTlRfV09SS0ZMT1dfQ1JFQVRFIiwiVEVOQU5UX1dPUktGTE9XX0FDVElWSVRZX0RBVEFfQ09VTlQiLCJCT0xUWk1BTk5fQk9UX1VTRVIiLCJURU5BTlRfV09SS0ZMT1dfREVQTE9ZX1ZFUlNJT04iLCJURU5BTlRfV09SS0ZMT1dfSU1QT1JUIiwiVEVOQU5UX1dPUktGTE9XX1VQREFURSIsIlRFTkFOVF9XT1JLRkxPV19ERVBMT1kiLCJURU5BTlRfV09SS0ZMT1dfU1VTUEVORF9SVU5fSk9CIiwiVEVOQU5UX1dPUktGTE9XX1JFVFJJRVZFIiwiVEVOQU5UX1dPUktGTE9XX0RFTEVURSIsIlRFTkFOVF9XT1JLRkxPV19UUklHR0VSX01FU1NBR0VfTElTVEVORVIiXX0sIkhPTEFDUkFDWV9tb2JpdXMiOnsicm9sZXMiOlsiVEVOQU5UX1BST0RVQ1RfUkVUUklFVkVfTUFTVEVSX0NPTkZJRyIsIlRFTkFOVF9JTlZJVEFUSU9OX1JFU1BPTkQiLCJURU5BTlRfTkVHT1RJQVRJT05fQVBQUk9WQUxfQlVZRVIiLCJURU5BTlRfSU5WSVRBVElPTl9SRVRSSUVWRSIsIlRFTkFOVF9PUkdBTklaQVRJT05fQ1JFQVRFIiwiVEVOQU5UX0NSRUFURV9URU5BTlQiLCJURU5BTlRfU1VCX0FMTElBTkNFX1JFVFJJRVZFIiwiVEVOQU5UX1BMQVRGT1JNX0NSRUFURSIsIkhPTEFDUkFDWV9VU0VSIiwiVEVOQU5UX1JBVEVDQVJEX0NSRUFURSIsIlRFTkFOVF9QTEFURk9STV9SRVRSSUVWRSIsIlRFTkFOVF9SRVRSSUVWRV9CWV9CVVlFUl9QTEFURk9STSIsIlRFTkFOVF9TVUJfQUxMSUFOQ0VfUkVUUklFVkVfQUxMIiwiVEVOQU5UX1BST0RVQ1RfUkVUUklFVkUiLCJURU5BTlRfQUNDT1VOVF9ERUxFVEUiLCJURU5BTlRfQUxMSUFOQ0VfUkVUUklFVkUiLCJURU5BTlRfUExBVEZPUk1fVVBEQVRFIiwiVEVOQU5UX0lOVklUQVRJT05fQ1JFQVRFIiwiVEVOQU5UX1JBVEVDQVJEX1JFVFJJRVZFIiwiVEVOQU5UX09SR0FOSVpBVElPTl9VUERBVEUiLCJURU5BTlRfUkFURUNBUkRfVVBEQVRFIiwiVEVOQU5UX09SR0FOSVpBVElPTl9ERUxFVEUiLCJURU5BTlRfUExBVEZPUk1fREVMRVRFIiwiVEVOQU5UX1BST0RVQ1RfQ1JFQVRFIiwiVEVOQU5UX1NVQl9BTExJQU5DRV9DUkVBVEUiLCJURU5BTlRfUkFURUNBUkRfREVMRVRFIiwiVEVOQU5UX0FDQ09VTlRfQ1JFQVRFIiwiVEVOQU5UX0lOVklUQVRJT05fVVBEQVRFIiwiVEVOQU5UX1JFVFJJRVZFX1RFTkFOVCIsIlRFTkFOVF9JTlZJVEFUSU9OX0RFTEVURSIsIlRFTkFOVF9ORUdPVElBVElPTl9BUFBST1ZBTF9TVVBFUl9BRE1JTiIsIlRFTkFOVF9ORUdPVElBVElPTl9SRVRSSUVWRV9BTExfQkVUV0VFTl9CVVlFUl9TRUxMRVIiLCJURU5BTlRfUkVUUklFVkVfVEVOQU5UX0FMTCIsIlRFTkFOVF9ORUdPVElBVElPTl9DUkVBVEUiLCJURU5BTlRfVVBEQVRFX1RFTkFOVCIsIlRFTkFOVF9PUkdBTklaQVRJT05fUkVUUklFVkUiLCJURU5BTlRfQUNDT1VOVF9VUERBVEUiLCJURU5BTlRfUFJPRFVDVF9ERUxFVEUiLCJURU5BTlRfU1VCX0FMTElBTkNFX0RFTEVURSIsIlRFTkFOVF9ORUdPVElBVElPTl9BUFBST1ZBTF9TRUxMRVIiLCJURU5BTlRfU1VCX0FMTElBTkNFX1VQREFURSIsIlRFTkFOVF9QUk9EVUNUX1VQREFURSIsIlRFTkFOVF9BQ0NPVU5UX1JFVFJJRVZFIiwiVEVOQU5UX05FR09USUFUSU9OX1JFVFJJRVZFIiwiVEVOQU5UX0RFTEVURV9URU5BTlQiXX0sIlBBU0NBTF9JTlRFTExJR0VOQ0VfbW9iaXVzIjp7InJvbGVzIjpbIlRFTkFOVF9DT05URVhUX0RFTEVURSIsIlRFTkFOVF9DT05URVhUX1VQREFURSIsIlRFTkFOVF9CSUdRVUVSWV9SRVRSSUVWRSIsIlRFTkFOVF9CSUdRVUVSWV9VUERBVEUiLCJURU5BTlRfVU5JVkVSU0VfQ1JFQVRFIiwiVEVOQU5UX0NPSE9SVFNfUkVUUklFVkUiLCJURU5BTlRfQklHUVVFUllfQ1JFQVRFIiwiVEVOQU5UX0JJR1FVRVJZX0VWQUxVQVRFIiwiVEVOQU5UX0NPSE9SVFNfVVBEQVRFIiwiVEVOQU5UX0NPTlRFWFRfUkVUUklFVkUiLCJURU5BTlRfVU5JVkVSU0VfUkVUUklFVkUiLCJURU5BTlRfQ09IT1JUU19FVkFMVUFURSIsIlRFTkFOVF9CSUdRVUVSWV9ERUxFVEUiLCJURU5BTlRfU0NIRU1BX0NSRUFURSIsIlBBU0NBTF9JTlRFTExJR0VOQ0VfVVNFUiIsIlRFTkFOVF9DT0hPUlRTX0NSRUFURSIsIlRFTkFOVF9TQ0hFTUFfVVBEQVRFIiwiVEVOQU5UX0NPTlRFWFRfQVBQUk9WRSIsIlRFTkFOVF9VTklWRVJTRV9VUERBVEUiLCJURU5BTlRfQklHUVVFUllfQVBQUk9WRSIsIlRFTkFOVF9TQ0hFTUFfUkVUUklFVkUiLCJURU5BTlRfU0NIRU1BX0FQUFJPVkUiLCJURU5BTlRfQ09OVEVYVF9FVkFMVUFURSIsIlRFTkFOVF9TQ0hFTUFfREVMRVRFIiwiVEVOQU5UX0NPTlRFWFRfQ1JFQVRFIiwiVEVOQU5UX1NDSEVNQV9EQVRBX1JFVFJJRVZFIiwiVEVOQU5UX1NDSEVNQV9EQVRBX0RFTEVURSIsIlRFTkFOVF9TQ0hFTUFfREFUQV9VUERBVEUiLCJURU5BTlRfQ09IT1JUU19ERUxFVEUiLCJURU5BTlRfVU5JVkVSU0VfREVMRVRFIiwiVEVOQU5UX1NDSEVNQV9EQVRBX0lOR0VTVElPTiIsIlRFTkFOVF9DT0hPUlRTX0FQUFJPVkUiXX0sIk1PTkVUX21vYml1cyI6eyJyb2xlcyI6WyJURU5BTlRfQVBQTEVUU19SRVRSSUVWRV9BTExfUFVCTElTSEVEIiwiVEVOQU5UX1dJREdFVFNfUkVUUklFVkVfRFJBRlQiLCJURU5BTlRfV0lER0VUU19VUERBVEUiLCJURU5BTlRfQVBQTEVUU19ERUxFVEUiLCJURU5BTlRfV0lER0VUU19ERUxFVEUiLCJURU5BTlRfUExVR0lOX0NBVEVHT1JZX1JFVFJJRVZFX0FMTCIsIlRFTkFOVF9BUFBMRVRTX1VQREFURV9ISVNUT1JZIiwiVEVOQU5UX0VYUEVSSUVOQ0VTX0NSRUFURSIsIlRFTkFOVF9XSURHRVRTX1JFVFJJRVZFX1BVQkxJU0giLCJURU5BTlRfUExVR0lOX0NBVEVHT1JZX0NSRUFURSIsIlRFTkFOVF9ERVBFTkRFTkNZX1JFVFJJRVZFX0FMTCIsIlRFTkFOVF9XSURHRVRTX1BVQkxJU0giLCJURU5BTlRfUkVUUklFVkVfRklFTERTX09GX1BVQkxJU0hFRCIsIlRFTkFOVF9FWFBFUklFTkNFU19VUERBVEUiLCJURU5BTlRfQVBQTEVUU19DUkVBVEUiLCJURU5BTlRfUExVR0lOU19ERUxFVEUiLCJURU5BTlRfQVBQTEVUU19SRVRSSUVWRV9BTExfRFJBRlQiLCJURU5BTlRfUExVR0lOU19VUERBVEUiLCJURU5BTlRfQVBQTEVUU19SRVRSSUVWRV9GUk9NX0hJU1RPUlkiLCJURU5BTlRfUkVUUklFVkVfRklFTERTX09GX0RSQUZUIiwiVEVOQU5UX0FQUExFVFNfUkVUUklFVkVfUFVCTElTSEVEIiwiVEVOQU5UX0FQUExFVFNfUFVCTElTSEVEIiwiVEVOQU5UX1dJREdFVFNfUkVUUklFVkUiLCJURU5BTlRfUExVR0lOX0NBVEVHT1JZX0RFTEVURSIsIlRFTkFOVF9QTFVHSU5fQ0FURUdPUllfUFVCTElTSCIsIlRFTkFOVF9QTFVHSU5fQ0FURUdPUllfREVMRVRFX0NPTVBfRlJPTSIsIlRFTkFOVF9SRVRSSUVWRV9QVUJMSVNIRUQiLCJURU5BTlRfUExVR0lOU19SRVRSSUVWRSIsIlRFTkFOVF9QTFVHSU5TX0NSRUFURSIsIlRFTkFOVF9XSURHRVRTX0NSRUFURSIsIlRFTkFOVF9BUFBMRVRTX1JFVFJJRVZFX0FMTF9QVUJMSVNIRURfVEhVTUJOQUlMUyIsIk1PTkVUX1VTRVIiLCJURU5BTlRfRVhQRVJJRU5DRVNfREVMRVRFIiwiVEVOQU5UX0VYUEVSSUVOQ0VTX1BVQkxJU0giLCJURU5BTlRfUkVUUklFVkVfRlJPTV9ISVNUT1JZIiwiVEVOQU5UX1BMVUdJTl9DQVRFR09SWV9VUERBVEUiXX0sIlZJTkNJX21vYml1cyI6eyJyb2xlcyI6WyJWSU5DSV9VU0VSIl19LCJhY2NvdW50Ijp7InJvbGVzIjpbIm1hbmFnZS1hY2NvdW50IiwibWFuYWdlLWFjY291bnQtbGlua3MiLCJ2aWV3LXByb2ZpbGUiXX19LCJzY29wZSI6InByb2ZpbGUgZW1haWwiLCJyZXF1ZXN0ZXJUeXBlIjoiVEVOQU5UIiwiZW1haWxfdmVyaWZpZWQiOnRydWUsIm5hbWUiOiJBaWR0YWFzIEFpZHRhYXMiLCJ0ZW5hbnRJZCI6IjJjZjc2ZTVmLTI2YWQtNGYyYy1iY2NjLWY0YmMxZTdiZmI2NCIsInByZWZlcnJlZF91c2VybmFtZSI6InBhc3N3b3JkX3RlbmFudF9haWR0YWFzQGdhaWFuc29sdXRpb25zLmNvbSIsImdpdmVuX25hbWUiOiJBaWR0YWFzIiwiZmFtaWx5X25hbWUiOiJBaWR0YWFzIiwiZW1haWwiOiJwYXNzd29yZF90ZW5hbnRfYWlkdGFhc0BnYWlhbnNvbHV0aW9ucy5jb20ifQ.G22UWdZfpDy2T8neTapxgOEwLcTJnbjop5nrm13HlhaUON7HfGI1b-n7D7FRAcRr2u7xBEE7MwJ3OSJyfjIQamrmV1U0PYtVogiw3EQcp41YWWAnpuaG41KiZvYuxGdFO1uADRRSrbnzDP44nnh75gQxL-s_blP160DEyu4gIfJ3f3Vz_wI_6yZ1aqpsz-8r8YpbeQbgrcV577yF2lTbmavmNDA6R_FW2rF8Y-mLfFbhAkQqmpuYDWdXv7_cyOmECs53ROlGzPd-DIUi1mw9_Af0tIC6DKh1nbbp16VPKqzmCPVfI1VGNZSCzVYOAr-XApRi0JZ39ub0aO1FsZzCjA
Cookies:		&lt;none&gt;
Multiparts:		&lt;none&gt;
Body:			&lt;none&gt;

HTTP/1.1 401 Unauthorized
www-authenticate: Bearer realm=&quot;https://ig.aidtaas.com/mobius-payment-service/v1.0/wallets/cards/TFIt0FeE/currency/JEv&quot;, error=&quot;invalid_token&quot;
content-length: 14
content-type: text/plain
date: Fri, 21 Feb 2025 06:21:54 GMT
server: istio-envoy
x-envoy-upstream-service-time: 2

Jwt is expired
</system-out>
  </testcase>
</testsuite>