<?xml version="1.0" encoding="UTF-8" ?>
<testsuite tests="49" failures="0" name="EvoMaster_others_Test" time="8.928" errors="0" skipped="0">
  <properties>
    <property name="java.runtime.name" value="OpenJDK Runtime Environment"/>
    <property name="java.vm.version" value="21.0.6+7-Ubuntu-122.04.1"/>
    <property name="sun.boot.library.path" value="/usr/lib/jvm/java-21-openjdk-amd64/lib"/>
    <property name="maven.multiModuleProjectDirectory" value="/home/gaian/Desktop/ownRepoShellScript/EvomasterTestExecution"/>
    <property name="java.vm.vendor" value="Ubuntu"/>
    <property name="java.vendor.url" value="https://ubuntu.com/"/>
    <property name="guice.disable.misplaced.annotation.check" value="true"/>
    <property name="path.separator" value=":"/>
    <property name="java.vm.name" value="OpenJDK 64-Bit Server VM"/>
    <property name="user.country" value="IN"/>
    <property name="sun.java.launcher" value="SUN_STANDARD"/>
    <property name="java.vm.specification.name" value="Java Virtual Machine Specification"/>
    <property name="user.dir" value="/home/gaian/Desktop/ownRepoShellScript/EvomasterTestExecution"/>
    <property name="java.vm.compressedOopsMode" value="Zero based"/>
    <property name="java.runtime.version" value="21.0.6+7-Ubuntu-122.04.1"/>
    <property name="os.arch" value="amd64"/>
    <property name="java.io.tmpdir" value="/tmp"/>
    <property name="line.separator" value="
"/>
    <property name="java.vm.specification.vendor" value="Oracle Corporation"/>
    <property name="stderr.encoding" value="UTF-8"/>
    <property name="os.name" value="Linux"/>
    <property name="classworlds.conf" value="/usr/share/maven/bin/m2.conf"/>
    <property name="sun.jnu.encoding" value="UTF-8"/>
    <property name="stdout.encoding" value="UTF-8"/>
    <property name="java.library.path" value="/usr/java/packages/lib:/usr/lib/x86_64-linux-gnu/jni:/lib/x86_64-linux-gnu:/usr/lib/x86_64-linux-gnu:/usr/lib/jni:/lib:/usr/lib"/>
    <property name="maven.conf" value="/usr/share/maven/conf"/>
    <property name="jdk.debug" value="release"/>
    <property name="java.class.version" value="65.0"/>
    <property name="java.specification.name" value="Java Platform API Specification"/>
    <property name="sun.management.compiler" value="HotSpot 64-Bit Tiered Compilers"/>
    <property name="os.version" value="6.8.0-52-generic"/>
    <property name="library.jansi.path" value="/usr/share/maven/lib/jansi-native"/>
    <property name="user.home" value="/home/gaian"/>
    <property name="user.timezone" value="Asia/Kolkata"/>
    <property name="file.encoding" value="UTF-8"/>
    <property name="java.specification.version" value="21"/>
    <property name="user.name" value="gaian"/>
    <property name="java.class.path" value="/usr/share/maven/boot/plexus-classworlds-2.x.jar"/>
    <property name="java.vm.specification.version" value="21"/>
    <property name="sun.arch.data.model" value="64"/>
    <property name="sun.java.command" value="org.codehaus.plexus.classworlds.launcher.Launcher clean test"/>
    <property name="java.home" value="/usr/lib/jvm/java-21-openjdk-amd64"/>
    <property name="user.language" value="en"/>
    <property name="java.specification.vendor" value="Oracle Corporation"/>
    <property name="java.vm.info" value="mixed mode, sharing"/>
    <property name="java.version" value="21.0.6"/>
    <property name="native.encoding" value="UTF-8"/>
    <property name="java.vendor" value="Ubuntu"/>
    <property name="maven.home" value="/usr/share/maven"/>
    <property name="file.separator" value="/"/>
    <property name="java.version.date" value="2025-01-21"/>
    <property name="java.vendor.url.bug" value="https://bugs.launchpad.net/ubuntu/+source/openjdk-21"/>
    <property name="sun.io.unicode.encoding" value="UnicodeLittle"/>
    <property name="sun.cpu.endian" value="little"/>
  </properties>
  <testcase classname="EvoMaster_others_Test" name="test_10" time="2.767"/>
  <testcase classname="EvoMaster_others_Test" name="test_11" time="0.188"/>
  <testcase classname="EvoMaster_others_Test" name="test_12" time="0.138"/>
  <testcase classname="EvoMaster_others_Test" name="test_13" time="0.141"/>
  <testcase classname="EvoMaster_others_Test" name="test_14" time="0.292"/>
  <testcase classname="EvoMaster_others_Test" name="test_15" time="0.134"/>
  <testcase classname="EvoMaster_others_Test" name="test_16" time="0.108"/>
  <testcase classname="EvoMaster_others_Test" name="test_17" time="0.105"/>
  <testcase classname="EvoMaster_others_Test" name="test_18" time="0.153"/>
  <testcase classname="EvoMaster_others_Test" name="test_19" time="0.101"/>
  <testcase classname="EvoMaster_others_Test" name="test_20" time="0.149"/>
  <testcase classname="EvoMaster_others_Test" name="test_21" time="0.121"/>
  <testcase classname="EvoMaster_others_Test" name="test_22" time="0.14"/>
  <testcase classname="EvoMaster_others_Test" name="test_23" time="0.119"/>
  <testcase classname="EvoMaster_others_Test" name="test_24" time="0.113"/>
  <testcase classname="EvoMaster_others_Test" name="test_25" time="0.153"/>
  <testcase classname="EvoMaster_others_Test" name="test_26" time="0.113"/>
  <testcase classname="EvoMaster_others_Test" name="test_27" time="0.034"/>
  <testcase classname="EvoMaster_others_Test" name="test_28" time="0.104"/>
  <testcase classname="EvoMaster_others_Test" name="test_29" time="0.101"/>
  <testcase classname="EvoMaster_others_Test" name="test_30" time="0.117"/>
  <testcase classname="EvoMaster_others_Test" name="test_31" time="0.176"/>
  <testcase classname="EvoMaster_others_Test" name="test_32" time="0.061"/>
  <testcase classname="EvoMaster_others_Test" name="test_33" time="0.053"/>
  <testcase classname="EvoMaster_others_Test" name="test_34" time="0.065"/>
  <testcase classname="EvoMaster_others_Test" name="test_35" time="0.245"/>
  <testcase classname="EvoMaster_others_Test" name="test_36" time="0.103"/>
  <testcase classname="EvoMaster_others_Test" name="test_37" time="0.071"/>
  <testcase classname="EvoMaster_others_Test" name="test_38" time="0.076"/>
  <testcase classname="EvoMaster_others_Test" name="test_39" time="0.125"/>
  <testcase classname="EvoMaster_others_Test" name="test_40" time="0.133"/>
  <testcase classname="EvoMaster_others_Test" name="test_41" time="0.134"/>
  <testcase classname="EvoMaster_others_Test" name="test_42" time="0.134"/>
  <testcase classname="EvoMaster_others_Test" name="test_43" time="0.128"/>
  <testcase classname="EvoMaster_others_Test" name="test_44" time="0.108"/>
  <testcase classname="EvoMaster_others_Test" name="test_45" time="0.15"/>
  <testcase classname="EvoMaster_others_Test" name="test_46" time="0.151"/>
  <testcase classname="EvoMaster_others_Test" name="test_47" time="0.136"/>
  <testcase classname="EvoMaster_others_Test" name="test_48" time="0.096"/>
  <testcase classname="EvoMaster_others_Test" name="test_0" time="0.125"/>
  <testcase classname="EvoMaster_others_Test" name="test_1" time="0.112"/>
  <testcase classname="EvoMaster_others_Test" name="test_2" time="0.112"/>
  <testcase classname="EvoMaster_others_Test" name="test_3" time="0.106"/>
  <testcase classname="EvoMaster_others_Test" name="test_4" time="0.123"/>
  <testcase classname="EvoMaster_others_Test" name="test_5" time="0.087"/>
  <testcase classname="EvoMaster_others_Test" name="test_6" time="0.097"/>
  <testcase classname="EvoMaster_others_Test" name="test_7" time="0.11"/>
  <testcase classname="EvoMaster_others_Test" name="test_8" time="0.385"/>
  <testcase classname="EvoMaster_others_Test" name="test_9" time="0.135"/>
</testsuite>