<?xml version="1.0" encoding="UTF-8" ?>
<testsuite tests="3" failures="3" name="EvoMaster_faults_Test" time="5.412" errors="0" skipped="0">
  <properties>
    <property name="java.runtime.name" value="OpenJDK Runtime Environment"/>
    <property name="java.vm.version" value="21.0.6+7-Ubuntu-122.04.1"/>
    <property name="sun.boot.library.path" value="/usr/lib/jvm/java-21-openjdk-amd64/lib"/>
    <property name="maven.multiModuleProjectDirectory" value="/home/gaian/Desktop/Naveen/Mobius/EvomasterTestExecution"/>
    <property name="java.vm.vendor" value="Ubuntu"/>
    <property name="java.vendor.url" value="https://ubuntu.com/"/>
    <property name="guice.disable.misplaced.annotation.check" value="true"/>
    <property name="path.separator" value=":"/>
    <property name="java.vm.name" value="OpenJDK 64-Bit Server VM"/>
    <property name="user.country" value="IN"/>
    <property name="sun.java.launcher" value="SUN_STANDARD"/>
    <property name="java.vm.specification.name" value="Java Virtual Machine Specification"/>
    <property name="user.dir" value="/home/gaian/Desktop/Naveen/Mobius/EvomasterTestExecution"/>
    <property name="java.vm.compressedOopsMode" value="Zero based"/>
    <property name="java.runtime.version" value="21.0.6+7-Ubuntu-122.04.1"/>
    <property name="os.arch" value="amd64"/>
    <property name="java.io.tmpdir" value="/tmp"/>
    <property name="line.separator" value="
"/>
    <property name="java.vm.specification.vendor" value="Oracle Corporation"/>
    <property name="stderr.encoding" value="UTF-8"/>
    <property name="os.name" value="Linux"/>
    <property name="classworlds.conf" value="/usr/share/maven/bin/m2.conf"/>
    <property name="sun.jnu.encoding" value="UTF-8"/>
    <property name="stdout.encoding" value="UTF-8"/>
    <property name="java.library.path" value="/usr/java/packages/lib:/usr/lib/x86_64-linux-gnu/jni:/lib/x86_64-linux-gnu:/usr/lib/x86_64-linux-gnu:/usr/lib/jni:/lib:/usr/lib"/>
    <property name="maven.conf" value="/usr/share/maven/conf"/>
    <property name="jdk.debug" value="release"/>
    <property name="java.class.version" value="65.0"/>
    <property name="java.specification.name" value="Java Platform API Specification"/>
    <property name="sun.management.compiler" value="HotSpot 64-Bit Tiered Compilers"/>
    <property name="os.version" value="6.8.0-52-generic"/>
    <property name="library.jansi.path" value="/usr/share/maven/lib/jansi-native"/>
    <property name="user.home" value="/home/gaian"/>
    <property name="user.timezone" value="Asia/Kolkata"/>
    <property name="file.encoding" value="UTF-8"/>
    <property name="java.specification.version" value="21"/>
    <property name="user.name" value="gaian"/>
    <property name="java.class.path" value="/usr/share/maven/boot/plexus-classworlds-2.x.jar"/>
    <property name="java.vm.specification.version" value="21"/>
    <property name="sun.arch.data.model" value="64"/>
    <property name="sun.java.command" value="org.codehaus.plexus.classworlds.launcher.Launcher clean test"/>
    <property name="java.home" value="/usr/lib/jvm/java-21-openjdk-amd64"/>
    <property name="user.language" value="en"/>
    <property name="java.specification.vendor" value="Oracle Corporation"/>
    <property name="java.vm.info" value="mixed mode, sharing"/>
    <property name="java.version" value="21.0.6"/>
    <property name="native.encoding" value="UTF-8"/>
    <property name="java.vendor" value="Ubuntu"/>
    <property name="maven.home" value="/usr/share/maven"/>
    <property name="file.separator" value="/"/>
    <property name="java.version.date" value="2025-01-21"/>
    <property name="java.vendor.url.bug" value="https://bugs.launchpad.net/ubuntu/+source/openjdk-21"/>
    <property name="sun.io.unicode.encoding" value="UnicodeLittle"/>
    <property name="sun.cpu.endian" value="little"/>
  </properties>
  <testcase classname="EvoMaster_faults_Test" name="test_0_with500" time="1.808">
    <failure message="1 expectation failed.
JSON path &apos;errorMessage&apos; doesn&apos;t match.
Expected: a string containing &quot;Response code: 404\tError response: {\&quot;name\&quot;:\&quot;INVALID_RESOURCE_ID\&quot;,\&quot;message\&quot;:\&quot;Requested resource ID was not found.\&quot;,\&quot;information_link\&quot;:\&quot;https://developer.paypal.com/docs/api/payments/#errors\&quot;,\&quot;debug_id\&quot;:\&quot;d65d503338270\&quot;}&quot;
  Actual: Response code: 404\tError response: {\&quot;name\&quot;:\&quot;INVALID_RESOURCE_ID\&quot;,\&quot;message\&quot;:\&quot;Requested resource ID was not found.\&quot;,\&quot;information_link\&quot;:\&quot;https://developer.paypal.com/docs/api/payments/#errors\&quot;,\&quot;debug_id\&quot;:\&quot;eb48d1eac772e\&quot;}
" type="java.lang.AssertionError">java.lang.AssertionError: 1 expectation failed.
JSON path &apos;errorMessage&apos; doesn&apos;t match.
Expected: a string containing &quot;Response code: 404\tError response: {\&quot;name\&quot;:\&quot;INVALID_RESOURCE_ID\&quot;,\&quot;message\&quot;:\&quot;Requested resource ID was not found.\&quot;,\&quot;information_link\&quot;:\&quot;https://developer.paypal.com/docs/api/payments/#errors\&quot;,\&quot;debug_id\&quot;:\&quot;d65d503338270\&quot;}&quot;
  Actual: Response code: 404\tError response: {\&quot;name\&quot;:\&quot;INVALID_RESOURCE_ID\&quot;,\&quot;message\&quot;:\&quot;Requested resource ID was not found.\&quot;,\&quot;information_link\&quot;:\&quot;https://developer.paypal.com/docs/api/payments/#errors\&quot;,\&quot;debug_id\&quot;:\&quot;eb48d1eac772e\&quot;}

	at java.base/jdk.internal.reflect.DirectConstructorHandleAccessor.newInstance(DirectConstructorHandleAccessor.java:62)
	at java.base/java.lang.reflect.Constructor.newInstanceWithCaller(Constructor.java:502)
	at java.base/java.lang.reflect.Constructor.newInstance(Constructor.java:486)
	at org.codehaus.groovy.reflection.CachedConstructor.invoke(CachedConstructor.java:73)
	at org.codehaus.groovy.runtime.callsite.ConstructorSite$ConstructorSiteNoUnwrapNoCoerce.callConstructor(ConstructorSite.java:108)
	at org.codehaus.groovy.runtime.callsite.CallSiteArray.defaultCallConstructor(CallSiteArray.java:57)
	at org.codehaus.groovy.runtime.callsite.AbstractCallSite.callConstructor(AbstractCallSite.java:263)
	at org.codehaus.groovy.runtime.callsite.AbstractCallSite.callConstructor(AbstractCallSite.java:277)
	at io.restassured.internal.ResponseSpecificationImpl$HamcrestAssertionClosure.validate(ResponseSpecificationImpl.groovy:512)
	at io.restassured.internal.ResponseSpecificationImpl$HamcrestAssertionClosure$validate$1.call(Unknown Source)
	at io.restassured.internal.ResponseSpecificationImpl.validateResponseIfRequired(ResponseSpecificationImpl.groovy:696)
	at io.restassured.internal.ResponseSpecificationImpl.this$2$validateResponseIfRequired(ResponseSpecificationImpl.groovy)
	at java.base/jdk.internal.reflect.DirectMethodHandleAccessor.invoke(DirectMethodHandleAccessor.java:103)
	at java.base/java.lang.reflect.Method.invoke(Method.java:580)
	at org.codehaus.groovy.runtime.callsite.PlainObjectMetaMethodSite.doInvoke(PlainObjectMetaMethodSite.java:43)
	at org.codehaus.groovy.runtime.callsite.PogoMetaMethodSite$PogoCachedMethodSiteNoUnwrapNoCoerce.invoke(PogoMetaMethodSite.java:198)
	at org.codehaus.groovy.runtime.callsite.PogoMetaMethodSite.callCurrent(PogoMetaMethodSite.java:62)
	at org.codehaus.groovy.runtime.callsite.AbstractCallSite.callCurrent(AbstractCallSite.java:185)
	at io.restassured.internal.ResponseSpecificationImpl.body(ResponseSpecificationImpl.groovy:270)
	at io.restassured.specification.ResponseSpecification$body$2.callCurrent(Unknown Source)
	at org.codehaus.groovy.runtime.callsite.CallSiteArray.defaultCallCurrent(CallSiteArray.java:49)
	at io.restassured.specification.ResponseSpecification$body$2.callCurrent(Unknown Source)
	at io.restassured.internal.ResponseSpecificationImpl.body(ResponseSpecificationImpl.groovy:117)
	at io.restassured.internal.ValidatableResponseOptionsImpl.body(ValidatableResponseOptionsImpl.java:244)
	at EvoMaster_faults_Test.test_0_with500(EvoMaster_faults_Test.java:79)
	at java.base/jdk.internal.reflect.DirectMethodHandleAccessor.invoke(DirectMethodHandleAccessor.java:103)
	at java.base/java.lang.reflect.Method.invoke(Method.java:580)
	at org.junit.runners.model.FrameworkMethod$1.runReflectiveCall(FrameworkMethod.java:59)
	at org.junit.internal.runners.model.ReflectiveCallable.run(ReflectiveCallable.java:12)
	at org.junit.runners.model.FrameworkMethod.invokeExplosively(FrameworkMethod.java:56)
	at org.junit.internal.runners.statements.InvokeMethod.evaluate(InvokeMethod.java:17)
	at org.junit.internal.runners.statements.FailOnTimeout$CallableStatement.call(FailOnTimeout.java:299)
	at org.junit.internal.runners.statements.FailOnTimeout$CallableStatement.call(FailOnTimeout.java:293)
	at java.base/java.util.concurrent.FutureTask.run(FutureTask.java:317)
	at java.base/java.lang.Thread.run(Thread.java:1583)
</failure>
    <system-out>Request method:	GET
Request URI:	https://ig.aidtaas.com/mobius-payment-service/v1.0/paypal/execute_payment/jq/jkx9r96jUr
Proxy:			&lt;none&gt;
Request params:	&lt;none&gt;
Query params:	&lt;none&gt;
Form params:	&lt;none&gt;
Path params:	&lt;none&gt;
Headers:		Accept=application/json
				Authorization=Bearer  eyJhbGciOiJSUzI1NiIsInR5cCIgOiAiSldUIiwia2lkIiA6ICI3Ny1NUVdFRTNHZE5adGlsWU5IYmpsa2dVSkpaWUJWVmN1UmFZdHl5ejFjIn0.eyJleHAiOjE3NDAxNjc5MTgsImlhdCI6MTc0MDEzMTkxOCwianRpIjoiODk0YzY0NDQtNTQwNy00OTA5LWI1ZjMtNzg2NTY2Yjk1ZDViIiwiaXNzIjoiaHR0cDovL2tleWNsb2FrLXNlcnZpY2Uua2V5Y2xvYWsuc3ZjLmNsdXN0ZXIubG9jYWw6ODA4MC9yZWFsbXMvbWFzdGVyIiwiYXVkIjpbIkJPTFRaTUFOTl9CT1RfbW9iaXVzIiwiUEFTQ0FMX0lOVEVMTElHRU5DRV9tb2JpdXMiLCJNT05FVF9tb2JpdXMiLCJWSU5DSV9tb2JpdXMiLCJhY2NvdW50Il0sInN1YiI6IjJjZjc2ZTVmLTI2YWQtNGYyYy1iY2NjLWY0YmMxZTdiZmI2NCIsInR5cCI6IkJlYXJlciIsImF6cCI6IkhPTEFDUkFDWV9tb2JpdXMiLCJzaWQiOiJiZjFlOTg4MS0xNjVmLTRlZDMtOTliMC1lODlkMGQzYTViOWEiLCJhY3IiOiIxIiwiYWxsb3dlZC1vcmlnaW5zIjpbIi8qIl0sInJlYWxtX2FjY2VzcyI6eyJyb2xlcyI6WyJkZWZhdWx0LXJvbGVzLW1hc3RlciIsIkhDWV9URU5BTlRfQ1VTVE9NIiwib2ZmbGluZV9hY2Nlc3MiLCJCT0JfVEVOQU5UX0NVU1RPTSIsInVtYV9hdXRob3JpemF0aW9uIiwiUElfVEVOQU5UX0NVU1RPTSIsIk1PTkVUX1RFTkFOVF9DVVNUT00iXX0sInJlc291cmNlX2FjY2VzcyI6eyJCT0xUWk1BTk5fQk9UX21vYml1cyI6eyJyb2xlcyI6WyJURU5BTlRfV09SS0ZMT1dfU1VTUEVORF9QUk9DRVNTX0RFRklOSVRJT04iLCJURU5BTlRfV09SS0ZMT1dfU1VTUEVORF9JTlNUQU5DRSIsIlRFTkFOVF9XT1JLRkxPV19SRVRSSUVWRV9BTEwiLCJURU5BTlRfV09SS0ZMT1dfQUNUSVZBVEVfSU5TVEFOQ0UiLCJURU5BTlRfV09SS0ZMT1dfRVhFQ1VURSIsIlRFTkFOVF9XT1JLRkxPV19SRVRSSUVWRV9IT01FIiwiVEVOQU5UX1dPUktGTE9XX1JFVFJJRVZFX1NVU1BFTkRFRF9QUk9DRVNTX0RFRlMiLCJURU5BTlRfV09SS0ZMT1dfQUNUSVZBVEVfUlVOX0pPQiIsIlRFTkFOVF9XT1JLRkxPV19TVEFUVVMiLCJURU5BTlRfV09SS0ZMT1dfQ1JFQVRFIiwiVEVOQU5UX1dPUktGTE9XX0FDVElWSVRZX0RBVEFfQ09VTlQiLCJCT0xUWk1BTk5fQk9UX1VTRVIiLCJURU5BTlRfV09SS0ZMT1dfREVQTE9ZX1ZFUlNJT04iLCJURU5BTlRfV09SS0ZMT1dfSU1QT1JUIiwiVEVOQU5UX1dPUktGTE9XX1VQREFURSIsIlRFTkFOVF9XT1JLRkxPV19ERVBMT1kiLCJURU5BTlRfV09SS0ZMT1dfU1VTUEVORF9SVU5fSk9CIiwiVEVOQU5UX1dPUktGTE9XX1JFVFJJRVZFIiwiVEVOQU5UX1dPUktGTE9XX0RFTEVURSIsIlRFTkFOVF9XT1JLRkxPV19UUklHR0VSX01FU1NBR0VfTElTVEVORVIiXX0sIkhPTEFDUkFDWV9tb2JpdXMiOnsicm9sZXMiOlsiVEVOQU5UX1BST0RVQ1RfUkVUUklFVkVfTUFTVEVSX0NPTkZJRyIsIlRFTkFOVF9JTlZJVEFUSU9OX1JFU1BPTkQiLCJURU5BTlRfTkVHT1RJQVRJT05fQVBQUk9WQUxfQlVZRVIiLCJURU5BTlRfSU5WSVRBVElPTl9SRVRSSUVWRSIsIlRFTkFOVF9PUkdBTklaQVRJT05fQ1JFQVRFIiwiVEVOQU5UX0NSRUFURV9URU5BTlQiLCJURU5BTlRfU1VCX0FMTElBTkNFX1JFVFJJRVZFIiwiVEVOQU5UX1BMQVRGT1JNX0NSRUFURSIsIkhPTEFDUkFDWV9VU0VSIiwiVEVOQU5UX1JBVEVDQVJEX0NSRUFURSIsIlRFTkFOVF9QTEFURk9STV9SRVRSSUVWRSIsIlRFTkFOVF9SRVRSSUVWRV9CWV9CVVlFUl9QTEFURk9STSIsIlRFTkFOVF9TVUJfQUxMSUFOQ0VfUkVUUklFVkVfQUxMIiwiVEVOQU5UX1BST0RVQ1RfUkVUUklFVkUiLCJURU5BTlRfQUNDT1VOVF9ERUxFVEUiLCJURU5BTlRfQUxMSUFOQ0VfUkVUUklFVkUiLCJURU5BTlRfUExBVEZPUk1fVVBEQVRFIiwiVEVOQU5UX0lOVklUQVRJT05fQ1JFQVRFIiwiVEVOQU5UX1JBVEVDQVJEX1JFVFJJRVZFIiwiVEVOQU5UX09SR0FOSVpBVElPTl9VUERBVEUiLCJURU5BTlRfUkFURUNBUkRfVVBEQVRFIiwiVEVOQU5UX09SR0FOSVpBVElPTl9ERUxFVEUiLCJURU5BTlRfUExBVEZPUk1fREVMRVRFIiwiVEVOQU5UX1BST0RVQ1RfQ1JFQVRFIiwiVEVOQU5UX1NVQl9BTExJQU5DRV9DUkVBVEUiLCJURU5BTlRfUkFURUNBUkRfREVMRVRFIiwiVEVOQU5UX0FDQ09VTlRfQ1JFQVRFIiwiVEVOQU5UX0lOVklUQVRJT05fVVBEQVRFIiwiVEVOQU5UX1JFVFJJRVZFX1RFTkFOVCIsIlRFTkFOVF9JTlZJVEFUSU9OX0RFTEVURSIsIlRFTkFOVF9ORUdPVElBVElPTl9BUFBST1ZBTF9TVVBFUl9BRE1JTiIsIlRFTkFOVF9ORUdPVElBVElPTl9SRVRSSUVWRV9BTExfQkVUV0VFTl9CVVlFUl9TRUxMRVIiLCJURU5BTlRfUkVUUklFVkVfVEVOQU5UX0FMTCIsIlRFTkFOVF9ORUdPVElBVElPTl9DUkVBVEUiLCJURU5BTlRfVVBEQVRFX1RFTkFOVCIsIlRFTkFOVF9PUkdBTklaQVRJT05fUkVUUklFVkUiLCJURU5BTlRfQUNDT1VOVF9VUERBVEUiLCJURU5BTlRfUFJPRFVDVF9ERUxFVEUiLCJURU5BTlRfU1VCX0FMTElBTkNFX0RFTEVURSIsIlRFTkFOVF9ORUdPVElBVElPTl9BUFBST1ZBTF9TRUxMRVIiLCJURU5BTlRfU1VCX0FMTElBTkNFX1VQREFURSIsIlRFTkFOVF9QUk9EVUNUX1VQREFURSIsIlRFTkFOVF9BQ0NPVU5UX1JFVFJJRVZFIiwiVEVOQU5UX05FR09USUFUSU9OX1JFVFJJRVZFIiwiVEVOQU5UX0RFTEVURV9URU5BTlQiXX0sIlBBU0NBTF9JTlRFTExJR0VOQ0VfbW9iaXVzIjp7InJvbGVzIjpbIlRFTkFOVF9DT05URVhUX0RFTEVURSIsIlRFTkFOVF9DT05URVhUX1VQREFURSIsIlRFTkFOVF9CSUdRVUVSWV9SRVRSSUVWRSIsIlRFTkFOVF9CSUdRVUVSWV9VUERBVEUiLCJURU5BTlRfVU5JVkVSU0VfQ1JFQVRFIiwiVEVOQU5UX0NPSE9SVFNfUkVUUklFVkUiLCJURU5BTlRfQklHUVVFUllfQ1JFQVRFIiwiVEVOQU5UX0JJR1FVRVJZX0VWQUxVQVRFIiwiVEVOQU5UX0NPSE9SVFNfVVBEQVRFIiwiVEVOQU5UX0NPTlRFWFRfUkVUUklFVkUiLCJURU5BTlRfVU5JVkVSU0VfUkVUUklFVkUiLCJURU5BTlRfQ09IT1JUU19FVkFMVUFURSIsIlRFTkFOVF9CSUdRVUVSWV9ERUxFVEUiLCJURU5BTlRfU0NIRU1BX0NSRUFURSIsIlBBU0NBTF9JTlRFTExJR0VOQ0VfVVNFUiIsIlRFTkFOVF9DT0hPUlRTX0NSRUFURSIsIlRFTkFOVF9TQ0hFTUFfVVBEQVRFIiwiVEVOQU5UX0NPTlRFWFRfQVBQUk9WRSIsIlRFTkFOVF9VTklWRVJTRV9VUERBVEUiLCJURU5BTlRfQklHUVVFUllfQVBQUk9WRSIsIlRFTkFOVF9TQ0hFTUFfUkVUUklFVkUiLCJURU5BTlRfU0NIRU1BX0FQUFJPVkUiLCJURU5BTlRfQ09OVEVYVF9FVkFMVUFURSIsIlRFTkFOVF9TQ0hFTUFfREVMRVRFIiwiVEVOQU5UX0NPTlRFWFRfQ1JFQVRFIiwiVEVOQU5UX1NDSEVNQV9EQVRBX1JFVFJJRVZFIiwiVEVOQU5UX1NDSEVNQV9EQVRBX0RFTEVURSIsIlRFTkFOVF9TQ0hFTUFfREFUQV9VUERBVEUiLCJURU5BTlRfQ09IT1JUU19ERUxFVEUiLCJURU5BTlRfVU5JVkVSU0VfREVMRVRFIiwiVEVOQU5UX1NDSEVNQV9EQVRBX0lOR0VTVElPTiIsIlRFTkFOVF9DT0hPUlRTX0FQUFJPVkUiXX0sIk1PTkVUX21vYml1cyI6eyJyb2xlcyI6WyJURU5BTlRfQVBQTEVUU19SRVRSSUVWRV9BTExfUFVCTElTSEVEIiwiVEVOQU5UX1dJREdFVFNfUkVUUklFVkVfRFJBRlQiLCJURU5BTlRfV0lER0VUU19VUERBVEUiLCJURU5BTlRfQVBQTEVUU19ERUxFVEUiLCJURU5BTlRfV0lER0VUU19ERUxFVEUiLCJURU5BTlRfUExVR0lOX0NBVEVHT1JZX1JFVFJJRVZFX0FMTCIsIlRFTkFOVF9BUFBMRVRTX1VQREFURV9ISVNUT1JZIiwiVEVOQU5UX0VYUEVSSUVOQ0VTX0NSRUFURSIsIlRFTkFOVF9XSURHRVRTX1JFVFJJRVZFX1BVQkxJU0giLCJURU5BTlRfUExVR0lOX0NBVEVHT1JZX0NSRUFURSIsIlRFTkFOVF9ERVBFTkRFTkNZX1JFVFJJRVZFX0FMTCIsIlRFTkFOVF9XSURHRVRTX1BVQkxJU0giLCJURU5BTlRfUkVUUklFVkVfRklFTERTX09GX1BVQkxJU0hFRCIsIlRFTkFOVF9FWFBFUklFTkNFU19VUERBVEUiLCJURU5BTlRfQVBQTEVUU19DUkVBVEUiLCJURU5BTlRfUExVR0lOU19ERUxFVEUiLCJURU5BTlRfQVBQTEVUU19SRVRSSUVWRV9BTExfRFJBRlQiLCJURU5BTlRfUExVR0lOU19VUERBVEUiLCJURU5BTlRfQVBQTEVUU19SRVRSSUVWRV9GUk9NX0hJU1RPUlkiLCJURU5BTlRfUkVUUklFVkVfRklFTERTX09GX0RSQUZUIiwiVEVOQU5UX0FQUExFVFNfUkVUUklFVkVfUFVCTElTSEVEIiwiVEVOQU5UX0FQUExFVFNfUFVCTElTSEVEIiwiVEVOQU5UX1dJREdFVFNfUkVUUklFVkUiLCJURU5BTlRfUExVR0lOX0NBVEVHT1JZX0RFTEVURSIsIlRFTkFOVF9QTFVHSU5fQ0FURUdPUllfUFVCTElTSCIsIlRFTkFOVF9QTFVHSU5fQ0FURUdPUllfREVMRVRFX0NPTVBfRlJPTSIsIlRFTkFOVF9SRVRSSUVWRV9QVUJMSVNIRUQiLCJURU5BTlRfUExVR0lOU19SRVRSSUVWRSIsIlRFTkFOVF9QTFVHSU5TX0NSRUFURSIsIlRFTkFOVF9XSURHRVRTX0NSRUFURSIsIlRFTkFOVF9BUFBMRVRTX1JFVFJJRVZFX0FMTF9QVUJMSVNIRURfVEhVTUJOQUlMUyIsIk1PTkVUX1VTRVIiLCJURU5BTlRfRVhQRVJJRU5DRVNfREVMRVRFIiwiVEVOQU5UX0VYUEVSSUVOQ0VTX1BVQkxJU0giLCJURU5BTlRfUkVUUklFVkVfRlJPTV9ISVNUT1JZIiwiVEVOQU5UX1BMVUdJTl9DQVRFR09SWV9VUERBVEUiXX0sIlZJTkNJX21vYml1cyI6eyJyb2xlcyI6WyJWSU5DSV9VU0VSIl19LCJhY2NvdW50Ijp7InJvbGVzIjpbIm1hbmFnZS1hY2NvdW50IiwibWFuYWdlLWFjY291bnQtbGlua3MiLCJ2aWV3LXByb2ZpbGUiXX19LCJzY29wZSI6InByb2ZpbGUgZW1haWwiLCJyZXF1ZXN0ZXJUeXBlIjoiVEVOQU5UIiwiZW1haWxfdmVyaWZpZWQiOnRydWUsIm5hbWUiOiJBaWR0YWFzIEFpZHRhYXMiLCJ0ZW5hbnRJZCI6IjJjZjc2ZTVmLTI2YWQtNGYyYy1iY2NjLWY0YmMxZTdiZmI2NCIsInByZWZlcnJlZF91c2VybmFtZSI6InBhc3N3b3JkX3RlbmFudF9haWR0YWFzQGdhaWFuc29sdXRpb25zLmNvbSIsImdpdmVuX25hbWUiOiJBaWR0YWFzIiwiZmFtaWx5X25hbWUiOiJBaWR0YWFzIiwiZW1haWwiOiJwYXNzd29yZF90ZW5hbnRfYWlkdGFhc0BnYWlhbnNvbHV0aW9ucy5jb20ifQ.T965S5M8iU-BIunBn_jJjAbRqDCJxtsotfvSz1NEWKs_fffC6UjixtLIMq64SxTzOW6QXQb8ijIMA4cIh1bHJtDISZrZrRCTR9Orto0g3t5cGRW0DrfC_JtJJPk9Yn01NmVCH9mLpS4luz4nV-PdRRPbg0T6j1YWs_MKEeE4Nq_i9Vb-4VaG8x0kcK6PqojfMlGjDU2RCH_aY8qTi4d6iyoyzHQ8mRYIUID9S51KN4pjAMxlKH5N7U05JTRpyqqIcAztYjiZfi5r1OSN2rF4bnGK8jpThTrBlHCCIHx25k3MUuq6EiBVhFvwo5nA7efrHgwBIwZJb6SCKafk_qMtTA
Cookies:		&lt;none&gt;
Multiparts:		&lt;none&gt;
Body:			&lt;none&gt;

HTTP/1.1 500 Internal Server Error
content-type: application/json
date: Fri, 21 Feb 2025 10:46:38 GMT
x-envoy-upstream-service-time: 1431
server: istio-envoy
transfer-encoding: chunked

{
    &quot;timestamp&quot;: 1740134798803,
    &quot;origin&quot;: &quot;mobius-payment-service&quot;,
    &quot;errorCode&quot;: 5001,
    &quot;errorMessage&quot;: &quot;Response code: 404\tError response: {\&quot;name\&quot;:\&quot;INVALID_RESOURCE_ID\&quot;,\&quot;message\&quot;:\&quot;Requested resource ID was not found.\&quot;,\&quot;information_link\&quot;:\&quot;https://developer.paypal.com/docs/api/payments/#errors\&quot;,\&quot;debug_id\&quot;:\&quot;eb48d1eac772e\&quot;}&quot;,
    &quot;cause&quot;: {
        &quot;message&quot;: &quot;Response code: 404\tError response: {\&quot;name\&quot;:\&quot;INVALID_RESOURCE_ID\&quot;,\&quot;message\&quot;:\&quot;Requested resource ID was not found.\&quot;,\&quot;information_link\&quot;:\&quot;https://developer.paypal.com/docs/api/payments/#errors\&quot;,\&quot;debug_id\&quot;:\&quot;eb48d1eac772e\&quot;}&quot;,
        &quot;timestamp&quot;: 0
    },
    &quot;docUrl&quot;: &quot;https://mobiusdtaas.atlassian.net/wiki/spaces/EN/pages/2360868868/Mobius+Documentation+for+Common+Issues&quot;,
    &quot;httpStatusCode&quot;: &quot;INTERNAL_SERVER_ERROR&quot;
}
</system-out>
  </testcase>
  <testcase classname="EvoMaster_faults_Test" name="test_2_with500" time="2.066">
    <failure message="1 expectation failed.
JSON path &apos;errorMessage&apos; doesn&apos;t match.
Expected: a string containing &quot;Response code: 404\tError response: {\&quot;name\&quot;:\&quot;INVALID_RESOURCE_ID\&quot;,\&quot;message\&quot;:\&quot;Requested resource ID was not found.\&quot;,\&quot;information_link\&quot;:\&quot;https://developer.paypal.com/docs/api/payments/#errors\&quot;,\&quot;debug_id\&quot;:\&quot;78d73d02030e4\&quot;}&quot;
  Actual: Response code: 404\tError response: {\&quot;name\&quot;:\&quot;INVALID_RESOURCE_ID\&quot;,\&quot;message\&quot;:\&quot;Requested resource ID was not found.\&quot;,\&quot;information_link\&quot;:\&quot;https://developer.paypal.com/docs/api/payments/#errors\&quot;,\&quot;debug_id\&quot;:\&quot;8653487b764aa\&quot;}
" type="java.lang.AssertionError">java.lang.AssertionError: 1 expectation failed.
JSON path &apos;errorMessage&apos; doesn&apos;t match.
Expected: a string containing &quot;Response code: 404\tError response: {\&quot;name\&quot;:\&quot;INVALID_RESOURCE_ID\&quot;,\&quot;message\&quot;:\&quot;Requested resource ID was not found.\&quot;,\&quot;information_link\&quot;:\&quot;https://developer.paypal.com/docs/api/payments/#errors\&quot;,\&quot;debug_id\&quot;:\&quot;78d73d02030e4\&quot;}&quot;
  Actual: Response code: 404\tError response: {\&quot;name\&quot;:\&quot;INVALID_RESOURCE_ID\&quot;,\&quot;message\&quot;:\&quot;Requested resource ID was not found.\&quot;,\&quot;information_link\&quot;:\&quot;https://developer.paypal.com/docs/api/payments/#errors\&quot;,\&quot;debug_id\&quot;:\&quot;8653487b764aa\&quot;}

	at java.base/jdk.internal.reflect.DirectConstructorHandleAccessor.newInstance(DirectConstructorHandleAccessor.java:62)
	at java.base/java.lang.reflect.Constructor.newInstanceWithCaller(Constructor.java:502)
	at java.base/java.lang.reflect.Constructor.newInstance(Constructor.java:486)
	at org.codehaus.groovy.reflection.CachedConstructor.invoke(CachedConstructor.java:73)
	at org.codehaus.groovy.runtime.callsite.ConstructorSite$ConstructorSiteNoUnwrapNoCoerce.callConstructor(ConstructorSite.java:108)
	at org.codehaus.groovy.runtime.callsite.AbstractCallSite.callConstructor(AbstractCallSite.java:277)
	at io.restassured.internal.ResponseSpecificationImpl$HamcrestAssertionClosure.validate(ResponseSpecificationImpl.groovy:512)
	at io.restassured.internal.ResponseSpecificationImpl$HamcrestAssertionClosure$validate$1.call(Unknown Source)
	at io.restassured.internal.ResponseSpecificationImpl.validateResponseIfRequired(ResponseSpecificationImpl.groovy:696)
	at io.restassured.internal.ResponseSpecificationImpl.this$2$validateResponseIfRequired(ResponseSpecificationImpl.groovy)
	at java.base/jdk.internal.reflect.DirectMethodHandleAccessor.invoke(DirectMethodHandleAccessor.java:103)
	at java.base/java.lang.reflect.Method.invoke(Method.java:580)
	at org.codehaus.groovy.runtime.callsite.PlainObjectMetaMethodSite.doInvoke(PlainObjectMetaMethodSite.java:43)
	at org.codehaus.groovy.runtime.callsite.PogoMetaMethodSite$PogoCachedMethodSiteNoUnwrapNoCoerce.invoke(PogoMetaMethodSite.java:198)
	at org.codehaus.groovy.runtime.callsite.PogoMetaMethodSite.callCurrent(PogoMetaMethodSite.java:62)
	at org.codehaus.groovy.runtime.callsite.AbstractCallSite.callCurrent(AbstractCallSite.java:185)
	at io.restassured.internal.ResponseSpecificationImpl.body(ResponseSpecificationImpl.groovy:270)
	at io.restassured.specification.ResponseSpecification$body$2.callCurrent(Unknown Source)
	at org.codehaus.groovy.runtime.callsite.CallSiteArray.defaultCallCurrent(CallSiteArray.java:49)
	at io.restassured.specification.ResponseSpecification$body$2.callCurrent(Unknown Source)
	at io.restassured.internal.ResponseSpecificationImpl.body(ResponseSpecificationImpl.groovy:117)
	at io.restassured.internal.ValidatableResponseOptionsImpl.body(ValidatableResponseOptionsImpl.java:244)
	at EvoMaster_faults_Test.test_2_with500(EvoMaster_faults_Test.java:138)
	at java.base/jdk.internal.reflect.DirectMethodHandleAccessor.invoke(DirectMethodHandleAccessor.java:103)
	at java.base/java.lang.reflect.Method.invoke(Method.java:580)
	at org.junit.runners.model.FrameworkMethod$1.runReflectiveCall(FrameworkMethod.java:59)
	at org.junit.internal.runners.model.ReflectiveCallable.run(ReflectiveCallable.java:12)
	at org.junit.runners.model.FrameworkMethod.invokeExplosively(FrameworkMethod.java:56)
	at org.junit.internal.runners.statements.InvokeMethod.evaluate(InvokeMethod.java:17)
	at org.junit.internal.runners.statements.FailOnTimeout$CallableStatement.call(FailOnTimeout.java:299)
	at org.junit.internal.runners.statements.FailOnTimeout$CallableStatement.call(FailOnTimeout.java:293)
	at java.base/java.util.concurrent.FutureTask.run(FutureTask.java:317)
	at java.base/java.lang.Thread.run(Thread.java:1583)
</failure>
    <system-out>Request method:	GET
Request URI:	https://ig.aidtaas.com/mobius-payment-service/review_payment?paymentId=2vVEeQ&amp;token=OBMXDoQtuGN&amp;PayerID=crJmoGmO2kXO44lT
Proxy:			&lt;none&gt;
Request params:	&lt;none&gt;
Query params:	&lt;none&gt;
Form params:	&lt;none&gt;
Path params:	&lt;none&gt;
Headers:		Accept=application/json
				Authorization=Bearer  eyJhbGciOiJSUzI1NiIsInR5cCIgOiAiSldUIiwia2lkIiA6ICI3Ny1NUVdFRTNHZE5adGlsWU5IYmpsa2dVSkpaWUJWVmN1UmFZdHl5ejFjIn0.eyJleHAiOjE3NDAxNjc5MTgsImlhdCI6MTc0MDEzMTkxOCwianRpIjoiODk0YzY0NDQtNTQwNy00OTA5LWI1ZjMtNzg2NTY2Yjk1ZDViIiwiaXNzIjoiaHR0cDovL2tleWNsb2FrLXNlcnZpY2Uua2V5Y2xvYWsuc3ZjLmNsdXN0ZXIubG9jYWw6ODA4MC9yZWFsbXMvbWFzdGVyIiwiYXVkIjpbIkJPTFRaTUFOTl9CT1RfbW9iaXVzIiwiUEFTQ0FMX0lOVEVMTElHRU5DRV9tb2JpdXMiLCJNT05FVF9tb2JpdXMiLCJWSU5DSV9tb2JpdXMiLCJhY2NvdW50Il0sInN1YiI6IjJjZjc2ZTVmLTI2YWQtNGYyYy1iY2NjLWY0YmMxZTdiZmI2NCIsInR5cCI6IkJlYXJlciIsImF6cCI6IkhPTEFDUkFDWV9tb2JpdXMiLCJzaWQiOiJiZjFlOTg4MS0xNjVmLTRlZDMtOTliMC1lODlkMGQzYTViOWEiLCJhY3IiOiIxIiwiYWxsb3dlZC1vcmlnaW5zIjpbIi8qIl0sInJlYWxtX2FjY2VzcyI6eyJyb2xlcyI6WyJkZWZhdWx0LXJvbGVzLW1hc3RlciIsIkhDWV9URU5BTlRfQ1VTVE9NIiwib2ZmbGluZV9hY2Nlc3MiLCJCT0JfVEVOQU5UX0NVU1RPTSIsInVtYV9hdXRob3JpemF0aW9uIiwiUElfVEVOQU5UX0NVU1RPTSIsIk1PTkVUX1RFTkFOVF9DVVNUT00iXX0sInJlc291cmNlX2FjY2VzcyI6eyJCT0xUWk1BTk5fQk9UX21vYml1cyI6eyJyb2xlcyI6WyJURU5BTlRfV09SS0ZMT1dfU1VTUEVORF9QUk9DRVNTX0RFRklOSVRJT04iLCJURU5BTlRfV09SS0ZMT1dfU1VTUEVORF9JTlNUQU5DRSIsIlRFTkFOVF9XT1JLRkxPV19SRVRSSUVWRV9BTEwiLCJURU5BTlRfV09SS0ZMT1dfQUNUSVZBVEVfSU5TVEFOQ0UiLCJURU5BTlRfV09SS0ZMT1dfRVhFQ1VURSIsIlRFTkFOVF9XT1JLRkxPV19SRVRSSUVWRV9IT01FIiwiVEVOQU5UX1dPUktGTE9XX1JFVFJJRVZFX1NVU1BFTkRFRF9QUk9DRVNTX0RFRlMiLCJURU5BTlRfV09SS0ZMT1dfQUNUSVZBVEVfUlVOX0pPQiIsIlRFTkFOVF9XT1JLRkxPV19TVEFUVVMiLCJURU5BTlRfV09SS0ZMT1dfQ1JFQVRFIiwiVEVOQU5UX1dPUktGTE9XX0FDVElWSVRZX0RBVEFfQ09VTlQiLCJCT0xUWk1BTk5fQk9UX1VTRVIiLCJURU5BTlRfV09SS0ZMT1dfREVQTE9ZX1ZFUlNJT04iLCJURU5BTlRfV09SS0ZMT1dfSU1QT1JUIiwiVEVOQU5UX1dPUktGTE9XX1VQREFURSIsIlRFTkFOVF9XT1JLRkxPV19ERVBMT1kiLCJURU5BTlRfV09SS0ZMT1dfU1VTUEVORF9SVU5fSk9CIiwiVEVOQU5UX1dPUktGTE9XX1JFVFJJRVZFIiwiVEVOQU5UX1dPUktGTE9XX0RFTEVURSIsIlRFTkFOVF9XT1JLRkxPV19UUklHR0VSX01FU1NBR0VfTElTVEVORVIiXX0sIkhPTEFDUkFDWV9tb2JpdXMiOnsicm9sZXMiOlsiVEVOQU5UX1BST0RVQ1RfUkVUUklFVkVfTUFTVEVSX0NPTkZJRyIsIlRFTkFOVF9JTlZJVEFUSU9OX1JFU1BPTkQiLCJURU5BTlRfTkVHT1RJQVRJT05fQVBQUk9WQUxfQlVZRVIiLCJURU5BTlRfSU5WSVRBVElPTl9SRVRSSUVWRSIsIlRFTkFOVF9PUkdBTklaQVRJT05fQ1JFQVRFIiwiVEVOQU5UX0NSRUFURV9URU5BTlQiLCJURU5BTlRfU1VCX0FMTElBTkNFX1JFVFJJRVZFIiwiVEVOQU5UX1BMQVRGT1JNX0NSRUFURSIsIkhPTEFDUkFDWV9VU0VSIiwiVEVOQU5UX1JBVEVDQVJEX0NSRUFURSIsIlRFTkFOVF9QTEFURk9STV9SRVRSSUVWRSIsIlRFTkFOVF9SRVRSSUVWRV9CWV9CVVlFUl9QTEFURk9STSIsIlRFTkFOVF9TVUJfQUxMSUFOQ0VfUkVUUklFVkVfQUxMIiwiVEVOQU5UX1BST0RVQ1RfUkVUUklFVkUiLCJURU5BTlRfQUNDT1VOVF9ERUxFVEUiLCJURU5BTlRfQUxMSUFOQ0VfUkVUUklFVkUiLCJURU5BTlRfUExBVEZPUk1fVVBEQVRFIiwiVEVOQU5UX0lOVklUQVRJT05fQ1JFQVRFIiwiVEVOQU5UX1JBVEVDQVJEX1JFVFJJRVZFIiwiVEVOQU5UX09SR0FOSVpBVElPTl9VUERBVEUiLCJURU5BTlRfUkFURUNBUkRfVVBEQVRFIiwiVEVOQU5UX09SR0FOSVpBVElPTl9ERUxFVEUiLCJURU5BTlRfUExBVEZPUk1fREVMRVRFIiwiVEVOQU5UX1BST0RVQ1RfQ1JFQVRFIiwiVEVOQU5UX1NVQl9BTExJQU5DRV9DUkVBVEUiLCJURU5BTlRfUkFURUNBUkRfREVMRVRFIiwiVEVOQU5UX0FDQ09VTlRfQ1JFQVRFIiwiVEVOQU5UX0lOVklUQVRJT05fVVBEQVRFIiwiVEVOQU5UX1JFVFJJRVZFX1RFTkFOVCIsIlRFTkFOVF9JTlZJVEFUSU9OX0RFTEVURSIsIlRFTkFOVF9ORUdPVElBVElPTl9BUFBST1ZBTF9TVVBFUl9BRE1JTiIsIlRFTkFOVF9ORUdPVElBVElPTl9SRVRSSUVWRV9BTExfQkVUV0VFTl9CVVlFUl9TRUxMRVIiLCJURU5BTlRfUkVUUklFVkVfVEVOQU5UX0FMTCIsIlRFTkFOVF9ORUdPVElBVElPTl9DUkVBVEUiLCJURU5BTlRfVVBEQVRFX1RFTkFOVCIsIlRFTkFOVF9PUkdBTklaQVRJT05fUkVUUklFVkUiLCJURU5BTlRfQUNDT1VOVF9VUERBVEUiLCJURU5BTlRfUFJPRFVDVF9ERUxFVEUiLCJURU5BTlRfU1VCX0FMTElBTkNFX0RFTEVURSIsIlRFTkFOVF9ORUdPVElBVElPTl9BUFBST1ZBTF9TRUxMRVIiLCJURU5BTlRfU1VCX0FMTElBTkNFX1VQREFURSIsIlRFTkFOVF9QUk9EVUNUX1VQREFURSIsIlRFTkFOVF9BQ0NPVU5UX1JFVFJJRVZFIiwiVEVOQU5UX05FR09USUFUSU9OX1JFVFJJRVZFIiwiVEVOQU5UX0RFTEVURV9URU5BTlQiXX0sIlBBU0NBTF9JTlRFTExJR0VOQ0VfbW9iaXVzIjp7InJvbGVzIjpbIlRFTkFOVF9DT05URVhUX0RFTEVURSIsIlRFTkFOVF9DT05URVhUX1VQREFURSIsIlRFTkFOVF9CSUdRVUVSWV9SRVRSSUVWRSIsIlRFTkFOVF9CSUdRVUVSWV9VUERBVEUiLCJURU5BTlRfVU5JVkVSU0VfQ1JFQVRFIiwiVEVOQU5UX0NPSE9SVFNfUkVUUklFVkUiLCJURU5BTlRfQklHUVVFUllfQ1JFQVRFIiwiVEVOQU5UX0JJR1FVRVJZX0VWQUxVQVRFIiwiVEVOQU5UX0NPSE9SVFNfVVBEQVRFIiwiVEVOQU5UX0NPTlRFWFRfUkVUUklFVkUiLCJURU5BTlRfVU5JVkVSU0VfUkVUUklFVkUiLCJURU5BTlRfQ09IT1JUU19FVkFMVUFURSIsIlRFTkFOVF9CSUdRVUVSWV9ERUxFVEUiLCJURU5BTlRfU0NIRU1BX0NSRUFURSIsIlBBU0NBTF9JTlRFTExJR0VOQ0VfVVNFUiIsIlRFTkFOVF9DT0hPUlRTX0NSRUFURSIsIlRFTkFOVF9TQ0hFTUFfVVBEQVRFIiwiVEVOQU5UX0NPTlRFWFRfQVBQUk9WRSIsIlRFTkFOVF9VTklWRVJTRV9VUERBVEUiLCJURU5BTlRfQklHUVVFUllfQVBQUk9WRSIsIlRFTkFOVF9TQ0hFTUFfUkVUUklFVkUiLCJURU5BTlRfU0NIRU1BX0FQUFJPVkUiLCJURU5BTlRfQ09OVEVYVF9FVkFMVUFURSIsIlRFTkFOVF9TQ0hFTUFfREVMRVRFIiwiVEVOQU5UX0NPTlRFWFRfQ1JFQVRFIiwiVEVOQU5UX1NDSEVNQV9EQVRBX1JFVFJJRVZFIiwiVEVOQU5UX1NDSEVNQV9EQVRBX0RFTEVURSIsIlRFTkFOVF9TQ0hFTUFfREFUQV9VUERBVEUiLCJURU5BTlRfQ09IT1JUU19ERUxFVEUiLCJURU5BTlRfVU5JVkVSU0VfREVMRVRFIiwiVEVOQU5UX1NDSEVNQV9EQVRBX0lOR0VTVElPTiIsIlRFTkFOVF9DT0hPUlRTX0FQUFJPVkUiXX0sIk1PTkVUX21vYml1cyI6eyJyb2xlcyI6WyJURU5BTlRfQVBQTEVUU19SRVRSSUVWRV9BTExfUFVCTElTSEVEIiwiVEVOQU5UX1dJREdFVFNfUkVUUklFVkVfRFJBRlQiLCJURU5BTlRfV0lER0VUU19VUERBVEUiLCJURU5BTlRfQVBQTEVUU19ERUxFVEUiLCJURU5BTlRfV0lER0VUU19ERUxFVEUiLCJURU5BTlRfUExVR0lOX0NBVEVHT1JZX1JFVFJJRVZFX0FMTCIsIlRFTkFOVF9BUFBMRVRTX1VQREFURV9ISVNUT1JZIiwiVEVOQU5UX0VYUEVSSUVOQ0VTX0NSRUFURSIsIlRFTkFOVF9XSURHRVRTX1JFVFJJRVZFX1BVQkxJU0giLCJURU5BTlRfUExVR0lOX0NBVEVHT1JZX0NSRUFURSIsIlRFTkFOVF9ERVBFTkRFTkNZX1JFVFJJRVZFX0FMTCIsIlRFTkFOVF9XSURHRVRTX1BVQkxJU0giLCJURU5BTlRfUkVUUklFVkVfRklFTERTX09GX1BVQkxJU0hFRCIsIlRFTkFOVF9FWFBFUklFTkNFU19VUERBVEUiLCJURU5BTlRfQVBQTEVUU19DUkVBVEUiLCJURU5BTlRfUExVR0lOU19ERUxFVEUiLCJURU5BTlRfQVBQTEVUU19SRVRSSUVWRV9BTExfRFJBRlQiLCJURU5BTlRfUExVR0lOU19VUERBVEUiLCJURU5BTlRfQVBQTEVUU19SRVRSSUVWRV9GUk9NX0hJU1RPUlkiLCJURU5BTlRfUkVUUklFVkVfRklFTERTX09GX0RSQUZUIiwiVEVOQU5UX0FQUExFVFNfUkVUUklFVkVfUFVCTElTSEVEIiwiVEVOQU5UX0FQUExFVFNfUFVCTElTSEVEIiwiVEVOQU5UX1dJREdFVFNfUkVUUklFVkUiLCJURU5BTlRfUExVR0lOX0NBVEVHT1JZX0RFTEVURSIsIlRFTkFOVF9QTFVHSU5fQ0FURUdPUllfUFVCTElTSCIsIlRFTkFOVF9QTFVHSU5fQ0FURUdPUllfREVMRVRFX0NPTVBfRlJPTSIsIlRFTkFOVF9SRVRSSUVWRV9QVUJMSVNIRUQiLCJURU5BTlRfUExVR0lOU19SRVRSSUVWRSIsIlRFTkFOVF9QTFVHSU5TX0NSRUFURSIsIlRFTkFOVF9XSURHRVRTX0NSRUFURSIsIlRFTkFOVF9BUFBMRVRTX1JFVFJJRVZFX0FMTF9QVUJMSVNIRURfVEhVTUJOQUlMUyIsIk1PTkVUX1VTRVIiLCJURU5BTlRfRVhQRVJJRU5DRVNfREVMRVRFIiwiVEVOQU5UX0VYUEVSSUVOQ0VTX1BVQkxJU0giLCJURU5BTlRfUkVUUklFVkVfRlJPTV9ISVNUT1JZIiwiVEVOQU5UX1BMVUdJTl9DQVRFR09SWV9VUERBVEUiXX0sIlZJTkNJX21vYml1cyI6eyJyb2xlcyI6WyJWSU5DSV9VU0VSIl19LCJhY2NvdW50Ijp7InJvbGVzIjpbIm1hbmFnZS1hY2NvdW50IiwibWFuYWdlLWFjY291bnQtbGlua3MiLCJ2aWV3LXByb2ZpbGUiXX19LCJzY29wZSI6InByb2ZpbGUgZW1haWwiLCJyZXF1ZXN0ZXJUeXBlIjoiVEVOQU5UIiwiZW1haWxfdmVyaWZpZWQiOnRydWUsIm5hbWUiOiJBaWR0YWFzIEFpZHRhYXMiLCJ0ZW5hbnRJZCI6IjJjZjc2ZTVmLTI2YWQtNGYyYy1iY2NjLWY0YmMxZTdiZmI2NCIsInByZWZlcnJlZF91c2VybmFtZSI6InBhc3N3b3JkX3RlbmFudF9haWR0YWFzQGdhaWFuc29sdXRpb25zLmNvbSIsImdpdmVuX25hbWUiOiJBaWR0YWFzIiwiZmFtaWx5X25hbWUiOiJBaWR0YWFzIiwiZW1haWwiOiJwYXNzd29yZF90ZW5hbnRfYWlkdGFhc0BnYWlhbnNvbHV0aW9ucy5jb20ifQ.T965S5M8iU-BIunBn_jJjAbRqDCJxtsotfvSz1NEWKs_fffC6UjixtLIMq64SxTzOW6QXQb8ijIMA4cIh1bHJtDISZrZrRCTR9Orto0g3t5cGRW0DrfC_JtJJPk9Yn01NmVCH9mLpS4luz4nV-PdRRPbg0T6j1YWs_MKEeE4Nq_i9Vb-4VaG8x0kcK6PqojfMlGjDU2RCH_aY8qTi4d6iyoyzHQ8mRYIUID9S51KN4pjAMxlKH5N7U05JTRpyqqIcAztYjiZfi5r1OSN2rF4bnGK8jpThTrBlHCCIHx25k3MUuq6EiBVhFvwo5nA7efrHgwBIwZJb6SCKafk_qMtTA
Cookies:		&lt;none&gt;
Multiparts:		&lt;none&gt;
Body:			&lt;none&gt;

HTTP/1.1 500 Internal Server Error
content-type: application/json
date: Fri, 21 Feb 2025 10:46:40 GMT
x-envoy-upstream-service-time: 1573
server: istio-envoy
transfer-encoding: chunked

{
    &quot;timestamp&quot;: 1740134800871,
    &quot;origin&quot;: &quot;mobius-payment-service&quot;,
    &quot;errorCode&quot;: 5001,
    &quot;errorMessage&quot;: &quot;Response code: 404\tError response: {\&quot;name\&quot;:\&quot;INVALID_RESOURCE_ID\&quot;,\&quot;message\&quot;:\&quot;Requested resource ID was not found.\&quot;,\&quot;information_link\&quot;:\&quot;https://developer.paypal.com/docs/api/payments/#errors\&quot;,\&quot;debug_id\&quot;:\&quot;8653487b764aa\&quot;}&quot;,
    &quot;cause&quot;: {
        &quot;message&quot;: &quot;Response code: 404\tError response: {\&quot;name\&quot;:\&quot;INVALID_RESOURCE_ID\&quot;,\&quot;message\&quot;:\&quot;Requested resource ID was not found.\&quot;,\&quot;information_link\&quot;:\&quot;https://developer.paypal.com/docs/api/payments/#errors\&quot;,\&quot;debug_id\&quot;:\&quot;8653487b764aa\&quot;}&quot;,
        &quot;timestamp&quot;: 0
    },
    &quot;docUrl&quot;: &quot;https://mobiusdtaas.atlassian.net/wiki/spaces/EN/pages/2360868868/Mobius+Documentation+for+Common+Issues&quot;,
    &quot;httpStatusCode&quot;: &quot;INTERNAL_SERVER_ERROR&quot;
}
</system-out>
  </testcase>
  <testcase classname="EvoMaster_faults_Test" name="test_1_with500" time="1.538">
    <failure message="1 expectation failed.
JSON path &apos;errorMessage&apos; doesn&apos;t match.
Expected: a string containing &quot;Response code: 400\tError response: {\&quot;name\&quot;:\&quot;VALIDATION_ERROR\&quot;,\&quot;message\&quot;:\&quot;Invalid request - see details\&quot;,\&quot;debug_id\&quot;:\&quot;b79066801c8e0\&quot;,\&quot;information_link\&quot;:\&quot;https://developer.paypal.com/docs/api/payments/#errors\&quot;,\&quot;details\&quot;:[{\&quot;field\&quot;:\&quot;/amount\&quot;,\&quot;location\&quot;:\&quot;body\&quot;,\&quot;issue\&quot;:\&quot;Cannot construct instance of `com.paypal.platform.payments.model.rest.common.Amount`, problem: INVALID_CURRENCY_AMOUNT_FORMAT\&quot;}]}&quot;
  Actual: Response code: 400\tError response: {\&quot;name\&quot;:\&quot;VALIDATION_ERROR\&quot;,\&quot;message\&quot;:\&quot;Invalid request - see details\&quot;,\&quot;debug_id\&quot;:\&quot;2e319b3b4b627\&quot;,\&quot;information_link\&quot;:\&quot;https://developer.paypal.com/docs/api/payments/#errors\&quot;,\&quot;details\&quot;:[{\&quot;field\&quot;:\&quot;/amount\&quot;,\&quot;location\&quot;:\&quot;body\&quot;,\&quot;issue\&quot;:\&quot;Cannot construct instance of `com.paypal.platform.payments.model.rest.common.Amount`, problem: INVALID_CURRENCY_AMOUNT_FORMAT\&quot;}]}
" type="java.lang.AssertionError">java.lang.AssertionError: 1 expectation failed.
JSON path &apos;errorMessage&apos; doesn&apos;t match.
Expected: a string containing &quot;Response code: 400\tError response: {\&quot;name\&quot;:\&quot;VALIDATION_ERROR\&quot;,\&quot;message\&quot;:\&quot;Invalid request - see details\&quot;,\&quot;debug_id\&quot;:\&quot;b79066801c8e0\&quot;,\&quot;information_link\&quot;:\&quot;https://developer.paypal.com/docs/api/payments/#errors\&quot;,\&quot;details\&quot;:[{\&quot;field\&quot;:\&quot;/amount\&quot;,\&quot;location\&quot;:\&quot;body\&quot;,\&quot;issue\&quot;:\&quot;Cannot construct instance of `com.paypal.platform.payments.model.rest.common.Amount`, problem: INVALID_CURRENCY_AMOUNT_FORMAT\&quot;}]}&quot;
  Actual: Response code: 400\tError response: {\&quot;name\&quot;:\&quot;VALIDATION_ERROR\&quot;,\&quot;message\&quot;:\&quot;Invalid request - see details\&quot;,\&quot;debug_id\&quot;:\&quot;2e319b3b4b627\&quot;,\&quot;information_link\&quot;:\&quot;https://developer.paypal.com/docs/api/payments/#errors\&quot;,\&quot;details\&quot;:[{\&quot;field\&quot;:\&quot;/amount\&quot;,\&quot;location\&quot;:\&quot;body\&quot;,\&quot;issue\&quot;:\&quot;Cannot construct instance of `com.paypal.platform.payments.model.rest.common.Amount`, problem: INVALID_CURRENCY_AMOUNT_FORMAT\&quot;}]}

	at java.base/jdk.internal.reflect.DirectConstructorHandleAccessor.newInstance(DirectConstructorHandleAccessor.java:62)
	at java.base/java.lang.reflect.Constructor.newInstanceWithCaller(Constructor.java:502)
	at java.base/java.lang.reflect.Constructor.newInstance(Constructor.java:486)
	at org.codehaus.groovy.reflection.CachedConstructor.invoke(CachedConstructor.java:73)
	at org.codehaus.groovy.runtime.callsite.ConstructorSite$ConstructorSiteNoUnwrapNoCoerce.callConstructor(ConstructorSite.java:108)
	at org.codehaus.groovy.runtime.callsite.AbstractCallSite.callConstructor(AbstractCallSite.java:277)
	at io.restassured.internal.ResponseSpecificationImpl$HamcrestAssertionClosure.validate(ResponseSpecificationImpl.groovy:512)
	at io.restassured.internal.ResponseSpecificationImpl$HamcrestAssertionClosure$validate$1.call(Unknown Source)
	at io.restassured.internal.ResponseSpecificationImpl.validateResponseIfRequired(ResponseSpecificationImpl.groovy:696)
	at io.restassured.internal.ResponseSpecificationImpl.this$2$validateResponseIfRequired(ResponseSpecificationImpl.groovy)
	at java.base/jdk.internal.reflect.DirectMethodHandleAccessor.invoke(DirectMethodHandleAccessor.java:103)
	at java.base/java.lang.reflect.Method.invoke(Method.java:580)
	at org.codehaus.groovy.runtime.callsite.PlainObjectMetaMethodSite.doInvoke(PlainObjectMetaMethodSite.java:43)
	at org.codehaus.groovy.runtime.callsite.PogoMetaMethodSite$PogoCachedMethodSiteNoUnwrapNoCoerce.invoke(PogoMetaMethodSite.java:198)
	at org.codehaus.groovy.runtime.callsite.PogoMetaMethodSite.callCurrent(PogoMetaMethodSite.java:62)
	at org.codehaus.groovy.runtime.callsite.AbstractCallSite.callCurrent(AbstractCallSite.java:185)
	at io.restassured.internal.ResponseSpecificationImpl.body(ResponseSpecificationImpl.groovy:270)
	at io.restassured.specification.ResponseSpecification$body$2.callCurrent(Unknown Source)
	at org.codehaus.groovy.runtime.callsite.CallSiteArray.defaultCallCurrent(CallSiteArray.java:49)
	at io.restassured.specification.ResponseSpecification$body$2.callCurrent(Unknown Source)
	at io.restassured.internal.ResponseSpecificationImpl.body(ResponseSpecificationImpl.groovy:117)
	at io.restassured.internal.ValidatableResponseOptionsImpl.body(ValidatableResponseOptionsImpl.java:244)
	at EvoMaster_faults_Test.test_1_with500(EvoMaster_faults_Test.java:110)
	at java.base/jdk.internal.reflect.DirectMethodHandleAccessor.invoke(DirectMethodHandleAccessor.java:103)
	at java.base/java.lang.reflect.Method.invoke(Method.java:580)
	at org.junit.runners.model.FrameworkMethod$1.runReflectiveCall(FrameworkMethod.java:59)
	at org.junit.internal.runners.model.ReflectiveCallable.run(ReflectiveCallable.java:12)
	at org.junit.runners.model.FrameworkMethod.invokeExplosively(FrameworkMethod.java:56)
	at org.junit.internal.runners.statements.InvokeMethod.evaluate(InvokeMethod.java:17)
	at org.junit.internal.runners.statements.FailOnTimeout$CallableStatement.call(FailOnTimeout.java:299)
	at org.junit.internal.runners.statements.FailOnTimeout$CallableStatement.call(FailOnTimeout.java:293)
	at java.base/java.util.concurrent.FutureTask.run(FutureTask.java:317)
	at java.base/java.lang.Thread.run(Thread.java:1583)
</failure>
    <system-out>Request method:	POST
Request URI:	https://ig.aidtaas.com/mobius-payment-service/v1.0/paypal/capture_authorization
Proxy:			&lt;none&gt;
Request params:	&lt;none&gt;
Query params:	&lt;none&gt;
Form params:	&lt;none&gt;
Path params:	&lt;none&gt;
Headers:		Accept=application/json
				Authorization=Bearer  eyJhbGciOiJSUzI1NiIsInR5cCIgOiAiSldUIiwia2lkIiA6ICI3Ny1NUVdFRTNHZE5adGlsWU5IYmpsa2dVSkpaWUJWVmN1UmFZdHl5ejFjIn0.eyJleHAiOjE3NDAxNjc5MTgsImlhdCI6MTc0MDEzMTkxOCwianRpIjoiODk0YzY0NDQtNTQwNy00OTA5LWI1ZjMtNzg2NTY2Yjk1ZDViIiwiaXNzIjoiaHR0cDovL2tleWNsb2FrLXNlcnZpY2Uua2V5Y2xvYWsuc3ZjLmNsdXN0ZXIubG9jYWw6ODA4MC9yZWFsbXMvbWFzdGVyIiwiYXVkIjpbIkJPTFRaTUFOTl9CT1RfbW9iaXVzIiwiUEFTQ0FMX0lOVEVMTElHRU5DRV9tb2JpdXMiLCJNT05FVF9tb2JpdXMiLCJWSU5DSV9tb2JpdXMiLCJhY2NvdW50Il0sInN1YiI6IjJjZjc2ZTVmLTI2YWQtNGYyYy1iY2NjLWY0YmMxZTdiZmI2NCIsInR5cCI6IkJlYXJlciIsImF6cCI6IkhPTEFDUkFDWV9tb2JpdXMiLCJzaWQiOiJiZjFlOTg4MS0xNjVmLTRlZDMtOTliMC1lODlkMGQzYTViOWEiLCJhY3IiOiIxIiwiYWxsb3dlZC1vcmlnaW5zIjpbIi8qIl0sInJlYWxtX2FjY2VzcyI6eyJyb2xlcyI6WyJkZWZhdWx0LXJvbGVzLW1hc3RlciIsIkhDWV9URU5BTlRfQ1VTVE9NIiwib2ZmbGluZV9hY2Nlc3MiLCJCT0JfVEVOQU5UX0NVU1RPTSIsInVtYV9hdXRob3JpemF0aW9uIiwiUElfVEVOQU5UX0NVU1RPTSIsIk1PTkVUX1RFTkFOVF9DVVNUT00iXX0sInJlc291cmNlX2FjY2VzcyI6eyJCT0xUWk1BTk5fQk9UX21vYml1cyI6eyJyb2xlcyI6WyJURU5BTlRfV09SS0ZMT1dfU1VTUEVORF9QUk9DRVNTX0RFRklOSVRJT04iLCJURU5BTlRfV09SS0ZMT1dfU1VTUEVORF9JTlNUQU5DRSIsIlRFTkFOVF9XT1JLRkxPV19SRVRSSUVWRV9BTEwiLCJURU5BTlRfV09SS0ZMT1dfQUNUSVZBVEVfSU5TVEFOQ0UiLCJURU5BTlRfV09SS0ZMT1dfRVhFQ1VURSIsIlRFTkFOVF9XT1JLRkxPV19SRVRSSUVWRV9IT01FIiwiVEVOQU5UX1dPUktGTE9XX1JFVFJJRVZFX1NVU1BFTkRFRF9QUk9DRVNTX0RFRlMiLCJURU5BTlRfV09SS0ZMT1dfQUNUSVZBVEVfUlVOX0pPQiIsIlRFTkFOVF9XT1JLRkxPV19TVEFUVVMiLCJURU5BTlRfV09SS0ZMT1dfQ1JFQVRFIiwiVEVOQU5UX1dPUktGTE9XX0FDVElWSVRZX0RBVEFfQ09VTlQiLCJCT0xUWk1BTk5fQk9UX1VTRVIiLCJURU5BTlRfV09SS0ZMT1dfREVQTE9ZX1ZFUlNJT04iLCJURU5BTlRfV09SS0ZMT1dfSU1QT1JUIiwiVEVOQU5UX1dPUktGTE9XX1VQREFURSIsIlRFTkFOVF9XT1JLRkxPV19ERVBMT1kiLCJURU5BTlRfV09SS0ZMT1dfU1VTUEVORF9SVU5fSk9CIiwiVEVOQU5UX1dPUktGTE9XX1JFVFJJRVZFIiwiVEVOQU5UX1dPUktGTE9XX0RFTEVURSIsIlRFTkFOVF9XT1JLRkxPV19UUklHR0VSX01FU1NBR0VfTElTVEVORVIiXX0sIkhPTEFDUkFDWV9tb2JpdXMiOnsicm9sZXMiOlsiVEVOQU5UX1BST0RVQ1RfUkVUUklFVkVfTUFTVEVSX0NPTkZJRyIsIlRFTkFOVF9JTlZJVEFUSU9OX1JFU1BPTkQiLCJURU5BTlRfTkVHT1RJQVRJT05fQVBQUk9WQUxfQlVZRVIiLCJURU5BTlRfSU5WSVRBVElPTl9SRVRSSUVWRSIsIlRFTkFOVF9PUkdBTklaQVRJT05fQ1JFQVRFIiwiVEVOQU5UX0NSRUFURV9URU5BTlQiLCJURU5BTlRfU1VCX0FMTElBTkNFX1JFVFJJRVZFIiwiVEVOQU5UX1BMQVRGT1JNX0NSRUFURSIsIkhPTEFDUkFDWV9VU0VSIiwiVEVOQU5UX1JBVEVDQVJEX0NSRUFURSIsIlRFTkFOVF9QTEFURk9STV9SRVRSSUVWRSIsIlRFTkFOVF9SRVRSSUVWRV9CWV9CVVlFUl9QTEFURk9STSIsIlRFTkFOVF9TVUJfQUxMSUFOQ0VfUkVUUklFVkVfQUxMIiwiVEVOQU5UX1BST0RVQ1RfUkVUUklFVkUiLCJURU5BTlRfQUNDT1VOVF9ERUxFVEUiLCJURU5BTlRfQUxMSUFOQ0VfUkVUUklFVkUiLCJURU5BTlRfUExBVEZPUk1fVVBEQVRFIiwiVEVOQU5UX0lOVklUQVRJT05fQ1JFQVRFIiwiVEVOQU5UX1JBVEVDQVJEX1JFVFJJRVZFIiwiVEVOQU5UX09SR0FOSVpBVElPTl9VUERBVEUiLCJURU5BTlRfUkFURUNBUkRfVVBEQVRFIiwiVEVOQU5UX09SR0FOSVpBVElPTl9ERUxFVEUiLCJURU5BTlRfUExBVEZPUk1fREVMRVRFIiwiVEVOQU5UX1BST0RVQ1RfQ1JFQVRFIiwiVEVOQU5UX1NVQl9BTExJQU5DRV9DUkVBVEUiLCJURU5BTlRfUkFURUNBUkRfREVMRVRFIiwiVEVOQU5UX0FDQ09VTlRfQ1JFQVRFIiwiVEVOQU5UX0lOVklUQVRJT05fVVBEQVRFIiwiVEVOQU5UX1JFVFJJRVZFX1RFTkFOVCIsIlRFTkFOVF9JTlZJVEFUSU9OX0RFTEVURSIsIlRFTkFOVF9ORUdPVElBVElPTl9BUFBST1ZBTF9TVVBFUl9BRE1JTiIsIlRFTkFOVF9ORUdPVElBVElPTl9SRVRSSUVWRV9BTExfQkVUV0VFTl9CVVlFUl9TRUxMRVIiLCJURU5BTlRfUkVUUklFVkVfVEVOQU5UX0FMTCIsIlRFTkFOVF9ORUdPVElBVElPTl9DUkVBVEUiLCJURU5BTlRfVVBEQVRFX1RFTkFOVCIsIlRFTkFOVF9PUkdBTklaQVRJT05fUkVUUklFVkUiLCJURU5BTlRfQUNDT1VOVF9VUERBVEUiLCJURU5BTlRfUFJPRFVDVF9ERUxFVEUiLCJURU5BTlRfU1VCX0FMTElBTkNFX0RFTEVURSIsIlRFTkFOVF9ORUdPVElBVElPTl9BUFBST1ZBTF9TRUxMRVIiLCJURU5BTlRfU1VCX0FMTElBTkNFX1VQREFURSIsIlRFTkFOVF9QUk9EVUNUX1VQREFURSIsIlRFTkFOVF9BQ0NPVU5UX1JFVFJJRVZFIiwiVEVOQU5UX05FR09USUFUSU9OX1JFVFJJRVZFIiwiVEVOQU5UX0RFTEVURV9URU5BTlQiXX0sIlBBU0NBTF9JTlRFTExJR0VOQ0VfbW9iaXVzIjp7InJvbGVzIjpbIlRFTkFOVF9DT05URVhUX0RFTEVURSIsIlRFTkFOVF9DT05URVhUX1VQREFURSIsIlRFTkFOVF9CSUdRVUVSWV9SRVRSSUVWRSIsIlRFTkFOVF9CSUdRVUVSWV9VUERBVEUiLCJURU5BTlRfVU5JVkVSU0VfQ1JFQVRFIiwiVEVOQU5UX0NPSE9SVFNfUkVUUklFVkUiLCJURU5BTlRfQklHUVVFUllfQ1JFQVRFIiwiVEVOQU5UX0JJR1FVRVJZX0VWQUxVQVRFIiwiVEVOQU5UX0NPSE9SVFNfVVBEQVRFIiwiVEVOQU5UX0NPTlRFWFRfUkVUUklFVkUiLCJURU5BTlRfVU5JVkVSU0VfUkVUUklFVkUiLCJURU5BTlRfQ09IT1JUU19FVkFMVUFURSIsIlRFTkFOVF9CSUdRVUVSWV9ERUxFVEUiLCJURU5BTlRfU0NIRU1BX0NSRUFURSIsIlBBU0NBTF9JTlRFTExJR0VOQ0VfVVNFUiIsIlRFTkFOVF9DT0hPUlRTX0NSRUFURSIsIlRFTkFOVF9TQ0hFTUFfVVBEQVRFIiwiVEVOQU5UX0NPTlRFWFRfQVBQUk9WRSIsIlRFTkFOVF9VTklWRVJTRV9VUERBVEUiLCJURU5BTlRfQklHUVVFUllfQVBQUk9WRSIsIlRFTkFOVF9TQ0hFTUFfUkVUUklFVkUiLCJURU5BTlRfU0NIRU1BX0FQUFJPVkUiLCJURU5BTlRfQ09OVEVYVF9FVkFMVUFURSIsIlRFTkFOVF9TQ0hFTUFfREVMRVRFIiwiVEVOQU5UX0NPTlRFWFRfQ1JFQVRFIiwiVEVOQU5UX1NDSEVNQV9EQVRBX1JFVFJJRVZFIiwiVEVOQU5UX1NDSEVNQV9EQVRBX0RFTEVURSIsIlRFTkFOVF9TQ0hFTUFfREFUQV9VUERBVEUiLCJURU5BTlRfQ09IT1JUU19ERUxFVEUiLCJURU5BTlRfVU5JVkVSU0VfREVMRVRFIiwiVEVOQU5UX1NDSEVNQV9EQVRBX0lOR0VTVElPTiIsIlRFTkFOVF9DT0hPUlRTX0FQUFJPVkUiXX0sIk1PTkVUX21vYml1cyI6eyJyb2xlcyI6WyJURU5BTlRfQVBQTEVUU19SRVRSSUVWRV9BTExfUFVCTElTSEVEIiwiVEVOQU5UX1dJREdFVFNfUkVUUklFVkVfRFJBRlQiLCJURU5BTlRfV0lER0VUU19VUERBVEUiLCJURU5BTlRfQVBQTEVUU19ERUxFVEUiLCJURU5BTlRfV0lER0VUU19ERUxFVEUiLCJURU5BTlRfUExVR0lOX0NBVEVHT1JZX1JFVFJJRVZFX0FMTCIsIlRFTkFOVF9BUFBMRVRTX1VQREFURV9ISVNUT1JZIiwiVEVOQU5UX0VYUEVSSUVOQ0VTX0NSRUFURSIsIlRFTkFOVF9XSURHRVRTX1JFVFJJRVZFX1BVQkxJU0giLCJURU5BTlRfUExVR0lOX0NBVEVHT1JZX0NSRUFURSIsIlRFTkFOVF9ERVBFTkRFTkNZX1JFVFJJRVZFX0FMTCIsIlRFTkFOVF9XSURHRVRTX1BVQkxJU0giLCJURU5BTlRfUkVUUklFVkVfRklFTERTX09GX1BVQkxJU0hFRCIsIlRFTkFOVF9FWFBFUklFTkNFU19VUERBVEUiLCJURU5BTlRfQVBQTEVUU19DUkVBVEUiLCJURU5BTlRfUExVR0lOU19ERUxFVEUiLCJURU5BTlRfQVBQTEVUU19SRVRSSUVWRV9BTExfRFJBRlQiLCJURU5BTlRfUExVR0lOU19VUERBVEUiLCJURU5BTlRfQVBQTEVUU19SRVRSSUVWRV9GUk9NX0hJU1RPUlkiLCJURU5BTlRfUkVUUklFVkVfRklFTERTX09GX0RSQUZUIiwiVEVOQU5UX0FQUExFVFNfUkVUUklFVkVfUFVCTElTSEVEIiwiVEVOQU5UX0FQUExFVFNfUFVCTElTSEVEIiwiVEVOQU5UX1dJREdFVFNfUkVUUklFVkUiLCJURU5BTlRfUExVR0lOX0NBVEVHT1JZX0RFTEVURSIsIlRFTkFOVF9QTFVHSU5fQ0FURUdPUllfUFVCTElTSCIsIlRFTkFOVF9QTFVHSU5fQ0FURUdPUllfREVMRVRFX0NPTVBfRlJPTSIsIlRFTkFOVF9SRVRSSUVWRV9QVUJMSVNIRUQiLCJURU5BTlRfUExVR0lOU19SRVRSSUVWRSIsIlRFTkFOVF9QTFVHSU5TX0NSRUFURSIsIlRFTkFOVF9XSURHRVRTX0NSRUFURSIsIlRFTkFOVF9BUFBMRVRTX1JFVFJJRVZFX0FMTF9QVUJMSVNIRURfVEhVTUJOQUlMUyIsIk1PTkVUX1VTRVIiLCJURU5BTlRfRVhQRVJJRU5DRVNfREVMRVRFIiwiVEVOQU5UX0VYUEVSSUVOQ0VTX1BVQkxJU0giLCJURU5BTlRfUkVUUklFVkVfRlJPTV9ISVNUT1JZIiwiVEVOQU5UX1BMVUdJTl9DQVRFR09SWV9VUERBVEUiXX0sIlZJTkNJX21vYml1cyI6eyJyb2xlcyI6WyJWSU5DSV9VU0VSIl19LCJhY2NvdW50Ijp7InJvbGVzIjpbIm1hbmFnZS1hY2NvdW50IiwibWFuYWdlLWFjY291bnQtbGlua3MiLCJ2aWV3LXByb2ZpbGUiXX19LCJzY29wZSI6InByb2ZpbGUgZW1haWwiLCJyZXF1ZXN0ZXJUeXBlIjoiVEVOQU5UIiwiZW1haWxfdmVyaWZpZWQiOnRydWUsIm5hbWUiOiJBaWR0YWFzIEFpZHRhYXMiLCJ0ZW5hbnRJZCI6IjJjZjc2ZTVmLTI2YWQtNGYyYy1iY2NjLWY0YmMxZTdiZmI2NCIsInByZWZlcnJlZF91c2VybmFtZSI6InBhc3N3b3JkX3RlbmFudF9haWR0YWFzQGdhaWFuc29sdXRpb25zLmNvbSIsImdpdmVuX25hbWUiOiJBaWR0YWFzIiwiZmFtaWx5X25hbWUiOiJBaWR0YWFzIiwiZW1haWwiOiJwYXNzd29yZF90ZW5hbnRfYWlkdGFhc0BnYWlhbnNvbHV0aW9ucy5jb20ifQ.T965S5M8iU-BIunBn_jJjAbRqDCJxtsotfvSz1NEWKs_fffC6UjixtLIMq64SxTzOW6QXQb8ijIMA4cIh1bHJtDISZrZrRCTR9Orto0g3t5cGRW0DrfC_JtJJPk9Yn01NmVCH9mLpS4luz4nV-PdRRPbg0T6j1YWs_MKEeE4Nq_i9Vb-4VaG8x0kcK6PqojfMlGjDU2RCH_aY8qTi4d6iyoyzHQ8mRYIUID9S51KN4pjAMxlKH5N7U05JTRpyqqIcAztYjiZfi5r1OSN2rF4bnGK8jpThTrBlHCCIHx25k3MUuq6EiBVhFvwo5nA7efrHgwBIwZJb6SCKafk_qMtTA
				Content-Type=application/json
Cookies:		&lt;none&gt;
Multiparts:		&lt;none&gt;
Body:
{
    &quot;currency&quot;: &quot;7MyYqPVTVODTnrH&quot;,
    &quot;amount&quot;: 0.8648845086525934,
    &quot;executionId&quot;: &quot;5SdLlz0u1Pzx5UC&quot;
}

HTTP/1.1 500 Internal Server Error
content-type: application/json
date: Fri, 21 Feb 2025 10:46:42 GMT
x-envoy-upstream-service-time: 1420
server: istio-envoy
transfer-encoding: chunked

{
    &quot;timestamp&quot;: 1740134802463,
    &quot;origin&quot;: &quot;mobius-payment-service&quot;,
    &quot;errorCode&quot;: 5001,
    &quot;errorMessage&quot;: &quot;Response code: 400\tError response: {\&quot;name\&quot;:\&quot;VALIDATION_ERROR\&quot;,\&quot;message\&quot;:\&quot;Invalid request - see details\&quot;,\&quot;debug_id\&quot;:\&quot;2e319b3b4b627\&quot;,\&quot;information_link\&quot;:\&quot;https://developer.paypal.com/docs/api/payments/#errors\&quot;,\&quot;details\&quot;:[{\&quot;field\&quot;:\&quot;/amount\&quot;,\&quot;location\&quot;:\&quot;body\&quot;,\&quot;issue\&quot;:\&quot;Cannot construct instance of `com.paypal.platform.payments.model.rest.common.Amount`, problem: INVALID_CURRENCY_AMOUNT_FORMAT\&quot;}]}&quot;,
    &quot;cause&quot;: {
        &quot;message&quot;: &quot;Response code: 400\tError response: {\&quot;name\&quot;:\&quot;VALIDATION_ERROR\&quot;,\&quot;message\&quot;:\&quot;Invalid request - see details\&quot;,\&quot;debug_id\&quot;:\&quot;2e319b3b4b627\&quot;,\&quot;information_link\&quot;:\&quot;https://developer.paypal.com/docs/api/payments/#errors\&quot;,\&quot;details\&quot;:[{\&quot;field\&quot;:\&quot;/amount\&quot;,\&quot;location\&quot;:\&quot;body\&quot;,\&quot;issue\&quot;:\&quot;Cannot construct instance of `com.paypal.platform.payments.model.rest.common.Amount`, problem: INVALID_CURRENCY_AMOUNT_FORMAT\&quot;}]}&quot;,
        &quot;timestamp&quot;: 0
    },
    &quot;docUrl&quot;: &quot;https://mobiusdtaas.atlassian.net/wiki/spaces/EN/pages/2360868868/Mobius+Documentation+for+Common+Issues&quot;,
    &quot;httpStatusCode&quot;: &quot;INTERNAL_SERVER_ERROR&quot;
}
</system-out>
  </testcase>
</testsuite>